[2025-07-30T17:01:10.019+0000] {processor.py:186} INFO - Started process (PID=227) to work on /home/airflow/.local/lib/python3.12/site-packages/airflow/example_dags/example_bash_decorator.py
[2025-07-30T17:01:10.023+0000] {processor.py:914} INFO - Processing file /home/airflow/.local/lib/python3.12/site-packages/airflow/example_dags/example_bash_decorator.py for tasks to queue
[2025-07-30T17:01:10.031+0000] {logging_mixin.py:190} INFO - [2025-07-30T17:01:10.030+0000] {dagbag.py:588} INFO - Filling up the DagBag from /home/airflow/.local/lib/python3.12/site-packages/airflow/example_dags/example_bash_decorator.py
[2025-07-30T17:01:10.083+0000] {processor.py:925} INFO - DAG(s) 'example_bash_decorator' retrieved from /home/airflow/.local/lib/python3.12/site-packages/airflow/example_dags/example_bash_decorator.py
[2025-07-30T17:01:10.351+0000] {logging_mixin.py:190} INFO - [2025-07-30T17:01:10.350+0000] {override.py:1911} INFO - Created Permission View: can read on DAG:example_bash_decorator
[2025-07-30T17:01:10.378+0000] {logging_mixin.py:190} INFO - [2025-07-30T17:01:10.378+0000] {override.py:1911} INFO - Created Permission View: can delete on DAG:example_bash_decorator
[2025-07-30T17:01:10.395+0000] {logging_mixin.py:190} INFO - [2025-07-30T17:01:10.394+0000] {override.py:1911} INFO - Created Permission View: can edit on DAG:example_bash_decorator
[2025-07-30T17:01:10.409+0000] {logging_mixin.py:190} INFO - [2025-07-30T17:01:10.409+0000] {override.py:1911} INFO - Created Permission View: can read on DAG Run:example_bash_decorator
[2025-07-30T17:01:10.424+0000] {logging_mixin.py:190} INFO - [2025-07-30T17:01:10.423+0000] {override.py:1911} INFO - Created Permission View: menu access on DAG Run:example_bash_decorator
[2025-07-30T17:01:10.429+0000] {logging_mixin.py:190} INFO - [2025-07-30T17:01:10.429+0000] {override.py:1911} INFO - Created Permission View: can delete on DAG Run:example_bash_decorator
[2025-07-30T17:01:10.435+0000] {logging_mixin.py:190} INFO - [2025-07-30T17:01:10.435+0000] {override.py:1911} INFO - Created Permission View: can create on DAG Run:example_bash_decorator
[2025-07-30T17:01:10.436+0000] {logging_mixin.py:190} INFO - [2025-07-30T17:01:10.436+0000] {dag.py:3239} INFO - Sync 1 DAGs
[2025-07-30T17:01:10.450+0000] {logging_mixin.py:190} INFO - [2025-07-30T17:01:10.450+0000] {dag.py:3262} INFO - Creating ORM DAG for example_bash_decorator
[2025-07-30T17:01:10.452+0000] {logging_mixin.py:190} INFO - [2025-07-30T17:01:10.452+0000] {dag.py:4180} INFO - Setting next_dagrun for example_bash_decorator to None, run_after=None
[2025-07-30T17:01:10.486+0000] {processor.py:208} INFO - Processing /home/airflow/.local/lib/python3.12/site-packages/airflow/example_dags/example_bash_decorator.py took 0.489 seconds
[2025-07-30T17:01:41.014+0000] {processor.py:186} INFO - Started process (PID=532) to work on /home/airflow/.local/lib/python3.12/site-packages/airflow/example_dags/example_bash_decorator.py
[2025-07-30T17:01:41.015+0000] {processor.py:914} INFO - Processing file /home/airflow/.local/lib/python3.12/site-packages/airflow/example_dags/example_bash_decorator.py for tasks to queue
[2025-07-30T17:01:41.018+0000] {logging_mixin.py:190} INFO - [2025-07-30T17:01:41.018+0000] {dagbag.py:588} INFO - Filling up the DagBag from /home/airflow/.local/lib/python3.12/site-packages/airflow/example_dags/example_bash_decorator.py
[2025-07-30T17:01:41.043+0000] {processor.py:925} INFO - DAG(s) 'example_bash_decorator' retrieved from /home/airflow/.local/lib/python3.12/site-packages/airflow/example_dags/example_bash_decorator.py
[2025-07-30T17:01:41.105+0000] {logging_mixin.py:190} INFO - [2025-07-30T17:01:41.104+0000] {dag.py:3239} INFO - Sync 1 DAGs
[2025-07-30T17:01:41.141+0000] {logging_mixin.py:190} INFO - [2025-07-30T17:01:41.141+0000] {dag.py:4180} INFO - Setting next_dagrun for example_bash_decorator to None, run_after=None
[2025-07-30T17:01:41.183+0000] {processor.py:208} INFO - Processing /home/airflow/.local/lib/python3.12/site-packages/airflow/example_dags/example_bash_decorator.py took 0.178 seconds
[2025-07-30T17:02:11.846+0000] {processor.py:186} INFO - Started process (PID=837) to work on /home/airflow/.local/lib/python3.12/site-packages/airflow/example_dags/example_bash_decorator.py
[2025-07-30T17:02:11.847+0000] {processor.py:914} INFO - Processing file /home/airflow/.local/lib/python3.12/site-packages/airflow/example_dags/example_bash_decorator.py for tasks to queue
[2025-07-30T17:02:11.849+0000] {logging_mixin.py:190} INFO - [2025-07-30T17:02:11.849+0000] {dagbag.py:588} INFO - Filling up the DagBag from /home/airflow/.local/lib/python3.12/site-packages/airflow/example_dags/example_bash_decorator.py
[2025-07-30T17:02:11.865+0000] {processor.py:925} INFO - DAG(s) 'example_bash_decorator' retrieved from /home/airflow/.local/lib/python3.12/site-packages/airflow/example_dags/example_bash_decorator.py
[2025-07-30T17:02:11.891+0000] {logging_mixin.py:190} INFO - [2025-07-30T17:02:11.891+0000] {dag.py:3239} INFO - Sync 1 DAGs
[2025-07-30T17:02:11.907+0000] {logging_mixin.py:190} INFO - [2025-07-30T17:02:11.907+0000] {dag.py:4180} INFO - Setting next_dagrun for example_bash_decorator to None, run_after=None
[2025-07-30T17:02:11.924+0000] {processor.py:208} INFO - Processing /home/airflow/.local/lib/python3.12/site-packages/airflow/example_dags/example_bash_decorator.py took 0.084 seconds
[2025-07-30T17:02:42.598+0000] {processor.py:186} INFO - Started process (PID=1143) to work on /home/airflow/.local/lib/python3.12/site-packages/airflow/example_dags/example_bash_decorator.py
[2025-07-30T17:02:42.599+0000] {processor.py:914} INFO - Processing file /home/airflow/.local/lib/python3.12/site-packages/airflow/example_dags/example_bash_decorator.py for tasks to queue
[2025-07-30T17:02:42.601+0000] {logging_mixin.py:190} INFO - [2025-07-30T17:02:42.601+0000] {dagbag.py:588} INFO - Filling up the DagBag from /home/airflow/.local/lib/python3.12/site-packages/airflow/example_dags/example_bash_decorator.py
[2025-07-30T17:02:42.617+0000] {processor.py:925} INFO - DAG(s) 'example_bash_decorator' retrieved from /home/airflow/.local/lib/python3.12/site-packages/airflow/example_dags/example_bash_decorator.py
[2025-07-30T17:02:42.643+0000] {logging_mixin.py:190} INFO - [2025-07-30T17:02:42.643+0000] {dag.py:3239} INFO - Sync 1 DAGs
[2025-07-30T17:02:42.660+0000] {logging_mixin.py:190} INFO - [2025-07-30T17:02:42.660+0000] {dag.py:4180} INFO - Setting next_dagrun for example_bash_decorator to None, run_after=None
[2025-07-30T17:02:42.677+0000] {processor.py:208} INFO - Processing /home/airflow/.local/lib/python3.12/site-packages/airflow/example_dags/example_bash_decorator.py took 0.085 seconds
[2025-07-30T17:03:13.086+0000] {processor.py:186} INFO - Started process (PID=1449) to work on /home/airflow/.local/lib/python3.12/site-packages/airflow/example_dags/example_bash_decorator.py
[2025-07-30T17:03:13.087+0000] {processor.py:914} INFO - Processing file /home/airflow/.local/lib/python3.12/site-packages/airflow/example_dags/example_bash_decorator.py for tasks to queue
[2025-07-30T17:03:13.089+0000] {logging_mixin.py:190} INFO - [2025-07-30T17:03:13.089+0000] {dagbag.py:588} INFO - Filling up the DagBag from /home/airflow/.local/lib/python3.12/site-packages/airflow/example_dags/example_bash_decorator.py
[2025-07-30T17:03:13.104+0000] {processor.py:925} INFO - DAG(s) 'example_bash_decorator' retrieved from /home/airflow/.local/lib/python3.12/site-packages/airflow/example_dags/example_bash_decorator.py
[2025-07-30T17:03:13.129+0000] {logging_mixin.py:190} INFO - [2025-07-30T17:03:13.129+0000] {dag.py:3239} INFO - Sync 1 DAGs
[2025-07-30T17:03:13.146+0000] {logging_mixin.py:190} INFO - [2025-07-30T17:03:13.146+0000] {dag.py:4180} INFO - Setting next_dagrun for example_bash_decorator to None, run_after=None
[2025-07-30T17:03:13.163+0000] {processor.py:208} INFO - Processing /home/airflow/.local/lib/python3.12/site-packages/airflow/example_dags/example_bash_decorator.py took 0.083 seconds
[2025-07-30T17:03:43.214+0000] {processor.py:186} INFO - Started process (PID=1755) to work on /home/airflow/.local/lib/python3.12/site-packages/airflow/example_dags/example_bash_decorator.py
[2025-07-30T17:03:43.215+0000] {processor.py:914} INFO - Processing file /home/airflow/.local/lib/python3.12/site-packages/airflow/example_dags/example_bash_decorator.py for tasks to queue
[2025-07-30T17:03:43.217+0000] {logging_mixin.py:190} INFO - [2025-07-30T17:03:43.217+0000] {dagbag.py:588} INFO - Filling up the DagBag from /home/airflow/.local/lib/python3.12/site-packages/airflow/example_dags/example_bash_decorator.py
[2025-07-30T17:03:43.234+0000] {processor.py:925} INFO - DAG(s) 'example_bash_decorator' retrieved from /home/airflow/.local/lib/python3.12/site-packages/airflow/example_dags/example_bash_decorator.py
[2025-07-30T17:03:43.261+0000] {logging_mixin.py:190} INFO - [2025-07-30T17:03:43.261+0000] {dag.py:3239} INFO - Sync 1 DAGs
[2025-07-30T17:03:43.278+0000] {logging_mixin.py:190} INFO - [2025-07-30T17:03:43.278+0000] {dag.py:4180} INFO - Setting next_dagrun for example_bash_decorator to None, run_after=None
[2025-07-30T17:03:43.293+0000] {processor.py:208} INFO - Processing /home/airflow/.local/lib/python3.12/site-packages/airflow/example_dags/example_bash_decorator.py took 0.086 seconds
[2025-07-30T17:04:13.455+0000] {processor.py:186} INFO - Started process (PID=2061) to work on /home/airflow/.local/lib/python3.12/site-packages/airflow/example_dags/example_bash_decorator.py
[2025-07-30T17:04:13.456+0000] {processor.py:914} INFO - Processing file /home/airflow/.local/lib/python3.12/site-packages/airflow/example_dags/example_bash_decorator.py for tasks to queue
[2025-07-30T17:04:13.464+0000] {logging_mixin.py:190} INFO - [2025-07-30T17:04:13.464+0000] {dagbag.py:588} INFO - Filling up the DagBag from /home/airflow/.local/lib/python3.12/site-packages/airflow/example_dags/example_bash_decorator.py
[2025-07-30T17:04:13.481+0000] {processor.py:925} INFO - DAG(s) 'example_bash_decorator' retrieved from /home/airflow/.local/lib/python3.12/site-packages/airflow/example_dags/example_bash_decorator.py
[2025-07-30T17:04:13.506+0000] {logging_mixin.py:190} INFO - [2025-07-30T17:04:13.506+0000] {dag.py:3239} INFO - Sync 1 DAGs
[2025-07-30T17:04:13.523+0000] {logging_mixin.py:190} INFO - [2025-07-30T17:04:13.523+0000] {dag.py:4180} INFO - Setting next_dagrun for example_bash_decorator to None, run_after=None
[2025-07-30T17:04:13.540+0000] {processor.py:208} INFO - Processing /home/airflow/.local/lib/python3.12/site-packages/airflow/example_dags/example_bash_decorator.py took 0.092 seconds
[2025-07-30T17:04:44.056+0000] {processor.py:186} INFO - Started process (PID=2367) to work on /home/airflow/.local/lib/python3.12/site-packages/airflow/example_dags/example_bash_decorator.py
[2025-07-30T17:04:44.057+0000] {processor.py:914} INFO - Processing file /home/airflow/.local/lib/python3.12/site-packages/airflow/example_dags/example_bash_decorator.py for tasks to queue
[2025-07-30T17:04:44.060+0000] {logging_mixin.py:190} INFO - [2025-07-30T17:04:44.059+0000] {dagbag.py:588} INFO - Filling up the DagBag from /home/airflow/.local/lib/python3.12/site-packages/airflow/example_dags/example_bash_decorator.py
[2025-07-30T17:04:44.077+0000] {processor.py:925} INFO - DAG(s) 'example_bash_decorator' retrieved from /home/airflow/.local/lib/python3.12/site-packages/airflow/example_dags/example_bash_decorator.py
[2025-07-30T17:04:44.105+0000] {logging_mixin.py:190} INFO - [2025-07-30T17:04:44.104+0000] {dag.py:3239} INFO - Sync 1 DAGs
[2025-07-30T17:04:44.119+0000] {logging_mixin.py:190} INFO - [2025-07-30T17:04:44.119+0000] {dag.py:4180} INFO - Setting next_dagrun for example_bash_decorator to None, run_after=None
[2025-07-30T17:04:44.135+0000] {processor.py:208} INFO - Processing /home/airflow/.local/lib/python3.12/site-packages/airflow/example_dags/example_bash_decorator.py took 0.085 seconds
[2025-07-30T17:05:14.886+0000] {processor.py:186} INFO - Started process (PID=2673) to work on /home/airflow/.local/lib/python3.12/site-packages/airflow/example_dags/example_bash_decorator.py
[2025-07-30T17:05:14.887+0000] {processor.py:914} INFO - Processing file /home/airflow/.local/lib/python3.12/site-packages/airflow/example_dags/example_bash_decorator.py for tasks to queue
[2025-07-30T17:05:14.889+0000] {logging_mixin.py:190} INFO - [2025-07-30T17:05:14.889+0000] {dagbag.py:588} INFO - Filling up the DagBag from /home/airflow/.local/lib/python3.12/site-packages/airflow/example_dags/example_bash_decorator.py
[2025-07-30T17:05:14.906+0000] {processor.py:925} INFO - DAG(s) 'example_bash_decorator' retrieved from /home/airflow/.local/lib/python3.12/site-packages/airflow/example_dags/example_bash_decorator.py
[2025-07-30T17:05:14.934+0000] {logging_mixin.py:190} INFO - [2025-07-30T17:05:14.934+0000] {dag.py:3239} INFO - Sync 1 DAGs
[2025-07-30T17:05:14.949+0000] {logging_mixin.py:190} INFO - [2025-07-30T17:05:14.949+0000] {dag.py:4180} INFO - Setting next_dagrun for example_bash_decorator to None, run_after=None
[2025-07-30T17:05:14.965+0000] {processor.py:208} INFO - Processing /home/airflow/.local/lib/python3.12/site-packages/airflow/example_dags/example_bash_decorator.py took 0.086 seconds
[2025-07-30T17:05:45.305+0000] {processor.py:186} INFO - Started process (PID=2979) to work on /home/airflow/.local/lib/python3.12/site-packages/airflow/example_dags/example_bash_decorator.py
[2025-07-30T17:05:45.306+0000] {processor.py:914} INFO - Processing file /home/airflow/.local/lib/python3.12/site-packages/airflow/example_dags/example_bash_decorator.py for tasks to queue
[2025-07-30T17:05:45.308+0000] {logging_mixin.py:190} INFO - [2025-07-30T17:05:45.308+0000] {dagbag.py:588} INFO - Filling up the DagBag from /home/airflow/.local/lib/python3.12/site-packages/airflow/example_dags/example_bash_decorator.py
[2025-07-30T17:05:45.326+0000] {processor.py:925} INFO - DAG(s) 'example_bash_decorator' retrieved from /home/airflow/.local/lib/python3.12/site-packages/airflow/example_dags/example_bash_decorator.py
[2025-07-30T17:05:45.349+0000] {logging_mixin.py:190} INFO - [2025-07-30T17:05:45.349+0000] {dag.py:3239} INFO - Sync 1 DAGs
[2025-07-30T17:05:45.367+0000] {logging_mixin.py:190} INFO - [2025-07-30T17:05:45.366+0000] {dag.py:4180} INFO - Setting next_dagrun for example_bash_decorator to None, run_after=None
[2025-07-30T17:05:45.383+0000] {processor.py:208} INFO - Processing /home/airflow/.local/lib/python3.12/site-packages/airflow/example_dags/example_bash_decorator.py took 0.084 seconds
[2025-07-30T17:06:16.313+0000] {processor.py:186} INFO - Started process (PID=3285) to work on /home/airflow/.local/lib/python3.12/site-packages/airflow/example_dags/example_bash_decorator.py
[2025-07-30T17:06:16.314+0000] {processor.py:914} INFO - Processing file /home/airflow/.local/lib/python3.12/site-packages/airflow/example_dags/example_bash_decorator.py for tasks to queue
[2025-07-30T17:06:16.316+0000] {logging_mixin.py:190} INFO - [2025-07-30T17:06:16.316+0000] {dagbag.py:588} INFO - Filling up the DagBag from /home/airflow/.local/lib/python3.12/site-packages/airflow/example_dags/example_bash_decorator.py
[2025-07-30T17:06:16.335+0000] {processor.py:925} INFO - DAG(s) 'example_bash_decorator' retrieved from /home/airflow/.local/lib/python3.12/site-packages/airflow/example_dags/example_bash_decorator.py
[2025-07-30T17:06:16.362+0000] {logging_mixin.py:190} INFO - [2025-07-30T17:06:16.361+0000] {dag.py:3239} INFO - Sync 1 DAGs
[2025-07-30T17:06:16.381+0000] {logging_mixin.py:190} INFO - [2025-07-30T17:06:16.380+0000] {dag.py:4180} INFO - Setting next_dagrun for example_bash_decorator to None, run_after=None
[2025-07-30T17:06:16.401+0000] {processor.py:208} INFO - Processing /home/airflow/.local/lib/python3.12/site-packages/airflow/example_dags/example_bash_decorator.py took 0.094 seconds
[2025-07-30T17:06:47.360+0000] {processor.py:186} INFO - Started process (PID=3591) to work on /home/airflow/.local/lib/python3.12/site-packages/airflow/example_dags/example_bash_decorator.py
[2025-07-30T17:06:47.361+0000] {processor.py:914} INFO - Processing file /home/airflow/.local/lib/python3.12/site-packages/airflow/example_dags/example_bash_decorator.py for tasks to queue
[2025-07-30T17:06:47.364+0000] {logging_mixin.py:190} INFO - [2025-07-30T17:06:47.363+0000] {dagbag.py:588} INFO - Filling up the DagBag from /home/airflow/.local/lib/python3.12/site-packages/airflow/example_dags/example_bash_decorator.py
[2025-07-30T17:06:47.382+0000] {processor.py:925} INFO - DAG(s) 'example_bash_decorator' retrieved from /home/airflow/.local/lib/python3.12/site-packages/airflow/example_dags/example_bash_decorator.py
[2025-07-30T17:06:47.407+0000] {logging_mixin.py:190} INFO - [2025-07-30T17:06:47.407+0000] {dag.py:3239} INFO - Sync 1 DAGs
[2025-07-30T17:06:47.423+0000] {logging_mixin.py:190} INFO - [2025-07-30T17:06:47.422+0000] {dag.py:4180} INFO - Setting next_dagrun for example_bash_decorator to None, run_after=None
[2025-07-30T17:06:47.440+0000] {processor.py:208} INFO - Processing /home/airflow/.local/lib/python3.12/site-packages/airflow/example_dags/example_bash_decorator.py took 0.086 seconds
[2025-07-30T17:07:17.584+0000] {processor.py:186} INFO - Started process (PID=3897) to work on /home/airflow/.local/lib/python3.12/site-packages/airflow/example_dags/example_bash_decorator.py
[2025-07-30T17:07:17.585+0000] {processor.py:914} INFO - Processing file /home/airflow/.local/lib/python3.12/site-packages/airflow/example_dags/example_bash_decorator.py for tasks to queue
[2025-07-30T17:07:17.587+0000] {logging_mixin.py:190} INFO - [2025-07-30T17:07:17.587+0000] {dagbag.py:588} INFO - Filling up the DagBag from /home/airflow/.local/lib/python3.12/site-packages/airflow/example_dags/example_bash_decorator.py
[2025-07-30T17:07:17.604+0000] {processor.py:925} INFO - DAG(s) 'example_bash_decorator' retrieved from /home/airflow/.local/lib/python3.12/site-packages/airflow/example_dags/example_bash_decorator.py
[2025-07-30T17:07:17.631+0000] {logging_mixin.py:190} INFO - [2025-07-30T17:07:17.631+0000] {dag.py:3239} INFO - Sync 1 DAGs
[2025-07-30T17:07:17.646+0000] {logging_mixin.py:190} INFO - [2025-07-30T17:07:17.646+0000] {dag.py:4180} INFO - Setting next_dagrun for example_bash_decorator to None, run_after=None
[2025-07-30T17:07:17.662+0000] {processor.py:208} INFO - Processing /home/airflow/.local/lib/python3.12/site-packages/airflow/example_dags/example_bash_decorator.py took 0.084 seconds
[2025-07-30T17:07:48.149+0000] {processor.py:186} INFO - Started process (PID=4203) to work on /home/airflow/.local/lib/python3.12/site-packages/airflow/example_dags/example_bash_decorator.py
[2025-07-30T17:07:48.150+0000] {processor.py:914} INFO - Processing file /home/airflow/.local/lib/python3.12/site-packages/airflow/example_dags/example_bash_decorator.py for tasks to queue
[2025-07-30T17:07:48.153+0000] {logging_mixin.py:190} INFO - [2025-07-30T17:07:48.152+0000] {dagbag.py:588} INFO - Filling up the DagBag from /home/airflow/.local/lib/python3.12/site-packages/airflow/example_dags/example_bash_decorator.py
[2025-07-30T17:07:48.170+0000] {processor.py:925} INFO - DAG(s) 'example_bash_decorator' retrieved from /home/airflow/.local/lib/python3.12/site-packages/airflow/example_dags/example_bash_decorator.py
[2025-07-30T17:07:48.195+0000] {logging_mixin.py:190} INFO - [2025-07-30T17:07:48.195+0000] {dag.py:3239} INFO - Sync 1 DAGs
[2025-07-30T17:07:48.210+0000] {logging_mixin.py:190} INFO - [2025-07-30T17:07:48.210+0000] {dag.py:4180} INFO - Setting next_dagrun for example_bash_decorator to None, run_after=None
[2025-07-30T17:07:48.227+0000] {processor.py:208} INFO - Processing /home/airflow/.local/lib/python3.12/site-packages/airflow/example_dags/example_bash_decorator.py took 0.084 seconds
[2025-07-30T17:08:18.573+0000] {processor.py:186} INFO - Started process (PID=4509) to work on /home/airflow/.local/lib/python3.12/site-packages/airflow/example_dags/example_bash_decorator.py
[2025-07-30T17:08:18.574+0000] {processor.py:914} INFO - Processing file /home/airflow/.local/lib/python3.12/site-packages/airflow/example_dags/example_bash_decorator.py for tasks to queue
[2025-07-30T17:08:18.577+0000] {logging_mixin.py:190} INFO - [2025-07-30T17:08:18.576+0000] {dagbag.py:588} INFO - Filling up the DagBag from /home/airflow/.local/lib/python3.12/site-packages/airflow/example_dags/example_bash_decorator.py
[2025-07-30T17:08:18.594+0000] {processor.py:925} INFO - DAG(s) 'example_bash_decorator' retrieved from /home/airflow/.local/lib/python3.12/site-packages/airflow/example_dags/example_bash_decorator.py
[2025-07-30T17:08:18.619+0000] {logging_mixin.py:190} INFO - [2025-07-30T17:08:18.619+0000] {dag.py:3239} INFO - Sync 1 DAGs
[2025-07-30T17:08:18.634+0000] {logging_mixin.py:190} INFO - [2025-07-30T17:08:18.634+0000] {dag.py:4180} INFO - Setting next_dagrun for example_bash_decorator to None, run_after=None
[2025-07-30T17:08:18.651+0000] {processor.py:208} INFO - Processing /home/airflow/.local/lib/python3.12/site-packages/airflow/example_dags/example_bash_decorator.py took 0.084 seconds
[2025-07-30T17:08:48.803+0000] {processor.py:186} INFO - Started process (PID=4815) to work on /home/airflow/.local/lib/python3.12/site-packages/airflow/example_dags/example_bash_decorator.py
[2025-07-30T17:08:48.804+0000] {processor.py:914} INFO - Processing file /home/airflow/.local/lib/python3.12/site-packages/airflow/example_dags/example_bash_decorator.py for tasks to queue
[2025-07-30T17:08:48.806+0000] {logging_mixin.py:190} INFO - [2025-07-30T17:08:48.806+0000] {dagbag.py:588} INFO - Filling up the DagBag from /home/airflow/.local/lib/python3.12/site-packages/airflow/example_dags/example_bash_decorator.py
[2025-07-30T17:08:48.824+0000] {processor.py:925} INFO - DAG(s) 'example_bash_decorator' retrieved from /home/airflow/.local/lib/python3.12/site-packages/airflow/example_dags/example_bash_decorator.py
[2025-07-30T17:08:48.848+0000] {logging_mixin.py:190} INFO - [2025-07-30T17:08:48.847+0000] {dag.py:3239} INFO - Sync 1 DAGs
[2025-07-30T17:08:48.863+0000] {logging_mixin.py:190} INFO - [2025-07-30T17:08:48.862+0000] {dag.py:4180} INFO - Setting next_dagrun for example_bash_decorator to None, run_after=None
[2025-07-30T17:08:48.880+0000] {processor.py:208} INFO - Processing /home/airflow/.local/lib/python3.12/site-packages/airflow/example_dags/example_bash_decorator.py took 0.088 seconds
[2025-07-30T17:09:19.527+0000] {processor.py:186} INFO - Started process (PID=5121) to work on /home/airflow/.local/lib/python3.12/site-packages/airflow/example_dags/example_bash_decorator.py
[2025-07-30T17:09:19.528+0000] {processor.py:914} INFO - Processing file /home/airflow/.local/lib/python3.12/site-packages/airflow/example_dags/example_bash_decorator.py for tasks to queue
[2025-07-30T17:09:19.531+0000] {logging_mixin.py:190} INFO - [2025-07-30T17:09:19.531+0000] {dagbag.py:588} INFO - Filling up the DagBag from /home/airflow/.local/lib/python3.12/site-packages/airflow/example_dags/example_bash_decorator.py
[2025-07-30T17:09:19.552+0000] {processor.py:925} INFO - DAG(s) 'example_bash_decorator' retrieved from /home/airflow/.local/lib/python3.12/site-packages/airflow/example_dags/example_bash_decorator.py
[2025-07-30T17:09:19.579+0000] {logging_mixin.py:190} INFO - [2025-07-30T17:09:19.579+0000] {dag.py:3239} INFO - Sync 1 DAGs
[2025-07-30T17:09:19.593+0000] {logging_mixin.py:190} INFO - [2025-07-30T17:09:19.593+0000] {dag.py:4180} INFO - Setting next_dagrun for example_bash_decorator to None, run_after=None
[2025-07-30T17:09:19.610+0000] {processor.py:208} INFO - Processing /home/airflow/.local/lib/python3.12/site-packages/airflow/example_dags/example_bash_decorator.py took 0.089 seconds
[2025-07-30T17:09:49.773+0000] {processor.py:186} INFO - Started process (PID=5427) to work on /home/airflow/.local/lib/python3.12/site-packages/airflow/example_dags/example_bash_decorator.py
[2025-07-30T17:09:49.774+0000] {processor.py:914} INFO - Processing file /home/airflow/.local/lib/python3.12/site-packages/airflow/example_dags/example_bash_decorator.py for tasks to queue
[2025-07-30T17:09:49.776+0000] {logging_mixin.py:190} INFO - [2025-07-30T17:09:49.776+0000] {dagbag.py:588} INFO - Filling up the DagBag from /home/airflow/.local/lib/python3.12/site-packages/airflow/example_dags/example_bash_decorator.py
[2025-07-30T17:09:49.794+0000] {processor.py:925} INFO - DAG(s) 'example_bash_decorator' retrieved from /home/airflow/.local/lib/python3.12/site-packages/airflow/example_dags/example_bash_decorator.py
[2025-07-30T17:09:49.821+0000] {logging_mixin.py:190} INFO - [2025-07-30T17:09:49.821+0000] {dag.py:3239} INFO - Sync 1 DAGs
[2025-07-30T17:09:49.837+0000] {logging_mixin.py:190} INFO - [2025-07-30T17:09:49.837+0000] {dag.py:4180} INFO - Setting next_dagrun for example_bash_decorator to None, run_after=None
[2025-07-30T17:09:49.853+0000] {processor.py:208} INFO - Processing /home/airflow/.local/lib/python3.12/site-packages/airflow/example_dags/example_bash_decorator.py took 0.086 seconds
[2025-07-30T17:10:20.585+0000] {processor.py:186} INFO - Started process (PID=5733) to work on /home/airflow/.local/lib/python3.12/site-packages/airflow/example_dags/example_bash_decorator.py
[2025-07-30T17:10:20.586+0000] {processor.py:914} INFO - Processing file /home/airflow/.local/lib/python3.12/site-packages/airflow/example_dags/example_bash_decorator.py for tasks to queue
[2025-07-30T17:10:20.589+0000] {logging_mixin.py:190} INFO - [2025-07-30T17:10:20.589+0000] {dagbag.py:588} INFO - Filling up the DagBag from /home/airflow/.local/lib/python3.12/site-packages/airflow/example_dags/example_bash_decorator.py
[2025-07-30T17:10:20.607+0000] {processor.py:925} INFO - DAG(s) 'example_bash_decorator' retrieved from /home/airflow/.local/lib/python3.12/site-packages/airflow/example_dags/example_bash_decorator.py
[2025-07-30T17:10:20.630+0000] {logging_mixin.py:190} INFO - [2025-07-30T17:10:20.630+0000] {dag.py:3239} INFO - Sync 1 DAGs
[2025-07-30T17:10:20.646+0000] {logging_mixin.py:190} INFO - [2025-07-30T17:10:20.646+0000] {dag.py:4180} INFO - Setting next_dagrun for example_bash_decorator to None, run_after=None
[2025-07-30T17:10:20.681+0000] {processor.py:208} INFO - Processing /home/airflow/.local/lib/python3.12/site-packages/airflow/example_dags/example_bash_decorator.py took 0.102 seconds
[2025-07-30T17:10:51.362+0000] {processor.py:186} INFO - Started process (PID=6029) to work on /home/airflow/.local/lib/python3.12/site-packages/airflow/example_dags/example_bash_decorator.py
[2025-07-30T17:10:51.363+0000] {processor.py:914} INFO - Processing file /home/airflow/.local/lib/python3.12/site-packages/airflow/example_dags/example_bash_decorator.py for tasks to queue
[2025-07-30T17:10:51.365+0000] {logging_mixin.py:190} INFO - [2025-07-30T17:10:51.365+0000] {dagbag.py:588} INFO - Filling up the DagBag from /home/airflow/.local/lib/python3.12/site-packages/airflow/example_dags/example_bash_decorator.py
[2025-07-30T17:10:51.384+0000] {processor.py:925} INFO - DAG(s) 'example_bash_decorator' retrieved from /home/airflow/.local/lib/python3.12/site-packages/airflow/example_dags/example_bash_decorator.py
[2025-07-30T17:10:51.409+0000] {logging_mixin.py:190} INFO - [2025-07-30T17:10:51.409+0000] {dag.py:3239} INFO - Sync 1 DAGs
[2025-07-30T17:10:51.426+0000] {logging_mixin.py:190} INFO - [2025-07-30T17:10:51.426+0000] {dag.py:4180} INFO - Setting next_dagrun for example_bash_decorator to None, run_after=None
[2025-07-30T17:10:51.444+0000] {processor.py:208} INFO - Processing /home/airflow/.local/lib/python3.12/site-packages/airflow/example_dags/example_bash_decorator.py took 0.089 seconds
[2025-07-30T17:11:22.179+0000] {processor.py:186} INFO - Started process (PID=6335) to work on /home/airflow/.local/lib/python3.12/site-packages/airflow/example_dags/example_bash_decorator.py
[2025-07-30T17:11:22.180+0000] {processor.py:914} INFO - Processing file /home/airflow/.local/lib/python3.12/site-packages/airflow/example_dags/example_bash_decorator.py for tasks to queue
[2025-07-30T17:11:22.182+0000] {logging_mixin.py:190} INFO - [2025-07-30T17:11:22.181+0000] {dagbag.py:588} INFO - Filling up the DagBag from /home/airflow/.local/lib/python3.12/site-packages/airflow/example_dags/example_bash_decorator.py
[2025-07-30T17:11:22.199+0000] {processor.py:925} INFO - DAG(s) 'example_bash_decorator' retrieved from /home/airflow/.local/lib/python3.12/site-packages/airflow/example_dags/example_bash_decorator.py
[2025-07-30T17:11:22.228+0000] {logging_mixin.py:190} INFO - [2025-07-30T17:11:22.227+0000] {dag.py:3239} INFO - Sync 1 DAGs
[2025-07-30T17:11:22.247+0000] {logging_mixin.py:190} INFO - [2025-07-30T17:11:22.247+0000] {dag.py:4180} INFO - Setting next_dagrun for example_bash_decorator to None, run_after=None
[2025-07-30T17:11:22.265+0000] {processor.py:208} INFO - Processing /home/airflow/.local/lib/python3.12/site-packages/airflow/example_dags/example_bash_decorator.py took 0.093 seconds
[2025-07-30T17:11:53.321+0000] {processor.py:186} INFO - Started process (PID=6641) to work on /home/airflow/.local/lib/python3.12/site-packages/airflow/example_dags/example_bash_decorator.py
[2025-07-30T17:11:53.324+0000] {processor.py:914} INFO - Processing file /home/airflow/.local/lib/python3.12/site-packages/airflow/example_dags/example_bash_decorator.py for tasks to queue
[2025-07-30T17:11:53.328+0000] {logging_mixin.py:190} INFO - [2025-07-30T17:11:53.328+0000] {dagbag.py:588} INFO - Filling up the DagBag from /home/airflow/.local/lib/python3.12/site-packages/airflow/example_dags/example_bash_decorator.py
[2025-07-30T17:11:53.356+0000] {processor.py:925} INFO - DAG(s) 'example_bash_decorator' retrieved from /home/airflow/.local/lib/python3.12/site-packages/airflow/example_dags/example_bash_decorator.py
[2025-07-30T17:11:53.381+0000] {logging_mixin.py:190} INFO - [2025-07-30T17:11:53.381+0000] {dag.py:3239} INFO - Sync 1 DAGs
[2025-07-30T17:11:53.396+0000] {logging_mixin.py:190} INFO - [2025-07-30T17:11:53.396+0000] {dag.py:4180} INFO - Setting next_dagrun for example_bash_decorator to None, run_after=None
[2025-07-30T17:11:53.412+0000] {processor.py:208} INFO - Processing /home/airflow/.local/lib/python3.12/site-packages/airflow/example_dags/example_bash_decorator.py took 0.111 seconds
[2025-07-30T17:12:23.644+0000] {processor.py:186} INFO - Started process (PID=6947) to work on /home/airflow/.local/lib/python3.12/site-packages/airflow/example_dags/example_bash_decorator.py
[2025-07-30T17:12:23.645+0000] {processor.py:914} INFO - Processing file /home/airflow/.local/lib/python3.12/site-packages/airflow/example_dags/example_bash_decorator.py for tasks to queue
[2025-07-30T17:12:23.647+0000] {logging_mixin.py:190} INFO - [2025-07-30T17:12:23.647+0000] {dagbag.py:588} INFO - Filling up the DagBag from /home/airflow/.local/lib/python3.12/site-packages/airflow/example_dags/example_bash_decorator.py
[2025-07-30T17:12:23.665+0000] {processor.py:925} INFO - DAG(s) 'example_bash_decorator' retrieved from /home/airflow/.local/lib/python3.12/site-packages/airflow/example_dags/example_bash_decorator.py
[2025-07-30T17:12:23.690+0000] {logging_mixin.py:190} INFO - [2025-07-30T17:12:23.690+0000] {dag.py:3239} INFO - Sync 1 DAGs
[2025-07-30T17:12:23.705+0000] {logging_mixin.py:190} INFO - [2025-07-30T17:12:23.705+0000] {dag.py:4180} INFO - Setting next_dagrun for example_bash_decorator to None, run_after=None
[2025-07-30T17:12:23.721+0000] {processor.py:208} INFO - Processing /home/airflow/.local/lib/python3.12/site-packages/airflow/example_dags/example_bash_decorator.py took 0.083 seconds
[2025-07-30T17:12:54.130+0000] {processor.py:186} INFO - Started process (PID=7253) to work on /home/airflow/.local/lib/python3.12/site-packages/airflow/example_dags/example_bash_decorator.py
[2025-07-30T17:12:54.131+0000] {processor.py:914} INFO - Processing file /home/airflow/.local/lib/python3.12/site-packages/airflow/example_dags/example_bash_decorator.py for tasks to queue
[2025-07-30T17:12:54.133+0000] {logging_mixin.py:190} INFO - [2025-07-30T17:12:54.133+0000] {dagbag.py:588} INFO - Filling up the DagBag from /home/airflow/.local/lib/python3.12/site-packages/airflow/example_dags/example_bash_decorator.py
[2025-07-30T17:12:54.150+0000] {processor.py:925} INFO - DAG(s) 'example_bash_decorator' retrieved from /home/airflow/.local/lib/python3.12/site-packages/airflow/example_dags/example_bash_decorator.py
[2025-07-30T17:12:54.176+0000] {logging_mixin.py:190} INFO - [2025-07-30T17:12:54.176+0000] {dag.py:3239} INFO - Sync 1 DAGs
[2025-07-30T17:12:54.191+0000] {logging_mixin.py:190} INFO - [2025-07-30T17:12:54.191+0000] {dag.py:4180} INFO - Setting next_dagrun for example_bash_decorator to None, run_after=None
[2025-07-30T17:12:54.207+0000] {processor.py:208} INFO - Processing /home/airflow/.local/lib/python3.12/site-packages/airflow/example_dags/example_bash_decorator.py took 0.084 seconds
