[2025-07-30T17:01:18.933+0000] {processor.py:186} INFO - Started process (PID=327) to work on /home/airflow/.local/lib/python3.12/site-packages/airflow/example_dags/example_python_operator.py
[2025-07-30T17:01:18.934+0000] {processor.py:914} INFO - Processing file /home/airflow/.local/lib/python3.12/site-packages/airflow/example_dags/example_python_operator.py for tasks to queue
[2025-07-30T17:01:18.939+0000] {logging_mixin.py:190} INFO - [2025-07-30T17:01:18.939+0000] {dagbag.py:588} INFO - Filling up the DagBag from /home/airflow/.local/lib/python3.12/site-packages/airflow/example_dags/example_python_operator.py
[2025-07-30T17:01:18.959+0000] {processor.py:925} INFO - DAG(s) 'example_python_operator' retrieved from /home/airflow/.local/lib/python3.12/site-packages/airflow/example_dags/example_python_operator.py
[2025-07-30T17:01:19.205+0000] {logging_mixin.py:190} INFO - [2025-07-30T17:01:19.204+0000] {override.py:1911} INFO - Created Permission View: can read on DAG:example_python_operator
[2025-07-30T17:01:19.227+0000] {logging_mixin.py:190} INFO - [2025-07-30T17:01:19.227+0000] {override.py:1911} INFO - Created Permission View: can delete on DAG:example_python_operator
[2025-07-30T17:01:19.252+0000] {logging_mixin.py:190} INFO - [2025-07-30T17:01:19.252+0000] {override.py:1911} INFO - Created Permission View: can edit on DAG:example_python_operator
[2025-07-30T17:01:19.270+0000] {logging_mixin.py:190} INFO - [2025-07-30T17:01:19.270+0000] {override.py:1911} INFO - Created Permission View: can read on DAG Run:example_python_operator
[2025-07-30T17:01:19.282+0000] {logging_mixin.py:190} INFO - [2025-07-30T17:01:19.282+0000] {override.py:1911} INFO - Created Permission View: menu access on DAG Run:example_python_operator
[2025-07-30T17:01:19.310+0000] {logging_mixin.py:190} INFO - [2025-07-30T17:01:19.310+0000] {override.py:1911} INFO - Created Permission View: can delete on DAG Run:example_python_operator
[2025-07-30T17:01:19.336+0000] {logging_mixin.py:190} INFO - [2025-07-30T17:01:19.336+0000] {override.py:1911} INFO - Created Permission View: can create on DAG Run:example_python_operator
[2025-07-30T17:01:19.337+0000] {logging_mixin.py:190} INFO - [2025-07-30T17:01:19.336+0000] {dag.py:3239} INFO - Sync 1 DAGs
[2025-07-30T17:01:19.372+0000] {logging_mixin.py:190} INFO - [2025-07-30T17:01:19.372+0000] {dag.py:3262} INFO - Creating ORM DAG for example_python_operator
[2025-07-30T17:01:19.374+0000] {logging_mixin.py:190} INFO - [2025-07-30T17:01:19.374+0000] {dag.py:4180} INFO - Setting next_dagrun for example_python_operator to None, run_after=None
[2025-07-30T17:01:19.407+0000] {processor.py:208} INFO - Processing /home/airflow/.local/lib/python3.12/site-packages/airflow/example_dags/example_python_operator.py took 0.483 seconds
[2025-07-30T17:01:49.961+0000] {processor.py:186} INFO - Started process (PID=632) to work on /home/airflow/.local/lib/python3.12/site-packages/airflow/example_dags/example_python_operator.py
[2025-07-30T17:01:49.962+0000] {processor.py:914} INFO - Processing file /home/airflow/.local/lib/python3.12/site-packages/airflow/example_dags/example_python_operator.py for tasks to queue
[2025-07-30T17:01:49.964+0000] {logging_mixin.py:190} INFO - [2025-07-30T17:01:49.964+0000] {dagbag.py:588} INFO - Filling up the DagBag from /home/airflow/.local/lib/python3.12/site-packages/airflow/example_dags/example_python_operator.py
[2025-07-30T17:01:49.978+0000] {processor.py:925} INFO - DAG(s) 'example_python_operator' retrieved from /home/airflow/.local/lib/python3.12/site-packages/airflow/example_dags/example_python_operator.py
[2025-07-30T17:01:50.001+0000] {logging_mixin.py:190} INFO - [2025-07-30T17:01:50.001+0000] {dag.py:3239} INFO - Sync 1 DAGs
[2025-07-30T17:01:50.020+0000] {logging_mixin.py:190} INFO - [2025-07-30T17:01:50.019+0000] {dag.py:4180} INFO - Setting next_dagrun for example_python_operator to None, run_after=None
[2025-07-30T17:01:50.038+0000] {processor.py:208} INFO - Processing /home/airflow/.local/lib/python3.12/site-packages/airflow/example_dags/example_python_operator.py took 0.083 seconds
[2025-07-30T17:02:20.279+0000] {processor.py:186} INFO - Started process (PID=937) to work on /home/airflow/.local/lib/python3.12/site-packages/airflow/example_dags/example_python_operator.py
[2025-07-30T17:02:20.279+0000] {processor.py:914} INFO - Processing file /home/airflow/.local/lib/python3.12/site-packages/airflow/example_dags/example_python_operator.py for tasks to queue
[2025-07-30T17:02:20.281+0000] {logging_mixin.py:190} INFO - [2025-07-30T17:02:20.281+0000] {dagbag.py:588} INFO - Filling up the DagBag from /home/airflow/.local/lib/python3.12/site-packages/airflow/example_dags/example_python_operator.py
[2025-07-30T17:02:20.293+0000] {processor.py:925} INFO - DAG(s) 'example_python_operator' retrieved from /home/airflow/.local/lib/python3.12/site-packages/airflow/example_dags/example_python_operator.py
[2025-07-30T17:02:20.315+0000] {logging_mixin.py:190} INFO - [2025-07-30T17:02:20.315+0000] {dag.py:3239} INFO - Sync 1 DAGs
[2025-07-30T17:02:20.329+0000] {logging_mixin.py:190} INFO - [2025-07-30T17:02:20.328+0000] {dag.py:4180} INFO - Setting next_dagrun for example_python_operator to None, run_after=None
[2025-07-30T17:02:20.349+0000] {processor.py:208} INFO - Processing /home/airflow/.local/lib/python3.12/site-packages/airflow/example_dags/example_python_operator.py took 0.076 seconds
[2025-07-30T17:02:50.721+0000] {processor.py:186} INFO - Started process (PID=1243) to work on /home/airflow/.local/lib/python3.12/site-packages/airflow/example_dags/example_python_operator.py
[2025-07-30T17:02:50.722+0000] {processor.py:914} INFO - Processing file /home/airflow/.local/lib/python3.12/site-packages/airflow/example_dags/example_python_operator.py for tasks to queue
[2025-07-30T17:02:50.724+0000] {logging_mixin.py:190} INFO - [2025-07-30T17:02:50.724+0000] {dagbag.py:588} INFO - Filling up the DagBag from /home/airflow/.local/lib/python3.12/site-packages/airflow/example_dags/example_python_operator.py
[2025-07-30T17:02:50.737+0000] {processor.py:925} INFO - DAG(s) 'example_python_operator' retrieved from /home/airflow/.local/lib/python3.12/site-packages/airflow/example_dags/example_python_operator.py
[2025-07-30T17:02:50.762+0000] {logging_mixin.py:190} INFO - [2025-07-30T17:02:50.762+0000] {dag.py:3239} INFO - Sync 1 DAGs
[2025-07-30T17:02:50.779+0000] {logging_mixin.py:190} INFO - [2025-07-30T17:02:50.779+0000] {dag.py:4180} INFO - Setting next_dagrun for example_python_operator to None, run_after=None
[2025-07-30T17:02:50.797+0000] {processor.py:208} INFO - Processing /home/airflow/.local/lib/python3.12/site-packages/airflow/example_dags/example_python_operator.py took 0.082 seconds
[2025-07-30T17:03:21.238+0000] {processor.py:186} INFO - Started process (PID=1544) to work on /home/airflow/.local/lib/python3.12/site-packages/airflow/example_dags/example_python_operator.py
[2025-07-30T17:03:21.239+0000] {processor.py:914} INFO - Processing file /home/airflow/.local/lib/python3.12/site-packages/airflow/example_dags/example_python_operator.py for tasks to queue
[2025-07-30T17:03:21.241+0000] {logging_mixin.py:190} INFO - [2025-07-30T17:03:21.241+0000] {dagbag.py:588} INFO - Filling up the DagBag from /home/airflow/.local/lib/python3.12/site-packages/airflow/example_dags/example_python_operator.py
[2025-07-30T17:03:21.254+0000] {processor.py:925} INFO - DAG(s) 'example_python_operator' retrieved from /home/airflow/.local/lib/python3.12/site-packages/airflow/example_dags/example_python_operator.py
[2025-07-30T17:03:21.277+0000] {logging_mixin.py:190} INFO - [2025-07-30T17:03:21.277+0000] {dag.py:3239} INFO - Sync 1 DAGs
[2025-07-30T17:03:21.294+0000] {logging_mixin.py:190} INFO - [2025-07-30T17:03:21.294+0000] {dag.py:4180} INFO - Setting next_dagrun for example_python_operator to None, run_after=None
[2025-07-30T17:03:21.313+0000] {processor.py:208} INFO - Processing /home/airflow/.local/lib/python3.12/site-packages/airflow/example_dags/example_python_operator.py took 0.081 seconds
[2025-07-30T17:03:51.423+0000] {processor.py:186} INFO - Started process (PID=1852) to work on /home/airflow/.local/lib/python3.12/site-packages/airflow/example_dags/example_python_operator.py
[2025-07-30T17:03:51.424+0000] {processor.py:914} INFO - Processing file /home/airflow/.local/lib/python3.12/site-packages/airflow/example_dags/example_python_operator.py for tasks to queue
[2025-07-30T17:03:51.426+0000] {logging_mixin.py:190} INFO - [2025-07-30T17:03:51.426+0000] {dagbag.py:588} INFO - Filling up the DagBag from /home/airflow/.local/lib/python3.12/site-packages/airflow/example_dags/example_python_operator.py
[2025-07-30T17:03:51.439+0000] {processor.py:925} INFO - DAG(s) 'example_python_operator' retrieved from /home/airflow/.local/lib/python3.12/site-packages/airflow/example_dags/example_python_operator.py
[2025-07-30T17:03:51.465+0000] {logging_mixin.py:190} INFO - [2025-07-30T17:03:51.464+0000] {dag.py:3239} INFO - Sync 1 DAGs
[2025-07-30T17:03:51.482+0000] {logging_mixin.py:190} INFO - [2025-07-30T17:03:51.481+0000] {dag.py:4180} INFO - Setting next_dagrun for example_python_operator to None, run_after=None
[2025-07-30T17:03:51.500+0000] {processor.py:208} INFO - Processing /home/airflow/.local/lib/python3.12/site-packages/airflow/example_dags/example_python_operator.py took 0.083 seconds
[2025-07-30T17:04:21.569+0000] {processor.py:186} INFO - Started process (PID=2157) to work on /home/airflow/.local/lib/python3.12/site-packages/airflow/example_dags/example_python_operator.py
[2025-07-30T17:04:21.571+0000] {processor.py:914} INFO - Processing file /home/airflow/.local/lib/python3.12/site-packages/airflow/example_dags/example_python_operator.py for tasks to queue
[2025-07-30T17:04:21.573+0000] {logging_mixin.py:190} INFO - [2025-07-30T17:04:21.572+0000] {dagbag.py:588} INFO - Filling up the DagBag from /home/airflow/.local/lib/python3.12/site-packages/airflow/example_dags/example_python_operator.py
[2025-07-30T17:04:21.598+0000] {processor.py:925} INFO - DAG(s) 'example_python_operator' retrieved from /home/airflow/.local/lib/python3.12/site-packages/airflow/example_dags/example_python_operator.py
[2025-07-30T17:04:21.659+0000] {logging_mixin.py:190} INFO - [2025-07-30T17:04:21.659+0000] {dag.py:3239} INFO - Sync 1 DAGs
[2025-07-30T17:04:21.690+0000] {logging_mixin.py:190} INFO - [2025-07-30T17:04:21.689+0000] {dag.py:4180} INFO - Setting next_dagrun for example_python_operator to None, run_after=None
[2025-07-30T17:04:21.712+0000] {processor.py:208} INFO - Processing /home/airflow/.local/lib/python3.12/site-packages/airflow/example_dags/example_python_operator.py took 0.151 seconds
[2025-07-30T17:04:52.227+0000] {processor.py:186} INFO - Started process (PID=2462) to work on /home/airflow/.local/lib/python3.12/site-packages/airflow/example_dags/example_python_operator.py
[2025-07-30T17:04:52.228+0000] {processor.py:914} INFO - Processing file /home/airflow/.local/lib/python3.12/site-packages/airflow/example_dags/example_python_operator.py for tasks to queue
[2025-07-30T17:04:52.230+0000] {logging_mixin.py:190} INFO - [2025-07-30T17:04:52.230+0000] {dagbag.py:588} INFO - Filling up the DagBag from /home/airflow/.local/lib/python3.12/site-packages/airflow/example_dags/example_python_operator.py
[2025-07-30T17:04:52.243+0000] {processor.py:925} INFO - DAG(s) 'example_python_operator' retrieved from /home/airflow/.local/lib/python3.12/site-packages/airflow/example_dags/example_python_operator.py
[2025-07-30T17:04:52.268+0000] {logging_mixin.py:190} INFO - [2025-07-30T17:04:52.268+0000] {dag.py:3239} INFO - Sync 1 DAGs
[2025-07-30T17:04:52.286+0000] {logging_mixin.py:190} INFO - [2025-07-30T17:04:52.285+0000] {dag.py:4180} INFO - Setting next_dagrun for example_python_operator to None, run_after=None
[2025-07-30T17:04:52.303+0000] {processor.py:208} INFO - Processing /home/airflow/.local/lib/python3.12/site-packages/airflow/example_dags/example_python_operator.py took 0.082 seconds
[2025-07-30T17:05:23.086+0000] {processor.py:186} INFO - Started process (PID=2768) to work on /home/airflow/.local/lib/python3.12/site-packages/airflow/example_dags/example_python_operator.py
[2025-07-30T17:05:23.087+0000] {processor.py:914} INFO - Processing file /home/airflow/.local/lib/python3.12/site-packages/airflow/example_dags/example_python_operator.py for tasks to queue
[2025-07-30T17:05:23.089+0000] {logging_mixin.py:190} INFO - [2025-07-30T17:05:23.089+0000] {dagbag.py:588} INFO - Filling up the DagBag from /home/airflow/.local/lib/python3.12/site-packages/airflow/example_dags/example_python_operator.py
[2025-07-30T17:05:23.102+0000] {processor.py:925} INFO - DAG(s) 'example_python_operator' retrieved from /home/airflow/.local/lib/python3.12/site-packages/airflow/example_dags/example_python_operator.py
[2025-07-30T17:05:23.132+0000] {logging_mixin.py:190} INFO - [2025-07-30T17:05:23.132+0000] {dag.py:3239} INFO - Sync 1 DAGs
[2025-07-30T17:05:23.149+0000] {logging_mixin.py:190} INFO - [2025-07-30T17:05:23.149+0000] {dag.py:4180} INFO - Setting next_dagrun for example_python_operator to None, run_after=None
[2025-07-30T17:05:23.167+0000] {processor.py:208} INFO - Processing /home/airflow/.local/lib/python3.12/site-packages/airflow/example_dags/example_python_operator.py took 0.087 seconds
[2025-07-30T17:05:53.468+0000] {processor.py:186} INFO - Started process (PID=3076) to work on /home/airflow/.local/lib/python3.12/site-packages/airflow/example_dags/example_python_operator.py
[2025-07-30T17:05:53.469+0000] {processor.py:914} INFO - Processing file /home/airflow/.local/lib/python3.12/site-packages/airflow/example_dags/example_python_operator.py for tasks to queue
[2025-07-30T17:05:53.471+0000] {logging_mixin.py:190} INFO - [2025-07-30T17:05:53.471+0000] {dagbag.py:588} INFO - Filling up the DagBag from /home/airflow/.local/lib/python3.12/site-packages/airflow/example_dags/example_python_operator.py
[2025-07-30T17:05:53.483+0000] {processor.py:925} INFO - DAG(s) 'example_python_operator' retrieved from /home/airflow/.local/lib/python3.12/site-packages/airflow/example_dags/example_python_operator.py
[2025-07-30T17:05:53.520+0000] {logging_mixin.py:190} INFO - [2025-07-30T17:05:53.520+0000] {dag.py:3239} INFO - Sync 1 DAGs
[2025-07-30T17:05:53.536+0000] {logging_mixin.py:190} INFO - [2025-07-30T17:05:53.536+0000] {dag.py:4180} INFO - Setting next_dagrun for example_python_operator to None, run_after=None
[2025-07-30T17:05:53.554+0000] {processor.py:208} INFO - Processing /home/airflow/.local/lib/python3.12/site-packages/airflow/example_dags/example_python_operator.py took 0.092 seconds
[2025-07-30T17:06:24.375+0000] {processor.py:186} INFO - Started process (PID=3380) to work on /home/airflow/.local/lib/python3.12/site-packages/airflow/example_dags/example_python_operator.py
[2025-07-30T17:06:24.376+0000] {processor.py:914} INFO - Processing file /home/airflow/.local/lib/python3.12/site-packages/airflow/example_dags/example_python_operator.py for tasks to queue
[2025-07-30T17:06:24.379+0000] {logging_mixin.py:190} INFO - [2025-07-30T17:06:24.378+0000] {dagbag.py:588} INFO - Filling up the DagBag from /home/airflow/.local/lib/python3.12/site-packages/airflow/example_dags/example_python_operator.py
[2025-07-30T17:06:24.393+0000] {processor.py:925} INFO - DAG(s) 'example_python_operator' retrieved from /home/airflow/.local/lib/python3.12/site-packages/airflow/example_dags/example_python_operator.py
[2025-07-30T17:06:24.417+0000] {logging_mixin.py:190} INFO - [2025-07-30T17:06:24.417+0000] {dag.py:3239} INFO - Sync 1 DAGs
[2025-07-30T17:06:24.434+0000] {logging_mixin.py:190} INFO - [2025-07-30T17:06:24.434+0000] {dag.py:4180} INFO - Setting next_dagrun for example_python_operator to None, run_after=None
[2025-07-30T17:06:24.451+0000] {processor.py:208} INFO - Processing /home/airflow/.local/lib/python3.12/site-packages/airflow/example_dags/example_python_operator.py took 0.083 seconds
[2025-07-30T17:06:55.297+0000] {processor.py:186} INFO - Started process (PID=3686) to work on /home/airflow/.local/lib/python3.12/site-packages/airflow/example_dags/example_python_operator.py
[2025-07-30T17:06:55.298+0000] {processor.py:914} INFO - Processing file /home/airflow/.local/lib/python3.12/site-packages/airflow/example_dags/example_python_operator.py for tasks to queue
[2025-07-30T17:06:55.300+0000] {logging_mixin.py:190} INFO - [2025-07-30T17:06:55.300+0000] {dagbag.py:588} INFO - Filling up the DagBag from /home/airflow/.local/lib/python3.12/site-packages/airflow/example_dags/example_python_operator.py
[2025-07-30T17:06:55.314+0000] {processor.py:925} INFO - DAG(s) 'example_python_operator' retrieved from /home/airflow/.local/lib/python3.12/site-packages/airflow/example_dags/example_python_operator.py
[2025-07-30T17:06:55.338+0000] {logging_mixin.py:190} INFO - [2025-07-30T17:06:55.337+0000] {dag.py:3239} INFO - Sync 1 DAGs
[2025-07-30T17:06:55.355+0000] {logging_mixin.py:190} INFO - [2025-07-30T17:06:55.355+0000] {dag.py:4180} INFO - Setting next_dagrun for example_python_operator to None, run_after=None
[2025-07-30T17:06:55.371+0000] {processor.py:208} INFO - Processing /home/airflow/.local/lib/python3.12/site-packages/airflow/example_dags/example_python_operator.py took 0.081 seconds
[2025-07-30T17:07:25.612+0000] {processor.py:186} INFO - Started process (PID=3992) to work on /home/airflow/.local/lib/python3.12/site-packages/airflow/example_dags/example_python_operator.py
[2025-07-30T17:07:25.613+0000] {processor.py:914} INFO - Processing file /home/airflow/.local/lib/python3.12/site-packages/airflow/example_dags/example_python_operator.py for tasks to queue
[2025-07-30T17:07:25.615+0000] {logging_mixin.py:190} INFO - [2025-07-30T17:07:25.614+0000] {dagbag.py:588} INFO - Filling up the DagBag from /home/airflow/.local/lib/python3.12/site-packages/airflow/example_dags/example_python_operator.py
[2025-07-30T17:07:25.628+0000] {processor.py:925} INFO - DAG(s) 'example_python_operator' retrieved from /home/airflow/.local/lib/python3.12/site-packages/airflow/example_dags/example_python_operator.py
[2025-07-30T17:07:25.651+0000] {logging_mixin.py:190} INFO - [2025-07-30T17:07:25.651+0000] {dag.py:3239} INFO - Sync 1 DAGs
[2025-07-30T17:07:25.668+0000] {logging_mixin.py:190} INFO - [2025-07-30T17:07:25.668+0000] {dag.py:4180} INFO - Setting next_dagrun for example_python_operator to None, run_after=None
[2025-07-30T17:07:25.687+0000] {processor.py:208} INFO - Processing /home/airflow/.local/lib/python3.12/site-packages/airflow/example_dags/example_python_operator.py took 0.082 seconds
[2025-07-30T17:07:56.318+0000] {processor.py:186} INFO - Started process (PID=4300) to work on /home/airflow/.local/lib/python3.12/site-packages/airflow/example_dags/example_python_operator.py
[2025-07-30T17:07:56.319+0000] {processor.py:914} INFO - Processing file /home/airflow/.local/lib/python3.12/site-packages/airflow/example_dags/example_python_operator.py for tasks to queue
[2025-07-30T17:07:56.321+0000] {logging_mixin.py:190} INFO - [2025-07-30T17:07:56.321+0000] {dagbag.py:588} INFO - Filling up the DagBag from /home/airflow/.local/lib/python3.12/site-packages/airflow/example_dags/example_python_operator.py
[2025-07-30T17:07:56.333+0000] {processor.py:925} INFO - DAG(s) 'example_python_operator' retrieved from /home/airflow/.local/lib/python3.12/site-packages/airflow/example_dags/example_python_operator.py
[2025-07-30T17:07:56.357+0000] {logging_mixin.py:190} INFO - [2025-07-30T17:07:56.357+0000] {dag.py:3239} INFO - Sync 1 DAGs
[2025-07-30T17:07:56.374+0000] {logging_mixin.py:190} INFO - [2025-07-30T17:07:56.374+0000] {dag.py:4180} INFO - Setting next_dagrun for example_python_operator to None, run_after=None
[2025-07-30T17:07:56.391+0000] {processor.py:208} INFO - Processing /home/airflow/.local/lib/python3.12/site-packages/airflow/example_dags/example_python_operator.py took 0.079 seconds
[2025-07-30T17:08:26.692+0000] {processor.py:186} INFO - Started process (PID=4604) to work on /home/airflow/.local/lib/python3.12/site-packages/airflow/example_dags/example_python_operator.py
[2025-07-30T17:08:26.693+0000] {processor.py:914} INFO - Processing file /home/airflow/.local/lib/python3.12/site-packages/airflow/example_dags/example_python_operator.py for tasks to queue
[2025-07-30T17:08:26.695+0000] {logging_mixin.py:190} INFO - [2025-07-30T17:08:26.695+0000] {dagbag.py:588} INFO - Filling up the DagBag from /home/airflow/.local/lib/python3.12/site-packages/airflow/example_dags/example_python_operator.py
[2025-07-30T17:08:26.707+0000] {processor.py:925} INFO - DAG(s) 'example_python_operator' retrieved from /home/airflow/.local/lib/python3.12/site-packages/airflow/example_dags/example_python_operator.py
[2025-07-30T17:08:26.731+0000] {logging_mixin.py:190} INFO - [2025-07-30T17:08:26.731+0000] {dag.py:3239} INFO - Sync 1 DAGs
[2025-07-30T17:08:26.747+0000] {logging_mixin.py:190} INFO - [2025-07-30T17:08:26.747+0000] {dag.py:4180} INFO - Setting next_dagrun for example_python_operator to None, run_after=None
[2025-07-30T17:08:26.764+0000] {processor.py:208} INFO - Processing /home/airflow/.local/lib/python3.12/site-packages/airflow/example_dags/example_python_operator.py took 0.078 seconds
[2025-07-30T17:08:56.884+0000] {processor.py:186} INFO - Started process (PID=4912) to work on /home/airflow/.local/lib/python3.12/site-packages/airflow/example_dags/example_python_operator.py
[2025-07-30T17:08:56.885+0000] {processor.py:914} INFO - Processing file /home/airflow/.local/lib/python3.12/site-packages/airflow/example_dags/example_python_operator.py for tasks to queue
[2025-07-30T17:08:56.887+0000] {logging_mixin.py:190} INFO - [2025-07-30T17:08:56.886+0000] {dagbag.py:588} INFO - Filling up the DagBag from /home/airflow/.local/lib/python3.12/site-packages/airflow/example_dags/example_python_operator.py
[2025-07-30T17:08:56.901+0000] {processor.py:925} INFO - DAG(s) 'example_python_operator' retrieved from /home/airflow/.local/lib/python3.12/site-packages/airflow/example_dags/example_python_operator.py
[2025-07-30T17:08:56.926+0000] {logging_mixin.py:190} INFO - [2025-07-30T17:08:56.926+0000] {dag.py:3239} INFO - Sync 1 DAGs
[2025-07-30T17:08:56.944+0000] {logging_mixin.py:190} INFO - [2025-07-30T17:08:56.944+0000] {dag.py:4180} INFO - Setting next_dagrun for example_python_operator to None, run_after=None
[2025-07-30T17:08:56.962+0000] {processor.py:208} INFO - Processing /home/airflow/.local/lib/python3.12/site-packages/airflow/example_dags/example_python_operator.py took 0.084 seconds
[2025-07-30T17:09:27.720+0000] {processor.py:186} INFO - Started process (PID=5216) to work on /home/airflow/.local/lib/python3.12/site-packages/airflow/example_dags/example_python_operator.py
[2025-07-30T17:09:27.721+0000] {processor.py:914} INFO - Processing file /home/airflow/.local/lib/python3.12/site-packages/airflow/example_dags/example_python_operator.py for tasks to queue
[2025-07-30T17:09:27.725+0000] {logging_mixin.py:190} INFO - [2025-07-30T17:09:27.724+0000] {dagbag.py:588} INFO - Filling up the DagBag from /home/airflow/.local/lib/python3.12/site-packages/airflow/example_dags/example_python_operator.py
[2025-07-30T17:09:27.740+0000] {processor.py:925} INFO - DAG(s) 'example_python_operator' retrieved from /home/airflow/.local/lib/python3.12/site-packages/airflow/example_dags/example_python_operator.py
[2025-07-30T17:09:27.772+0000] {logging_mixin.py:190} INFO - [2025-07-30T17:09:27.772+0000] {dag.py:3239} INFO - Sync 1 DAGs
[2025-07-30T17:09:27.793+0000] {logging_mixin.py:190} INFO - [2025-07-30T17:09:27.792+0000] {dag.py:4180} INFO - Setting next_dagrun for example_python_operator to None, run_after=None
[2025-07-30T17:09:27.810+0000] {processor.py:208} INFO - Processing /home/airflow/.local/lib/python3.12/site-packages/airflow/example_dags/example_python_operator.py took 0.098 seconds
[2025-07-30T17:09:57.939+0000] {processor.py:186} INFO - Started process (PID=5524) to work on /home/airflow/.local/lib/python3.12/site-packages/airflow/example_dags/example_python_operator.py
[2025-07-30T17:09:57.940+0000] {processor.py:914} INFO - Processing file /home/airflow/.local/lib/python3.12/site-packages/airflow/example_dags/example_python_operator.py for tasks to queue
[2025-07-30T17:09:57.942+0000] {logging_mixin.py:190} INFO - [2025-07-30T17:09:57.941+0000] {dagbag.py:588} INFO - Filling up the DagBag from /home/airflow/.local/lib/python3.12/site-packages/airflow/example_dags/example_python_operator.py
[2025-07-30T17:09:57.951+0000] {processor.py:925} INFO - DAG(s) 'example_python_operator' retrieved from /home/airflow/.local/lib/python3.12/site-packages/airflow/example_dags/example_python_operator.py
[2025-07-30T17:09:57.968+0000] {logging_mixin.py:190} INFO - [2025-07-30T17:09:57.968+0000] {dag.py:3239} INFO - Sync 1 DAGs
[2025-07-30T17:09:57.979+0000] {logging_mixin.py:190} INFO - [2025-07-30T17:09:57.979+0000] {dag.py:4180} INFO - Setting next_dagrun for example_python_operator to None, run_after=None
[2025-07-30T17:09:57.992+0000] {processor.py:208} INFO - Processing /home/airflow/.local/lib/python3.12/site-packages/airflow/example_dags/example_python_operator.py took 0.057 seconds
[2025-07-30T17:10:28.814+0000] {processor.py:186} INFO - Started process (PID=5828) to work on /home/airflow/.local/lib/python3.12/site-packages/airflow/example_dags/example_python_operator.py
[2025-07-30T17:10:28.815+0000] {processor.py:914} INFO - Processing file /home/airflow/.local/lib/python3.12/site-packages/airflow/example_dags/example_python_operator.py for tasks to queue
[2025-07-30T17:10:28.817+0000] {logging_mixin.py:190} INFO - [2025-07-30T17:10:28.817+0000] {dagbag.py:588} INFO - Filling up the DagBag from /home/airflow/.local/lib/python3.12/site-packages/airflow/example_dags/example_python_operator.py
[2025-07-30T17:10:28.840+0000] {processor.py:925} INFO - DAG(s) 'example_python_operator' retrieved from /home/airflow/.local/lib/python3.12/site-packages/airflow/example_dags/example_python_operator.py
[2025-07-30T17:10:28.873+0000] {logging_mixin.py:190} INFO - [2025-07-30T17:10:28.873+0000] {dag.py:3239} INFO - Sync 1 DAGs
[2025-07-30T17:10:28.890+0000] {logging_mixin.py:190} INFO - [2025-07-30T17:10:28.890+0000] {dag.py:4180} INFO - Setting next_dagrun for example_python_operator to None, run_after=None
[2025-07-30T17:10:28.906+0000] {processor.py:208} INFO - Processing /home/airflow/.local/lib/python3.12/site-packages/airflow/example_dags/example_python_operator.py took 0.100 seconds
[2025-07-30T17:10:59.436+0000] {processor.py:186} INFO - Started process (PID=6136) to work on /home/airflow/.local/lib/python3.12/site-packages/airflow/example_dags/example_python_operator.py
[2025-07-30T17:10:59.437+0000] {processor.py:914} INFO - Processing file /home/airflow/.local/lib/python3.12/site-packages/airflow/example_dags/example_python_operator.py for tasks to queue
[2025-07-30T17:10:59.440+0000] {logging_mixin.py:190} INFO - [2025-07-30T17:10:59.440+0000] {dagbag.py:588} INFO - Filling up the DagBag from /home/airflow/.local/lib/python3.12/site-packages/airflow/example_dags/example_python_operator.py
[2025-07-30T17:10:59.452+0000] {processor.py:925} INFO - DAG(s) 'example_python_operator' retrieved from /home/airflow/.local/lib/python3.12/site-packages/airflow/example_dags/example_python_operator.py
[2025-07-30T17:10:59.477+0000] {logging_mixin.py:190} INFO - [2025-07-30T17:10:59.477+0000] {dag.py:3239} INFO - Sync 1 DAGs
[2025-07-30T17:10:59.494+0000] {logging_mixin.py:190} INFO - [2025-07-30T17:10:59.494+0000] {dag.py:4180} INFO - Setting next_dagrun for example_python_operator to None, run_after=None
[2025-07-30T17:10:59.511+0000] {processor.py:208} INFO - Processing /home/airflow/.local/lib/python3.12/site-packages/airflow/example_dags/example_python_operator.py took 0.081 seconds
[2025-07-30T17:11:30.181+0000] {processor.py:186} INFO - Started process (PID=6442) to work on /home/airflow/.local/lib/python3.12/site-packages/airflow/example_dags/example_python_operator.py
[2025-07-30T17:11:30.181+0000] {processor.py:914} INFO - Processing file /home/airflow/.local/lib/python3.12/site-packages/airflow/example_dags/example_python_operator.py for tasks to queue
[2025-07-30T17:11:30.184+0000] {logging_mixin.py:190} INFO - [2025-07-30T17:11:30.184+0000] {dagbag.py:588} INFO - Filling up the DagBag from /home/airflow/.local/lib/python3.12/site-packages/airflow/example_dags/example_python_operator.py
[2025-07-30T17:11:30.198+0000] {processor.py:925} INFO - DAG(s) 'example_python_operator' retrieved from /home/airflow/.local/lib/python3.12/site-packages/airflow/example_dags/example_python_operator.py
[2025-07-30T17:11:30.226+0000] {logging_mixin.py:190} INFO - [2025-07-30T17:11:30.226+0000] {dag.py:3239} INFO - Sync 1 DAGs
[2025-07-30T17:11:30.244+0000] {logging_mixin.py:190} INFO - [2025-07-30T17:11:30.243+0000] {dag.py:4180} INFO - Setting next_dagrun for example_python_operator to None, run_after=None
[2025-07-30T17:11:30.261+0000] {processor.py:208} INFO - Processing /home/airflow/.local/lib/python3.12/site-packages/airflow/example_dags/example_python_operator.py took 0.087 seconds
[2025-07-30T17:12:00.348+0000] {processor.py:186} INFO - Started process (PID=6746) to work on /home/airflow/.local/lib/python3.12/site-packages/airflow/example_dags/example_python_operator.py
[2025-07-30T17:12:00.349+0000] {processor.py:914} INFO - Processing file /home/airflow/.local/lib/python3.12/site-packages/airflow/example_dags/example_python_operator.py for tasks to queue
[2025-07-30T17:12:00.352+0000] {logging_mixin.py:190} INFO - [2025-07-30T17:12:00.352+0000] {dagbag.py:588} INFO - Filling up the DagBag from /home/airflow/.local/lib/python3.12/site-packages/airflow/example_dags/example_python_operator.py
[2025-07-30T17:12:00.363+0000] {processor.py:925} INFO - DAG(s) 'example_python_operator' retrieved from /home/airflow/.local/lib/python3.12/site-packages/airflow/example_dags/example_python_operator.py
[2025-07-30T17:12:00.380+0000] {logging_mixin.py:190} INFO - [2025-07-30T17:12:00.380+0000] {dag.py:3239} INFO - Sync 1 DAGs
[2025-07-30T17:12:00.391+0000] {logging_mixin.py:190} INFO - [2025-07-30T17:12:00.391+0000] {dag.py:4180} INFO - Setting next_dagrun for example_python_operator to None, run_after=None
[2025-07-30T17:12:00.404+0000] {processor.py:208} INFO - Processing /home/airflow/.local/lib/python3.12/site-packages/airflow/example_dags/example_python_operator.py took 0.062 seconds
[2025-07-30T17:12:30.675+0000] {processor.py:186} INFO - Started process (PID=7054) to work on /home/airflow/.local/lib/python3.12/site-packages/airflow/example_dags/example_python_operator.py
[2025-07-30T17:12:30.676+0000] {processor.py:914} INFO - Processing file /home/airflow/.local/lib/python3.12/site-packages/airflow/example_dags/example_python_operator.py for tasks to queue
[2025-07-30T17:12:30.679+0000] {logging_mixin.py:190} INFO - [2025-07-30T17:12:30.678+0000] {dagbag.py:588} INFO - Filling up the DagBag from /home/airflow/.local/lib/python3.12/site-packages/airflow/example_dags/example_python_operator.py
[2025-07-30T17:12:30.690+0000] {processor.py:925} INFO - DAG(s) 'example_python_operator' retrieved from /home/airflow/.local/lib/python3.12/site-packages/airflow/example_dags/example_python_operator.py
[2025-07-30T17:12:30.714+0000] {logging_mixin.py:190} INFO - [2025-07-30T17:12:30.714+0000] {dag.py:3239} INFO - Sync 1 DAGs
[2025-07-30T17:12:30.731+0000] {logging_mixin.py:190} INFO - [2025-07-30T17:12:30.731+0000] {dag.py:4180} INFO - Setting next_dagrun for example_python_operator to None, run_after=None
[2025-07-30T17:12:30.749+0000] {processor.py:208} INFO - Processing /home/airflow/.local/lib/python3.12/site-packages/airflow/example_dags/example_python_operator.py took 0.079 seconds
[2025-07-30T17:13:01.298+0000] {processor.py:186} INFO - Started process (PID=7360) to work on /home/airflow/.local/lib/python3.12/site-packages/airflow/example_dags/example_python_operator.py
[2025-07-30T17:13:01.299+0000] {processor.py:914} INFO - Processing file /home/airflow/.local/lib/python3.12/site-packages/airflow/example_dags/example_python_operator.py for tasks to queue
[2025-07-30T17:13:01.301+0000] {logging_mixin.py:190} INFO - [2025-07-30T17:13:01.301+0000] {dagbag.py:588} INFO - Filling up the DagBag from /home/airflow/.local/lib/python3.12/site-packages/airflow/example_dags/example_python_operator.py
[2025-07-30T17:13:01.315+0000] {processor.py:925} INFO - DAG(s) 'example_python_operator' retrieved from /home/airflow/.local/lib/python3.12/site-packages/airflow/example_dags/example_python_operator.py
[2025-07-30T17:13:01.341+0000] {logging_mixin.py:190} INFO - [2025-07-30T17:13:01.340+0000] {dag.py:3239} INFO - Sync 1 DAGs
[2025-07-30T17:13:01.356+0000] {logging_mixin.py:190} INFO - [2025-07-30T17:13:01.356+0000] {dag.py:4180} INFO - Setting next_dagrun for example_python_operator to None, run_after=None
[2025-07-30T17:13:01.373+0000] {processor.py:208} INFO - Processing /home/airflow/.local/lib/python3.12/site-packages/airflow/example_dags/example_python_operator.py took 0.081 seconds
