[2025-07-30T17:01:11.239+0000] {processor.py:186} INFO - Started process (PID=252) to work on /home/airflow/.local/lib/python3.12/site-packages/airflow/example_dags/example_dataset_alias.py
[2025-07-30T17:01:11.240+0000] {processor.py:914} INFO - Processing file /home/airflow/.local/lib/python3.12/site-packages/airflow/example_dags/example_dataset_alias.py for tasks to queue
[2025-07-30T17:01:11.242+0000] {logging_mixin.py:190} INFO - [2025-07-30T17:01:11.242+0000] {dagbag.py:588} INFO - Filling up the DagBag from /home/airflow/.local/lib/python3.12/site-packages/airflow/example_dags/example_dataset_alias.py
[2025-07-30T17:01:16.624+0000] {processor.py:925} INFO - DAG(s) 'dataset_alias_example_alias_producer', 'dataset_alias_example_alias_consumer', 'dataset_s3_bucket_producer', 'dataset_s3_bucket_consumer' retrieved from /home/airflow/.local/lib/python3.12/site-packages/airflow/example_dags/example_dataset_alias.py
[2025-07-30T17:01:16.891+0000] {logging_mixin.py:190} INFO - [2025-07-30T17:01:16.891+0000] {override.py:1911} INFO - Created Permission View: can read on DAG:dataset_alias_example_alias_producer
[2025-07-30T17:01:16.925+0000] {logging_mixin.py:190} INFO - [2025-07-30T17:01:16.925+0000] {override.py:1911} INFO - Created Permission View: can delete on DAG:dataset_alias_example_alias_producer
[2025-07-30T17:01:16.940+0000] {logging_mixin.py:190} INFO - [2025-07-30T17:01:16.939+0000] {override.py:1911} INFO - Created Permission View: can edit on DAG:dataset_alias_example_alias_producer
[2025-07-30T17:01:16.956+0000] {logging_mixin.py:190} INFO - [2025-07-30T17:01:16.955+0000] {override.py:1911} INFO - Created Permission View: can read on DAG Run:dataset_alias_example_alias_producer
[2025-07-30T17:01:16.968+0000] {logging_mixin.py:190} INFO - [2025-07-30T17:01:16.967+0000] {override.py:1911} INFO - Created Permission View: menu access on DAG Run:dataset_alias_example_alias_producer
[2025-07-30T17:01:16.979+0000] {logging_mixin.py:190} INFO - [2025-07-30T17:01:16.979+0000] {override.py:1911} INFO - Created Permission View: can delete on DAG Run:dataset_alias_example_alias_producer
[2025-07-30T17:01:16.992+0000] {logging_mixin.py:190} INFO - [2025-07-30T17:01:16.991+0000] {override.py:1911} INFO - Created Permission View: can create on DAG Run:dataset_alias_example_alias_producer
[2025-07-30T17:01:17.013+0000] {logging_mixin.py:190} INFO - [2025-07-30T17:01:17.012+0000] {override.py:1911} INFO - Created Permission View: can read on DAG:dataset_alias_example_alias_consumer
[2025-07-30T17:01:17.032+0000] {logging_mixin.py:190} INFO - [2025-07-30T17:01:17.032+0000] {override.py:1911} INFO - Created Permission View: can delete on DAG:dataset_alias_example_alias_consumer
[2025-07-30T17:01:17.059+0000] {logging_mixin.py:190} INFO - [2025-07-30T17:01:17.059+0000] {override.py:1911} INFO - Created Permission View: can edit on DAG:dataset_alias_example_alias_consumer
[2025-07-30T17:01:17.081+0000] {logging_mixin.py:190} INFO - [2025-07-30T17:01:17.081+0000] {override.py:1911} INFO - Created Permission View: can read on DAG Run:dataset_alias_example_alias_consumer
[2025-07-30T17:01:17.102+0000] {logging_mixin.py:190} INFO - [2025-07-30T17:01:17.101+0000] {override.py:1911} INFO - Created Permission View: menu access on DAG Run:dataset_alias_example_alias_consumer
[2025-07-30T17:01:17.114+0000] {logging_mixin.py:190} INFO - [2025-07-30T17:01:17.114+0000] {override.py:1911} INFO - Created Permission View: can delete on DAG Run:dataset_alias_example_alias_consumer
[2025-07-30T17:01:17.129+0000] {logging_mixin.py:190} INFO - [2025-07-30T17:01:17.129+0000] {override.py:1911} INFO - Created Permission View: can create on DAG Run:dataset_alias_example_alias_consumer
[2025-07-30T17:01:17.154+0000] {logging_mixin.py:190} INFO - [2025-07-30T17:01:17.153+0000] {override.py:1911} INFO - Created Permission View: can read on DAG:dataset_s3_bucket_producer
[2025-07-30T17:01:17.171+0000] {logging_mixin.py:190} INFO - [2025-07-30T17:01:17.171+0000] {override.py:1911} INFO - Created Permission View: can delete on DAG:dataset_s3_bucket_producer
[2025-07-30T17:01:17.190+0000] {logging_mixin.py:190} INFO - [2025-07-30T17:01:17.190+0000] {override.py:1911} INFO - Created Permission View: can edit on DAG:dataset_s3_bucket_producer
[2025-07-30T17:01:17.201+0000] {logging_mixin.py:190} INFO - [2025-07-30T17:01:17.201+0000] {override.py:1911} INFO - Created Permission View: can read on DAG Run:dataset_s3_bucket_producer
[2025-07-30T17:01:17.210+0000] {logging_mixin.py:190} INFO - [2025-07-30T17:01:17.210+0000] {override.py:1911} INFO - Created Permission View: menu access on DAG Run:dataset_s3_bucket_producer
[2025-07-30T17:01:17.217+0000] {logging_mixin.py:190} INFO - [2025-07-30T17:01:17.217+0000] {override.py:1911} INFO - Created Permission View: can delete on DAG Run:dataset_s3_bucket_producer
[2025-07-30T17:01:17.223+0000] {logging_mixin.py:190} INFO - [2025-07-30T17:01:17.223+0000] {override.py:1911} INFO - Created Permission View: can create on DAG Run:dataset_s3_bucket_producer
[2025-07-30T17:01:17.234+0000] {logging_mixin.py:190} INFO - [2025-07-30T17:01:17.234+0000] {override.py:1911} INFO - Created Permission View: can read on DAG:dataset_s3_bucket_consumer
[2025-07-30T17:01:17.241+0000] {logging_mixin.py:190} INFO - [2025-07-30T17:01:17.240+0000] {override.py:1911} INFO - Created Permission View: can delete on DAG:dataset_s3_bucket_consumer
[2025-07-30T17:01:17.247+0000] {logging_mixin.py:190} INFO - [2025-07-30T17:01:17.247+0000] {override.py:1911} INFO - Created Permission View: can edit on DAG:dataset_s3_bucket_consumer
[2025-07-30T17:01:17.253+0000] {logging_mixin.py:190} INFO - [2025-07-30T17:01:17.253+0000] {override.py:1911} INFO - Created Permission View: can read on DAG Run:dataset_s3_bucket_consumer
[2025-07-30T17:01:17.259+0000] {logging_mixin.py:190} INFO - [2025-07-30T17:01:17.259+0000] {override.py:1911} INFO - Created Permission View: menu access on DAG Run:dataset_s3_bucket_consumer
[2025-07-30T17:01:17.266+0000] {logging_mixin.py:190} INFO - [2025-07-30T17:01:17.265+0000] {override.py:1911} INFO - Created Permission View: can delete on DAG Run:dataset_s3_bucket_consumer
[2025-07-30T17:01:17.272+0000] {logging_mixin.py:190} INFO - [2025-07-30T17:01:17.272+0000] {override.py:1911} INFO - Created Permission View: can create on DAG Run:dataset_s3_bucket_consumer
[2025-07-30T17:01:17.273+0000] {logging_mixin.py:190} INFO - [2025-07-30T17:01:17.273+0000] {dag.py:3239} INFO - Sync 4 DAGs
[2025-07-30T17:01:17.304+0000] {logging_mixin.py:190} INFO - [2025-07-30T17:01:17.303+0000] {dag.py:3262} INFO - Creating ORM DAG for dataset_alias_example_alias_consumer
[2025-07-30T17:01:17.307+0000] {logging_mixin.py:190} INFO - [2025-07-30T17:01:17.307+0000] {dag.py:3262} INFO - Creating ORM DAG for dataset_alias_example_alias_producer
[2025-07-30T17:01:17.310+0000] {logging_mixin.py:190} INFO - [2025-07-30T17:01:17.310+0000] {dag.py:3262} INFO - Creating ORM DAG for dataset_s3_bucket_consumer
[2025-07-30T17:01:17.311+0000] {logging_mixin.py:190} INFO - [2025-07-30T17:01:17.311+0000] {dag.py:3262} INFO - Creating ORM DAG for dataset_s3_bucket_producer
[2025-07-30T17:01:17.333+0000] {logging_mixin.py:190} INFO - [2025-07-30T17:01:17.333+0000] {dag.py:4180} INFO - Setting next_dagrun for dataset_alias_example_alias_consumer to None, run_after=None
[2025-07-30T17:01:17.336+0000] {logging_mixin.py:190} INFO - [2025-07-30T17:01:17.336+0000] {dag.py:4180} INFO - Setting next_dagrun for dataset_alias_example_alias_producer to None, run_after=None
[2025-07-30T17:01:17.338+0000] {logging_mixin.py:190} INFO - [2025-07-30T17:01:17.337+0000] {dag.py:4180} INFO - Setting next_dagrun for dataset_s3_bucket_consumer to None, run_after=None
[2025-07-30T17:01:17.341+0000] {logging_mixin.py:190} INFO - [2025-07-30T17:01:17.339+0000] {dag.py:4180} INFO - Setting next_dagrun for dataset_s3_bucket_producer to None, run_after=None
[2025-07-30T17:01:17.397+0000] {processor.py:208} INFO - Processing /home/airflow/.local/lib/python3.12/site-packages/airflow/example_dags/example_dataset_alias.py took 6.166 seconds
[2025-07-30T17:01:48.026+0000] {processor.py:186} INFO - Started process (PID=599) to work on /home/airflow/.local/lib/python3.12/site-packages/airflow/example_dags/example_dataset_alias.py
[2025-07-30T17:01:48.027+0000] {processor.py:914} INFO - Processing file /home/airflow/.local/lib/python3.12/site-packages/airflow/example_dags/example_dataset_alias.py for tasks to queue
[2025-07-30T17:01:48.030+0000] {logging_mixin.py:190} INFO - [2025-07-30T17:01:48.029+0000] {dagbag.py:588} INFO - Filling up the DagBag from /home/airflow/.local/lib/python3.12/site-packages/airflow/example_dags/example_dataset_alias.py
[2025-07-30T17:01:48.601+0000] {processor.py:925} INFO - DAG(s) 'dataset_s3_bucket_producer', 'dataset_alias_example_alias_producer', 'dataset_alias_example_alias_consumer', 'dataset_s3_bucket_consumer' retrieved from /home/airflow/.local/lib/python3.12/site-packages/airflow/example_dags/example_dataset_alias.py
[2025-07-30T17:01:48.641+0000] {logging_mixin.py:190} INFO - [2025-07-30T17:01:48.641+0000] {dag.py:3239} INFO - Sync 4 DAGs
[2025-07-30T17:01:48.686+0000] {logging_mixin.py:190} INFO - [2025-07-30T17:01:48.685+0000] {dag.py:4180} INFO - Setting next_dagrun for dataset_alias_example_alias_consumer to None, run_after=None
[2025-07-30T17:01:48.691+0000] {logging_mixin.py:190} INFO - [2025-07-30T17:01:48.691+0000] {dag.py:4180} INFO - Setting next_dagrun for dataset_alias_example_alias_producer to None, run_after=None
[2025-07-30T17:01:48.692+0000] {logging_mixin.py:190} INFO - [2025-07-30T17:01:48.692+0000] {dag.py:4180} INFO - Setting next_dagrun for dataset_s3_bucket_consumer to None, run_after=None
[2025-07-30T17:01:48.694+0000] {logging_mixin.py:190} INFO - [2025-07-30T17:01:48.694+0000] {dag.py:4180} INFO - Setting next_dagrun for dataset_s3_bucket_producer to None, run_after=None
[2025-07-30T17:01:48.714+0000] {processor.py:208} INFO - Processing /home/airflow/.local/lib/python3.12/site-packages/airflow/example_dags/example_dataset_alias.py took 0.693 seconds
[2025-07-30T17:02:19.664+0000] {processor.py:186} INFO - Started process (PID=909) to work on /home/airflow/.local/lib/python3.12/site-packages/airflow/example_dags/example_dataset_alias.py
[2025-07-30T17:02:19.666+0000] {processor.py:914} INFO - Processing file /home/airflow/.local/lib/python3.12/site-packages/airflow/example_dags/example_dataset_alias.py for tasks to queue
[2025-07-30T17:02:19.668+0000] {logging_mixin.py:190} INFO - [2025-07-30T17:02:19.668+0000] {dagbag.py:588} INFO - Filling up the DagBag from /home/airflow/.local/lib/python3.12/site-packages/airflow/example_dags/example_dataset_alias.py
[2025-07-30T17:02:20.387+0000] {processor.py:925} INFO - DAG(s) 'dataset_alias_example_alias_producer', 'dataset_s3_bucket_producer', 'dataset_s3_bucket_consumer', 'dataset_alias_example_alias_consumer' retrieved from /home/airflow/.local/lib/python3.12/site-packages/airflow/example_dags/example_dataset_alias.py
[2025-07-30T17:02:20.411+0000] {logging_mixin.py:190} INFO - [2025-07-30T17:02:20.411+0000] {dag.py:3239} INFO - Sync 4 DAGs
[2025-07-30T17:02:20.441+0000] {logging_mixin.py:190} INFO - [2025-07-30T17:02:20.441+0000] {dag.py:4180} INFO - Setting next_dagrun for dataset_alias_example_alias_consumer to None, run_after=None
[2025-07-30T17:02:20.444+0000] {logging_mixin.py:190} INFO - [2025-07-30T17:02:20.444+0000] {dag.py:4180} INFO - Setting next_dagrun for dataset_alias_example_alias_producer to None, run_after=None
[2025-07-30T17:02:20.445+0000] {logging_mixin.py:190} INFO - [2025-07-30T17:02:20.445+0000] {dag.py:4180} INFO - Setting next_dagrun for dataset_s3_bucket_consumer to None, run_after=None
[2025-07-30T17:02:20.447+0000] {logging_mixin.py:190} INFO - [2025-07-30T17:02:20.447+0000] {dag.py:4180} INFO - Setting next_dagrun for dataset_s3_bucket_producer to None, run_after=None
[2025-07-30T17:02:20.468+0000] {processor.py:208} INFO - Processing /home/airflow/.local/lib/python3.12/site-packages/airflow/example_dags/example_dataset_alias.py took 0.813 seconds
[2025-07-30T17:02:50.671+0000] {processor.py:186} INFO - Started process (PID=1238) to work on /home/airflow/.local/lib/python3.12/site-packages/airflow/example_dags/example_dataset_alias.py
[2025-07-30T17:02:50.672+0000] {processor.py:914} INFO - Processing file /home/airflow/.local/lib/python3.12/site-packages/airflow/example_dags/example_dataset_alias.py for tasks to queue
[2025-07-30T17:02:50.676+0000] {logging_mixin.py:190} INFO - [2025-07-30T17:02:50.676+0000] {dagbag.py:588} INFO - Filling up the DagBag from /home/airflow/.local/lib/python3.12/site-packages/airflow/example_dags/example_dataset_alias.py
[2025-07-30T17:02:51.350+0000] {processor.py:925} INFO - DAG(s) 'dataset_alias_example_alias_consumer', 'dataset_alias_example_alias_producer', 'dataset_s3_bucket_consumer', 'dataset_s3_bucket_producer' retrieved from /home/airflow/.local/lib/python3.12/site-packages/airflow/example_dags/example_dataset_alias.py
[2025-07-30T17:02:51.366+0000] {logging_mixin.py:190} INFO - [2025-07-30T17:02:51.365+0000] {dag.py:3239} INFO - Sync 4 DAGs
[2025-07-30T17:02:51.384+0000] {logging_mixin.py:190} INFO - [2025-07-30T17:02:51.384+0000] {dag.py:4180} INFO - Setting next_dagrun for dataset_alias_example_alias_consumer to None, run_after=None
[2025-07-30T17:02:51.386+0000] {logging_mixin.py:190} INFO - [2025-07-30T17:02:51.385+0000] {dag.py:4180} INFO - Setting next_dagrun for dataset_alias_example_alias_producer to None, run_after=None
[2025-07-30T17:02:51.387+0000] {logging_mixin.py:190} INFO - [2025-07-30T17:02:51.387+0000] {dag.py:4180} INFO - Setting next_dagrun for dataset_s3_bucket_consumer to None, run_after=None
[2025-07-30T17:02:51.388+0000] {logging_mixin.py:190} INFO - [2025-07-30T17:02:51.388+0000] {dag.py:4180} INFO - Setting next_dagrun for dataset_s3_bucket_producer to None, run_after=None
[2025-07-30T17:02:51.405+0000] {processor.py:208} INFO - Processing /home/airflow/.local/lib/python3.12/site-packages/airflow/example_dags/example_dataset_alias.py took 0.741 seconds
[2025-07-30T17:03:21.475+0000] {processor.py:186} INFO - Started process (PID=1566) to work on /home/airflow/.local/lib/python3.12/site-packages/airflow/example_dags/example_dataset_alias.py
[2025-07-30T17:03:21.475+0000] {processor.py:914} INFO - Processing file /home/airflow/.local/lib/python3.12/site-packages/airflow/example_dags/example_dataset_alias.py for tasks to queue
[2025-07-30T17:03:21.478+0000] {logging_mixin.py:190} INFO - [2025-07-30T17:03:21.477+0000] {dagbag.py:588} INFO - Filling up the DagBag from /home/airflow/.local/lib/python3.12/site-packages/airflow/example_dags/example_dataset_alias.py
[2025-07-30T17:03:21.964+0000] {processor.py:925} INFO - DAG(s) 'dataset_alias_example_alias_producer', 'dataset_s3_bucket_consumer', 'dataset_s3_bucket_producer', 'dataset_alias_example_alias_consumer' retrieved from /home/airflow/.local/lib/python3.12/site-packages/airflow/example_dags/example_dataset_alias.py
[2025-07-30T17:03:21.980+0000] {logging_mixin.py:190} INFO - [2025-07-30T17:03:21.980+0000] {dag.py:3239} INFO - Sync 4 DAGs
[2025-07-30T17:03:22.000+0000] {logging_mixin.py:190} INFO - [2025-07-30T17:03:22.000+0000] {dag.py:4180} INFO - Setting next_dagrun for dataset_alias_example_alias_consumer to None, run_after=None
[2025-07-30T17:03:22.003+0000] {logging_mixin.py:190} INFO - [2025-07-30T17:03:22.003+0000] {dag.py:4180} INFO - Setting next_dagrun for dataset_alias_example_alias_producer to None, run_after=None
[2025-07-30T17:03:22.005+0000] {logging_mixin.py:190} INFO - [2025-07-30T17:03:22.005+0000] {dag.py:4180} INFO - Setting next_dagrun for dataset_s3_bucket_consumer to None, run_after=None
[2025-07-30T17:03:22.006+0000] {logging_mixin.py:190} INFO - [2025-07-30T17:03:22.006+0000] {dag.py:4180} INFO - Setting next_dagrun for dataset_s3_bucket_producer to None, run_after=None
[2025-07-30T17:03:22.025+0000] {processor.py:208} INFO - Processing /home/airflow/.local/lib/python3.12/site-packages/airflow/example_dags/example_dataset_alias.py took 0.556 seconds
[2025-07-30T17:03:52.630+0000] {processor.py:186} INFO - Started process (PID=1872) to work on /home/airflow/.local/lib/python3.12/site-packages/airflow/example_dags/example_dataset_alias.py
[2025-07-30T17:03:52.631+0000] {processor.py:914} INFO - Processing file /home/airflow/.local/lib/python3.12/site-packages/airflow/example_dags/example_dataset_alias.py for tasks to queue
[2025-07-30T17:03:52.633+0000] {logging_mixin.py:190} INFO - [2025-07-30T17:03:52.632+0000] {dagbag.py:588} INFO - Filling up the DagBag from /home/airflow/.local/lib/python3.12/site-packages/airflow/example_dags/example_dataset_alias.py
[2025-07-30T17:03:53.253+0000] {processor.py:925} INFO - DAG(s) 'dataset_alias_example_alias_producer', 'dataset_s3_bucket_producer', 'dataset_alias_example_alias_consumer', 'dataset_s3_bucket_consumer' retrieved from /home/airflow/.local/lib/python3.12/site-packages/airflow/example_dags/example_dataset_alias.py
[2025-07-30T17:03:53.269+0000] {logging_mixin.py:190} INFO - [2025-07-30T17:03:53.269+0000] {dag.py:3239} INFO - Sync 4 DAGs
[2025-07-30T17:03:53.286+0000] {logging_mixin.py:190} INFO - [2025-07-30T17:03:53.286+0000] {dag.py:4180} INFO - Setting next_dagrun for dataset_alias_example_alias_consumer to None, run_after=None
[2025-07-30T17:03:53.288+0000] {logging_mixin.py:190} INFO - [2025-07-30T17:03:53.288+0000] {dag.py:4180} INFO - Setting next_dagrun for dataset_alias_example_alias_producer to None, run_after=None
[2025-07-30T17:03:53.289+0000] {logging_mixin.py:190} INFO - [2025-07-30T17:03:53.289+0000] {dag.py:4180} INFO - Setting next_dagrun for dataset_s3_bucket_consumer to None, run_after=None
[2025-07-30T17:03:53.290+0000] {logging_mixin.py:190} INFO - [2025-07-30T17:03:53.290+0000] {dag.py:4180} INFO - Setting next_dagrun for dataset_s3_bucket_producer to None, run_after=None
[2025-07-30T17:03:53.306+0000] {processor.py:208} INFO - Processing /home/airflow/.local/lib/python3.12/site-packages/airflow/example_dags/example_dataset_alias.py took 0.680 seconds
[2025-07-30T17:04:23.943+0000] {processor.py:186} INFO - Started process (PID=2183) to work on /home/airflow/.local/lib/python3.12/site-packages/airflow/example_dags/example_dataset_alias.py
[2025-07-30T17:04:23.944+0000] {processor.py:914} INFO - Processing file /home/airflow/.local/lib/python3.12/site-packages/airflow/example_dags/example_dataset_alias.py for tasks to queue
[2025-07-30T17:04:23.946+0000] {logging_mixin.py:190} INFO - [2025-07-30T17:04:23.946+0000] {dagbag.py:588} INFO - Filling up the DagBag from /home/airflow/.local/lib/python3.12/site-packages/airflow/example_dags/example_dataset_alias.py
[2025-07-30T17:04:24.449+0000] {processor.py:925} INFO - DAG(s) 'dataset_alias_example_alias_consumer', 'dataset_s3_bucket_consumer', 'dataset_alias_example_alias_producer', 'dataset_s3_bucket_producer' retrieved from /home/airflow/.local/lib/python3.12/site-packages/airflow/example_dags/example_dataset_alias.py
[2025-07-30T17:04:24.465+0000] {logging_mixin.py:190} INFO - [2025-07-30T17:04:24.465+0000] {dag.py:3239} INFO - Sync 4 DAGs
[2025-07-30T17:04:24.483+0000] {logging_mixin.py:190} INFO - [2025-07-30T17:04:24.483+0000] {dag.py:4180} INFO - Setting next_dagrun for dataset_alias_example_alias_consumer to None, run_after=None
[2025-07-30T17:04:24.485+0000] {logging_mixin.py:190} INFO - [2025-07-30T17:04:24.485+0000] {dag.py:4180} INFO - Setting next_dagrun for dataset_alias_example_alias_producer to None, run_after=None
[2025-07-30T17:04:24.486+0000] {logging_mixin.py:190} INFO - [2025-07-30T17:04:24.486+0000] {dag.py:4180} INFO - Setting next_dagrun for dataset_s3_bucket_consumer to None, run_after=None
[2025-07-30T17:04:24.487+0000] {logging_mixin.py:190} INFO - [2025-07-30T17:04:24.487+0000] {dag.py:4180} INFO - Setting next_dagrun for dataset_s3_bucket_producer to None, run_after=None
[2025-07-30T17:04:24.502+0000] {processor.py:208} INFO - Processing /home/airflow/.local/lib/python3.12/site-packages/airflow/example_dags/example_dataset_alias.py took 0.564 seconds
[2025-07-30T17:04:54.598+0000] {processor.py:186} INFO - Started process (PID=2489) to work on /home/airflow/.local/lib/python3.12/site-packages/airflow/example_dags/example_dataset_alias.py
[2025-07-30T17:04:54.599+0000] {processor.py:914} INFO - Processing file /home/airflow/.local/lib/python3.12/site-packages/airflow/example_dags/example_dataset_alias.py for tasks to queue
[2025-07-30T17:04:54.601+0000] {logging_mixin.py:190} INFO - [2025-07-30T17:04:54.601+0000] {dagbag.py:588} INFO - Filling up the DagBag from /home/airflow/.local/lib/python3.12/site-packages/airflow/example_dags/example_dataset_alias.py
[2025-07-30T17:04:55.088+0000] {processor.py:925} INFO - DAG(s) 'dataset_s3_bucket_producer', 'dataset_alias_example_alias_producer', 'dataset_alias_example_alias_consumer', 'dataset_s3_bucket_consumer' retrieved from /home/airflow/.local/lib/python3.12/site-packages/airflow/example_dags/example_dataset_alias.py
[2025-07-30T17:04:55.105+0000] {logging_mixin.py:190} INFO - [2025-07-30T17:04:55.103+0000] {dag.py:3239} INFO - Sync 4 DAGs
[2025-07-30T17:04:55.123+0000] {logging_mixin.py:190} INFO - [2025-07-30T17:04:55.123+0000] {dag.py:4180} INFO - Setting next_dagrun for dataset_alias_example_alias_consumer to None, run_after=None
[2025-07-30T17:04:55.125+0000] {logging_mixin.py:190} INFO - [2025-07-30T17:04:55.125+0000] {dag.py:4180} INFO - Setting next_dagrun for dataset_alias_example_alias_producer to None, run_after=None
[2025-07-30T17:04:55.126+0000] {logging_mixin.py:190} INFO - [2025-07-30T17:04:55.126+0000] {dag.py:4180} INFO - Setting next_dagrun for dataset_s3_bucket_consumer to None, run_after=None
[2025-07-30T17:04:55.127+0000] {logging_mixin.py:190} INFO - [2025-07-30T17:04:55.127+0000] {dag.py:4180} INFO - Setting next_dagrun for dataset_s3_bucket_producer to None, run_after=None
[2025-07-30T17:04:55.142+0000] {processor.py:208} INFO - Processing /home/airflow/.local/lib/python3.12/site-packages/airflow/example_dags/example_dataset_alias.py took 0.551 seconds
[2025-07-30T17:05:25.379+0000] {processor.py:186} INFO - Started process (PID=2795) to work on /home/airflow/.local/lib/python3.12/site-packages/airflow/example_dags/example_dataset_alias.py
[2025-07-30T17:05:25.380+0000] {processor.py:914} INFO - Processing file /home/airflow/.local/lib/python3.12/site-packages/airflow/example_dags/example_dataset_alias.py for tasks to queue
[2025-07-30T17:05:25.382+0000] {logging_mixin.py:190} INFO - [2025-07-30T17:05:25.381+0000] {dagbag.py:588} INFO - Filling up the DagBag from /home/airflow/.local/lib/python3.12/site-packages/airflow/example_dags/example_dataset_alias.py
[2025-07-30T17:05:26.096+0000] {processor.py:925} INFO - DAG(s) 'dataset_s3_bucket_producer', 'dataset_alias_example_alias_consumer', 'dataset_s3_bucket_consumer', 'dataset_alias_example_alias_producer' retrieved from /home/airflow/.local/lib/python3.12/site-packages/airflow/example_dags/example_dataset_alias.py
[2025-07-30T17:05:26.113+0000] {logging_mixin.py:190} INFO - [2025-07-30T17:05:26.113+0000] {dag.py:3239} INFO - Sync 4 DAGs
[2025-07-30T17:05:26.132+0000] {logging_mixin.py:190} INFO - [2025-07-30T17:05:26.132+0000] {dag.py:4180} INFO - Setting next_dagrun for dataset_alias_example_alias_consumer to None, run_after=None
[2025-07-30T17:05:26.134+0000] {logging_mixin.py:190} INFO - [2025-07-30T17:05:26.134+0000] {dag.py:4180} INFO - Setting next_dagrun for dataset_alias_example_alias_producer to None, run_after=None
[2025-07-30T17:05:26.136+0000] {logging_mixin.py:190} INFO - [2025-07-30T17:05:26.136+0000] {dag.py:4180} INFO - Setting next_dagrun for dataset_s3_bucket_consumer to None, run_after=None
[2025-07-30T17:05:26.137+0000] {logging_mixin.py:190} INFO - [2025-07-30T17:05:26.137+0000] {dag.py:4180} INFO - Setting next_dagrun for dataset_s3_bucket_producer to None, run_after=None
[2025-07-30T17:05:26.156+0000] {processor.py:208} INFO - Processing /home/airflow/.local/lib/python3.12/site-packages/airflow/example_dags/example_dataset_alias.py took 0.783 seconds
[2025-07-30T17:05:56.920+0000] {processor.py:186} INFO - Started process (PID=3121) to work on /home/airflow/.local/lib/python3.12/site-packages/airflow/example_dags/example_dataset_alias.py
[2025-07-30T17:05:56.920+0000] {processor.py:914} INFO - Processing file /home/airflow/.local/lib/python3.12/site-packages/airflow/example_dags/example_dataset_alias.py for tasks to queue
[2025-07-30T17:05:56.922+0000] {logging_mixin.py:190} INFO - [2025-07-30T17:05:56.922+0000] {dagbag.py:588} INFO - Filling up the DagBag from /home/airflow/.local/lib/python3.12/site-packages/airflow/example_dags/example_dataset_alias.py
[2025-07-30T17:05:57.434+0000] {processor.py:925} INFO - DAG(s) 'dataset_alias_example_alias_consumer', 'dataset_alias_example_alias_producer', 'dataset_s3_bucket_producer', 'dataset_s3_bucket_consumer' retrieved from /home/airflow/.local/lib/python3.12/site-packages/airflow/example_dags/example_dataset_alias.py
[2025-07-30T17:05:57.450+0000] {logging_mixin.py:190} INFO - [2025-07-30T17:05:57.449+0000] {dag.py:3239} INFO - Sync 4 DAGs
[2025-07-30T17:05:57.468+0000] {logging_mixin.py:190} INFO - [2025-07-30T17:05:57.468+0000] {dag.py:4180} INFO - Setting next_dagrun for dataset_alias_example_alias_consumer to None, run_after=None
[2025-07-30T17:05:57.470+0000] {logging_mixin.py:190} INFO - [2025-07-30T17:05:57.470+0000] {dag.py:4180} INFO - Setting next_dagrun for dataset_alias_example_alias_producer to None, run_after=None
[2025-07-30T17:05:57.471+0000] {logging_mixin.py:190} INFO - [2025-07-30T17:05:57.471+0000] {dag.py:4180} INFO - Setting next_dagrun for dataset_s3_bucket_consumer to None, run_after=None
[2025-07-30T17:05:57.472+0000] {logging_mixin.py:190} INFO - [2025-07-30T17:05:57.472+0000] {dag.py:4180} INFO - Setting next_dagrun for dataset_s3_bucket_producer to None, run_after=None
[2025-07-30T17:05:57.488+0000] {processor.py:208} INFO - Processing /home/airflow/.local/lib/python3.12/site-packages/airflow/example_dags/example_dataset_alias.py took 0.573 seconds
[2025-07-30T17:06:27.867+0000] {processor.py:186} INFO - Started process (PID=3427) to work on /home/airflow/.local/lib/python3.12/site-packages/airflow/example_dags/example_dataset_alias.py
[2025-07-30T17:06:27.868+0000] {processor.py:914} INFO - Processing file /home/airflow/.local/lib/python3.12/site-packages/airflow/example_dags/example_dataset_alias.py for tasks to queue
[2025-07-30T17:06:27.870+0000] {logging_mixin.py:190} INFO - [2025-07-30T17:06:27.870+0000] {dagbag.py:588} INFO - Filling up the DagBag from /home/airflow/.local/lib/python3.12/site-packages/airflow/example_dags/example_dataset_alias.py
[2025-07-30T17:06:28.455+0000] {processor.py:925} INFO - DAG(s) 'dataset_alias_example_alias_consumer', 'dataset_alias_example_alias_producer', 'dataset_s3_bucket_producer', 'dataset_s3_bucket_consumer' retrieved from /home/airflow/.local/lib/python3.12/site-packages/airflow/example_dags/example_dataset_alias.py
[2025-07-30T17:06:28.478+0000] {logging_mixin.py:190} INFO - [2025-07-30T17:06:28.477+0000] {dag.py:3239} INFO - Sync 4 DAGs
[2025-07-30T17:06:28.500+0000] {logging_mixin.py:190} INFO - [2025-07-30T17:06:28.500+0000] {dag.py:4180} INFO - Setting next_dagrun for dataset_alias_example_alias_consumer to None, run_after=None
[2025-07-30T17:06:28.502+0000] {logging_mixin.py:190} INFO - [2025-07-30T17:06:28.502+0000] {dag.py:4180} INFO - Setting next_dagrun for dataset_alias_example_alias_producer to None, run_after=None
[2025-07-30T17:06:28.505+0000] {logging_mixin.py:190} INFO - [2025-07-30T17:06:28.504+0000] {dag.py:4180} INFO - Setting next_dagrun for dataset_s3_bucket_consumer to None, run_after=None
[2025-07-30T17:06:28.506+0000] {logging_mixin.py:190} INFO - [2025-07-30T17:06:28.505+0000] {dag.py:4180} INFO - Setting next_dagrun for dataset_s3_bucket_producer to None, run_after=None
[2025-07-30T17:06:28.521+0000] {processor.py:208} INFO - Processing /home/airflow/.local/lib/python3.12/site-packages/airflow/example_dags/example_dataset_alias.py took 0.659 seconds
[2025-07-30T17:06:58.794+0000] {processor.py:186} INFO - Started process (PID=3733) to work on /home/airflow/.local/lib/python3.12/site-packages/airflow/example_dags/example_dataset_alias.py
[2025-07-30T17:06:58.795+0000] {processor.py:914} INFO - Processing file /home/airflow/.local/lib/python3.12/site-packages/airflow/example_dags/example_dataset_alias.py for tasks to queue
[2025-07-30T17:06:58.797+0000] {logging_mixin.py:190} INFO - [2025-07-30T17:06:58.796+0000] {dagbag.py:588} INFO - Filling up the DagBag from /home/airflow/.local/lib/python3.12/site-packages/airflow/example_dags/example_dataset_alias.py
[2025-07-30T17:06:59.356+0000] {processor.py:925} INFO - DAG(s) 'dataset_alias_example_alias_producer', 'dataset_s3_bucket_consumer', 'dataset_alias_example_alias_consumer', 'dataset_s3_bucket_producer' retrieved from /home/airflow/.local/lib/python3.12/site-packages/airflow/example_dags/example_dataset_alias.py
[2025-07-30T17:06:59.372+0000] {logging_mixin.py:190} INFO - [2025-07-30T17:06:59.371+0000] {dag.py:3239} INFO - Sync 4 DAGs
[2025-07-30T17:06:59.389+0000] {logging_mixin.py:190} INFO - [2025-07-30T17:06:59.389+0000] {dag.py:4180} INFO - Setting next_dagrun for dataset_alias_example_alias_consumer to None, run_after=None
[2025-07-30T17:06:59.392+0000] {logging_mixin.py:190} INFO - [2025-07-30T17:06:59.392+0000] {dag.py:4180} INFO - Setting next_dagrun for dataset_alias_example_alias_producer to None, run_after=None
[2025-07-30T17:06:59.393+0000] {logging_mixin.py:190} INFO - [2025-07-30T17:06:59.393+0000] {dag.py:4180} INFO - Setting next_dagrun for dataset_s3_bucket_consumer to None, run_after=None
[2025-07-30T17:06:59.395+0000] {logging_mixin.py:190} INFO - [2025-07-30T17:06:59.395+0000] {dag.py:4180} INFO - Setting next_dagrun for dataset_s3_bucket_producer to None, run_after=None
[2025-07-30T17:06:59.414+0000] {processor.py:208} INFO - Processing /home/airflow/.local/lib/python3.12/site-packages/airflow/example_dags/example_dataset_alias.py took 0.626 seconds
[2025-07-30T17:07:30.186+0000] {processor.py:186} INFO - Started process (PID=4044) to work on /home/airflow/.local/lib/python3.12/site-packages/airflow/example_dags/example_dataset_alias.py
[2025-07-30T17:07:30.187+0000] {processor.py:914} INFO - Processing file /home/airflow/.local/lib/python3.12/site-packages/airflow/example_dags/example_dataset_alias.py for tasks to queue
[2025-07-30T17:07:30.189+0000] {logging_mixin.py:190} INFO - [2025-07-30T17:07:30.189+0000] {dagbag.py:588} INFO - Filling up the DagBag from /home/airflow/.local/lib/python3.12/site-packages/airflow/example_dags/example_dataset_alias.py
[2025-07-30T17:07:30.719+0000] {processor.py:925} INFO - DAG(s) 'dataset_s3_bucket_producer', 'dataset_s3_bucket_consumer', 'dataset_alias_example_alias_producer', 'dataset_alias_example_alias_consumer' retrieved from /home/airflow/.local/lib/python3.12/site-packages/airflow/example_dags/example_dataset_alias.py
[2025-07-30T17:07:30.734+0000] {logging_mixin.py:190} INFO - [2025-07-30T17:07:30.734+0000] {dag.py:3239} INFO - Sync 4 DAGs
[2025-07-30T17:07:30.752+0000] {logging_mixin.py:190} INFO - [2025-07-30T17:07:30.751+0000] {dag.py:4180} INFO - Setting next_dagrun for dataset_alias_example_alias_consumer to None, run_after=None
[2025-07-30T17:07:30.754+0000] {logging_mixin.py:190} INFO - [2025-07-30T17:07:30.753+0000] {dag.py:4180} INFO - Setting next_dagrun for dataset_alias_example_alias_producer to None, run_after=None
[2025-07-30T17:07:30.755+0000] {logging_mixin.py:190} INFO - [2025-07-30T17:07:30.755+0000] {dag.py:4180} INFO - Setting next_dagrun for dataset_s3_bucket_consumer to None, run_after=None
[2025-07-30T17:07:30.756+0000] {logging_mixin.py:190} INFO - [2025-07-30T17:07:30.756+0000] {dag.py:4180} INFO - Setting next_dagrun for dataset_s3_bucket_producer to None, run_after=None
[2025-07-30T17:07:30.771+0000] {processor.py:208} INFO - Processing /home/airflow/.local/lib/python3.12/site-packages/airflow/example_dags/example_dataset_alias.py took 0.591 seconds
[2025-07-30T17:08:00.927+0000] {processor.py:186} INFO - Started process (PID=4350) to work on /home/airflow/.local/lib/python3.12/site-packages/airflow/example_dags/example_dataset_alias.py
[2025-07-30T17:08:00.928+0000] {processor.py:914} INFO - Processing file /home/airflow/.local/lib/python3.12/site-packages/airflow/example_dags/example_dataset_alias.py for tasks to queue
[2025-07-30T17:08:00.930+0000] {logging_mixin.py:190} INFO - [2025-07-30T17:08:00.930+0000] {dagbag.py:588} INFO - Filling up the DagBag from /home/airflow/.local/lib/python3.12/site-packages/airflow/example_dags/example_dataset_alias.py
[2025-07-30T17:08:01.655+0000] {processor.py:925} INFO - DAG(s) 'dataset_s3_bucket_consumer', 'dataset_alias_example_alias_producer', 'dataset_alias_example_alias_consumer', 'dataset_s3_bucket_producer' retrieved from /home/airflow/.local/lib/python3.12/site-packages/airflow/example_dags/example_dataset_alias.py
[2025-07-30T17:08:01.671+0000] {logging_mixin.py:190} INFO - [2025-07-30T17:08:01.671+0000] {dag.py:3239} INFO - Sync 4 DAGs
[2025-07-30T17:08:01.689+0000] {logging_mixin.py:190} INFO - [2025-07-30T17:08:01.689+0000] {dag.py:4180} INFO - Setting next_dagrun for dataset_alias_example_alias_consumer to None, run_after=None
[2025-07-30T17:08:01.691+0000] {logging_mixin.py:190} INFO - [2025-07-30T17:08:01.691+0000] {dag.py:4180} INFO - Setting next_dagrun for dataset_alias_example_alias_producer to None, run_after=None
[2025-07-30T17:08:01.692+0000] {logging_mixin.py:190} INFO - [2025-07-30T17:08:01.692+0000] {dag.py:4180} INFO - Setting next_dagrun for dataset_s3_bucket_consumer to None, run_after=None
[2025-07-30T17:08:01.693+0000] {logging_mixin.py:190} INFO - [2025-07-30T17:08:01.693+0000] {dag.py:4180} INFO - Setting next_dagrun for dataset_s3_bucket_producer to None, run_after=None
[2025-07-30T17:08:01.709+0000] {processor.py:208} INFO - Processing /home/airflow/.local/lib/python3.12/site-packages/airflow/example_dags/example_dataset_alias.py took 0.787 seconds
[2025-07-30T17:08:32.357+0000] {processor.py:186} INFO - Started process (PID=4666) to work on /home/airflow/.local/lib/python3.12/site-packages/airflow/example_dags/example_dataset_alias.py
[2025-07-30T17:08:32.358+0000] {processor.py:914} INFO - Processing file /home/airflow/.local/lib/python3.12/site-packages/airflow/example_dags/example_dataset_alias.py for tasks to queue
[2025-07-30T17:08:32.361+0000] {logging_mixin.py:190} INFO - [2025-07-30T17:08:32.361+0000] {dagbag.py:588} INFO - Filling up the DagBag from /home/airflow/.local/lib/python3.12/site-packages/airflow/example_dags/example_dataset_alias.py
[2025-07-30T17:08:32.922+0000] {processor.py:925} INFO - DAG(s) 'dataset_alias_example_alias_producer', 'dataset_s3_bucket_producer', 'dataset_s3_bucket_consumer', 'dataset_alias_example_alias_consumer' retrieved from /home/airflow/.local/lib/python3.12/site-packages/airflow/example_dags/example_dataset_alias.py
[2025-07-30T17:08:32.945+0000] {logging_mixin.py:190} INFO - [2025-07-30T17:08:32.945+0000] {dag.py:3239} INFO - Sync 4 DAGs
[2025-07-30T17:08:32.964+0000] {logging_mixin.py:190} INFO - [2025-07-30T17:08:32.964+0000] {dag.py:4180} INFO - Setting next_dagrun for dataset_alias_example_alias_consumer to None, run_after=None
[2025-07-30T17:08:32.966+0000] {logging_mixin.py:190} INFO - [2025-07-30T17:08:32.966+0000] {dag.py:4180} INFO - Setting next_dagrun for dataset_alias_example_alias_producer to None, run_after=None
[2025-07-30T17:08:32.967+0000] {logging_mixin.py:190} INFO - [2025-07-30T17:08:32.967+0000] {dag.py:4180} INFO - Setting next_dagrun for dataset_s3_bucket_consumer to None, run_after=None
[2025-07-30T17:08:32.968+0000] {logging_mixin.py:190} INFO - [2025-07-30T17:08:32.968+0000] {dag.py:4180} INFO - Setting next_dagrun for dataset_s3_bucket_producer to None, run_after=None
[2025-07-30T17:08:32.984+0000] {processor.py:208} INFO - Processing /home/airflow/.local/lib/python3.12/site-packages/airflow/example_dags/example_dataset_alias.py took 0.633 seconds
[2025-07-30T17:09:03.514+0000] {processor.py:186} INFO - Started process (PID=4977) to work on /home/airflow/.local/lib/python3.12/site-packages/airflow/example_dags/example_dataset_alias.py
[2025-07-30T17:09:03.514+0000] {processor.py:914} INFO - Processing file /home/airflow/.local/lib/python3.12/site-packages/airflow/example_dags/example_dataset_alias.py for tasks to queue
[2025-07-30T17:09:03.516+0000] {logging_mixin.py:190} INFO - [2025-07-30T17:09:03.516+0000] {dagbag.py:588} INFO - Filling up the DagBag from /home/airflow/.local/lib/python3.12/site-packages/airflow/example_dags/example_dataset_alias.py
[2025-07-30T17:09:03.990+0000] {processor.py:925} INFO - DAG(s) 'dataset_s3_bucket_producer', 'dataset_alias_example_alias_consumer', 'dataset_alias_example_alias_producer', 'dataset_s3_bucket_consumer' retrieved from /home/airflow/.local/lib/python3.12/site-packages/airflow/example_dags/example_dataset_alias.py
[2025-07-30T17:09:04.007+0000] {logging_mixin.py:190} INFO - [2025-07-30T17:09:04.006+0000] {dag.py:3239} INFO - Sync 4 DAGs
[2025-07-30T17:09:04.024+0000] {logging_mixin.py:190} INFO - [2025-07-30T17:09:04.024+0000] {dag.py:4180} INFO - Setting next_dagrun for dataset_alias_example_alias_consumer to None, run_after=None
[2025-07-30T17:09:04.026+0000] {logging_mixin.py:190} INFO - [2025-07-30T17:09:04.026+0000] {dag.py:4180} INFO - Setting next_dagrun for dataset_alias_example_alias_producer to None, run_after=None
[2025-07-30T17:09:04.027+0000] {logging_mixin.py:190} INFO - [2025-07-30T17:09:04.027+0000] {dag.py:4180} INFO - Setting next_dagrun for dataset_s3_bucket_consumer to None, run_after=None
[2025-07-30T17:09:04.028+0000] {logging_mixin.py:190} INFO - [2025-07-30T17:09:04.028+0000] {dag.py:4180} INFO - Setting next_dagrun for dataset_s3_bucket_producer to None, run_after=None
[2025-07-30T17:09:04.045+0000] {processor.py:208} INFO - Processing /home/airflow/.local/lib/python3.12/site-packages/airflow/example_dags/example_dataset_alias.py took 0.535 seconds
[2025-07-30T17:09:34.421+0000] {processor.py:186} INFO - Started process (PID=5283) to work on /home/airflow/.local/lib/python3.12/site-packages/airflow/example_dags/example_dataset_alias.py
[2025-07-30T17:09:34.422+0000] {processor.py:914} INFO - Processing file /home/airflow/.local/lib/python3.12/site-packages/airflow/example_dags/example_dataset_alias.py for tasks to queue
[2025-07-30T17:09:34.424+0000] {logging_mixin.py:190} INFO - [2025-07-30T17:09:34.423+0000] {dagbag.py:588} INFO - Filling up the DagBag from /home/airflow/.local/lib/python3.12/site-packages/airflow/example_dags/example_dataset_alias.py
[2025-07-30T17:09:34.961+0000] {processor.py:925} INFO - DAG(s) 'dataset_s3_bucket_consumer', 'dataset_s3_bucket_producer', 'dataset_alias_example_alias_producer', 'dataset_alias_example_alias_consumer' retrieved from /home/airflow/.local/lib/python3.12/site-packages/airflow/example_dags/example_dataset_alias.py
[2025-07-30T17:09:34.977+0000] {logging_mixin.py:190} INFO - [2025-07-30T17:09:34.976+0000] {dag.py:3239} INFO - Sync 4 DAGs
[2025-07-30T17:09:34.995+0000] {logging_mixin.py:190} INFO - [2025-07-30T17:09:34.995+0000] {dag.py:4180} INFO - Setting next_dagrun for dataset_alias_example_alias_consumer to None, run_after=None
[2025-07-30T17:09:34.997+0000] {logging_mixin.py:190} INFO - [2025-07-30T17:09:34.996+0000] {dag.py:4180} INFO - Setting next_dagrun for dataset_alias_example_alias_producer to None, run_after=None
[2025-07-30T17:09:34.998+0000] {logging_mixin.py:190} INFO - [2025-07-30T17:09:34.998+0000] {dag.py:4180} INFO - Setting next_dagrun for dataset_s3_bucket_consumer to None, run_after=None
[2025-07-30T17:09:34.999+0000] {logging_mixin.py:190} INFO - [2025-07-30T17:09:34.999+0000] {dag.py:4180} INFO - Setting next_dagrun for dataset_s3_bucket_producer to None, run_after=None
[2025-07-30T17:09:35.014+0000] {processor.py:208} INFO - Processing /home/airflow/.local/lib/python3.12/site-packages/airflow/example_dags/example_dataset_alias.py took 0.598 seconds
[2025-07-30T17:10:05.685+0000] {processor.py:186} INFO - Started process (PID=5589) to work on /home/airflow/.local/lib/python3.12/site-packages/airflow/example_dags/example_dataset_alias.py
[2025-07-30T17:10:05.686+0000] {processor.py:914} INFO - Processing file /home/airflow/.local/lib/python3.12/site-packages/airflow/example_dags/example_dataset_alias.py for tasks to queue
[2025-07-30T17:10:05.689+0000] {logging_mixin.py:190} INFO - [2025-07-30T17:10:05.688+0000] {dagbag.py:588} INFO - Filling up the DagBag from /home/airflow/.local/lib/python3.12/site-packages/airflow/example_dags/example_dataset_alias.py
[2025-07-30T17:10:06.562+0000] {processor.py:925} INFO - DAG(s) 'dataset_s3_bucket_consumer', 'dataset_alias_example_alias_producer', 'dataset_s3_bucket_producer', 'dataset_alias_example_alias_consumer' retrieved from /home/airflow/.local/lib/python3.12/site-packages/airflow/example_dags/example_dataset_alias.py
[2025-07-30T17:10:06.578+0000] {logging_mixin.py:190} INFO - [2025-07-30T17:10:06.577+0000] {dag.py:3239} INFO - Sync 4 DAGs
[2025-07-30T17:10:06.598+0000] {logging_mixin.py:190} INFO - [2025-07-30T17:10:06.598+0000] {dag.py:4180} INFO - Setting next_dagrun for dataset_alias_example_alias_consumer to None, run_after=None
[2025-07-30T17:10:06.600+0000] {logging_mixin.py:190} INFO - [2025-07-30T17:10:06.600+0000] {dag.py:4180} INFO - Setting next_dagrun for dataset_alias_example_alias_producer to None, run_after=None
[2025-07-30T17:10:06.601+0000] {logging_mixin.py:190} INFO - [2025-07-30T17:10:06.601+0000] {dag.py:4180} INFO - Setting next_dagrun for dataset_s3_bucket_consumer to None, run_after=None
[2025-07-30T17:10:06.602+0000] {logging_mixin.py:190} INFO - [2025-07-30T17:10:06.602+0000] {dag.py:4180} INFO - Setting next_dagrun for dataset_s3_bucket_producer to None, run_after=None
[2025-07-30T17:10:06.618+0000] {processor.py:208} INFO - Processing /home/airflow/.local/lib/python3.12/site-packages/airflow/example_dags/example_dataset_alias.py took 0.938 seconds
[2025-07-30T17:10:36.900+0000] {processor.py:186} INFO - Started process (PID=5918) to work on /home/airflow/.local/lib/python3.12/site-packages/airflow/example_dags/example_dataset_alias.py
[2025-07-30T17:10:36.901+0000] {processor.py:914} INFO - Processing file /home/airflow/.local/lib/python3.12/site-packages/airflow/example_dags/example_dataset_alias.py for tasks to queue
[2025-07-30T17:10:36.904+0000] {logging_mixin.py:190} INFO - [2025-07-30T17:10:36.903+0000] {dagbag.py:588} INFO - Filling up the DagBag from /home/airflow/.local/lib/python3.12/site-packages/airflow/example_dags/example_dataset_alias.py
[2025-07-30T17:10:37.558+0000] {processor.py:925} INFO - DAG(s) 'dataset_s3_bucket_consumer', 'dataset_s3_bucket_producer', 'dataset_alias_example_alias_consumer', 'dataset_alias_example_alias_producer' retrieved from /home/airflow/.local/lib/python3.12/site-packages/airflow/example_dags/example_dataset_alias.py
[2025-07-30T17:10:37.574+0000] {logging_mixin.py:190} INFO - [2025-07-30T17:10:37.573+0000] {dag.py:3239} INFO - Sync 4 DAGs
[2025-07-30T17:10:37.592+0000] {logging_mixin.py:190} INFO - [2025-07-30T17:10:37.592+0000] {dag.py:4180} INFO - Setting next_dagrun for dataset_alias_example_alias_consumer to None, run_after=None
[2025-07-30T17:10:37.594+0000] {logging_mixin.py:190} INFO - [2025-07-30T17:10:37.594+0000] {dag.py:4180} INFO - Setting next_dagrun for dataset_alias_example_alias_producer to None, run_after=None
[2025-07-30T17:10:37.595+0000] {logging_mixin.py:190} INFO - [2025-07-30T17:10:37.595+0000] {dag.py:4180} INFO - Setting next_dagrun for dataset_s3_bucket_consumer to None, run_after=None
[2025-07-30T17:10:37.596+0000] {logging_mixin.py:190} INFO - [2025-07-30T17:10:37.596+0000] {dag.py:4180} INFO - Setting next_dagrun for dataset_s3_bucket_producer to None, run_after=None
[2025-07-30T17:10:37.612+0000] {processor.py:208} INFO - Processing /home/airflow/.local/lib/python3.12/site-packages/airflow/example_dags/example_dataset_alias.py took 0.733 seconds
[2025-07-30T17:11:08.359+0000] {processor.py:186} INFO - Started process (PID=6226) to work on /home/airflow/.local/lib/python3.12/site-packages/airflow/example_dags/example_dataset_alias.py
[2025-07-30T17:11:08.360+0000] {processor.py:914} INFO - Processing file /home/airflow/.local/lib/python3.12/site-packages/airflow/example_dags/example_dataset_alias.py for tasks to queue
[2025-07-30T17:11:08.362+0000] {logging_mixin.py:190} INFO - [2025-07-30T17:11:08.361+0000] {dagbag.py:588} INFO - Filling up the DagBag from /home/airflow/.local/lib/python3.12/site-packages/airflow/example_dags/example_dataset_alias.py
[2025-07-30T17:11:08.953+0000] {processor.py:925} INFO - DAG(s) 'dataset_alias_example_alias_producer', 'dataset_alias_example_alias_consumer', 'dataset_s3_bucket_producer', 'dataset_s3_bucket_consumer' retrieved from /home/airflow/.local/lib/python3.12/site-packages/airflow/example_dags/example_dataset_alias.py
[2025-07-30T17:11:08.977+0000] {logging_mixin.py:190} INFO - [2025-07-30T17:11:08.976+0000] {dag.py:3239} INFO - Sync 4 DAGs
[2025-07-30T17:11:09.007+0000] {logging_mixin.py:190} INFO - [2025-07-30T17:11:09.006+0000] {dag.py:4180} INFO - Setting next_dagrun for dataset_alias_example_alias_consumer to None, run_after=None
[2025-07-30T17:11:09.009+0000] {logging_mixin.py:190} INFO - [2025-07-30T17:11:09.009+0000] {dag.py:4180} INFO - Setting next_dagrun for dataset_alias_example_alias_producer to None, run_after=None
[2025-07-30T17:11:09.010+0000] {logging_mixin.py:190} INFO - [2025-07-30T17:11:09.010+0000] {dag.py:4180} INFO - Setting next_dagrun for dataset_s3_bucket_consumer to None, run_after=None
[2025-07-30T17:11:09.011+0000] {logging_mixin.py:190} INFO - [2025-07-30T17:11:09.011+0000] {dag.py:4180} INFO - Setting next_dagrun for dataset_s3_bucket_producer to None, run_after=None
[2025-07-30T17:11:09.027+0000] {processor.py:208} INFO - Processing /home/airflow/.local/lib/python3.12/site-packages/airflow/example_dags/example_dataset_alias.py took 0.672 seconds
[2025-07-30T17:11:39.405+0000] {processor.py:186} INFO - Started process (PID=6532) to work on /home/airflow/.local/lib/python3.12/site-packages/airflow/example_dags/example_dataset_alias.py
[2025-07-30T17:11:39.406+0000] {processor.py:914} INFO - Processing file /home/airflow/.local/lib/python3.12/site-packages/airflow/example_dags/example_dataset_alias.py for tasks to queue
[2025-07-30T17:11:39.409+0000] {logging_mixin.py:190} INFO - [2025-07-30T17:11:39.408+0000] {dagbag.py:588} INFO - Filling up the DagBag from /home/airflow/.local/lib/python3.12/site-packages/airflow/example_dags/example_dataset_alias.py
[2025-07-30T17:11:39.911+0000] {processor.py:925} INFO - DAG(s) 'dataset_s3_bucket_producer', 'dataset_alias_example_alias_consumer', 'dataset_alias_example_alias_producer', 'dataset_s3_bucket_consumer' retrieved from /home/airflow/.local/lib/python3.12/site-packages/airflow/example_dags/example_dataset_alias.py
[2025-07-30T17:11:39.927+0000] {logging_mixin.py:190} INFO - [2025-07-30T17:11:39.926+0000] {dag.py:3239} INFO - Sync 4 DAGs
[2025-07-30T17:11:39.944+0000] {logging_mixin.py:190} INFO - [2025-07-30T17:11:39.944+0000] {dag.py:4180} INFO - Setting next_dagrun for dataset_alias_example_alias_consumer to None, run_after=None
[2025-07-30T17:11:39.946+0000] {logging_mixin.py:190} INFO - [2025-07-30T17:11:39.946+0000] {dag.py:4180} INFO - Setting next_dagrun for dataset_alias_example_alias_producer to None, run_after=None
[2025-07-30T17:11:39.947+0000] {logging_mixin.py:190} INFO - [2025-07-30T17:11:39.947+0000] {dag.py:4180} INFO - Setting next_dagrun for dataset_s3_bucket_consumer to None, run_after=None
[2025-07-30T17:11:39.948+0000] {logging_mixin.py:190} INFO - [2025-07-30T17:11:39.948+0000] {dag.py:4180} INFO - Setting next_dagrun for dataset_s3_bucket_producer to None, run_after=None
[2025-07-30T17:11:39.964+0000] {processor.py:208} INFO - Processing /home/airflow/.local/lib/python3.12/site-packages/airflow/example_dags/example_dataset_alias.py took 0.565 seconds
[2025-07-30T17:12:10.458+0000] {processor.py:186} INFO - Started process (PID=6844) to work on /home/airflow/.local/lib/python3.12/site-packages/airflow/example_dags/example_dataset_alias.py
[2025-07-30T17:12:10.459+0000] {processor.py:914} INFO - Processing file /home/airflow/.local/lib/python3.12/site-packages/airflow/example_dags/example_dataset_alias.py for tasks to queue
[2025-07-30T17:12:10.464+0000] {logging_mixin.py:190} INFO - [2025-07-30T17:12:10.464+0000] {dagbag.py:588} INFO - Filling up the DagBag from /home/airflow/.local/lib/python3.12/site-packages/airflow/example_dags/example_dataset_alias.py
[2025-07-30T17:12:11.049+0000] {processor.py:925} INFO - DAG(s) 'dataset_s3_bucket_consumer', 'dataset_alias_example_alias_consumer', 'dataset_s3_bucket_producer', 'dataset_alias_example_alias_producer' retrieved from /home/airflow/.local/lib/python3.12/site-packages/airflow/example_dags/example_dataset_alias.py
[2025-07-30T17:12:11.065+0000] {logging_mixin.py:190} INFO - [2025-07-30T17:12:11.065+0000] {dag.py:3239} INFO - Sync 4 DAGs
[2025-07-30T17:12:11.082+0000] {logging_mixin.py:190} INFO - [2025-07-30T17:12:11.082+0000] {dag.py:4180} INFO - Setting next_dagrun for dataset_alias_example_alias_consumer to None, run_after=None
[2025-07-30T17:12:11.084+0000] {logging_mixin.py:190} INFO - [2025-07-30T17:12:11.084+0000] {dag.py:4180} INFO - Setting next_dagrun for dataset_alias_example_alias_producer to None, run_after=None
[2025-07-30T17:12:11.085+0000] {logging_mixin.py:190} INFO - [2025-07-30T17:12:11.085+0000] {dag.py:4180} INFO - Setting next_dagrun for dataset_s3_bucket_consumer to None, run_after=None
[2025-07-30T17:12:11.086+0000] {logging_mixin.py:190} INFO - [2025-07-30T17:12:11.086+0000] {dag.py:4180} INFO - Setting next_dagrun for dataset_s3_bucket_producer to None, run_after=None
[2025-07-30T17:12:11.102+0000] {processor.py:208} INFO - Processing /home/airflow/.local/lib/python3.12/site-packages/airflow/example_dags/example_dataset_alias.py took 0.654 seconds
[2025-07-30T17:12:41.793+0000] {processor.py:186} INFO - Started process (PID=7155) to work on /home/airflow/.local/lib/python3.12/site-packages/airflow/example_dags/example_dataset_alias.py
[2025-07-30T17:12:41.794+0000] {processor.py:914} INFO - Processing file /home/airflow/.local/lib/python3.12/site-packages/airflow/example_dags/example_dataset_alias.py for tasks to queue
[2025-07-30T17:12:41.796+0000] {logging_mixin.py:190} INFO - [2025-07-30T17:12:41.795+0000] {dagbag.py:588} INFO - Filling up the DagBag from /home/airflow/.local/lib/python3.12/site-packages/airflow/example_dags/example_dataset_alias.py
[2025-07-30T17:12:42.637+0000] {processor.py:925} INFO - DAG(s) 'dataset_s3_bucket_consumer', 'dataset_alias_example_alias_producer', 'dataset_alias_example_alias_consumer', 'dataset_s3_bucket_producer' retrieved from /home/airflow/.local/lib/python3.12/site-packages/airflow/example_dags/example_dataset_alias.py
[2025-07-30T17:12:42.656+0000] {logging_mixin.py:190} INFO - [2025-07-30T17:12:42.655+0000] {dag.py:3239} INFO - Sync 4 DAGs
[2025-07-30T17:12:42.673+0000] {logging_mixin.py:190} INFO - [2025-07-30T17:12:42.673+0000] {dag.py:4180} INFO - Setting next_dagrun for dataset_alias_example_alias_consumer to None, run_after=None
[2025-07-30T17:12:42.675+0000] {logging_mixin.py:190} INFO - [2025-07-30T17:12:42.675+0000] {dag.py:4180} INFO - Setting next_dagrun for dataset_alias_example_alias_producer to None, run_after=None
[2025-07-30T17:12:42.677+0000] {logging_mixin.py:190} INFO - [2025-07-30T17:12:42.676+0000] {dag.py:4180} INFO - Setting next_dagrun for dataset_s3_bucket_consumer to None, run_after=None
[2025-07-30T17:12:42.678+0000] {logging_mixin.py:190} INFO - [2025-07-30T17:12:42.677+0000] {dag.py:4180} INFO - Setting next_dagrun for dataset_s3_bucket_producer to None, run_after=None
[2025-07-30T17:12:42.693+0000] {processor.py:208} INFO - Processing /home/airflow/.local/lib/python3.12/site-packages/airflow/example_dags/example_dataset_alias.py took 0.906 seconds
[2025-07-30T17:13:12.820+0000] {processor.py:186} INFO - Started process (PID=7475) to work on /home/airflow/.local/lib/python3.12/site-packages/airflow/example_dags/example_dataset_alias.py
[2025-07-30T17:13:12.820+0000] {processor.py:914} INFO - Processing file /home/airflow/.local/lib/python3.12/site-packages/airflow/example_dags/example_dataset_alias.py for tasks to queue
[2025-07-30T17:13:12.822+0000] {logging_mixin.py:190} INFO - [2025-07-30T17:13:12.822+0000] {dagbag.py:588} INFO - Filling up the DagBag from /home/airflow/.local/lib/python3.12/site-packages/airflow/example_dags/example_dataset_alias.py
[2025-07-30T17:13:13.297+0000] {processor.py:925} INFO - DAG(s) 'dataset_s3_bucket_consumer', 'dataset_alias_example_alias_consumer', 'dataset_s3_bucket_producer', 'dataset_alias_example_alias_producer' retrieved from /home/airflow/.local/lib/python3.12/site-packages/airflow/example_dags/example_dataset_alias.py
[2025-07-30T17:13:13.313+0000] {logging_mixin.py:190} INFO - [2025-07-30T17:13:13.313+0000] {dag.py:3239} INFO - Sync 4 DAGs
[2025-07-30T17:13:13.330+0000] {logging_mixin.py:190} INFO - [2025-07-30T17:13:13.330+0000] {dag.py:4180} INFO - Setting next_dagrun for dataset_alias_example_alias_consumer to None, run_after=None
[2025-07-30T17:13:13.332+0000] {logging_mixin.py:190} INFO - [2025-07-30T17:13:13.332+0000] {dag.py:4180} INFO - Setting next_dagrun for dataset_alias_example_alias_producer to None, run_after=None
[2025-07-30T17:13:13.334+0000] {logging_mixin.py:190} INFO - [2025-07-30T17:13:13.333+0000] {dag.py:4180} INFO - Setting next_dagrun for dataset_s3_bucket_consumer to None, run_after=None
[2025-07-30T17:13:13.335+0000] {logging_mixin.py:190} INFO - [2025-07-30T17:13:13.334+0000] {dag.py:4180} INFO - Setting next_dagrun for dataset_s3_bucket_producer to None, run_after=None
[2025-07-30T17:13:13.350+0000] {processor.py:208} INFO - Processing /home/airflow/.local/lib/python3.12/site-packages/airflow/example_dags/example_dataset_alias.py took 0.537 seconds
