[2025-07-30T17:01:22.657+0000] {processor.py:186} INFO - Started process (PID=384) to work on /home/airflow/.local/lib/python3.12/site-packages/airflow/example_dags/example_datasets.py
[2025-07-30T17:01:22.658+0000] {processor.py:914} INFO - Processing file /home/airflow/.local/lib/python3.12/site-packages/airflow/example_dags/example_datasets.py for tasks to queue
[2025-07-30T17:01:22.660+0000] {logging_mixin.py:190} INFO - [2025-07-30T17:01:22.660+0000] {dagbag.py:588} INFO - Filling up the DagBag from /home/airflow/.local/lib/python3.12/site-packages/airflow/example_dags/example_datasets.py
[2025-07-30T17:01:23.681+0000] {processor.py:925} INFO - DAG(s) 'consume_1_and_2_with_dataset_expressions', 'dataset_consumes_1', 'consume_1_or_both_2_and_3_with_dataset_expressions', 'consume_1_or_2_with_dataset_expressions', 'conditional_dataset_and_time_based_timetable', 'dataset_produces_1', 'dataset_consumes_unknown_never_scheduled', 'dataset_consumes_1_and_2', 'dataset_consumes_1_never_scheduled', 'dataset_produces_2' retrieved from /home/airflow/.local/lib/python3.12/site-packages/airflow/example_dags/example_datasets.py
[2025-07-30T17:01:24.253+0000] {logging_mixin.py:190} INFO - [2025-07-30T17:01:24.252+0000] {override.py:1911} INFO - Created Permission View: can read on DAG:consume_1_and_2_with_dataset_expressions
[2025-07-30T17:01:24.270+0000] {logging_mixin.py:190} INFO - [2025-07-30T17:01:24.270+0000] {override.py:1911} INFO - Created Permission View: can delete on DAG:consume_1_and_2_with_dataset_expressions
[2025-07-30T17:01:24.279+0000] {logging_mixin.py:190} INFO - [2025-07-30T17:01:24.279+0000] {override.py:1911} INFO - Created Permission View: can edit on DAG:consume_1_and_2_with_dataset_expressions
[2025-07-30T17:01:24.300+0000] {logging_mixin.py:190} INFO - [2025-07-30T17:01:24.300+0000] {override.py:1911} INFO - Created Permission View: can read on DAG Run:consume_1_and_2_with_dataset_expressions
[2025-07-30T17:01:24.324+0000] {logging_mixin.py:190} INFO - [2025-07-30T17:01:24.323+0000] {override.py:1911} INFO - Created Permission View: menu access on DAG Run:consume_1_and_2_with_dataset_expressions
[2025-07-30T17:01:24.350+0000] {logging_mixin.py:190} INFO - [2025-07-30T17:01:24.350+0000] {override.py:1911} INFO - Created Permission View: can delete on DAG Run:consume_1_and_2_with_dataset_expressions
[2025-07-30T17:01:24.367+0000] {logging_mixin.py:190} INFO - [2025-07-30T17:01:24.366+0000] {override.py:1911} INFO - Created Permission View: can create on DAG Run:consume_1_and_2_with_dataset_expressions
[2025-07-30T17:01:24.392+0000] {logging_mixin.py:190} INFO - [2025-07-30T17:01:24.391+0000] {override.py:1911} INFO - Created Permission View: can read on DAG:dataset_consumes_1
[2025-07-30T17:01:24.402+0000] {logging_mixin.py:190} INFO - [2025-07-30T17:01:24.402+0000] {override.py:1911} INFO - Created Permission View: can delete on DAG:dataset_consumes_1
[2025-07-30T17:01:24.418+0000] {logging_mixin.py:190} INFO - [2025-07-30T17:01:24.417+0000] {override.py:1911} INFO - Created Permission View: can edit on DAG:dataset_consumes_1
[2025-07-30T17:01:24.432+0000] {logging_mixin.py:190} INFO - [2025-07-30T17:01:24.432+0000] {override.py:1911} INFO - Created Permission View: can read on DAG Run:dataset_consumes_1
[2025-07-30T17:01:24.440+0000] {logging_mixin.py:190} INFO - [2025-07-30T17:01:24.440+0000] {override.py:1911} INFO - Created Permission View: menu access on DAG Run:dataset_consumes_1
[2025-07-30T17:01:24.448+0000] {logging_mixin.py:190} INFO - [2025-07-30T17:01:24.448+0000] {override.py:1911} INFO - Created Permission View: can delete on DAG Run:dataset_consumes_1
[2025-07-30T17:01:24.474+0000] {logging_mixin.py:190} INFO - [2025-07-30T17:01:24.473+0000] {override.py:1911} INFO - Created Permission View: can create on DAG Run:dataset_consumes_1
[2025-07-30T17:01:24.530+0000] {logging_mixin.py:190} INFO - [2025-07-30T17:01:24.527+0000] {override.py:1911} INFO - Created Permission View: can read on DAG:consume_1_or_both_2_and_3_with_dataset_expressions
[2025-07-30T17:01:24.547+0000] {logging_mixin.py:190} INFO - [2025-07-30T17:01:24.546+0000] {override.py:1911} INFO - Created Permission View: can delete on DAG:consume_1_or_both_2_and_3_with_dataset_expressions
[2025-07-30T17:01:24.564+0000] {logging_mixin.py:190} INFO - [2025-07-30T17:01:24.563+0000] {override.py:1911} INFO - Created Permission View: can edit on DAG:consume_1_or_both_2_and_3_with_dataset_expressions
[2025-07-30T17:01:24.579+0000] {logging_mixin.py:190} INFO - [2025-07-30T17:01:24.578+0000] {override.py:1911} INFO - Created Permission View: can read on DAG Run:consume_1_or_both_2_and_3_with_dataset_expressions
[2025-07-30T17:01:24.593+0000] {logging_mixin.py:190} INFO - [2025-07-30T17:01:24.593+0000] {override.py:1911} INFO - Created Permission View: menu access on DAG Run:consume_1_or_both_2_and_3_with_dataset_expressions
[2025-07-30T17:01:24.609+0000] {logging_mixin.py:190} INFO - [2025-07-30T17:01:24.609+0000] {override.py:1911} INFO - Created Permission View: can delete on DAG Run:consume_1_or_both_2_and_3_with_dataset_expressions
[2025-07-30T17:01:24.622+0000] {logging_mixin.py:190} INFO - [2025-07-30T17:01:24.622+0000] {override.py:1911} INFO - Created Permission View: can create on DAG Run:consume_1_or_both_2_and_3_with_dataset_expressions
[2025-07-30T17:01:24.647+0000] {logging_mixin.py:190} INFO - [2025-07-30T17:01:24.646+0000] {override.py:1911} INFO - Created Permission View: can read on DAG:consume_1_or_2_with_dataset_expressions
[2025-07-30T17:01:24.658+0000] {logging_mixin.py:190} INFO - [2025-07-30T17:01:24.658+0000] {override.py:1911} INFO - Created Permission View: can delete on DAG:consume_1_or_2_with_dataset_expressions
[2025-07-30T17:01:24.669+0000] {logging_mixin.py:190} INFO - [2025-07-30T17:01:24.669+0000] {override.py:1911} INFO - Created Permission View: can edit on DAG:consume_1_or_2_with_dataset_expressions
[2025-07-30T17:01:24.675+0000] {logging_mixin.py:190} INFO - [2025-07-30T17:01:24.675+0000] {override.py:1911} INFO - Created Permission View: can read on DAG Run:consume_1_or_2_with_dataset_expressions
[2025-07-30T17:01:24.694+0000] {logging_mixin.py:190} INFO - [2025-07-30T17:01:24.694+0000] {override.py:1911} INFO - Created Permission View: menu access on DAG Run:consume_1_or_2_with_dataset_expressions
[2025-07-30T17:01:24.704+0000] {logging_mixin.py:190} INFO - [2025-07-30T17:01:24.704+0000] {override.py:1911} INFO - Created Permission View: can delete on DAG Run:consume_1_or_2_with_dataset_expressions
[2025-07-30T17:01:24.722+0000] {logging_mixin.py:190} INFO - [2025-07-30T17:01:24.721+0000] {override.py:1911} INFO - Created Permission View: can create on DAG Run:consume_1_or_2_with_dataset_expressions
[2025-07-30T17:01:24.742+0000] {logging_mixin.py:190} INFO - [2025-07-30T17:01:24.741+0000] {override.py:1911} INFO - Created Permission View: can read on DAG:conditional_dataset_and_time_based_timetable
[2025-07-30T17:01:24.756+0000] {logging_mixin.py:190} INFO - [2025-07-30T17:01:24.756+0000] {override.py:1911} INFO - Created Permission View: can delete on DAG:conditional_dataset_and_time_based_timetable
[2025-07-30T17:01:24.766+0000] {logging_mixin.py:190} INFO - [2025-07-30T17:01:24.766+0000] {override.py:1911} INFO - Created Permission View: can edit on DAG:conditional_dataset_and_time_based_timetable
[2025-07-30T17:01:24.776+0000] {logging_mixin.py:190} INFO - [2025-07-30T17:01:24.776+0000] {override.py:1911} INFO - Created Permission View: can read on DAG Run:conditional_dataset_and_time_based_timetable
[2025-07-30T17:01:24.790+0000] {logging_mixin.py:190} INFO - [2025-07-30T17:01:24.790+0000] {override.py:1911} INFO - Created Permission View: menu access on DAG Run:conditional_dataset_and_time_based_timetable
[2025-07-30T17:01:24.800+0000] {logging_mixin.py:190} INFO - [2025-07-30T17:01:24.800+0000] {override.py:1911} INFO - Created Permission View: can delete on DAG Run:conditional_dataset_and_time_based_timetable
[2025-07-30T17:01:24.814+0000] {logging_mixin.py:190} INFO - [2025-07-30T17:01:24.813+0000] {override.py:1911} INFO - Created Permission View: can create on DAG Run:conditional_dataset_and_time_based_timetable
[2025-07-30T17:01:24.838+0000] {logging_mixin.py:190} INFO - [2025-07-30T17:01:24.837+0000] {override.py:1911} INFO - Created Permission View: can read on DAG:dataset_produces_1
[2025-07-30T17:01:24.858+0000] {logging_mixin.py:190} INFO - [2025-07-30T17:01:24.858+0000] {override.py:1911} INFO - Created Permission View: can delete on DAG:dataset_produces_1
[2025-07-30T17:01:24.868+0000] {logging_mixin.py:190} INFO - [2025-07-30T17:01:24.868+0000] {override.py:1911} INFO - Created Permission View: can edit on DAG:dataset_produces_1
[2025-07-30T17:01:24.880+0000] {logging_mixin.py:190} INFO - [2025-07-30T17:01:24.880+0000] {override.py:1911} INFO - Created Permission View: can read on DAG Run:dataset_produces_1
[2025-07-30T17:01:24.896+0000] {logging_mixin.py:190} INFO - [2025-07-30T17:01:24.896+0000] {override.py:1911} INFO - Created Permission View: menu access on DAG Run:dataset_produces_1
[2025-07-30T17:01:24.906+0000] {logging_mixin.py:190} INFO - [2025-07-30T17:01:24.905+0000] {override.py:1911} INFO - Created Permission View: can delete on DAG Run:dataset_produces_1
[2025-07-30T17:01:24.921+0000] {logging_mixin.py:190} INFO - [2025-07-30T17:01:24.921+0000] {override.py:1911} INFO - Created Permission View: can create on DAG Run:dataset_produces_1
[2025-07-30T17:01:24.942+0000] {logging_mixin.py:190} INFO - [2025-07-30T17:01:24.942+0000] {override.py:1911} INFO - Created Permission View: can read on DAG:dataset_consumes_unknown_never_scheduled
[2025-07-30T17:01:24.960+0000] {logging_mixin.py:190} INFO - [2025-07-30T17:01:24.960+0000] {override.py:1911} INFO - Created Permission View: can delete on DAG:dataset_consumes_unknown_never_scheduled
[2025-07-30T17:01:24.974+0000] {logging_mixin.py:190} INFO - [2025-07-30T17:01:24.974+0000] {override.py:1911} INFO - Created Permission View: can edit on DAG:dataset_consumes_unknown_never_scheduled
[2025-07-30T17:01:24.986+0000] {logging_mixin.py:190} INFO - [2025-07-30T17:01:24.986+0000] {override.py:1911} INFO - Created Permission View: can read on DAG Run:dataset_consumes_unknown_never_scheduled
[2025-07-30T17:01:24.992+0000] {logging_mixin.py:190} INFO - [2025-07-30T17:01:24.992+0000] {override.py:1911} INFO - Created Permission View: menu access on DAG Run:dataset_consumes_unknown_never_scheduled
[2025-07-30T17:01:24.999+0000] {logging_mixin.py:190} INFO - [2025-07-30T17:01:24.998+0000] {override.py:1911} INFO - Created Permission View: can delete on DAG Run:dataset_consumes_unknown_never_scheduled
[2025-07-30T17:01:25.004+0000] {logging_mixin.py:190} INFO - [2025-07-30T17:01:25.004+0000] {override.py:1911} INFO - Created Permission View: can create on DAG Run:dataset_consumes_unknown_never_scheduled
[2025-07-30T17:01:25.016+0000] {logging_mixin.py:190} INFO - [2025-07-30T17:01:25.015+0000] {override.py:1911} INFO - Created Permission View: can read on DAG:dataset_consumes_1_and_2
[2025-07-30T17:01:25.023+0000] {logging_mixin.py:190} INFO - [2025-07-30T17:01:25.023+0000] {override.py:1911} INFO - Created Permission View: can delete on DAG:dataset_consumes_1_and_2
[2025-07-30T17:01:25.030+0000] {logging_mixin.py:190} INFO - [2025-07-30T17:01:25.029+0000] {override.py:1911} INFO - Created Permission View: can edit on DAG:dataset_consumes_1_and_2
[2025-07-30T17:01:25.042+0000] {logging_mixin.py:190} INFO - [2025-07-30T17:01:25.041+0000] {override.py:1911} INFO - Created Permission View: can read on DAG Run:dataset_consumes_1_and_2
[2025-07-30T17:01:25.048+0000] {logging_mixin.py:190} INFO - [2025-07-30T17:01:25.047+0000] {override.py:1911} INFO - Created Permission View: menu access on DAG Run:dataset_consumes_1_and_2
[2025-07-30T17:01:25.053+0000] {logging_mixin.py:190} INFO - [2025-07-30T17:01:25.053+0000] {override.py:1911} INFO - Created Permission View: can delete on DAG Run:dataset_consumes_1_and_2
[2025-07-30T17:01:25.059+0000] {logging_mixin.py:190} INFO - [2025-07-30T17:01:25.059+0000] {override.py:1911} INFO - Created Permission View: can create on DAG Run:dataset_consumes_1_and_2
[2025-07-30T17:01:25.074+0000] {logging_mixin.py:190} INFO - [2025-07-30T17:01:25.073+0000] {override.py:1911} INFO - Created Permission View: can read on DAG:dataset_consumes_1_never_scheduled
[2025-07-30T17:01:25.093+0000] {logging_mixin.py:190} INFO - [2025-07-30T17:01:25.093+0000] {override.py:1911} INFO - Created Permission View: can delete on DAG:dataset_consumes_1_never_scheduled
[2025-07-30T17:01:25.120+0000] {logging_mixin.py:190} INFO - [2025-07-30T17:01:25.119+0000] {override.py:1911} INFO - Created Permission View: can edit on DAG:dataset_consumes_1_never_scheduled
[2025-07-30T17:01:25.146+0000] {logging_mixin.py:190} INFO - [2025-07-30T17:01:25.145+0000] {override.py:1911} INFO - Created Permission View: can read on DAG Run:dataset_consumes_1_never_scheduled
[2025-07-30T17:01:25.159+0000] {logging_mixin.py:190} INFO - [2025-07-30T17:01:25.159+0000] {override.py:1911} INFO - Created Permission View: menu access on DAG Run:dataset_consumes_1_never_scheduled
[2025-07-30T17:01:25.169+0000] {logging_mixin.py:190} INFO - [2025-07-30T17:01:25.168+0000] {override.py:1911} INFO - Created Permission View: can delete on DAG Run:dataset_consumes_1_never_scheduled
[2025-07-30T17:01:25.186+0000] {logging_mixin.py:190} INFO - [2025-07-30T17:01:25.186+0000] {override.py:1911} INFO - Created Permission View: can create on DAG Run:dataset_consumes_1_never_scheduled
[2025-07-30T17:01:25.240+0000] {logging_mixin.py:190} INFO - [2025-07-30T17:01:25.239+0000] {override.py:1911} INFO - Created Permission View: can read on DAG:dataset_produces_2
[2025-07-30T17:01:25.264+0000] {logging_mixin.py:190} INFO - [2025-07-30T17:01:25.263+0000] {override.py:1911} INFO - Created Permission View: can delete on DAG:dataset_produces_2
[2025-07-30T17:01:25.283+0000] {logging_mixin.py:190} INFO - [2025-07-30T17:01:25.282+0000] {override.py:1911} INFO - Created Permission View: can edit on DAG:dataset_produces_2
[2025-07-30T17:01:25.331+0000] {logging_mixin.py:190} INFO - [2025-07-30T17:01:25.330+0000] {override.py:1911} INFO - Created Permission View: can read on DAG Run:dataset_produces_2
[2025-07-30T17:01:25.341+0000] {logging_mixin.py:190} INFO - [2025-07-30T17:01:25.341+0000] {override.py:1911} INFO - Created Permission View: menu access on DAG Run:dataset_produces_2
[2025-07-30T17:01:25.348+0000] {logging_mixin.py:190} INFO - [2025-07-30T17:01:25.348+0000] {override.py:1911} INFO - Created Permission View: can delete on DAG Run:dataset_produces_2
[2025-07-30T17:01:25.361+0000] {logging_mixin.py:190} INFO - [2025-07-30T17:01:25.361+0000] {override.py:1911} INFO - Created Permission View: can create on DAG Run:dataset_produces_2
[2025-07-30T17:01:25.362+0000] {logging_mixin.py:190} INFO - [2025-07-30T17:01:25.362+0000] {dag.py:3239} INFO - Sync 10 DAGs
[2025-07-30T17:01:25.395+0000] {logging_mixin.py:190} INFO - [2025-07-30T17:01:25.394+0000] {dag.py:3262} INFO - Creating ORM DAG for dataset_consumes_1
[2025-07-30T17:01:25.396+0000] {logging_mixin.py:190} INFO - [2025-07-30T17:01:25.396+0000] {dag.py:3262} INFO - Creating ORM DAG for consume_1_or_2_with_dataset_expressions
[2025-07-30T17:01:25.397+0000] {logging_mixin.py:190} INFO - [2025-07-30T17:01:25.396+0000] {dag.py:3262} INFO - Creating ORM DAG for dataset_produces_1
[2025-07-30T17:01:25.398+0000] {logging_mixin.py:190} INFO - [2025-07-30T17:01:25.397+0000] {dag.py:3262} INFO - Creating ORM DAG for dataset_consumes_1_and_2
[2025-07-30T17:01:25.398+0000] {logging_mixin.py:190} INFO - [2025-07-30T17:01:25.398+0000] {dag.py:3262} INFO - Creating ORM DAG for consume_1_or_both_2_and_3_with_dataset_expressions
[2025-07-30T17:01:25.399+0000] {logging_mixin.py:190} INFO - [2025-07-30T17:01:25.399+0000] {dag.py:3262} INFO - Creating ORM DAG for conditional_dataset_and_time_based_timetable
[2025-07-30T17:01:25.401+0000] {logging_mixin.py:190} INFO - [2025-07-30T17:01:25.400+0000] {dag.py:3262} INFO - Creating ORM DAG for dataset_produces_2
[2025-07-30T17:01:25.401+0000] {logging_mixin.py:190} INFO - [2025-07-30T17:01:25.401+0000] {dag.py:3262} INFO - Creating ORM DAG for consume_1_and_2_with_dataset_expressions
[2025-07-30T17:01:25.402+0000] {logging_mixin.py:190} INFO - [2025-07-30T17:01:25.402+0000] {dag.py:3262} INFO - Creating ORM DAG for dataset_consumes_unknown_never_scheduled
[2025-07-30T17:01:25.403+0000] {logging_mixin.py:190} INFO - [2025-07-30T17:01:25.403+0000] {dag.py:3262} INFO - Creating ORM DAG for dataset_consumes_1_never_scheduled
[2025-07-30T17:01:25.418+0000] {logging_mixin.py:190} INFO - [2025-07-30T17:01:25.418+0000] {dag.py:4180} INFO - Setting next_dagrun for conditional_dataset_and_time_based_timetable to 2025-07-30 01:00:00+00:00, run_after=2025-07-30 01:00:00+00:00
[2025-07-30T17:01:25.419+0000] {logging_mixin.py:190} INFO - [2025-07-30T17:01:25.419+0000] {dag.py:4180} INFO - Setting next_dagrun for consume_1_and_2_with_dataset_expressions to None, run_after=None
[2025-07-30T17:01:25.420+0000] {logging_mixin.py:190} INFO - [2025-07-30T17:01:25.420+0000] {dag.py:4180} INFO - Setting next_dagrun for consume_1_or_2_with_dataset_expressions to None, run_after=None
[2025-07-30T17:01:25.421+0000] {logging_mixin.py:190} INFO - [2025-07-30T17:01:25.421+0000] {dag.py:4180} INFO - Setting next_dagrun for consume_1_or_both_2_and_3_with_dataset_expressions to None, run_after=None
[2025-07-30T17:01:25.422+0000] {logging_mixin.py:190} INFO - [2025-07-30T17:01:25.421+0000] {dag.py:4180} INFO - Setting next_dagrun for dataset_consumes_1 to None, run_after=None
[2025-07-30T17:01:25.422+0000] {logging_mixin.py:190} INFO - [2025-07-30T17:01:25.422+0000] {dag.py:4180} INFO - Setting next_dagrun for dataset_consumes_1_and_2 to None, run_after=None
[2025-07-30T17:01:25.423+0000] {logging_mixin.py:190} INFO - [2025-07-30T17:01:25.423+0000] {dag.py:4180} INFO - Setting next_dagrun for dataset_consumes_1_never_scheduled to None, run_after=None
[2025-07-30T17:01:25.425+0000] {logging_mixin.py:190} INFO - [2025-07-30T17:01:25.425+0000] {dag.py:4180} INFO - Setting next_dagrun for dataset_consumes_unknown_never_scheduled to None, run_after=None
[2025-07-30T17:01:25.431+0000] {logging_mixin.py:190} INFO - [2025-07-30T17:01:25.431+0000] {dag.py:4180} INFO - Setting next_dagrun for dataset_produces_1 to 2025-07-29 00:00:00+00:00, run_after=2025-07-30 00:00:00+00:00
[2025-07-30T17:01:25.434+0000] {logging_mixin.py:190} INFO - [2025-07-30T17:01:25.434+0000] {dag.py:4180} INFO - Setting next_dagrun for dataset_produces_2 to None, run_after=None
[2025-07-30T17:01:25.494+0000] {processor.py:208} INFO - Processing /home/airflow/.local/lib/python3.12/site-packages/airflow/example_dags/example_datasets.py took 2.844 seconds
[2025-07-30T17:01:56.032+0000] {processor.py:186} INFO - Started process (PID=699) to work on /home/airflow/.local/lib/python3.12/site-packages/airflow/example_dags/example_datasets.py
[2025-07-30T17:01:56.034+0000] {processor.py:914} INFO - Processing file /home/airflow/.local/lib/python3.12/site-packages/airflow/example_dags/example_datasets.py for tasks to queue
[2025-07-30T17:01:56.036+0000] {logging_mixin.py:190} INFO - [2025-07-30T17:01:56.036+0000] {dagbag.py:588} INFO - Filling up the DagBag from /home/airflow/.local/lib/python3.12/site-packages/airflow/example_dags/example_datasets.py
[2025-07-30T17:01:56.664+0000] {processor.py:925} INFO - DAG(s) 'dataset_consumes_1_and_2', 'conditional_dataset_and_time_based_timetable', 'dataset_consumes_unknown_never_scheduled', 'dataset_consumes_1_never_scheduled', 'dataset_produces_1', 'consume_1_or_both_2_and_3_with_dataset_expressions', 'dataset_consumes_1', 'dataset_produces_2', 'consume_1_or_2_with_dataset_expressions', 'consume_1_and_2_with_dataset_expressions' retrieved from /home/airflow/.local/lib/python3.12/site-packages/airflow/example_dags/example_datasets.py
[2025-07-30T17:01:56.698+0000] {logging_mixin.py:190} INFO - [2025-07-30T17:01:56.697+0000] {dag.py:3239} INFO - Sync 10 DAGs
[2025-07-30T17:01:56.718+0000] {logging_mixin.py:190} INFO - [2025-07-30T17:01:56.718+0000] {dag.py:4180} INFO - Setting next_dagrun for conditional_dataset_and_time_based_timetable to 2025-07-30 01:00:00+00:00, run_after=2025-07-30 01:00:00+00:00
[2025-07-30T17:01:56.721+0000] {logging_mixin.py:190} INFO - [2025-07-30T17:01:56.721+0000] {dag.py:4180} INFO - Setting next_dagrun for consume_1_and_2_with_dataset_expressions to None, run_after=None
[2025-07-30T17:01:56.722+0000] {logging_mixin.py:190} INFO - [2025-07-30T17:01:56.722+0000] {dag.py:4180} INFO - Setting next_dagrun for consume_1_or_2_with_dataset_expressions to None, run_after=None
[2025-07-30T17:01:56.723+0000] {logging_mixin.py:190} INFO - [2025-07-30T17:01:56.723+0000] {dag.py:4180} INFO - Setting next_dagrun for consume_1_or_both_2_and_3_with_dataset_expressions to None, run_after=None
[2025-07-30T17:01:56.724+0000] {logging_mixin.py:190} INFO - [2025-07-30T17:01:56.724+0000] {dag.py:4180} INFO - Setting next_dagrun for dataset_consumes_1 to None, run_after=None
[2025-07-30T17:01:56.726+0000] {logging_mixin.py:190} INFO - [2025-07-30T17:01:56.725+0000] {dag.py:4180} INFO - Setting next_dagrun for dataset_consumes_1_and_2 to None, run_after=None
[2025-07-30T17:01:56.728+0000] {logging_mixin.py:190} INFO - [2025-07-30T17:01:56.728+0000] {dag.py:4180} INFO - Setting next_dagrun for dataset_consumes_1_never_scheduled to None, run_after=None
[2025-07-30T17:01:56.729+0000] {logging_mixin.py:190} INFO - [2025-07-30T17:01:56.729+0000] {dag.py:4180} INFO - Setting next_dagrun for dataset_consumes_unknown_never_scheduled to None, run_after=None
[2025-07-30T17:01:56.733+0000] {logging_mixin.py:190} INFO - [2025-07-30T17:01:56.733+0000] {dag.py:4180} INFO - Setting next_dagrun for dataset_produces_1 to 2025-07-29 00:00:00+00:00, run_after=2025-07-30 00:00:00+00:00
[2025-07-30T17:01:56.734+0000] {logging_mixin.py:190} INFO - [2025-07-30T17:01:56.734+0000] {dag.py:4180} INFO - Setting next_dagrun for dataset_produces_2 to None, run_after=None
[2025-07-30T17:01:56.774+0000] {processor.py:208} INFO - Processing /home/airflow/.local/lib/python3.12/site-packages/airflow/example_dags/example_datasets.py took 0.747 seconds
[2025-07-30T17:02:27.315+0000] {processor.py:186} INFO - Started process (PID=1009) to work on /home/airflow/.local/lib/python3.12/site-packages/airflow/example_dags/example_datasets.py
[2025-07-30T17:02:27.318+0000] {processor.py:914} INFO - Processing file /home/airflow/.local/lib/python3.12/site-packages/airflow/example_dags/example_datasets.py for tasks to queue
[2025-07-30T17:02:27.321+0000] {logging_mixin.py:190} INFO - [2025-07-30T17:02:27.321+0000] {dagbag.py:588} INFO - Filling up the DagBag from /home/airflow/.local/lib/python3.12/site-packages/airflow/example_dags/example_datasets.py
[2025-07-30T17:02:27.966+0000] {processor.py:925} INFO - DAG(s) 'dataset_produces_1', 'dataset_consumes_1', 'consume_1_and_2_with_dataset_expressions', 'dataset_produces_2', 'conditional_dataset_and_time_based_timetable', 'consume_1_or_2_with_dataset_expressions', 'consume_1_or_both_2_and_3_with_dataset_expressions', 'dataset_consumes_unknown_never_scheduled', 'dataset_consumes_1_and_2', 'dataset_consumes_1_never_scheduled' retrieved from /home/airflow/.local/lib/python3.12/site-packages/airflow/example_dags/example_datasets.py
[2025-07-30T17:02:28.015+0000] {logging_mixin.py:190} INFO - [2025-07-30T17:02:28.014+0000] {dag.py:3239} INFO - Sync 10 DAGs
[2025-07-30T17:02:28.038+0000] {logging_mixin.py:190} INFO - [2025-07-30T17:02:28.038+0000] {dag.py:4180} INFO - Setting next_dagrun for conditional_dataset_and_time_based_timetable to 2025-07-30 01:00:00+00:00, run_after=2025-07-30 01:00:00+00:00
[2025-07-30T17:02:28.041+0000] {logging_mixin.py:190} INFO - [2025-07-30T17:02:28.041+0000] {dag.py:4180} INFO - Setting next_dagrun for consume_1_and_2_with_dataset_expressions to None, run_after=None
[2025-07-30T17:02:28.042+0000] {logging_mixin.py:190} INFO - [2025-07-30T17:02:28.042+0000] {dag.py:4180} INFO - Setting next_dagrun for consume_1_or_2_with_dataset_expressions to None, run_after=None
[2025-07-30T17:02:28.043+0000] {logging_mixin.py:190} INFO - [2025-07-30T17:02:28.043+0000] {dag.py:4180} INFO - Setting next_dagrun for consume_1_or_both_2_and_3_with_dataset_expressions to None, run_after=None
[2025-07-30T17:02:28.044+0000] {logging_mixin.py:190} INFO - [2025-07-30T17:02:28.044+0000] {dag.py:4180} INFO - Setting next_dagrun for dataset_consumes_1 to None, run_after=None
[2025-07-30T17:02:28.045+0000] {logging_mixin.py:190} INFO - [2025-07-30T17:02:28.045+0000] {dag.py:4180} INFO - Setting next_dagrun for dataset_consumes_1_and_2 to None, run_after=None
[2025-07-30T17:02:28.046+0000] {logging_mixin.py:190} INFO - [2025-07-30T17:02:28.046+0000] {dag.py:4180} INFO - Setting next_dagrun for dataset_consumes_1_never_scheduled to None, run_after=None
[2025-07-30T17:02:28.047+0000] {logging_mixin.py:190} INFO - [2025-07-30T17:02:28.047+0000] {dag.py:4180} INFO - Setting next_dagrun for dataset_consumes_unknown_never_scheduled to None, run_after=None
[2025-07-30T17:02:28.049+0000] {logging_mixin.py:190} INFO - [2025-07-30T17:02:28.049+0000] {dag.py:4180} INFO - Setting next_dagrun for dataset_produces_1 to 2025-07-29 00:00:00+00:00, run_after=2025-07-30 00:00:00+00:00
[2025-07-30T17:02:28.050+0000] {logging_mixin.py:190} INFO - [2025-07-30T17:02:28.050+0000] {dag.py:4180} INFO - Setting next_dagrun for dataset_produces_2 to None, run_after=None
[2025-07-30T17:02:28.075+0000] {processor.py:208} INFO - Processing /home/airflow/.local/lib/python3.12/site-packages/airflow/example_dags/example_datasets.py took 0.766 seconds
[2025-07-30T17:02:58.320+0000] {processor.py:186} INFO - Started process (PID=1315) to work on /home/airflow/.local/lib/python3.12/site-packages/airflow/example_dags/example_datasets.py
[2025-07-30T17:02:58.323+0000] {processor.py:914} INFO - Processing file /home/airflow/.local/lib/python3.12/site-packages/airflow/example_dags/example_datasets.py for tasks to queue
[2025-07-30T17:02:58.326+0000] {logging_mixin.py:190} INFO - [2025-07-30T17:02:58.325+0000] {dagbag.py:588} INFO - Filling up the DagBag from /home/airflow/.local/lib/python3.12/site-packages/airflow/example_dags/example_datasets.py
[2025-07-30T17:02:58.962+0000] {processor.py:925} INFO - DAG(s) 'consume_1_and_2_with_dataset_expressions', 'dataset_consumes_1_and_2', 'conditional_dataset_and_time_based_timetable', 'dataset_produces_2', 'dataset_consumes_unknown_never_scheduled', 'consume_1_or_both_2_and_3_with_dataset_expressions', 'consume_1_or_2_with_dataset_expressions', 'dataset_consumes_1', 'dataset_consumes_1_never_scheduled', 'dataset_produces_1' retrieved from /home/airflow/.local/lib/python3.12/site-packages/airflow/example_dags/example_datasets.py
[2025-07-30T17:02:58.995+0000] {logging_mixin.py:190} INFO - [2025-07-30T17:02:58.995+0000] {dag.py:3239} INFO - Sync 10 DAGs
[2025-07-30T17:02:59.021+0000] {logging_mixin.py:190} INFO - [2025-07-30T17:02:59.020+0000] {dag.py:4180} INFO - Setting next_dagrun for conditional_dataset_and_time_based_timetable to 2025-07-30 01:00:00+00:00, run_after=2025-07-30 01:00:00+00:00
[2025-07-30T17:02:59.025+0000] {logging_mixin.py:190} INFO - [2025-07-30T17:02:59.025+0000] {dag.py:4180} INFO - Setting next_dagrun for consume_1_and_2_with_dataset_expressions to None, run_after=None
[2025-07-30T17:02:59.027+0000] {logging_mixin.py:190} INFO - [2025-07-30T17:02:59.027+0000] {dag.py:4180} INFO - Setting next_dagrun for consume_1_or_2_with_dataset_expressions to None, run_after=None
[2025-07-30T17:02:59.029+0000] {logging_mixin.py:190} INFO - [2025-07-30T17:02:59.028+0000] {dag.py:4180} INFO - Setting next_dagrun for consume_1_or_both_2_and_3_with_dataset_expressions to None, run_after=None
[2025-07-30T17:02:59.030+0000] {logging_mixin.py:190} INFO - [2025-07-30T17:02:59.030+0000] {dag.py:4180} INFO - Setting next_dagrun for dataset_consumes_1 to None, run_after=None
[2025-07-30T17:02:59.032+0000] {logging_mixin.py:190} INFO - [2025-07-30T17:02:59.031+0000] {dag.py:4180} INFO - Setting next_dagrun for dataset_consumes_1_and_2 to None, run_after=None
[2025-07-30T17:02:59.033+0000] {logging_mixin.py:190} INFO - [2025-07-30T17:02:59.033+0000] {dag.py:4180} INFO - Setting next_dagrun for dataset_consumes_1_never_scheduled to None, run_after=None
[2025-07-30T17:02:59.035+0000] {logging_mixin.py:190} INFO - [2025-07-30T17:02:59.034+0000] {dag.py:4180} INFO - Setting next_dagrun for dataset_consumes_unknown_never_scheduled to None, run_after=None
[2025-07-30T17:02:59.038+0000] {logging_mixin.py:190} INFO - [2025-07-30T17:02:59.038+0000] {dag.py:4180} INFO - Setting next_dagrun for dataset_produces_1 to 2025-07-29 00:00:00+00:00, run_after=2025-07-30 00:00:00+00:00
[2025-07-30T17:02:59.039+0000] {logging_mixin.py:190} INFO - [2025-07-30T17:02:59.039+0000] {dag.py:4180} INFO - Setting next_dagrun for dataset_produces_2 to None, run_after=None
[2025-07-30T17:02:59.076+0000] {processor.py:208} INFO - Processing /home/airflow/.local/lib/python3.12/site-packages/airflow/example_dags/example_datasets.py took 0.770 seconds
[2025-07-30T17:03:29.496+0000] {processor.py:186} INFO - Started process (PID=1621) to work on /home/airflow/.local/lib/python3.12/site-packages/airflow/example_dags/example_datasets.py
[2025-07-30T17:03:29.497+0000] {processor.py:914} INFO - Processing file /home/airflow/.local/lib/python3.12/site-packages/airflow/example_dags/example_datasets.py for tasks to queue
[2025-07-30T17:03:29.499+0000] {logging_mixin.py:190} INFO - [2025-07-30T17:03:29.499+0000] {dagbag.py:588} INFO - Filling up the DagBag from /home/airflow/.local/lib/python3.12/site-packages/airflow/example_dags/example_datasets.py
[2025-07-30T17:03:30.187+0000] {processor.py:925} INFO - DAG(s) 'dataset_consumes_1_and_2', 'dataset_consumes_1_never_scheduled', 'dataset_consumes_1', 'dataset_consumes_unknown_never_scheduled', 'consume_1_and_2_with_dataset_expressions', 'consume_1_or_2_with_dataset_expressions', 'consume_1_or_both_2_and_3_with_dataset_expressions', 'dataset_produces_1', 'conditional_dataset_and_time_based_timetable', 'dataset_produces_2' retrieved from /home/airflow/.local/lib/python3.12/site-packages/airflow/example_dags/example_datasets.py
[2025-07-30T17:03:30.223+0000] {logging_mixin.py:190} INFO - [2025-07-30T17:03:30.222+0000] {dag.py:3239} INFO - Sync 10 DAGs
[2025-07-30T17:03:30.253+0000] {logging_mixin.py:190} INFO - [2025-07-30T17:03:30.252+0000] {dag.py:4180} INFO - Setting next_dagrun for conditional_dataset_and_time_based_timetable to 2025-07-30 01:00:00+00:00, run_after=2025-07-30 01:00:00+00:00
[2025-07-30T17:03:30.260+0000] {logging_mixin.py:190} INFO - [2025-07-30T17:03:30.259+0000] {dag.py:4180} INFO - Setting next_dagrun for consume_1_and_2_with_dataset_expressions to None, run_after=None
[2025-07-30T17:03:30.261+0000] {logging_mixin.py:190} INFO - [2025-07-30T17:03:30.261+0000] {dag.py:4180} INFO - Setting next_dagrun for consume_1_or_2_with_dataset_expressions to None, run_after=None
[2025-07-30T17:03:30.265+0000] {logging_mixin.py:190} INFO - [2025-07-30T17:03:30.264+0000] {dag.py:4180} INFO - Setting next_dagrun for consume_1_or_both_2_and_3_with_dataset_expressions to None, run_after=None
[2025-07-30T17:03:30.267+0000] {logging_mixin.py:190} INFO - [2025-07-30T17:03:30.267+0000] {dag.py:4180} INFO - Setting next_dagrun for dataset_consumes_1 to None, run_after=None
[2025-07-30T17:03:30.271+0000] {logging_mixin.py:190} INFO - [2025-07-30T17:03:30.270+0000] {dag.py:4180} INFO - Setting next_dagrun for dataset_consumes_1_and_2 to None, run_after=None
[2025-07-30T17:03:30.272+0000] {logging_mixin.py:190} INFO - [2025-07-30T17:03:30.272+0000] {dag.py:4180} INFO - Setting next_dagrun for dataset_consumes_1_never_scheduled to None, run_after=None
[2025-07-30T17:03:30.274+0000] {logging_mixin.py:190} INFO - [2025-07-30T17:03:30.274+0000] {dag.py:4180} INFO - Setting next_dagrun for dataset_consumes_unknown_never_scheduled to None, run_after=None
[2025-07-30T17:03:30.277+0000] {logging_mixin.py:190} INFO - [2025-07-30T17:03:30.277+0000] {dag.py:4180} INFO - Setting next_dagrun for dataset_produces_1 to 2025-07-29 00:00:00+00:00, run_after=2025-07-30 00:00:00+00:00
[2025-07-30T17:03:30.279+0000] {logging_mixin.py:190} INFO - [2025-07-30T17:03:30.278+0000] {dag.py:4180} INFO - Setting next_dagrun for dataset_produces_2 to None, run_after=None
[2025-07-30T17:03:30.313+0000] {processor.py:208} INFO - Processing /home/airflow/.local/lib/python3.12/site-packages/airflow/example_dags/example_datasets.py took 0.823 seconds
[2025-07-30T17:04:00.436+0000] {processor.py:186} INFO - Started process (PID=1952) to work on /home/airflow/.local/lib/python3.12/site-packages/airflow/example_dags/example_datasets.py
[2025-07-30T17:04:00.437+0000] {processor.py:914} INFO - Processing file /home/airflow/.local/lib/python3.12/site-packages/airflow/example_dags/example_datasets.py for tasks to queue
[2025-07-30T17:04:00.439+0000] {logging_mixin.py:190} INFO - [2025-07-30T17:04:00.438+0000] {dagbag.py:588} INFO - Filling up the DagBag from /home/airflow/.local/lib/python3.12/site-packages/airflow/example_dags/example_datasets.py
[2025-07-30T17:04:00.950+0000] {processor.py:925} INFO - DAG(s) 'consume_1_and_2_with_dataset_expressions', 'dataset_consumes_1_never_scheduled', 'dataset_produces_1', 'dataset_produces_2', 'dataset_consumes_unknown_never_scheduled', 'dataset_consumes_1_and_2', 'consume_1_or_2_with_dataset_expressions', 'dataset_consumes_1', 'conditional_dataset_and_time_based_timetable', 'consume_1_or_both_2_and_3_with_dataset_expressions' retrieved from /home/airflow/.local/lib/python3.12/site-packages/airflow/example_dags/example_datasets.py
[2025-07-30T17:04:00.983+0000] {logging_mixin.py:190} INFO - [2025-07-30T17:04:00.983+0000] {dag.py:3239} INFO - Sync 10 DAGs
[2025-07-30T17:04:01.003+0000] {logging_mixin.py:190} INFO - [2025-07-30T17:04:01.003+0000] {dag.py:4180} INFO - Setting next_dagrun for conditional_dataset_and_time_based_timetable to 2025-07-30 01:00:00+00:00, run_after=2025-07-30 01:00:00+00:00
[2025-07-30T17:04:01.007+0000] {logging_mixin.py:190} INFO - [2025-07-30T17:04:01.007+0000] {dag.py:4180} INFO - Setting next_dagrun for consume_1_and_2_with_dataset_expressions to None, run_after=None
[2025-07-30T17:04:01.008+0000] {logging_mixin.py:190} INFO - [2025-07-30T17:04:01.008+0000] {dag.py:4180} INFO - Setting next_dagrun for consume_1_or_2_with_dataset_expressions to None, run_after=None
[2025-07-30T17:04:01.009+0000] {logging_mixin.py:190} INFO - [2025-07-30T17:04:01.009+0000] {dag.py:4180} INFO - Setting next_dagrun for consume_1_or_both_2_and_3_with_dataset_expressions to None, run_after=None
[2025-07-30T17:04:01.010+0000] {logging_mixin.py:190} INFO - [2025-07-30T17:04:01.010+0000] {dag.py:4180} INFO - Setting next_dagrun for dataset_consumes_1 to None, run_after=None
[2025-07-30T17:04:01.011+0000] {logging_mixin.py:190} INFO - [2025-07-30T17:04:01.011+0000] {dag.py:4180} INFO - Setting next_dagrun for dataset_consumes_1_and_2 to None, run_after=None
[2025-07-30T17:04:01.012+0000] {logging_mixin.py:190} INFO - [2025-07-30T17:04:01.012+0000] {dag.py:4180} INFO - Setting next_dagrun for dataset_consumes_1_never_scheduled to None, run_after=None
[2025-07-30T17:04:01.013+0000] {logging_mixin.py:190} INFO - [2025-07-30T17:04:01.013+0000] {dag.py:4180} INFO - Setting next_dagrun for dataset_consumes_unknown_never_scheduled to None, run_after=None
[2025-07-30T17:04:01.015+0000] {logging_mixin.py:190} INFO - [2025-07-30T17:04:01.015+0000] {dag.py:4180} INFO - Setting next_dagrun for dataset_produces_1 to 2025-07-29 00:00:00+00:00, run_after=2025-07-30 00:00:00+00:00
[2025-07-30T17:04:01.016+0000] {logging_mixin.py:190} INFO - [2025-07-30T17:04:01.016+0000] {dag.py:4180} INFO - Setting next_dagrun for dataset_produces_2 to None, run_after=None
[2025-07-30T17:04:01.041+0000] {processor.py:208} INFO - Processing /home/airflow/.local/lib/python3.12/site-packages/airflow/example_dags/example_datasets.py took 0.610 seconds
[2025-07-30T17:04:31.863+0000] {processor.py:186} INFO - Started process (PID=2258) to work on /home/airflow/.local/lib/python3.12/site-packages/airflow/example_dags/example_datasets.py
[2025-07-30T17:04:31.863+0000] {processor.py:914} INFO - Processing file /home/airflow/.local/lib/python3.12/site-packages/airflow/example_dags/example_datasets.py for tasks to queue
[2025-07-30T17:04:31.865+0000] {logging_mixin.py:190} INFO - [2025-07-30T17:04:31.865+0000] {dagbag.py:588} INFO - Filling up the DagBag from /home/airflow/.local/lib/python3.12/site-packages/airflow/example_dags/example_datasets.py
[2025-07-30T17:04:32.361+0000] {processor.py:925} INFO - DAG(s) 'conditional_dataset_and_time_based_timetable', 'dataset_consumes_unknown_never_scheduled', 'dataset_produces_2', 'dataset_consumes_1', 'dataset_consumes_1_never_scheduled', 'dataset_produces_1', 'consume_1_or_2_with_dataset_expressions', 'consume_1_or_both_2_and_3_with_dataset_expressions', 'consume_1_and_2_with_dataset_expressions', 'dataset_consumes_1_and_2' retrieved from /home/airflow/.local/lib/python3.12/site-packages/airflow/example_dags/example_datasets.py
[2025-07-30T17:04:32.400+0000] {logging_mixin.py:190} INFO - [2025-07-30T17:04:32.400+0000] {dag.py:3239} INFO - Sync 10 DAGs
[2025-07-30T17:04:32.423+0000] {logging_mixin.py:190} INFO - [2025-07-30T17:04:32.422+0000] {dag.py:4180} INFO - Setting next_dagrun for conditional_dataset_and_time_based_timetable to 2025-07-30 01:00:00+00:00, run_after=2025-07-30 01:00:00+00:00
[2025-07-30T17:04:32.426+0000] {logging_mixin.py:190} INFO - [2025-07-30T17:04:32.425+0000] {dag.py:4180} INFO - Setting next_dagrun for consume_1_and_2_with_dataset_expressions to None, run_after=None
[2025-07-30T17:04:32.427+0000] {logging_mixin.py:190} INFO - [2025-07-30T17:04:32.427+0000] {dag.py:4180} INFO - Setting next_dagrun for consume_1_or_2_with_dataset_expressions to None, run_after=None
[2025-07-30T17:04:32.428+0000] {logging_mixin.py:190} INFO - [2025-07-30T17:04:32.428+0000] {dag.py:4180} INFO - Setting next_dagrun for consume_1_or_both_2_and_3_with_dataset_expressions to None, run_after=None
[2025-07-30T17:04:32.429+0000] {logging_mixin.py:190} INFO - [2025-07-30T17:04:32.429+0000] {dag.py:4180} INFO - Setting next_dagrun for dataset_consumes_1 to None, run_after=None
[2025-07-30T17:04:32.430+0000] {logging_mixin.py:190} INFO - [2025-07-30T17:04:32.430+0000] {dag.py:4180} INFO - Setting next_dagrun for dataset_consumes_1_and_2 to None, run_after=None
[2025-07-30T17:04:32.431+0000] {logging_mixin.py:190} INFO - [2025-07-30T17:04:32.431+0000] {dag.py:4180} INFO - Setting next_dagrun for dataset_consumes_1_never_scheduled to None, run_after=None
[2025-07-30T17:04:32.432+0000] {logging_mixin.py:190} INFO - [2025-07-30T17:04:32.431+0000] {dag.py:4180} INFO - Setting next_dagrun for dataset_consumes_unknown_never_scheduled to None, run_after=None
[2025-07-30T17:04:32.434+0000] {logging_mixin.py:190} INFO - [2025-07-30T17:04:32.434+0000] {dag.py:4180} INFO - Setting next_dagrun for dataset_produces_1 to 2025-07-29 00:00:00+00:00, run_after=2025-07-30 00:00:00+00:00
[2025-07-30T17:04:32.435+0000] {logging_mixin.py:190} INFO - [2025-07-30T17:04:32.434+0000] {dag.py:4180} INFO - Setting next_dagrun for dataset_produces_2 to None, run_after=None
[2025-07-30T17:04:32.461+0000] {processor.py:208} INFO - Processing /home/airflow/.local/lib/python3.12/site-packages/airflow/example_dags/example_datasets.py took 0.603 seconds
[2025-07-30T17:05:03.184+0000] {processor.py:186} INFO - Started process (PID=2564) to work on /home/airflow/.local/lib/python3.12/site-packages/airflow/example_dags/example_datasets.py
[2025-07-30T17:05:03.184+0000] {processor.py:914} INFO - Processing file /home/airflow/.local/lib/python3.12/site-packages/airflow/example_dags/example_datasets.py for tasks to queue
[2025-07-30T17:05:03.186+0000] {logging_mixin.py:190} INFO - [2025-07-30T17:05:03.186+0000] {dagbag.py:588} INFO - Filling up the DagBag from /home/airflow/.local/lib/python3.12/site-packages/airflow/example_dags/example_datasets.py
[2025-07-30T17:05:03.670+0000] {processor.py:925} INFO - DAG(s) 'dataset_consumes_1_and_2', 'conditional_dataset_and_time_based_timetable', 'consume_1_and_2_with_dataset_expressions', 'consume_1_or_both_2_and_3_with_dataset_expressions', 'consume_1_or_2_with_dataset_expressions', 'dataset_produces_1', 'dataset_consumes_1_never_scheduled', 'dataset_consumes_1', 'dataset_consumes_unknown_never_scheduled', 'dataset_produces_2' retrieved from /home/airflow/.local/lib/python3.12/site-packages/airflow/example_dags/example_datasets.py
[2025-07-30T17:05:03.713+0000] {logging_mixin.py:190} INFO - [2025-07-30T17:05:03.713+0000] {dag.py:3239} INFO - Sync 10 DAGs
[2025-07-30T17:05:03.748+0000] {logging_mixin.py:190} INFO - [2025-07-30T17:05:03.748+0000] {dag.py:4180} INFO - Setting next_dagrun for conditional_dataset_and_time_based_timetable to 2025-07-30 01:00:00+00:00, run_after=2025-07-30 01:00:00+00:00
[2025-07-30T17:05:03.753+0000] {logging_mixin.py:190} INFO - [2025-07-30T17:05:03.753+0000] {dag.py:4180} INFO - Setting next_dagrun for consume_1_and_2_with_dataset_expressions to None, run_after=None
[2025-07-30T17:05:03.755+0000] {logging_mixin.py:190} INFO - [2025-07-30T17:05:03.755+0000] {dag.py:4180} INFO - Setting next_dagrun for consume_1_or_2_with_dataset_expressions to None, run_after=None
[2025-07-30T17:05:03.756+0000] {logging_mixin.py:190} INFO - [2025-07-30T17:05:03.756+0000] {dag.py:4180} INFO - Setting next_dagrun for consume_1_or_both_2_and_3_with_dataset_expressions to None, run_after=None
[2025-07-30T17:05:03.758+0000] {logging_mixin.py:190} INFO - [2025-07-30T17:05:03.758+0000] {dag.py:4180} INFO - Setting next_dagrun for dataset_consumes_1 to None, run_after=None
[2025-07-30T17:05:03.759+0000] {logging_mixin.py:190} INFO - [2025-07-30T17:05:03.759+0000] {dag.py:4180} INFO - Setting next_dagrun for dataset_consumes_1_and_2 to None, run_after=None
[2025-07-30T17:05:03.761+0000] {logging_mixin.py:190} INFO - [2025-07-30T17:05:03.761+0000] {dag.py:4180} INFO - Setting next_dagrun for dataset_consumes_1_never_scheduled to None, run_after=None
[2025-07-30T17:05:03.762+0000] {logging_mixin.py:190} INFO - [2025-07-30T17:05:03.762+0000] {dag.py:4180} INFO - Setting next_dagrun for dataset_consumes_unknown_never_scheduled to None, run_after=None
[2025-07-30T17:05:03.766+0000] {logging_mixin.py:190} INFO - [2025-07-30T17:05:03.766+0000] {dag.py:4180} INFO - Setting next_dagrun for dataset_produces_1 to 2025-07-29 00:00:00+00:00, run_after=2025-07-30 00:00:00+00:00
[2025-07-30T17:05:03.767+0000] {logging_mixin.py:190} INFO - [2025-07-30T17:05:03.767+0000] {dag.py:4180} INFO - Setting next_dagrun for dataset_produces_2 to None, run_after=None
[2025-07-30T17:05:03.804+0000] {processor.py:208} INFO - Processing /home/airflow/.local/lib/python3.12/site-packages/airflow/example_dags/example_datasets.py took 0.625 seconds
[2025-07-30T17:05:34.498+0000] {processor.py:186} INFO - Started process (PID=2870) to work on /home/airflow/.local/lib/python3.12/site-packages/airflow/example_dags/example_datasets.py
[2025-07-30T17:05:34.499+0000] {processor.py:914} INFO - Processing file /home/airflow/.local/lib/python3.12/site-packages/airflow/example_dags/example_datasets.py for tasks to queue
[2025-07-30T17:05:34.500+0000] {logging_mixin.py:190} INFO - [2025-07-30T17:05:34.500+0000] {dagbag.py:588} INFO - Filling up the DagBag from /home/airflow/.local/lib/python3.12/site-packages/airflow/example_dags/example_datasets.py
[2025-07-30T17:05:35.014+0000] {processor.py:925} INFO - DAG(s) 'dataset_produces_2', 'dataset_consumes_1_never_scheduled', 'dataset_consumes_1_and_2', 'dataset_consumes_unknown_never_scheduled', 'dataset_consumes_1', 'dataset_produces_1', 'consume_1_or_2_with_dataset_expressions', 'conditional_dataset_and_time_based_timetable', 'consume_1_and_2_with_dataset_expressions', 'consume_1_or_both_2_and_3_with_dataset_expressions' retrieved from /home/airflow/.local/lib/python3.12/site-packages/airflow/example_dags/example_datasets.py
[2025-07-30T17:05:35.048+0000] {logging_mixin.py:190} INFO - [2025-07-30T17:05:35.048+0000] {dag.py:3239} INFO - Sync 10 DAGs
[2025-07-30T17:05:35.068+0000] {logging_mixin.py:190} INFO - [2025-07-30T17:05:35.068+0000] {dag.py:4180} INFO - Setting next_dagrun for conditional_dataset_and_time_based_timetable to 2025-07-30 01:00:00+00:00, run_after=2025-07-30 01:00:00+00:00
[2025-07-30T17:05:35.071+0000] {logging_mixin.py:190} INFO - [2025-07-30T17:05:35.071+0000] {dag.py:4180} INFO - Setting next_dagrun for consume_1_and_2_with_dataset_expressions to None, run_after=None
[2025-07-30T17:05:35.072+0000] {logging_mixin.py:190} INFO - [2025-07-30T17:05:35.072+0000] {dag.py:4180} INFO - Setting next_dagrun for consume_1_or_2_with_dataset_expressions to None, run_after=None
[2025-07-30T17:05:35.073+0000] {logging_mixin.py:190} INFO - [2025-07-30T17:05:35.073+0000] {dag.py:4180} INFO - Setting next_dagrun for consume_1_or_both_2_and_3_with_dataset_expressions to None, run_after=None
[2025-07-30T17:05:35.074+0000] {logging_mixin.py:190} INFO - [2025-07-30T17:05:35.074+0000] {dag.py:4180} INFO - Setting next_dagrun for dataset_consumes_1 to None, run_after=None
[2025-07-30T17:05:35.075+0000] {logging_mixin.py:190} INFO - [2025-07-30T17:05:35.075+0000] {dag.py:4180} INFO - Setting next_dagrun for dataset_consumes_1_and_2 to None, run_after=None
[2025-07-30T17:05:35.076+0000] {logging_mixin.py:190} INFO - [2025-07-30T17:05:35.076+0000] {dag.py:4180} INFO - Setting next_dagrun for dataset_consumes_1_never_scheduled to None, run_after=None
[2025-07-30T17:05:35.077+0000] {logging_mixin.py:190} INFO - [2025-07-30T17:05:35.077+0000] {dag.py:4180} INFO - Setting next_dagrun for dataset_consumes_unknown_never_scheduled to None, run_after=None
[2025-07-30T17:05:35.079+0000] {logging_mixin.py:190} INFO - [2025-07-30T17:05:35.079+0000] {dag.py:4180} INFO - Setting next_dagrun for dataset_produces_1 to 2025-07-29 00:00:00+00:00, run_after=2025-07-30 00:00:00+00:00
[2025-07-30T17:05:35.080+0000] {logging_mixin.py:190} INFO - [2025-07-30T17:05:35.080+0000] {dag.py:4180} INFO - Setting next_dagrun for dataset_produces_2 to None, run_after=None
[2025-07-30T17:05:35.105+0000] {processor.py:208} INFO - Processing /home/airflow/.local/lib/python3.12/site-packages/airflow/example_dags/example_datasets.py took 0.611 seconds
[2025-07-30T17:06:05.332+0000] {processor.py:186} INFO - Started process (PID=3176) to work on /home/airflow/.local/lib/python3.12/site-packages/airflow/example_dags/example_datasets.py
[2025-07-30T17:06:05.333+0000] {processor.py:914} INFO - Processing file /home/airflow/.local/lib/python3.12/site-packages/airflow/example_dags/example_datasets.py for tasks to queue
[2025-07-30T17:06:05.335+0000] {logging_mixin.py:190} INFO - [2025-07-30T17:06:05.335+0000] {dagbag.py:588} INFO - Filling up the DagBag from /home/airflow/.local/lib/python3.12/site-packages/airflow/example_dags/example_datasets.py
[2025-07-30T17:06:05.841+0000] {processor.py:925} INFO - DAG(s) 'dataset_consumes_1', 'dataset_consumes_unknown_never_scheduled', 'dataset_consumes_1_never_scheduled', 'consume_1_and_2_with_dataset_expressions', 'conditional_dataset_and_time_based_timetable', 'consume_1_or_both_2_and_3_with_dataset_expressions', 'consume_1_or_2_with_dataset_expressions', 'dataset_produces_2', 'dataset_consumes_1_and_2', 'dataset_produces_1' retrieved from /home/airflow/.local/lib/python3.12/site-packages/airflow/example_dags/example_datasets.py
[2025-07-30T17:06:05.881+0000] {logging_mixin.py:190} INFO - [2025-07-30T17:06:05.881+0000] {dag.py:3239} INFO - Sync 10 DAGs
[2025-07-30T17:06:05.908+0000] {logging_mixin.py:190} INFO - [2025-07-30T17:06:05.907+0000] {dag.py:4180} INFO - Setting next_dagrun for conditional_dataset_and_time_based_timetable to 2025-07-30 01:00:00+00:00, run_after=2025-07-30 01:00:00+00:00
[2025-07-30T17:06:05.911+0000] {logging_mixin.py:190} INFO - [2025-07-30T17:06:05.910+0000] {dag.py:4180} INFO - Setting next_dagrun for consume_1_and_2_with_dataset_expressions to None, run_after=None
[2025-07-30T17:06:05.912+0000] {logging_mixin.py:190} INFO - [2025-07-30T17:06:05.911+0000] {dag.py:4180} INFO - Setting next_dagrun for consume_1_or_2_with_dataset_expressions to None, run_after=None
[2025-07-30T17:06:05.913+0000] {logging_mixin.py:190} INFO - [2025-07-30T17:06:05.912+0000] {dag.py:4180} INFO - Setting next_dagrun for consume_1_or_both_2_and_3_with_dataset_expressions to None, run_after=None
[2025-07-30T17:06:05.914+0000] {logging_mixin.py:190} INFO - [2025-07-30T17:06:05.913+0000] {dag.py:4180} INFO - Setting next_dagrun for dataset_consumes_1 to None, run_after=None
[2025-07-30T17:06:05.915+0000] {logging_mixin.py:190} INFO - [2025-07-30T17:06:05.914+0000] {dag.py:4180} INFO - Setting next_dagrun for dataset_consumes_1_and_2 to None, run_after=None
[2025-07-30T17:06:05.916+0000] {logging_mixin.py:190} INFO - [2025-07-30T17:06:05.915+0000] {dag.py:4180} INFO - Setting next_dagrun for dataset_consumes_1_never_scheduled to None, run_after=None
[2025-07-30T17:06:05.917+0000] {logging_mixin.py:190} INFO - [2025-07-30T17:06:05.916+0000] {dag.py:4180} INFO - Setting next_dagrun for dataset_consumes_unknown_never_scheduled to None, run_after=None
[2025-07-30T17:06:05.919+0000] {logging_mixin.py:190} INFO - [2025-07-30T17:06:05.918+0000] {dag.py:4180} INFO - Setting next_dagrun for dataset_produces_1 to 2025-07-29 00:00:00+00:00, run_after=2025-07-30 00:00:00+00:00
[2025-07-30T17:06:05.920+0000] {logging_mixin.py:190} INFO - [2025-07-30T17:06:05.919+0000] {dag.py:4180} INFO - Setting next_dagrun for dataset_produces_2 to None, run_after=None
[2025-07-30T17:06:05.944+0000] {processor.py:208} INFO - Processing /home/airflow/.local/lib/python3.12/site-packages/airflow/example_dags/example_datasets.py took 0.618 seconds
[2025-07-30T17:06:36.715+0000] {processor.py:186} INFO - Started process (PID=3487) to work on /home/airflow/.local/lib/python3.12/site-packages/airflow/example_dags/example_datasets.py
[2025-07-30T17:06:36.716+0000] {processor.py:914} INFO - Processing file /home/airflow/.local/lib/python3.12/site-packages/airflow/example_dags/example_datasets.py for tasks to queue
[2025-07-30T17:06:36.718+0000] {logging_mixin.py:190} INFO - [2025-07-30T17:06:36.718+0000] {dagbag.py:588} INFO - Filling up the DagBag from /home/airflow/.local/lib/python3.12/site-packages/airflow/example_dags/example_datasets.py
[2025-07-30T17:06:37.343+0000] {processor.py:925} INFO - DAG(s) 'conditional_dataset_and_time_based_timetable', 'consume_1_or_2_with_dataset_expressions', 'dataset_produces_2', 'consume_1_and_2_with_dataset_expressions', 'dataset_consumes_1', 'dataset_consumes_1_and_2', 'consume_1_or_both_2_and_3_with_dataset_expressions', 'dataset_consumes_unknown_never_scheduled', 'dataset_produces_1', 'dataset_consumes_1_never_scheduled' retrieved from /home/airflow/.local/lib/python3.12/site-packages/airflow/example_dags/example_datasets.py
[2025-07-30T17:06:37.376+0000] {logging_mixin.py:190} INFO - [2025-07-30T17:06:37.376+0000] {dag.py:3239} INFO - Sync 10 DAGs
[2025-07-30T17:06:37.398+0000] {logging_mixin.py:190} INFO - [2025-07-30T17:06:37.398+0000] {dag.py:4180} INFO - Setting next_dagrun for conditional_dataset_and_time_based_timetable to 2025-07-30 01:00:00+00:00, run_after=2025-07-30 01:00:00+00:00
[2025-07-30T17:06:37.401+0000] {logging_mixin.py:190} INFO - [2025-07-30T17:06:37.401+0000] {dag.py:4180} INFO - Setting next_dagrun for consume_1_and_2_with_dataset_expressions to None, run_after=None
[2025-07-30T17:06:37.402+0000] {logging_mixin.py:190} INFO - [2025-07-30T17:06:37.402+0000] {dag.py:4180} INFO - Setting next_dagrun for consume_1_or_2_with_dataset_expressions to None, run_after=None
[2025-07-30T17:06:37.403+0000] {logging_mixin.py:190} INFO - [2025-07-30T17:06:37.403+0000] {dag.py:4180} INFO - Setting next_dagrun for consume_1_or_both_2_and_3_with_dataset_expressions to None, run_after=None
[2025-07-30T17:06:37.404+0000] {logging_mixin.py:190} INFO - [2025-07-30T17:06:37.404+0000] {dag.py:4180} INFO - Setting next_dagrun for dataset_consumes_1 to None, run_after=None
[2025-07-30T17:06:37.405+0000] {logging_mixin.py:190} INFO - [2025-07-30T17:06:37.405+0000] {dag.py:4180} INFO - Setting next_dagrun for dataset_consumes_1_and_2 to None, run_after=None
[2025-07-30T17:06:37.406+0000] {logging_mixin.py:190} INFO - [2025-07-30T17:06:37.406+0000] {dag.py:4180} INFO - Setting next_dagrun for dataset_consumes_1_never_scheduled to None, run_after=None
[2025-07-30T17:06:37.407+0000] {logging_mixin.py:190} INFO - [2025-07-30T17:06:37.407+0000] {dag.py:4180} INFO - Setting next_dagrun for dataset_consumes_unknown_never_scheduled to None, run_after=None
[2025-07-30T17:06:37.409+0000] {logging_mixin.py:190} INFO - [2025-07-30T17:06:37.409+0000] {dag.py:4180} INFO - Setting next_dagrun for dataset_produces_1 to 2025-07-29 00:00:00+00:00, run_after=2025-07-30 00:00:00+00:00
[2025-07-30T17:06:37.410+0000] {logging_mixin.py:190} INFO - [2025-07-30T17:06:37.410+0000] {dag.py:4180} INFO - Setting next_dagrun for dataset_produces_2 to None, run_after=None
[2025-07-30T17:06:37.435+0000] {processor.py:208} INFO - Processing /home/airflow/.local/lib/python3.12/site-packages/airflow/example_dags/example_datasets.py took 0.726 seconds
[2025-07-30T17:07:08.123+0000] {processor.py:186} INFO - Started process (PID=3808) to work on /home/airflow/.local/lib/python3.12/site-packages/airflow/example_dags/example_datasets.py
[2025-07-30T17:07:08.124+0000] {processor.py:914} INFO - Processing file /home/airflow/.local/lib/python3.12/site-packages/airflow/example_dags/example_datasets.py for tasks to queue
[2025-07-30T17:07:08.126+0000] {logging_mixin.py:190} INFO - [2025-07-30T17:07:08.125+0000] {dagbag.py:588} INFO - Filling up the DagBag from /home/airflow/.local/lib/python3.12/site-packages/airflow/example_dags/example_datasets.py
[2025-07-30T17:07:08.666+0000] {processor.py:925} INFO - DAG(s) 'consume_1_or_both_2_and_3_with_dataset_expressions', 'dataset_consumes_1', 'dataset_produces_1', 'dataset_produces_2', 'consume_1_or_2_with_dataset_expressions', 'consume_1_and_2_with_dataset_expressions', 'dataset_consumes_unknown_never_scheduled', 'dataset_consumes_1_never_scheduled', 'conditional_dataset_and_time_based_timetable', 'dataset_consumes_1_and_2' retrieved from /home/airflow/.local/lib/python3.12/site-packages/airflow/example_dags/example_datasets.py
[2025-07-30T17:07:08.699+0000] {logging_mixin.py:190} INFO - [2025-07-30T17:07:08.699+0000] {dag.py:3239} INFO - Sync 10 DAGs
[2025-07-30T17:07:08.722+0000] {logging_mixin.py:190} INFO - [2025-07-30T17:07:08.722+0000] {dag.py:4180} INFO - Setting next_dagrun for conditional_dataset_and_time_based_timetable to 2025-07-30 01:00:00+00:00, run_after=2025-07-30 01:00:00+00:00
[2025-07-30T17:07:08.725+0000] {logging_mixin.py:190} INFO - [2025-07-30T17:07:08.725+0000] {dag.py:4180} INFO - Setting next_dagrun for consume_1_and_2_with_dataset_expressions to None, run_after=None
[2025-07-30T17:07:08.727+0000] {logging_mixin.py:190} INFO - [2025-07-30T17:07:08.727+0000] {dag.py:4180} INFO - Setting next_dagrun for consume_1_or_2_with_dataset_expressions to None, run_after=None
[2025-07-30T17:07:08.728+0000] {logging_mixin.py:190} INFO - [2025-07-30T17:07:08.728+0000] {dag.py:4180} INFO - Setting next_dagrun for consume_1_or_both_2_and_3_with_dataset_expressions to None, run_after=None
[2025-07-30T17:07:08.729+0000] {logging_mixin.py:190} INFO - [2025-07-30T17:07:08.729+0000] {dag.py:4180} INFO - Setting next_dagrun for dataset_consumes_1 to None, run_after=None
[2025-07-30T17:07:08.730+0000] {logging_mixin.py:190} INFO - [2025-07-30T17:07:08.730+0000] {dag.py:4180} INFO - Setting next_dagrun for dataset_consumes_1_and_2 to None, run_after=None
[2025-07-30T17:07:08.731+0000] {logging_mixin.py:190} INFO - [2025-07-30T17:07:08.731+0000] {dag.py:4180} INFO - Setting next_dagrun for dataset_consumes_1_never_scheduled to None, run_after=None
[2025-07-30T17:07:08.732+0000] {logging_mixin.py:190} INFO - [2025-07-30T17:07:08.732+0000] {dag.py:4180} INFO - Setting next_dagrun for dataset_consumes_unknown_never_scheduled to None, run_after=None
[2025-07-30T17:07:08.734+0000] {logging_mixin.py:190} INFO - [2025-07-30T17:07:08.734+0000] {dag.py:4180} INFO - Setting next_dagrun for dataset_produces_1 to 2025-07-29 00:00:00+00:00, run_after=2025-07-30 00:00:00+00:00
[2025-07-30T17:07:08.735+0000] {logging_mixin.py:190} INFO - [2025-07-30T17:07:08.735+0000] {dag.py:4180} INFO - Setting next_dagrun for dataset_produces_2 to None, run_after=None
[2025-07-30T17:07:08.760+0000] {processor.py:208} INFO - Processing /home/airflow/.local/lib/python3.12/site-packages/airflow/example_dags/example_datasets.py took 0.641 seconds
[2025-07-30T17:07:39.630+0000] {processor.py:186} INFO - Started process (PID=4120) to work on /home/airflow/.local/lib/python3.12/site-packages/airflow/example_dags/example_datasets.py
[2025-07-30T17:07:39.631+0000] {processor.py:914} INFO - Processing file /home/airflow/.local/lib/python3.12/site-packages/airflow/example_dags/example_datasets.py for tasks to queue
[2025-07-30T17:07:39.633+0000] {logging_mixin.py:190} INFO - [2025-07-30T17:07:39.633+0000] {dagbag.py:588} INFO - Filling up the DagBag from /home/airflow/.local/lib/python3.12/site-packages/airflow/example_dags/example_datasets.py
[2025-07-30T17:07:40.226+0000] {processor.py:925} INFO - DAG(s) 'conditional_dataset_and_time_based_timetable', 'dataset_consumes_1', 'dataset_consumes_unknown_never_scheduled', 'dataset_consumes_1_and_2', 'dataset_produces_2', 'dataset_produces_1', 'consume_1_or_2_with_dataset_expressions', 'dataset_consumes_1_never_scheduled', 'consume_1_or_both_2_and_3_with_dataset_expressions', 'consume_1_and_2_with_dataset_expressions' retrieved from /home/airflow/.local/lib/python3.12/site-packages/airflow/example_dags/example_datasets.py
[2025-07-30T17:07:40.260+0000] {logging_mixin.py:190} INFO - [2025-07-30T17:07:40.260+0000] {dag.py:3239} INFO - Sync 10 DAGs
[2025-07-30T17:07:40.281+0000] {logging_mixin.py:190} INFO - [2025-07-30T17:07:40.281+0000] {dag.py:4180} INFO - Setting next_dagrun for conditional_dataset_and_time_based_timetable to 2025-07-30 01:00:00+00:00, run_after=2025-07-30 01:00:00+00:00
[2025-07-30T17:07:40.284+0000] {logging_mixin.py:190} INFO - [2025-07-30T17:07:40.284+0000] {dag.py:4180} INFO - Setting next_dagrun for consume_1_and_2_with_dataset_expressions to None, run_after=None
[2025-07-30T17:07:40.285+0000] {logging_mixin.py:190} INFO - [2025-07-30T17:07:40.285+0000] {dag.py:4180} INFO - Setting next_dagrun for consume_1_or_2_with_dataset_expressions to None, run_after=None
[2025-07-30T17:07:40.286+0000] {logging_mixin.py:190} INFO - [2025-07-30T17:07:40.286+0000] {dag.py:4180} INFO - Setting next_dagrun for consume_1_or_both_2_and_3_with_dataset_expressions to None, run_after=None
[2025-07-30T17:07:40.287+0000] {logging_mixin.py:190} INFO - [2025-07-30T17:07:40.287+0000] {dag.py:4180} INFO - Setting next_dagrun for dataset_consumes_1 to None, run_after=None
[2025-07-30T17:07:40.288+0000] {logging_mixin.py:190} INFO - [2025-07-30T17:07:40.288+0000] {dag.py:4180} INFO - Setting next_dagrun for dataset_consumes_1_and_2 to None, run_after=None
[2025-07-30T17:07:40.289+0000] {logging_mixin.py:190} INFO - [2025-07-30T17:07:40.289+0000] {dag.py:4180} INFO - Setting next_dagrun for dataset_consumes_1_never_scheduled to None, run_after=None
[2025-07-30T17:07:40.290+0000] {logging_mixin.py:190} INFO - [2025-07-30T17:07:40.290+0000] {dag.py:4180} INFO - Setting next_dagrun for dataset_consumes_unknown_never_scheduled to None, run_after=None
[2025-07-30T17:07:40.292+0000] {logging_mixin.py:190} INFO - [2025-07-30T17:07:40.292+0000] {dag.py:4180} INFO - Setting next_dagrun for dataset_produces_1 to 2025-07-29 00:00:00+00:00, run_after=2025-07-30 00:00:00+00:00
[2025-07-30T17:07:40.293+0000] {logging_mixin.py:190} INFO - [2025-07-30T17:07:40.293+0000] {dag.py:4180} INFO - Setting next_dagrun for dataset_produces_2 to None, run_after=None
[2025-07-30T17:07:40.320+0000] {processor.py:208} INFO - Processing /home/airflow/.local/lib/python3.12/site-packages/airflow/example_dags/example_datasets.py took 0.694 seconds
[2025-07-30T17:08:11.032+0000] {processor.py:186} INFO - Started process (PID=4426) to work on /home/airflow/.local/lib/python3.12/site-packages/airflow/example_dags/example_datasets.py
[2025-07-30T17:08:11.032+0000] {processor.py:914} INFO - Processing file /home/airflow/.local/lib/python3.12/site-packages/airflow/example_dags/example_datasets.py for tasks to queue
[2025-07-30T17:08:11.034+0000] {logging_mixin.py:190} INFO - [2025-07-30T17:08:11.034+0000] {dagbag.py:588} INFO - Filling up the DagBag from /home/airflow/.local/lib/python3.12/site-packages/airflow/example_dags/example_datasets.py
[2025-07-30T17:08:11.503+0000] {processor.py:925} INFO - DAG(s) 'consume_1_or_both_2_and_3_with_dataset_expressions', 'dataset_consumes_1_and_2', 'dataset_produces_2', 'dataset_consumes_1', 'consume_1_or_2_with_dataset_expressions', 'conditional_dataset_and_time_based_timetable', 'dataset_consumes_1_never_scheduled', 'dataset_consumes_unknown_never_scheduled', 'dataset_produces_1', 'consume_1_and_2_with_dataset_expressions' retrieved from /home/airflow/.local/lib/python3.12/site-packages/airflow/example_dags/example_datasets.py
[2025-07-30T17:08:11.537+0000] {logging_mixin.py:190} INFO - [2025-07-30T17:08:11.537+0000] {dag.py:3239} INFO - Sync 10 DAGs
[2025-07-30T17:08:11.560+0000] {logging_mixin.py:190} INFO - [2025-07-30T17:08:11.559+0000] {dag.py:4180} INFO - Setting next_dagrun for conditional_dataset_and_time_based_timetable to 2025-07-30 01:00:00+00:00, run_after=2025-07-30 01:00:00+00:00
[2025-07-30T17:08:11.563+0000] {logging_mixin.py:190} INFO - [2025-07-30T17:08:11.563+0000] {dag.py:4180} INFO - Setting next_dagrun for consume_1_and_2_with_dataset_expressions to None, run_after=None
[2025-07-30T17:08:11.566+0000] {logging_mixin.py:190} INFO - [2025-07-30T17:08:11.566+0000] {dag.py:4180} INFO - Setting next_dagrun for consume_1_or_2_with_dataset_expressions to None, run_after=None
[2025-07-30T17:08:11.568+0000] {logging_mixin.py:190} INFO - [2025-07-30T17:08:11.567+0000] {dag.py:4180} INFO - Setting next_dagrun for consume_1_or_both_2_and_3_with_dataset_expressions to None, run_after=None
[2025-07-30T17:08:11.569+0000] {logging_mixin.py:190} INFO - [2025-07-30T17:08:11.569+0000] {dag.py:4180} INFO - Setting next_dagrun for dataset_consumes_1 to None, run_after=None
[2025-07-30T17:08:11.570+0000] {logging_mixin.py:190} INFO - [2025-07-30T17:08:11.570+0000] {dag.py:4180} INFO - Setting next_dagrun for dataset_consumes_1_and_2 to None, run_after=None
[2025-07-30T17:08:11.571+0000] {logging_mixin.py:190} INFO - [2025-07-30T17:08:11.571+0000] {dag.py:4180} INFO - Setting next_dagrun for dataset_consumes_1_never_scheduled to None, run_after=None
[2025-07-30T17:08:11.572+0000] {logging_mixin.py:190} INFO - [2025-07-30T17:08:11.572+0000] {dag.py:4180} INFO - Setting next_dagrun for dataset_consumes_unknown_never_scheduled to None, run_after=None
[2025-07-30T17:08:11.576+0000] {logging_mixin.py:190} INFO - [2025-07-30T17:08:11.575+0000] {dag.py:4180} INFO - Setting next_dagrun for dataset_produces_1 to 2025-07-29 00:00:00+00:00, run_after=2025-07-30 00:00:00+00:00
[2025-07-30T17:08:11.577+0000] {logging_mixin.py:190} INFO - [2025-07-30T17:08:11.577+0000] {dag.py:4180} INFO - Setting next_dagrun for dataset_produces_2 to None, run_after=None
[2025-07-30T17:08:11.614+0000] {processor.py:208} INFO - Processing /home/airflow/.local/lib/python3.12/site-packages/airflow/example_dags/example_datasets.py took 0.587 seconds
[2025-07-30T17:08:42.341+0000] {processor.py:186} INFO - Started process (PID=4732) to work on /home/airflow/.local/lib/python3.12/site-packages/airflow/example_dags/example_datasets.py
[2025-07-30T17:08:42.342+0000] {processor.py:914} INFO - Processing file /home/airflow/.local/lib/python3.12/site-packages/airflow/example_dags/example_datasets.py for tasks to queue
[2025-07-30T17:08:42.344+0000] {logging_mixin.py:190} INFO - [2025-07-30T17:08:42.343+0000] {dagbag.py:588} INFO - Filling up the DagBag from /home/airflow/.local/lib/python3.12/site-packages/airflow/example_dags/example_datasets.py
[2025-07-30T17:08:42.851+0000] {processor.py:925} INFO - DAG(s) 'consume_1_or_2_with_dataset_expressions', 'dataset_produces_2', 'dataset_consumes_1', 'dataset_consumes_1_never_scheduled', 'dataset_consumes_1_and_2', 'consume_1_or_both_2_and_3_with_dataset_expressions', 'dataset_produces_1', 'conditional_dataset_and_time_based_timetable', 'consume_1_and_2_with_dataset_expressions', 'dataset_consumes_unknown_never_scheduled' retrieved from /home/airflow/.local/lib/python3.12/site-packages/airflow/example_dags/example_datasets.py
[2025-07-30T17:08:42.885+0000] {logging_mixin.py:190} INFO - [2025-07-30T17:08:42.884+0000] {dag.py:3239} INFO - Sync 10 DAGs
[2025-07-30T17:08:42.905+0000] {logging_mixin.py:190} INFO - [2025-07-30T17:08:42.905+0000] {dag.py:4180} INFO - Setting next_dagrun for conditional_dataset_and_time_based_timetable to 2025-07-30 01:00:00+00:00, run_after=2025-07-30 01:00:00+00:00
[2025-07-30T17:08:42.908+0000] {logging_mixin.py:190} INFO - [2025-07-30T17:08:42.908+0000] {dag.py:4180} INFO - Setting next_dagrun for consume_1_and_2_with_dataset_expressions to None, run_after=None
[2025-07-30T17:08:42.909+0000] {logging_mixin.py:190} INFO - [2025-07-30T17:08:42.909+0000] {dag.py:4180} INFO - Setting next_dagrun for consume_1_or_2_with_dataset_expressions to None, run_after=None
[2025-07-30T17:08:42.910+0000] {logging_mixin.py:190} INFO - [2025-07-30T17:08:42.910+0000] {dag.py:4180} INFO - Setting next_dagrun for consume_1_or_both_2_and_3_with_dataset_expressions to None, run_after=None
[2025-07-30T17:08:42.911+0000] {logging_mixin.py:190} INFO - [2025-07-30T17:08:42.911+0000] {dag.py:4180} INFO - Setting next_dagrun for dataset_consumes_1 to None, run_after=None
[2025-07-30T17:08:42.912+0000] {logging_mixin.py:190} INFO - [2025-07-30T17:08:42.912+0000] {dag.py:4180} INFO - Setting next_dagrun for dataset_consumes_1_and_2 to None, run_after=None
[2025-07-30T17:08:42.913+0000] {logging_mixin.py:190} INFO - [2025-07-30T17:08:42.913+0000] {dag.py:4180} INFO - Setting next_dagrun for dataset_consumes_1_never_scheduled to None, run_after=None
[2025-07-30T17:08:42.914+0000] {logging_mixin.py:190} INFO - [2025-07-30T17:08:42.914+0000] {dag.py:4180} INFO - Setting next_dagrun for dataset_consumes_unknown_never_scheduled to None, run_after=None
[2025-07-30T17:08:42.916+0000] {logging_mixin.py:190} INFO - [2025-07-30T17:08:42.916+0000] {dag.py:4180} INFO - Setting next_dagrun for dataset_produces_1 to 2025-07-29 00:00:00+00:00, run_after=2025-07-30 00:00:00+00:00
[2025-07-30T17:08:42.918+0000] {logging_mixin.py:190} INFO - [2025-07-30T17:08:42.918+0000] {dag.py:4180} INFO - Setting next_dagrun for dataset_produces_2 to None, run_after=None
[2025-07-30T17:08:42.944+0000] {processor.py:208} INFO - Processing /home/airflow/.local/lib/python3.12/site-packages/airflow/example_dags/example_datasets.py took 0.607 seconds
[2025-07-30T17:09:13.302+0000] {processor.py:186} INFO - Started process (PID=5038) to work on /home/airflow/.local/lib/python3.12/site-packages/airflow/example_dags/example_datasets.py
[2025-07-30T17:09:13.303+0000] {processor.py:914} INFO - Processing file /home/airflow/.local/lib/python3.12/site-packages/airflow/example_dags/example_datasets.py for tasks to queue
[2025-07-30T17:09:13.305+0000] {logging_mixin.py:190} INFO - [2025-07-30T17:09:13.305+0000] {dagbag.py:588} INFO - Filling up the DagBag from /home/airflow/.local/lib/python3.12/site-packages/airflow/example_dags/example_datasets.py
[2025-07-30T17:09:13.778+0000] {processor.py:925} INFO - DAG(s) 'consume_1_or_2_with_dataset_expressions', 'dataset_consumes_1_and_2', 'consume_1_and_2_with_dataset_expressions', 'conditional_dataset_and_time_based_timetable', 'dataset_consumes_1', 'dataset_consumes_unknown_never_scheduled', 'dataset_consumes_1_never_scheduled', 'consume_1_or_both_2_and_3_with_dataset_expressions', 'dataset_produces_1', 'dataset_produces_2' retrieved from /home/airflow/.local/lib/python3.12/site-packages/airflow/example_dags/example_datasets.py
[2025-07-30T17:09:13.815+0000] {logging_mixin.py:190} INFO - [2025-07-30T17:09:13.815+0000] {dag.py:3239} INFO - Sync 10 DAGs
[2025-07-30T17:09:13.835+0000] {logging_mixin.py:190} INFO - [2025-07-30T17:09:13.835+0000] {dag.py:4180} INFO - Setting next_dagrun for conditional_dataset_and_time_based_timetable to 2025-07-30 01:00:00+00:00, run_after=2025-07-30 01:00:00+00:00
[2025-07-30T17:09:13.838+0000] {logging_mixin.py:190} INFO - [2025-07-30T17:09:13.838+0000] {dag.py:4180} INFO - Setting next_dagrun for consume_1_and_2_with_dataset_expressions to None, run_after=None
[2025-07-30T17:09:13.839+0000] {logging_mixin.py:190} INFO - [2025-07-30T17:09:13.839+0000] {dag.py:4180} INFO - Setting next_dagrun for consume_1_or_2_with_dataset_expressions to None, run_after=None
[2025-07-30T17:09:13.840+0000] {logging_mixin.py:190} INFO - [2025-07-30T17:09:13.840+0000] {dag.py:4180} INFO - Setting next_dagrun for consume_1_or_both_2_and_3_with_dataset_expressions to None, run_after=None
[2025-07-30T17:09:13.841+0000] {logging_mixin.py:190} INFO - [2025-07-30T17:09:13.841+0000] {dag.py:4180} INFO - Setting next_dagrun for dataset_consumes_1 to None, run_after=None
[2025-07-30T17:09:13.842+0000] {logging_mixin.py:190} INFO - [2025-07-30T17:09:13.842+0000] {dag.py:4180} INFO - Setting next_dagrun for dataset_consumes_1_and_2 to None, run_after=None
[2025-07-30T17:09:13.843+0000] {logging_mixin.py:190} INFO - [2025-07-30T17:09:13.843+0000] {dag.py:4180} INFO - Setting next_dagrun for dataset_consumes_1_never_scheduled to None, run_after=None
[2025-07-30T17:09:13.844+0000] {logging_mixin.py:190} INFO - [2025-07-30T17:09:13.844+0000] {dag.py:4180} INFO - Setting next_dagrun for dataset_consumes_unknown_never_scheduled to None, run_after=None
[2025-07-30T17:09:13.846+0000] {logging_mixin.py:190} INFO - [2025-07-30T17:09:13.846+0000] {dag.py:4180} INFO - Setting next_dagrun for dataset_produces_1 to 2025-07-29 00:00:00+00:00, run_after=2025-07-30 00:00:00+00:00
[2025-07-30T17:09:13.847+0000] {logging_mixin.py:190} INFO - [2025-07-30T17:09:13.847+0000] {dag.py:4180} INFO - Setting next_dagrun for dataset_produces_2 to None, run_after=None
[2025-07-30T17:09:13.876+0000] {processor.py:208} INFO - Processing /home/airflow/.local/lib/python3.12/site-packages/airflow/example_dags/example_datasets.py took 0.579 seconds
[2025-07-30T17:09:44.383+0000] {processor.py:186} INFO - Started process (PID=5344) to work on /home/airflow/.local/lib/python3.12/site-packages/airflow/example_dags/example_datasets.py
[2025-07-30T17:09:44.384+0000] {processor.py:914} INFO - Processing file /home/airflow/.local/lib/python3.12/site-packages/airflow/example_dags/example_datasets.py for tasks to queue
[2025-07-30T17:09:44.386+0000] {logging_mixin.py:190} INFO - [2025-07-30T17:09:44.386+0000] {dagbag.py:588} INFO - Filling up the DagBag from /home/airflow/.local/lib/python3.12/site-packages/airflow/example_dags/example_datasets.py
[2025-07-30T17:09:44.919+0000] {processor.py:925} INFO - DAG(s) 'consume_1_and_2_with_dataset_expressions', 'conditional_dataset_and_time_based_timetable', 'dataset_produces_2', 'dataset_consumes_1', 'consume_1_or_2_with_dataset_expressions', 'dataset_consumes_1_and_2', 'dataset_produces_1', 'dataset_consumes_unknown_never_scheduled', 'dataset_consumes_1_never_scheduled', 'consume_1_or_both_2_and_3_with_dataset_expressions' retrieved from /home/airflow/.local/lib/python3.12/site-packages/airflow/example_dags/example_datasets.py
[2025-07-30T17:09:44.952+0000] {logging_mixin.py:190} INFO - [2025-07-30T17:09:44.952+0000] {dag.py:3239} INFO - Sync 10 DAGs
[2025-07-30T17:09:44.972+0000] {logging_mixin.py:190} INFO - [2025-07-30T17:09:44.972+0000] {dag.py:4180} INFO - Setting next_dagrun for conditional_dataset_and_time_based_timetable to 2025-07-30 01:00:00+00:00, run_after=2025-07-30 01:00:00+00:00
[2025-07-30T17:09:44.975+0000] {logging_mixin.py:190} INFO - [2025-07-30T17:09:44.975+0000] {dag.py:4180} INFO - Setting next_dagrun for consume_1_and_2_with_dataset_expressions to None, run_after=None
[2025-07-30T17:09:44.976+0000] {logging_mixin.py:190} INFO - [2025-07-30T17:09:44.976+0000] {dag.py:4180} INFO - Setting next_dagrun for consume_1_or_2_with_dataset_expressions to None, run_after=None
[2025-07-30T17:09:44.977+0000] {logging_mixin.py:190} INFO - [2025-07-30T17:09:44.977+0000] {dag.py:4180} INFO - Setting next_dagrun for consume_1_or_both_2_and_3_with_dataset_expressions to None, run_after=None
[2025-07-30T17:09:44.978+0000] {logging_mixin.py:190} INFO - [2025-07-30T17:09:44.978+0000] {dag.py:4180} INFO - Setting next_dagrun for dataset_consumes_1 to None, run_after=None
[2025-07-30T17:09:44.979+0000] {logging_mixin.py:190} INFO - [2025-07-30T17:09:44.979+0000] {dag.py:4180} INFO - Setting next_dagrun for dataset_consumes_1_and_2 to None, run_after=None
[2025-07-30T17:09:44.980+0000] {logging_mixin.py:190} INFO - [2025-07-30T17:09:44.980+0000] {dag.py:4180} INFO - Setting next_dagrun for dataset_consumes_1_never_scheduled to None, run_after=None
[2025-07-30T17:09:44.981+0000] {logging_mixin.py:190} INFO - [2025-07-30T17:09:44.981+0000] {dag.py:4180} INFO - Setting next_dagrun for dataset_consumes_unknown_never_scheduled to None, run_after=None
[2025-07-30T17:09:44.983+0000] {logging_mixin.py:190} INFO - [2025-07-30T17:09:44.983+0000] {dag.py:4180} INFO - Setting next_dagrun for dataset_produces_1 to 2025-07-29 00:00:00+00:00, run_after=2025-07-30 00:00:00+00:00
[2025-07-30T17:09:44.984+0000] {logging_mixin.py:190} INFO - [2025-07-30T17:09:44.984+0000] {dag.py:4180} INFO - Setting next_dagrun for dataset_produces_2 to None, run_after=None
[2025-07-30T17:09:45.009+0000] {processor.py:208} INFO - Processing /home/airflow/.local/lib/python3.12/site-packages/airflow/example_dags/example_datasets.py took 0.630 seconds
[2025-07-30T17:10:15.306+0000] {processor.py:186} INFO - Started process (PID=5650) to work on /home/airflow/.local/lib/python3.12/site-packages/airflow/example_dags/example_datasets.py
[2025-07-30T17:10:15.307+0000] {processor.py:914} INFO - Processing file /home/airflow/.local/lib/python3.12/site-packages/airflow/example_dags/example_datasets.py for tasks to queue
[2025-07-30T17:10:15.308+0000] {logging_mixin.py:190} INFO - [2025-07-30T17:10:15.308+0000] {dagbag.py:588} INFO - Filling up the DagBag from /home/airflow/.local/lib/python3.12/site-packages/airflow/example_dags/example_datasets.py
[2025-07-30T17:10:15.773+0000] {processor.py:925} INFO - DAG(s) 'dataset_consumes_1_and_2', 'dataset_consumes_1', 'consume_1_or_both_2_and_3_with_dataset_expressions', 'consume_1_or_2_with_dataset_expressions', 'conditional_dataset_and_time_based_timetable', 'consume_1_and_2_with_dataset_expressions', 'dataset_consumes_unknown_never_scheduled', 'dataset_consumes_1_never_scheduled', 'dataset_produces_1', 'dataset_produces_2' retrieved from /home/airflow/.local/lib/python3.12/site-packages/airflow/example_dags/example_datasets.py
[2025-07-30T17:10:15.807+0000] {logging_mixin.py:190} INFO - [2025-07-30T17:10:15.807+0000] {dag.py:3239} INFO - Sync 10 DAGs
[2025-07-30T17:10:15.828+0000] {logging_mixin.py:190} INFO - [2025-07-30T17:10:15.828+0000] {dag.py:4180} INFO - Setting next_dagrun for conditional_dataset_and_time_based_timetable to 2025-07-30 01:00:00+00:00, run_after=2025-07-30 01:00:00+00:00
[2025-07-30T17:10:15.832+0000] {logging_mixin.py:190} INFO - [2025-07-30T17:10:15.832+0000] {dag.py:4180} INFO - Setting next_dagrun for consume_1_and_2_with_dataset_expressions to None, run_after=None
[2025-07-30T17:10:15.833+0000] {logging_mixin.py:190} INFO - [2025-07-30T17:10:15.833+0000] {dag.py:4180} INFO - Setting next_dagrun for consume_1_or_2_with_dataset_expressions to None, run_after=None
[2025-07-30T17:10:15.834+0000] {logging_mixin.py:190} INFO - [2025-07-30T17:10:15.834+0000] {dag.py:4180} INFO - Setting next_dagrun for consume_1_or_both_2_and_3_with_dataset_expressions to None, run_after=None
[2025-07-30T17:10:15.835+0000] {logging_mixin.py:190} INFO - [2025-07-30T17:10:15.835+0000] {dag.py:4180} INFO - Setting next_dagrun for dataset_consumes_1 to None, run_after=None
[2025-07-30T17:10:15.836+0000] {logging_mixin.py:190} INFO - [2025-07-30T17:10:15.836+0000] {dag.py:4180} INFO - Setting next_dagrun for dataset_consumes_1_and_2 to None, run_after=None
[2025-07-30T17:10:15.837+0000] {logging_mixin.py:190} INFO - [2025-07-30T17:10:15.837+0000] {dag.py:4180} INFO - Setting next_dagrun for dataset_consumes_1_never_scheduled to None, run_after=None
[2025-07-30T17:10:15.838+0000] {logging_mixin.py:190} INFO - [2025-07-30T17:10:15.838+0000] {dag.py:4180} INFO - Setting next_dagrun for dataset_consumes_unknown_never_scheduled to None, run_after=None
[2025-07-30T17:10:15.840+0000] {logging_mixin.py:190} INFO - [2025-07-30T17:10:15.840+0000] {dag.py:4180} INFO - Setting next_dagrun for dataset_produces_1 to 2025-07-29 00:00:00+00:00, run_after=2025-07-30 00:00:00+00:00
[2025-07-30T17:10:15.841+0000] {logging_mixin.py:190} INFO - [2025-07-30T17:10:15.841+0000] {dag.py:4180} INFO - Setting next_dagrun for dataset_produces_2 to None, run_after=None
[2025-07-30T17:10:15.866+0000] {processor.py:208} INFO - Processing /home/airflow/.local/lib/python3.12/site-packages/airflow/example_dags/example_datasets.py took 0.565 seconds
[2025-07-30T17:10:46.034+0000] {processor.py:186} INFO - Started process (PID=5956) to work on /home/airflow/.local/lib/python3.12/site-packages/airflow/example_dags/example_datasets.py
[2025-07-30T17:10:46.035+0000] {processor.py:914} INFO - Processing file /home/airflow/.local/lib/python3.12/site-packages/airflow/example_dags/example_datasets.py for tasks to queue
[2025-07-30T17:10:46.037+0000] {logging_mixin.py:190} INFO - [2025-07-30T17:10:46.037+0000] {dagbag.py:588} INFO - Filling up the DagBag from /home/airflow/.local/lib/python3.12/site-packages/airflow/example_dags/example_datasets.py
[2025-07-30T17:10:46.566+0000] {processor.py:925} INFO - DAG(s) 'dataset_consumes_1', 'dataset_consumes_1_and_2', 'dataset_consumes_unknown_never_scheduled', 'consume_1_and_2_with_dataset_expressions', 'conditional_dataset_and_time_based_timetable', 'dataset_produces_1', 'dataset_produces_2', 'consume_1_or_2_with_dataset_expressions', 'dataset_consumes_1_never_scheduled', 'consume_1_or_both_2_and_3_with_dataset_expressions' retrieved from /home/airflow/.local/lib/python3.12/site-packages/airflow/example_dags/example_datasets.py
[2025-07-30T17:10:46.599+0000] {logging_mixin.py:190} INFO - [2025-07-30T17:10:46.599+0000] {dag.py:3239} INFO - Sync 10 DAGs
[2025-07-30T17:10:46.622+0000] {logging_mixin.py:190} INFO - [2025-07-30T17:10:46.622+0000] {dag.py:4180} INFO - Setting next_dagrun for conditional_dataset_and_time_based_timetable to 2025-07-30 01:00:00+00:00, run_after=2025-07-30 01:00:00+00:00
[2025-07-30T17:10:46.625+0000] {logging_mixin.py:190} INFO - [2025-07-30T17:10:46.625+0000] {dag.py:4180} INFO - Setting next_dagrun for consume_1_and_2_with_dataset_expressions to None, run_after=None
[2025-07-30T17:10:46.626+0000] {logging_mixin.py:190} INFO - [2025-07-30T17:10:46.626+0000] {dag.py:4180} INFO - Setting next_dagrun for consume_1_or_2_with_dataset_expressions to None, run_after=None
[2025-07-30T17:10:46.627+0000] {logging_mixin.py:190} INFO - [2025-07-30T17:10:46.627+0000] {dag.py:4180} INFO - Setting next_dagrun for consume_1_or_both_2_and_3_with_dataset_expressions to None, run_after=None
[2025-07-30T17:10:46.628+0000] {logging_mixin.py:190} INFO - [2025-07-30T17:10:46.628+0000] {dag.py:4180} INFO - Setting next_dagrun for dataset_consumes_1 to None, run_after=None
[2025-07-30T17:10:46.629+0000] {logging_mixin.py:190} INFO - [2025-07-30T17:10:46.629+0000] {dag.py:4180} INFO - Setting next_dagrun for dataset_consumes_1_and_2 to None, run_after=None
[2025-07-30T17:10:46.630+0000] {logging_mixin.py:190} INFO - [2025-07-30T17:10:46.630+0000] {dag.py:4180} INFO - Setting next_dagrun for dataset_consumes_1_never_scheduled to None, run_after=None
[2025-07-30T17:10:46.631+0000] {logging_mixin.py:190} INFO - [2025-07-30T17:10:46.631+0000] {dag.py:4180} INFO - Setting next_dagrun for dataset_consumes_unknown_never_scheduled to None, run_after=None
[2025-07-30T17:10:46.633+0000] {logging_mixin.py:190} INFO - [2025-07-30T17:10:46.633+0000] {dag.py:4180} INFO - Setting next_dagrun for dataset_produces_1 to 2025-07-29 00:00:00+00:00, run_after=2025-07-30 00:00:00+00:00
[2025-07-30T17:10:46.634+0000] {logging_mixin.py:190} INFO - [2025-07-30T17:10:46.634+0000] {dag.py:4180} INFO - Setting next_dagrun for dataset_produces_2 to None, run_after=None
[2025-07-30T17:10:46.659+0000] {processor.py:208} INFO - Processing /home/airflow/.local/lib/python3.12/site-packages/airflow/example_dags/example_datasets.py took 0.630 seconds
[2025-07-30T17:11:16.807+0000] {processor.py:186} INFO - Started process (PID=6262) to work on /home/airflow/.local/lib/python3.12/site-packages/airflow/example_dags/example_datasets.py
[2025-07-30T17:11:16.808+0000] {processor.py:914} INFO - Processing file /home/airflow/.local/lib/python3.12/site-packages/airflow/example_dags/example_datasets.py for tasks to queue
[2025-07-30T17:11:16.809+0000] {logging_mixin.py:190} INFO - [2025-07-30T17:11:16.809+0000] {dagbag.py:588} INFO - Filling up the DagBag from /home/airflow/.local/lib/python3.12/site-packages/airflow/example_dags/example_datasets.py
[2025-07-30T17:11:17.390+0000] {processor.py:925} INFO - DAG(s) 'dataset_consumes_1', 'dataset_consumes_1_and_2', 'consume_1_or_both_2_and_3_with_dataset_expressions', 'dataset_produces_1', 'dataset_produces_2', 'dataset_consumes_1_never_scheduled', 'dataset_consumes_unknown_never_scheduled', 'consume_1_or_2_with_dataset_expressions', 'conditional_dataset_and_time_based_timetable', 'consume_1_and_2_with_dataset_expressions' retrieved from /home/airflow/.local/lib/python3.12/site-packages/airflow/example_dags/example_datasets.py
[2025-07-30T17:11:17.427+0000] {logging_mixin.py:190} INFO - [2025-07-30T17:11:17.427+0000] {dag.py:3239} INFO - Sync 10 DAGs
[2025-07-30T17:11:17.448+0000] {logging_mixin.py:190} INFO - [2025-07-30T17:11:17.448+0000] {dag.py:4180} INFO - Setting next_dagrun for conditional_dataset_and_time_based_timetable to 2025-07-30 01:00:00+00:00, run_after=2025-07-30 01:00:00+00:00
[2025-07-30T17:11:17.451+0000] {logging_mixin.py:190} INFO - [2025-07-30T17:11:17.451+0000] {dag.py:4180} INFO - Setting next_dagrun for consume_1_and_2_with_dataset_expressions to None, run_after=None
[2025-07-30T17:11:17.452+0000] {logging_mixin.py:190} INFO - [2025-07-30T17:11:17.452+0000] {dag.py:4180} INFO - Setting next_dagrun for consume_1_or_2_with_dataset_expressions to None, run_after=None
[2025-07-30T17:11:17.453+0000] {logging_mixin.py:190} INFO - [2025-07-30T17:11:17.453+0000] {dag.py:4180} INFO - Setting next_dagrun for consume_1_or_both_2_and_3_with_dataset_expressions to None, run_after=None
[2025-07-30T17:11:17.454+0000] {logging_mixin.py:190} INFO - [2025-07-30T17:11:17.454+0000] {dag.py:4180} INFO - Setting next_dagrun for dataset_consumes_1 to None, run_after=None
[2025-07-30T17:11:17.455+0000] {logging_mixin.py:190} INFO - [2025-07-30T17:11:17.455+0000] {dag.py:4180} INFO - Setting next_dagrun for dataset_consumes_1_and_2 to None, run_after=None
[2025-07-30T17:11:17.456+0000] {logging_mixin.py:190} INFO - [2025-07-30T17:11:17.456+0000] {dag.py:4180} INFO - Setting next_dagrun for dataset_consumes_1_never_scheduled to None, run_after=None
[2025-07-30T17:11:17.457+0000] {logging_mixin.py:190} INFO - [2025-07-30T17:11:17.457+0000] {dag.py:4180} INFO - Setting next_dagrun for dataset_consumes_unknown_never_scheduled to None, run_after=None
[2025-07-30T17:11:17.459+0000] {logging_mixin.py:190} INFO - [2025-07-30T17:11:17.459+0000] {dag.py:4180} INFO - Setting next_dagrun for dataset_produces_1 to 2025-07-29 00:00:00+00:00, run_after=2025-07-30 00:00:00+00:00
[2025-07-30T17:11:17.460+0000] {logging_mixin.py:190} INFO - [2025-07-30T17:11:17.460+0000] {dag.py:4180} INFO - Setting next_dagrun for dataset_produces_2 to None, run_after=None
[2025-07-30T17:11:17.486+0000] {processor.py:208} INFO - Processing /home/airflow/.local/lib/python3.12/site-packages/airflow/example_dags/example_datasets.py took 0.684 seconds
[2025-07-30T17:11:47.878+0000] {processor.py:186} INFO - Started process (PID=6568) to work on /home/airflow/.local/lib/python3.12/site-packages/airflow/example_dags/example_datasets.py
[2025-07-30T17:11:47.879+0000] {processor.py:914} INFO - Processing file /home/airflow/.local/lib/python3.12/site-packages/airflow/example_dags/example_datasets.py for tasks to queue
[2025-07-30T17:11:47.880+0000] {logging_mixin.py:190} INFO - [2025-07-30T17:11:47.880+0000] {dagbag.py:588} INFO - Filling up the DagBag from /home/airflow/.local/lib/python3.12/site-packages/airflow/example_dags/example_datasets.py
[2025-07-30T17:11:48.345+0000] {processor.py:925} INFO - DAG(s) 'consume_1_or_2_with_dataset_expressions', 'dataset_consumes_1_and_2', 'dataset_produces_2', 'dataset_consumes_1_never_scheduled', 'dataset_consumes_unknown_never_scheduled', 'conditional_dataset_and_time_based_timetable', 'dataset_produces_1', 'consume_1_and_2_with_dataset_expressions', 'dataset_consumes_1', 'consume_1_or_both_2_and_3_with_dataset_expressions' retrieved from /home/airflow/.local/lib/python3.12/site-packages/airflow/example_dags/example_datasets.py
[2025-07-30T17:11:48.381+0000] {logging_mixin.py:190} INFO - [2025-07-30T17:11:48.381+0000] {dag.py:3239} INFO - Sync 10 DAGs
[2025-07-30T17:11:48.402+0000] {logging_mixin.py:190} INFO - [2025-07-30T17:11:48.402+0000] {dag.py:4180} INFO - Setting next_dagrun for conditional_dataset_and_time_based_timetable to 2025-07-30 01:00:00+00:00, run_after=2025-07-30 01:00:00+00:00
[2025-07-30T17:11:48.405+0000] {logging_mixin.py:190} INFO - [2025-07-30T17:11:48.405+0000] {dag.py:4180} INFO - Setting next_dagrun for consume_1_and_2_with_dataset_expressions to None, run_after=None
[2025-07-30T17:11:48.407+0000] {logging_mixin.py:190} INFO - [2025-07-30T17:11:48.407+0000] {dag.py:4180} INFO - Setting next_dagrun for consume_1_or_2_with_dataset_expressions to None, run_after=None
[2025-07-30T17:11:48.408+0000] {logging_mixin.py:190} INFO - [2025-07-30T17:11:48.408+0000] {dag.py:4180} INFO - Setting next_dagrun for consume_1_or_both_2_and_3_with_dataset_expressions to None, run_after=None
[2025-07-30T17:11:48.409+0000] {logging_mixin.py:190} INFO - [2025-07-30T17:11:48.409+0000] {dag.py:4180} INFO - Setting next_dagrun for dataset_consumes_1 to None, run_after=None
[2025-07-30T17:11:48.410+0000] {logging_mixin.py:190} INFO - [2025-07-30T17:11:48.410+0000] {dag.py:4180} INFO - Setting next_dagrun for dataset_consumes_1_and_2 to None, run_after=None
[2025-07-30T17:11:48.411+0000] {logging_mixin.py:190} INFO - [2025-07-30T17:11:48.411+0000] {dag.py:4180} INFO - Setting next_dagrun for dataset_consumes_1_never_scheduled to None, run_after=None
[2025-07-30T17:11:48.412+0000] {logging_mixin.py:190} INFO - [2025-07-30T17:11:48.412+0000] {dag.py:4180} INFO - Setting next_dagrun for dataset_consumes_unknown_never_scheduled to None, run_after=None
[2025-07-30T17:11:48.414+0000] {logging_mixin.py:190} INFO - [2025-07-30T17:11:48.414+0000] {dag.py:4180} INFO - Setting next_dagrun for dataset_produces_1 to 2025-07-29 00:00:00+00:00, run_after=2025-07-30 00:00:00+00:00
[2025-07-30T17:11:48.415+0000] {logging_mixin.py:190} INFO - [2025-07-30T17:11:48.415+0000] {dag.py:4180} INFO - Setting next_dagrun for dataset_produces_2 to None, run_after=None
[2025-07-30T17:11:48.440+0000] {processor.py:208} INFO - Processing /home/airflow/.local/lib/python3.12/site-packages/airflow/example_dags/example_datasets.py took 0.566 seconds
[2025-07-30T17:12:19.107+0000] {processor.py:186} INFO - Started process (PID=6874) to work on /home/airflow/.local/lib/python3.12/site-packages/airflow/example_dags/example_datasets.py
[2025-07-30T17:12:19.108+0000] {processor.py:914} INFO - Processing file /home/airflow/.local/lib/python3.12/site-packages/airflow/example_dags/example_datasets.py for tasks to queue
[2025-07-30T17:12:19.110+0000] {logging_mixin.py:190} INFO - [2025-07-30T17:12:19.110+0000] {dagbag.py:588} INFO - Filling up the DagBag from /home/airflow/.local/lib/python3.12/site-packages/airflow/example_dags/example_datasets.py
[2025-07-30T17:12:19.651+0000] {processor.py:925} INFO - DAG(s) 'dataset_consumes_1_never_scheduled', 'dataset_consumes_1', 'consume_1_and_2_with_dataset_expressions', 'dataset_produces_2', 'dataset_consumes_unknown_never_scheduled', 'dataset_consumes_1_and_2', 'consume_1_or_2_with_dataset_expressions', 'consume_1_or_both_2_and_3_with_dataset_expressions', 'conditional_dataset_and_time_based_timetable', 'dataset_produces_1' retrieved from /home/airflow/.local/lib/python3.12/site-packages/airflow/example_dags/example_datasets.py
[2025-07-30T17:12:19.684+0000] {logging_mixin.py:190} INFO - [2025-07-30T17:12:19.684+0000] {dag.py:3239} INFO - Sync 10 DAGs
[2025-07-30T17:12:19.704+0000] {logging_mixin.py:190} INFO - [2025-07-30T17:12:19.704+0000] {dag.py:4180} INFO - Setting next_dagrun for conditional_dataset_and_time_based_timetable to 2025-07-30 01:00:00+00:00, run_after=2025-07-30 01:00:00+00:00
[2025-07-30T17:12:19.707+0000] {logging_mixin.py:190} INFO - [2025-07-30T17:12:19.707+0000] {dag.py:4180} INFO - Setting next_dagrun for consume_1_and_2_with_dataset_expressions to None, run_after=None
[2025-07-30T17:12:19.708+0000] {logging_mixin.py:190} INFO - [2025-07-30T17:12:19.708+0000] {dag.py:4180} INFO - Setting next_dagrun for consume_1_or_2_with_dataset_expressions to None, run_after=None
[2025-07-30T17:12:19.709+0000] {logging_mixin.py:190} INFO - [2025-07-30T17:12:19.709+0000] {dag.py:4180} INFO - Setting next_dagrun for consume_1_or_both_2_and_3_with_dataset_expressions to None, run_after=None
[2025-07-30T17:12:19.710+0000] {logging_mixin.py:190} INFO - [2025-07-30T17:12:19.710+0000] {dag.py:4180} INFO - Setting next_dagrun for dataset_consumes_1 to None, run_after=None
[2025-07-30T17:12:19.711+0000] {logging_mixin.py:190} INFO - [2025-07-30T17:12:19.711+0000] {dag.py:4180} INFO - Setting next_dagrun for dataset_consumes_1_and_2 to None, run_after=None
[2025-07-30T17:12:19.712+0000] {logging_mixin.py:190} INFO - [2025-07-30T17:12:19.712+0000] {dag.py:4180} INFO - Setting next_dagrun for dataset_consumes_1_never_scheduled to None, run_after=None
[2025-07-30T17:12:19.713+0000] {logging_mixin.py:190} INFO - [2025-07-30T17:12:19.713+0000] {dag.py:4180} INFO - Setting next_dagrun for dataset_consumes_unknown_never_scheduled to None, run_after=None
[2025-07-30T17:12:19.715+0000] {logging_mixin.py:190} INFO - [2025-07-30T17:12:19.715+0000] {dag.py:4180} INFO - Setting next_dagrun for dataset_produces_1 to 2025-07-29 00:00:00+00:00, run_after=2025-07-30 00:00:00+00:00
[2025-07-30T17:12:19.716+0000] {logging_mixin.py:190} INFO - [2025-07-30T17:12:19.716+0000] {dag.py:4180} INFO - Setting next_dagrun for dataset_produces_2 to None, run_after=None
[2025-07-30T17:12:19.742+0000] {processor.py:208} INFO - Processing /home/airflow/.local/lib/python3.12/site-packages/airflow/example_dags/example_datasets.py took 0.642 seconds
[2025-07-30T17:12:49.878+0000] {processor.py:186} INFO - Started process (PID=7180) to work on /home/airflow/.local/lib/python3.12/site-packages/airflow/example_dags/example_datasets.py
[2025-07-30T17:12:49.879+0000] {processor.py:914} INFO - Processing file /home/airflow/.local/lib/python3.12/site-packages/airflow/example_dags/example_datasets.py for tasks to queue
[2025-07-30T17:12:49.882+0000] {logging_mixin.py:190} INFO - [2025-07-30T17:12:49.881+0000] {dagbag.py:588} INFO - Filling up the DagBag from /home/airflow/.local/lib/python3.12/site-packages/airflow/example_dags/example_datasets.py
[2025-07-30T17:12:50.393+0000] {processor.py:925} INFO - DAG(s) 'dataset_consumes_1_never_scheduled', 'consume_1_or_both_2_and_3_with_dataset_expressions', 'consume_1_or_2_with_dataset_expressions', 'dataset_produces_1', 'dataset_consumes_1_and_2', 'consume_1_and_2_with_dataset_expressions', 'dataset_produces_2', 'dataset_consumes_1', 'conditional_dataset_and_time_based_timetable', 'dataset_consumes_unknown_never_scheduled' retrieved from /home/airflow/.local/lib/python3.12/site-packages/airflow/example_dags/example_datasets.py
[2025-07-30T17:12:50.428+0000] {logging_mixin.py:190} INFO - [2025-07-30T17:12:50.427+0000] {dag.py:3239} INFO - Sync 10 DAGs
[2025-07-30T17:12:50.448+0000] {logging_mixin.py:190} INFO - [2025-07-30T17:12:50.448+0000] {dag.py:4180} INFO - Setting next_dagrun for conditional_dataset_and_time_based_timetable to 2025-07-30 01:00:00+00:00, run_after=2025-07-30 01:00:00+00:00
[2025-07-30T17:12:50.451+0000] {logging_mixin.py:190} INFO - [2025-07-30T17:12:50.451+0000] {dag.py:4180} INFO - Setting next_dagrun for consume_1_and_2_with_dataset_expressions to None, run_after=None
[2025-07-30T17:12:50.452+0000] {logging_mixin.py:190} INFO - [2025-07-30T17:12:50.452+0000] {dag.py:4180} INFO - Setting next_dagrun for consume_1_or_2_with_dataset_expressions to None, run_after=None
[2025-07-30T17:12:50.453+0000] {logging_mixin.py:190} INFO - [2025-07-30T17:12:50.453+0000] {dag.py:4180} INFO - Setting next_dagrun for consume_1_or_both_2_and_3_with_dataset_expressions to None, run_after=None
[2025-07-30T17:12:50.454+0000] {logging_mixin.py:190} INFO - [2025-07-30T17:12:50.454+0000] {dag.py:4180} INFO - Setting next_dagrun for dataset_consumes_1 to None, run_after=None
[2025-07-30T17:12:50.455+0000] {logging_mixin.py:190} INFO - [2025-07-30T17:12:50.455+0000] {dag.py:4180} INFO - Setting next_dagrun for dataset_consumes_1_and_2 to None, run_after=None
[2025-07-30T17:12:50.456+0000] {logging_mixin.py:190} INFO - [2025-07-30T17:12:50.456+0000] {dag.py:4180} INFO - Setting next_dagrun for dataset_consumes_1_never_scheduled to None, run_after=None
[2025-07-30T17:12:50.457+0000] {logging_mixin.py:190} INFO - [2025-07-30T17:12:50.457+0000] {dag.py:4180} INFO - Setting next_dagrun for dataset_consumes_unknown_never_scheduled to None, run_after=None
[2025-07-30T17:12:50.459+0000] {logging_mixin.py:190} INFO - [2025-07-30T17:12:50.459+0000] {dag.py:4180} INFO - Setting next_dagrun for dataset_produces_1 to 2025-07-29 00:00:00+00:00, run_after=2025-07-30 00:00:00+00:00
[2025-07-30T17:12:50.460+0000] {logging_mixin.py:190} INFO - [2025-07-30T17:12:50.460+0000] {dag.py:4180} INFO - Setting next_dagrun for dataset_produces_2 to None, run_after=None
[2025-07-30T17:12:50.490+0000] {processor.py:208} INFO - Processing /home/airflow/.local/lib/python3.12/site-packages/airflow/example_dags/example_datasets.py took 0.619 seconds
