[2025-07-30T17:01:10.366+0000] {processor.py:186} INFO - Started process (PID=232) to work on /home/airflow/.local/lib/python3.12/site-packages/airflow/example_dags/example_task_group.py
[2025-07-30T17:01:10.367+0000] {processor.py:914} INFO - Processing file /home/airflow/.local/lib/python3.12/site-packages/airflow/example_dags/example_task_group.py for tasks to queue
[2025-07-30T17:01:10.369+0000] {logging_mixin.py:190} INFO - [2025-07-30T17:01:10.368+0000] {dagbag.py:588} INFO - Filling up the DagBag from /home/airflow/.local/lib/python3.12/site-packages/airflow/example_dags/example_task_group.py
[2025-07-30T17:01:10.383+0000] {processor.py:925} INFO - DAG(s) 'example_task_group' retrieved from /home/airflow/.local/lib/python3.12/site-packages/airflow/example_dags/example_task_group.py
[2025-07-30T17:01:10.565+0000] {logging_mixin.py:190} INFO - [2025-07-30T17:01:10.564+0000] {override.py:1911} INFO - Created Permission View: can read on DAG:example_task_group
[2025-07-30T17:01:10.576+0000] {logging_mixin.py:190} INFO - [2025-07-30T17:01:10.576+0000] {override.py:1911} INFO - Created Permission View: can delete on DAG:example_task_group
[2025-07-30T17:01:10.587+0000] {logging_mixin.py:190} INFO - [2025-07-30T17:01:10.587+0000] {override.py:1911} INFO - Created Permission View: can edit on DAG:example_task_group
[2025-07-30T17:01:10.598+0000] {logging_mixin.py:190} INFO - [2025-07-30T17:01:10.598+0000] {override.py:1911} INFO - Created Permission View: can read on DAG Run:example_task_group
[2025-07-30T17:01:10.609+0000] {logging_mixin.py:190} INFO - [2025-07-30T17:01:10.609+0000] {override.py:1911} INFO - Created Permission View: menu access on DAG Run:example_task_group
[2025-07-30T17:01:10.623+0000] {logging_mixin.py:190} INFO - [2025-07-30T17:01:10.623+0000] {override.py:1911} INFO - Created Permission View: can delete on DAG Run:example_task_group
[2025-07-30T17:01:10.635+0000] {logging_mixin.py:190} INFO - [2025-07-30T17:01:10.635+0000] {override.py:1911} INFO - Created Permission View: can create on DAG Run:example_task_group
[2025-07-30T17:01:10.636+0000] {logging_mixin.py:190} INFO - [2025-07-30T17:01:10.636+0000] {dag.py:3239} INFO - Sync 1 DAGs
[2025-07-30T17:01:10.669+0000] {logging_mixin.py:190} INFO - [2025-07-30T17:01:10.667+0000] {dag.py:3262} INFO - Creating ORM DAG for example_task_group
[2025-07-30T17:01:10.671+0000] {logging_mixin.py:190} INFO - [2025-07-30T17:01:10.670+0000] {dag.py:4180} INFO - Setting next_dagrun for example_task_group to None, run_after=None
[2025-07-30T17:01:10.703+0000] {processor.py:208} INFO - Processing /home/airflow/.local/lib/python3.12/site-packages/airflow/example_dags/example_task_group.py took 0.343 seconds
[2025-07-30T17:01:41.087+0000] {processor.py:186} INFO - Started process (PID=537) to work on /home/airflow/.local/lib/python3.12/site-packages/airflow/example_dags/example_task_group.py
[2025-07-30T17:01:41.088+0000] {processor.py:914} INFO - Processing file /home/airflow/.local/lib/python3.12/site-packages/airflow/example_dags/example_task_group.py for tasks to queue
[2025-07-30T17:01:41.094+0000] {logging_mixin.py:190} INFO - [2025-07-30T17:01:41.090+0000] {dagbag.py:588} INFO - Filling up the DagBag from /home/airflow/.local/lib/python3.12/site-packages/airflow/example_dags/example_task_group.py
[2025-07-30T17:01:41.111+0000] {processor.py:925} INFO - DAG(s) 'example_task_group' retrieved from /home/airflow/.local/lib/python3.12/site-packages/airflow/example_dags/example_task_group.py
[2025-07-30T17:01:41.153+0000] {logging_mixin.py:190} INFO - [2025-07-30T17:01:41.153+0000] {dag.py:3239} INFO - Sync 1 DAGs
[2025-07-30T17:01:41.178+0000] {logging_mixin.py:190} INFO - [2025-07-30T17:01:41.177+0000] {dag.py:4180} INFO - Setting next_dagrun for example_task_group to None, run_after=None
[2025-07-30T17:01:41.196+0000] {processor.py:208} INFO - Processing /home/airflow/.local/lib/python3.12/site-packages/airflow/example_dags/example_task_group.py took 0.124 seconds
[2025-07-30T17:02:11.886+0000] {processor.py:186} INFO - Started process (PID=842) to work on /home/airflow/.local/lib/python3.12/site-packages/airflow/example_dags/example_task_group.py
[2025-07-30T17:02:11.887+0000] {processor.py:914} INFO - Processing file /home/airflow/.local/lib/python3.12/site-packages/airflow/example_dags/example_task_group.py for tasks to queue
[2025-07-30T17:02:11.890+0000] {logging_mixin.py:190} INFO - [2025-07-30T17:02:11.889+0000] {dagbag.py:588} INFO - Filling up the DagBag from /home/airflow/.local/lib/python3.12/site-packages/airflow/example_dags/example_task_group.py
[2025-07-30T17:02:11.900+0000] {processor.py:925} INFO - DAG(s) 'example_task_group' retrieved from /home/airflow/.local/lib/python3.12/site-packages/airflow/example_dags/example_task_group.py
[2025-07-30T17:02:11.924+0000] {logging_mixin.py:190} INFO - [2025-07-30T17:02:11.924+0000] {dag.py:3239} INFO - Sync 1 DAGs
[2025-07-30T17:02:11.938+0000] {logging_mixin.py:190} INFO - [2025-07-30T17:02:11.938+0000] {dag.py:4180} INFO - Setting next_dagrun for example_task_group to None, run_after=None
[2025-07-30T17:02:11.954+0000] {processor.py:208} INFO - Processing /home/airflow/.local/lib/python3.12/site-packages/airflow/example_dags/example_task_group.py took 0.077 seconds
[2025-07-30T17:02:42.645+0000] {processor.py:186} INFO - Started process (PID=1148) to work on /home/airflow/.local/lib/python3.12/site-packages/airflow/example_dags/example_task_group.py
[2025-07-30T17:02:42.646+0000] {processor.py:914} INFO - Processing file /home/airflow/.local/lib/python3.12/site-packages/airflow/example_dags/example_task_group.py for tasks to queue
[2025-07-30T17:02:42.651+0000] {logging_mixin.py:190} INFO - [2025-07-30T17:02:42.650+0000] {dagbag.py:588} INFO - Filling up the DagBag from /home/airflow/.local/lib/python3.12/site-packages/airflow/example_dags/example_task_group.py
[2025-07-30T17:02:42.661+0000] {processor.py:925} INFO - DAG(s) 'example_task_group' retrieved from /home/airflow/.local/lib/python3.12/site-packages/airflow/example_dags/example_task_group.py
[2025-07-30T17:02:42.685+0000] {logging_mixin.py:190} INFO - [2025-07-30T17:02:42.685+0000] {dag.py:3239} INFO - Sync 1 DAGs
[2025-07-30T17:02:42.702+0000] {logging_mixin.py:190} INFO - [2025-07-30T17:02:42.701+0000] {dag.py:4180} INFO - Setting next_dagrun for example_task_group to None, run_after=None
[2025-07-30T17:02:42.724+0000] {processor.py:208} INFO - Processing /home/airflow/.local/lib/python3.12/site-packages/airflow/example_dags/example_task_group.py took 0.088 seconds
[2025-07-30T17:03:13.132+0000] {processor.py:186} INFO - Started process (PID=1454) to work on /home/airflow/.local/lib/python3.12/site-packages/airflow/example_dags/example_task_group.py
[2025-07-30T17:03:13.133+0000] {processor.py:914} INFO - Processing file /home/airflow/.local/lib/python3.12/site-packages/airflow/example_dags/example_task_group.py for tasks to queue
[2025-07-30T17:03:13.135+0000] {logging_mixin.py:190} INFO - [2025-07-30T17:03:13.135+0000] {dagbag.py:588} INFO - Filling up the DagBag from /home/airflow/.local/lib/python3.12/site-packages/airflow/example_dags/example_task_group.py
[2025-07-30T17:03:13.145+0000] {processor.py:925} INFO - DAG(s) 'example_task_group' retrieved from /home/airflow/.local/lib/python3.12/site-packages/airflow/example_dags/example_task_group.py
[2025-07-30T17:03:13.170+0000] {logging_mixin.py:190} INFO - [2025-07-30T17:03:13.170+0000] {dag.py:3239} INFO - Sync 1 DAGs
[2025-07-30T17:03:13.185+0000] {logging_mixin.py:190} INFO - [2025-07-30T17:03:13.185+0000] {dag.py:4180} INFO - Setting next_dagrun for example_task_group to None, run_after=None
[2025-07-30T17:03:13.202+0000] {processor.py:208} INFO - Processing /home/airflow/.local/lib/python3.12/site-packages/airflow/example_dags/example_task_group.py took 0.076 seconds
[2025-07-30T17:03:43.314+0000] {processor.py:186} INFO - Started process (PID=1762) to work on /home/airflow/.local/lib/python3.12/site-packages/airflow/example_dags/example_task_group.py
[2025-07-30T17:03:43.315+0000] {processor.py:914} INFO - Processing file /home/airflow/.local/lib/python3.12/site-packages/airflow/example_dags/example_task_group.py for tasks to queue
[2025-07-30T17:03:43.316+0000] {logging_mixin.py:190} INFO - [2025-07-30T17:03:43.316+0000] {dagbag.py:588} INFO - Filling up the DagBag from /home/airflow/.local/lib/python3.12/site-packages/airflow/example_dags/example_task_group.py
[2025-07-30T17:03:43.323+0000] {processor.py:925} INFO - DAG(s) 'example_task_group' retrieved from /home/airflow/.local/lib/python3.12/site-packages/airflow/example_dags/example_task_group.py
[2025-07-30T17:03:43.339+0000] {logging_mixin.py:190} INFO - [2025-07-30T17:03:43.339+0000] {dag.py:3239} INFO - Sync 1 DAGs
[2025-07-30T17:03:43.351+0000] {logging_mixin.py:190} INFO - [2025-07-30T17:03:43.351+0000] {dag.py:4180} INFO - Setting next_dagrun for example_task_group to None, run_after=None
[2025-07-30T17:03:43.364+0000] {processor.py:208} INFO - Processing /home/airflow/.local/lib/python3.12/site-packages/airflow/example_dags/example_task_group.py took 0.055 seconds
[2025-07-30T17:04:13.496+0000] {processor.py:186} INFO - Started process (PID=2066) to work on /home/airflow/.local/lib/python3.12/site-packages/airflow/example_dags/example_task_group.py
[2025-07-30T17:04:13.497+0000] {processor.py:914} INFO - Processing file /home/airflow/.local/lib/python3.12/site-packages/airflow/example_dags/example_task_group.py for tasks to queue
[2025-07-30T17:04:13.499+0000] {logging_mixin.py:190} INFO - [2025-07-30T17:04:13.499+0000] {dagbag.py:588} INFO - Filling up the DagBag from /home/airflow/.local/lib/python3.12/site-packages/airflow/example_dags/example_task_group.py
[2025-07-30T17:04:13.509+0000] {processor.py:925} INFO - DAG(s) 'example_task_group' retrieved from /home/airflow/.local/lib/python3.12/site-packages/airflow/example_dags/example_task_group.py
[2025-07-30T17:04:13.534+0000] {logging_mixin.py:190} INFO - [2025-07-30T17:04:13.533+0000] {dag.py:3239} INFO - Sync 1 DAGs
[2025-07-30T17:04:13.550+0000] {logging_mixin.py:190} INFO - [2025-07-30T17:04:13.550+0000] {dag.py:4180} INFO - Setting next_dagrun for example_task_group to None, run_after=None
[2025-07-30T17:04:13.566+0000] {processor.py:208} INFO - Processing /home/airflow/.local/lib/python3.12/site-packages/airflow/example_dags/example_task_group.py took 0.077 seconds
[2025-07-30T17:04:44.140+0000] {processor.py:186} INFO - Started process (PID=2372) to work on /home/airflow/.local/lib/python3.12/site-packages/airflow/example_dags/example_task_group.py
[2025-07-30T17:04:44.141+0000] {processor.py:914} INFO - Processing file /home/airflow/.local/lib/python3.12/site-packages/airflow/example_dags/example_task_group.py for tasks to queue
[2025-07-30T17:04:44.143+0000] {logging_mixin.py:190} INFO - [2025-07-30T17:04:44.142+0000] {dagbag.py:588} INFO - Filling up the DagBag from /home/airflow/.local/lib/python3.12/site-packages/airflow/example_dags/example_task_group.py
[2025-07-30T17:04:44.151+0000] {processor.py:925} INFO - DAG(s) 'example_task_group' retrieved from /home/airflow/.local/lib/python3.12/site-packages/airflow/example_dags/example_task_group.py
[2025-07-30T17:04:44.174+0000] {logging_mixin.py:190} INFO - [2025-07-30T17:04:44.173+0000] {dag.py:3239} INFO - Sync 1 DAGs
[2025-07-30T17:04:44.191+0000] {logging_mixin.py:190} INFO - [2025-07-30T17:04:44.190+0000] {dag.py:4180} INFO - Setting next_dagrun for example_task_group to None, run_after=None
[2025-07-30T17:04:44.209+0000] {processor.py:208} INFO - Processing /home/airflow/.local/lib/python3.12/site-packages/airflow/example_dags/example_task_group.py took 0.076 seconds
[2025-07-30T17:05:14.996+0000] {processor.py:186} INFO - Started process (PID=2680) to work on /home/airflow/.local/lib/python3.12/site-packages/airflow/example_dags/example_task_group.py
[2025-07-30T17:05:14.997+0000] {processor.py:914} INFO - Processing file /home/airflow/.local/lib/python3.12/site-packages/airflow/example_dags/example_task_group.py for tasks to queue
[2025-07-30T17:05:14.999+0000] {logging_mixin.py:190} INFO - [2025-07-30T17:05:14.999+0000] {dagbag.py:588} INFO - Filling up the DagBag from /home/airflow/.local/lib/python3.12/site-packages/airflow/example_dags/example_task_group.py
[2025-07-30T17:05:15.013+0000] {processor.py:925} INFO - DAG(s) 'example_task_group' retrieved from /home/airflow/.local/lib/python3.12/site-packages/airflow/example_dags/example_task_group.py
[2025-07-30T17:05:15.044+0000] {logging_mixin.py:190} INFO - [2025-07-30T17:05:15.044+0000] {dag.py:3239} INFO - Sync 1 DAGs
[2025-07-30T17:05:15.056+0000] {logging_mixin.py:190} INFO - [2025-07-30T17:05:15.055+0000] {dag.py:4180} INFO - Setting next_dagrun for example_task_group to None, run_after=None
[2025-07-30T17:05:15.069+0000] {processor.py:208} INFO - Processing /home/airflow/.local/lib/python3.12/site-packages/airflow/example_dags/example_task_group.py took 0.080 seconds
[2025-07-30T17:05:45.360+0000] {processor.py:186} INFO - Started process (PID=2984) to work on /home/airflow/.local/lib/python3.12/site-packages/airflow/example_dags/example_task_group.py
[2025-07-30T17:05:45.361+0000] {processor.py:914} INFO - Processing file /home/airflow/.local/lib/python3.12/site-packages/airflow/example_dags/example_task_group.py for tasks to queue
[2025-07-30T17:05:45.363+0000] {logging_mixin.py:190} INFO - [2025-07-30T17:05:45.363+0000] {dagbag.py:588} INFO - Filling up the DagBag from /home/airflow/.local/lib/python3.12/site-packages/airflow/example_dags/example_task_group.py
[2025-07-30T17:05:45.373+0000] {processor.py:925} INFO - DAG(s) 'example_task_group' retrieved from /home/airflow/.local/lib/python3.12/site-packages/airflow/example_dags/example_task_group.py
[2025-07-30T17:05:45.396+0000] {logging_mixin.py:190} INFO - [2025-07-30T17:05:45.395+0000] {dag.py:3239} INFO - Sync 1 DAGs
[2025-07-30T17:05:45.427+0000] {logging_mixin.py:190} INFO - [2025-07-30T17:05:45.427+0000] {dag.py:4180} INFO - Setting next_dagrun for example_task_group to None, run_after=None
[2025-07-30T17:05:45.444+0000] {processor.py:208} INFO - Processing /home/airflow/.local/lib/python3.12/site-packages/airflow/example_dags/example_task_group.py took 0.091 seconds
[2025-07-30T17:06:16.390+0000] {processor.py:186} INFO - Started process (PID=3290) to work on /home/airflow/.local/lib/python3.12/site-packages/airflow/example_dags/example_task_group.py
[2025-07-30T17:06:16.391+0000] {processor.py:914} INFO - Processing file /home/airflow/.local/lib/python3.12/site-packages/airflow/example_dags/example_task_group.py for tasks to queue
[2025-07-30T17:06:16.393+0000] {logging_mixin.py:190} INFO - [2025-07-30T17:06:16.393+0000] {dagbag.py:588} INFO - Filling up the DagBag from /home/airflow/.local/lib/python3.12/site-packages/airflow/example_dags/example_task_group.py
[2025-07-30T17:06:16.403+0000] {processor.py:925} INFO - DAG(s) 'example_task_group' retrieved from /home/airflow/.local/lib/python3.12/site-packages/airflow/example_dags/example_task_group.py
[2025-07-30T17:06:16.424+0000] {logging_mixin.py:190} INFO - [2025-07-30T17:06:16.424+0000] {dag.py:3239} INFO - Sync 1 DAGs
[2025-07-30T17:06:16.440+0000] {logging_mixin.py:190} INFO - [2025-07-30T17:06:16.440+0000] {dag.py:4180} INFO - Setting next_dagrun for example_task_group to None, run_after=None
[2025-07-30T17:06:16.458+0000] {processor.py:208} INFO - Processing /home/airflow/.local/lib/python3.12/site-packages/airflow/example_dags/example_task_group.py took 0.075 seconds
[2025-07-30T17:06:47.425+0000] {processor.py:186} INFO - Started process (PID=3596) to work on /home/airflow/.local/lib/python3.12/site-packages/airflow/example_dags/example_task_group.py
[2025-07-30T17:06:47.426+0000] {processor.py:914} INFO - Processing file /home/airflow/.local/lib/python3.12/site-packages/airflow/example_dags/example_task_group.py for tasks to queue
[2025-07-30T17:06:47.428+0000] {logging_mixin.py:190} INFO - [2025-07-30T17:06:47.428+0000] {dagbag.py:588} INFO - Filling up the DagBag from /home/airflow/.local/lib/python3.12/site-packages/airflow/example_dags/example_task_group.py
[2025-07-30T17:06:47.438+0000] {processor.py:925} INFO - DAG(s) 'example_task_group' retrieved from /home/airflow/.local/lib/python3.12/site-packages/airflow/example_dags/example_task_group.py
[2025-07-30T17:06:47.460+0000] {logging_mixin.py:190} INFO - [2025-07-30T17:06:47.460+0000] {dag.py:3239} INFO - Sync 1 DAGs
[2025-07-30T17:06:47.475+0000] {logging_mixin.py:190} INFO - [2025-07-30T17:06:47.475+0000] {dag.py:4180} INFO - Setting next_dagrun for example_task_group to None, run_after=None
[2025-07-30T17:06:47.493+0000] {processor.py:208} INFO - Processing /home/airflow/.local/lib/python3.12/site-packages/airflow/example_dags/example_task_group.py took 0.075 seconds
[2025-07-30T17:07:17.672+0000] {processor.py:186} INFO - Started process (PID=3902) to work on /home/airflow/.local/lib/python3.12/site-packages/airflow/example_dags/example_task_group.py
[2025-07-30T17:07:17.673+0000] {processor.py:914} INFO - Processing file /home/airflow/.local/lib/python3.12/site-packages/airflow/example_dags/example_task_group.py for tasks to queue
[2025-07-30T17:07:17.675+0000] {logging_mixin.py:190} INFO - [2025-07-30T17:07:17.675+0000] {dagbag.py:588} INFO - Filling up the DagBag from /home/airflow/.local/lib/python3.12/site-packages/airflow/example_dags/example_task_group.py
[2025-07-30T17:07:17.684+0000] {processor.py:925} INFO - DAG(s) 'example_task_group' retrieved from /home/airflow/.local/lib/python3.12/site-packages/airflow/example_dags/example_task_group.py
[2025-07-30T17:07:17.707+0000] {logging_mixin.py:190} INFO - [2025-07-30T17:07:17.706+0000] {dag.py:3239} INFO - Sync 1 DAGs
[2025-07-30T17:07:17.724+0000] {logging_mixin.py:190} INFO - [2025-07-30T17:07:17.723+0000] {dag.py:4180} INFO - Setting next_dagrun for example_task_group to None, run_after=None
[2025-07-30T17:07:17.741+0000] {processor.py:208} INFO - Processing /home/airflow/.local/lib/python3.12/site-packages/airflow/example_dags/example_task_group.py took 0.075 seconds
[2025-07-30T17:07:48.224+0000] {processor.py:186} INFO - Started process (PID=4208) to work on /home/airflow/.local/lib/python3.12/site-packages/airflow/example_dags/example_task_group.py
[2025-07-30T17:07:48.225+0000] {processor.py:914} INFO - Processing file /home/airflow/.local/lib/python3.12/site-packages/airflow/example_dags/example_task_group.py for tasks to queue
[2025-07-30T17:07:48.228+0000] {logging_mixin.py:190} INFO - [2025-07-30T17:07:48.228+0000] {dagbag.py:588} INFO - Filling up the DagBag from /home/airflow/.local/lib/python3.12/site-packages/airflow/example_dags/example_task_group.py
[2025-07-30T17:07:48.237+0000] {processor.py:925} INFO - DAG(s) 'example_task_group' retrieved from /home/airflow/.local/lib/python3.12/site-packages/airflow/example_dags/example_task_group.py
[2025-07-30T17:07:48.259+0000] {logging_mixin.py:190} INFO - [2025-07-30T17:07:48.259+0000] {dag.py:3239} INFO - Sync 1 DAGs
[2025-07-30T17:07:48.274+0000] {logging_mixin.py:190} INFO - [2025-07-30T17:07:48.274+0000] {dag.py:4180} INFO - Setting next_dagrun for example_task_group to None, run_after=None
[2025-07-30T17:07:48.306+0000] {processor.py:208} INFO - Processing /home/airflow/.local/lib/python3.12/site-packages/airflow/example_dags/example_task_group.py took 0.088 seconds
[2025-07-30T17:08:18.645+0000] {processor.py:186} INFO - Started process (PID=4514) to work on /home/airflow/.local/lib/python3.12/site-packages/airflow/example_dags/example_task_group.py
[2025-07-30T17:08:18.646+0000] {processor.py:914} INFO - Processing file /home/airflow/.local/lib/python3.12/site-packages/airflow/example_dags/example_task_group.py for tasks to queue
[2025-07-30T17:08:18.648+0000] {logging_mixin.py:190} INFO - [2025-07-30T17:08:18.648+0000] {dagbag.py:588} INFO - Filling up the DagBag from /home/airflow/.local/lib/python3.12/site-packages/airflow/example_dags/example_task_group.py
[2025-07-30T17:08:18.657+0000] {processor.py:925} INFO - DAG(s) 'example_task_group' retrieved from /home/airflow/.local/lib/python3.12/site-packages/airflow/example_dags/example_task_group.py
[2025-07-30T17:08:18.679+0000] {logging_mixin.py:190} INFO - [2025-07-30T17:08:18.679+0000] {dag.py:3239} INFO - Sync 1 DAGs
[2025-07-30T17:08:18.696+0000] {logging_mixin.py:190} INFO - [2025-07-30T17:08:18.696+0000] {dag.py:4180} INFO - Setting next_dagrun for example_task_group to None, run_after=None
[2025-07-30T17:08:18.724+0000] {processor.py:208} INFO - Processing /home/airflow/.local/lib/python3.12/site-packages/airflow/example_dags/example_task_group.py took 0.086 seconds
[2025-07-30T17:08:48.873+0000] {processor.py:186} INFO - Started process (PID=4820) to work on /home/airflow/.local/lib/python3.12/site-packages/airflow/example_dags/example_task_group.py
[2025-07-30T17:08:48.874+0000] {processor.py:914} INFO - Processing file /home/airflow/.local/lib/python3.12/site-packages/airflow/example_dags/example_task_group.py for tasks to queue
[2025-07-30T17:08:48.876+0000] {logging_mixin.py:190} INFO - [2025-07-30T17:08:48.876+0000] {dagbag.py:588} INFO - Filling up the DagBag from /home/airflow/.local/lib/python3.12/site-packages/airflow/example_dags/example_task_group.py
[2025-07-30T17:08:48.886+0000] {processor.py:925} INFO - DAG(s) 'example_task_group' retrieved from /home/airflow/.local/lib/python3.12/site-packages/airflow/example_dags/example_task_group.py
[2025-07-30T17:08:48.908+0000] {logging_mixin.py:190} INFO - [2025-07-30T17:08:48.907+0000] {dag.py:3239} INFO - Sync 1 DAGs
[2025-07-30T17:08:48.923+0000] {logging_mixin.py:190} INFO - [2025-07-30T17:08:48.923+0000] {dag.py:4180} INFO - Setting next_dagrun for example_task_group to None, run_after=None
[2025-07-30T17:08:48.940+0000] {processor.py:208} INFO - Processing /home/airflow/.local/lib/python3.12/site-packages/airflow/example_dags/example_task_group.py took 0.073 seconds
[2025-07-30T17:09:19.619+0000] {processor.py:186} INFO - Started process (PID=5126) to work on /home/airflow/.local/lib/python3.12/site-packages/airflow/example_dags/example_task_group.py
[2025-07-30T17:09:19.620+0000] {processor.py:914} INFO - Processing file /home/airflow/.local/lib/python3.12/site-packages/airflow/example_dags/example_task_group.py for tasks to queue
[2025-07-30T17:09:19.622+0000] {logging_mixin.py:190} INFO - [2025-07-30T17:09:19.621+0000] {dagbag.py:588} INFO - Filling up the DagBag from /home/airflow/.local/lib/python3.12/site-packages/airflow/example_dags/example_task_group.py
[2025-07-30T17:09:19.632+0000] {processor.py:925} INFO - DAG(s) 'example_task_group' retrieved from /home/airflow/.local/lib/python3.12/site-packages/airflow/example_dags/example_task_group.py
[2025-07-30T17:09:19.654+0000] {logging_mixin.py:190} INFO - [2025-07-30T17:09:19.654+0000] {dag.py:3239} INFO - Sync 1 DAGs
[2025-07-30T17:09:19.670+0000] {logging_mixin.py:190} INFO - [2025-07-30T17:09:19.670+0000] {dag.py:4180} INFO - Setting next_dagrun for example_task_group to None, run_after=None
[2025-07-30T17:09:19.688+0000] {processor.py:208} INFO - Processing /home/airflow/.local/lib/python3.12/site-packages/airflow/example_dags/example_task_group.py took 0.075 seconds
[2025-07-30T17:09:49.873+0000] {processor.py:186} INFO - Started process (PID=5434) to work on /home/airflow/.local/lib/python3.12/site-packages/airflow/example_dags/example_task_group.py
[2025-07-30T17:09:49.873+0000] {processor.py:914} INFO - Processing file /home/airflow/.local/lib/python3.12/site-packages/airflow/example_dags/example_task_group.py for tasks to queue
[2025-07-30T17:09:49.875+0000] {logging_mixin.py:190} INFO - [2025-07-30T17:09:49.875+0000] {dagbag.py:588} INFO - Filling up the DagBag from /home/airflow/.local/lib/python3.12/site-packages/airflow/example_dags/example_task_group.py
[2025-07-30T17:09:49.884+0000] {processor.py:925} INFO - DAG(s) 'example_task_group' retrieved from /home/airflow/.local/lib/python3.12/site-packages/airflow/example_dags/example_task_group.py
[2025-07-30T17:09:49.907+0000] {logging_mixin.py:190} INFO - [2025-07-30T17:09:49.906+0000] {dag.py:3239} INFO - Sync 1 DAGs
[2025-07-30T17:09:49.923+0000] {logging_mixin.py:190} INFO - [2025-07-30T17:09:49.923+0000] {dag.py:4180} INFO - Setting next_dagrun for example_task_group to None, run_after=None
[2025-07-30T17:09:49.941+0000] {processor.py:208} INFO - Processing /home/airflow/.local/lib/python3.12/site-packages/airflow/example_dags/example_task_group.py took 0.074 seconds
[2025-07-30T17:10:20.649+0000] {processor.py:186} INFO - Started process (PID=5738) to work on /home/airflow/.local/lib/python3.12/site-packages/airflow/example_dags/example_task_group.py
[2025-07-30T17:10:20.650+0000] {processor.py:914} INFO - Processing file /home/airflow/.local/lib/python3.12/site-packages/airflow/example_dags/example_task_group.py for tasks to queue
[2025-07-30T17:10:20.652+0000] {logging_mixin.py:190} INFO - [2025-07-30T17:10:20.652+0000] {dagbag.py:588} INFO - Filling up the DagBag from /home/airflow/.local/lib/python3.12/site-packages/airflow/example_dags/example_task_group.py
[2025-07-30T17:10:20.664+0000] {processor.py:925} INFO - DAG(s) 'example_task_group' retrieved from /home/airflow/.local/lib/python3.12/site-packages/airflow/example_dags/example_task_group.py
[2025-07-30T17:10:20.703+0000] {logging_mixin.py:190} INFO - [2025-07-30T17:10:20.702+0000] {dag.py:3239} INFO - Sync 1 DAGs
[2025-07-30T17:10:20.723+0000] {logging_mixin.py:190} INFO - [2025-07-30T17:10:20.723+0000] {dag.py:4180} INFO - Setting next_dagrun for example_task_group to None, run_after=None
[2025-07-30T17:10:20.740+0000] {processor.py:208} INFO - Processing /home/airflow/.local/lib/python3.12/site-packages/airflow/example_dags/example_task_group.py took 0.098 seconds
[2025-07-30T17:10:51.419+0000] {processor.py:186} INFO - Started process (PID=6034) to work on /home/airflow/.local/lib/python3.12/site-packages/airflow/example_dags/example_task_group.py
[2025-07-30T17:10:51.420+0000] {processor.py:914} INFO - Processing file /home/airflow/.local/lib/python3.12/site-packages/airflow/example_dags/example_task_group.py for tasks to queue
[2025-07-30T17:10:51.422+0000] {logging_mixin.py:190} INFO - [2025-07-30T17:10:51.422+0000] {dagbag.py:588} INFO - Filling up the DagBag from /home/airflow/.local/lib/python3.12/site-packages/airflow/example_dags/example_task_group.py
[2025-07-30T17:10:51.431+0000] {processor.py:925} INFO - DAG(s) 'example_task_group' retrieved from /home/airflow/.local/lib/python3.12/site-packages/airflow/example_dags/example_task_group.py
[2025-07-30T17:10:51.455+0000] {logging_mixin.py:190} INFO - [2025-07-30T17:10:51.454+0000] {dag.py:3239} INFO - Sync 1 DAGs
[2025-07-30T17:10:51.470+0000] {logging_mixin.py:190} INFO - [2025-07-30T17:10:51.470+0000] {dag.py:4180} INFO - Setting next_dagrun for example_task_group to None, run_after=None
[2025-07-30T17:10:51.486+0000] {processor.py:208} INFO - Processing /home/airflow/.local/lib/python3.12/site-packages/airflow/example_dags/example_task_group.py took 0.074 seconds
[2025-07-30T17:11:22.271+0000] {processor.py:186} INFO - Started process (PID=6340) to work on /home/airflow/.local/lib/python3.12/site-packages/airflow/example_dags/example_task_group.py
[2025-07-30T17:11:22.272+0000] {processor.py:914} INFO - Processing file /home/airflow/.local/lib/python3.12/site-packages/airflow/example_dags/example_task_group.py for tasks to queue
[2025-07-30T17:11:22.274+0000] {logging_mixin.py:190} INFO - [2025-07-30T17:11:22.274+0000] {dagbag.py:588} INFO - Filling up the DagBag from /home/airflow/.local/lib/python3.12/site-packages/airflow/example_dags/example_task_group.py
[2025-07-30T17:11:22.283+0000] {processor.py:925} INFO - DAG(s) 'example_task_group' retrieved from /home/airflow/.local/lib/python3.12/site-packages/airflow/example_dags/example_task_group.py
[2025-07-30T17:11:22.305+0000] {logging_mixin.py:190} INFO - [2025-07-30T17:11:22.305+0000] {dag.py:3239} INFO - Sync 1 DAGs
[2025-07-30T17:11:22.321+0000] {logging_mixin.py:190} INFO - [2025-07-30T17:11:22.321+0000] {dag.py:4180} INFO - Setting next_dagrun for example_task_group to None, run_after=None
[2025-07-30T17:11:22.338+0000] {processor.py:208} INFO - Processing /home/airflow/.local/lib/python3.12/site-packages/airflow/example_dags/example_task_group.py took 0.073 seconds
[2025-07-30T17:11:53.414+0000] {processor.py:186} INFO - Started process (PID=6646) to work on /home/airflow/.local/lib/python3.12/site-packages/airflow/example_dags/example_task_group.py
[2025-07-30T17:11:53.415+0000] {processor.py:914} INFO - Processing file /home/airflow/.local/lib/python3.12/site-packages/airflow/example_dags/example_task_group.py for tasks to queue
[2025-07-30T17:11:53.417+0000] {logging_mixin.py:190} INFO - [2025-07-30T17:11:53.417+0000] {dagbag.py:588} INFO - Filling up the DagBag from /home/airflow/.local/lib/python3.12/site-packages/airflow/example_dags/example_task_group.py
[2025-07-30T17:11:53.426+0000] {processor.py:925} INFO - DAG(s) 'example_task_group' retrieved from /home/airflow/.local/lib/python3.12/site-packages/airflow/example_dags/example_task_group.py
[2025-07-30T17:11:53.448+0000] {logging_mixin.py:190} INFO - [2025-07-30T17:11:53.447+0000] {dag.py:3239} INFO - Sync 1 DAGs
[2025-07-30T17:11:53.463+0000] {logging_mixin.py:190} INFO - [2025-07-30T17:11:53.463+0000] {dag.py:4180} INFO - Setting next_dagrun for example_task_group to None, run_after=None
[2025-07-30T17:11:53.481+0000] {processor.py:208} INFO - Processing /home/airflow/.local/lib/python3.12/site-packages/airflow/example_dags/example_task_group.py took 0.073 seconds
[2025-07-30T17:12:23.724+0000] {processor.py:186} INFO - Started process (PID=6952) to work on /home/airflow/.local/lib/python3.12/site-packages/airflow/example_dags/example_task_group.py
[2025-07-30T17:12:23.725+0000] {processor.py:914} INFO - Processing file /home/airflow/.local/lib/python3.12/site-packages/airflow/example_dags/example_task_group.py for tasks to queue
[2025-07-30T17:12:23.727+0000] {logging_mixin.py:190} INFO - [2025-07-30T17:12:23.727+0000] {dagbag.py:588} INFO - Filling up the DagBag from /home/airflow/.local/lib/python3.12/site-packages/airflow/example_dags/example_task_group.py
[2025-07-30T17:12:23.736+0000] {processor.py:925} INFO - DAG(s) 'example_task_group' retrieved from /home/airflow/.local/lib/python3.12/site-packages/airflow/example_dags/example_task_group.py
[2025-07-30T17:12:23.758+0000] {logging_mixin.py:190} INFO - [2025-07-30T17:12:23.757+0000] {dag.py:3239} INFO - Sync 1 DAGs
[2025-07-30T17:12:23.774+0000] {logging_mixin.py:190} INFO - [2025-07-30T17:12:23.774+0000] {dag.py:4180} INFO - Setting next_dagrun for example_task_group to None, run_after=None
[2025-07-30T17:12:23.792+0000] {processor.py:208} INFO - Processing /home/airflow/.local/lib/python3.12/site-packages/airflow/example_dags/example_task_group.py took 0.074 seconds
[2025-07-30T17:12:54.206+0000] {processor.py:186} INFO - Started process (PID=7258) to work on /home/airflow/.local/lib/python3.12/site-packages/airflow/example_dags/example_task_group.py
[2025-07-30T17:12:54.207+0000] {processor.py:914} INFO - Processing file /home/airflow/.local/lib/python3.12/site-packages/airflow/example_dags/example_task_group.py for tasks to queue
[2025-07-30T17:12:54.209+0000] {logging_mixin.py:190} INFO - [2025-07-30T17:12:54.209+0000] {dagbag.py:588} INFO - Filling up the DagBag from /home/airflow/.local/lib/python3.12/site-packages/airflow/example_dags/example_task_group.py
[2025-07-30T17:12:54.219+0000] {processor.py:925} INFO - DAG(s) 'example_task_group' retrieved from /home/airflow/.local/lib/python3.12/site-packages/airflow/example_dags/example_task_group.py
[2025-07-30T17:12:54.241+0000] {logging_mixin.py:190} INFO - [2025-07-30T17:12:54.240+0000] {dag.py:3239} INFO - Sync 1 DAGs
[2025-07-30T17:12:54.258+0000] {logging_mixin.py:190} INFO - [2025-07-30T17:12:54.257+0000] {dag.py:4180} INFO - Setting next_dagrun for example_task_group to None, run_after=None
[2025-07-30T17:12:54.276+0000] {processor.py:208} INFO - Processing /home/airflow/.local/lib/python3.12/site-packages/airflow/example_dags/example_task_group.py took 0.076 seconds
