[2025-07-30T17:01:21.306+0000] {processor.py:186} INFO - Started process (PID=357) to work on /home/airflow/.local/lib/python3.12/site-packages/airflow/example_dags/example_sensors.py
[2025-07-30T17:01:21.308+0000] {processor.py:914} INFO - Processing file /home/airflow/.local/lib/python3.12/site-packages/airflow/example_dags/example_sensors.py for tasks to queue
[2025-07-30T17:01:21.318+0000] {logging_mixin.py:190} INFO - [2025-07-30T17:01:21.317+0000] {dagbag.py:588} INFO - Filling up the DagBag from /home/airflow/.local/lib/python3.12/site-packages/airflow/example_dags/example_sensors.py
[2025-07-30T17:01:21.377+0000] {processor.py:925} INFO - DAG(s) 'example_sensors' retrieved from /home/airflow/.local/lib/python3.12/site-packages/airflow/example_dags/example_sensors.py
[2025-07-30T17:01:21.631+0000] {logging_mixin.py:190} INFO - [2025-07-30T17:01:21.630+0000] {override.py:1911} INFO - Created Permission View: can read on DAG:example_sensors
[2025-07-30T17:01:21.660+0000] {logging_mixin.py:190} INFO - [2025-07-30T17:01:21.660+0000] {override.py:1911} INFO - Created Permission View: can delete on DAG:example_sensors
[2025-07-30T17:01:21.677+0000] {logging_mixin.py:190} INFO - [2025-07-30T17:01:21.677+0000] {override.py:1911} INFO - Created Permission View: can edit on DAG:example_sensors
[2025-07-30T17:01:21.690+0000] {logging_mixin.py:190} INFO - [2025-07-30T17:01:21.690+0000] {override.py:1911} INFO - Created Permission View: can read on DAG Run:example_sensors
[2025-07-30T17:01:21.704+0000] {logging_mixin.py:190} INFO - [2025-07-30T17:01:21.703+0000] {override.py:1911} INFO - Created Permission View: menu access on DAG Run:example_sensors
[2025-07-30T17:01:21.717+0000] {logging_mixin.py:190} INFO - [2025-07-30T17:01:21.717+0000] {override.py:1911} INFO - Created Permission View: can delete on DAG Run:example_sensors
[2025-07-30T17:01:21.730+0000] {logging_mixin.py:190} INFO - [2025-07-30T17:01:21.729+0000] {override.py:1911} INFO - Created Permission View: can create on DAG Run:example_sensors
[2025-07-30T17:01:21.732+0000] {logging_mixin.py:190} INFO - [2025-07-30T17:01:21.732+0000] {dag.py:3239} INFO - Sync 1 DAGs
[2025-07-30T17:01:21.771+0000] {logging_mixin.py:190} INFO - [2025-07-30T17:01:21.770+0000] {dag.py:3262} INFO - Creating ORM DAG for example_sensors
[2025-07-30T17:01:21.776+0000] {logging_mixin.py:190} INFO - [2025-07-30T17:01:21.775+0000] {dag.py:4180} INFO - Setting next_dagrun for example_sensors to None, run_after=None
[2025-07-30T17:01:21.817+0000] {processor.py:208} INFO - Processing /home/airflow/.local/lib/python3.12/site-packages/airflow/example_dags/example_sensors.py took 0.544 seconds
[2025-07-30T17:01:52.298+0000] {processor.py:186} INFO - Started process (PID=662) to work on /home/airflow/.local/lib/python3.12/site-packages/airflow/example_dags/example_sensors.py
[2025-07-30T17:01:52.299+0000] {processor.py:914} INFO - Processing file /home/airflow/.local/lib/python3.12/site-packages/airflow/example_dags/example_sensors.py for tasks to queue
[2025-07-30T17:01:52.301+0000] {logging_mixin.py:190} INFO - [2025-07-30T17:01:52.301+0000] {dagbag.py:588} INFO - Filling up the DagBag from /home/airflow/.local/lib/python3.12/site-packages/airflow/example_dags/example_sensors.py
[2025-07-30T17:01:52.313+0000] {processor.py:925} INFO - DAG(s) 'example_sensors' retrieved from /home/airflow/.local/lib/python3.12/site-packages/airflow/example_dags/example_sensors.py
[2025-07-30T17:01:52.342+0000] {logging_mixin.py:190} INFO - [2025-07-30T17:01:52.342+0000] {dag.py:3239} INFO - Sync 1 DAGs
[2025-07-30T17:01:52.358+0000] {logging_mixin.py:190} INFO - [2025-07-30T17:01:52.358+0000] {dag.py:4180} INFO - Setting next_dagrun for example_sensors to None, run_after=None
[2025-07-30T17:01:52.377+0000] {processor.py:208} INFO - Processing /home/airflow/.local/lib/python3.12/site-packages/airflow/example_dags/example_sensors.py took 0.084 seconds
[2025-07-30T17:02:22.640+0000] {processor.py:186} INFO - Started process (PID=964) to work on /home/airflow/.local/lib/python3.12/site-packages/airflow/example_dags/example_sensors.py
[2025-07-30T17:02:22.641+0000] {processor.py:914} INFO - Processing file /home/airflow/.local/lib/python3.12/site-packages/airflow/example_dags/example_sensors.py for tasks to queue
[2025-07-30T17:02:22.644+0000] {logging_mixin.py:190} INFO - [2025-07-30T17:02:22.643+0000] {dagbag.py:588} INFO - Filling up the DagBag from /home/airflow/.local/lib/python3.12/site-packages/airflow/example_dags/example_sensors.py
[2025-07-30T17:02:22.656+0000] {processor.py:925} INFO - DAG(s) 'example_sensors' retrieved from /home/airflow/.local/lib/python3.12/site-packages/airflow/example_dags/example_sensors.py
[2025-07-30T17:02:22.686+0000] {logging_mixin.py:190} INFO - [2025-07-30T17:02:22.686+0000] {dag.py:3239} INFO - Sync 1 DAGs
[2025-07-30T17:02:22.702+0000] {logging_mixin.py:190} INFO - [2025-07-30T17:02:22.701+0000] {dag.py:4180} INFO - Setting next_dagrun for example_sensors to None, run_after=None
[2025-07-30T17:02:22.725+0000] {processor.py:208} INFO - Processing /home/airflow/.local/lib/python3.12/site-packages/airflow/example_dags/example_sensors.py took 0.090 seconds
[2025-07-30T17:02:53.245+0000] {processor.py:186} INFO - Started process (PID=1270) to work on /home/airflow/.local/lib/python3.12/site-packages/airflow/example_dags/example_sensors.py
[2025-07-30T17:02:53.246+0000] {processor.py:914} INFO - Processing file /home/airflow/.local/lib/python3.12/site-packages/airflow/example_dags/example_sensors.py for tasks to queue
[2025-07-30T17:02:53.248+0000] {logging_mixin.py:190} INFO - [2025-07-30T17:02:53.247+0000] {dagbag.py:588} INFO - Filling up the DagBag from /home/airflow/.local/lib/python3.12/site-packages/airflow/example_dags/example_sensors.py
[2025-07-30T17:02:53.262+0000] {processor.py:925} INFO - DAG(s) 'example_sensors' retrieved from /home/airflow/.local/lib/python3.12/site-packages/airflow/example_dags/example_sensors.py
[2025-07-30T17:02:53.292+0000] {logging_mixin.py:190} INFO - [2025-07-30T17:02:53.292+0000] {dag.py:3239} INFO - Sync 1 DAGs
[2025-07-30T17:02:53.316+0000] {logging_mixin.py:190} INFO - [2025-07-30T17:02:53.315+0000] {dag.py:4180} INFO - Setting next_dagrun for example_sensors to None, run_after=None
[2025-07-30T17:02:53.335+0000] {processor.py:208} INFO - Processing /home/airflow/.local/lib/python3.12/site-packages/airflow/example_dags/example_sensors.py took 0.095 seconds
[2025-07-30T17:03:23.518+0000] {processor.py:186} INFO - Started process (PID=1576) to work on /home/airflow/.local/lib/python3.12/site-packages/airflow/example_dags/example_sensors.py
[2025-07-30T17:03:23.518+0000] {processor.py:914} INFO - Processing file /home/airflow/.local/lib/python3.12/site-packages/airflow/example_dags/example_sensors.py for tasks to queue
[2025-07-30T17:03:23.521+0000] {logging_mixin.py:190} INFO - [2025-07-30T17:03:23.521+0000] {dagbag.py:588} INFO - Filling up the DagBag from /home/airflow/.local/lib/python3.12/site-packages/airflow/example_dags/example_sensors.py
[2025-07-30T17:03:23.533+0000] {processor.py:925} INFO - DAG(s) 'example_sensors' retrieved from /home/airflow/.local/lib/python3.12/site-packages/airflow/example_dags/example_sensors.py
[2025-07-30T17:03:23.564+0000] {logging_mixin.py:190} INFO - [2025-07-30T17:03:23.564+0000] {dag.py:3239} INFO - Sync 1 DAGs
[2025-07-30T17:03:23.581+0000] {logging_mixin.py:190} INFO - [2025-07-30T17:03:23.580+0000] {dag.py:4180} INFO - Setting next_dagrun for example_sensors to None, run_after=None
[2025-07-30T17:03:23.598+0000] {processor.py:208} INFO - Processing /home/airflow/.local/lib/python3.12/site-packages/airflow/example_dags/example_sensors.py took 0.086 seconds
[2025-07-30T17:03:53.928+0000] {processor.py:186} INFO - Started process (PID=1882) to work on /home/airflow/.local/lib/python3.12/site-packages/airflow/example_dags/example_sensors.py
[2025-07-30T17:03:53.929+0000] {processor.py:914} INFO - Processing file /home/airflow/.local/lib/python3.12/site-packages/airflow/example_dags/example_sensors.py for tasks to queue
[2025-07-30T17:03:53.931+0000] {logging_mixin.py:190} INFO - [2025-07-30T17:03:53.931+0000] {dagbag.py:588} INFO - Filling up the DagBag from /home/airflow/.local/lib/python3.12/site-packages/airflow/example_dags/example_sensors.py
[2025-07-30T17:03:53.944+0000] {processor.py:925} INFO - DAG(s) 'example_sensors' retrieved from /home/airflow/.local/lib/python3.12/site-packages/airflow/example_dags/example_sensors.py
[2025-07-30T17:03:53.974+0000] {logging_mixin.py:190} INFO - [2025-07-30T17:03:53.974+0000] {dag.py:3239} INFO - Sync 1 DAGs
[2025-07-30T17:03:53.991+0000] {logging_mixin.py:190} INFO - [2025-07-30T17:03:53.991+0000] {dag.py:4180} INFO - Setting next_dagrun for example_sensors to None, run_after=None
[2025-07-30T17:03:54.010+0000] {processor.py:208} INFO - Processing /home/airflow/.local/lib/python3.12/site-packages/airflow/example_dags/example_sensors.py took 0.087 seconds
[2025-07-30T17:04:24.536+0000] {processor.py:186} INFO - Started process (PID=2188) to work on /home/airflow/.local/lib/python3.12/site-packages/airflow/example_dags/example_sensors.py
[2025-07-30T17:04:24.537+0000] {processor.py:914} INFO - Processing file /home/airflow/.local/lib/python3.12/site-packages/airflow/example_dags/example_sensors.py for tasks to queue
[2025-07-30T17:04:24.539+0000] {logging_mixin.py:190} INFO - [2025-07-30T17:04:24.539+0000] {dagbag.py:588} INFO - Filling up the DagBag from /home/airflow/.local/lib/python3.12/site-packages/airflow/example_dags/example_sensors.py
[2025-07-30T17:04:24.551+0000] {processor.py:925} INFO - DAG(s) 'example_sensors' retrieved from /home/airflow/.local/lib/python3.12/site-packages/airflow/example_dags/example_sensors.py
[2025-07-30T17:04:24.585+0000] {logging_mixin.py:190} INFO - [2025-07-30T17:04:24.584+0000] {dag.py:3239} INFO - Sync 1 DAGs
[2025-07-30T17:04:24.600+0000] {logging_mixin.py:190} INFO - [2025-07-30T17:04:24.599+0000] {dag.py:4180} INFO - Setting next_dagrun for example_sensors to None, run_after=None
[2025-07-30T17:04:24.617+0000] {processor.py:208} INFO - Processing /home/airflow/.local/lib/python3.12/site-packages/airflow/example_dags/example_sensors.py took 0.087 seconds
[2025-07-30T17:04:55.179+0000] {processor.py:186} INFO - Started process (PID=2494) to work on /home/airflow/.local/lib/python3.12/site-packages/airflow/example_dags/example_sensors.py
[2025-07-30T17:04:55.180+0000] {processor.py:914} INFO - Processing file /home/airflow/.local/lib/python3.12/site-packages/airflow/example_dags/example_sensors.py for tasks to queue
[2025-07-30T17:04:55.182+0000] {logging_mixin.py:190} INFO - [2025-07-30T17:04:55.182+0000] {dagbag.py:588} INFO - Filling up the DagBag from /home/airflow/.local/lib/python3.12/site-packages/airflow/example_dags/example_sensors.py
[2025-07-30T17:04:55.195+0000] {processor.py:925} INFO - DAG(s) 'example_sensors' retrieved from /home/airflow/.local/lib/python3.12/site-packages/airflow/example_dags/example_sensors.py
[2025-07-30T17:04:55.225+0000] {logging_mixin.py:190} INFO - [2025-07-30T17:04:55.225+0000] {dag.py:3239} INFO - Sync 1 DAGs
[2025-07-30T17:04:55.241+0000] {logging_mixin.py:190} INFO - [2025-07-30T17:04:55.241+0000] {dag.py:4180} INFO - Setting next_dagrun for example_sensors to None, run_after=None
[2025-07-30T17:04:55.275+0000] {processor.py:208} INFO - Processing /home/airflow/.local/lib/python3.12/site-packages/airflow/example_dags/example_sensors.py took 0.102 seconds
[2025-07-30T17:05:25.394+0000] {processor.py:186} INFO - Started process (PID=2798) to work on /home/airflow/.local/lib/python3.12/site-packages/airflow/example_dags/example_sensors.py
[2025-07-30T17:05:25.395+0000] {processor.py:914} INFO - Processing file /home/airflow/.local/lib/python3.12/site-packages/airflow/example_dags/example_sensors.py for tasks to queue
[2025-07-30T17:05:25.397+0000] {logging_mixin.py:190} INFO - [2025-07-30T17:05:25.396+0000] {dagbag.py:588} INFO - Filling up the DagBag from /home/airflow/.local/lib/python3.12/site-packages/airflow/example_dags/example_sensors.py
[2025-07-30T17:05:25.409+0000] {processor.py:925} INFO - DAG(s) 'example_sensors' retrieved from /home/airflow/.local/lib/python3.12/site-packages/airflow/example_dags/example_sensors.py
[2025-07-30T17:05:25.439+0000] {logging_mixin.py:190} INFO - [2025-07-30T17:05:25.439+0000] {dag.py:3239} INFO - Sync 1 DAGs
[2025-07-30T17:05:25.456+0000] {logging_mixin.py:190} INFO - [2025-07-30T17:05:25.456+0000] {dag.py:4180} INFO - Setting next_dagrun for example_sensors to None, run_after=None
[2025-07-30T17:05:25.477+0000] {processor.py:208} INFO - Processing /home/airflow/.local/lib/python3.12/site-packages/airflow/example_dags/example_sensors.py took 0.090 seconds
[2025-07-30T17:05:55.698+0000] {processor.py:186} INFO - Started process (PID=3101) to work on /home/airflow/.local/lib/python3.12/site-packages/airflow/example_dags/example_sensors.py
[2025-07-30T17:05:55.699+0000] {processor.py:914} INFO - Processing file /home/airflow/.local/lib/python3.12/site-packages/airflow/example_dags/example_sensors.py for tasks to queue
[2025-07-30T17:05:55.701+0000] {logging_mixin.py:190} INFO - [2025-07-30T17:05:55.701+0000] {dagbag.py:588} INFO - Filling up the DagBag from /home/airflow/.local/lib/python3.12/site-packages/airflow/example_dags/example_sensors.py
[2025-07-30T17:05:55.715+0000] {processor.py:925} INFO - DAG(s) 'example_sensors' retrieved from /home/airflow/.local/lib/python3.12/site-packages/airflow/example_dags/example_sensors.py
[2025-07-30T17:05:55.746+0000] {logging_mixin.py:190} INFO - [2025-07-30T17:05:55.746+0000] {dag.py:3239} INFO - Sync 1 DAGs
[2025-07-30T17:05:55.762+0000] {logging_mixin.py:190} INFO - [2025-07-30T17:05:55.762+0000] {dag.py:4180} INFO - Setting next_dagrun for example_sensors to None, run_after=None
[2025-07-30T17:05:55.788+0000] {processor.py:208} INFO - Processing /home/airflow/.local/lib/python3.12/site-packages/airflow/example_dags/example_sensors.py took 0.095 seconds
[2025-07-30T17:06:26.586+0000] {processor.py:186} INFO - Started process (PID=3407) to work on /home/airflow/.local/lib/python3.12/site-packages/airflow/example_dags/example_sensors.py
[2025-07-30T17:06:26.588+0000] {processor.py:914} INFO - Processing file /home/airflow/.local/lib/python3.12/site-packages/airflow/example_dags/example_sensors.py for tasks to queue
[2025-07-30T17:06:26.590+0000] {logging_mixin.py:190} INFO - [2025-07-30T17:06:26.590+0000] {dagbag.py:588} INFO - Filling up the DagBag from /home/airflow/.local/lib/python3.12/site-packages/airflow/example_dags/example_sensors.py
[2025-07-30T17:06:26.603+0000] {processor.py:925} INFO - DAG(s) 'example_sensors' retrieved from /home/airflow/.local/lib/python3.12/site-packages/airflow/example_dags/example_sensors.py
[2025-07-30T17:06:26.633+0000] {logging_mixin.py:190} INFO - [2025-07-30T17:06:26.633+0000] {dag.py:3239} INFO - Sync 1 DAGs
[2025-07-30T17:06:26.649+0000] {logging_mixin.py:190} INFO - [2025-07-30T17:06:26.648+0000] {dag.py:4180} INFO - Setting next_dagrun for example_sensors to None, run_after=None
[2025-07-30T17:06:26.670+0000] {processor.py:208} INFO - Processing /home/airflow/.local/lib/python3.12/site-packages/airflow/example_dags/example_sensors.py took 0.090 seconds
[2025-07-30T17:06:57.511+0000] {processor.py:186} INFO - Started process (PID=3713) to work on /home/airflow/.local/lib/python3.12/site-packages/airflow/example_dags/example_sensors.py
[2025-07-30T17:06:57.513+0000] {processor.py:914} INFO - Processing file /home/airflow/.local/lib/python3.12/site-packages/airflow/example_dags/example_sensors.py for tasks to queue
[2025-07-30T17:06:57.516+0000] {logging_mixin.py:190} INFO - [2025-07-30T17:06:57.515+0000] {dagbag.py:588} INFO - Filling up the DagBag from /home/airflow/.local/lib/python3.12/site-packages/airflow/example_dags/example_sensors.py
[2025-07-30T17:06:57.529+0000] {processor.py:925} INFO - DAG(s) 'example_sensors' retrieved from /home/airflow/.local/lib/python3.12/site-packages/airflow/example_dags/example_sensors.py
[2025-07-30T17:06:57.559+0000] {logging_mixin.py:190} INFO - [2025-07-30T17:06:57.559+0000] {dag.py:3239} INFO - Sync 1 DAGs
[2025-07-30T17:06:57.574+0000] {logging_mixin.py:190} INFO - [2025-07-30T17:06:57.574+0000] {dag.py:4180} INFO - Setting next_dagrun for example_sensors to None, run_after=None
[2025-07-30T17:06:57.592+0000] {processor.py:208} INFO - Processing /home/airflow/.local/lib/python3.12/site-packages/airflow/example_dags/example_sensors.py took 0.087 seconds
[2025-07-30T17:07:27.836+0000] {processor.py:186} INFO - Started process (PID=4019) to work on /home/airflow/.local/lib/python3.12/site-packages/airflow/example_dags/example_sensors.py
[2025-07-30T17:07:27.836+0000] {processor.py:914} INFO - Processing file /home/airflow/.local/lib/python3.12/site-packages/airflow/example_dags/example_sensors.py for tasks to queue
[2025-07-30T17:07:27.839+0000] {logging_mixin.py:190} INFO - [2025-07-30T17:07:27.839+0000] {dagbag.py:588} INFO - Filling up the DagBag from /home/airflow/.local/lib/python3.12/site-packages/airflow/example_dags/example_sensors.py
[2025-07-30T17:07:27.852+0000] {processor.py:925} INFO - DAG(s) 'example_sensors' retrieved from /home/airflow/.local/lib/python3.12/site-packages/airflow/example_dags/example_sensors.py
[2025-07-30T17:07:27.886+0000] {logging_mixin.py:190} INFO - [2025-07-30T17:07:27.886+0000] {dag.py:3239} INFO - Sync 1 DAGs
[2025-07-30T17:07:27.944+0000] {logging_mixin.py:190} INFO - [2025-07-30T17:07:27.944+0000] {dag.py:4180} INFO - Setting next_dagrun for example_sensors to None, run_after=None
[2025-07-30T17:07:27.974+0000] {processor.py:208} INFO - Processing /home/airflow/.local/lib/python3.12/site-packages/airflow/example_dags/example_sensors.py took 0.144 seconds
[2025-07-30T17:07:58.608+0000] {processor.py:186} INFO - Started process (PID=4325) to work on /home/airflow/.local/lib/python3.12/site-packages/airflow/example_dags/example_sensors.py
[2025-07-30T17:07:58.609+0000] {processor.py:914} INFO - Processing file /home/airflow/.local/lib/python3.12/site-packages/airflow/example_dags/example_sensors.py for tasks to queue
[2025-07-30T17:07:58.611+0000] {logging_mixin.py:190} INFO - [2025-07-30T17:07:58.611+0000] {dagbag.py:588} INFO - Filling up the DagBag from /home/airflow/.local/lib/python3.12/site-packages/airflow/example_dags/example_sensors.py
[2025-07-30T17:07:58.625+0000] {processor.py:925} INFO - DAG(s) 'example_sensors' retrieved from /home/airflow/.local/lib/python3.12/site-packages/airflow/example_dags/example_sensors.py
[2025-07-30T17:07:58.664+0000] {logging_mixin.py:190} INFO - [2025-07-30T17:07:58.663+0000] {dag.py:3239} INFO - Sync 1 DAGs
[2025-07-30T17:07:58.688+0000] {logging_mixin.py:190} INFO - [2025-07-30T17:07:58.687+0000] {dag.py:4180} INFO - Setting next_dagrun for example_sensors to None, run_after=None
[2025-07-30T17:07:58.706+0000] {processor.py:208} INFO - Processing /home/airflow/.local/lib/python3.12/site-packages/airflow/example_dags/example_sensors.py took 0.104 seconds
[2025-07-30T17:08:28.950+0000] {processor.py:186} INFO - Started process (PID=4631) to work on /home/airflow/.local/lib/python3.12/site-packages/airflow/example_dags/example_sensors.py
[2025-07-30T17:08:28.951+0000] {processor.py:914} INFO - Processing file /home/airflow/.local/lib/python3.12/site-packages/airflow/example_dags/example_sensors.py for tasks to queue
[2025-07-30T17:08:28.953+0000] {logging_mixin.py:190} INFO - [2025-07-30T17:08:28.953+0000] {dagbag.py:588} INFO - Filling up the DagBag from /home/airflow/.local/lib/python3.12/site-packages/airflow/example_dags/example_sensors.py
[2025-07-30T17:08:28.966+0000] {processor.py:925} INFO - DAG(s) 'example_sensors' retrieved from /home/airflow/.local/lib/python3.12/site-packages/airflow/example_dags/example_sensors.py
[2025-07-30T17:08:28.996+0000] {logging_mixin.py:190} INFO - [2025-07-30T17:08:28.996+0000] {dag.py:3239} INFO - Sync 1 DAGs
[2025-07-30T17:08:29.013+0000] {logging_mixin.py:190} INFO - [2025-07-30T17:08:29.013+0000] {dag.py:4180} INFO - Setting next_dagrun for example_sensors to None, run_after=None
[2025-07-30T17:08:29.036+0000] {processor.py:208} INFO - Processing /home/airflow/.local/lib/python3.12/site-packages/airflow/example_dags/example_sensors.py took 0.092 seconds
[2025-07-30T17:08:59.157+0000] {processor.py:186} INFO - Started process (PID=4937) to work on /home/airflow/.local/lib/python3.12/site-packages/airflow/example_dags/example_sensors.py
[2025-07-30T17:08:59.158+0000] {processor.py:914} INFO - Processing file /home/airflow/.local/lib/python3.12/site-packages/airflow/example_dags/example_sensors.py for tasks to queue
[2025-07-30T17:08:59.160+0000] {logging_mixin.py:190} INFO - [2025-07-30T17:08:59.160+0000] {dagbag.py:588} INFO - Filling up the DagBag from /home/airflow/.local/lib/python3.12/site-packages/airflow/example_dags/example_sensors.py
[2025-07-30T17:08:59.173+0000] {processor.py:925} INFO - DAG(s) 'example_sensors' retrieved from /home/airflow/.local/lib/python3.12/site-packages/airflow/example_dags/example_sensors.py
[2025-07-30T17:08:59.203+0000] {logging_mixin.py:190} INFO - [2025-07-30T17:08:59.203+0000] {dag.py:3239} INFO - Sync 1 DAGs
[2025-07-30T17:08:59.220+0000] {logging_mixin.py:190} INFO - [2025-07-30T17:08:59.219+0000] {dag.py:4180} INFO - Setting next_dagrun for example_sensors to None, run_after=None
[2025-07-30T17:08:59.240+0000] {processor.py:208} INFO - Processing /home/airflow/.local/lib/python3.12/site-packages/airflow/example_dags/example_sensors.py took 0.088 seconds
[2025-07-30T17:09:30.021+0000] {processor.py:186} INFO - Started process (PID=5243) to work on /home/airflow/.local/lib/python3.12/site-packages/airflow/example_dags/example_sensors.py
[2025-07-30T17:09:30.022+0000] {processor.py:914} INFO - Processing file /home/airflow/.local/lib/python3.12/site-packages/airflow/example_dags/example_sensors.py for tasks to queue
[2025-07-30T17:09:30.024+0000] {logging_mixin.py:190} INFO - [2025-07-30T17:09:30.024+0000] {dagbag.py:588} INFO - Filling up the DagBag from /home/airflow/.local/lib/python3.12/site-packages/airflow/example_dags/example_sensors.py
[2025-07-30T17:09:30.036+0000] {processor.py:925} INFO - DAG(s) 'example_sensors' retrieved from /home/airflow/.local/lib/python3.12/site-packages/airflow/example_dags/example_sensors.py
[2025-07-30T17:09:30.066+0000] {logging_mixin.py:190} INFO - [2025-07-30T17:09:30.066+0000] {dag.py:3239} INFO - Sync 1 DAGs
[2025-07-30T17:09:30.086+0000] {logging_mixin.py:190} INFO - [2025-07-30T17:09:30.086+0000] {dag.py:4180} INFO - Setting next_dagrun for example_sensors to None, run_after=None
[2025-07-30T17:09:30.105+0000] {processor.py:208} INFO - Processing /home/airflow/.local/lib/python3.12/site-packages/airflow/example_dags/example_sensors.py took 0.090 seconds
[2025-07-30T17:10:00.229+0000] {processor.py:186} INFO - Started process (PID=5549) to work on /home/airflow/.local/lib/python3.12/site-packages/airflow/example_dags/example_sensors.py
[2025-07-30T17:10:00.229+0000] {processor.py:914} INFO - Processing file /home/airflow/.local/lib/python3.12/site-packages/airflow/example_dags/example_sensors.py for tasks to queue
[2025-07-30T17:10:00.232+0000] {logging_mixin.py:190} INFO - [2025-07-30T17:10:00.231+0000] {dagbag.py:588} INFO - Filling up the DagBag from /home/airflow/.local/lib/python3.12/site-packages/airflow/example_dags/example_sensors.py
[2025-07-30T17:10:00.244+0000] {processor.py:925} INFO - DAG(s) 'example_sensors' retrieved from /home/airflow/.local/lib/python3.12/site-packages/airflow/example_dags/example_sensors.py
[2025-07-30T17:10:00.280+0000] {logging_mixin.py:190} INFO - [2025-07-30T17:10:00.279+0000] {dag.py:3239} INFO - Sync 1 DAGs
[2025-07-30T17:10:00.294+0000] {logging_mixin.py:190} INFO - [2025-07-30T17:10:00.294+0000] {dag.py:4180} INFO - Setting next_dagrun for example_sensors to None, run_after=None
[2025-07-30T17:10:00.313+0000] {processor.py:208} INFO - Processing /home/airflow/.local/lib/python3.12/site-packages/airflow/example_dags/example_sensors.py took 0.090 seconds
[2025-07-30T17:10:31.172+0000] {processor.py:186} INFO - Started process (PID=5855) to work on /home/airflow/.local/lib/python3.12/site-packages/airflow/example_dags/example_sensors.py
[2025-07-30T17:10:31.172+0000] {processor.py:914} INFO - Processing file /home/airflow/.local/lib/python3.12/site-packages/airflow/example_dags/example_sensors.py for tasks to queue
[2025-07-30T17:10:31.175+0000] {logging_mixin.py:190} INFO - [2025-07-30T17:10:31.175+0000] {dagbag.py:588} INFO - Filling up the DagBag from /home/airflow/.local/lib/python3.12/site-packages/airflow/example_dags/example_sensors.py
[2025-07-30T17:10:31.188+0000] {processor.py:925} INFO - DAG(s) 'example_sensors' retrieved from /home/airflow/.local/lib/python3.12/site-packages/airflow/example_dags/example_sensors.py
[2025-07-30T17:10:31.222+0000] {logging_mixin.py:190} INFO - [2025-07-30T17:10:31.222+0000] {dag.py:3239} INFO - Sync 1 DAGs
[2025-07-30T17:10:31.237+0000] {logging_mixin.py:190} INFO - [2025-07-30T17:10:31.237+0000] {dag.py:4180} INFO - Setting next_dagrun for example_sensors to None, run_after=None
[2025-07-30T17:10:31.254+0000] {processor.py:208} INFO - Processing /home/airflow/.local/lib/python3.12/site-packages/airflow/example_dags/example_sensors.py took 0.088 seconds
[2025-07-30T17:11:01.730+0000] {processor.py:186} INFO - Started process (PID=6161) to work on /home/airflow/.local/lib/python3.12/site-packages/airflow/example_dags/example_sensors.py
[2025-07-30T17:11:01.731+0000] {processor.py:914} INFO - Processing file /home/airflow/.local/lib/python3.12/site-packages/airflow/example_dags/example_sensors.py for tasks to queue
[2025-07-30T17:11:01.734+0000] {logging_mixin.py:190} INFO - [2025-07-30T17:11:01.733+0000] {dagbag.py:588} INFO - Filling up the DagBag from /home/airflow/.local/lib/python3.12/site-packages/airflow/example_dags/example_sensors.py
[2025-07-30T17:11:01.747+0000] {processor.py:925} INFO - DAG(s) 'example_sensors' retrieved from /home/airflow/.local/lib/python3.12/site-packages/airflow/example_dags/example_sensors.py
[2025-07-30T17:11:01.778+0000] {logging_mixin.py:190} INFO - [2025-07-30T17:11:01.778+0000] {dag.py:3239} INFO - Sync 1 DAGs
[2025-07-30T17:11:01.796+0000] {logging_mixin.py:190} INFO - [2025-07-30T17:11:01.796+0000] {dag.py:4180} INFO - Setting next_dagrun for example_sensors to None, run_after=None
[2025-07-30T17:11:01.816+0000] {processor.py:208} INFO - Processing /home/airflow/.local/lib/python3.12/site-packages/airflow/example_dags/example_sensors.py took 0.092 seconds
[2025-07-30T17:11:32.539+0000] {processor.py:186} INFO - Started process (PID=6467) to work on /home/airflow/.local/lib/python3.12/site-packages/airflow/example_dags/example_sensors.py
[2025-07-30T17:11:32.539+0000] {processor.py:914} INFO - Processing file /home/airflow/.local/lib/python3.12/site-packages/airflow/example_dags/example_sensors.py for tasks to queue
[2025-07-30T17:11:32.542+0000] {logging_mixin.py:190} INFO - [2025-07-30T17:11:32.541+0000] {dagbag.py:588} INFO - Filling up the DagBag from /home/airflow/.local/lib/python3.12/site-packages/airflow/example_dags/example_sensors.py
[2025-07-30T17:11:32.554+0000] {processor.py:925} INFO - DAG(s) 'example_sensors' retrieved from /home/airflow/.local/lib/python3.12/site-packages/airflow/example_dags/example_sensors.py
[2025-07-30T17:11:32.584+0000] {logging_mixin.py:190} INFO - [2025-07-30T17:11:32.584+0000] {dag.py:3239} INFO - Sync 1 DAGs
[2025-07-30T17:11:32.601+0000] {logging_mixin.py:190} INFO - [2025-07-30T17:11:32.601+0000] {dag.py:4180} INFO - Setting next_dagrun for example_sensors to None, run_after=None
[2025-07-30T17:11:32.620+0000] {processor.py:208} INFO - Processing /home/airflow/.local/lib/python3.12/site-packages/airflow/example_dags/example_sensors.py took 0.086 seconds
[2025-07-30T17:12:02.748+0000] {processor.py:186} INFO - Started process (PID=6773) to work on /home/airflow/.local/lib/python3.12/site-packages/airflow/example_dags/example_sensors.py
[2025-07-30T17:12:02.749+0000] {processor.py:914} INFO - Processing file /home/airflow/.local/lib/python3.12/site-packages/airflow/example_dags/example_sensors.py for tasks to queue
[2025-07-30T17:12:02.751+0000] {logging_mixin.py:190} INFO - [2025-07-30T17:12:02.751+0000] {dagbag.py:588} INFO - Filling up the DagBag from /home/airflow/.local/lib/python3.12/site-packages/airflow/example_dags/example_sensors.py
[2025-07-30T17:12:02.764+0000] {processor.py:925} INFO - DAG(s) 'example_sensors' retrieved from /home/airflow/.local/lib/python3.12/site-packages/airflow/example_dags/example_sensors.py
[2025-07-30T17:12:02.796+0000] {logging_mixin.py:190} INFO - [2025-07-30T17:12:02.796+0000] {dag.py:3239} INFO - Sync 1 DAGs
[2025-07-30T17:12:02.812+0000] {logging_mixin.py:190} INFO - [2025-07-30T17:12:02.812+0000] {dag.py:4180} INFO - Setting next_dagrun for example_sensors to None, run_after=None
[2025-07-30T17:12:02.834+0000] {processor.py:208} INFO - Processing /home/airflow/.local/lib/python3.12/site-packages/airflow/example_dags/example_sensors.py took 0.091 seconds
[2025-07-30T17:12:32.977+0000] {processor.py:186} INFO - Started process (PID=7079) to work on /home/airflow/.local/lib/python3.12/site-packages/airflow/example_dags/example_sensors.py
[2025-07-30T17:12:32.978+0000] {processor.py:914} INFO - Processing file /home/airflow/.local/lib/python3.12/site-packages/airflow/example_dags/example_sensors.py for tasks to queue
[2025-07-30T17:12:32.980+0000] {logging_mixin.py:190} INFO - [2025-07-30T17:12:32.980+0000] {dagbag.py:588} INFO - Filling up the DagBag from /home/airflow/.local/lib/python3.12/site-packages/airflow/example_dags/example_sensors.py
[2025-07-30T17:12:32.995+0000] {processor.py:925} INFO - DAG(s) 'example_sensors' retrieved from /home/airflow/.local/lib/python3.12/site-packages/airflow/example_dags/example_sensors.py
[2025-07-30T17:12:33.025+0000] {logging_mixin.py:190} INFO - [2025-07-30T17:12:33.025+0000] {dag.py:3239} INFO - Sync 1 DAGs
[2025-07-30T17:12:33.042+0000] {logging_mixin.py:190} INFO - [2025-07-30T17:12:33.042+0000] {dag.py:4180} INFO - Setting next_dagrun for example_sensors to None, run_after=None
[2025-07-30T17:12:33.060+0000] {processor.py:208} INFO - Processing /home/airflow/.local/lib/python3.12/site-packages/airflow/example_dags/example_sensors.py took 0.088 seconds
[2025-07-30T17:13:03.662+0000] {processor.py:186} INFO - Started process (PID=7385) to work on /home/airflow/.local/lib/python3.12/site-packages/airflow/example_dags/example_sensors.py
[2025-07-30T17:13:03.663+0000] {processor.py:914} INFO - Processing file /home/airflow/.local/lib/python3.12/site-packages/airflow/example_dags/example_sensors.py for tasks to queue
[2025-07-30T17:13:03.665+0000] {logging_mixin.py:190} INFO - [2025-07-30T17:13:03.665+0000] {dagbag.py:588} INFO - Filling up the DagBag from /home/airflow/.local/lib/python3.12/site-packages/airflow/example_dags/example_sensors.py
[2025-07-30T17:13:03.678+0000] {processor.py:925} INFO - DAG(s) 'example_sensors' retrieved from /home/airflow/.local/lib/python3.12/site-packages/airflow/example_dags/example_sensors.py
[2025-07-30T17:13:03.710+0000] {logging_mixin.py:190} INFO - [2025-07-30T17:13:03.709+0000] {dag.py:3239} INFO - Sync 1 DAGs
[2025-07-30T17:13:03.726+0000] {logging_mixin.py:190} INFO - [2025-07-30T17:13:03.726+0000] {dag.py:4180} INFO - Setting next_dagrun for example_sensors to None, run_after=None
[2025-07-30T17:13:03.744+0000] {processor.py:208} INFO - Processing /home/airflow/.local/lib/python3.12/site-packages/airflow/example_dags/example_sensors.py took 0.087 seconds
