[2025-07-30T17:01:24.548+0000] {processor.py:186} INFO - Started process (PID=392) to work on /home/airflow/.local/lib/python3.12/site-packages/airflow/example_dags/example_trigger_target_dag.py
[2025-07-30T17:01:24.549+0000] {processor.py:914} INFO - Processing file /home/airflow/.local/lib/python3.12/site-packages/airflow/example_dags/example_trigger_target_dag.py for tasks to queue
[2025-07-30T17:01:24.552+0000] {logging_mixin.py:190} INFO - [2025-07-30T17:01:24.552+0000] {dagbag.py:588} INFO - Filling up the DagBag from /home/airflow/.local/lib/python3.12/site-packages/airflow/example_dags/example_trigger_target_dag.py
[2025-07-30T17:01:24.566+0000] {processor.py:925} INFO - DAG(s) 'example_trigger_target_dag' retrieved from /home/airflow/.local/lib/python3.12/site-packages/airflow/example_dags/example_trigger_target_dag.py
[2025-07-30T17:01:24.774+0000] {logging_mixin.py:190} INFO - [2025-07-30T17:01:24.774+0000] {override.py:1911} INFO - Created Permission View: can read on DAG:example_trigger_target_dag
[2025-07-30T17:01:24.788+0000] {logging_mixin.py:190} INFO - [2025-07-30T17:01:24.787+0000] {override.py:1911} INFO - Created Permission View: can delete on DAG:example_trigger_target_dag
[2025-07-30T17:01:24.798+0000] {logging_mixin.py:190} INFO - [2025-07-30T17:01:24.798+0000] {override.py:1911} INFO - Created Permission View: can edit on DAG:example_trigger_target_dag
[2025-07-30T17:01:24.824+0000] {logging_mixin.py:190} INFO - [2025-07-30T17:01:24.824+0000] {override.py:1911} INFO - Created Permission View: can read on DAG Run:example_trigger_target_dag
[2025-07-30T17:01:24.837+0000] {logging_mixin.py:190} INFO - [2025-07-30T17:01:24.837+0000] {override.py:1911} INFO - Created Permission View: menu access on DAG Run:example_trigger_target_dag
[2025-07-30T17:01:24.844+0000] {logging_mixin.py:190} INFO - [2025-07-30T17:01:24.843+0000] {override.py:1911} INFO - Created Permission View: can delete on DAG Run:example_trigger_target_dag
[2025-07-30T17:01:24.853+0000] {logging_mixin.py:190} INFO - [2025-07-30T17:01:24.852+0000] {override.py:1911} INFO - Created Permission View: can create on DAG Run:example_trigger_target_dag
[2025-07-30T17:01:24.853+0000] {logging_mixin.py:190} INFO - [2025-07-30T17:01:24.853+0000] {dag.py:3239} INFO - Sync 1 DAGs
[2025-07-30T17:01:24.880+0000] {logging_mixin.py:190} INFO - [2025-07-30T17:01:24.879+0000] {dag.py:3262} INFO - Creating ORM DAG for example_trigger_target_dag
[2025-07-30T17:01:24.881+0000] {logging_mixin.py:190} INFO - [2025-07-30T17:01:24.881+0000] {dag.py:4180} INFO - Setting next_dagrun for example_trigger_target_dag to None, run_after=None
[2025-07-30T17:01:24.896+0000] {processor.py:208} INFO - Processing /home/airflow/.local/lib/python3.12/site-packages/airflow/example_dags/example_trigger_target_dag.py took 0.365 seconds
[2025-07-30T17:01:55.019+0000] {processor.py:186} INFO - Started process (PID=694) to work on /home/airflow/.local/lib/python3.12/site-packages/airflow/example_dags/example_trigger_target_dag.py
[2025-07-30T17:01:55.020+0000] {processor.py:914} INFO - Processing file /home/airflow/.local/lib/python3.12/site-packages/airflow/example_dags/example_trigger_target_dag.py for tasks to queue
[2025-07-30T17:01:55.021+0000] {logging_mixin.py:190} INFO - [2025-07-30T17:01:55.021+0000] {dagbag.py:588} INFO - Filling up the DagBag from /home/airflow/.local/lib/python3.12/site-packages/airflow/example_dags/example_trigger_target_dag.py
[2025-07-30T17:01:55.028+0000] {processor.py:925} INFO - DAG(s) 'example_trigger_target_dag' retrieved from /home/airflow/.local/lib/python3.12/site-packages/airflow/example_dags/example_trigger_target_dag.py
[2025-07-30T17:01:55.042+0000] {logging_mixin.py:190} INFO - [2025-07-30T17:01:55.042+0000] {dag.py:3239} INFO - Sync 1 DAGs
[2025-07-30T17:01:55.053+0000] {logging_mixin.py:190} INFO - [2025-07-30T17:01:55.053+0000] {dag.py:4180} INFO - Setting next_dagrun for example_trigger_target_dag to None, run_after=None
[2025-07-30T17:01:55.067+0000] {processor.py:208} INFO - Processing /home/airflow/.local/lib/python3.12/site-packages/airflow/example_dags/example_trigger_target_dag.py took 0.053 seconds
[2025-07-30T17:02:25.207+0000] {processor.py:186} INFO - Started process (PID=999) to work on /home/airflow/.local/lib/python3.12/site-packages/airflow/example_dags/example_trigger_target_dag.py
[2025-07-30T17:02:25.208+0000] {processor.py:914} INFO - Processing file /home/airflow/.local/lib/python3.12/site-packages/airflow/example_dags/example_trigger_target_dag.py for tasks to queue
[2025-07-30T17:02:25.211+0000] {logging_mixin.py:190} INFO - [2025-07-30T17:02:25.210+0000] {dagbag.py:588} INFO - Filling up the DagBag from /home/airflow/.local/lib/python3.12/site-packages/airflow/example_dags/example_trigger_target_dag.py
[2025-07-30T17:02:25.219+0000] {processor.py:925} INFO - DAG(s) 'example_trigger_target_dag' retrieved from /home/airflow/.local/lib/python3.12/site-packages/airflow/example_dags/example_trigger_target_dag.py
[2025-07-30T17:02:25.234+0000] {logging_mixin.py:190} INFO - [2025-07-30T17:02:25.234+0000] {dag.py:3239} INFO - Sync 1 DAGs
[2025-07-30T17:02:25.245+0000] {logging_mixin.py:190} INFO - [2025-07-30T17:02:25.245+0000] {dag.py:4180} INFO - Setting next_dagrun for example_trigger_target_dag to None, run_after=None
[2025-07-30T17:02:25.258+0000] {processor.py:208} INFO - Processing /home/airflow/.local/lib/python3.12/site-packages/airflow/example_dags/example_trigger_target_dag.py took 0.057 seconds
[2025-07-30T17:02:56.206+0000] {processor.py:186} INFO - Started process (PID=1305) to work on /home/airflow/.local/lib/python3.12/site-packages/airflow/example_dags/example_trigger_target_dag.py
[2025-07-30T17:02:56.207+0000] {processor.py:914} INFO - Processing file /home/airflow/.local/lib/python3.12/site-packages/airflow/example_dags/example_trigger_target_dag.py for tasks to queue
[2025-07-30T17:02:56.209+0000] {logging_mixin.py:190} INFO - [2025-07-30T17:02:56.208+0000] {dagbag.py:588} INFO - Filling up the DagBag from /home/airflow/.local/lib/python3.12/site-packages/airflow/example_dags/example_trigger_target_dag.py
[2025-07-30T17:02:56.215+0000] {processor.py:925} INFO - DAG(s) 'example_trigger_target_dag' retrieved from /home/airflow/.local/lib/python3.12/site-packages/airflow/example_dags/example_trigger_target_dag.py
[2025-07-30T17:02:56.229+0000] {logging_mixin.py:190} INFO - [2025-07-30T17:02:56.229+0000] {dag.py:3239} INFO - Sync 1 DAGs
[2025-07-30T17:02:56.240+0000] {logging_mixin.py:190} INFO - [2025-07-30T17:02:56.240+0000] {dag.py:4180} INFO - Setting next_dagrun for example_trigger_target_dag to None, run_after=None
[2025-07-30T17:02:56.254+0000] {processor.py:208} INFO - Processing /home/airflow/.local/lib/python3.12/site-packages/airflow/example_dags/example_trigger_target_dag.py took 0.052 seconds
[2025-07-30T17:03:26.396+0000] {processor.py:186} INFO - Started process (PID=1611) to work on /home/airflow/.local/lib/python3.12/site-packages/airflow/example_dags/example_trigger_target_dag.py
[2025-07-30T17:03:26.397+0000] {processor.py:914} INFO - Processing file /home/airflow/.local/lib/python3.12/site-packages/airflow/example_dags/example_trigger_target_dag.py for tasks to queue
[2025-07-30T17:03:26.399+0000] {logging_mixin.py:190} INFO - [2025-07-30T17:03:26.398+0000] {dagbag.py:588} INFO - Filling up the DagBag from /home/airflow/.local/lib/python3.12/site-packages/airflow/example_dags/example_trigger_target_dag.py
[2025-07-30T17:03:26.405+0000] {processor.py:925} INFO - DAG(s) 'example_trigger_target_dag' retrieved from /home/airflow/.local/lib/python3.12/site-packages/airflow/example_dags/example_trigger_target_dag.py
[2025-07-30T17:03:26.420+0000] {logging_mixin.py:190} INFO - [2025-07-30T17:03:26.420+0000] {dag.py:3239} INFO - Sync 1 DAGs
[2025-07-30T17:03:26.431+0000] {logging_mixin.py:190} INFO - [2025-07-30T17:03:26.431+0000] {dag.py:4180} INFO - Setting next_dagrun for example_trigger_target_dag to None, run_after=None
[2025-07-30T17:03:26.446+0000] {processor.py:208} INFO - Processing /home/airflow/.local/lib/python3.12/site-packages/airflow/example_dags/example_trigger_target_dag.py took 0.055 seconds
[2025-07-30T17:03:56.970+0000] {processor.py:186} INFO - Started process (PID=1917) to work on /home/airflow/.local/lib/python3.12/site-packages/airflow/example_dags/example_trigger_target_dag.py
[2025-07-30T17:03:56.970+0000] {processor.py:914} INFO - Processing file /home/airflow/.local/lib/python3.12/site-packages/airflow/example_dags/example_trigger_target_dag.py for tasks to queue
[2025-07-30T17:03:56.972+0000] {logging_mixin.py:190} INFO - [2025-07-30T17:03:56.972+0000] {dagbag.py:588} INFO - Filling up the DagBag from /home/airflow/.local/lib/python3.12/site-packages/airflow/example_dags/example_trigger_target_dag.py
[2025-07-30T17:03:56.978+0000] {processor.py:925} INFO - DAG(s) 'example_trigger_target_dag' retrieved from /home/airflow/.local/lib/python3.12/site-packages/airflow/example_dags/example_trigger_target_dag.py
[2025-07-30T17:03:56.993+0000] {logging_mixin.py:190} INFO - [2025-07-30T17:03:56.993+0000] {dag.py:3239} INFO - Sync 1 DAGs
[2025-07-30T17:03:57.004+0000] {logging_mixin.py:190} INFO - [2025-07-30T17:03:57.004+0000] {dag.py:4180} INFO - Setting next_dagrun for example_trigger_target_dag to None, run_after=None
[2025-07-30T17:03:57.017+0000] {processor.py:208} INFO - Processing /home/airflow/.local/lib/python3.12/site-packages/airflow/example_dags/example_trigger_target_dag.py took 0.052 seconds
[2025-07-30T17:04:27.889+0000] {processor.py:186} INFO - Started process (PID=2221) to work on /home/airflow/.local/lib/python3.12/site-packages/airflow/example_dags/example_trigger_target_dag.py
[2025-07-30T17:04:27.891+0000] {processor.py:914} INFO - Processing file /home/airflow/.local/lib/python3.12/site-packages/airflow/example_dags/example_trigger_target_dag.py for tasks to queue
[2025-07-30T17:04:27.893+0000] {logging_mixin.py:190} INFO - [2025-07-30T17:04:27.893+0000] {dagbag.py:588} INFO - Filling up the DagBag from /home/airflow/.local/lib/python3.12/site-packages/airflow/example_dags/example_trigger_target_dag.py
[2025-07-30T17:04:27.901+0000] {processor.py:925} INFO - DAG(s) 'example_trigger_target_dag' retrieved from /home/airflow/.local/lib/python3.12/site-packages/airflow/example_dags/example_trigger_target_dag.py
[2025-07-30T17:04:27.925+0000] {logging_mixin.py:190} INFO - [2025-07-30T17:04:27.924+0000] {dag.py:3239} INFO - Sync 1 DAGs
[2025-07-30T17:04:27.942+0000] {logging_mixin.py:190} INFO - [2025-07-30T17:04:27.942+0000] {dag.py:4180} INFO - Setting next_dagrun for example_trigger_target_dag to None, run_after=None
[2025-07-30T17:04:27.962+0000] {processor.py:208} INFO - Processing /home/airflow/.local/lib/python3.12/site-packages/airflow/example_dags/example_trigger_target_dag.py took 0.079 seconds
[2025-07-30T17:04:58.600+0000] {processor.py:186} INFO - Started process (PID=2527) to work on /home/airflow/.local/lib/python3.12/site-packages/airflow/example_dags/example_trigger_target_dag.py
[2025-07-30T17:04:58.600+0000] {processor.py:914} INFO - Processing file /home/airflow/.local/lib/python3.12/site-packages/airflow/example_dags/example_trigger_target_dag.py for tasks to queue
[2025-07-30T17:04:58.603+0000] {logging_mixin.py:190} INFO - [2025-07-30T17:04:58.602+0000] {dagbag.py:588} INFO - Filling up the DagBag from /home/airflow/.local/lib/python3.12/site-packages/airflow/example_dags/example_trigger_target_dag.py
[2025-07-30T17:04:58.611+0000] {processor.py:925} INFO - DAG(s) 'example_trigger_target_dag' retrieved from /home/airflow/.local/lib/python3.12/site-packages/airflow/example_dags/example_trigger_target_dag.py
[2025-07-30T17:04:58.638+0000] {logging_mixin.py:190} INFO - [2025-07-30T17:04:58.638+0000] {dag.py:3239} INFO - Sync 1 DAGs
[2025-07-30T17:04:58.662+0000] {logging_mixin.py:190} INFO - [2025-07-30T17:04:58.661+0000] {dag.py:4180} INFO - Setting next_dagrun for example_trigger_target_dag to None, run_after=None
[2025-07-30T17:04:58.686+0000] {processor.py:208} INFO - Processing /home/airflow/.local/lib/python3.12/site-packages/airflow/example_dags/example_trigger_target_dag.py took 0.093 seconds
[2025-07-30T17:05:29.068+0000] {processor.py:186} INFO - Started process (PID=2830) to work on /home/airflow/.local/lib/python3.12/site-packages/airflow/example_dags/example_trigger_target_dag.py
[2025-07-30T17:05:29.069+0000] {processor.py:914} INFO - Processing file /home/airflow/.local/lib/python3.12/site-packages/airflow/example_dags/example_trigger_target_dag.py for tasks to queue
[2025-07-30T17:05:29.072+0000] {logging_mixin.py:190} INFO - [2025-07-30T17:05:29.071+0000] {dagbag.py:588} INFO - Filling up the DagBag from /home/airflow/.local/lib/python3.12/site-packages/airflow/example_dags/example_trigger_target_dag.py
[2025-07-30T17:05:29.080+0000] {processor.py:925} INFO - DAG(s) 'example_trigger_target_dag' retrieved from /home/airflow/.local/lib/python3.12/site-packages/airflow/example_dags/example_trigger_target_dag.py
[2025-07-30T17:05:29.103+0000] {logging_mixin.py:190} INFO - [2025-07-30T17:05:29.101+0000] {dag.py:3239} INFO - Sync 1 DAGs
[2025-07-30T17:05:29.120+0000] {logging_mixin.py:190} INFO - [2025-07-30T17:05:29.120+0000] {dag.py:4180} INFO - Setting next_dagrun for example_trigger_target_dag to None, run_after=None
[2025-07-30T17:05:29.138+0000] {processor.py:208} INFO - Processing /home/airflow/.local/lib/python3.12/site-packages/airflow/example_dags/example_trigger_target_dag.py took 0.075 seconds
[2025-07-30T17:05:59.544+0000] {processor.py:186} INFO - Started process (PID=3136) to work on /home/airflow/.local/lib/python3.12/site-packages/airflow/example_dags/example_trigger_target_dag.py
[2025-07-30T17:05:59.545+0000] {processor.py:914} INFO - Processing file /home/airflow/.local/lib/python3.12/site-packages/airflow/example_dags/example_trigger_target_dag.py for tasks to queue
[2025-07-30T17:05:59.548+0000] {logging_mixin.py:190} INFO - [2025-07-30T17:05:59.547+0000] {dagbag.py:588} INFO - Filling up the DagBag from /home/airflow/.local/lib/python3.12/site-packages/airflow/example_dags/example_trigger_target_dag.py
[2025-07-30T17:05:59.556+0000] {processor.py:925} INFO - DAG(s) 'example_trigger_target_dag' retrieved from /home/airflow/.local/lib/python3.12/site-packages/airflow/example_dags/example_trigger_target_dag.py
[2025-07-30T17:05:59.591+0000] {logging_mixin.py:190} INFO - [2025-07-30T17:05:59.590+0000] {dag.py:3239} INFO - Sync 1 DAGs
[2025-07-30T17:05:59.607+0000] {logging_mixin.py:190} INFO - [2025-07-30T17:05:59.607+0000] {dag.py:4180} INFO - Setting next_dagrun for example_trigger_target_dag to None, run_after=None
[2025-07-30T17:05:59.631+0000] {processor.py:208} INFO - Processing /home/airflow/.local/lib/python3.12/site-packages/airflow/example_dags/example_trigger_target_dag.py took 0.092 seconds
[2025-07-30T17:06:30.035+0000] {processor.py:186} INFO - Started process (PID=3442) to work on /home/airflow/.local/lib/python3.12/site-packages/airflow/example_dags/example_trigger_target_dag.py
[2025-07-30T17:06:30.036+0000] {processor.py:914} INFO - Processing file /home/airflow/.local/lib/python3.12/site-packages/airflow/example_dags/example_trigger_target_dag.py for tasks to queue
[2025-07-30T17:06:30.038+0000] {logging_mixin.py:190} INFO - [2025-07-30T17:06:30.038+0000] {dagbag.py:588} INFO - Filling up the DagBag from /home/airflow/.local/lib/python3.12/site-packages/airflow/example_dags/example_trigger_target_dag.py
[2025-07-30T17:06:30.047+0000] {processor.py:925} INFO - DAG(s) 'example_trigger_target_dag' retrieved from /home/airflow/.local/lib/python3.12/site-packages/airflow/example_dags/example_trigger_target_dag.py
[2025-07-30T17:06:30.068+0000] {logging_mixin.py:190} INFO - [2025-07-30T17:06:30.067+0000] {dag.py:3239} INFO - Sync 1 DAGs
[2025-07-30T17:06:30.084+0000] {logging_mixin.py:190} INFO - [2025-07-30T17:06:30.084+0000] {dag.py:4180} INFO - Setting next_dagrun for example_trigger_target_dag to None, run_after=None
[2025-07-30T17:06:30.104+0000] {processor.py:208} INFO - Processing /home/airflow/.local/lib/python3.12/site-packages/airflow/example_dags/example_trigger_target_dag.py took 0.075 seconds
[2025-07-30T17:07:00.460+0000] {processor.py:186} INFO - Started process (PID=3748) to work on /home/airflow/.local/lib/python3.12/site-packages/airflow/example_dags/example_trigger_target_dag.py
[2025-07-30T17:07:00.460+0000] {processor.py:914} INFO - Processing file /home/airflow/.local/lib/python3.12/site-packages/airflow/example_dags/example_trigger_target_dag.py for tasks to queue
[2025-07-30T17:07:00.463+0000] {logging_mixin.py:190} INFO - [2025-07-30T17:07:00.463+0000] {dagbag.py:588} INFO - Filling up the DagBag from /home/airflow/.local/lib/python3.12/site-packages/airflow/example_dags/example_trigger_target_dag.py
[2025-07-30T17:07:00.471+0000] {processor.py:925} INFO - DAG(s) 'example_trigger_target_dag' retrieved from /home/airflow/.local/lib/python3.12/site-packages/airflow/example_dags/example_trigger_target_dag.py
[2025-07-30T17:07:00.493+0000] {logging_mixin.py:190} INFO - [2025-07-30T17:07:00.492+0000] {dag.py:3239} INFO - Sync 1 DAGs
[2025-07-30T17:07:00.509+0000] {logging_mixin.py:190} INFO - [2025-07-30T17:07:00.509+0000] {dag.py:4180} INFO - Setting next_dagrun for example_trigger_target_dag to None, run_after=None
[2025-07-30T17:07:00.532+0000] {processor.py:208} INFO - Processing /home/airflow/.local/lib/python3.12/site-packages/airflow/example_dags/example_trigger_target_dag.py took 0.078 seconds
[2025-07-30T17:07:30.806+0000] {processor.py:186} INFO - Started process (PID=4054) to work on /home/airflow/.local/lib/python3.12/site-packages/airflow/example_dags/example_trigger_target_dag.py
[2025-07-30T17:07:30.807+0000] {processor.py:914} INFO - Processing file /home/airflow/.local/lib/python3.12/site-packages/airflow/example_dags/example_trigger_target_dag.py for tasks to queue
[2025-07-30T17:07:30.809+0000] {logging_mixin.py:190} INFO - [2025-07-30T17:07:30.809+0000] {dagbag.py:588} INFO - Filling up the DagBag from /home/airflow/.local/lib/python3.12/site-packages/airflow/example_dags/example_trigger_target_dag.py
[2025-07-30T17:07:30.817+0000] {processor.py:925} INFO - DAG(s) 'example_trigger_target_dag' retrieved from /home/airflow/.local/lib/python3.12/site-packages/airflow/example_dags/example_trigger_target_dag.py
[2025-07-30T17:07:30.839+0000] {logging_mixin.py:190} INFO - [2025-07-30T17:07:30.839+0000] {dag.py:3239} INFO - Sync 1 DAGs
[2025-07-30T17:07:30.856+0000] {logging_mixin.py:190} INFO - [2025-07-30T17:07:30.856+0000] {dag.py:4180} INFO - Setting next_dagrun for example_trigger_target_dag to None, run_after=None
[2025-07-30T17:07:30.873+0000] {processor.py:208} INFO - Processing /home/airflow/.local/lib/python3.12/site-packages/airflow/example_dags/example_trigger_target_dag.py took 0.073 seconds
[2025-07-30T17:08:01.233+0000] {processor.py:186} INFO - Started process (PID=4358) to work on /home/airflow/.local/lib/python3.12/site-packages/airflow/example_dags/example_trigger_target_dag.py
[2025-07-30T17:08:01.234+0000] {processor.py:914} INFO - Processing file /home/airflow/.local/lib/python3.12/site-packages/airflow/example_dags/example_trigger_target_dag.py for tasks to queue
[2025-07-30T17:08:01.236+0000] {logging_mixin.py:190} INFO - [2025-07-30T17:08:01.236+0000] {dagbag.py:588} INFO - Filling up the DagBag from /home/airflow/.local/lib/python3.12/site-packages/airflow/example_dags/example_trigger_target_dag.py
[2025-07-30T17:08:01.245+0000] {processor.py:925} INFO - DAG(s) 'example_trigger_target_dag' retrieved from /home/airflow/.local/lib/python3.12/site-packages/airflow/example_dags/example_trigger_target_dag.py
[2025-07-30T17:08:01.268+0000] {logging_mixin.py:190} INFO - [2025-07-30T17:08:01.268+0000] {dag.py:3239} INFO - Sync 1 DAGs
[2025-07-30T17:08:01.287+0000] {logging_mixin.py:190} INFO - [2025-07-30T17:08:01.287+0000] {dag.py:4180} INFO - Setting next_dagrun for example_trigger_target_dag to None, run_after=None
[2025-07-30T17:08:01.306+0000] {processor.py:208} INFO - Processing /home/airflow/.local/lib/python3.12/site-packages/airflow/example_dags/example_trigger_target_dag.py took 0.080 seconds
[2025-07-30T17:08:31.347+0000] {processor.py:186} INFO - Started process (PID=4661) to work on /home/airflow/.local/lib/python3.12/site-packages/airflow/example_dags/example_trigger_target_dag.py
[2025-07-30T17:08:31.348+0000] {processor.py:914} INFO - Processing file /home/airflow/.local/lib/python3.12/site-packages/airflow/example_dags/example_trigger_target_dag.py for tasks to queue
[2025-07-30T17:08:31.350+0000] {logging_mixin.py:190} INFO - [2025-07-30T17:08:31.350+0000] {dagbag.py:588} INFO - Filling up the DagBag from /home/airflow/.local/lib/python3.12/site-packages/airflow/example_dags/example_trigger_target_dag.py
[2025-07-30T17:08:31.357+0000] {processor.py:925} INFO - DAG(s) 'example_trigger_target_dag' retrieved from /home/airflow/.local/lib/python3.12/site-packages/airflow/example_dags/example_trigger_target_dag.py
[2025-07-30T17:08:31.371+0000] {logging_mixin.py:190} INFO - [2025-07-30T17:08:31.371+0000] {dag.py:3239} INFO - Sync 1 DAGs
[2025-07-30T17:08:31.382+0000] {logging_mixin.py:190} INFO - [2025-07-30T17:08:31.382+0000] {dag.py:4180} INFO - Setting next_dagrun for example_trigger_target_dag to None, run_after=None
[2025-07-30T17:08:31.395+0000] {processor.py:208} INFO - Processing /home/airflow/.local/lib/python3.12/site-packages/airflow/example_dags/example_trigger_target_dag.py took 0.055 seconds
[2025-07-30T17:09:01.486+0000] {processor.py:186} INFO - Started process (PID=4965) to work on /home/airflow/.local/lib/python3.12/site-packages/airflow/example_dags/example_trigger_target_dag.py
[2025-07-30T17:09:01.487+0000] {processor.py:914} INFO - Processing file /home/airflow/.local/lib/python3.12/site-packages/airflow/example_dags/example_trigger_target_dag.py for tasks to queue
[2025-07-30T17:09:01.490+0000] {logging_mixin.py:190} INFO - [2025-07-30T17:09:01.489+0000] {dagbag.py:588} INFO - Filling up the DagBag from /home/airflow/.local/lib/python3.12/site-packages/airflow/example_dags/example_trigger_target_dag.py
[2025-07-30T17:09:01.498+0000] {processor.py:925} INFO - DAG(s) 'example_trigger_target_dag' retrieved from /home/airflow/.local/lib/python3.12/site-packages/airflow/example_dags/example_trigger_target_dag.py
[2025-07-30T17:09:01.518+0000] {logging_mixin.py:190} INFO - [2025-07-30T17:09:01.518+0000] {dag.py:3239} INFO - Sync 1 DAGs
[2025-07-30T17:09:01.535+0000] {logging_mixin.py:190} INFO - [2025-07-30T17:09:01.534+0000] {dag.py:4180} INFO - Setting next_dagrun for example_trigger_target_dag to None, run_after=None
[2025-07-30T17:09:01.551+0000] {processor.py:208} INFO - Processing /home/airflow/.local/lib/python3.12/site-packages/airflow/example_dags/example_trigger_target_dag.py took 0.071 seconds
[2025-07-30T17:09:32.306+0000] {processor.py:186} INFO - Started process (PID=5271) to work on /home/airflow/.local/lib/python3.12/site-packages/airflow/example_dags/example_trigger_target_dag.py
[2025-07-30T17:09:32.307+0000] {processor.py:914} INFO - Processing file /home/airflow/.local/lib/python3.12/site-packages/airflow/example_dags/example_trigger_target_dag.py for tasks to queue
[2025-07-30T17:09:32.309+0000] {logging_mixin.py:190} INFO - [2025-07-30T17:09:32.309+0000] {dagbag.py:588} INFO - Filling up the DagBag from /home/airflow/.local/lib/python3.12/site-packages/airflow/example_dags/example_trigger_target_dag.py
[2025-07-30T17:09:32.317+0000] {processor.py:925} INFO - DAG(s) 'example_trigger_target_dag' retrieved from /home/airflow/.local/lib/python3.12/site-packages/airflow/example_dags/example_trigger_target_dag.py
[2025-07-30T17:09:32.336+0000] {logging_mixin.py:190} INFO - [2025-07-30T17:09:32.336+0000] {dag.py:3239} INFO - Sync 1 DAGs
[2025-07-30T17:09:32.356+0000] {logging_mixin.py:190} INFO - [2025-07-30T17:09:32.356+0000] {dag.py:4180} INFO - Setting next_dagrun for example_trigger_target_dag to None, run_after=None
[2025-07-30T17:09:32.375+0000] {processor.py:208} INFO - Processing /home/airflow/.local/lib/python3.12/site-packages/airflow/example_dags/example_trigger_target_dag.py took 0.075 seconds
[2025-07-30T17:10:02.575+0000] {processor.py:186} INFO - Started process (PID=5577) to work on /home/airflow/.local/lib/python3.12/site-packages/airflow/example_dags/example_trigger_target_dag.py
[2025-07-30T17:10:02.576+0000] {processor.py:914} INFO - Processing file /home/airflow/.local/lib/python3.12/site-packages/airflow/example_dags/example_trigger_target_dag.py for tasks to queue
[2025-07-30T17:10:02.579+0000] {logging_mixin.py:190} INFO - [2025-07-30T17:10:02.579+0000] {dagbag.py:588} INFO - Filling up the DagBag from /home/airflow/.local/lib/python3.12/site-packages/airflow/example_dags/example_trigger_target_dag.py
[2025-07-30T17:10:02.588+0000] {processor.py:925} INFO - DAG(s) 'example_trigger_target_dag' retrieved from /home/airflow/.local/lib/python3.12/site-packages/airflow/example_dags/example_trigger_target_dag.py
[2025-07-30T17:10:02.609+0000] {logging_mixin.py:190} INFO - [2025-07-30T17:10:02.609+0000] {dag.py:3239} INFO - Sync 1 DAGs
[2025-07-30T17:10:02.626+0000] {logging_mixin.py:190} INFO - [2025-07-30T17:10:02.625+0000] {dag.py:4180} INFO - Setting next_dagrun for example_trigger_target_dag to None, run_after=None
[2025-07-30T17:10:02.641+0000] {processor.py:208} INFO - Processing /home/airflow/.local/lib/python3.12/site-packages/airflow/example_dags/example_trigger_target_dag.py took 0.102 seconds
[2025-07-30T17:10:33.469+0000] {processor.py:186} INFO - Started process (PID=5883) to work on /home/airflow/.local/lib/python3.12/site-packages/airflow/example_dags/example_trigger_target_dag.py
[2025-07-30T17:10:33.469+0000] {processor.py:914} INFO - Processing file /home/airflow/.local/lib/python3.12/site-packages/airflow/example_dags/example_trigger_target_dag.py for tasks to queue
[2025-07-30T17:10:33.472+0000] {logging_mixin.py:190} INFO - [2025-07-30T17:10:33.471+0000] {dagbag.py:588} INFO - Filling up the DagBag from /home/airflow/.local/lib/python3.12/site-packages/airflow/example_dags/example_trigger_target_dag.py
[2025-07-30T17:10:33.480+0000] {processor.py:925} INFO - DAG(s) 'example_trigger_target_dag' retrieved from /home/airflow/.local/lib/python3.12/site-packages/airflow/example_dags/example_trigger_target_dag.py
[2025-07-30T17:10:33.500+0000] {logging_mixin.py:190} INFO - [2025-07-30T17:10:33.500+0000] {dag.py:3239} INFO - Sync 1 DAGs
[2025-07-30T17:10:33.521+0000] {logging_mixin.py:190} INFO - [2025-07-30T17:10:33.521+0000] {dag.py:4180} INFO - Setting next_dagrun for example_trigger_target_dag to None, run_after=None
[2025-07-30T17:10:33.542+0000] {processor.py:208} INFO - Processing /home/airflow/.local/lib/python3.12/site-packages/airflow/example_dags/example_trigger_target_dag.py took 0.079 seconds
[2025-07-30T17:11:04.012+0000] {processor.py:186} INFO - Started process (PID=6189) to work on /home/airflow/.local/lib/python3.12/site-packages/airflow/example_dags/example_trigger_target_dag.py
[2025-07-30T17:11:04.012+0000] {processor.py:914} INFO - Processing file /home/airflow/.local/lib/python3.12/site-packages/airflow/example_dags/example_trigger_target_dag.py for tasks to queue
[2025-07-30T17:11:04.015+0000] {logging_mixin.py:190} INFO - [2025-07-30T17:11:04.015+0000] {dagbag.py:588} INFO - Filling up the DagBag from /home/airflow/.local/lib/python3.12/site-packages/airflow/example_dags/example_trigger_target_dag.py
[2025-07-30T17:11:04.027+0000] {processor.py:925} INFO - DAG(s) 'example_trigger_target_dag' retrieved from /home/airflow/.local/lib/python3.12/site-packages/airflow/example_dags/example_trigger_target_dag.py
[2025-07-30T17:11:04.048+0000] {logging_mixin.py:190} INFO - [2025-07-30T17:11:04.048+0000] {dag.py:3239} INFO - Sync 1 DAGs
[2025-07-30T17:11:04.065+0000] {logging_mixin.py:190} INFO - [2025-07-30T17:11:04.065+0000] {dag.py:4180} INFO - Setting next_dagrun for example_trigger_target_dag to None, run_after=None
[2025-07-30T17:11:04.082+0000] {processor.py:208} INFO - Processing /home/airflow/.local/lib/python3.12/site-packages/airflow/example_dags/example_trigger_target_dag.py took 0.079 seconds
[2025-07-30T17:11:34.816+0000] {processor.py:186} INFO - Started process (PID=6495) to work on /home/airflow/.local/lib/python3.12/site-packages/airflow/example_dags/example_trigger_target_dag.py
[2025-07-30T17:11:34.817+0000] {processor.py:914} INFO - Processing file /home/airflow/.local/lib/python3.12/site-packages/airflow/example_dags/example_trigger_target_dag.py for tasks to queue
[2025-07-30T17:11:34.819+0000] {logging_mixin.py:190} INFO - [2025-07-30T17:11:34.819+0000] {dagbag.py:588} INFO - Filling up the DagBag from /home/airflow/.local/lib/python3.12/site-packages/airflow/example_dags/example_trigger_target_dag.py
[2025-07-30T17:11:34.827+0000] {processor.py:925} INFO - DAG(s) 'example_trigger_target_dag' retrieved from /home/airflow/.local/lib/python3.12/site-packages/airflow/example_dags/example_trigger_target_dag.py
[2025-07-30T17:11:34.847+0000] {logging_mixin.py:190} INFO - [2025-07-30T17:11:34.847+0000] {dag.py:3239} INFO - Sync 1 DAGs
[2025-07-30T17:11:34.865+0000] {logging_mixin.py:190} INFO - [2025-07-30T17:11:34.865+0000] {dag.py:4180} INFO - Setting next_dagrun for example_trigger_target_dag to None, run_after=None
[2025-07-30T17:11:34.882+0000] {processor.py:208} INFO - Processing /home/airflow/.local/lib/python3.12/site-packages/airflow/example_dags/example_trigger_target_dag.py took 0.073 seconds
[2025-07-30T17:12:05.004+0000] {processor.py:186} INFO - Started process (PID=6801) to work on /home/airflow/.local/lib/python3.12/site-packages/airflow/example_dags/example_trigger_target_dag.py
[2025-07-30T17:12:05.005+0000] {processor.py:914} INFO - Processing file /home/airflow/.local/lib/python3.12/site-packages/airflow/example_dags/example_trigger_target_dag.py for tasks to queue
[2025-07-30T17:12:05.008+0000] {logging_mixin.py:190} INFO - [2025-07-30T17:12:05.007+0000] {dagbag.py:588} INFO - Filling up the DagBag from /home/airflow/.local/lib/python3.12/site-packages/airflow/example_dags/example_trigger_target_dag.py
[2025-07-30T17:12:05.016+0000] {processor.py:925} INFO - DAG(s) 'example_trigger_target_dag' retrieved from /home/airflow/.local/lib/python3.12/site-packages/airflow/example_dags/example_trigger_target_dag.py
[2025-07-30T17:12:05.037+0000] {logging_mixin.py:190} INFO - [2025-07-30T17:12:05.036+0000] {dag.py:3239} INFO - Sync 1 DAGs
[2025-07-30T17:12:05.053+0000] {logging_mixin.py:190} INFO - [2025-07-30T17:12:05.053+0000] {dag.py:4180} INFO - Setting next_dagrun for example_trigger_target_dag to None, run_after=None
[2025-07-30T17:12:05.072+0000] {processor.py:208} INFO - Processing /home/airflow/.local/lib/python3.12/site-packages/airflow/example_dags/example_trigger_target_dag.py took 0.074 seconds
[2025-07-30T17:12:35.151+0000] {processor.py:186} INFO - Started process (PID=7107) to work on /home/airflow/.local/lib/python3.12/site-packages/airflow/example_dags/example_trigger_target_dag.py
[2025-07-30T17:12:35.153+0000] {processor.py:914} INFO - Processing file /home/airflow/.local/lib/python3.12/site-packages/airflow/example_dags/example_trigger_target_dag.py for tasks to queue
[2025-07-30T17:12:35.155+0000] {logging_mixin.py:190} INFO - [2025-07-30T17:12:35.155+0000] {dagbag.py:588} INFO - Filling up the DagBag from /home/airflow/.local/lib/python3.12/site-packages/airflow/example_dags/example_trigger_target_dag.py
[2025-07-30T17:12:35.163+0000] {processor.py:925} INFO - DAG(s) 'example_trigger_target_dag' retrieved from /home/airflow/.local/lib/python3.12/site-packages/airflow/example_dags/example_trigger_target_dag.py
[2025-07-30T17:12:35.183+0000] {logging_mixin.py:190} INFO - [2025-07-30T17:12:35.183+0000] {dag.py:3239} INFO - Sync 1 DAGs
[2025-07-30T17:12:35.201+0000] {logging_mixin.py:190} INFO - [2025-07-30T17:12:35.200+0000] {dag.py:4180} INFO - Setting next_dagrun for example_trigger_target_dag to None, run_after=None
[2025-07-30T17:12:35.222+0000] {processor.py:208} INFO - Processing /home/airflow/.local/lib/python3.12/site-packages/airflow/example_dags/example_trigger_target_dag.py took 0.076 seconds
[2025-07-30T17:13:05.835+0000] {processor.py:186} INFO - Started process (PID=7413) to work on /home/airflow/.local/lib/python3.12/site-packages/airflow/example_dags/example_trigger_target_dag.py
[2025-07-30T17:13:05.836+0000] {processor.py:914} INFO - Processing file /home/airflow/.local/lib/python3.12/site-packages/airflow/example_dags/example_trigger_target_dag.py for tasks to queue
[2025-07-30T17:13:05.839+0000] {logging_mixin.py:190} INFO - [2025-07-30T17:13:05.838+0000] {dagbag.py:588} INFO - Filling up the DagBag from /home/airflow/.local/lib/python3.12/site-packages/airflow/example_dags/example_trigger_target_dag.py
[2025-07-30T17:13:05.847+0000] {processor.py:925} INFO - DAG(s) 'example_trigger_target_dag' retrieved from /home/airflow/.local/lib/python3.12/site-packages/airflow/example_dags/example_trigger_target_dag.py
[2025-07-30T17:13:05.867+0000] {logging_mixin.py:190} INFO - [2025-07-30T17:13:05.867+0000] {dag.py:3239} INFO - Sync 1 DAGs
[2025-07-30T17:13:05.887+0000] {logging_mixin.py:190} INFO - [2025-07-30T17:13:05.885+0000] {dag.py:4180} INFO - Setting next_dagrun for example_trigger_target_dag to None, run_after=None
[2025-07-30T17:13:05.907+0000] {processor.py:208} INFO - Processing /home/airflow/.local/lib/python3.12/site-packages/airflow/example_dags/example_trigger_target_dag.py took 0.078 seconds
