[2025-07-30T17:01:16.433+0000] {processor.py:186} INFO - Started process (PID=292) to work on /home/airflow/.local/lib/python3.12/site-packages/airflow/example_dags/example_display_name.py
[2025-07-30T17:01:16.435+0000] {processor.py:914} INFO - Processing file /home/airflow/.local/lib/python3.12/site-packages/airflow/example_dags/example_display_name.py for tasks to queue
[2025-07-30T17:01:16.440+0000] {logging_mixin.py:190} INFO - [2025-07-30T17:01:16.440+0000] {dagbag.py:588} INFO - Filling up the DagBag from /home/airflow/.local/lib/python3.12/site-packages/airflow/example_dags/example_display_name.py
[2025-07-30T17:01:16.468+0000] {processor.py:925} INFO - DAG(s) 'example_display_name' retrieved from /home/airflow/.local/lib/python3.12/site-packages/airflow/example_dags/example_display_name.py
[2025-07-30T17:01:16.683+0000] {logging_mixin.py:190} INFO - [2025-07-30T17:01:16.683+0000] {override.py:1911} INFO - Created Permission View: can read on DAG:example_display_name
[2025-07-30T17:01:16.699+0000] {logging_mixin.py:190} INFO - [2025-07-30T17:01:16.699+0000] {override.py:1911} INFO - Created Permission View: can delete on DAG:example_display_name
[2025-07-30T17:01:16.727+0000] {logging_mixin.py:190} INFO - [2025-07-30T17:01:16.727+0000] {override.py:1911} INFO - Created Permission View: can edit on DAG:example_display_name
[2025-07-30T17:01:16.746+0000] {logging_mixin.py:190} INFO - [2025-07-30T17:01:16.746+0000] {override.py:1911} INFO - Created Permission View: can read on DAG Run:example_display_name
[2025-07-30T17:01:16.771+0000] {logging_mixin.py:190} INFO - [2025-07-30T17:01:16.769+0000] {override.py:1911} INFO - Created Permission View: menu access on DAG Run:example_display_name
[2025-07-30T17:01:16.787+0000] {logging_mixin.py:190} INFO - [2025-07-30T17:01:16.787+0000] {override.py:1911} INFO - Created Permission View: can delete on DAG Run:example_display_name
[2025-07-30T17:01:16.808+0000] {logging_mixin.py:190} INFO - [2025-07-30T17:01:16.808+0000] {override.py:1911} INFO - Created Permission View: can create on DAG Run:example_display_name
[2025-07-30T17:01:16.809+0000] {logging_mixin.py:190} INFO - [2025-07-30T17:01:16.809+0000] {dag.py:3239} INFO - Sync 1 DAGs
[2025-07-30T17:01:16.865+0000] {logging_mixin.py:190} INFO - [2025-07-30T17:01:16.865+0000] {dag.py:3262} INFO - Creating ORM DAG for example_display_name
[2025-07-30T17:01:16.866+0000] {logging_mixin.py:190} INFO - [2025-07-30T17:01:16.866+0000] {dag.py:4180} INFO - Setting next_dagrun for example_display_name to None, run_after=None
[2025-07-30T17:01:16.921+0000] {processor.py:208} INFO - Processing /home/airflow/.local/lib/python3.12/site-packages/airflow/example_dags/example_display_name.py took 0.501 seconds
[2025-07-30T17:01:47.013+0000] {processor.py:186} INFO - Started process (PID=594) to work on /home/airflow/.local/lib/python3.12/site-packages/airflow/example_dags/example_display_name.py
[2025-07-30T17:01:47.014+0000] {processor.py:914} INFO - Processing file /home/airflow/.local/lib/python3.12/site-packages/airflow/example_dags/example_display_name.py for tasks to queue
[2025-07-30T17:01:47.015+0000] {logging_mixin.py:190} INFO - [2025-07-30T17:01:47.015+0000] {dagbag.py:588} INFO - Filling up the DagBag from /home/airflow/.local/lib/python3.12/site-packages/airflow/example_dags/example_display_name.py
[2025-07-30T17:01:47.021+0000] {processor.py:925} INFO - DAG(s) 'example_display_name' retrieved from /home/airflow/.local/lib/python3.12/site-packages/airflow/example_dags/example_display_name.py
[2025-07-30T17:01:47.035+0000] {logging_mixin.py:190} INFO - [2025-07-30T17:01:47.035+0000] {dag.py:3239} INFO - Sync 1 DAGs
[2025-07-30T17:01:47.046+0000] {logging_mixin.py:190} INFO - [2025-07-30T17:01:47.046+0000] {dag.py:4180} INFO - Setting next_dagrun for example_display_name to None, run_after=None
[2025-07-30T17:01:47.061+0000] {processor.py:208} INFO - Processing /home/airflow/.local/lib/python3.12/site-packages/airflow/example_dags/example_display_name.py took 0.053 seconds
[2025-07-30T17:02:17.506+0000] {processor.py:186} INFO - Started process (PID=897) to work on /home/airflow/.local/lib/python3.12/site-packages/airflow/example_dags/example_display_name.py
[2025-07-30T17:02:17.508+0000] {processor.py:914} INFO - Processing file /home/airflow/.local/lib/python3.12/site-packages/airflow/example_dags/example_display_name.py for tasks to queue
[2025-07-30T17:02:17.512+0000] {logging_mixin.py:190} INFO - [2025-07-30T17:02:17.511+0000] {dagbag.py:588} INFO - Filling up the DagBag from /home/airflow/.local/lib/python3.12/site-packages/airflow/example_dags/example_display_name.py
[2025-07-30T17:02:17.520+0000] {processor.py:925} INFO - DAG(s) 'example_display_name' retrieved from /home/airflow/.local/lib/python3.12/site-packages/airflow/example_dags/example_display_name.py
[2025-07-30T17:02:17.539+0000] {logging_mixin.py:190} INFO - [2025-07-30T17:02:17.538+0000] {dag.py:3239} INFO - Sync 1 DAGs
[2025-07-30T17:02:17.558+0000] {logging_mixin.py:190} INFO - [2025-07-30T17:02:17.557+0000] {dag.py:4180} INFO - Setting next_dagrun for example_display_name to None, run_after=None
[2025-07-30T17:02:17.593+0000] {processor.py:208} INFO - Processing /home/airflow/.local/lib/python3.12/site-packages/airflow/example_dags/example_display_name.py took 0.095 seconds
[2025-07-30T17:02:48.278+0000] {processor.py:186} INFO - Started process (PID=1203) to work on /home/airflow/.local/lib/python3.12/site-packages/airflow/example_dags/example_display_name.py
[2025-07-30T17:02:48.280+0000] {processor.py:914} INFO - Processing file /home/airflow/.local/lib/python3.12/site-packages/airflow/example_dags/example_display_name.py for tasks to queue
[2025-07-30T17:02:48.285+0000] {logging_mixin.py:190} INFO - [2025-07-30T17:02:48.284+0000] {dagbag.py:588} INFO - Filling up the DagBag from /home/airflow/.local/lib/python3.12/site-packages/airflow/example_dags/example_display_name.py
[2025-07-30T17:02:48.300+0000] {processor.py:925} INFO - DAG(s) 'example_display_name' retrieved from /home/airflow/.local/lib/python3.12/site-packages/airflow/example_dags/example_display_name.py
[2025-07-30T17:02:48.339+0000] {logging_mixin.py:190} INFO - [2025-07-30T17:02:48.338+0000] {dag.py:3239} INFO - Sync 1 DAGs
[2025-07-30T17:02:48.364+0000] {logging_mixin.py:190} INFO - [2025-07-30T17:02:48.364+0000] {dag.py:4180} INFO - Setting next_dagrun for example_display_name to None, run_after=None
[2025-07-30T17:02:48.382+0000] {processor.py:208} INFO - Processing /home/airflow/.local/lib/python3.12/site-packages/airflow/example_dags/example_display_name.py took 0.111 seconds
[2025-07-30T17:03:18.773+0000] {processor.py:186} INFO - Started process (PID=1509) to work on /home/airflow/.local/lib/python3.12/site-packages/airflow/example_dags/example_display_name.py
[2025-07-30T17:03:18.774+0000] {processor.py:914} INFO - Processing file /home/airflow/.local/lib/python3.12/site-packages/airflow/example_dags/example_display_name.py for tasks to queue
[2025-07-30T17:03:18.776+0000] {logging_mixin.py:190} INFO - [2025-07-30T17:03:18.776+0000] {dagbag.py:588} INFO - Filling up the DagBag from /home/airflow/.local/lib/python3.12/site-packages/airflow/example_dags/example_display_name.py
[2025-07-30T17:03:18.785+0000] {processor.py:925} INFO - DAG(s) 'example_display_name' retrieved from /home/airflow/.local/lib/python3.12/site-packages/airflow/example_dags/example_display_name.py
[2025-07-30T17:03:18.807+0000] {logging_mixin.py:190} INFO - [2025-07-30T17:03:18.807+0000] {dag.py:3239} INFO - Sync 1 DAGs
[2025-07-30T17:03:18.824+0000] {logging_mixin.py:190} INFO - [2025-07-30T17:03:18.824+0000] {dag.py:4180} INFO - Setting next_dagrun for example_display_name to None, run_after=None
[2025-07-30T17:03:18.842+0000] {processor.py:208} INFO - Processing /home/airflow/.local/lib/python3.12/site-packages/airflow/example_dags/example_display_name.py took 0.077 seconds
[2025-07-30T17:03:48.978+0000] {processor.py:186} INFO - Started process (PID=1815) to work on /home/airflow/.local/lib/python3.12/site-packages/airflow/example_dags/example_display_name.py
[2025-07-30T17:03:48.979+0000] {processor.py:914} INFO - Processing file /home/airflow/.local/lib/python3.12/site-packages/airflow/example_dags/example_display_name.py for tasks to queue
[2025-07-30T17:03:48.982+0000] {logging_mixin.py:190} INFO - [2025-07-30T17:03:48.982+0000] {dagbag.py:588} INFO - Filling up the DagBag from /home/airflow/.local/lib/python3.12/site-packages/airflow/example_dags/example_display_name.py
[2025-07-30T17:03:48.990+0000] {processor.py:925} INFO - DAG(s) 'example_display_name' retrieved from /home/airflow/.local/lib/python3.12/site-packages/airflow/example_dags/example_display_name.py
[2025-07-30T17:03:49.010+0000] {logging_mixin.py:190} INFO - [2025-07-30T17:03:49.010+0000] {dag.py:3239} INFO - Sync 1 DAGs
[2025-07-30T17:03:49.026+0000] {logging_mixin.py:190} INFO - [2025-07-30T17:03:49.026+0000] {dag.py:4180} INFO - Setting next_dagrun for example_display_name to None, run_after=None
[2025-07-30T17:03:49.046+0000] {processor.py:208} INFO - Processing /home/airflow/.local/lib/python3.12/site-packages/airflow/example_dags/example_display_name.py took 0.075 seconds
[2025-07-30T17:04:20.089+0000] {processor.py:186} INFO - Started process (PID=2121) to work on /home/airflow/.local/lib/python3.12/site-packages/airflow/example_dags/example_display_name.py
[2025-07-30T17:04:20.090+0000] {processor.py:914} INFO - Processing file /home/airflow/.local/lib/python3.12/site-packages/airflow/example_dags/example_display_name.py for tasks to queue
[2025-07-30T17:04:20.093+0000] {logging_mixin.py:190} INFO - [2025-07-30T17:04:20.093+0000] {dagbag.py:588} INFO - Filling up the DagBag from /home/airflow/.local/lib/python3.12/site-packages/airflow/example_dags/example_display_name.py
[2025-07-30T17:04:20.101+0000] {processor.py:925} INFO - DAG(s) 'example_display_name' retrieved from /home/airflow/.local/lib/python3.12/site-packages/airflow/example_dags/example_display_name.py
[2025-07-30T17:04:20.121+0000] {logging_mixin.py:190} INFO - [2025-07-30T17:04:20.121+0000] {dag.py:3239} INFO - Sync 1 DAGs
[2025-07-30T17:04:20.136+0000] {logging_mixin.py:190} INFO - [2025-07-30T17:04:20.136+0000] {dag.py:4180} INFO - Setting next_dagrun for example_display_name to None, run_after=None
[2025-07-30T17:04:20.191+0000] {processor.py:208} INFO - Processing /home/airflow/.local/lib/python3.12/site-packages/airflow/example_dags/example_display_name.py took 0.107 seconds
[2025-07-30T17:04:50.798+0000] {processor.py:186} INFO - Started process (PID=2427) to work on /home/airflow/.local/lib/python3.12/site-packages/airflow/example_dags/example_display_name.py
[2025-07-30T17:04:50.800+0000] {processor.py:914} INFO - Processing file /home/airflow/.local/lib/python3.12/site-packages/airflow/example_dags/example_display_name.py for tasks to queue
[2025-07-30T17:04:50.803+0000] {logging_mixin.py:190} INFO - [2025-07-30T17:04:50.802+0000] {dagbag.py:588} INFO - Filling up the DagBag from /home/airflow/.local/lib/python3.12/site-packages/airflow/example_dags/example_display_name.py
[2025-07-30T17:04:50.811+0000] {processor.py:925} INFO - DAG(s) 'example_display_name' retrieved from /home/airflow/.local/lib/python3.12/site-packages/airflow/example_dags/example_display_name.py
[2025-07-30T17:04:50.829+0000] {logging_mixin.py:190} INFO - [2025-07-30T17:04:50.829+0000] {dag.py:3239} INFO - Sync 1 DAGs
[2025-07-30T17:04:50.844+0000] {logging_mixin.py:190} INFO - [2025-07-30T17:04:50.844+0000] {dag.py:4180} INFO - Setting next_dagrun for example_display_name to None, run_after=None
[2025-07-30T17:04:50.863+0000] {processor.py:208} INFO - Processing /home/airflow/.local/lib/python3.12/site-packages/airflow/example_dags/example_display_name.py took 0.073 seconds
[2025-07-30T17:05:21.566+0000] {processor.py:186} INFO - Started process (PID=2733) to work on /home/airflow/.local/lib/python3.12/site-packages/airflow/example_dags/example_display_name.py
[2025-07-30T17:05:21.567+0000] {processor.py:914} INFO - Processing file /home/airflow/.local/lib/python3.12/site-packages/airflow/example_dags/example_display_name.py for tasks to queue
[2025-07-30T17:05:21.570+0000] {logging_mixin.py:190} INFO - [2025-07-30T17:05:21.570+0000] {dagbag.py:588} INFO - Filling up the DagBag from /home/airflow/.local/lib/python3.12/site-packages/airflow/example_dags/example_display_name.py
[2025-07-30T17:05:21.578+0000] {processor.py:925} INFO - DAG(s) 'example_display_name' retrieved from /home/airflow/.local/lib/python3.12/site-packages/airflow/example_dags/example_display_name.py
[2025-07-30T17:05:21.599+0000] {logging_mixin.py:190} INFO - [2025-07-30T17:05:21.598+0000] {dag.py:3239} INFO - Sync 1 DAGs
[2025-07-30T17:05:21.615+0000] {logging_mixin.py:190} INFO - [2025-07-30T17:05:21.615+0000] {dag.py:4180} INFO - Setting next_dagrun for example_display_name to None, run_after=None
[2025-07-30T17:05:21.637+0000] {processor.py:208} INFO - Processing /home/airflow/.local/lib/python3.12/site-packages/airflow/example_dags/example_display_name.py took 0.077 seconds
[2025-07-30T17:05:52.033+0000] {processor.py:186} INFO - Started process (PID=3039) to work on /home/airflow/.local/lib/python3.12/site-packages/airflow/example_dags/example_display_name.py
[2025-07-30T17:05:52.034+0000] {processor.py:914} INFO - Processing file /home/airflow/.local/lib/python3.12/site-packages/airflow/example_dags/example_display_name.py for tasks to queue
[2025-07-30T17:05:52.037+0000] {logging_mixin.py:190} INFO - [2025-07-30T17:05:52.036+0000] {dagbag.py:588} INFO - Filling up the DagBag from /home/airflow/.local/lib/python3.12/site-packages/airflow/example_dags/example_display_name.py
[2025-07-30T17:05:52.045+0000] {processor.py:925} INFO - DAG(s) 'example_display_name' retrieved from /home/airflow/.local/lib/python3.12/site-packages/airflow/example_dags/example_display_name.py
[2025-07-30T17:05:52.063+0000] {logging_mixin.py:190} INFO - [2025-07-30T17:05:52.063+0000] {dag.py:3239} INFO - Sync 1 DAGs
[2025-07-30T17:05:52.079+0000] {logging_mixin.py:190} INFO - [2025-07-30T17:05:52.079+0000] {dag.py:4180} INFO - Setting next_dagrun for example_display_name to None, run_after=None
[2025-07-30T17:05:52.102+0000] {processor.py:208} INFO - Processing /home/airflow/.local/lib/python3.12/site-packages/airflow/example_dags/example_display_name.py took 0.076 seconds
[2025-07-30T17:06:22.973+0000] {processor.py:186} INFO - Started process (PID=3345) to work on /home/airflow/.local/lib/python3.12/site-packages/airflow/example_dags/example_display_name.py
[2025-07-30T17:06:22.973+0000] {processor.py:914} INFO - Processing file /home/airflow/.local/lib/python3.12/site-packages/airflow/example_dags/example_display_name.py for tasks to queue
[2025-07-30T17:06:22.976+0000] {logging_mixin.py:190} INFO - [2025-07-30T17:06:22.975+0000] {dagbag.py:588} INFO - Filling up the DagBag from /home/airflow/.local/lib/python3.12/site-packages/airflow/example_dags/example_display_name.py
[2025-07-30T17:06:22.984+0000] {processor.py:925} INFO - DAG(s) 'example_display_name' retrieved from /home/airflow/.local/lib/python3.12/site-packages/airflow/example_dags/example_display_name.py
[2025-07-30T17:06:23.002+0000] {logging_mixin.py:190} INFO - [2025-07-30T17:06:23.002+0000] {dag.py:3239} INFO - Sync 1 DAGs
[2025-07-30T17:06:23.019+0000] {logging_mixin.py:190} INFO - [2025-07-30T17:06:23.019+0000] {dag.py:4180} INFO - Setting next_dagrun for example_display_name to None, run_after=None
[2025-07-30T17:06:23.037+0000] {processor.py:208} INFO - Processing /home/airflow/.local/lib/python3.12/site-packages/airflow/example_dags/example_display_name.py took 0.070 seconds
[2025-07-30T17:06:53.887+0000] {processor.py:186} INFO - Started process (PID=3651) to work on /home/airflow/.local/lib/python3.12/site-packages/airflow/example_dags/example_display_name.py
[2025-07-30T17:06:53.888+0000] {processor.py:914} INFO - Processing file /home/airflow/.local/lib/python3.12/site-packages/airflow/example_dags/example_display_name.py for tasks to queue
[2025-07-30T17:06:53.891+0000] {logging_mixin.py:190} INFO - [2025-07-30T17:06:53.890+0000] {dagbag.py:588} INFO - Filling up the DagBag from /home/airflow/.local/lib/python3.12/site-packages/airflow/example_dags/example_display_name.py
[2025-07-30T17:06:53.898+0000] {processor.py:925} INFO - DAG(s) 'example_display_name' retrieved from /home/airflow/.local/lib/python3.12/site-packages/airflow/example_dags/example_display_name.py
[2025-07-30T17:06:53.919+0000] {logging_mixin.py:190} INFO - [2025-07-30T17:06:53.919+0000] {dag.py:3239} INFO - Sync 1 DAGs
[2025-07-30T17:06:53.935+0000] {logging_mixin.py:190} INFO - [2025-07-30T17:06:53.935+0000] {dag.py:4180} INFO - Setting next_dagrun for example_display_name to None, run_after=None
[2025-07-30T17:06:53.952+0000] {processor.py:208} INFO - Processing /home/airflow/.local/lib/python3.12/site-packages/airflow/example_dags/example_display_name.py took 0.072 seconds
[2025-07-30T17:07:24.187+0000] {processor.py:186} INFO - Started process (PID=3957) to work on /home/airflow/.local/lib/python3.12/site-packages/airflow/example_dags/example_display_name.py
[2025-07-30T17:07:24.187+0000] {processor.py:914} INFO - Processing file /home/airflow/.local/lib/python3.12/site-packages/airflow/example_dags/example_display_name.py for tasks to queue
[2025-07-30T17:07:24.190+0000] {logging_mixin.py:190} INFO - [2025-07-30T17:07:24.190+0000] {dagbag.py:588} INFO - Filling up the DagBag from /home/airflow/.local/lib/python3.12/site-packages/airflow/example_dags/example_display_name.py
[2025-07-30T17:07:24.198+0000] {processor.py:925} INFO - DAG(s) 'example_display_name' retrieved from /home/airflow/.local/lib/python3.12/site-packages/airflow/example_dags/example_display_name.py
[2025-07-30T17:07:24.216+0000] {logging_mixin.py:190} INFO - [2025-07-30T17:07:24.216+0000] {dag.py:3239} INFO - Sync 1 DAGs
[2025-07-30T17:07:24.233+0000] {logging_mixin.py:190} INFO - [2025-07-30T17:07:24.233+0000] {dag.py:4180} INFO - Setting next_dagrun for example_display_name to None, run_after=None
[2025-07-30T17:07:24.251+0000] {processor.py:208} INFO - Processing /home/airflow/.local/lib/python3.12/site-packages/airflow/example_dags/example_display_name.py took 0.070 seconds
[2025-07-30T17:07:54.854+0000] {processor.py:186} INFO - Started process (PID=4263) to work on /home/airflow/.local/lib/python3.12/site-packages/airflow/example_dags/example_display_name.py
[2025-07-30T17:07:54.855+0000] {processor.py:914} INFO - Processing file /home/airflow/.local/lib/python3.12/site-packages/airflow/example_dags/example_display_name.py for tasks to queue
[2025-07-30T17:07:54.858+0000] {logging_mixin.py:190} INFO - [2025-07-30T17:07:54.857+0000] {dagbag.py:588} INFO - Filling up the DagBag from /home/airflow/.local/lib/python3.12/site-packages/airflow/example_dags/example_display_name.py
[2025-07-30T17:07:54.866+0000] {processor.py:925} INFO - DAG(s) 'example_display_name' retrieved from /home/airflow/.local/lib/python3.12/site-packages/airflow/example_dags/example_display_name.py
[2025-07-30T17:07:54.886+0000] {logging_mixin.py:190} INFO - [2025-07-30T17:07:54.885+0000] {dag.py:3239} INFO - Sync 1 DAGs
[2025-07-30T17:07:54.903+0000] {logging_mixin.py:190} INFO - [2025-07-30T17:07:54.902+0000] {dag.py:4180} INFO - Setting next_dagrun for example_display_name to None, run_after=None
[2025-07-30T17:07:54.926+0000] {processor.py:208} INFO - Processing /home/airflow/.local/lib/python3.12/site-packages/airflow/example_dags/example_display_name.py took 0.077 seconds
[2025-07-30T17:08:25.194+0000] {processor.py:186} INFO - Started process (PID=4569) to work on /home/airflow/.local/lib/python3.12/site-packages/airflow/example_dags/example_display_name.py
[2025-07-30T17:08:25.195+0000] {processor.py:914} INFO - Processing file /home/airflow/.local/lib/python3.12/site-packages/airflow/example_dags/example_display_name.py for tasks to queue
[2025-07-30T17:08:25.198+0000] {logging_mixin.py:190} INFO - [2025-07-30T17:08:25.197+0000] {dagbag.py:588} INFO - Filling up the DagBag from /home/airflow/.local/lib/python3.12/site-packages/airflow/example_dags/example_display_name.py
[2025-07-30T17:08:25.205+0000] {processor.py:925} INFO - DAG(s) 'example_display_name' retrieved from /home/airflow/.local/lib/python3.12/site-packages/airflow/example_dags/example_display_name.py
[2025-07-30T17:08:25.223+0000] {logging_mixin.py:190} INFO - [2025-07-30T17:08:25.223+0000] {dag.py:3239} INFO - Sync 1 DAGs
[2025-07-30T17:08:25.240+0000] {logging_mixin.py:190} INFO - [2025-07-30T17:08:25.240+0000] {dag.py:4180} INFO - Setting next_dagrun for example_display_name to None, run_after=None
[2025-07-30T17:08:25.257+0000] {processor.py:208} INFO - Processing /home/airflow/.local/lib/python3.12/site-packages/airflow/example_dags/example_display_name.py took 0.069 seconds
[2025-07-30T17:08:55.377+0000] {processor.py:186} INFO - Started process (PID=4875) to work on /home/airflow/.local/lib/python3.12/site-packages/airflow/example_dags/example_display_name.py
[2025-07-30T17:08:55.378+0000] {processor.py:914} INFO - Processing file /home/airflow/.local/lib/python3.12/site-packages/airflow/example_dags/example_display_name.py for tasks to queue
[2025-07-30T17:08:55.380+0000] {logging_mixin.py:190} INFO - [2025-07-30T17:08:55.380+0000] {dagbag.py:588} INFO - Filling up the DagBag from /home/airflow/.local/lib/python3.12/site-packages/airflow/example_dags/example_display_name.py
[2025-07-30T17:08:55.389+0000] {processor.py:925} INFO - DAG(s) 'example_display_name' retrieved from /home/airflow/.local/lib/python3.12/site-packages/airflow/example_dags/example_display_name.py
[2025-07-30T17:08:55.408+0000] {logging_mixin.py:190} INFO - [2025-07-30T17:08:55.407+0000] {dag.py:3239} INFO - Sync 1 DAGs
[2025-07-30T17:08:55.424+0000] {logging_mixin.py:190} INFO - [2025-07-30T17:08:55.424+0000] {dag.py:4180} INFO - Setting next_dagrun for example_display_name to None, run_after=None
[2025-07-30T17:08:55.444+0000] {processor.py:208} INFO - Processing /home/airflow/.local/lib/python3.12/site-packages/airflow/example_dags/example_display_name.py took 0.079 seconds
[2025-07-30T17:09:26.232+0000] {processor.py:186} INFO - Started process (PID=5181) to work on /home/airflow/.local/lib/python3.12/site-packages/airflow/example_dags/example_display_name.py
[2025-07-30T17:09:26.233+0000] {processor.py:914} INFO - Processing file /home/airflow/.local/lib/python3.12/site-packages/airflow/example_dags/example_display_name.py for tasks to queue
[2025-07-30T17:09:26.235+0000] {logging_mixin.py:190} INFO - [2025-07-30T17:09:26.235+0000] {dagbag.py:588} INFO - Filling up the DagBag from /home/airflow/.local/lib/python3.12/site-packages/airflow/example_dags/example_display_name.py
[2025-07-30T17:09:26.244+0000] {processor.py:925} INFO - DAG(s) 'example_display_name' retrieved from /home/airflow/.local/lib/python3.12/site-packages/airflow/example_dags/example_display_name.py
[2025-07-30T17:09:26.263+0000] {logging_mixin.py:190} INFO - [2025-07-30T17:09:26.263+0000] {dag.py:3239} INFO - Sync 1 DAGs
[2025-07-30T17:09:26.279+0000] {logging_mixin.py:190} INFO - [2025-07-30T17:09:26.279+0000] {dag.py:4180} INFO - Setting next_dagrun for example_display_name to None, run_after=None
[2025-07-30T17:09:26.299+0000] {processor.py:208} INFO - Processing /home/airflow/.local/lib/python3.12/site-packages/airflow/example_dags/example_display_name.py took 0.078 seconds
[2025-07-30T17:09:56.470+0000] {processor.py:186} INFO - Started process (PID=5487) to work on /home/airflow/.local/lib/python3.12/site-packages/airflow/example_dags/example_display_name.py
[2025-07-30T17:09:56.471+0000] {processor.py:914} INFO - Processing file /home/airflow/.local/lib/python3.12/site-packages/airflow/example_dags/example_display_name.py for tasks to queue
[2025-07-30T17:09:56.473+0000] {logging_mixin.py:190} INFO - [2025-07-30T17:09:56.473+0000] {dagbag.py:588} INFO - Filling up the DagBag from /home/airflow/.local/lib/python3.12/site-packages/airflow/example_dags/example_display_name.py
[2025-07-30T17:09:56.481+0000] {processor.py:925} INFO - DAG(s) 'example_display_name' retrieved from /home/airflow/.local/lib/python3.12/site-packages/airflow/example_dags/example_display_name.py
[2025-07-30T17:09:56.500+0000] {logging_mixin.py:190} INFO - [2025-07-30T17:09:56.500+0000] {dag.py:3239} INFO - Sync 1 DAGs
[2025-07-30T17:09:56.516+0000] {logging_mixin.py:190} INFO - [2025-07-30T17:09:56.516+0000] {dag.py:4180} INFO - Setting next_dagrun for example_display_name to None, run_after=None
[2025-07-30T17:09:56.571+0000] {processor.py:208} INFO - Processing /home/airflow/.local/lib/python3.12/site-packages/airflow/example_dags/example_display_name.py took 0.109 seconds
[2025-07-30T17:10:27.335+0000] {processor.py:186} INFO - Started process (PID=5793) to work on /home/airflow/.local/lib/python3.12/site-packages/airflow/example_dags/example_display_name.py
[2025-07-30T17:10:27.337+0000] {processor.py:914} INFO - Processing file /home/airflow/.local/lib/python3.12/site-packages/airflow/example_dags/example_display_name.py for tasks to queue
[2025-07-30T17:10:27.339+0000] {logging_mixin.py:190} INFO - [2025-07-30T17:10:27.339+0000] {dagbag.py:588} INFO - Filling up the DagBag from /home/airflow/.local/lib/python3.12/site-packages/airflow/example_dags/example_display_name.py
[2025-07-30T17:10:27.347+0000] {processor.py:925} INFO - DAG(s) 'example_display_name' retrieved from /home/airflow/.local/lib/python3.12/site-packages/airflow/example_dags/example_display_name.py
[2025-07-30T17:10:27.366+0000] {logging_mixin.py:190} INFO - [2025-07-30T17:10:27.365+0000] {dag.py:3239} INFO - Sync 1 DAGs
[2025-07-30T17:10:27.383+0000] {logging_mixin.py:190} INFO - [2025-07-30T17:10:27.383+0000] {dag.py:4180} INFO - Setting next_dagrun for example_display_name to None, run_after=None
[2025-07-30T17:10:27.402+0000] {processor.py:208} INFO - Processing /home/airflow/.local/lib/python3.12/site-packages/airflow/example_dags/example_display_name.py took 0.073 seconds
[2025-07-30T17:10:57.985+0000] {processor.py:186} INFO - Started process (PID=6099) to work on /home/airflow/.local/lib/python3.12/site-packages/airflow/example_dags/example_display_name.py
[2025-07-30T17:10:57.986+0000] {processor.py:914} INFO - Processing file /home/airflow/.local/lib/python3.12/site-packages/airflow/example_dags/example_display_name.py for tasks to queue
[2025-07-30T17:10:57.989+0000] {logging_mixin.py:190} INFO - [2025-07-30T17:10:57.989+0000] {dagbag.py:588} INFO - Filling up the DagBag from /home/airflow/.local/lib/python3.12/site-packages/airflow/example_dags/example_display_name.py
[2025-07-30T17:10:57.998+0000] {processor.py:925} INFO - DAG(s) 'example_display_name' retrieved from /home/airflow/.local/lib/python3.12/site-packages/airflow/example_dags/example_display_name.py
[2025-07-30T17:10:58.018+0000] {logging_mixin.py:190} INFO - [2025-07-30T17:10:58.018+0000] {dag.py:3239} INFO - Sync 1 DAGs
[2025-07-30T17:10:58.035+0000] {logging_mixin.py:190} INFO - [2025-07-30T17:10:58.035+0000] {dag.py:4180} INFO - Setting next_dagrun for example_display_name to None, run_after=None
[2025-07-30T17:10:58.057+0000] {processor.py:208} INFO - Processing /home/airflow/.local/lib/python3.12/site-packages/airflow/example_dags/example_display_name.py took 0.078 seconds
[2025-07-30T17:11:28.654+0000] {processor.py:186} INFO - Started process (PID=6405) to work on /home/airflow/.local/lib/python3.12/site-packages/airflow/example_dags/example_display_name.py
[2025-07-30T17:11:28.655+0000] {processor.py:914} INFO - Processing file /home/airflow/.local/lib/python3.12/site-packages/airflow/example_dags/example_display_name.py for tasks to queue
[2025-07-30T17:11:28.657+0000] {logging_mixin.py:190} INFO - [2025-07-30T17:11:28.657+0000] {dagbag.py:588} INFO - Filling up the DagBag from /home/airflow/.local/lib/python3.12/site-packages/airflow/example_dags/example_display_name.py
[2025-07-30T17:11:28.665+0000] {processor.py:925} INFO - DAG(s) 'example_display_name' retrieved from /home/airflow/.local/lib/python3.12/site-packages/airflow/example_dags/example_display_name.py
[2025-07-30T17:11:28.686+0000] {logging_mixin.py:190} INFO - [2025-07-30T17:11:28.686+0000] {dag.py:3239} INFO - Sync 1 DAGs
[2025-07-30T17:11:28.703+0000] {logging_mixin.py:190} INFO - [2025-07-30T17:11:28.703+0000] {dag.py:4180} INFO - Setting next_dagrun for example_display_name to None, run_after=None
[2025-07-30T17:11:28.723+0000] {processor.py:208} INFO - Processing /home/airflow/.local/lib/python3.12/site-packages/airflow/example_dags/example_display_name.py took 0.075 seconds
[2025-07-30T17:11:58.897+0000] {processor.py:186} INFO - Started process (PID=6711) to work on /home/airflow/.local/lib/python3.12/site-packages/airflow/example_dags/example_display_name.py
[2025-07-30T17:11:58.898+0000] {processor.py:914} INFO - Processing file /home/airflow/.local/lib/python3.12/site-packages/airflow/example_dags/example_display_name.py for tasks to queue
[2025-07-30T17:11:58.901+0000] {logging_mixin.py:190} INFO - [2025-07-30T17:11:58.900+0000] {dagbag.py:588} INFO - Filling up the DagBag from /home/airflow/.local/lib/python3.12/site-packages/airflow/example_dags/example_display_name.py
[2025-07-30T17:11:58.908+0000] {processor.py:925} INFO - DAG(s) 'example_display_name' retrieved from /home/airflow/.local/lib/python3.12/site-packages/airflow/example_dags/example_display_name.py
[2025-07-30T17:11:58.928+0000] {logging_mixin.py:190} INFO - [2025-07-30T17:11:58.928+0000] {dag.py:3239} INFO - Sync 1 DAGs
[2025-07-30T17:11:58.945+0000] {logging_mixin.py:190} INFO - [2025-07-30T17:11:58.944+0000] {dag.py:4180} INFO - Setting next_dagrun for example_display_name to None, run_after=None
[2025-07-30T17:11:58.966+0000] {processor.py:208} INFO - Processing /home/airflow/.local/lib/python3.12/site-packages/airflow/example_dags/example_display_name.py took 0.075 seconds
[2025-07-30T17:12:29.165+0000] {processor.py:186} INFO - Started process (PID=7017) to work on /home/airflow/.local/lib/python3.12/site-packages/airflow/example_dags/example_display_name.py
[2025-07-30T17:12:29.166+0000] {processor.py:914} INFO - Processing file /home/airflow/.local/lib/python3.12/site-packages/airflow/example_dags/example_display_name.py for tasks to queue
[2025-07-30T17:12:29.169+0000] {logging_mixin.py:190} INFO - [2025-07-30T17:12:29.168+0000] {dagbag.py:588} INFO - Filling up the DagBag from /home/airflow/.local/lib/python3.12/site-packages/airflow/example_dags/example_display_name.py
[2025-07-30T17:12:29.176+0000] {processor.py:925} INFO - DAG(s) 'example_display_name' retrieved from /home/airflow/.local/lib/python3.12/site-packages/airflow/example_dags/example_display_name.py
[2025-07-30T17:12:29.197+0000] {logging_mixin.py:190} INFO - [2025-07-30T17:12:29.197+0000] {dag.py:3239} INFO - Sync 1 DAGs
[2025-07-30T17:12:29.245+0000] {logging_mixin.py:190} INFO - [2025-07-30T17:12:29.245+0000] {dag.py:4180} INFO - Setting next_dagrun for example_display_name to None, run_after=None
[2025-07-30T17:12:29.295+0000] {processor.py:208} INFO - Processing /home/airflow/.local/lib/python3.12/site-packages/airflow/example_dags/example_display_name.py took 0.136 seconds
[2025-07-30T17:12:59.836+0000] {processor.py:186} INFO - Started process (PID=7323) to work on /home/airflow/.local/lib/python3.12/site-packages/airflow/example_dags/example_display_name.py
[2025-07-30T17:12:59.837+0000] {processor.py:914} INFO - Processing file /home/airflow/.local/lib/python3.12/site-packages/airflow/example_dags/example_display_name.py for tasks to queue
[2025-07-30T17:12:59.839+0000] {logging_mixin.py:190} INFO - [2025-07-30T17:12:59.839+0000] {dagbag.py:588} INFO - Filling up the DagBag from /home/airflow/.local/lib/python3.12/site-packages/airflow/example_dags/example_display_name.py
[2025-07-30T17:12:59.847+0000] {processor.py:925} INFO - DAG(s) 'example_display_name' retrieved from /home/airflow/.local/lib/python3.12/site-packages/airflow/example_dags/example_display_name.py
[2025-07-30T17:12:59.866+0000] {logging_mixin.py:190} INFO - [2025-07-30T17:12:59.866+0000] {dag.py:3239} INFO - Sync 1 DAGs
[2025-07-30T17:12:59.885+0000] {logging_mixin.py:190} INFO - [2025-07-30T17:12:59.885+0000] {dag.py:4180} INFO - Setting next_dagrun for example_display_name to None, run_after=None
[2025-07-30T17:12:59.902+0000] {processor.py:208} INFO - Processing /home/airflow/.local/lib/python3.12/site-packages/airflow/example_dags/example_display_name.py took 0.072 seconds
