[2025-07-30T17:01:29.886+0000] {processor.py:186} INFO - Started process (PID=452) to work on /home/airflow/.local/lib/python3.12/site-packages/airflow/example_dags/example_branch_datetime_operator.py
[2025-07-30T17:01:29.887+0000] {processor.py:914} INFO - Processing file /home/airflow/.local/lib/python3.12/site-packages/airflow/example_dags/example_branch_datetime_operator.py for tasks to queue
[2025-07-30T17:01:29.889+0000] {logging_mixin.py:190} INFO - [2025-07-30T17:01:29.889+0000] {dagbag.py:588} INFO - Filling up the DagBag from /home/airflow/.local/lib/python3.12/site-packages/airflow/example_dags/example_branch_datetime_operator.py
[2025-07-30T17:01:29.905+0000] {processor.py:925} INFO - DAG(s) 'example_branch_datetime_operator', 'example_branch_datetime_operator_3', 'example_branch_datetime_operator_2' retrieved from /home/airflow/.local/lib/python3.12/site-packages/airflow/example_dags/example_branch_datetime_operator.py
[2025-07-30T17:01:30.153+0000] {logging_mixin.py:190} INFO - [2025-07-30T17:01:30.151+0000] {override.py:1911} INFO - Created Permission View: can read on DAG:example_branch_datetime_operator
[2025-07-30T17:01:30.177+0000] {logging_mixin.py:190} INFO - [2025-07-30T17:01:30.177+0000] {override.py:1911} INFO - Created Permission View: can delete on DAG:example_branch_datetime_operator
[2025-07-30T17:01:30.189+0000] {logging_mixin.py:190} INFO - [2025-07-30T17:01:30.188+0000] {override.py:1911} INFO - Created Permission View: can edit on DAG:example_branch_datetime_operator
[2025-07-30T17:01:30.210+0000] {logging_mixin.py:190} INFO - [2025-07-30T17:01:30.209+0000] {override.py:1911} INFO - Created Permission View: can read on DAG Run:example_branch_datetime_operator
[2025-07-30T17:01:30.230+0000] {logging_mixin.py:190} INFO - [2025-07-30T17:01:30.230+0000] {override.py:1911} INFO - Created Permission View: menu access on DAG Run:example_branch_datetime_operator
[2025-07-30T17:01:30.244+0000] {logging_mixin.py:190} INFO - [2025-07-30T17:01:30.244+0000] {override.py:1911} INFO - Created Permission View: can delete on DAG Run:example_branch_datetime_operator
[2025-07-30T17:01:30.255+0000] {logging_mixin.py:190} INFO - [2025-07-30T17:01:30.255+0000] {override.py:1911} INFO - Created Permission View: can create on DAG Run:example_branch_datetime_operator
[2025-07-30T17:01:30.301+0000] {logging_mixin.py:190} INFO - [2025-07-30T17:01:30.301+0000] {override.py:1911} INFO - Created Permission View: can read on DAG:example_branch_datetime_operator_3
[2025-07-30T17:01:30.324+0000] {logging_mixin.py:190} INFO - [2025-07-30T17:01:30.323+0000] {override.py:1911} INFO - Created Permission View: can delete on DAG:example_branch_datetime_operator_3
[2025-07-30T17:01:30.364+0000] {logging_mixin.py:190} INFO - [2025-07-30T17:01:30.363+0000] {override.py:1911} INFO - Created Permission View: can edit on DAG:example_branch_datetime_operator_3
[2025-07-30T17:01:30.444+0000] {logging_mixin.py:190} INFO - [2025-07-30T17:01:30.443+0000] {override.py:1911} INFO - Created Permission View: can read on DAG Run:example_branch_datetime_operator_3
[2025-07-30T17:01:30.474+0000] {logging_mixin.py:190} INFO - [2025-07-30T17:01:30.474+0000] {override.py:1911} INFO - Created Permission View: menu access on DAG Run:example_branch_datetime_operator_3
[2025-07-30T17:01:30.486+0000] {logging_mixin.py:190} INFO - [2025-07-30T17:01:30.486+0000] {override.py:1911} INFO - Created Permission View: can delete on DAG Run:example_branch_datetime_operator_3
[2025-07-30T17:01:30.492+0000] {logging_mixin.py:190} INFO - [2025-07-30T17:01:30.492+0000] {override.py:1911} INFO - Created Permission View: can create on DAG Run:example_branch_datetime_operator_3
[2025-07-30T17:01:30.507+0000] {logging_mixin.py:190} INFO - [2025-07-30T17:01:30.506+0000] {override.py:1911} INFO - Created Permission View: can read on DAG:example_branch_datetime_operator_2
[2025-07-30T17:01:30.518+0000] {logging_mixin.py:190} INFO - [2025-07-30T17:01:30.517+0000] {override.py:1911} INFO - Created Permission View: can delete on DAG:example_branch_datetime_operator_2
[2025-07-30T17:01:30.528+0000] {logging_mixin.py:190} INFO - [2025-07-30T17:01:30.527+0000] {override.py:1911} INFO - Created Permission View: can edit on DAG:example_branch_datetime_operator_2
[2025-07-30T17:01:30.541+0000] {logging_mixin.py:190} INFO - [2025-07-30T17:01:30.540+0000] {override.py:1911} INFO - Created Permission View: can read on DAG Run:example_branch_datetime_operator_2
[2025-07-30T17:01:30.554+0000] {logging_mixin.py:190} INFO - [2025-07-30T17:01:30.553+0000] {override.py:1911} INFO - Created Permission View: menu access on DAG Run:example_branch_datetime_operator_2
[2025-07-30T17:01:30.562+0000] {logging_mixin.py:190} INFO - [2025-07-30T17:01:30.562+0000] {override.py:1911} INFO - Created Permission View: can delete on DAG Run:example_branch_datetime_operator_2
[2025-07-30T17:01:30.574+0000] {logging_mixin.py:190} INFO - [2025-07-30T17:01:30.573+0000] {override.py:1911} INFO - Created Permission View: can create on DAG Run:example_branch_datetime_operator_2
[2025-07-30T17:01:30.574+0000] {logging_mixin.py:190} INFO - [2025-07-30T17:01:30.574+0000] {dag.py:3239} INFO - Sync 3 DAGs
[2025-07-30T17:01:30.603+0000] {logging_mixin.py:190} INFO - [2025-07-30T17:01:30.603+0000] {dag.py:3262} INFO - Creating ORM DAG for example_branch_datetime_operator_3
[2025-07-30T17:01:30.606+0000] {logging_mixin.py:190} INFO - [2025-07-30T17:01:30.605+0000] {dag.py:3262} INFO - Creating ORM DAG for example_branch_datetime_operator
[2025-07-30T17:01:30.606+0000] {logging_mixin.py:190} INFO - [2025-07-30T17:01:30.606+0000] {dag.py:3262} INFO - Creating ORM DAG for example_branch_datetime_operator_2
[2025-07-30T17:01:30.628+0000] {logging_mixin.py:190} INFO - [2025-07-30T17:01:30.627+0000] {dag.py:4180} INFO - Setting next_dagrun for example_branch_datetime_operator to 2025-07-29 00:00:00+00:00, run_after=2025-07-30 00:00:00+00:00
[2025-07-30T17:01:30.632+0000] {logging_mixin.py:190} INFO - [2025-07-30T17:01:30.631+0000] {dag.py:4180} INFO - Setting next_dagrun for example_branch_datetime_operator_2 to 2025-07-29 00:00:00+00:00, run_after=2025-07-30 00:00:00+00:00
[2025-07-30T17:01:30.635+0000] {logging_mixin.py:190} INFO - [2025-07-30T17:01:30.635+0000] {dag.py:4180} INFO - Setting next_dagrun for example_branch_datetime_operator_3 to 2025-07-29 00:00:00+00:00, run_after=2025-07-30 00:00:00+00:00
[2025-07-30T17:01:30.659+0000] {processor.py:208} INFO - Processing /home/airflow/.local/lib/python3.12/site-packages/airflow/example_dags/example_branch_datetime_operator.py took 0.783 seconds
[2025-07-30T17:02:01.126+0000] {processor.py:186} INFO - Started process (PID=759) to work on /home/airflow/.local/lib/python3.12/site-packages/airflow/example_dags/example_branch_datetime_operator.py
[2025-07-30T17:02:01.127+0000] {processor.py:914} INFO - Processing file /home/airflow/.local/lib/python3.12/site-packages/airflow/example_dags/example_branch_datetime_operator.py for tasks to queue
[2025-07-30T17:02:01.129+0000] {logging_mixin.py:190} INFO - [2025-07-30T17:02:01.129+0000] {dagbag.py:588} INFO - Filling up the DagBag from /home/airflow/.local/lib/python3.12/site-packages/airflow/example_dags/example_branch_datetime_operator.py
[2025-07-30T17:02:01.143+0000] {processor.py:925} INFO - DAG(s) 'example_branch_datetime_operator', 'example_branch_datetime_operator_2', 'example_branch_datetime_operator_3' retrieved from /home/airflow/.local/lib/python3.12/site-packages/airflow/example_dags/example_branch_datetime_operator.py
[2025-07-30T17:02:01.173+0000] {logging_mixin.py:190} INFO - [2025-07-30T17:02:01.173+0000] {dag.py:3239} INFO - Sync 3 DAGs
[2025-07-30T17:02:01.202+0000] {logging_mixin.py:190} INFO - [2025-07-30T17:02:01.202+0000] {dag.py:4180} INFO - Setting next_dagrun for example_branch_datetime_operator to 2025-07-29 00:00:00+00:00, run_after=2025-07-30 00:00:00+00:00
[2025-07-30T17:02:01.210+0000] {logging_mixin.py:190} INFO - [2025-07-30T17:02:01.210+0000] {dag.py:4180} INFO - Setting next_dagrun for example_branch_datetime_operator_2 to 2025-07-29 00:00:00+00:00, run_after=2025-07-30 00:00:00+00:00
[2025-07-30T17:02:01.213+0000] {logging_mixin.py:190} INFO - [2025-07-30T17:02:01.212+0000] {dag.py:4180} INFO - Setting next_dagrun for example_branch_datetime_operator_3 to 2025-07-29 00:00:00+00:00, run_after=2025-07-30 00:00:00+00:00
[2025-07-30T17:02:01.229+0000] {processor.py:208} INFO - Processing /home/airflow/.local/lib/python3.12/site-packages/airflow/example_dags/example_branch_datetime_operator.py took 0.109 seconds
[2025-07-30T17:02:31.774+0000] {processor.py:186} INFO - Started process (PID=1064) to work on /home/airflow/.local/lib/python3.12/site-packages/airflow/example_dags/example_branch_datetime_operator.py
[2025-07-30T17:02:31.776+0000] {processor.py:914} INFO - Processing file /home/airflow/.local/lib/python3.12/site-packages/airflow/example_dags/example_branch_datetime_operator.py for tasks to queue
[2025-07-30T17:02:31.778+0000] {logging_mixin.py:190} INFO - [2025-07-30T17:02:31.778+0000] {dagbag.py:588} INFO - Filling up the DagBag from /home/airflow/.local/lib/python3.12/site-packages/airflow/example_dags/example_branch_datetime_operator.py
[2025-07-30T17:02:31.792+0000] {processor.py:925} INFO - DAG(s) 'example_branch_datetime_operator_3', 'example_branch_datetime_operator_2', 'example_branch_datetime_operator' retrieved from /home/airflow/.local/lib/python3.12/site-packages/airflow/example_dags/example_branch_datetime_operator.py
[2025-07-30T17:02:31.822+0000] {logging_mixin.py:190} INFO - [2025-07-30T17:02:31.822+0000] {dag.py:3239} INFO - Sync 3 DAGs
[2025-07-30T17:02:31.850+0000] {logging_mixin.py:190} INFO - [2025-07-30T17:02:31.850+0000] {dag.py:4180} INFO - Setting next_dagrun for example_branch_datetime_operator to 2025-07-29 00:00:00+00:00, run_after=2025-07-30 00:00:00+00:00
[2025-07-30T17:02:31.859+0000] {logging_mixin.py:190} INFO - [2025-07-30T17:02:31.859+0000] {dag.py:4180} INFO - Setting next_dagrun for example_branch_datetime_operator_2 to 2025-07-29 00:00:00+00:00, run_after=2025-07-30 00:00:00+00:00
[2025-07-30T17:02:31.862+0000] {logging_mixin.py:190} INFO - [2025-07-30T17:02:31.862+0000] {dag.py:4180} INFO - Setting next_dagrun for example_branch_datetime_operator_3 to 2025-07-29 00:00:00+00:00, run_after=2025-07-30 00:00:00+00:00
[2025-07-30T17:02:31.879+0000] {processor.py:208} INFO - Processing /home/airflow/.local/lib/python3.12/site-packages/airflow/example_dags/example_branch_datetime_operator.py took 0.110 seconds
[2025-07-30T17:03:02.061+0000] {processor.py:186} INFO - Started process (PID=1370) to work on /home/airflow/.local/lib/python3.12/site-packages/airflow/example_dags/example_branch_datetime_operator.py
[2025-07-30T17:03:02.062+0000] {processor.py:914} INFO - Processing file /home/airflow/.local/lib/python3.12/site-packages/airflow/example_dags/example_branch_datetime_operator.py for tasks to queue
[2025-07-30T17:03:02.063+0000] {logging_mixin.py:190} INFO - [2025-07-30T17:03:02.063+0000] {dagbag.py:588} INFO - Filling up the DagBag from /home/airflow/.local/lib/python3.12/site-packages/airflow/example_dags/example_branch_datetime_operator.py
[2025-07-30T17:03:02.073+0000] {processor.py:925} INFO - DAG(s) 'example_branch_datetime_operator', 'example_branch_datetime_operator_2', 'example_branch_datetime_operator_3' retrieved from /home/airflow/.local/lib/python3.12/site-packages/airflow/example_dags/example_branch_datetime_operator.py
[2025-07-30T17:03:02.093+0000] {logging_mixin.py:190} INFO - [2025-07-30T17:03:02.093+0000] {dag.py:3239} INFO - Sync 3 DAGs
[2025-07-30T17:03:02.112+0000] {logging_mixin.py:190} INFO - [2025-07-30T17:03:02.112+0000] {dag.py:4180} INFO - Setting next_dagrun for example_branch_datetime_operator to 2025-07-29 00:00:00+00:00, run_after=2025-07-30 00:00:00+00:00
[2025-07-30T17:03:02.116+0000] {logging_mixin.py:190} INFO - [2025-07-30T17:03:02.116+0000] {dag.py:4180} INFO - Setting next_dagrun for example_branch_datetime_operator_2 to 2025-07-29 00:00:00+00:00, run_after=2025-07-30 00:00:00+00:00
[2025-07-30T17:03:02.118+0000] {logging_mixin.py:190} INFO - [2025-07-30T17:03:02.118+0000] {dag.py:4180} INFO - Setting next_dagrun for example_branch_datetime_operator_3 to 2025-07-29 00:00:00+00:00, run_after=2025-07-30 00:00:00+00:00
[2025-07-30T17:03:02.129+0000] {processor.py:208} INFO - Processing /home/airflow/.local/lib/python3.12/site-packages/airflow/example_dags/example_branch_datetime_operator.py took 0.073 seconds
[2025-07-30T17:03:33.297+0000] {processor.py:186} INFO - Started process (PID=1674) to work on /home/airflow/.local/lib/python3.12/site-packages/airflow/example_dags/example_branch_datetime_operator.py
[2025-07-30T17:03:33.298+0000] {processor.py:914} INFO - Processing file /home/airflow/.local/lib/python3.12/site-packages/airflow/example_dags/example_branch_datetime_operator.py for tasks to queue
[2025-07-30T17:03:33.301+0000] {logging_mixin.py:190} INFO - [2025-07-30T17:03:33.300+0000] {dagbag.py:588} INFO - Filling up the DagBag from /home/airflow/.local/lib/python3.12/site-packages/airflow/example_dags/example_branch_datetime_operator.py
[2025-07-30T17:03:33.315+0000] {processor.py:925} INFO - DAG(s) 'example_branch_datetime_operator', 'example_branch_datetime_operator_2', 'example_branch_datetime_operator_3' retrieved from /home/airflow/.local/lib/python3.12/site-packages/airflow/example_dags/example_branch_datetime_operator.py
[2025-07-30T17:03:33.342+0000] {logging_mixin.py:190} INFO - [2025-07-30T17:03:33.342+0000] {dag.py:3239} INFO - Sync 3 DAGs
[2025-07-30T17:03:33.370+0000] {logging_mixin.py:190} INFO - [2025-07-30T17:03:33.370+0000] {dag.py:4180} INFO - Setting next_dagrun for example_branch_datetime_operator to 2025-07-29 00:00:00+00:00, run_after=2025-07-30 00:00:00+00:00
[2025-07-30T17:03:33.376+0000] {logging_mixin.py:190} INFO - [2025-07-30T17:03:33.376+0000] {dag.py:4180} INFO - Setting next_dagrun for example_branch_datetime_operator_2 to 2025-07-29 00:00:00+00:00, run_after=2025-07-30 00:00:00+00:00
[2025-07-30T17:03:33.379+0000] {logging_mixin.py:190} INFO - [2025-07-30T17:03:33.379+0000] {dag.py:4180} INFO - Setting next_dagrun for example_branch_datetime_operator_3 to 2025-07-29 00:00:00+00:00, run_after=2025-07-30 00:00:00+00:00
[2025-07-30T17:03:33.394+0000] {processor.py:208} INFO - Processing /home/airflow/.local/lib/python3.12/site-packages/airflow/example_dags/example_branch_datetime_operator.py took 0.103 seconds
[2025-07-30T17:04:04.278+0000] {processor.py:186} INFO - Started process (PID=1980) to work on /home/airflow/.local/lib/python3.12/site-packages/airflow/example_dags/example_branch_datetime_operator.py
[2025-07-30T17:04:04.280+0000] {processor.py:914} INFO - Processing file /home/airflow/.local/lib/python3.12/site-packages/airflow/example_dags/example_branch_datetime_operator.py for tasks to queue
[2025-07-30T17:04:04.284+0000] {logging_mixin.py:190} INFO - [2025-07-30T17:04:04.284+0000] {dagbag.py:588} INFO - Filling up the DagBag from /home/airflow/.local/lib/python3.12/site-packages/airflow/example_dags/example_branch_datetime_operator.py
[2025-07-30T17:04:04.310+0000] {processor.py:925} INFO - DAG(s) 'example_branch_datetime_operator_3', 'example_branch_datetime_operator_2', 'example_branch_datetime_operator' retrieved from /home/airflow/.local/lib/python3.12/site-packages/airflow/example_dags/example_branch_datetime_operator.py
[2025-07-30T17:04:04.340+0000] {logging_mixin.py:190} INFO - [2025-07-30T17:04:04.340+0000] {dag.py:3239} INFO - Sync 3 DAGs
[2025-07-30T17:04:04.371+0000] {logging_mixin.py:190} INFO - [2025-07-30T17:04:04.371+0000] {dag.py:4180} INFO - Setting next_dagrun for example_branch_datetime_operator to 2025-07-29 00:00:00+00:00, run_after=2025-07-30 00:00:00+00:00
[2025-07-30T17:04:04.376+0000] {logging_mixin.py:190} INFO - [2025-07-30T17:04:04.376+0000] {dag.py:4180} INFO - Setting next_dagrun for example_branch_datetime_operator_2 to 2025-07-29 00:00:00+00:00, run_after=2025-07-30 00:00:00+00:00
[2025-07-30T17:04:04.378+0000] {logging_mixin.py:190} INFO - [2025-07-30T17:04:04.378+0000] {dag.py:4180} INFO - Setting next_dagrun for example_branch_datetime_operator_3 to 2025-07-29 00:00:00+00:00, run_after=2025-07-30 00:00:00+00:00
[2025-07-30T17:04:04.393+0000] {processor.py:208} INFO - Processing /home/airflow/.local/lib/python3.12/site-packages/airflow/example_dags/example_branch_datetime_operator.py took 0.122 seconds
[2025-07-30T17:04:34.954+0000] {processor.py:186} INFO - Started process (PID=2286) to work on /home/airflow/.local/lib/python3.12/site-packages/airflow/example_dags/example_branch_datetime_operator.py
[2025-07-30T17:04:34.955+0000] {processor.py:914} INFO - Processing file /home/airflow/.local/lib/python3.12/site-packages/airflow/example_dags/example_branch_datetime_operator.py for tasks to queue
[2025-07-30T17:04:34.957+0000] {logging_mixin.py:190} INFO - [2025-07-30T17:04:34.957+0000] {dagbag.py:588} INFO - Filling up the DagBag from /home/airflow/.local/lib/python3.12/site-packages/airflow/example_dags/example_branch_datetime_operator.py
[2025-07-30T17:04:34.970+0000] {processor.py:925} INFO - DAG(s) 'example_branch_datetime_operator_2', 'example_branch_datetime_operator_3', 'example_branch_datetime_operator' retrieved from /home/airflow/.local/lib/python3.12/site-packages/airflow/example_dags/example_branch_datetime_operator.py
[2025-07-30T17:04:34.997+0000] {logging_mixin.py:190} INFO - [2025-07-30T17:04:34.997+0000] {dag.py:3239} INFO - Sync 3 DAGs
[2025-07-30T17:04:35.025+0000] {logging_mixin.py:190} INFO - [2025-07-30T17:04:35.025+0000] {dag.py:4180} INFO - Setting next_dagrun for example_branch_datetime_operator to 2025-07-29 00:00:00+00:00, run_after=2025-07-30 00:00:00+00:00
[2025-07-30T17:04:35.030+0000] {logging_mixin.py:190} INFO - [2025-07-30T17:04:35.030+0000] {dag.py:4180} INFO - Setting next_dagrun for example_branch_datetime_operator_2 to 2025-07-29 00:00:00+00:00, run_after=2025-07-30 00:00:00+00:00
[2025-07-30T17:04:35.032+0000] {logging_mixin.py:190} INFO - [2025-07-30T17:04:35.032+0000] {dag.py:4180} INFO - Setting next_dagrun for example_branch_datetime_operator_3 to 2025-07-29 00:00:00+00:00, run_after=2025-07-30 00:00:00+00:00
[2025-07-30T17:04:35.047+0000] {processor.py:208} INFO - Processing /home/airflow/.local/lib/python3.12/site-packages/airflow/example_dags/example_branch_datetime_operator.py took 0.099 seconds
[2025-07-30T17:05:05.244+0000] {processor.py:186} INFO - Started process (PID=2587) to work on /home/airflow/.local/lib/python3.12/site-packages/airflow/example_dags/example_branch_datetime_operator.py
[2025-07-30T17:05:05.245+0000] {processor.py:914} INFO - Processing file /home/airflow/.local/lib/python3.12/site-packages/airflow/example_dags/example_branch_datetime_operator.py for tasks to queue
[2025-07-30T17:05:05.247+0000] {logging_mixin.py:190} INFO - [2025-07-30T17:05:05.247+0000] {dagbag.py:588} INFO - Filling up the DagBag from /home/airflow/.local/lib/python3.12/site-packages/airflow/example_dags/example_branch_datetime_operator.py
[2025-07-30T17:05:05.261+0000] {processor.py:925} INFO - DAG(s) 'example_branch_datetime_operator', 'example_branch_datetime_operator_3', 'example_branch_datetime_operator_2' retrieved from /home/airflow/.local/lib/python3.12/site-packages/airflow/example_dags/example_branch_datetime_operator.py
[2025-07-30T17:05:05.291+0000] {logging_mixin.py:190} INFO - [2025-07-30T17:05:05.290+0000] {dag.py:3239} INFO - Sync 3 DAGs
[2025-07-30T17:05:05.319+0000] {logging_mixin.py:190} INFO - [2025-07-30T17:05:05.318+0000] {dag.py:4180} INFO - Setting next_dagrun for example_branch_datetime_operator to 2025-07-29 00:00:00+00:00, run_after=2025-07-30 00:00:00+00:00
[2025-07-30T17:05:05.324+0000] {logging_mixin.py:190} INFO - [2025-07-30T17:05:05.324+0000] {dag.py:4180} INFO - Setting next_dagrun for example_branch_datetime_operator_2 to 2025-07-29 00:00:00+00:00, run_after=2025-07-30 00:00:00+00:00
[2025-07-30T17:05:05.327+0000] {logging_mixin.py:190} INFO - [2025-07-30T17:05:05.327+0000] {dag.py:4180} INFO - Setting next_dagrun for example_branch_datetime_operator_3 to 2025-07-29 00:00:00+00:00, run_after=2025-07-30 00:00:00+00:00
[2025-07-30T17:05:05.344+0000] {processor.py:208} INFO - Processing /home/airflow/.local/lib/python3.12/site-packages/airflow/example_dags/example_branch_datetime_operator.py took 0.106 seconds
[2025-07-30T17:05:35.406+0000] {processor.py:186} INFO - Started process (PID=2890) to work on /home/airflow/.local/lib/python3.12/site-packages/airflow/example_dags/example_branch_datetime_operator.py
[2025-07-30T17:05:35.406+0000] {processor.py:914} INFO - Processing file /home/airflow/.local/lib/python3.12/site-packages/airflow/example_dags/example_branch_datetime_operator.py for tasks to queue
[2025-07-30T17:05:35.408+0000] {logging_mixin.py:190} INFO - [2025-07-30T17:05:35.408+0000] {dagbag.py:588} INFO - Filling up the DagBag from /home/airflow/.local/lib/python3.12/site-packages/airflow/example_dags/example_branch_datetime_operator.py
[2025-07-30T17:05:35.418+0000] {processor.py:925} INFO - DAG(s) 'example_branch_datetime_operator_3', 'example_branch_datetime_operator', 'example_branch_datetime_operator_2' retrieved from /home/airflow/.local/lib/python3.12/site-packages/airflow/example_dags/example_branch_datetime_operator.py
[2025-07-30T17:05:35.439+0000] {logging_mixin.py:190} INFO - [2025-07-30T17:05:35.439+0000] {dag.py:3239} INFO - Sync 3 DAGs
[2025-07-30T17:05:35.458+0000] {logging_mixin.py:190} INFO - [2025-07-30T17:05:35.458+0000] {dag.py:4180} INFO - Setting next_dagrun for example_branch_datetime_operator to 2025-07-29 00:00:00+00:00, run_after=2025-07-30 00:00:00+00:00
[2025-07-30T17:05:35.462+0000] {logging_mixin.py:190} INFO - [2025-07-30T17:05:35.462+0000] {dag.py:4180} INFO - Setting next_dagrun for example_branch_datetime_operator_2 to 2025-07-29 00:00:00+00:00, run_after=2025-07-30 00:00:00+00:00
[2025-07-30T17:05:35.464+0000] {logging_mixin.py:190} INFO - [2025-07-30T17:05:35.464+0000] {dag.py:4180} INFO - Setting next_dagrun for example_branch_datetime_operator_3 to 2025-07-29 00:00:00+00:00, run_after=2025-07-30 00:00:00+00:00
[2025-07-30T17:05:35.476+0000] {processor.py:208} INFO - Processing /home/airflow/.local/lib/python3.12/site-packages/airflow/example_dags/example_branch_datetime_operator.py took 0.074 seconds
[2025-07-30T17:06:06.119+0000] {processor.py:186} INFO - Started process (PID=3194) to work on /home/airflow/.local/lib/python3.12/site-packages/airflow/example_dags/example_branch_datetime_operator.py
[2025-07-30T17:06:06.119+0000] {processor.py:914} INFO - Processing file /home/airflow/.local/lib/python3.12/site-packages/airflow/example_dags/example_branch_datetime_operator.py for tasks to queue
[2025-07-30T17:06:06.122+0000] {logging_mixin.py:190} INFO - [2025-07-30T17:06:06.121+0000] {dagbag.py:588} INFO - Filling up the DagBag from /home/airflow/.local/lib/python3.12/site-packages/airflow/example_dags/example_branch_datetime_operator.py
[2025-07-30T17:06:06.141+0000] {processor.py:925} INFO - DAG(s) 'example_branch_datetime_operator_3', 'example_branch_datetime_operator', 'example_branch_datetime_operator_2' retrieved from /home/airflow/.local/lib/python3.12/site-packages/airflow/example_dags/example_branch_datetime_operator.py
[2025-07-30T17:06:06.170+0000] {logging_mixin.py:190} INFO - [2025-07-30T17:06:06.170+0000] {dag.py:3239} INFO - Sync 3 DAGs
[2025-07-30T17:06:06.198+0000] {logging_mixin.py:190} INFO - [2025-07-30T17:06:06.198+0000] {dag.py:4180} INFO - Setting next_dagrun for example_branch_datetime_operator to 2025-07-29 00:00:00+00:00, run_after=2025-07-30 00:00:00+00:00
[2025-07-30T17:06:06.204+0000] {logging_mixin.py:190} INFO - [2025-07-30T17:06:06.204+0000] {dag.py:4180} INFO - Setting next_dagrun for example_branch_datetime_operator_2 to 2025-07-29 00:00:00+00:00, run_after=2025-07-30 00:00:00+00:00
[2025-07-30T17:06:06.206+0000] {logging_mixin.py:190} INFO - [2025-07-30T17:06:06.206+0000] {dag.py:4180} INFO - Setting next_dagrun for example_branch_datetime_operator_3 to 2025-07-29 00:00:00+00:00, run_after=2025-07-30 00:00:00+00:00
[2025-07-30T17:06:06.217+0000] {processor.py:208} INFO - Processing /home/airflow/.local/lib/python3.12/site-packages/airflow/example_dags/example_branch_datetime_operator.py took 0.105 seconds
[2025-07-30T17:06:36.967+0000] {processor.py:186} INFO - Started process (PID=3500) to work on /home/airflow/.local/lib/python3.12/site-packages/airflow/example_dags/example_branch_datetime_operator.py
[2025-07-30T17:06:36.968+0000] {processor.py:914} INFO - Processing file /home/airflow/.local/lib/python3.12/site-packages/airflow/example_dags/example_branch_datetime_operator.py for tasks to queue
[2025-07-30T17:06:36.970+0000] {logging_mixin.py:190} INFO - [2025-07-30T17:06:36.970+0000] {dagbag.py:588} INFO - Filling up the DagBag from /home/airflow/.local/lib/python3.12/site-packages/airflow/example_dags/example_branch_datetime_operator.py
[2025-07-30T17:06:36.984+0000] {processor.py:925} INFO - DAG(s) 'example_branch_datetime_operator_2', 'example_branch_datetime_operator', 'example_branch_datetime_operator_3' retrieved from /home/airflow/.local/lib/python3.12/site-packages/airflow/example_dags/example_branch_datetime_operator.py
[2025-07-30T17:06:37.014+0000] {logging_mixin.py:190} INFO - [2025-07-30T17:06:37.014+0000] {dag.py:3239} INFO - Sync 3 DAGs
[2025-07-30T17:06:37.043+0000] {logging_mixin.py:190} INFO - [2025-07-30T17:06:37.043+0000] {dag.py:4180} INFO - Setting next_dagrun for example_branch_datetime_operator to 2025-07-29 00:00:00+00:00, run_after=2025-07-30 00:00:00+00:00
[2025-07-30T17:06:37.049+0000] {logging_mixin.py:190} INFO - [2025-07-30T17:06:37.049+0000] {dag.py:4180} INFO - Setting next_dagrun for example_branch_datetime_operator_2 to 2025-07-29 00:00:00+00:00, run_after=2025-07-30 00:00:00+00:00
[2025-07-30T17:06:37.052+0000] {logging_mixin.py:190} INFO - [2025-07-30T17:06:37.052+0000] {dag.py:4180} INFO - Setting next_dagrun for example_branch_datetime_operator_3 to 2025-07-29 00:00:00+00:00, run_after=2025-07-30 00:00:00+00:00
[2025-07-30T17:06:37.067+0000] {processor.py:208} INFO - Processing /home/airflow/.local/lib/python3.12/site-packages/airflow/example_dags/example_branch_datetime_operator.py took 0.106 seconds
[2025-07-30T17:07:07.111+0000] {processor.py:186} INFO - Started process (PID=3803) to work on /home/airflow/.local/lib/python3.12/site-packages/airflow/example_dags/example_branch_datetime_operator.py
[2025-07-30T17:07:07.112+0000] {processor.py:914} INFO - Processing file /home/airflow/.local/lib/python3.12/site-packages/airflow/example_dags/example_branch_datetime_operator.py for tasks to queue
[2025-07-30T17:07:07.114+0000] {logging_mixin.py:190} INFO - [2025-07-30T17:07:07.114+0000] {dagbag.py:588} INFO - Filling up the DagBag from /home/airflow/.local/lib/python3.12/site-packages/airflow/example_dags/example_branch_datetime_operator.py
[2025-07-30T17:07:07.125+0000] {processor.py:925} INFO - DAG(s) 'example_branch_datetime_operator_3', 'example_branch_datetime_operator_2', 'example_branch_datetime_operator' retrieved from /home/airflow/.local/lib/python3.12/site-packages/airflow/example_dags/example_branch_datetime_operator.py
[2025-07-30T17:07:07.146+0000] {logging_mixin.py:190} INFO - [2025-07-30T17:07:07.145+0000] {dag.py:3239} INFO - Sync 3 DAGs
[2025-07-30T17:07:07.165+0000] {logging_mixin.py:190} INFO - [2025-07-30T17:07:07.165+0000] {dag.py:4180} INFO - Setting next_dagrun for example_branch_datetime_operator to 2025-07-29 00:00:00+00:00, run_after=2025-07-30 00:00:00+00:00
[2025-07-30T17:07:07.169+0000] {logging_mixin.py:190} INFO - [2025-07-30T17:07:07.168+0000] {dag.py:4180} INFO - Setting next_dagrun for example_branch_datetime_operator_2 to 2025-07-29 00:00:00+00:00, run_after=2025-07-30 00:00:00+00:00
[2025-07-30T17:07:07.170+0000] {logging_mixin.py:190} INFO - [2025-07-30T17:07:07.170+0000] {dag.py:4180} INFO - Setting next_dagrun for example_branch_datetime_operator_3 to 2025-07-29 00:00:00+00:00, run_after=2025-07-30 00:00:00+00:00
[2025-07-30T17:07:07.185+0000] {processor.py:208} INFO - Processing /home/airflow/.local/lib/python3.12/site-packages/airflow/example_dags/example_branch_datetime_operator.py took 0.078 seconds
[2025-07-30T17:07:37.611+0000] {processor.py:186} INFO - Started process (PID=4109) to work on /home/airflow/.local/lib/python3.12/site-packages/airflow/example_dags/example_branch_datetime_operator.py
[2025-07-30T17:07:37.612+0000] {processor.py:914} INFO - Processing file /home/airflow/.local/lib/python3.12/site-packages/airflow/example_dags/example_branch_datetime_operator.py for tasks to queue
[2025-07-30T17:07:37.613+0000] {logging_mixin.py:190} INFO - [2025-07-30T17:07:37.613+0000] {dagbag.py:588} INFO - Filling up the DagBag from /home/airflow/.local/lib/python3.12/site-packages/airflow/example_dags/example_branch_datetime_operator.py
[2025-07-30T17:07:37.623+0000] {processor.py:925} INFO - DAG(s) 'example_branch_datetime_operator_2', 'example_branch_datetime_operator', 'example_branch_datetime_operator_3' retrieved from /home/airflow/.local/lib/python3.12/site-packages/airflow/example_dags/example_branch_datetime_operator.py
[2025-07-30T17:07:37.643+0000] {logging_mixin.py:190} INFO - [2025-07-30T17:07:37.643+0000] {dag.py:3239} INFO - Sync 3 DAGs
[2025-07-30T17:07:37.662+0000] {logging_mixin.py:190} INFO - [2025-07-30T17:07:37.662+0000] {dag.py:4180} INFO - Setting next_dagrun for example_branch_datetime_operator to 2025-07-29 00:00:00+00:00, run_after=2025-07-30 00:00:00+00:00
[2025-07-30T17:07:37.666+0000] {logging_mixin.py:190} INFO - [2025-07-30T17:07:37.666+0000] {dag.py:4180} INFO - Setting next_dagrun for example_branch_datetime_operator_2 to 2025-07-29 00:00:00+00:00, run_after=2025-07-30 00:00:00+00:00
[2025-07-30T17:07:37.668+0000] {logging_mixin.py:190} INFO - [2025-07-30T17:07:37.668+0000] {dag.py:4180} INFO - Setting next_dagrun for example_branch_datetime_operator_3 to 2025-07-29 00:00:00+00:00, run_after=2025-07-30 00:00:00+00:00
[2025-07-30T17:07:37.680+0000] {processor.py:208} INFO - Processing /home/airflow/.local/lib/python3.12/site-packages/airflow/example_dags/example_branch_datetime_operator.py took 0.073 seconds
[2025-07-30T17:08:08.009+0000] {processor.py:186} INFO - Started process (PID=4415) to work on /home/airflow/.local/lib/python3.12/site-packages/airflow/example_dags/example_branch_datetime_operator.py
[2025-07-30T17:08:08.009+0000] {processor.py:914} INFO - Processing file /home/airflow/.local/lib/python3.12/site-packages/airflow/example_dags/example_branch_datetime_operator.py for tasks to queue
[2025-07-30T17:08:08.011+0000] {logging_mixin.py:190} INFO - [2025-07-30T17:08:08.011+0000] {dagbag.py:588} INFO - Filling up the DagBag from /home/airflow/.local/lib/python3.12/site-packages/airflow/example_dags/example_branch_datetime_operator.py
[2025-07-30T17:08:08.021+0000] {processor.py:925} INFO - DAG(s) 'example_branch_datetime_operator', 'example_branch_datetime_operator_3', 'example_branch_datetime_operator_2' retrieved from /home/airflow/.local/lib/python3.12/site-packages/airflow/example_dags/example_branch_datetime_operator.py
[2025-07-30T17:08:08.042+0000] {logging_mixin.py:190} INFO - [2025-07-30T17:08:08.042+0000] {dag.py:3239} INFO - Sync 3 DAGs
[2025-07-30T17:08:08.063+0000] {logging_mixin.py:190} INFO - [2025-07-30T17:08:08.062+0000] {dag.py:4180} INFO - Setting next_dagrun for example_branch_datetime_operator to 2025-07-29 00:00:00+00:00, run_after=2025-07-30 00:00:00+00:00
[2025-07-30T17:08:08.068+0000] {logging_mixin.py:190} INFO - [2025-07-30T17:08:08.068+0000] {dag.py:4180} INFO - Setting next_dagrun for example_branch_datetime_operator_2 to 2025-07-29 00:00:00+00:00, run_after=2025-07-30 00:00:00+00:00
[2025-07-30T17:08:08.071+0000] {logging_mixin.py:190} INFO - [2025-07-30T17:08:08.070+0000] {dag.py:4180} INFO - Setting next_dagrun for example_branch_datetime_operator_3 to 2025-07-29 00:00:00+00:00, run_after=2025-07-30 00:00:00+00:00
[2025-07-30T17:08:08.085+0000] {processor.py:208} INFO - Processing /home/airflow/.local/lib/python3.12/site-packages/airflow/example_dags/example_branch_datetime_operator.py took 0.080 seconds
[2025-07-30T17:08:38.313+0000] {processor.py:186} INFO - Started process (PID=4721) to work on /home/airflow/.local/lib/python3.12/site-packages/airflow/example_dags/example_branch_datetime_operator.py
[2025-07-30T17:08:38.314+0000] {processor.py:914} INFO - Processing file /home/airflow/.local/lib/python3.12/site-packages/airflow/example_dags/example_branch_datetime_operator.py for tasks to queue
[2025-07-30T17:08:38.316+0000] {logging_mixin.py:190} INFO - [2025-07-30T17:08:38.315+0000] {dagbag.py:588} INFO - Filling up the DagBag from /home/airflow/.local/lib/python3.12/site-packages/airflow/example_dags/example_branch_datetime_operator.py
[2025-07-30T17:08:38.325+0000] {processor.py:925} INFO - DAG(s) 'example_branch_datetime_operator_2', 'example_branch_datetime_operator_3', 'example_branch_datetime_operator' retrieved from /home/airflow/.local/lib/python3.12/site-packages/airflow/example_dags/example_branch_datetime_operator.py
[2025-07-30T17:08:38.350+0000] {logging_mixin.py:190} INFO - [2025-07-30T17:08:38.349+0000] {dag.py:3239} INFO - Sync 3 DAGs
[2025-07-30T17:08:38.370+0000] {logging_mixin.py:190} INFO - [2025-07-30T17:08:38.370+0000] {dag.py:4180} INFO - Setting next_dagrun for example_branch_datetime_operator to 2025-07-29 00:00:00+00:00, run_after=2025-07-30 00:00:00+00:00
[2025-07-30T17:08:38.374+0000] {logging_mixin.py:190} INFO - [2025-07-30T17:08:38.374+0000] {dag.py:4180} INFO - Setting next_dagrun for example_branch_datetime_operator_2 to 2025-07-29 00:00:00+00:00, run_after=2025-07-30 00:00:00+00:00
[2025-07-30T17:08:38.377+0000] {logging_mixin.py:190} INFO - [2025-07-30T17:08:38.377+0000] {dag.py:4180} INFO - Setting next_dagrun for example_branch_datetime_operator_3 to 2025-07-29 00:00:00+00:00, run_after=2025-07-30 00:00:00+00:00
[2025-07-30T17:08:38.390+0000] {processor.py:208} INFO - Processing /home/airflow/.local/lib/python3.12/site-packages/airflow/example_dags/example_branch_datetime_operator.py took 0.081 seconds
[2025-07-30T17:09:09.149+0000] {processor.py:186} INFO - Started process (PID=5025) to work on /home/airflow/.local/lib/python3.12/site-packages/airflow/example_dags/example_branch_datetime_operator.py
[2025-07-30T17:09:09.150+0000] {processor.py:914} INFO - Processing file /home/airflow/.local/lib/python3.12/site-packages/airflow/example_dags/example_branch_datetime_operator.py for tasks to queue
[2025-07-30T17:09:09.152+0000] {logging_mixin.py:190} INFO - [2025-07-30T17:09:09.152+0000] {dagbag.py:588} INFO - Filling up the DagBag from /home/airflow/.local/lib/python3.12/site-packages/airflow/example_dags/example_branch_datetime_operator.py
[2025-07-30T17:09:09.165+0000] {processor.py:925} INFO - DAG(s) 'example_branch_datetime_operator_2', 'example_branch_datetime_operator_3', 'example_branch_datetime_operator' retrieved from /home/airflow/.local/lib/python3.12/site-packages/airflow/example_dags/example_branch_datetime_operator.py
[2025-07-30T17:09:09.195+0000] {logging_mixin.py:190} INFO - [2025-07-30T17:09:09.195+0000] {dag.py:3239} INFO - Sync 3 DAGs
[2025-07-30T17:09:09.222+0000] {logging_mixin.py:190} INFO - [2025-07-30T17:09:09.221+0000] {dag.py:4180} INFO - Setting next_dagrun for example_branch_datetime_operator to 2025-07-29 00:00:00+00:00, run_after=2025-07-30 00:00:00+00:00
[2025-07-30T17:09:09.227+0000] {logging_mixin.py:190} INFO - [2025-07-30T17:09:09.226+0000] {dag.py:4180} INFO - Setting next_dagrun for example_branch_datetime_operator_2 to 2025-07-29 00:00:00+00:00, run_after=2025-07-30 00:00:00+00:00
[2025-07-30T17:09:09.229+0000] {logging_mixin.py:190} INFO - [2025-07-30T17:09:09.229+0000] {dag.py:4180} INFO - Setting next_dagrun for example_branch_datetime_operator_3 to 2025-07-29 00:00:00+00:00, run_after=2025-07-30 00:00:00+00:00
[2025-07-30T17:09:09.245+0000] {processor.py:208} INFO - Processing /home/airflow/.local/lib/python3.12/site-packages/airflow/example_dags/example_branch_datetime_operator.py took 0.103 seconds
[2025-07-30T17:09:39.538+0000] {processor.py:186} INFO - Started process (PID=5328) to work on /home/airflow/.local/lib/python3.12/site-packages/airflow/example_dags/example_branch_datetime_operator.py
[2025-07-30T17:09:39.539+0000] {processor.py:914} INFO - Processing file /home/airflow/.local/lib/python3.12/site-packages/airflow/example_dags/example_branch_datetime_operator.py for tasks to queue
[2025-07-30T17:09:39.541+0000] {logging_mixin.py:190} INFO - [2025-07-30T17:09:39.540+0000] {dagbag.py:588} INFO - Filling up the DagBag from /home/airflow/.local/lib/python3.12/site-packages/airflow/example_dags/example_branch_datetime_operator.py
[2025-07-30T17:09:39.550+0000] {processor.py:925} INFO - DAG(s) 'example_branch_datetime_operator_3', 'example_branch_datetime_operator', 'example_branch_datetime_operator_2' retrieved from /home/airflow/.local/lib/python3.12/site-packages/airflow/example_dags/example_branch_datetime_operator.py
[2025-07-30T17:09:39.570+0000] {logging_mixin.py:190} INFO - [2025-07-30T17:09:39.570+0000] {dag.py:3239} INFO - Sync 3 DAGs
[2025-07-30T17:09:39.589+0000] {logging_mixin.py:190} INFO - [2025-07-30T17:09:39.588+0000] {dag.py:4180} INFO - Setting next_dagrun for example_branch_datetime_operator to 2025-07-29 00:00:00+00:00, run_after=2025-07-30 00:00:00+00:00
[2025-07-30T17:09:39.592+0000] {logging_mixin.py:190} INFO - [2025-07-30T17:09:39.592+0000] {dag.py:4180} INFO - Setting next_dagrun for example_branch_datetime_operator_2 to 2025-07-29 00:00:00+00:00, run_after=2025-07-30 00:00:00+00:00
[2025-07-30T17:09:39.594+0000] {logging_mixin.py:190} INFO - [2025-07-30T17:09:39.594+0000] {dag.py:4180} INFO - Setting next_dagrun for example_branch_datetime_operator_3 to 2025-07-29 00:00:00+00:00, run_after=2025-07-30 00:00:00+00:00
[2025-07-30T17:09:39.605+0000] {processor.py:208} INFO - Processing /home/airflow/.local/lib/python3.12/site-packages/airflow/example_dags/example_branch_datetime_operator.py took 0.071 seconds
[2025-07-30T17:10:09.680+0000] {processor.py:186} INFO - Started process (PID=5634) to work on /home/airflow/.local/lib/python3.12/site-packages/airflow/example_dags/example_branch_datetime_operator.py
[2025-07-30T17:10:09.680+0000] {processor.py:914} INFO - Processing file /home/airflow/.local/lib/python3.12/site-packages/airflow/example_dags/example_branch_datetime_operator.py for tasks to queue
[2025-07-30T17:10:09.682+0000] {logging_mixin.py:190} INFO - [2025-07-30T17:10:09.682+0000] {dagbag.py:588} INFO - Filling up the DagBag from /home/airflow/.local/lib/python3.12/site-packages/airflow/example_dags/example_branch_datetime_operator.py
[2025-07-30T17:10:09.691+0000] {processor.py:925} INFO - DAG(s) 'example_branch_datetime_operator_2', 'example_branch_datetime_operator', 'example_branch_datetime_operator_3' retrieved from /home/airflow/.local/lib/python3.12/site-packages/airflow/example_dags/example_branch_datetime_operator.py
[2025-07-30T17:10:09.716+0000] {logging_mixin.py:190} INFO - [2025-07-30T17:10:09.716+0000] {dag.py:3239} INFO - Sync 3 DAGs
[2025-07-30T17:10:09.745+0000] {logging_mixin.py:190} INFO - [2025-07-30T17:10:09.745+0000] {dag.py:4180} INFO - Setting next_dagrun for example_branch_datetime_operator to 2025-07-29 00:00:00+00:00, run_after=2025-07-30 00:00:00+00:00
[2025-07-30T17:10:09.751+0000] {logging_mixin.py:190} INFO - [2025-07-30T17:10:09.751+0000] {dag.py:4180} INFO - Setting next_dagrun for example_branch_datetime_operator_2 to 2025-07-29 00:00:00+00:00, run_after=2025-07-30 00:00:00+00:00
[2025-07-30T17:10:09.754+0000] {logging_mixin.py:190} INFO - [2025-07-30T17:10:09.754+0000] {dag.py:4180} INFO - Setting next_dagrun for example_branch_datetime_operator_3 to 2025-07-29 00:00:00+00:00, run_after=2025-07-30 00:00:00+00:00
[2025-07-30T17:10:09.770+0000] {processor.py:208} INFO - Processing /home/airflow/.local/lib/python3.12/site-packages/airflow/example_dags/example_branch_datetime_operator.py took 0.095 seconds
[2025-07-30T17:10:39.855+0000] {processor.py:186} INFO - Started process (PID=5940) to work on /home/airflow/.local/lib/python3.12/site-packages/airflow/example_dags/example_branch_datetime_operator.py
[2025-07-30T17:10:39.856+0000] {processor.py:914} INFO - Processing file /home/airflow/.local/lib/python3.12/site-packages/airflow/example_dags/example_branch_datetime_operator.py for tasks to queue
[2025-07-30T17:10:39.858+0000] {logging_mixin.py:190} INFO - [2025-07-30T17:10:39.857+0000] {dagbag.py:588} INFO - Filling up the DagBag from /home/airflow/.local/lib/python3.12/site-packages/airflow/example_dags/example_branch_datetime_operator.py
[2025-07-30T17:10:39.867+0000] {processor.py:925} INFO - DAG(s) 'example_branch_datetime_operator_2', 'example_branch_datetime_operator', 'example_branch_datetime_operator_3' retrieved from /home/airflow/.local/lib/python3.12/site-packages/airflow/example_dags/example_branch_datetime_operator.py
[2025-07-30T17:10:39.901+0000] {logging_mixin.py:190} INFO - [2025-07-30T17:10:39.901+0000] {dag.py:3239} INFO - Sync 3 DAGs
[2025-07-30T17:10:39.933+0000] {logging_mixin.py:190} INFO - [2025-07-30T17:10:39.933+0000] {dag.py:4180} INFO - Setting next_dagrun for example_branch_datetime_operator to 2025-07-29 00:00:00+00:00, run_after=2025-07-30 00:00:00+00:00
[2025-07-30T17:10:39.938+0000] {logging_mixin.py:190} INFO - [2025-07-30T17:10:39.938+0000] {dag.py:4180} INFO - Setting next_dagrun for example_branch_datetime_operator_2 to 2025-07-29 00:00:00+00:00, run_after=2025-07-30 00:00:00+00:00
[2025-07-30T17:10:39.941+0000] {logging_mixin.py:190} INFO - [2025-07-30T17:10:39.941+0000] {dag.py:4180} INFO - Setting next_dagrun for example_branch_datetime_operator_3 to 2025-07-29 00:00:00+00:00, run_after=2025-07-30 00:00:00+00:00
[2025-07-30T17:10:39.956+0000] {processor.py:208} INFO - Processing /home/airflow/.local/lib/python3.12/site-packages/airflow/example_dags/example_branch_datetime_operator.py took 0.105 seconds
[2025-07-30T17:11:10.219+0000] {processor.py:186} INFO - Started process (PID=6252) to work on /home/airflow/.local/lib/python3.12/site-packages/airflow/example_dags/example_branch_datetime_operator.py
[2025-07-30T17:11:10.220+0000] {processor.py:914} INFO - Processing file /home/airflow/.local/lib/python3.12/site-packages/airflow/example_dags/example_branch_datetime_operator.py for tasks to queue
[2025-07-30T17:11:10.222+0000] {logging_mixin.py:190} INFO - [2025-07-30T17:11:10.222+0000] {dagbag.py:588} INFO - Filling up the DagBag from /home/airflow/.local/lib/python3.12/site-packages/airflow/example_dags/example_branch_datetime_operator.py
[2025-07-30T17:11:10.235+0000] {processor.py:925} INFO - DAG(s) 'example_branch_datetime_operator_3', 'example_branch_datetime_operator_2', 'example_branch_datetime_operator' retrieved from /home/airflow/.local/lib/python3.12/site-packages/airflow/example_dags/example_branch_datetime_operator.py
[2025-07-30T17:11:10.267+0000] {logging_mixin.py:190} INFO - [2025-07-30T17:11:10.267+0000] {dag.py:3239} INFO - Sync 3 DAGs
[2025-07-30T17:11:10.304+0000] {logging_mixin.py:190} INFO - [2025-07-30T17:11:10.304+0000] {dag.py:4180} INFO - Setting next_dagrun for example_branch_datetime_operator to 2025-07-29 00:00:00+00:00, run_after=2025-07-30 00:00:00+00:00
[2025-07-30T17:11:10.310+0000] {logging_mixin.py:190} INFO - [2025-07-30T17:11:10.310+0000] {dag.py:4180} INFO - Setting next_dagrun for example_branch_datetime_operator_2 to 2025-07-29 00:00:00+00:00, run_after=2025-07-30 00:00:00+00:00
[2025-07-30T17:11:10.312+0000] {logging_mixin.py:190} INFO - [2025-07-30T17:11:10.312+0000] {dag.py:4180} INFO - Setting next_dagrun for example_branch_datetime_operator_3 to 2025-07-29 00:00:00+00:00, run_after=2025-07-30 00:00:00+00:00
[2025-07-30T17:11:10.326+0000] {processor.py:208} INFO - Processing /home/airflow/.local/lib/python3.12/site-packages/airflow/example_dags/example_branch_datetime_operator.py took 0.114 seconds
[2025-07-30T17:11:40.725+0000] {processor.py:186} INFO - Started process (PID=6558) to work on /home/airflow/.local/lib/python3.12/site-packages/airflow/example_dags/example_branch_datetime_operator.py
[2025-07-30T17:11:40.725+0000] {processor.py:914} INFO - Processing file /home/airflow/.local/lib/python3.12/site-packages/airflow/example_dags/example_branch_datetime_operator.py for tasks to queue
[2025-07-30T17:11:40.727+0000] {logging_mixin.py:190} INFO - [2025-07-30T17:11:40.727+0000] {dagbag.py:588} INFO - Filling up the DagBag from /home/airflow/.local/lib/python3.12/site-packages/airflow/example_dags/example_branch_datetime_operator.py
[2025-07-30T17:11:40.737+0000] {processor.py:925} INFO - DAG(s) 'example_branch_datetime_operator_3', 'example_branch_datetime_operator', 'example_branch_datetime_operator_2' retrieved from /home/airflow/.local/lib/python3.12/site-packages/airflow/example_dags/example_branch_datetime_operator.py
[2025-07-30T17:11:40.758+0000] {logging_mixin.py:190} INFO - [2025-07-30T17:11:40.757+0000] {dag.py:3239} INFO - Sync 3 DAGs
[2025-07-30T17:11:40.778+0000] {logging_mixin.py:190} INFO - [2025-07-30T17:11:40.777+0000] {dag.py:4180} INFO - Setting next_dagrun for example_branch_datetime_operator to 2025-07-29 00:00:00+00:00, run_after=2025-07-30 00:00:00+00:00
[2025-07-30T17:11:40.782+0000] {logging_mixin.py:190} INFO - [2025-07-30T17:11:40.782+0000] {dag.py:4180} INFO - Setting next_dagrun for example_branch_datetime_operator_2 to 2025-07-29 00:00:00+00:00, run_after=2025-07-30 00:00:00+00:00
[2025-07-30T17:11:40.784+0000] {logging_mixin.py:190} INFO - [2025-07-30T17:11:40.784+0000] {dag.py:4180} INFO - Setting next_dagrun for example_branch_datetime_operator_3 to 2025-07-29 00:00:00+00:00, run_after=2025-07-30 00:00:00+00:00
[2025-07-30T17:11:40.796+0000] {processor.py:208} INFO - Processing /home/airflow/.local/lib/python3.12/site-packages/airflow/example_dags/example_branch_datetime_operator.py took 0.076 seconds
[2025-07-30T17:12:11.276+0000] {processor.py:186} INFO - Started process (PID=6864) to work on /home/airflow/.local/lib/python3.12/site-packages/airflow/example_dags/example_branch_datetime_operator.py
[2025-07-30T17:12:11.277+0000] {processor.py:914} INFO - Processing file /home/airflow/.local/lib/python3.12/site-packages/airflow/example_dags/example_branch_datetime_operator.py for tasks to queue
[2025-07-30T17:12:11.279+0000] {logging_mixin.py:190} INFO - [2025-07-30T17:12:11.279+0000] {dagbag.py:588} INFO - Filling up the DagBag from /home/airflow/.local/lib/python3.12/site-packages/airflow/example_dags/example_branch_datetime_operator.py
[2025-07-30T17:12:11.288+0000] {processor.py:925} INFO - DAG(s) 'example_branch_datetime_operator_2', 'example_branch_datetime_operator_3', 'example_branch_datetime_operator' retrieved from /home/airflow/.local/lib/python3.12/site-packages/airflow/example_dags/example_branch_datetime_operator.py
[2025-07-30T17:12:11.309+0000] {logging_mixin.py:190} INFO - [2025-07-30T17:12:11.309+0000] {dag.py:3239} INFO - Sync 3 DAGs
[2025-07-30T17:12:11.329+0000] {logging_mixin.py:190} INFO - [2025-07-30T17:12:11.329+0000] {dag.py:4180} INFO - Setting next_dagrun for example_branch_datetime_operator to 2025-07-29 00:00:00+00:00, run_after=2025-07-30 00:00:00+00:00
[2025-07-30T17:12:11.333+0000] {logging_mixin.py:190} INFO - [2025-07-30T17:12:11.332+0000] {dag.py:4180} INFO - Setting next_dagrun for example_branch_datetime_operator_2 to 2025-07-29 00:00:00+00:00, run_after=2025-07-30 00:00:00+00:00
[2025-07-30T17:12:11.334+0000] {logging_mixin.py:190} INFO - [2025-07-30T17:12:11.334+0000] {dag.py:4180} INFO - Setting next_dagrun for example_branch_datetime_operator_3 to 2025-07-29 00:00:00+00:00, run_after=2025-07-30 00:00:00+00:00
[2025-07-30T17:12:11.346+0000] {processor.py:208} INFO - Processing /home/airflow/.local/lib/python3.12/site-packages/airflow/example_dags/example_branch_datetime_operator.py took 0.074 seconds
[2025-07-30T17:12:42.101+0000] {processor.py:186} INFO - Started process (PID=7168) to work on /home/airflow/.local/lib/python3.12/site-packages/airflow/example_dags/example_branch_datetime_operator.py
[2025-07-30T17:12:42.102+0000] {processor.py:914} INFO - Processing file /home/airflow/.local/lib/python3.12/site-packages/airflow/example_dags/example_branch_datetime_operator.py for tasks to queue
[2025-07-30T17:12:42.104+0000] {logging_mixin.py:190} INFO - [2025-07-30T17:12:42.104+0000] {dagbag.py:588} INFO - Filling up the DagBag from /home/airflow/.local/lib/python3.12/site-packages/airflow/example_dags/example_branch_datetime_operator.py
[2025-07-30T17:12:42.118+0000] {processor.py:925} INFO - DAG(s) 'example_branch_datetime_operator_2', 'example_branch_datetime_operator_3', 'example_branch_datetime_operator' retrieved from /home/airflow/.local/lib/python3.12/site-packages/airflow/example_dags/example_branch_datetime_operator.py
[2025-07-30T17:12:42.147+0000] {logging_mixin.py:190} INFO - [2025-07-30T17:12:42.146+0000] {dag.py:3239} INFO - Sync 3 DAGs
[2025-07-30T17:12:42.175+0000] {logging_mixin.py:190} INFO - [2025-07-30T17:12:42.174+0000] {dag.py:4180} INFO - Setting next_dagrun for example_branch_datetime_operator to 2025-07-29 00:00:00+00:00, run_after=2025-07-30 00:00:00+00:00
[2025-07-30T17:12:42.180+0000] {logging_mixin.py:190} INFO - [2025-07-30T17:12:42.180+0000] {dag.py:4180} INFO - Setting next_dagrun for example_branch_datetime_operator_2 to 2025-07-29 00:00:00+00:00, run_after=2025-07-30 00:00:00+00:00
[2025-07-30T17:12:42.186+0000] {logging_mixin.py:190} INFO - [2025-07-30T17:12:42.186+0000] {dag.py:4180} INFO - Setting next_dagrun for example_branch_datetime_operator_3 to 2025-07-29 00:00:00+00:00, run_after=2025-07-30 00:00:00+00:00
[2025-07-30T17:12:42.220+0000] {processor.py:208} INFO - Processing /home/airflow/.local/lib/python3.12/site-packages/airflow/example_dags/example_branch_datetime_operator.py took 0.125 seconds
[2025-07-30T17:13:12.651+0000] {processor.py:186} INFO - Started process (PID=7470) to work on /home/airflow/.local/lib/python3.12/site-packages/airflow/example_dags/example_branch_datetime_operator.py
[2025-07-30T17:13:12.651+0000] {processor.py:914} INFO - Processing file /home/airflow/.local/lib/python3.12/site-packages/airflow/example_dags/example_branch_datetime_operator.py for tasks to queue
[2025-07-30T17:13:12.653+0000] {logging_mixin.py:190} INFO - [2025-07-30T17:13:12.653+0000] {dagbag.py:588} INFO - Filling up the DagBag from /home/airflow/.local/lib/python3.12/site-packages/airflow/example_dags/example_branch_datetime_operator.py
[2025-07-30T17:13:12.663+0000] {processor.py:925} INFO - DAG(s) 'example_branch_datetime_operator', 'example_branch_datetime_operator_2', 'example_branch_datetime_operator_3' retrieved from /home/airflow/.local/lib/python3.12/site-packages/airflow/example_dags/example_branch_datetime_operator.py
[2025-07-30T17:13:12.684+0000] {logging_mixin.py:190} INFO - [2025-07-30T17:13:12.684+0000] {dag.py:3239} INFO - Sync 3 DAGs
[2025-07-30T17:13:12.717+0000] {logging_mixin.py:190} INFO - [2025-07-30T17:13:12.717+0000] {dag.py:4180} INFO - Setting next_dagrun for example_branch_datetime_operator to 2025-07-29 00:00:00+00:00, run_after=2025-07-30 00:00:00+00:00
[2025-07-30T17:13:12.728+0000] {logging_mixin.py:190} INFO - [2025-07-30T17:13:12.727+0000] {dag.py:4180} INFO - Setting next_dagrun for example_branch_datetime_operator_2 to 2025-07-29 00:00:00+00:00, run_after=2025-07-30 00:00:00+00:00
[2025-07-30T17:13:12.738+0000] {logging_mixin.py:190} INFO - [2025-07-30T17:13:12.737+0000] {dag.py:4180} INFO - Setting next_dagrun for example_branch_datetime_operator_3 to 2025-07-29 00:00:00+00:00, run_after=2025-07-30 00:00:00+00:00
[2025-07-30T17:13:12.771+0000] {processor.py:208} INFO - Processing /home/airflow/.local/lib/python3.12/site-packages/airflow/example_dags/example_branch_datetime_operator.py took 0.125 seconds
