[2025-07-30T17:01:23.301+0000] {processor.py:186} INFO - Started process (PID=387) to work on /home/airflow/.local/lib/python3.12/site-packages/airflow/example_dags/example_skip_dag.py
[2025-07-30T17:01:23.303+0000] {processor.py:914} INFO - Processing file /home/airflow/.local/lib/python3.12/site-packages/airflow/example_dags/example_skip_dag.py for tasks to queue
[2025-07-30T17:01:23.308+0000] {logging_mixin.py:190} INFO - [2025-07-30T17:01:23.307+0000] {dagbag.py:588} INFO - Filling up the DagBag from /home/airflow/.local/lib/python3.12/site-packages/airflow/example_dags/example_skip_dag.py
[2025-07-30T17:01:23.332+0000] {processor.py:925} INFO - DAG(s) 'example_skip_dag' retrieved from /home/airflow/.local/lib/python3.12/site-packages/airflow/example_dags/example_skip_dag.py
[2025-07-30T17:01:24.248+0000] {logging_mixin.py:190} INFO - [2025-07-30T17:01:24.247+0000] {override.py:1911} INFO - Created Permission View: can read on DAG:example_skip_dag
[2025-07-30T17:01:24.272+0000] {logging_mixin.py:190} INFO - [2025-07-30T17:01:24.272+0000] {override.py:1911} INFO - Created Permission View: can delete on DAG:example_skip_dag
[2025-07-30T17:01:24.292+0000] {logging_mixin.py:190} INFO - [2025-07-30T17:01:24.291+0000] {override.py:1911} INFO - Created Permission View: can edit on DAG:example_skip_dag
[2025-07-30T17:01:24.302+0000] {logging_mixin.py:190} INFO - [2025-07-30T17:01:24.301+0000] {override.py:1911} INFO - Created Permission View: can read on DAG Run:example_skip_dag
[2025-07-30T17:01:24.324+0000] {logging_mixin.py:190} INFO - [2025-07-30T17:01:24.324+0000] {override.py:1911} INFO - Created Permission View: menu access on DAG Run:example_skip_dag
[2025-07-30T17:01:24.344+0000] {logging_mixin.py:190} INFO - [2025-07-30T17:01:24.343+0000] {override.py:1911} INFO - Created Permission View: can delete on DAG Run:example_skip_dag
[2025-07-30T17:01:24.372+0000] {logging_mixin.py:190} INFO - [2025-07-30T17:01:24.372+0000] {override.py:1911} INFO - Created Permission View: can create on DAG Run:example_skip_dag
[2025-07-30T17:01:24.373+0000] {logging_mixin.py:190} INFO - [2025-07-30T17:01:24.373+0000] {dag.py:3239} INFO - Sync 1 DAGs
[2025-07-30T17:01:24.397+0000] {logging_mixin.py:190} INFO - [2025-07-30T17:01:24.396+0000] {dag.py:3262} INFO - Creating ORM DAG for example_skip_dag
[2025-07-30T17:01:24.421+0000] {logging_mixin.py:190} INFO - [2025-07-30T17:01:24.421+0000] {dag.py:4180} INFO - Setting next_dagrun for example_skip_dag to 2025-07-29 00:00:00+00:00, run_after=2025-07-30 00:00:00+00:00
[2025-07-30T17:01:24.447+0000] {processor.py:208} INFO - Processing /home/airflow/.local/lib/python3.12/site-packages/airflow/example_dags/example_skip_dag.py took 1.185 seconds
[2025-07-30T17:01:54.936+0000] {processor.py:186} INFO - Started process (PID=689) to work on /home/airflow/.local/lib/python3.12/site-packages/airflow/example_dags/example_skip_dag.py
[2025-07-30T17:01:54.937+0000] {processor.py:914} INFO - Processing file /home/airflow/.local/lib/python3.12/site-packages/airflow/example_dags/example_skip_dag.py for tasks to queue
[2025-07-30T17:01:54.938+0000] {logging_mixin.py:190} INFO - [2025-07-30T17:01:54.938+0000] {dagbag.py:588} INFO - Filling up the DagBag from /home/airflow/.local/lib/python3.12/site-packages/airflow/example_dags/example_skip_dag.py
[2025-07-30T17:01:54.945+0000] {processor.py:925} INFO - DAG(s) 'example_skip_dag' retrieved from /home/airflow/.local/lib/python3.12/site-packages/airflow/example_dags/example_skip_dag.py
[2025-07-30T17:01:54.961+0000] {logging_mixin.py:190} INFO - [2025-07-30T17:01:54.961+0000] {dag.py:3239} INFO - Sync 1 DAGs
[2025-07-30T17:01:54.978+0000] {logging_mixin.py:190} INFO - [2025-07-30T17:01:54.978+0000] {dag.py:4180} INFO - Setting next_dagrun for example_skip_dag to 2025-07-29 00:00:00+00:00, run_after=2025-07-30 00:00:00+00:00
[2025-07-30T17:01:54.992+0000] {processor.py:208} INFO - Processing /home/airflow/.local/lib/python3.12/site-packages/airflow/example_dags/example_skip_dag.py took 0.060 seconds
[2025-07-30T17:02:25.078+0000] {processor.py:186} INFO - Started process (PID=994) to work on /home/airflow/.local/lib/python3.12/site-packages/airflow/example_dags/example_skip_dag.py
[2025-07-30T17:02:25.079+0000] {processor.py:914} INFO - Processing file /home/airflow/.local/lib/python3.12/site-packages/airflow/example_dags/example_skip_dag.py for tasks to queue
[2025-07-30T17:02:25.081+0000] {logging_mixin.py:190} INFO - [2025-07-30T17:02:25.080+0000] {dagbag.py:588} INFO - Filling up the DagBag from /home/airflow/.local/lib/python3.12/site-packages/airflow/example_dags/example_skip_dag.py
[2025-07-30T17:02:25.088+0000] {processor.py:925} INFO - DAG(s) 'example_skip_dag' retrieved from /home/airflow/.local/lib/python3.12/site-packages/airflow/example_dags/example_skip_dag.py
[2025-07-30T17:02:25.113+0000] {logging_mixin.py:190} INFO - [2025-07-30T17:02:25.113+0000] {dag.py:3239} INFO - Sync 1 DAGs
[2025-07-30T17:02:25.141+0000] {logging_mixin.py:190} INFO - [2025-07-30T17:02:25.140+0000] {dag.py:4180} INFO - Setting next_dagrun for example_skip_dag to 2025-07-29 00:00:00+00:00, run_after=2025-07-30 00:00:00+00:00
[2025-07-30T17:02:25.160+0000] {processor.py:208} INFO - Processing /home/airflow/.local/lib/python3.12/site-packages/airflow/example_dags/example_skip_dag.py took 0.086 seconds
[2025-07-30T17:02:55.195+0000] {processor.py:186} INFO - Started process (PID=1300) to work on /home/airflow/.local/lib/python3.12/site-packages/airflow/example_dags/example_skip_dag.py
[2025-07-30T17:02:55.195+0000] {processor.py:914} INFO - Processing file /home/airflow/.local/lib/python3.12/site-packages/airflow/example_dags/example_skip_dag.py for tasks to queue
[2025-07-30T17:02:55.197+0000] {logging_mixin.py:190} INFO - [2025-07-30T17:02:55.197+0000] {dagbag.py:588} INFO - Filling up the DagBag from /home/airflow/.local/lib/python3.12/site-packages/airflow/example_dags/example_skip_dag.py
[2025-07-30T17:02:55.203+0000] {processor.py:925} INFO - DAG(s) 'example_skip_dag' retrieved from /home/airflow/.local/lib/python3.12/site-packages/airflow/example_dags/example_skip_dag.py
[2025-07-30T17:02:55.221+0000] {logging_mixin.py:190} INFO - [2025-07-30T17:02:55.220+0000] {dag.py:3239} INFO - Sync 1 DAGs
[2025-07-30T17:02:55.239+0000] {logging_mixin.py:190} INFO - [2025-07-30T17:02:55.239+0000] {dag.py:4180} INFO - Setting next_dagrun for example_skip_dag to 2025-07-29 00:00:00+00:00, run_after=2025-07-30 00:00:00+00:00
[2025-07-30T17:02:55.252+0000] {processor.py:208} INFO - Processing /home/airflow/.local/lib/python3.12/site-packages/airflow/example_dags/example_skip_dag.py took 0.062 seconds
[2025-07-30T17:03:25.813+0000] {processor.py:186} INFO - Started process (PID=1604) to work on /home/airflow/.local/lib/python3.12/site-packages/airflow/example_dags/example_skip_dag.py
[2025-07-30T17:03:25.814+0000] {processor.py:914} INFO - Processing file /home/airflow/.local/lib/python3.12/site-packages/airflow/example_dags/example_skip_dag.py for tasks to queue
[2025-07-30T17:03:25.817+0000] {logging_mixin.py:190} INFO - [2025-07-30T17:03:25.816+0000] {dagbag.py:588} INFO - Filling up the DagBag from /home/airflow/.local/lib/python3.12/site-packages/airflow/example_dags/example_skip_dag.py
[2025-07-30T17:03:25.825+0000] {processor.py:925} INFO - DAG(s) 'example_skip_dag' retrieved from /home/airflow/.local/lib/python3.12/site-packages/airflow/example_dags/example_skip_dag.py
[2025-07-30T17:03:25.850+0000] {logging_mixin.py:190} INFO - [2025-07-30T17:03:25.849+0000] {dag.py:3239} INFO - Sync 1 DAGs
[2025-07-30T17:03:25.876+0000] {logging_mixin.py:190} INFO - [2025-07-30T17:03:25.876+0000] {dag.py:4180} INFO - Setting next_dagrun for example_skip_dag to 2025-07-29 00:00:00+00:00, run_after=2025-07-30 00:00:00+00:00
[2025-07-30T17:03:25.894+0000] {processor.py:208} INFO - Processing /home/airflow/.local/lib/python3.12/site-packages/airflow/example_dags/example_skip_dag.py took 0.086 seconds
[2025-07-30T17:03:56.314+0000] {processor.py:186} INFO - Started process (PID=1907) to work on /home/airflow/.local/lib/python3.12/site-packages/airflow/example_dags/example_skip_dag.py
[2025-07-30T17:03:56.315+0000] {processor.py:914} INFO - Processing file /home/airflow/.local/lib/python3.12/site-packages/airflow/example_dags/example_skip_dag.py for tasks to queue
[2025-07-30T17:03:56.317+0000] {logging_mixin.py:190} INFO - [2025-07-30T17:03:56.317+0000] {dagbag.py:588} INFO - Filling up the DagBag from /home/airflow/.local/lib/python3.12/site-packages/airflow/example_dags/example_skip_dag.py
[2025-07-30T17:03:56.326+0000] {processor.py:925} INFO - DAG(s) 'example_skip_dag' retrieved from /home/airflow/.local/lib/python3.12/site-packages/airflow/example_dags/example_skip_dag.py
[2025-07-30T17:03:56.354+0000] {logging_mixin.py:190} INFO - [2025-07-30T17:03:56.354+0000] {dag.py:3239} INFO - Sync 1 DAGs
[2025-07-30T17:03:56.373+0000] {logging_mixin.py:190} INFO - [2025-07-30T17:03:56.372+0000] {dag.py:4180} INFO - Setting next_dagrun for example_skip_dag to 2025-07-29 00:00:00+00:00, run_after=2025-07-30 00:00:00+00:00
[2025-07-30T17:03:56.385+0000] {processor.py:208} INFO - Processing /home/airflow/.local/lib/python3.12/site-packages/airflow/example_dags/example_skip_dag.py took 0.078 seconds
[2025-07-30T17:04:26.859+0000] {processor.py:186} INFO - Started process (PID=2213) to work on /home/airflow/.local/lib/python3.12/site-packages/airflow/example_dags/example_skip_dag.py
[2025-07-30T17:04:26.860+0000] {processor.py:914} INFO - Processing file /home/airflow/.local/lib/python3.12/site-packages/airflow/example_dags/example_skip_dag.py for tasks to queue
[2025-07-30T17:04:26.861+0000] {logging_mixin.py:190} INFO - [2025-07-30T17:04:26.861+0000] {dagbag.py:588} INFO - Filling up the DagBag from /home/airflow/.local/lib/python3.12/site-packages/airflow/example_dags/example_skip_dag.py
[2025-07-30T17:04:26.867+0000] {processor.py:925} INFO - DAG(s) 'example_skip_dag' retrieved from /home/airflow/.local/lib/python3.12/site-packages/airflow/example_dags/example_skip_dag.py
[2025-07-30T17:04:26.883+0000] {logging_mixin.py:190} INFO - [2025-07-30T17:04:26.883+0000] {dag.py:3239} INFO - Sync 1 DAGs
[2025-07-30T17:04:26.901+0000] {logging_mixin.py:190} INFO - [2025-07-30T17:04:26.900+0000] {dag.py:4180} INFO - Setting next_dagrun for example_skip_dag to 2025-07-29 00:00:00+00:00, run_after=2025-07-30 00:00:00+00:00
[2025-07-30T17:04:26.914+0000] {processor.py:208} INFO - Processing /home/airflow/.local/lib/python3.12/site-packages/airflow/example_dags/example_skip_dag.py took 0.060 seconds
[2025-07-30T17:04:57.567+0000] {processor.py:186} INFO - Started process (PID=2519) to work on /home/airflow/.local/lib/python3.12/site-packages/airflow/example_dags/example_skip_dag.py
[2025-07-30T17:04:57.568+0000] {processor.py:914} INFO - Processing file /home/airflow/.local/lib/python3.12/site-packages/airflow/example_dags/example_skip_dag.py for tasks to queue
[2025-07-30T17:04:57.571+0000] {logging_mixin.py:190} INFO - [2025-07-30T17:04:57.570+0000] {dagbag.py:588} INFO - Filling up the DagBag from /home/airflow/.local/lib/python3.12/site-packages/airflow/example_dags/example_skip_dag.py
[2025-07-30T17:04:57.580+0000] {processor.py:925} INFO - DAG(s) 'example_skip_dag' retrieved from /home/airflow/.local/lib/python3.12/site-packages/airflow/example_dags/example_skip_dag.py
[2025-07-30T17:04:57.598+0000] {logging_mixin.py:190} INFO - [2025-07-30T17:04:57.598+0000] {dag.py:3239} INFO - Sync 1 DAGs
[2025-07-30T17:04:57.616+0000] {logging_mixin.py:190} INFO - [2025-07-30T17:04:57.616+0000] {dag.py:4180} INFO - Setting next_dagrun for example_skip_dag to 2025-07-29 00:00:00+00:00, run_after=2025-07-30 00:00:00+00:00
[2025-07-30T17:04:57.630+0000] {processor.py:208} INFO - Processing /home/airflow/.local/lib/python3.12/site-packages/airflow/example_dags/example_skip_dag.py took 0.069 seconds
[2025-07-30T17:05:28.059+0000] {processor.py:186} INFO - Started process (PID=2825) to work on /home/airflow/.local/lib/python3.12/site-packages/airflow/example_dags/example_skip_dag.py
[2025-07-30T17:05:28.060+0000] {processor.py:914} INFO - Processing file /home/airflow/.local/lib/python3.12/site-packages/airflow/example_dags/example_skip_dag.py for tasks to queue
[2025-07-30T17:05:28.062+0000] {logging_mixin.py:190} INFO - [2025-07-30T17:05:28.062+0000] {dagbag.py:588} INFO - Filling up the DagBag from /home/airflow/.local/lib/python3.12/site-packages/airflow/example_dags/example_skip_dag.py
[2025-07-30T17:05:28.071+0000] {processor.py:925} INFO - DAG(s) 'example_skip_dag' retrieved from /home/airflow/.local/lib/python3.12/site-packages/airflow/example_dags/example_skip_dag.py
[2025-07-30T17:05:28.096+0000] {logging_mixin.py:190} INFO - [2025-07-30T17:05:28.096+0000] {dag.py:3239} INFO - Sync 1 DAGs
[2025-07-30T17:05:28.123+0000] {logging_mixin.py:190} INFO - [2025-07-30T17:05:28.123+0000] {dag.py:4180} INFO - Setting next_dagrun for example_skip_dag to 2025-07-29 00:00:00+00:00, run_after=2025-07-30 00:00:00+00:00
[2025-07-30T17:05:28.143+0000] {processor.py:208} INFO - Processing /home/airflow/.local/lib/python3.12/site-packages/airflow/example_dags/example_skip_dag.py took 0.092 seconds
[2025-07-30T17:05:58.537+0000] {processor.py:186} INFO - Started process (PID=3131) to work on /home/airflow/.local/lib/python3.12/site-packages/airflow/example_dags/example_skip_dag.py
[2025-07-30T17:05:58.537+0000] {processor.py:914} INFO - Processing file /home/airflow/.local/lib/python3.12/site-packages/airflow/example_dags/example_skip_dag.py for tasks to queue
[2025-07-30T17:05:58.540+0000] {logging_mixin.py:190} INFO - [2025-07-30T17:05:58.539+0000] {dagbag.py:588} INFO - Filling up the DagBag from /home/airflow/.local/lib/python3.12/site-packages/airflow/example_dags/example_skip_dag.py
[2025-07-30T17:05:58.554+0000] {processor.py:925} INFO - DAG(s) 'example_skip_dag' retrieved from /home/airflow/.local/lib/python3.12/site-packages/airflow/example_dags/example_skip_dag.py
[2025-07-30T17:05:58.573+0000] {logging_mixin.py:190} INFO - [2025-07-30T17:05:58.572+0000] {dag.py:3239} INFO - Sync 1 DAGs
[2025-07-30T17:05:58.591+0000] {logging_mixin.py:190} INFO - [2025-07-30T17:05:58.591+0000] {dag.py:4180} INFO - Setting next_dagrun for example_skip_dag to 2025-07-29 00:00:00+00:00, run_after=2025-07-30 00:00:00+00:00
[2025-07-30T17:05:58.605+0000] {processor.py:208} INFO - Processing /home/airflow/.local/lib/python3.12/site-packages/airflow/example_dags/example_skip_dag.py took 0.076 seconds
[2025-07-30T17:06:29.022+0000] {processor.py:186} INFO - Started process (PID=3437) to work on /home/airflow/.local/lib/python3.12/site-packages/airflow/example_dags/example_skip_dag.py
[2025-07-30T17:06:29.023+0000] {processor.py:914} INFO - Processing file /home/airflow/.local/lib/python3.12/site-packages/airflow/example_dags/example_skip_dag.py for tasks to queue
[2025-07-30T17:06:29.024+0000] {logging_mixin.py:190} INFO - [2025-07-30T17:06:29.024+0000] {dagbag.py:588} INFO - Filling up the DagBag from /home/airflow/.local/lib/python3.12/site-packages/airflow/example_dags/example_skip_dag.py
[2025-07-30T17:06:29.031+0000] {processor.py:925} INFO - DAG(s) 'example_skip_dag' retrieved from /home/airflow/.local/lib/python3.12/site-packages/airflow/example_dags/example_skip_dag.py
[2025-07-30T17:06:29.047+0000] {logging_mixin.py:190} INFO - [2025-07-30T17:06:29.047+0000] {dag.py:3239} INFO - Sync 1 DAGs
[2025-07-30T17:06:29.065+0000] {logging_mixin.py:190} INFO - [2025-07-30T17:06:29.065+0000] {dag.py:4180} INFO - Setting next_dagrun for example_skip_dag to 2025-07-29 00:00:00+00:00, run_after=2025-07-30 00:00:00+00:00
[2025-07-30T17:06:29.078+0000] {processor.py:208} INFO - Processing /home/airflow/.local/lib/python3.12/site-packages/airflow/example_dags/example_skip_dag.py took 0.060 seconds
[2025-07-30T17:06:59.447+0000] {processor.py:186} INFO - Started process (PID=3743) to work on /home/airflow/.local/lib/python3.12/site-packages/airflow/example_dags/example_skip_dag.py
[2025-07-30T17:06:59.447+0000] {processor.py:914} INFO - Processing file /home/airflow/.local/lib/python3.12/site-packages/airflow/example_dags/example_skip_dag.py for tasks to queue
[2025-07-30T17:06:59.449+0000] {logging_mixin.py:190} INFO - [2025-07-30T17:06:59.449+0000] {dagbag.py:588} INFO - Filling up the DagBag from /home/airflow/.local/lib/python3.12/site-packages/airflow/example_dags/example_skip_dag.py
[2025-07-30T17:06:59.455+0000] {processor.py:925} INFO - DAG(s) 'example_skip_dag' retrieved from /home/airflow/.local/lib/python3.12/site-packages/airflow/example_dags/example_skip_dag.py
[2025-07-30T17:06:59.471+0000] {logging_mixin.py:190} INFO - [2025-07-30T17:06:59.471+0000] {dag.py:3239} INFO - Sync 1 DAGs
[2025-07-30T17:06:59.489+0000] {logging_mixin.py:190} INFO - [2025-07-30T17:06:59.489+0000] {dag.py:4180} INFO - Setting next_dagrun for example_skip_dag to 2025-07-29 00:00:00+00:00, run_after=2025-07-30 00:00:00+00:00
[2025-07-30T17:06:59.502+0000] {processor.py:208} INFO - Processing /home/airflow/.local/lib/python3.12/site-packages/airflow/example_dags/example_skip_dag.py took 0.060 seconds
[2025-07-30T17:07:30.204+0000] {processor.py:186} INFO - Started process (PID=4047) to work on /home/airflow/.local/lib/python3.12/site-packages/airflow/example_dags/example_skip_dag.py
[2025-07-30T17:07:30.205+0000] {processor.py:914} INFO - Processing file /home/airflow/.local/lib/python3.12/site-packages/airflow/example_dags/example_skip_dag.py for tasks to queue
[2025-07-30T17:07:30.207+0000] {logging_mixin.py:190} INFO - [2025-07-30T17:07:30.207+0000] {dagbag.py:588} INFO - Filling up the DagBag from /home/airflow/.local/lib/python3.12/site-packages/airflow/example_dags/example_skip_dag.py
[2025-07-30T17:07:30.216+0000] {processor.py:925} INFO - DAG(s) 'example_skip_dag' retrieved from /home/airflow/.local/lib/python3.12/site-packages/airflow/example_dags/example_skip_dag.py
[2025-07-30T17:07:30.239+0000] {logging_mixin.py:190} INFO - [2025-07-30T17:07:30.239+0000] {dag.py:3239} INFO - Sync 1 DAGs
[2025-07-30T17:07:30.266+0000] {logging_mixin.py:190} INFO - [2025-07-30T17:07:30.266+0000] {dag.py:4180} INFO - Setting next_dagrun for example_skip_dag to 2025-07-29 00:00:00+00:00, run_after=2025-07-30 00:00:00+00:00
[2025-07-30T17:07:30.283+0000] {processor.py:208} INFO - Processing /home/airflow/.local/lib/python3.12/site-packages/airflow/example_dags/example_skip_dag.py took 0.085 seconds
[2025-07-30T17:08:00.940+0000] {processor.py:186} INFO - Started process (PID=4353) to work on /home/airflow/.local/lib/python3.12/site-packages/airflow/example_dags/example_skip_dag.py
[2025-07-30T17:08:00.940+0000] {processor.py:914} INFO - Processing file /home/airflow/.local/lib/python3.12/site-packages/airflow/example_dags/example_skip_dag.py for tasks to queue
[2025-07-30T17:08:00.943+0000] {logging_mixin.py:190} INFO - [2025-07-30T17:08:00.943+0000] {dagbag.py:588} INFO - Filling up the DagBag from /home/airflow/.local/lib/python3.12/site-packages/airflow/example_dags/example_skip_dag.py
[2025-07-30T17:08:00.951+0000] {processor.py:925} INFO - DAG(s) 'example_skip_dag' retrieved from /home/airflow/.local/lib/python3.12/site-packages/airflow/example_dags/example_skip_dag.py
[2025-07-30T17:08:01.020+0000] {logging_mixin.py:190} INFO - [2025-07-30T17:08:01.019+0000] {dag.py:3239} INFO - Sync 1 DAGs
[2025-07-30T17:08:01.121+0000] {logging_mixin.py:190} INFO - [2025-07-30T17:08:01.120+0000] {dag.py:4180} INFO - Setting next_dagrun for example_skip_dag to 2025-07-29 00:00:00+00:00, run_after=2025-07-30 00:00:00+00:00
[2025-07-30T17:08:01.178+0000] {processor.py:208} INFO - Processing /home/airflow/.local/lib/python3.12/site-packages/airflow/example_dags/example_skip_dag.py took 0.244 seconds
[2025-07-30T17:08:31.261+0000] {processor.py:186} INFO - Started process (PID=4656) to work on /home/airflow/.local/lib/python3.12/site-packages/airflow/example_dags/example_skip_dag.py
[2025-07-30T17:08:31.262+0000] {processor.py:914} INFO - Processing file /home/airflow/.local/lib/python3.12/site-packages/airflow/example_dags/example_skip_dag.py for tasks to queue
[2025-07-30T17:08:31.263+0000] {logging_mixin.py:190} INFO - [2025-07-30T17:08:31.263+0000] {dagbag.py:588} INFO - Filling up the DagBag from /home/airflow/.local/lib/python3.12/site-packages/airflow/example_dags/example_skip_dag.py
[2025-07-30T17:08:31.269+0000] {processor.py:925} INFO - DAG(s) 'example_skip_dag' retrieved from /home/airflow/.local/lib/python3.12/site-packages/airflow/example_dags/example_skip_dag.py
[2025-07-30T17:08:31.287+0000] {logging_mixin.py:190} INFO - [2025-07-30T17:08:31.286+0000] {dag.py:3239} INFO - Sync 1 DAGs
[2025-07-30T17:08:31.304+0000] {logging_mixin.py:190} INFO - [2025-07-30T17:08:31.304+0000] {dag.py:4180} INFO - Setting next_dagrun for example_skip_dag to 2025-07-29 00:00:00+00:00, run_after=2025-07-30 00:00:00+00:00
[2025-07-30T17:08:31.317+0000] {processor.py:208} INFO - Processing /home/airflow/.local/lib/python3.12/site-packages/airflow/example_dags/example_skip_dag.py took 0.062 seconds
[2025-07-30T17:09:01.463+0000] {processor.py:186} INFO - Started process (PID=4962) to work on /home/airflow/.local/lib/python3.12/site-packages/airflow/example_dags/example_skip_dag.py
[2025-07-30T17:09:01.463+0000] {processor.py:914} INFO - Processing file /home/airflow/.local/lib/python3.12/site-packages/airflow/example_dags/example_skip_dag.py for tasks to queue
[2025-07-30T17:09:01.466+0000] {logging_mixin.py:190} INFO - [2025-07-30T17:09:01.465+0000] {dagbag.py:588} INFO - Filling up the DagBag from /home/airflow/.local/lib/python3.12/site-packages/airflow/example_dags/example_skip_dag.py
[2025-07-30T17:09:01.474+0000] {processor.py:925} INFO - DAG(s) 'example_skip_dag' retrieved from /home/airflow/.local/lib/python3.12/site-packages/airflow/example_dags/example_skip_dag.py
[2025-07-30T17:09:01.500+0000] {logging_mixin.py:190} INFO - [2025-07-30T17:09:01.500+0000] {dag.py:3239} INFO - Sync 1 DAGs
[2025-07-30T17:09:01.526+0000] {logging_mixin.py:190} INFO - [2025-07-30T17:09:01.526+0000] {dag.py:4180} INFO - Setting next_dagrun for example_skip_dag to 2025-07-29 00:00:00+00:00, run_after=2025-07-30 00:00:00+00:00
[2025-07-30T17:09:01.547+0000] {processor.py:208} INFO - Processing /home/airflow/.local/lib/python3.12/site-packages/airflow/example_dags/example_skip_dag.py took 0.090 seconds
[2025-07-30T17:09:32.295+0000] {processor.py:186} INFO - Started process (PID=5268) to work on /home/airflow/.local/lib/python3.12/site-packages/airflow/example_dags/example_skip_dag.py
[2025-07-30T17:09:32.297+0000] {processor.py:914} INFO - Processing file /home/airflow/.local/lib/python3.12/site-packages/airflow/example_dags/example_skip_dag.py for tasks to queue
[2025-07-30T17:09:32.299+0000] {logging_mixin.py:190} INFO - [2025-07-30T17:09:32.299+0000] {dagbag.py:588} INFO - Filling up the DagBag from /home/airflow/.local/lib/python3.12/site-packages/airflow/example_dags/example_skip_dag.py
[2025-07-30T17:09:32.308+0000] {processor.py:925} INFO - DAG(s) 'example_skip_dag' retrieved from /home/airflow/.local/lib/python3.12/site-packages/airflow/example_dags/example_skip_dag.py
[2025-07-30T17:09:32.332+0000] {logging_mixin.py:190} INFO - [2025-07-30T17:09:32.331+0000] {dag.py:3239} INFO - Sync 1 DAGs
[2025-07-30T17:09:32.358+0000] {logging_mixin.py:190} INFO - [2025-07-30T17:09:32.357+0000] {dag.py:4180} INFO - Setting next_dagrun for example_skip_dag to 2025-07-29 00:00:00+00:00, run_after=2025-07-30 00:00:00+00:00
[2025-07-30T17:09:32.376+0000] {processor.py:208} INFO - Processing /home/airflow/.local/lib/python3.12/site-packages/airflow/example_dags/example_skip_dag.py took 0.086 seconds
[2025-07-30T17:10:02.526+0000] {processor.py:186} INFO - Started process (PID=5574) to work on /home/airflow/.local/lib/python3.12/site-packages/airflow/example_dags/example_skip_dag.py
[2025-07-30T17:10:02.527+0000] {processor.py:914} INFO - Processing file /home/airflow/.local/lib/python3.12/site-packages/airflow/example_dags/example_skip_dag.py for tasks to queue
[2025-07-30T17:10:02.530+0000] {logging_mixin.py:190} INFO - [2025-07-30T17:10:02.530+0000] {dagbag.py:588} INFO - Filling up the DagBag from /home/airflow/.local/lib/python3.12/site-packages/airflow/example_dags/example_skip_dag.py
[2025-07-30T17:10:02.540+0000] {processor.py:925} INFO - DAG(s) 'example_skip_dag' retrieved from /home/airflow/.local/lib/python3.12/site-packages/airflow/example_dags/example_skip_dag.py
[2025-07-30T17:10:02.565+0000] {logging_mixin.py:190} INFO - [2025-07-30T17:10:02.565+0000] {dag.py:3239} INFO - Sync 1 DAGs
[2025-07-30T17:10:02.597+0000] {logging_mixin.py:190} INFO - [2025-07-30T17:10:02.597+0000] {dag.py:4180} INFO - Setting next_dagrun for example_skip_dag to 2025-07-29 00:00:00+00:00, run_after=2025-07-30 00:00:00+00:00
[2025-07-30T17:10:02.617+0000] {processor.py:208} INFO - Processing /home/airflow/.local/lib/python3.12/site-packages/airflow/example_dags/example_skip_dag.py took 0.106 seconds
[2025-07-30T17:10:33.457+0000] {processor.py:186} INFO - Started process (PID=5880) to work on /home/airflow/.local/lib/python3.12/site-packages/airflow/example_dags/example_skip_dag.py
[2025-07-30T17:10:33.458+0000] {processor.py:914} INFO - Processing file /home/airflow/.local/lib/python3.12/site-packages/airflow/example_dags/example_skip_dag.py for tasks to queue
[2025-07-30T17:10:33.460+0000] {logging_mixin.py:190} INFO - [2025-07-30T17:10:33.460+0000] {dagbag.py:588} INFO - Filling up the DagBag from /home/airflow/.local/lib/python3.12/site-packages/airflow/example_dags/example_skip_dag.py
[2025-07-30T17:10:33.469+0000] {processor.py:925} INFO - DAG(s) 'example_skip_dag' retrieved from /home/airflow/.local/lib/python3.12/site-packages/airflow/example_dags/example_skip_dag.py
[2025-07-30T17:10:33.493+0000] {logging_mixin.py:190} INFO - [2025-07-30T17:10:33.493+0000] {dag.py:3239} INFO - Sync 1 DAGs
[2025-07-30T17:10:33.523+0000] {logging_mixin.py:190} INFO - [2025-07-30T17:10:33.523+0000] {dag.py:4180} INFO - Setting next_dagrun for example_skip_dag to 2025-07-29 00:00:00+00:00, run_after=2025-07-30 00:00:00+00:00
[2025-07-30T17:10:33.542+0000] {processor.py:208} INFO - Processing /home/airflow/.local/lib/python3.12/site-packages/airflow/example_dags/example_skip_dag.py took 0.090 seconds
[2025-07-30T17:11:03.994+0000] {processor.py:186} INFO - Started process (PID=6186) to work on /home/airflow/.local/lib/python3.12/site-packages/airflow/example_dags/example_skip_dag.py
[2025-07-30T17:11:03.994+0000] {processor.py:914} INFO - Processing file /home/airflow/.local/lib/python3.12/site-packages/airflow/example_dags/example_skip_dag.py for tasks to queue
[2025-07-30T17:11:03.997+0000] {logging_mixin.py:190} INFO - [2025-07-30T17:11:03.997+0000] {dagbag.py:588} INFO - Filling up the DagBag from /home/airflow/.local/lib/python3.12/site-packages/airflow/example_dags/example_skip_dag.py
[2025-07-30T17:11:04.006+0000] {processor.py:925} INFO - DAG(s) 'example_skip_dag' retrieved from /home/airflow/.local/lib/python3.12/site-packages/airflow/example_dags/example_skip_dag.py
[2025-07-30T17:11:04.032+0000] {logging_mixin.py:190} INFO - [2025-07-30T17:11:04.032+0000] {dag.py:3239} INFO - Sync 1 DAGs
[2025-07-30T17:11:04.058+0000] {logging_mixin.py:190} INFO - [2025-07-30T17:11:04.057+0000] {dag.py:4180} INFO - Setting next_dagrun for example_skip_dag to 2025-07-29 00:00:00+00:00, run_after=2025-07-30 00:00:00+00:00
[2025-07-30T17:11:04.078+0000] {processor.py:208} INFO - Processing /home/airflow/.local/lib/python3.12/site-packages/airflow/example_dags/example_skip_dag.py took 0.090 seconds
[2025-07-30T17:11:34.805+0000] {processor.py:186} INFO - Started process (PID=6492) to work on /home/airflow/.local/lib/python3.12/site-packages/airflow/example_dags/example_skip_dag.py
[2025-07-30T17:11:34.806+0000] {processor.py:914} INFO - Processing file /home/airflow/.local/lib/python3.12/site-packages/airflow/example_dags/example_skip_dag.py for tasks to queue
[2025-07-30T17:11:34.808+0000] {logging_mixin.py:190} INFO - [2025-07-30T17:11:34.808+0000] {dagbag.py:588} INFO - Filling up the DagBag from /home/airflow/.local/lib/python3.12/site-packages/airflow/example_dags/example_skip_dag.py
[2025-07-30T17:11:34.817+0000] {processor.py:925} INFO - DAG(s) 'example_skip_dag' retrieved from /home/airflow/.local/lib/python3.12/site-packages/airflow/example_dags/example_skip_dag.py
[2025-07-30T17:11:34.842+0000] {logging_mixin.py:190} INFO - [2025-07-30T17:11:34.842+0000] {dag.py:3239} INFO - Sync 1 DAGs
[2025-07-30T17:11:34.871+0000] {logging_mixin.py:190} INFO - [2025-07-30T17:11:34.871+0000] {dag.py:4180} INFO - Setting next_dagrun for example_skip_dag to 2025-07-29 00:00:00+00:00, run_after=2025-07-30 00:00:00+00:00
[2025-07-30T17:11:34.891+0000] {processor.py:208} INFO - Processing /home/airflow/.local/lib/python3.12/site-packages/airflow/example_dags/example_skip_dag.py took 0.091 seconds
[2025-07-30T17:12:04.990+0000] {processor.py:186} INFO - Started process (PID=6798) to work on /home/airflow/.local/lib/python3.12/site-packages/airflow/example_dags/example_skip_dag.py
[2025-07-30T17:12:04.992+0000] {processor.py:914} INFO - Processing file /home/airflow/.local/lib/python3.12/site-packages/airflow/example_dags/example_skip_dag.py for tasks to queue
[2025-07-30T17:12:04.994+0000] {logging_mixin.py:190} INFO - [2025-07-30T17:12:04.994+0000] {dagbag.py:588} INFO - Filling up the DagBag from /home/airflow/.local/lib/python3.12/site-packages/airflow/example_dags/example_skip_dag.py
[2025-07-30T17:12:05.002+0000] {processor.py:925} INFO - DAG(s) 'example_skip_dag' retrieved from /home/airflow/.local/lib/python3.12/site-packages/airflow/example_dags/example_skip_dag.py
[2025-07-30T17:12:05.027+0000] {logging_mixin.py:190} INFO - [2025-07-30T17:12:05.027+0000] {dag.py:3239} INFO - Sync 1 DAGs
[2025-07-30T17:12:05.053+0000] {logging_mixin.py:190} INFO - [2025-07-30T17:12:05.053+0000] {dag.py:4180} INFO - Setting next_dagrun for example_skip_dag to 2025-07-29 00:00:00+00:00, run_after=2025-07-30 00:00:00+00:00
[2025-07-30T17:12:05.072+0000] {processor.py:208} INFO - Processing /home/airflow/.local/lib/python3.12/site-packages/airflow/example_dags/example_skip_dag.py took 0.087 seconds
[2025-07-30T17:12:35.140+0000] {processor.py:186} INFO - Started process (PID=7104) to work on /home/airflow/.local/lib/python3.12/site-packages/airflow/example_dags/example_skip_dag.py
[2025-07-30T17:12:35.141+0000] {processor.py:914} INFO - Processing file /home/airflow/.local/lib/python3.12/site-packages/airflow/example_dags/example_skip_dag.py for tasks to queue
[2025-07-30T17:12:35.143+0000] {logging_mixin.py:190} INFO - [2025-07-30T17:12:35.143+0000] {dagbag.py:588} INFO - Filling up the DagBag from /home/airflow/.local/lib/python3.12/site-packages/airflow/example_dags/example_skip_dag.py
[2025-07-30T17:12:35.152+0000] {processor.py:925} INFO - DAG(s) 'example_skip_dag' retrieved from /home/airflow/.local/lib/python3.12/site-packages/airflow/example_dags/example_skip_dag.py
[2025-07-30T17:12:35.175+0000] {logging_mixin.py:190} INFO - [2025-07-30T17:12:35.175+0000] {dag.py:3239} INFO - Sync 1 DAGs
[2025-07-30T17:12:35.209+0000] {logging_mixin.py:190} INFO - [2025-07-30T17:12:35.209+0000] {dag.py:4180} INFO - Setting next_dagrun for example_skip_dag to 2025-07-29 00:00:00+00:00, run_after=2025-07-30 00:00:00+00:00
[2025-07-30T17:12:35.228+0000] {processor.py:208} INFO - Processing /home/airflow/.local/lib/python3.12/site-packages/airflow/example_dags/example_skip_dag.py took 0.094 seconds
[2025-07-30T17:13:05.823+0000] {processor.py:186} INFO - Started process (PID=7410) to work on /home/airflow/.local/lib/python3.12/site-packages/airflow/example_dags/example_skip_dag.py
[2025-07-30T17:13:05.825+0000] {processor.py:914} INFO - Processing file /home/airflow/.local/lib/python3.12/site-packages/airflow/example_dags/example_skip_dag.py for tasks to queue
[2025-07-30T17:13:05.828+0000] {logging_mixin.py:190} INFO - [2025-07-30T17:13:05.827+0000] {dagbag.py:588} INFO - Filling up the DagBag from /home/airflow/.local/lib/python3.12/site-packages/airflow/example_dags/example_skip_dag.py
[2025-07-30T17:13:05.836+0000] {processor.py:925} INFO - DAG(s) 'example_skip_dag' retrieved from /home/airflow/.local/lib/python3.12/site-packages/airflow/example_dags/example_skip_dag.py
[2025-07-30T17:13:05.860+0000] {logging_mixin.py:190} INFO - [2025-07-30T17:13:05.860+0000] {dag.py:3239} INFO - Sync 1 DAGs
[2025-07-30T17:13:05.886+0000] {logging_mixin.py:190} INFO - [2025-07-30T17:13:05.886+0000] {dag.py:4180} INFO - Setting next_dagrun for example_skip_dag to 2025-07-29 00:00:00+00:00, run_after=2025-07-30 00:00:00+00:00
[2025-07-30T17:13:05.904+0000] {processor.py:208} INFO - Processing /home/airflow/.local/lib/python3.12/site-packages/airflow/example_dags/example_skip_dag.py took 0.086 seconds
