[2025-07-30T17:01:15.510+0000] {processor.py:186} INFO - Started process (PID=287) to work on /home/airflow/.local/lib/python3.12/site-packages/airflow/example_dags/example_subdag_operator.py
[2025-07-30T17:01:15.510+0000] {processor.py:914} INFO - Processing file /home/airflow/.local/lib/python3.12/site-packages/airflow/example_dags/example_subdag_operator.py for tasks to queue
[2025-07-30T17:01:15.513+0000] {logging_mixin.py:190} INFO - [2025-07-30T17:01:15.513+0000] {dagbag.py:588} INFO - Filling up the DagBag from /home/airflow/.local/lib/python3.12/site-packages/airflow/example_dags/example_subdag_operator.py
[2025-07-30T17:01:15.596+0000] {processor.py:925} INFO - DAG(s) 'example_subdag_operator.section-1', 'example_subdag_operator.section-2', 'example_subdag_operator' retrieved from /home/airflow/.local/lib/python3.12/site-packages/airflow/example_dags/example_subdag_operator.py
[2025-07-30T17:01:16.094+0000] {logging_mixin.py:190} INFO - [2025-07-30T17:01:16.093+0000] {override.py:1911} INFO - Created Permission View: can read on DAG:example_subdag_operator
[2025-07-30T17:01:16.128+0000] {logging_mixin.py:190} INFO - [2025-07-30T17:01:16.128+0000] {override.py:1911} INFO - Created Permission View: can delete on DAG:example_subdag_operator
[2025-07-30T17:01:16.141+0000] {logging_mixin.py:190} INFO - [2025-07-30T17:01:16.140+0000] {override.py:1911} INFO - Created Permission View: can edit on DAG:example_subdag_operator
[2025-07-30T17:01:16.163+0000] {logging_mixin.py:190} INFO - [2025-07-30T17:01:16.162+0000] {override.py:1911} INFO - Created Permission View: can read on DAG Run:example_subdag_operator
[2025-07-30T17:01:16.173+0000] {logging_mixin.py:190} INFO - [2025-07-30T17:01:16.173+0000] {override.py:1911} INFO - Created Permission View: menu access on DAG Run:example_subdag_operator
[2025-07-30T17:01:16.188+0000] {logging_mixin.py:190} INFO - [2025-07-30T17:01:16.188+0000] {override.py:1911} INFO - Created Permission View: can delete on DAG Run:example_subdag_operator
[2025-07-30T17:01:16.201+0000] {logging_mixin.py:190} INFO - [2025-07-30T17:01:16.200+0000] {override.py:1911} INFO - Created Permission View: can create on DAG Run:example_subdag_operator
[2025-07-30T17:01:16.201+0000] {logging_mixin.py:190} INFO - [2025-07-30T17:01:16.201+0000] {dag.py:3239} INFO - Sync 3 DAGs
[2025-07-30T17:01:16.229+0000] {logging_mixin.py:190} INFO - [2025-07-30T17:01:16.229+0000] {dag.py:3262} INFO - Creating ORM DAG for example_subdag_operator.section-1
[2025-07-30T17:01:16.231+0000] {logging_mixin.py:190} INFO - [2025-07-30T17:01:16.230+0000] {dag.py:3262} INFO - Creating ORM DAG for example_subdag_operator
[2025-07-30T17:01:16.233+0000] {logging_mixin.py:190} INFO - [2025-07-30T17:01:16.232+0000] {dag.py:3262} INFO - Creating ORM DAG for example_subdag_operator.section-2
[2025-07-30T17:01:16.253+0000] {logging_mixin.py:190} INFO - [2025-07-30T17:01:16.253+0000] {dag.py:4180} INFO - Setting next_dagrun for example_subdag_operator to 2022-01-01 00:00:00+00:00, run_after=2022-01-01 00:00:00+00:00
[2025-07-30T17:01:16.254+0000] {logging_mixin.py:190} INFO - [2025-07-30T17:01:16.254+0000] {dag.py:4180} INFO - Setting next_dagrun for example_subdag_operator.section-1 to None, run_after=None
[2025-07-30T17:01:16.255+0000] {logging_mixin.py:190} INFO - [2025-07-30T17:01:16.255+0000] {dag.py:4180} INFO - Setting next_dagrun for example_subdag_operator.section-2 to None, run_after=None
[2025-07-30T17:01:16.277+0000] {logging_mixin.py:190} INFO - [2025-07-30T17:01:16.277+0000] {dag.py:3239} INFO - Sync 2 DAGs
[2025-07-30T17:01:16.306+0000] {logging_mixin.py:190} INFO - [2025-07-30T17:01:16.306+0000] {dag.py:4180} INFO - Setting next_dagrun for example_subdag_operator.section-1 to None, run_after=None
[2025-07-30T17:01:16.322+0000] {logging_mixin.py:190} INFO - [2025-07-30T17:01:16.321+0000] {dag.py:4180} INFO - Setting next_dagrun for example_subdag_operator.section-2 to None, run_after=None
[2025-07-30T17:01:16.348+0000] {processor.py:208} INFO - Processing /home/airflow/.local/lib/python3.12/site-packages/airflow/example_dags/example_subdag_operator.py took 0.844 seconds
[2025-07-30T17:01:46.880+0000] {processor.py:186} INFO - Started process (PID=589) to work on /home/airflow/.local/lib/python3.12/site-packages/airflow/example_dags/example_subdag_operator.py
[2025-07-30T17:01:46.881+0000] {processor.py:914} INFO - Processing file /home/airflow/.local/lib/python3.12/site-packages/airflow/example_dags/example_subdag_operator.py for tasks to queue
[2025-07-30T17:01:46.885+0000] {logging_mixin.py:190} INFO - [2025-07-30T17:01:46.885+0000] {dagbag.py:588} INFO - Filling up the DagBag from /home/airflow/.local/lib/python3.12/site-packages/airflow/example_dags/example_subdag_operator.py
[2025-07-30T17:01:46.915+0000] {processor.py:925} INFO - DAG(s) 'example_subdag_operator.section-1', 'example_subdag_operator.section-2', 'example_subdag_operator' retrieved from /home/airflow/.local/lib/python3.12/site-packages/airflow/example_dags/example_subdag_operator.py
[2025-07-30T17:01:46.933+0000] {logging_mixin.py:190} INFO - [2025-07-30T17:01:46.933+0000] {dag.py:3239} INFO - Sync 3 DAGs
[2025-07-30T17:01:46.958+0000] {logging_mixin.py:190} INFO - [2025-07-30T17:01:46.958+0000] {dag.py:4180} INFO - Setting next_dagrun for example_subdag_operator to 2022-01-01 00:00:00+00:00, run_after=2022-01-01 00:00:00+00:00
[2025-07-30T17:01:46.965+0000] {logging_mixin.py:190} INFO - [2025-07-30T17:01:46.965+0000] {dag.py:4180} INFO - Setting next_dagrun for example_subdag_operator.section-1 to None, run_after=None
[2025-07-30T17:01:46.966+0000] {logging_mixin.py:190} INFO - [2025-07-30T17:01:46.966+0000] {dag.py:4180} INFO - Setting next_dagrun for example_subdag_operator.section-2 to None, run_after=None
[2025-07-30T17:01:46.975+0000] {logging_mixin.py:190} INFO - [2025-07-30T17:01:46.975+0000] {dag.py:3239} INFO - Sync 2 DAGs
[2025-07-30T17:01:46.979+0000] {logging_mixin.py:190} INFO - [2025-07-30T17:01:46.979+0000] {dag.py:4180} INFO - Setting next_dagrun for example_subdag_operator.section-1 to None, run_after=None
[2025-07-30T17:01:46.980+0000] {logging_mixin.py:190} INFO - [2025-07-30T17:01:46.980+0000] {dag.py:4180} INFO - Setting next_dagrun for example_subdag_operator.section-2 to None, run_after=None
[2025-07-30T17:01:46.987+0000] {processor.py:208} INFO - Processing /home/airflow/.local/lib/python3.12/site-packages/airflow/example_dags/example_subdag_operator.py took 0.120 seconds
[2025-07-30T17:02:17.489+0000] {processor.py:186} INFO - Started process (PID=894) to work on /home/airflow/.local/lib/python3.12/site-packages/airflow/example_dags/example_subdag_operator.py
[2025-07-30T17:02:17.492+0000] {processor.py:914} INFO - Processing file /home/airflow/.local/lib/python3.12/site-packages/airflow/example_dags/example_subdag_operator.py for tasks to queue
[2025-07-30T17:02:17.495+0000] {logging_mixin.py:190} INFO - [2025-07-30T17:02:17.495+0000] {dagbag.py:588} INFO - Filling up the DagBag from /home/airflow/.local/lib/python3.12/site-packages/airflow/example_dags/example_subdag_operator.py
[2025-07-30T17:02:17.524+0000] {processor.py:925} INFO - DAG(s) 'example_subdag_operator.section-1', 'example_subdag_operator.section-2', 'example_subdag_operator' retrieved from /home/airflow/.local/lib/python3.12/site-packages/airflow/example_dags/example_subdag_operator.py
[2025-07-30T17:02:17.542+0000] {logging_mixin.py:190} INFO - [2025-07-30T17:02:17.541+0000] {dag.py:3239} INFO - Sync 3 DAGs
[2025-07-30T17:02:17.567+0000] {logging_mixin.py:190} INFO - [2025-07-30T17:02:17.567+0000] {dag.py:4180} INFO - Setting next_dagrun for example_subdag_operator to 2022-01-01 00:00:00+00:00, run_after=2022-01-01 00:00:00+00:00
[2025-07-30T17:02:17.571+0000] {logging_mixin.py:190} INFO - [2025-07-30T17:02:17.571+0000] {dag.py:4180} INFO - Setting next_dagrun for example_subdag_operator.section-1 to None, run_after=None
[2025-07-30T17:02:17.573+0000] {logging_mixin.py:190} INFO - [2025-07-30T17:02:17.573+0000] {dag.py:4180} INFO - Setting next_dagrun for example_subdag_operator.section-2 to None, run_after=None
[2025-07-30T17:02:17.580+0000] {logging_mixin.py:190} INFO - [2025-07-30T17:02:17.580+0000] {dag.py:3239} INFO - Sync 2 DAGs
[2025-07-30T17:02:17.586+0000] {logging_mixin.py:190} INFO - [2025-07-30T17:02:17.586+0000] {dag.py:4180} INFO - Setting next_dagrun for example_subdag_operator.section-1 to None, run_after=None
[2025-07-30T17:02:17.586+0000] {logging_mixin.py:190} INFO - [2025-07-30T17:02:17.586+0000] {dag.py:4180} INFO - Setting next_dagrun for example_subdag_operator.section-2 to None, run_after=None
[2025-07-30T17:02:17.596+0000] {processor.py:208} INFO - Processing /home/airflow/.local/lib/python3.12/site-packages/airflow/example_dags/example_subdag_operator.py took 0.118 seconds
[2025-07-30T17:02:48.252+0000] {processor.py:186} INFO - Started process (PID=1200) to work on /home/airflow/.local/lib/python3.12/site-packages/airflow/example_dags/example_subdag_operator.py
[2025-07-30T17:02:48.253+0000] {processor.py:914} INFO - Processing file /home/airflow/.local/lib/python3.12/site-packages/airflow/example_dags/example_subdag_operator.py for tasks to queue
[2025-07-30T17:02:48.256+0000] {logging_mixin.py:190} INFO - [2025-07-30T17:02:48.256+0000] {dagbag.py:588} INFO - Filling up the DagBag from /home/airflow/.local/lib/python3.12/site-packages/airflow/example_dags/example_subdag_operator.py
[2025-07-30T17:02:48.314+0000] {processor.py:925} INFO - DAG(s) 'example_subdag_operator.section-1', 'example_subdag_operator.section-2', 'example_subdag_operator' retrieved from /home/airflow/.local/lib/python3.12/site-packages/airflow/example_dags/example_subdag_operator.py
[2025-07-30T17:02:48.355+0000] {logging_mixin.py:190} INFO - [2025-07-30T17:02:48.355+0000] {dag.py:3239} INFO - Sync 3 DAGs
[2025-07-30T17:02:48.382+0000] {logging_mixin.py:190} INFO - [2025-07-30T17:02:48.381+0000] {dag.py:4180} INFO - Setting next_dagrun for example_subdag_operator to 2022-01-01 00:00:00+00:00, run_after=2022-01-01 00:00:00+00:00
[2025-07-30T17:02:48.385+0000] {logging_mixin.py:190} INFO - [2025-07-30T17:02:48.385+0000] {dag.py:4180} INFO - Setting next_dagrun for example_subdag_operator.section-1 to None, run_after=None
[2025-07-30T17:02:48.386+0000] {logging_mixin.py:190} INFO - [2025-07-30T17:02:48.386+0000] {dag.py:4180} INFO - Setting next_dagrun for example_subdag_operator.section-2 to None, run_after=None
[2025-07-30T17:02:48.393+0000] {logging_mixin.py:190} INFO - [2025-07-30T17:02:48.393+0000] {dag.py:3239} INFO - Sync 2 DAGs
[2025-07-30T17:02:48.399+0000] {logging_mixin.py:190} INFO - [2025-07-30T17:02:48.399+0000] {dag.py:4180} INFO - Setting next_dagrun for example_subdag_operator.section-1 to None, run_after=None
[2025-07-30T17:02:48.399+0000] {logging_mixin.py:190} INFO - [2025-07-30T17:02:48.399+0000] {dag.py:4180} INFO - Setting next_dagrun for example_subdag_operator.section-2 to None, run_after=None
[2025-07-30T17:02:48.412+0000] {processor.py:208} INFO - Processing /home/airflow/.local/lib/python3.12/site-packages/airflow/example_dags/example_subdag_operator.py took 0.165 seconds
[2025-07-30T17:03:18.763+0000] {processor.py:186} INFO - Started process (PID=1506) to work on /home/airflow/.local/lib/python3.12/site-packages/airflow/example_dags/example_subdag_operator.py
[2025-07-30T17:03:18.766+0000] {processor.py:914} INFO - Processing file /home/airflow/.local/lib/python3.12/site-packages/airflow/example_dags/example_subdag_operator.py for tasks to queue
[2025-07-30T17:03:18.772+0000] {logging_mixin.py:190} INFO - [2025-07-30T17:03:18.771+0000] {dagbag.py:588} INFO - Filling up the DagBag from /home/airflow/.local/lib/python3.12/site-packages/airflow/example_dags/example_subdag_operator.py
[2025-07-30T17:03:18.807+0000] {processor.py:925} INFO - DAG(s) 'example_subdag_operator.section-1', 'example_subdag_operator.section-2', 'example_subdag_operator' retrieved from /home/airflow/.local/lib/python3.12/site-packages/airflow/example_dags/example_subdag_operator.py
[2025-07-30T17:03:18.824+0000] {logging_mixin.py:190} INFO - [2025-07-30T17:03:18.824+0000] {dag.py:3239} INFO - Sync 3 DAGs
[2025-07-30T17:03:18.853+0000] {logging_mixin.py:190} INFO - [2025-07-30T17:03:18.853+0000] {dag.py:4180} INFO - Setting next_dagrun for example_subdag_operator to 2022-01-01 00:00:00+00:00, run_after=2022-01-01 00:00:00+00:00
[2025-07-30T17:03:18.857+0000] {logging_mixin.py:190} INFO - [2025-07-30T17:03:18.857+0000] {dag.py:4180} INFO - Setting next_dagrun for example_subdag_operator.section-1 to None, run_after=None
[2025-07-30T17:03:18.858+0000] {logging_mixin.py:190} INFO - [2025-07-30T17:03:18.858+0000] {dag.py:4180} INFO - Setting next_dagrun for example_subdag_operator.section-2 to None, run_after=None
[2025-07-30T17:03:18.865+0000] {logging_mixin.py:190} INFO - [2025-07-30T17:03:18.865+0000] {dag.py:3239} INFO - Sync 2 DAGs
[2025-07-30T17:03:18.869+0000] {logging_mixin.py:190} INFO - [2025-07-30T17:03:18.869+0000] {dag.py:4180} INFO - Setting next_dagrun for example_subdag_operator.section-1 to None, run_after=None
[2025-07-30T17:03:18.869+0000] {logging_mixin.py:190} INFO - [2025-07-30T17:03:18.869+0000] {dag.py:4180} INFO - Setting next_dagrun for example_subdag_operator.section-2 to None, run_after=None
[2025-07-30T17:03:18.877+0000] {processor.py:208} INFO - Processing /home/airflow/.local/lib/python3.12/site-packages/airflow/example_dags/example_subdag_operator.py took 0.127 seconds
[2025-07-30T17:03:48.949+0000] {processor.py:186} INFO - Started process (PID=1812) to work on /home/airflow/.local/lib/python3.12/site-packages/airflow/example_dags/example_subdag_operator.py
[2025-07-30T17:03:48.950+0000] {processor.py:914} INFO - Processing file /home/airflow/.local/lib/python3.12/site-packages/airflow/example_dags/example_subdag_operator.py for tasks to queue
[2025-07-30T17:03:48.953+0000] {logging_mixin.py:190} INFO - [2025-07-30T17:03:48.953+0000] {dagbag.py:588} INFO - Filling up the DagBag from /home/airflow/.local/lib/python3.12/site-packages/airflow/example_dags/example_subdag_operator.py
[2025-07-30T17:03:48.985+0000] {processor.py:925} INFO - DAG(s) 'example_subdag_operator.section-1', 'example_subdag_operator.section-2', 'example_subdag_operator' retrieved from /home/airflow/.local/lib/python3.12/site-packages/airflow/example_dags/example_subdag_operator.py
[2025-07-30T17:03:49.003+0000] {logging_mixin.py:190} INFO - [2025-07-30T17:03:49.003+0000] {dag.py:3239} INFO - Sync 3 DAGs
[2025-07-30T17:03:49.032+0000] {logging_mixin.py:190} INFO - [2025-07-30T17:03:49.032+0000] {dag.py:4180} INFO - Setting next_dagrun for example_subdag_operator to 2022-01-01 00:00:00+00:00, run_after=2022-01-01 00:00:00+00:00
[2025-07-30T17:03:49.036+0000] {logging_mixin.py:190} INFO - [2025-07-30T17:03:49.036+0000] {dag.py:4180} INFO - Setting next_dagrun for example_subdag_operator.section-1 to None, run_after=None
[2025-07-30T17:03:49.037+0000] {logging_mixin.py:190} INFO - [2025-07-30T17:03:49.037+0000] {dag.py:4180} INFO - Setting next_dagrun for example_subdag_operator.section-2 to None, run_after=None
[2025-07-30T17:03:49.044+0000] {logging_mixin.py:190} INFO - [2025-07-30T17:03:49.044+0000] {dag.py:3239} INFO - Sync 2 DAGs
[2025-07-30T17:03:49.050+0000] {logging_mixin.py:190} INFO - [2025-07-30T17:03:49.050+0000] {dag.py:4180} INFO - Setting next_dagrun for example_subdag_operator.section-1 to None, run_after=None
[2025-07-30T17:03:49.050+0000] {logging_mixin.py:190} INFO - [2025-07-30T17:03:49.050+0000] {dag.py:4180} INFO - Setting next_dagrun for example_subdag_operator.section-2 to None, run_after=None
[2025-07-30T17:03:49.059+0000] {processor.py:208} INFO - Processing /home/airflow/.local/lib/python3.12/site-packages/airflow/example_dags/example_subdag_operator.py took 0.117 seconds
[2025-07-30T17:04:20.072+0000] {processor.py:186} INFO - Started process (PID=2118) to work on /home/airflow/.local/lib/python3.12/site-packages/airflow/example_dags/example_subdag_operator.py
[2025-07-30T17:04:20.072+0000] {processor.py:914} INFO - Processing file /home/airflow/.local/lib/python3.12/site-packages/airflow/example_dags/example_subdag_operator.py for tasks to queue
[2025-07-30T17:04:20.075+0000] {logging_mixin.py:190} INFO - [2025-07-30T17:04:20.075+0000] {dagbag.py:588} INFO - Filling up the DagBag from /home/airflow/.local/lib/python3.12/site-packages/airflow/example_dags/example_subdag_operator.py
[2025-07-30T17:04:20.104+0000] {processor.py:925} INFO - DAG(s) 'example_subdag_operator.section-1', 'example_subdag_operator.section-2', 'example_subdag_operator' retrieved from /home/airflow/.local/lib/python3.12/site-packages/airflow/example_dags/example_subdag_operator.py
[2025-07-30T17:04:20.121+0000] {logging_mixin.py:190} INFO - [2025-07-30T17:04:20.121+0000] {dag.py:3239} INFO - Sync 3 DAGs
[2025-07-30T17:04:20.146+0000] {logging_mixin.py:190} INFO - [2025-07-30T17:04:20.146+0000] {dag.py:4180} INFO - Setting next_dagrun for example_subdag_operator to 2022-01-01 00:00:00+00:00, run_after=2022-01-01 00:00:00+00:00
[2025-07-30T17:04:20.159+0000] {logging_mixin.py:190} INFO - [2025-07-30T17:04:20.157+0000] {dag.py:4180} INFO - Setting next_dagrun for example_subdag_operator.section-1 to None, run_after=None
[2025-07-30T17:04:20.160+0000] {logging_mixin.py:190} INFO - [2025-07-30T17:04:20.160+0000] {dag.py:4180} INFO - Setting next_dagrun for example_subdag_operator.section-2 to None, run_after=None
[2025-07-30T17:04:20.177+0000] {logging_mixin.py:190} INFO - [2025-07-30T17:04:20.176+0000] {dag.py:3239} INFO - Sync 2 DAGs
[2025-07-30T17:04:20.182+0000] {logging_mixin.py:190} INFO - [2025-07-30T17:04:20.182+0000] {dag.py:4180} INFO - Setting next_dagrun for example_subdag_operator.section-1 to None, run_after=None
[2025-07-30T17:04:20.183+0000] {logging_mixin.py:190} INFO - [2025-07-30T17:04:20.183+0000] {dag.py:4180} INFO - Setting next_dagrun for example_subdag_operator.section-2 to None, run_after=None
[2025-07-30T17:04:20.193+0000] {processor.py:208} INFO - Processing /home/airflow/.local/lib/python3.12/site-packages/airflow/example_dags/example_subdag_operator.py took 0.127 seconds
[2025-07-30T17:04:50.781+0000] {processor.py:186} INFO - Started process (PID=2424) to work on /home/airflow/.local/lib/python3.12/site-packages/airflow/example_dags/example_subdag_operator.py
[2025-07-30T17:04:50.782+0000] {processor.py:914} INFO - Processing file /home/airflow/.local/lib/python3.12/site-packages/airflow/example_dags/example_subdag_operator.py for tasks to queue
[2025-07-30T17:04:50.784+0000] {logging_mixin.py:190} INFO - [2025-07-30T17:04:50.784+0000] {dagbag.py:588} INFO - Filling up the DagBag from /home/airflow/.local/lib/python3.12/site-packages/airflow/example_dags/example_subdag_operator.py
[2025-07-30T17:04:50.812+0000] {processor.py:925} INFO - DAG(s) 'example_subdag_operator.section-1', 'example_subdag_operator.section-2', 'example_subdag_operator' retrieved from /home/airflow/.local/lib/python3.12/site-packages/airflow/example_dags/example_subdag_operator.py
[2025-07-30T17:04:50.829+0000] {logging_mixin.py:190} INFO - [2025-07-30T17:04:50.829+0000] {dag.py:3239} INFO - Sync 3 DAGs
[2025-07-30T17:04:50.854+0000] {logging_mixin.py:190} INFO - [2025-07-30T17:04:50.854+0000] {dag.py:4180} INFO - Setting next_dagrun for example_subdag_operator to 2022-01-01 00:00:00+00:00, run_after=2022-01-01 00:00:00+00:00
[2025-07-30T17:04:50.858+0000] {logging_mixin.py:190} INFO - [2025-07-30T17:04:50.858+0000] {dag.py:4180} INFO - Setting next_dagrun for example_subdag_operator.section-1 to None, run_after=None
[2025-07-30T17:04:50.861+0000] {logging_mixin.py:190} INFO - [2025-07-30T17:04:50.861+0000] {dag.py:4180} INFO - Setting next_dagrun for example_subdag_operator.section-2 to None, run_after=None
[2025-07-30T17:04:50.870+0000] {logging_mixin.py:190} INFO - [2025-07-30T17:04:50.869+0000] {dag.py:3239} INFO - Sync 2 DAGs
[2025-07-30T17:04:50.874+0000] {logging_mixin.py:190} INFO - [2025-07-30T17:04:50.874+0000] {dag.py:4180} INFO - Setting next_dagrun for example_subdag_operator.section-1 to None, run_after=None
[2025-07-30T17:04:50.875+0000] {logging_mixin.py:190} INFO - [2025-07-30T17:04:50.875+0000] {dag.py:4180} INFO - Setting next_dagrun for example_subdag_operator.section-2 to None, run_after=None
[2025-07-30T17:04:50.883+0000] {processor.py:208} INFO - Processing /home/airflow/.local/lib/python3.12/site-packages/airflow/example_dags/example_subdag_operator.py took 0.108 seconds
[2025-07-30T17:05:21.555+0000] {processor.py:186} INFO - Started process (PID=2730) to work on /home/airflow/.local/lib/python3.12/site-packages/airflow/example_dags/example_subdag_operator.py
[2025-07-30T17:05:21.557+0000] {processor.py:914} INFO - Processing file /home/airflow/.local/lib/python3.12/site-packages/airflow/example_dags/example_subdag_operator.py for tasks to queue
[2025-07-30T17:05:21.560+0000] {logging_mixin.py:190} INFO - [2025-07-30T17:05:21.560+0000] {dagbag.py:588} INFO - Filling up the DagBag from /home/airflow/.local/lib/python3.12/site-packages/airflow/example_dags/example_subdag_operator.py
[2025-07-30T17:05:21.587+0000] {processor.py:925} INFO - DAG(s) 'example_subdag_operator.section-1', 'example_subdag_operator.section-2', 'example_subdag_operator' retrieved from /home/airflow/.local/lib/python3.12/site-packages/airflow/example_dags/example_subdag_operator.py
[2025-07-30T17:05:21.605+0000] {logging_mixin.py:190} INFO - [2025-07-30T17:05:21.605+0000] {dag.py:3239} INFO - Sync 3 DAGs
[2025-07-30T17:05:21.633+0000] {logging_mixin.py:190} INFO - [2025-07-30T17:05:21.633+0000] {dag.py:4180} INFO - Setting next_dagrun for example_subdag_operator to 2022-01-01 00:00:00+00:00, run_after=2022-01-01 00:00:00+00:00
[2025-07-30T17:05:21.640+0000] {logging_mixin.py:190} INFO - [2025-07-30T17:05:21.640+0000] {dag.py:4180} INFO - Setting next_dagrun for example_subdag_operator.section-1 to None, run_after=None
[2025-07-30T17:05:21.642+0000] {logging_mixin.py:190} INFO - [2025-07-30T17:05:21.642+0000] {dag.py:4180} INFO - Setting next_dagrun for example_subdag_operator.section-2 to None, run_after=None
[2025-07-30T17:05:21.649+0000] {logging_mixin.py:190} INFO - [2025-07-30T17:05:21.649+0000] {dag.py:3239} INFO - Sync 2 DAGs
[2025-07-30T17:05:21.654+0000] {logging_mixin.py:190} INFO - [2025-07-30T17:05:21.654+0000] {dag.py:4180} INFO - Setting next_dagrun for example_subdag_operator.section-1 to None, run_after=None
[2025-07-30T17:05:21.655+0000] {logging_mixin.py:190} INFO - [2025-07-30T17:05:21.655+0000] {dag.py:4180} INFO - Setting next_dagrun for example_subdag_operator.section-2 to None, run_after=None
[2025-07-30T17:05:21.664+0000] {processor.py:208} INFO - Processing /home/airflow/.local/lib/python3.12/site-packages/airflow/example_dags/example_subdag_operator.py took 0.114 seconds
[2025-07-30T17:05:52.014+0000] {processor.py:186} INFO - Started process (PID=3036) to work on /home/airflow/.local/lib/python3.12/site-packages/airflow/example_dags/example_subdag_operator.py
[2025-07-30T17:05:52.015+0000] {processor.py:914} INFO - Processing file /home/airflow/.local/lib/python3.12/site-packages/airflow/example_dags/example_subdag_operator.py for tasks to queue
[2025-07-30T17:05:52.018+0000] {logging_mixin.py:190} INFO - [2025-07-30T17:05:52.017+0000] {dagbag.py:588} INFO - Filling up the DagBag from /home/airflow/.local/lib/python3.12/site-packages/airflow/example_dags/example_subdag_operator.py
[2025-07-30T17:05:52.046+0000] {processor.py:925} INFO - DAG(s) 'example_subdag_operator.section-1', 'example_subdag_operator.section-2', 'example_subdag_operator' retrieved from /home/airflow/.local/lib/python3.12/site-packages/airflow/example_dags/example_subdag_operator.py
[2025-07-30T17:05:52.064+0000] {logging_mixin.py:190} INFO - [2025-07-30T17:05:52.063+0000] {dag.py:3239} INFO - Sync 3 DAGs
[2025-07-30T17:05:52.089+0000] {logging_mixin.py:190} INFO - [2025-07-30T17:05:52.088+0000] {dag.py:4180} INFO - Setting next_dagrun for example_subdag_operator to 2022-01-01 00:00:00+00:00, run_after=2022-01-01 00:00:00+00:00
[2025-07-30T17:05:52.093+0000] {logging_mixin.py:190} INFO - [2025-07-30T17:05:52.093+0000] {dag.py:4180} INFO - Setting next_dagrun for example_subdag_operator.section-1 to None, run_after=None
[2025-07-30T17:05:52.094+0000] {logging_mixin.py:190} INFO - [2025-07-30T17:05:52.094+0000] {dag.py:4180} INFO - Setting next_dagrun for example_subdag_operator.section-2 to None, run_after=None
[2025-07-30T17:05:52.102+0000] {logging_mixin.py:190} INFO - [2025-07-30T17:05:52.102+0000] {dag.py:3239} INFO - Sync 2 DAGs
[2025-07-30T17:05:52.108+0000] {logging_mixin.py:190} INFO - [2025-07-30T17:05:52.108+0000] {dag.py:4180} INFO - Setting next_dagrun for example_subdag_operator.section-1 to None, run_after=None
[2025-07-30T17:05:52.109+0000] {logging_mixin.py:190} INFO - [2025-07-30T17:05:52.108+0000] {dag.py:4180} INFO - Setting next_dagrun for example_subdag_operator.section-2 to None, run_after=None
[2025-07-30T17:05:52.117+0000] {processor.py:208} INFO - Processing /home/airflow/.local/lib/python3.12/site-packages/airflow/example_dags/example_subdag_operator.py took 0.108 seconds
[2025-07-30T17:06:22.961+0000] {processor.py:186} INFO - Started process (PID=3342) to work on /home/airflow/.local/lib/python3.12/site-packages/airflow/example_dags/example_subdag_operator.py
[2025-07-30T17:06:22.964+0000] {processor.py:914} INFO - Processing file /home/airflow/.local/lib/python3.12/site-packages/airflow/example_dags/example_subdag_operator.py for tasks to queue
[2025-07-30T17:06:22.968+0000] {logging_mixin.py:190} INFO - [2025-07-30T17:06:22.968+0000] {dagbag.py:588} INFO - Filling up the DagBag from /home/airflow/.local/lib/python3.12/site-packages/airflow/example_dags/example_subdag_operator.py
[2025-07-30T17:06:22.997+0000] {processor.py:925} INFO - DAG(s) 'example_subdag_operator.section-1', 'example_subdag_operator.section-2', 'example_subdag_operator' retrieved from /home/airflow/.local/lib/python3.12/site-packages/airflow/example_dags/example_subdag_operator.py
[2025-07-30T17:06:23.014+0000] {logging_mixin.py:190} INFO - [2025-07-30T17:06:23.014+0000] {dag.py:3239} INFO - Sync 3 DAGs
[2025-07-30T17:06:23.042+0000] {logging_mixin.py:190} INFO - [2025-07-30T17:06:23.042+0000] {dag.py:4180} INFO - Setting next_dagrun for example_subdag_operator to 2022-01-01 00:00:00+00:00, run_after=2022-01-01 00:00:00+00:00
[2025-07-30T17:06:23.047+0000] {logging_mixin.py:190} INFO - [2025-07-30T17:06:23.047+0000] {dag.py:4180} INFO - Setting next_dagrun for example_subdag_operator.section-1 to None, run_after=None
[2025-07-30T17:06:23.048+0000] {logging_mixin.py:190} INFO - [2025-07-30T17:06:23.048+0000] {dag.py:4180} INFO - Setting next_dagrun for example_subdag_operator.section-2 to None, run_after=None
[2025-07-30T17:06:23.055+0000] {logging_mixin.py:190} INFO - [2025-07-30T17:06:23.055+0000] {dag.py:3239} INFO - Sync 2 DAGs
[2025-07-30T17:06:23.060+0000] {logging_mixin.py:190} INFO - [2025-07-30T17:06:23.060+0000] {dag.py:4180} INFO - Setting next_dagrun for example_subdag_operator.section-1 to None, run_after=None
[2025-07-30T17:06:23.061+0000] {logging_mixin.py:190} INFO - [2025-07-30T17:06:23.061+0000] {dag.py:4180} INFO - Setting next_dagrun for example_subdag_operator.section-2 to None, run_after=None
[2025-07-30T17:06:23.070+0000] {processor.py:208} INFO - Processing /home/airflow/.local/lib/python3.12/site-packages/airflow/example_dags/example_subdag_operator.py took 0.115 seconds
[2025-07-30T17:06:53.876+0000] {processor.py:186} INFO - Started process (PID=3648) to work on /home/airflow/.local/lib/python3.12/site-packages/airflow/example_dags/example_subdag_operator.py
[2025-07-30T17:06:53.877+0000] {processor.py:914} INFO - Processing file /home/airflow/.local/lib/python3.12/site-packages/airflow/example_dags/example_subdag_operator.py for tasks to queue
[2025-07-30T17:06:53.880+0000] {logging_mixin.py:190} INFO - [2025-07-30T17:06:53.879+0000] {dagbag.py:588} INFO - Filling up the DagBag from /home/airflow/.local/lib/python3.12/site-packages/airflow/example_dags/example_subdag_operator.py
[2025-07-30T17:06:53.913+0000] {processor.py:925} INFO - DAG(s) 'example_subdag_operator.section-1', 'example_subdag_operator.section-2', 'example_subdag_operator' retrieved from /home/airflow/.local/lib/python3.12/site-packages/airflow/example_dags/example_subdag_operator.py
[2025-07-30T17:06:53.930+0000] {logging_mixin.py:190} INFO - [2025-07-30T17:06:53.930+0000] {dag.py:3239} INFO - Sync 3 DAGs
[2025-07-30T17:06:53.957+0000] {logging_mixin.py:190} INFO - [2025-07-30T17:06:53.957+0000] {dag.py:4180} INFO - Setting next_dagrun for example_subdag_operator to 2022-01-01 00:00:00+00:00, run_after=2022-01-01 00:00:00+00:00
[2025-07-30T17:06:53.961+0000] {logging_mixin.py:190} INFO - [2025-07-30T17:06:53.961+0000] {dag.py:4180} INFO - Setting next_dagrun for example_subdag_operator.section-1 to None, run_after=None
[2025-07-30T17:06:53.962+0000] {logging_mixin.py:190} INFO - [2025-07-30T17:06:53.962+0000] {dag.py:4180} INFO - Setting next_dagrun for example_subdag_operator.section-2 to None, run_after=None
[2025-07-30T17:06:53.971+0000] {logging_mixin.py:190} INFO - [2025-07-30T17:06:53.971+0000] {dag.py:3239} INFO - Sync 2 DAGs
[2025-07-30T17:06:53.976+0000] {logging_mixin.py:190} INFO - [2025-07-30T17:06:53.976+0000] {dag.py:4180} INFO - Setting next_dagrun for example_subdag_operator.section-1 to None, run_after=None
[2025-07-30T17:06:53.977+0000] {logging_mixin.py:190} INFO - [2025-07-30T17:06:53.977+0000] {dag.py:4180} INFO - Setting next_dagrun for example_subdag_operator.section-2 to None, run_after=None
[2025-07-30T17:06:53.986+0000] {processor.py:208} INFO - Processing /home/airflow/.local/lib/python3.12/site-packages/airflow/example_dags/example_subdag_operator.py took 0.115 seconds
[2025-07-30T17:07:24.171+0000] {processor.py:186} INFO - Started process (PID=3954) to work on /home/airflow/.local/lib/python3.12/site-packages/airflow/example_dags/example_subdag_operator.py
[2025-07-30T17:07:24.172+0000] {processor.py:914} INFO - Processing file /home/airflow/.local/lib/python3.12/site-packages/airflow/example_dags/example_subdag_operator.py for tasks to queue
[2025-07-30T17:07:24.175+0000] {logging_mixin.py:190} INFO - [2025-07-30T17:07:24.174+0000] {dagbag.py:588} INFO - Filling up the DagBag from /home/airflow/.local/lib/python3.12/site-packages/airflow/example_dags/example_subdag_operator.py
[2025-07-30T17:07:24.203+0000] {processor.py:925} INFO - DAG(s) 'example_subdag_operator.section-1', 'example_subdag_operator.section-2', 'example_subdag_operator' retrieved from /home/airflow/.local/lib/python3.12/site-packages/airflow/example_dags/example_subdag_operator.py
[2025-07-30T17:07:24.220+0000] {logging_mixin.py:190} INFO - [2025-07-30T17:07:24.220+0000] {dag.py:3239} INFO - Sync 3 DAGs
[2025-07-30T17:07:24.246+0000] {logging_mixin.py:190} INFO - [2025-07-30T17:07:24.245+0000] {dag.py:4180} INFO - Setting next_dagrun for example_subdag_operator to 2022-01-01 00:00:00+00:00, run_after=2022-01-01 00:00:00+00:00
[2025-07-30T17:07:24.250+0000] {logging_mixin.py:190} INFO - [2025-07-30T17:07:24.249+0000] {dag.py:4180} INFO - Setting next_dagrun for example_subdag_operator.section-1 to None, run_after=None
[2025-07-30T17:07:24.251+0000] {logging_mixin.py:190} INFO - [2025-07-30T17:07:24.251+0000] {dag.py:4180} INFO - Setting next_dagrun for example_subdag_operator.section-2 to None, run_after=None
[2025-07-30T17:07:24.259+0000] {logging_mixin.py:190} INFO - [2025-07-30T17:07:24.258+0000] {dag.py:3239} INFO - Sync 2 DAGs
[2025-07-30T17:07:24.264+0000] {logging_mixin.py:190} INFO - [2025-07-30T17:07:24.264+0000] {dag.py:4180} INFO - Setting next_dagrun for example_subdag_operator.section-1 to None, run_after=None
[2025-07-30T17:07:24.264+0000] {logging_mixin.py:190} INFO - [2025-07-30T17:07:24.264+0000] {dag.py:4180} INFO - Setting next_dagrun for example_subdag_operator.section-2 to None, run_after=None
[2025-07-30T17:07:24.273+0000] {processor.py:208} INFO - Processing /home/airflow/.local/lib/python3.12/site-packages/airflow/example_dags/example_subdag_operator.py took 0.108 seconds
[2025-07-30T17:07:54.842+0000] {processor.py:186} INFO - Started process (PID=4260) to work on /home/airflow/.local/lib/python3.12/site-packages/airflow/example_dags/example_subdag_operator.py
[2025-07-30T17:07:54.844+0000] {processor.py:914} INFO - Processing file /home/airflow/.local/lib/python3.12/site-packages/airflow/example_dags/example_subdag_operator.py for tasks to queue
[2025-07-30T17:07:54.846+0000] {logging_mixin.py:190} INFO - [2025-07-30T17:07:54.846+0000] {dagbag.py:588} INFO - Filling up the DagBag from /home/airflow/.local/lib/python3.12/site-packages/airflow/example_dags/example_subdag_operator.py
[2025-07-30T17:07:54.875+0000] {processor.py:925} INFO - DAG(s) 'example_subdag_operator.section-1', 'example_subdag_operator.section-2', 'example_subdag_operator' retrieved from /home/airflow/.local/lib/python3.12/site-packages/airflow/example_dags/example_subdag_operator.py
[2025-07-30T17:07:54.899+0000] {logging_mixin.py:190} INFO - [2025-07-30T17:07:54.899+0000] {dag.py:3239} INFO - Sync 3 DAGs
[2025-07-30T17:07:54.937+0000] {logging_mixin.py:190} INFO - [2025-07-30T17:07:54.936+0000] {dag.py:4180} INFO - Setting next_dagrun for example_subdag_operator to 2022-01-01 00:00:00+00:00, run_after=2022-01-01 00:00:00+00:00
[2025-07-30T17:07:54.940+0000] {logging_mixin.py:190} INFO - [2025-07-30T17:07:54.940+0000] {dag.py:4180} INFO - Setting next_dagrun for example_subdag_operator.section-1 to None, run_after=None
[2025-07-30T17:07:54.941+0000] {logging_mixin.py:190} INFO - [2025-07-30T17:07:54.941+0000] {dag.py:4180} INFO - Setting next_dagrun for example_subdag_operator.section-2 to None, run_after=None
[2025-07-30T17:07:54.951+0000] {logging_mixin.py:190} INFO - [2025-07-30T17:07:54.951+0000] {dag.py:3239} INFO - Sync 2 DAGs
[2025-07-30T17:07:54.956+0000] {logging_mixin.py:190} INFO - [2025-07-30T17:07:54.956+0000] {dag.py:4180} INFO - Setting next_dagrun for example_subdag_operator.section-1 to None, run_after=None
[2025-07-30T17:07:54.957+0000] {logging_mixin.py:190} INFO - [2025-07-30T17:07:54.957+0000] {dag.py:4180} INFO - Setting next_dagrun for example_subdag_operator.section-2 to None, run_after=None
[2025-07-30T17:07:54.967+0000] {processor.py:208} INFO - Processing /home/airflow/.local/lib/python3.12/site-packages/airflow/example_dags/example_subdag_operator.py took 0.130 seconds
[2025-07-30T17:08:25.182+0000] {processor.py:186} INFO - Started process (PID=4566) to work on /home/airflow/.local/lib/python3.12/site-packages/airflow/example_dags/example_subdag_operator.py
[2025-07-30T17:08:25.183+0000] {processor.py:914} INFO - Processing file /home/airflow/.local/lib/python3.12/site-packages/airflow/example_dags/example_subdag_operator.py for tasks to queue
[2025-07-30T17:08:25.185+0000] {logging_mixin.py:190} INFO - [2025-07-30T17:08:25.185+0000] {dagbag.py:588} INFO - Filling up the DagBag from /home/airflow/.local/lib/python3.12/site-packages/airflow/example_dags/example_subdag_operator.py
[2025-07-30T17:08:25.217+0000] {processor.py:925} INFO - DAG(s) 'example_subdag_operator.section-1', 'example_subdag_operator.section-2', 'example_subdag_operator' retrieved from /home/airflow/.local/lib/python3.12/site-packages/airflow/example_dags/example_subdag_operator.py
[2025-07-30T17:08:25.234+0000] {logging_mixin.py:190} INFO - [2025-07-30T17:08:25.233+0000] {dag.py:3239} INFO - Sync 3 DAGs
[2025-07-30T17:08:25.261+0000] {logging_mixin.py:190} INFO - [2025-07-30T17:08:25.261+0000] {dag.py:4180} INFO - Setting next_dagrun for example_subdag_operator to 2022-01-01 00:00:00+00:00, run_after=2022-01-01 00:00:00+00:00
[2025-07-30T17:08:25.266+0000] {logging_mixin.py:190} INFO - [2025-07-30T17:08:25.266+0000] {dag.py:4180} INFO - Setting next_dagrun for example_subdag_operator.section-1 to None, run_after=None
[2025-07-30T17:08:25.268+0000] {logging_mixin.py:190} INFO - [2025-07-30T17:08:25.267+0000] {dag.py:4180} INFO - Setting next_dagrun for example_subdag_operator.section-2 to None, run_after=None
[2025-07-30T17:08:25.276+0000] {logging_mixin.py:190} INFO - [2025-07-30T17:08:25.276+0000] {dag.py:3239} INFO - Sync 2 DAGs
[2025-07-30T17:08:25.282+0000] {logging_mixin.py:190} INFO - [2025-07-30T17:08:25.281+0000] {dag.py:4180} INFO - Setting next_dagrun for example_subdag_operator.section-1 to None, run_after=None
[2025-07-30T17:08:25.282+0000] {logging_mixin.py:190} INFO - [2025-07-30T17:08:25.282+0000] {dag.py:4180} INFO - Setting next_dagrun for example_subdag_operator.section-2 to None, run_after=None
[2025-07-30T17:08:25.292+0000] {processor.py:208} INFO - Processing /home/airflow/.local/lib/python3.12/site-packages/airflow/example_dags/example_subdag_operator.py took 0.115 seconds
[2025-07-30T17:08:55.353+0000] {processor.py:186} INFO - Started process (PID=4872) to work on /home/airflow/.local/lib/python3.12/site-packages/airflow/example_dags/example_subdag_operator.py
[2025-07-30T17:08:55.355+0000] {processor.py:914} INFO - Processing file /home/airflow/.local/lib/python3.12/site-packages/airflow/example_dags/example_subdag_operator.py for tasks to queue
[2025-07-30T17:08:55.359+0000] {logging_mixin.py:190} INFO - [2025-07-30T17:08:55.358+0000] {dagbag.py:588} INFO - Filling up the DagBag from /home/airflow/.local/lib/python3.12/site-packages/airflow/example_dags/example_subdag_operator.py
[2025-07-30T17:08:55.394+0000] {processor.py:925} INFO - DAG(s) 'example_subdag_operator.section-1', 'example_subdag_operator.section-2', 'example_subdag_operator' retrieved from /home/airflow/.local/lib/python3.12/site-packages/airflow/example_dags/example_subdag_operator.py
[2025-07-30T17:08:55.411+0000] {logging_mixin.py:190} INFO - [2025-07-30T17:08:55.411+0000] {dag.py:3239} INFO - Sync 3 DAGs
[2025-07-30T17:08:55.442+0000] {logging_mixin.py:190} INFO - [2025-07-30T17:08:55.442+0000] {dag.py:4180} INFO - Setting next_dagrun for example_subdag_operator to 2022-01-01 00:00:00+00:00, run_after=2022-01-01 00:00:00+00:00
[2025-07-30T17:08:55.447+0000] {logging_mixin.py:190} INFO - [2025-07-30T17:08:55.446+0000] {dag.py:4180} INFO - Setting next_dagrun for example_subdag_operator.section-1 to None, run_after=None
[2025-07-30T17:08:55.448+0000] {logging_mixin.py:190} INFO - [2025-07-30T17:08:55.448+0000] {dag.py:4180} INFO - Setting next_dagrun for example_subdag_operator.section-2 to None, run_after=None
[2025-07-30T17:08:55.455+0000] {logging_mixin.py:190} INFO - [2025-07-30T17:08:55.455+0000] {dag.py:3239} INFO - Sync 2 DAGs
[2025-07-30T17:08:55.460+0000] {logging_mixin.py:190} INFO - [2025-07-30T17:08:55.460+0000] {dag.py:4180} INFO - Setting next_dagrun for example_subdag_operator.section-1 to None, run_after=None
[2025-07-30T17:08:55.460+0000] {logging_mixin.py:190} INFO - [2025-07-30T17:08:55.460+0000] {dag.py:4180} INFO - Setting next_dagrun for example_subdag_operator.section-2 to None, run_after=None
[2025-07-30T17:08:55.469+0000] {processor.py:208} INFO - Processing /home/airflow/.local/lib/python3.12/site-packages/airflow/example_dags/example_subdag_operator.py took 0.122 seconds
[2025-07-30T17:09:26.213+0000] {processor.py:186} INFO - Started process (PID=5178) to work on /home/airflow/.local/lib/python3.12/site-packages/airflow/example_dags/example_subdag_operator.py
[2025-07-30T17:09:26.214+0000] {processor.py:914} INFO - Processing file /home/airflow/.local/lib/python3.12/site-packages/airflow/example_dags/example_subdag_operator.py for tasks to queue
[2025-07-30T17:09:26.216+0000] {logging_mixin.py:190} INFO - [2025-07-30T17:09:26.216+0000] {dagbag.py:588} INFO - Filling up the DagBag from /home/airflow/.local/lib/python3.12/site-packages/airflow/example_dags/example_subdag_operator.py
[2025-07-30T17:09:26.244+0000] {processor.py:925} INFO - DAG(s) 'example_subdag_operator.section-1', 'example_subdag_operator.section-2', 'example_subdag_operator' retrieved from /home/airflow/.local/lib/python3.12/site-packages/airflow/example_dags/example_subdag_operator.py
[2025-07-30T17:09:26.262+0000] {logging_mixin.py:190} INFO - [2025-07-30T17:09:26.262+0000] {dag.py:3239} INFO - Sync 3 DAGs
[2025-07-30T17:09:26.288+0000] {logging_mixin.py:190} INFO - [2025-07-30T17:09:26.288+0000] {dag.py:4180} INFO - Setting next_dagrun for example_subdag_operator to 2022-01-01 00:00:00+00:00, run_after=2022-01-01 00:00:00+00:00
[2025-07-30T17:09:26.295+0000] {logging_mixin.py:190} INFO - [2025-07-30T17:09:26.295+0000] {dag.py:4180} INFO - Setting next_dagrun for example_subdag_operator.section-1 to None, run_after=None
[2025-07-30T17:09:26.296+0000] {logging_mixin.py:190} INFO - [2025-07-30T17:09:26.296+0000] {dag.py:4180} INFO - Setting next_dagrun for example_subdag_operator.section-2 to None, run_after=None
[2025-07-30T17:09:26.303+0000] {logging_mixin.py:190} INFO - [2025-07-30T17:09:26.303+0000] {dag.py:3239} INFO - Sync 2 DAGs
[2025-07-30T17:09:26.309+0000] {logging_mixin.py:190} INFO - [2025-07-30T17:09:26.308+0000] {dag.py:4180} INFO - Setting next_dagrun for example_subdag_operator.section-1 to None, run_after=None
[2025-07-30T17:09:26.309+0000] {logging_mixin.py:190} INFO - [2025-07-30T17:09:26.309+0000] {dag.py:4180} INFO - Setting next_dagrun for example_subdag_operator.section-2 to None, run_after=None
[2025-07-30T17:09:26.318+0000] {processor.py:208} INFO - Processing /home/airflow/.local/lib/python3.12/site-packages/airflow/example_dags/example_subdag_operator.py took 0.110 seconds
[2025-07-30T17:09:56.452+0000] {processor.py:186} INFO - Started process (PID=5484) to work on /home/airflow/.local/lib/python3.12/site-packages/airflow/example_dags/example_subdag_operator.py
[2025-07-30T17:09:56.453+0000] {processor.py:914} INFO - Processing file /home/airflow/.local/lib/python3.12/site-packages/airflow/example_dags/example_subdag_operator.py for tasks to queue
[2025-07-30T17:09:56.456+0000] {logging_mixin.py:190} INFO - [2025-07-30T17:09:56.455+0000] {dagbag.py:588} INFO - Filling up the DagBag from /home/airflow/.local/lib/python3.12/site-packages/airflow/example_dags/example_subdag_operator.py
[2025-07-30T17:09:56.484+0000] {processor.py:925} INFO - DAG(s) 'example_subdag_operator.section-1', 'example_subdag_operator.section-2', 'example_subdag_operator' retrieved from /home/airflow/.local/lib/python3.12/site-packages/airflow/example_dags/example_subdag_operator.py
[2025-07-30T17:09:56.502+0000] {logging_mixin.py:190} INFO - [2025-07-30T17:09:56.502+0000] {dag.py:3239} INFO - Sync 3 DAGs
[2025-07-30T17:09:56.529+0000] {logging_mixin.py:190} INFO - [2025-07-30T17:09:56.529+0000] {dag.py:4180} INFO - Setting next_dagrun for example_subdag_operator to 2022-01-01 00:00:00+00:00, run_after=2022-01-01 00:00:00+00:00
[2025-07-30T17:09:56.534+0000] {logging_mixin.py:190} INFO - [2025-07-30T17:09:56.533+0000] {dag.py:4180} INFO - Setting next_dagrun for example_subdag_operator.section-1 to None, run_after=None
[2025-07-30T17:09:56.535+0000] {logging_mixin.py:190} INFO - [2025-07-30T17:09:56.535+0000] {dag.py:4180} INFO - Setting next_dagrun for example_subdag_operator.section-2 to None, run_after=None
[2025-07-30T17:09:56.544+0000] {logging_mixin.py:190} INFO - [2025-07-30T17:09:56.544+0000] {dag.py:3239} INFO - Sync 2 DAGs
[2025-07-30T17:09:56.551+0000] {logging_mixin.py:190} INFO - [2025-07-30T17:09:56.551+0000] {dag.py:4180} INFO - Setting next_dagrun for example_subdag_operator.section-1 to None, run_after=None
[2025-07-30T17:09:56.552+0000] {logging_mixin.py:190} INFO - [2025-07-30T17:09:56.552+0000] {dag.py:4180} INFO - Setting next_dagrun for example_subdag_operator.section-2 to None, run_after=None
[2025-07-30T17:09:56.564+0000] {processor.py:208} INFO - Processing /home/airflow/.local/lib/python3.12/site-packages/airflow/example_dags/example_subdag_operator.py took 0.117 seconds
[2025-07-30T17:10:27.321+0000] {processor.py:186} INFO - Started process (PID=5790) to work on /home/airflow/.local/lib/python3.12/site-packages/airflow/example_dags/example_subdag_operator.py
[2025-07-30T17:10:27.322+0000] {processor.py:914} INFO - Processing file /home/airflow/.local/lib/python3.12/site-packages/airflow/example_dags/example_subdag_operator.py for tasks to queue
[2025-07-30T17:10:27.325+0000] {logging_mixin.py:190} INFO - [2025-07-30T17:10:27.324+0000] {dagbag.py:588} INFO - Filling up the DagBag from /home/airflow/.local/lib/python3.12/site-packages/airflow/example_dags/example_subdag_operator.py
[2025-07-30T17:10:27.355+0000] {processor.py:925} INFO - DAG(s) 'example_subdag_operator.section-1', 'example_subdag_operator.section-2', 'example_subdag_operator' retrieved from /home/airflow/.local/lib/python3.12/site-packages/airflow/example_dags/example_subdag_operator.py
[2025-07-30T17:10:27.372+0000] {logging_mixin.py:190} INFO - [2025-07-30T17:10:27.371+0000] {dag.py:3239} INFO - Sync 3 DAGs
[2025-07-30T17:10:27.398+0000] {logging_mixin.py:190} INFO - [2025-07-30T17:10:27.398+0000] {dag.py:4180} INFO - Setting next_dagrun for example_subdag_operator to 2022-01-01 00:00:00+00:00, run_after=2022-01-01 00:00:00+00:00
[2025-07-30T17:10:27.404+0000] {logging_mixin.py:190} INFO - [2025-07-30T17:10:27.403+0000] {dag.py:4180} INFO - Setting next_dagrun for example_subdag_operator.section-1 to None, run_after=None
[2025-07-30T17:10:27.405+0000] {logging_mixin.py:190} INFO - [2025-07-30T17:10:27.405+0000] {dag.py:4180} INFO - Setting next_dagrun for example_subdag_operator.section-2 to None, run_after=None
[2025-07-30T17:10:27.412+0000] {logging_mixin.py:190} INFO - [2025-07-30T17:10:27.412+0000] {dag.py:3239} INFO - Sync 2 DAGs
[2025-07-30T17:10:27.417+0000] {logging_mixin.py:190} INFO - [2025-07-30T17:10:27.417+0000] {dag.py:4180} INFO - Setting next_dagrun for example_subdag_operator.section-1 to None, run_after=None
[2025-07-30T17:10:27.417+0000] {logging_mixin.py:190} INFO - [2025-07-30T17:10:27.417+0000] {dag.py:4180} INFO - Setting next_dagrun for example_subdag_operator.section-2 to None, run_after=None
[2025-07-30T17:10:27.427+0000] {processor.py:208} INFO - Processing /home/airflow/.local/lib/python3.12/site-packages/airflow/example_dags/example_subdag_operator.py took 0.111 seconds
[2025-07-30T17:10:57.973+0000] {processor.py:186} INFO - Started process (PID=6096) to work on /home/airflow/.local/lib/python3.12/site-packages/airflow/example_dags/example_subdag_operator.py
[2025-07-30T17:10:57.974+0000] {processor.py:914} INFO - Processing file /home/airflow/.local/lib/python3.12/site-packages/airflow/example_dags/example_subdag_operator.py for tasks to queue
[2025-07-30T17:10:57.978+0000] {logging_mixin.py:190} INFO - [2025-07-30T17:10:57.978+0000] {dagbag.py:588} INFO - Filling up the DagBag from /home/airflow/.local/lib/python3.12/site-packages/airflow/example_dags/example_subdag_operator.py
[2025-07-30T17:10:58.006+0000] {processor.py:925} INFO - DAG(s) 'example_subdag_operator.section-1', 'example_subdag_operator.section-2', 'example_subdag_operator' retrieved from /home/airflow/.local/lib/python3.12/site-packages/airflow/example_dags/example_subdag_operator.py
[2025-07-30T17:10:58.024+0000] {logging_mixin.py:190} INFO - [2025-07-30T17:10:58.023+0000] {dag.py:3239} INFO - Sync 3 DAGs
[2025-07-30T17:10:58.055+0000] {logging_mixin.py:190} INFO - [2025-07-30T17:10:58.054+0000] {dag.py:4180} INFO - Setting next_dagrun for example_subdag_operator to 2022-01-01 00:00:00+00:00, run_after=2022-01-01 00:00:00+00:00
[2025-07-30T17:10:58.059+0000] {logging_mixin.py:190} INFO - [2025-07-30T17:10:58.059+0000] {dag.py:4180} INFO - Setting next_dagrun for example_subdag_operator.section-1 to None, run_after=None
[2025-07-30T17:10:58.062+0000] {logging_mixin.py:190} INFO - [2025-07-30T17:10:58.062+0000] {dag.py:4180} INFO - Setting next_dagrun for example_subdag_operator.section-2 to None, run_after=None
[2025-07-30T17:10:58.070+0000] {logging_mixin.py:190} INFO - [2025-07-30T17:10:58.070+0000] {dag.py:3239} INFO - Sync 2 DAGs
[2025-07-30T17:10:58.076+0000] {logging_mixin.py:190} INFO - [2025-07-30T17:10:58.076+0000] {dag.py:4180} INFO - Setting next_dagrun for example_subdag_operator.section-1 to None, run_after=None
[2025-07-30T17:10:58.077+0000] {logging_mixin.py:190} INFO - [2025-07-30T17:10:58.077+0000] {dag.py:4180} INFO - Setting next_dagrun for example_subdag_operator.section-2 to None, run_after=None
[2025-07-30T17:10:58.086+0000] {processor.py:208} INFO - Processing /home/airflow/.local/lib/python3.12/site-packages/airflow/example_dags/example_subdag_operator.py took 0.119 seconds
[2025-07-30T17:11:28.642+0000] {processor.py:186} INFO - Started process (PID=6402) to work on /home/airflow/.local/lib/python3.12/site-packages/airflow/example_dags/example_subdag_operator.py
[2025-07-30T17:11:28.643+0000] {processor.py:914} INFO - Processing file /home/airflow/.local/lib/python3.12/site-packages/airflow/example_dags/example_subdag_operator.py for tasks to queue
[2025-07-30T17:11:28.646+0000] {logging_mixin.py:190} INFO - [2025-07-30T17:11:28.646+0000] {dagbag.py:588} INFO - Filling up the DagBag from /home/airflow/.local/lib/python3.12/site-packages/airflow/example_dags/example_subdag_operator.py
[2025-07-30T17:11:28.674+0000] {processor.py:925} INFO - DAG(s) 'example_subdag_operator.section-1', 'example_subdag_operator.section-2', 'example_subdag_operator' retrieved from /home/airflow/.local/lib/python3.12/site-packages/airflow/example_dags/example_subdag_operator.py
[2025-07-30T17:11:28.694+0000] {logging_mixin.py:190} INFO - [2025-07-30T17:11:28.694+0000] {dag.py:3239} INFO - Sync 3 DAGs
[2025-07-30T17:11:28.721+0000] {logging_mixin.py:190} INFO - [2025-07-30T17:11:28.720+0000] {dag.py:4180} INFO - Setting next_dagrun for example_subdag_operator to 2022-01-01 00:00:00+00:00, run_after=2022-01-01 00:00:00+00:00
[2025-07-30T17:11:28.725+0000] {logging_mixin.py:190} INFO - [2025-07-30T17:11:28.725+0000] {dag.py:4180} INFO - Setting next_dagrun for example_subdag_operator.section-1 to None, run_after=None
[2025-07-30T17:11:28.726+0000] {logging_mixin.py:190} INFO - [2025-07-30T17:11:28.726+0000] {dag.py:4180} INFO - Setting next_dagrun for example_subdag_operator.section-2 to None, run_after=None
[2025-07-30T17:11:28.734+0000] {logging_mixin.py:190} INFO - [2025-07-30T17:11:28.734+0000] {dag.py:3239} INFO - Sync 2 DAGs
[2025-07-30T17:11:28.739+0000] {logging_mixin.py:190} INFO - [2025-07-30T17:11:28.739+0000] {dag.py:4180} INFO - Setting next_dagrun for example_subdag_operator.section-1 to None, run_after=None
[2025-07-30T17:11:28.740+0000] {logging_mixin.py:190} INFO - [2025-07-30T17:11:28.739+0000] {dag.py:4180} INFO - Setting next_dagrun for example_subdag_operator.section-2 to None, run_after=None
[2025-07-30T17:11:28.749+0000] {processor.py:208} INFO - Processing /home/airflow/.local/lib/python3.12/site-packages/airflow/example_dags/example_subdag_operator.py took 0.112 seconds
[2025-07-30T17:11:58.884+0000] {processor.py:186} INFO - Started process (PID=6708) to work on /home/airflow/.local/lib/python3.12/site-packages/airflow/example_dags/example_subdag_operator.py
[2025-07-30T17:11:58.885+0000] {processor.py:914} INFO - Processing file /home/airflow/.local/lib/python3.12/site-packages/airflow/example_dags/example_subdag_operator.py for tasks to queue
[2025-07-30T17:11:58.888+0000] {logging_mixin.py:190} INFO - [2025-07-30T17:11:58.887+0000] {dagbag.py:588} INFO - Filling up the DagBag from /home/airflow/.local/lib/python3.12/site-packages/airflow/example_dags/example_subdag_operator.py
[2025-07-30T17:11:58.916+0000] {processor.py:925} INFO - DAG(s) 'example_subdag_operator.section-1', 'example_subdag_operator.section-2', 'example_subdag_operator' retrieved from /home/airflow/.local/lib/python3.12/site-packages/airflow/example_dags/example_subdag_operator.py
[2025-07-30T17:11:58.933+0000] {logging_mixin.py:190} INFO - [2025-07-30T17:11:58.932+0000] {dag.py:3239} INFO - Sync 3 DAGs
[2025-07-30T17:11:58.961+0000] {logging_mixin.py:190} INFO - [2025-07-30T17:11:58.960+0000] {dag.py:4180} INFO - Setting next_dagrun for example_subdag_operator to 2022-01-01 00:00:00+00:00, run_after=2022-01-01 00:00:00+00:00
[2025-07-30T17:11:58.965+0000] {logging_mixin.py:190} INFO - [2025-07-30T17:11:58.965+0000] {dag.py:4180} INFO - Setting next_dagrun for example_subdag_operator.section-1 to None, run_after=None
[2025-07-30T17:11:58.967+0000] {logging_mixin.py:190} INFO - [2025-07-30T17:11:58.967+0000] {dag.py:4180} INFO - Setting next_dagrun for example_subdag_operator.section-2 to None, run_after=None
[2025-07-30T17:11:58.974+0000] {logging_mixin.py:190} INFO - [2025-07-30T17:11:58.973+0000] {dag.py:3239} INFO - Sync 2 DAGs
[2025-07-30T17:11:58.978+0000] {logging_mixin.py:190} INFO - [2025-07-30T17:11:58.978+0000] {dag.py:4180} INFO - Setting next_dagrun for example_subdag_operator.section-1 to None, run_after=None
[2025-07-30T17:11:58.979+0000] {logging_mixin.py:190} INFO - [2025-07-30T17:11:58.979+0000] {dag.py:4180} INFO - Setting next_dagrun for example_subdag_operator.section-2 to None, run_after=None
[2025-07-30T17:11:58.987+0000] {processor.py:208} INFO - Processing /home/airflow/.local/lib/python3.12/site-packages/airflow/example_dags/example_subdag_operator.py took 0.109 seconds
[2025-07-30T17:12:29.154+0000] {processor.py:186} INFO - Started process (PID=7014) to work on /home/airflow/.local/lib/python3.12/site-packages/airflow/example_dags/example_subdag_operator.py
[2025-07-30T17:12:29.154+0000] {processor.py:914} INFO - Processing file /home/airflow/.local/lib/python3.12/site-packages/airflow/example_dags/example_subdag_operator.py for tasks to queue
[2025-07-30T17:12:29.157+0000] {logging_mixin.py:190} INFO - [2025-07-30T17:12:29.157+0000] {dagbag.py:588} INFO - Filling up the DagBag from /home/airflow/.local/lib/python3.12/site-packages/airflow/example_dags/example_subdag_operator.py
[2025-07-30T17:12:29.185+0000] {processor.py:925} INFO - DAG(s) 'example_subdag_operator.section-1', 'example_subdag_operator.section-2', 'example_subdag_operator' retrieved from /home/airflow/.local/lib/python3.12/site-packages/airflow/example_dags/example_subdag_operator.py
[2025-07-30T17:12:29.205+0000] {logging_mixin.py:190} INFO - [2025-07-30T17:12:29.205+0000] {dag.py:3239} INFO - Sync 3 DAGs
[2025-07-30T17:12:29.241+0000] {logging_mixin.py:190} INFO - [2025-07-30T17:12:29.240+0000] {dag.py:4180} INFO - Setting next_dagrun for example_subdag_operator to 2022-01-01 00:00:00+00:00, run_after=2022-01-01 00:00:00+00:00
[2025-07-30T17:12:29.252+0000] {logging_mixin.py:190} INFO - [2025-07-30T17:12:29.252+0000] {dag.py:4180} INFO - Setting next_dagrun for example_subdag_operator.section-1 to None, run_after=None
[2025-07-30T17:12:29.255+0000] {logging_mixin.py:190} INFO - [2025-07-30T17:12:29.255+0000] {dag.py:4180} INFO - Setting next_dagrun for example_subdag_operator.section-2 to None, run_after=None
[2025-07-30T17:12:29.269+0000] {logging_mixin.py:190} INFO - [2025-07-30T17:12:29.268+0000] {dag.py:3239} INFO - Sync 2 DAGs
[2025-07-30T17:12:29.281+0000] {logging_mixin.py:190} INFO - [2025-07-30T17:12:29.281+0000] {dag.py:4180} INFO - Setting next_dagrun for example_subdag_operator.section-1 to None, run_after=None
[2025-07-30T17:12:29.282+0000] {logging_mixin.py:190} INFO - [2025-07-30T17:12:29.282+0000] {dag.py:4180} INFO - Setting next_dagrun for example_subdag_operator.section-2 to None, run_after=None
[2025-07-30T17:12:29.319+0000] {processor.py:208} INFO - Processing /home/airflow/.local/lib/python3.12/site-packages/airflow/example_dags/example_subdag_operator.py took 0.171 seconds
[2025-07-30T17:12:59.825+0000] {processor.py:186} INFO - Started process (PID=7320) to work on /home/airflow/.local/lib/python3.12/site-packages/airflow/example_dags/example_subdag_operator.py
[2025-07-30T17:12:59.825+0000] {processor.py:914} INFO - Processing file /home/airflow/.local/lib/python3.12/site-packages/airflow/example_dags/example_subdag_operator.py for tasks to queue
[2025-07-30T17:12:59.828+0000] {logging_mixin.py:190} INFO - [2025-07-30T17:12:59.827+0000] {dagbag.py:588} INFO - Filling up the DagBag from /home/airflow/.local/lib/python3.12/site-packages/airflow/example_dags/example_subdag_operator.py
[2025-07-30T17:12:59.856+0000] {processor.py:925} INFO - DAG(s) 'example_subdag_operator.section-1', 'example_subdag_operator.section-2', 'example_subdag_operator' retrieved from /home/airflow/.local/lib/python3.12/site-packages/airflow/example_dags/example_subdag_operator.py
[2025-07-30T17:12:59.873+0000] {logging_mixin.py:190} INFO - [2025-07-30T17:12:59.873+0000] {dag.py:3239} INFO - Sync 3 DAGs
[2025-07-30T17:12:59.900+0000] {logging_mixin.py:190} INFO - [2025-07-30T17:12:59.899+0000] {dag.py:4180} INFO - Setting next_dagrun for example_subdag_operator to 2022-01-01 00:00:00+00:00, run_after=2022-01-01 00:00:00+00:00
[2025-07-30T17:12:59.904+0000] {logging_mixin.py:190} INFO - [2025-07-30T17:12:59.904+0000] {dag.py:4180} INFO - Setting next_dagrun for example_subdag_operator.section-1 to None, run_after=None
[2025-07-30T17:12:59.905+0000] {logging_mixin.py:190} INFO - [2025-07-30T17:12:59.905+0000] {dag.py:4180} INFO - Setting next_dagrun for example_subdag_operator.section-2 to None, run_after=None
[2025-07-30T17:12:59.913+0000] {logging_mixin.py:190} INFO - [2025-07-30T17:12:59.913+0000] {dag.py:3239} INFO - Sync 2 DAGs
[2025-07-30T17:12:59.918+0000] {logging_mixin.py:190} INFO - [2025-07-30T17:12:59.918+0000] {dag.py:4180} INFO - Setting next_dagrun for example_subdag_operator.section-1 to None, run_after=None
[2025-07-30T17:12:59.919+0000] {logging_mixin.py:190} INFO - [2025-07-30T17:12:59.919+0000] {dag.py:4180} INFO - Setting next_dagrun for example_subdag_operator.section-2 to None, run_after=None
[2025-07-30T17:12:59.928+0000] {processor.py:208} INFO - Processing /home/airflow/.local/lib/python3.12/site-packages/airflow/example_dags/example_subdag_operator.py took 0.109 seconds
