[2025-07-30T17:01:19.506+0000] {processor.py:186} INFO - Started process (PID=337) to work on /home/airflow/.local/lib/python3.12/site-packages/airflow/example_dags/example_sla_dag.py
[2025-07-30T17:01:19.507+0000] {processor.py:914} INFO - Processing file /home/airflow/.local/lib/python3.12/site-packages/airflow/example_dags/example_sla_dag.py for tasks to queue
[2025-07-30T17:01:19.512+0000] {logging_mixin.py:190} INFO - [2025-07-30T17:01:19.511+0000] {dagbag.py:588} INFO - Filling up the DagBag from /home/airflow/.local/lib/python3.12/site-packages/airflow/example_dags/example_sla_dag.py
[2025-07-30T17:01:19.534+0000] {processor.py:925} INFO - DAG(s) 'example_sla_dag' retrieved from /home/airflow/.local/lib/python3.12/site-packages/airflow/example_dags/example_sla_dag.py
[2025-07-30T17:01:19.788+0000] {logging_mixin.py:190} INFO - [2025-07-30T17:01:19.787+0000] {override.py:1911} INFO - Created Permission View: can read on DAG:example_sla_dag
[2025-07-30T17:01:19.812+0000] {logging_mixin.py:190} INFO - [2025-07-30T17:01:19.812+0000] {override.py:1911} INFO - Created Permission View: can delete on DAG:example_sla_dag
[2025-07-30T17:01:19.828+0000] {logging_mixin.py:190} INFO - [2025-07-30T17:01:19.827+0000] {override.py:1911} INFO - Created Permission View: can edit on DAG:example_sla_dag
[2025-07-30T17:01:19.840+0000] {logging_mixin.py:190} INFO - [2025-07-30T17:01:19.840+0000] {override.py:1911} INFO - Created Permission View: can read on DAG Run:example_sla_dag
[2025-07-30T17:01:19.847+0000] {logging_mixin.py:190} INFO - [2025-07-30T17:01:19.847+0000] {override.py:1911} INFO - Created Permission View: menu access on DAG Run:example_sla_dag
[2025-07-30T17:01:19.853+0000] {logging_mixin.py:190} INFO - [2025-07-30T17:01:19.852+0000] {override.py:1911} INFO - Created Permission View: can delete on DAG Run:example_sla_dag
[2025-07-30T17:01:19.867+0000] {logging_mixin.py:190} INFO - [2025-07-30T17:01:19.867+0000] {override.py:1911} INFO - Created Permission View: can create on DAG Run:example_sla_dag
[2025-07-30T17:01:19.867+0000] {logging_mixin.py:190} INFO - [2025-07-30T17:01:19.867+0000] {dag.py:3239} INFO - Sync 1 DAGs
[2025-07-30T17:01:19.897+0000] {logging_mixin.py:190} INFO - [2025-07-30T17:01:19.896+0000] {dag.py:3262} INFO - Creating ORM DAG for example_sla_dag
[2025-07-30T17:01:19.914+0000] {logging_mixin.py:190} INFO - [2025-07-30T17:01:19.914+0000] {dag.py:4180} INFO - Setting next_dagrun for example_sla_dag to 2025-07-30 16:58:00+00:00, run_after=2025-07-30 17:00:00+00:00
[2025-07-30T17:01:19.945+0000] {processor.py:208} INFO - Processing /home/airflow/.local/lib/python3.12/site-packages/airflow/example_dags/example_sla_dag.py took 0.457 seconds
[2025-07-30T17:01:50.149+0000] {processor.py:186} INFO - Started process (PID=644) to work on /home/airflow/.local/lib/python3.12/site-packages/airflow/example_dags/example_sla_dag.py
[2025-07-30T17:01:50.150+0000] {processor.py:914} INFO - Processing file /home/airflow/.local/lib/python3.12/site-packages/airflow/example_dags/example_sla_dag.py for tasks to queue
[2025-07-30T17:01:50.152+0000] {logging_mixin.py:190} INFO - [2025-07-30T17:01:50.152+0000] {dagbag.py:588} INFO - Filling up the DagBag from /home/airflow/.local/lib/python3.12/site-packages/airflow/example_dags/example_sla_dag.py
[2025-07-30T17:01:50.163+0000] {processor.py:925} INFO - DAG(s) 'example_sla_dag' retrieved from /home/airflow/.local/lib/python3.12/site-packages/airflow/example_dags/example_sla_dag.py
[2025-07-30T17:01:50.184+0000] {logging_mixin.py:190} INFO - [2025-07-30T17:01:50.183+0000] {dag.py:3239} INFO - Sync 1 DAGs
[2025-07-30T17:01:50.212+0000] {logging_mixin.py:190} INFO - [2025-07-30T17:01:50.212+0000] {dag.py:4180} INFO - Setting next_dagrun for example_sla_dag to 2025-07-30 16:58:00+00:00, run_after=2025-07-30 17:00:00+00:00
[2025-07-30T17:01:50.231+0000] {processor.py:208} INFO - Processing /home/airflow/.local/lib/python3.12/site-packages/airflow/example_dags/example_sla_dag.py took 0.088 seconds
[2025-07-30T17:02:20.494+0000] {processor.py:186} INFO - Started process (PID=949) to work on /home/airflow/.local/lib/python3.12/site-packages/airflow/example_dags/example_sla_dag.py
[2025-07-30T17:02:20.495+0000] {processor.py:914} INFO - Processing file /home/airflow/.local/lib/python3.12/site-packages/airflow/example_dags/example_sla_dag.py for tasks to queue
[2025-07-30T17:02:20.497+0000] {logging_mixin.py:190} INFO - [2025-07-30T17:02:20.497+0000] {dagbag.py:588} INFO - Filling up the DagBag from /home/airflow/.local/lib/python3.12/site-packages/airflow/example_dags/example_sla_dag.py
[2025-07-30T17:02:20.507+0000] {processor.py:925} INFO - DAG(s) 'example_sla_dag' retrieved from /home/airflow/.local/lib/python3.12/site-packages/airflow/example_dags/example_sla_dag.py
[2025-07-30T17:02:20.527+0000] {logging_mixin.py:190} INFO - [2025-07-30T17:02:20.526+0000] {dag.py:3239} INFO - Sync 1 DAGs
[2025-07-30T17:02:20.557+0000] {logging_mixin.py:190} INFO - [2025-07-30T17:02:20.557+0000] {dag.py:4180} INFO - Setting next_dagrun for example_sla_dag to 2025-07-30 17:00:00+00:00, run_after=2025-07-30 17:02:00+00:00
[2025-07-30T17:02:20.574+0000] {processor.py:208} INFO - Processing /home/airflow/.local/lib/python3.12/site-packages/airflow/example_dags/example_sla_dag.py took 0.086 seconds
[2025-07-30T17:02:50.962+0000] {processor.py:186} INFO - Started process (PID=1253) to work on /home/airflow/.local/lib/python3.12/site-packages/airflow/example_dags/example_sla_dag.py
[2025-07-30T17:02:50.963+0000] {processor.py:914} INFO - Processing file /home/airflow/.local/lib/python3.12/site-packages/airflow/example_dags/example_sla_dag.py for tasks to queue
[2025-07-30T17:02:50.966+0000] {logging_mixin.py:190} INFO - [2025-07-30T17:02:50.965+0000] {dagbag.py:588} INFO - Filling up the DagBag from /home/airflow/.local/lib/python3.12/site-packages/airflow/example_dags/example_sla_dag.py
[2025-07-30T17:02:50.977+0000] {processor.py:925} INFO - DAG(s) 'example_sla_dag' retrieved from /home/airflow/.local/lib/python3.12/site-packages/airflow/example_dags/example_sla_dag.py
[2025-07-30T17:02:50.998+0000] {logging_mixin.py:190} INFO - [2025-07-30T17:02:50.998+0000] {dag.py:3239} INFO - Sync 1 DAGs
[2025-07-30T17:02:51.031+0000] {logging_mixin.py:190} INFO - [2025-07-30T17:02:51.031+0000] {dag.py:4180} INFO - Setting next_dagrun for example_sla_dag to 2025-07-30 17:00:00+00:00, run_after=2025-07-30 17:02:00+00:00
[2025-07-30T17:02:51.048+0000] {processor.py:208} INFO - Processing /home/airflow/.local/lib/python3.12/site-packages/airflow/example_dags/example_sla_dag.py took 0.092 seconds
[2025-07-30T17:03:21.352+0000] {processor.py:186} INFO - Started process (PID=1554) to work on /home/airflow/.local/lib/python3.12/site-packages/airflow/example_dags/example_sla_dag.py
[2025-07-30T17:03:21.353+0000] {processor.py:914} INFO - Processing file /home/airflow/.local/lib/python3.12/site-packages/airflow/example_dags/example_sla_dag.py for tasks to queue
[2025-07-30T17:03:21.355+0000] {logging_mixin.py:190} INFO - [2025-07-30T17:03:21.355+0000] {dagbag.py:588} INFO - Filling up the DagBag from /home/airflow/.local/lib/python3.12/site-packages/airflow/example_dags/example_sla_dag.py
[2025-07-30T17:03:21.366+0000] {processor.py:925} INFO - DAG(s) 'example_sla_dag' retrieved from /home/airflow/.local/lib/python3.12/site-packages/airflow/example_dags/example_sla_dag.py
[2025-07-30T17:03:21.385+0000] {logging_mixin.py:190} INFO - [2025-07-30T17:03:21.385+0000] {dag.py:3239} INFO - Sync 1 DAGs
[2025-07-30T17:03:21.414+0000] {logging_mixin.py:190} INFO - [2025-07-30T17:03:21.414+0000] {dag.py:4180} INFO - Setting next_dagrun for example_sla_dag to 2025-07-30 17:00:00+00:00, run_after=2025-07-30 17:02:00+00:00
[2025-07-30T17:03:21.431+0000] {processor.py:208} INFO - Processing /home/airflow/.local/lib/python3.12/site-packages/airflow/example_dags/example_sla_dag.py took 0.085 seconds
[2025-07-30T17:03:51.534+0000] {processor.py:186} INFO - Started process (PID=1862) to work on /home/airflow/.local/lib/python3.12/site-packages/airflow/example_dags/example_sla_dag.py
[2025-07-30T17:03:51.535+0000] {processor.py:914} INFO - Processing file /home/airflow/.local/lib/python3.12/site-packages/airflow/example_dags/example_sla_dag.py for tasks to queue
[2025-07-30T17:03:51.537+0000] {logging_mixin.py:190} INFO - [2025-07-30T17:03:51.536+0000] {dagbag.py:588} INFO - Filling up the DagBag from /home/airflow/.local/lib/python3.12/site-packages/airflow/example_dags/example_sla_dag.py
[2025-07-30T17:03:51.545+0000] {processor.py:925} INFO - DAG(s) 'example_sla_dag' retrieved from /home/airflow/.local/lib/python3.12/site-packages/airflow/example_dags/example_sla_dag.py
[2025-07-30T17:03:51.560+0000] {logging_mixin.py:190} INFO - [2025-07-30T17:03:51.559+0000] {dag.py:3239} INFO - Sync 1 DAGs
[2025-07-30T17:03:51.579+0000] {logging_mixin.py:190} INFO - [2025-07-30T17:03:51.579+0000] {dag.py:4180} INFO - Setting next_dagrun for example_sla_dag to 2025-07-30 17:00:00+00:00, run_after=2025-07-30 17:02:00+00:00
[2025-07-30T17:03:51.592+0000] {processor.py:208} INFO - Processing /home/airflow/.local/lib/python3.12/site-packages/airflow/example_dags/example_sla_dag.py took 0.063 seconds
[2025-07-30T17:04:21.757+0000] {processor.py:186} INFO - Started process (PID=2168) to work on /home/airflow/.local/lib/python3.12/site-packages/airflow/example_dags/example_sla_dag.py
[2025-07-30T17:04:21.757+0000] {processor.py:914} INFO - Processing file /home/airflow/.local/lib/python3.12/site-packages/airflow/example_dags/example_sla_dag.py for tasks to queue
[2025-07-30T17:04:21.759+0000] {logging_mixin.py:190} INFO - [2025-07-30T17:04:21.759+0000] {dagbag.py:588} INFO - Filling up the DagBag from /home/airflow/.local/lib/python3.12/site-packages/airflow/example_dags/example_sla_dag.py
[2025-07-30T17:04:21.767+0000] {processor.py:925} INFO - DAG(s) 'example_sla_dag' retrieved from /home/airflow/.local/lib/python3.12/site-packages/airflow/example_dags/example_sla_dag.py
[2025-07-30T17:04:21.782+0000] {logging_mixin.py:190} INFO - [2025-07-30T17:04:21.782+0000] {dag.py:3239} INFO - Sync 1 DAGs
[2025-07-30T17:04:21.801+0000] {logging_mixin.py:190} INFO - [2025-07-30T17:04:21.801+0000] {dag.py:4180} INFO - Setting next_dagrun for example_sla_dag to 2025-07-30 17:02:00+00:00, run_after=2025-07-30 17:04:00+00:00
[2025-07-30T17:04:21.814+0000] {processor.py:208} INFO - Processing /home/airflow/.local/lib/python3.12/site-packages/airflow/example_dags/example_sla_dag.py took 0.062 seconds
[2025-07-30T17:04:52.345+0000] {processor.py:186} INFO - Started process (PID=2474) to work on /home/airflow/.local/lib/python3.12/site-packages/airflow/example_dags/example_sla_dag.py
[2025-07-30T17:04:52.345+0000] {processor.py:914} INFO - Processing file /home/airflow/.local/lib/python3.12/site-packages/airflow/example_dags/example_sla_dag.py for tasks to queue
[2025-07-30T17:04:52.348+0000] {logging_mixin.py:190} INFO - [2025-07-30T17:04:52.348+0000] {dagbag.py:588} INFO - Filling up the DagBag from /home/airflow/.local/lib/python3.12/site-packages/airflow/example_dags/example_sla_dag.py
[2025-07-30T17:04:52.358+0000] {processor.py:925} INFO - DAG(s) 'example_sla_dag' retrieved from /home/airflow/.local/lib/python3.12/site-packages/airflow/example_dags/example_sla_dag.py
[2025-07-30T17:04:52.378+0000] {logging_mixin.py:190} INFO - [2025-07-30T17:04:52.378+0000] {dag.py:3239} INFO - Sync 1 DAGs
[2025-07-30T17:04:52.416+0000] {logging_mixin.py:190} INFO - [2025-07-30T17:04:52.414+0000] {dag.py:4180} INFO - Setting next_dagrun for example_sla_dag to 2025-07-30 17:02:00+00:00, run_after=2025-07-30 17:04:00+00:00
[2025-07-30T17:04:52.444+0000] {processor.py:208} INFO - Processing /home/airflow/.local/lib/python3.12/site-packages/airflow/example_dags/example_sla_dag.py took 0.105 seconds
[2025-07-30T17:05:23.210+0000] {processor.py:186} INFO - Started process (PID=2778) to work on /home/airflow/.local/lib/python3.12/site-packages/airflow/example_dags/example_sla_dag.py
[2025-07-30T17:05:23.210+0000] {processor.py:914} INFO - Processing file /home/airflow/.local/lib/python3.12/site-packages/airflow/example_dags/example_sla_dag.py for tasks to queue
[2025-07-30T17:05:23.212+0000] {logging_mixin.py:190} INFO - [2025-07-30T17:05:23.212+0000] {dagbag.py:588} INFO - Filling up the DagBag from /home/airflow/.local/lib/python3.12/site-packages/airflow/example_dags/example_sla_dag.py
[2025-07-30T17:05:23.223+0000] {processor.py:925} INFO - DAG(s) 'example_sla_dag' retrieved from /home/airflow/.local/lib/python3.12/site-packages/airflow/example_dags/example_sla_dag.py
[2025-07-30T17:05:23.242+0000] {logging_mixin.py:190} INFO - [2025-07-30T17:05:23.241+0000] {dag.py:3239} INFO - Sync 1 DAGs
[2025-07-30T17:05:23.272+0000] {logging_mixin.py:190} INFO - [2025-07-30T17:05:23.272+0000] {dag.py:4180} INFO - Setting next_dagrun for example_sla_dag to 2025-07-30 17:02:00+00:00, run_after=2025-07-30 17:04:00+00:00
[2025-07-30T17:05:23.289+0000] {processor.py:208} INFO - Processing /home/airflow/.local/lib/python3.12/site-packages/airflow/example_dags/example_sla_dag.py took 0.086 seconds
[2025-07-30T17:05:53.587+0000] {processor.py:186} INFO - Started process (PID=3086) to work on /home/airflow/.local/lib/python3.12/site-packages/airflow/example_dags/example_sla_dag.py
[2025-07-30T17:05:53.588+0000] {processor.py:914} INFO - Processing file /home/airflow/.local/lib/python3.12/site-packages/airflow/example_dags/example_sla_dag.py for tasks to queue
[2025-07-30T17:05:53.590+0000] {logging_mixin.py:190} INFO - [2025-07-30T17:05:53.589+0000] {dagbag.py:588} INFO - Filling up the DagBag from /home/airflow/.local/lib/python3.12/site-packages/airflow/example_dags/example_sla_dag.py
[2025-07-30T17:05:53.598+0000] {processor.py:925} INFO - DAG(s) 'example_sla_dag' retrieved from /home/airflow/.local/lib/python3.12/site-packages/airflow/example_dags/example_sla_dag.py
[2025-07-30T17:05:53.613+0000] {logging_mixin.py:190} INFO - [2025-07-30T17:05:53.613+0000] {dag.py:3239} INFO - Sync 1 DAGs
[2025-07-30T17:05:53.632+0000] {logging_mixin.py:190} INFO - [2025-07-30T17:05:53.632+0000] {dag.py:4180} INFO - Setting next_dagrun for example_sla_dag to 2025-07-30 17:02:00+00:00, run_after=2025-07-30 17:04:00+00:00
[2025-07-30T17:05:53.645+0000] {processor.py:208} INFO - Processing /home/airflow/.local/lib/python3.12/site-packages/airflow/example_dags/example_sla_dag.py took 0.063 seconds
[2025-07-30T17:06:24.554+0000] {processor.py:186} INFO - Started process (PID=3392) to work on /home/airflow/.local/lib/python3.12/site-packages/airflow/example_dags/example_sla_dag.py
[2025-07-30T17:06:24.554+0000] {processor.py:914} INFO - Processing file /home/airflow/.local/lib/python3.12/site-packages/airflow/example_dags/example_sla_dag.py for tasks to queue
[2025-07-30T17:06:24.557+0000] {logging_mixin.py:190} INFO - [2025-07-30T17:06:24.557+0000] {dagbag.py:588} INFO - Filling up the DagBag from /home/airflow/.local/lib/python3.12/site-packages/airflow/example_dags/example_sla_dag.py
[2025-07-30T17:06:24.568+0000] {processor.py:925} INFO - DAG(s) 'example_sla_dag' retrieved from /home/airflow/.local/lib/python3.12/site-packages/airflow/example_dags/example_sla_dag.py
[2025-07-30T17:06:24.590+0000] {logging_mixin.py:190} INFO - [2025-07-30T17:06:24.590+0000] {dag.py:3239} INFO - Sync 1 DAGs
[2025-07-30T17:06:24.619+0000] {logging_mixin.py:190} INFO - [2025-07-30T17:06:24.619+0000] {dag.py:4180} INFO - Setting next_dagrun for example_sla_dag to 2025-07-30 17:04:00+00:00, run_after=2025-07-30 17:06:00+00:00
[2025-07-30T17:06:24.646+0000] {processor.py:208} INFO - Processing /home/airflow/.local/lib/python3.12/site-packages/airflow/example_dags/example_sla_dag.py took 0.099 seconds
[2025-07-30T17:06:55.479+0000] {processor.py:186} INFO - Started process (PID=3698) to work on /home/airflow/.local/lib/python3.12/site-packages/airflow/example_dags/example_sla_dag.py
[2025-07-30T17:06:55.480+0000] {processor.py:914} INFO - Processing file /home/airflow/.local/lib/python3.12/site-packages/airflow/example_dags/example_sla_dag.py for tasks to queue
[2025-07-30T17:06:55.482+0000] {logging_mixin.py:190} INFO - [2025-07-30T17:06:55.482+0000] {dagbag.py:588} INFO - Filling up the DagBag from /home/airflow/.local/lib/python3.12/site-packages/airflow/example_dags/example_sla_dag.py
[2025-07-30T17:06:55.494+0000] {processor.py:925} INFO - DAG(s) 'example_sla_dag' retrieved from /home/airflow/.local/lib/python3.12/site-packages/airflow/example_dags/example_sla_dag.py
[2025-07-30T17:06:55.515+0000] {logging_mixin.py:190} INFO - [2025-07-30T17:06:55.515+0000] {dag.py:3239} INFO - Sync 1 DAGs
[2025-07-30T17:06:55.544+0000] {logging_mixin.py:190} INFO - [2025-07-30T17:06:55.544+0000] {dag.py:4180} INFO - Setting next_dagrun for example_sla_dag to 2025-07-30 17:04:00+00:00, run_after=2025-07-30 17:06:00+00:00
[2025-07-30T17:06:55.578+0000] {processor.py:208} INFO - Processing /home/airflow/.local/lib/python3.12/site-packages/airflow/example_dags/example_sla_dag.py took 0.105 seconds
[2025-07-30T17:07:25.801+0000] {processor.py:186} INFO - Started process (PID=4004) to work on /home/airflow/.local/lib/python3.12/site-packages/airflow/example_dags/example_sla_dag.py
[2025-07-30T17:07:25.802+0000] {processor.py:914} INFO - Processing file /home/airflow/.local/lib/python3.12/site-packages/airflow/example_dags/example_sla_dag.py for tasks to queue
[2025-07-30T17:07:25.805+0000] {logging_mixin.py:190} INFO - [2025-07-30T17:07:25.804+0000] {dagbag.py:588} INFO - Filling up the DagBag from /home/airflow/.local/lib/python3.12/site-packages/airflow/example_dags/example_sla_dag.py
[2025-07-30T17:07:25.817+0000] {processor.py:925} INFO - DAG(s) 'example_sla_dag' retrieved from /home/airflow/.local/lib/python3.12/site-packages/airflow/example_dags/example_sla_dag.py
[2025-07-30T17:07:25.837+0000] {logging_mixin.py:190} INFO - [2025-07-30T17:07:25.837+0000] {dag.py:3239} INFO - Sync 1 DAGs
[2025-07-30T17:07:25.866+0000] {logging_mixin.py:190} INFO - [2025-07-30T17:07:25.866+0000] {dag.py:4180} INFO - Setting next_dagrun for example_sla_dag to 2025-07-30 17:04:00+00:00, run_after=2025-07-30 17:06:00+00:00
[2025-07-30T17:07:25.885+0000] {processor.py:208} INFO - Processing /home/airflow/.local/lib/python3.12/site-packages/airflow/example_dags/example_sla_dag.py took 0.089 seconds
[2025-07-30T17:07:56.427+0000] {processor.py:186} INFO - Started process (PID=4310) to work on /home/airflow/.local/lib/python3.12/site-packages/airflow/example_dags/example_sla_dag.py
[2025-07-30T17:07:56.428+0000] {processor.py:914} INFO - Processing file /home/airflow/.local/lib/python3.12/site-packages/airflow/example_dags/example_sla_dag.py for tasks to queue
[2025-07-30T17:07:56.430+0000] {logging_mixin.py:190} INFO - [2025-07-30T17:07:56.429+0000] {dagbag.py:588} INFO - Filling up the DagBag from /home/airflow/.local/lib/python3.12/site-packages/airflow/example_dags/example_sla_dag.py
[2025-07-30T17:07:56.438+0000] {processor.py:925} INFO - DAG(s) 'example_sla_dag' retrieved from /home/airflow/.local/lib/python3.12/site-packages/airflow/example_dags/example_sla_dag.py
[2025-07-30T17:07:56.452+0000] {logging_mixin.py:190} INFO - [2025-07-30T17:07:56.452+0000] {dag.py:3239} INFO - Sync 1 DAGs
[2025-07-30T17:07:56.471+0000] {logging_mixin.py:190} INFO - [2025-07-30T17:07:56.471+0000] {dag.py:4180} INFO - Setting next_dagrun for example_sla_dag to 2025-07-30 17:04:00+00:00, run_after=2025-07-30 17:06:00+00:00
[2025-07-30T17:07:56.484+0000] {processor.py:208} INFO - Processing /home/airflow/.local/lib/python3.12/site-packages/airflow/example_dags/example_sla_dag.py took 0.061 seconds
[2025-07-30T17:08:26.805+0000] {processor.py:186} INFO - Started process (PID=4616) to work on /home/airflow/.local/lib/python3.12/site-packages/airflow/example_dags/example_sla_dag.py
[2025-07-30T17:08:26.806+0000] {processor.py:914} INFO - Processing file /home/airflow/.local/lib/python3.12/site-packages/airflow/example_dags/example_sla_dag.py for tasks to queue
[2025-07-30T17:08:26.808+0000] {logging_mixin.py:190} INFO - [2025-07-30T17:08:26.808+0000] {dagbag.py:588} INFO - Filling up the DagBag from /home/airflow/.local/lib/python3.12/site-packages/airflow/example_dags/example_sla_dag.py
[2025-07-30T17:08:26.818+0000] {processor.py:925} INFO - DAG(s) 'example_sla_dag' retrieved from /home/airflow/.local/lib/python3.12/site-packages/airflow/example_dags/example_sla_dag.py
[2025-07-30T17:08:26.837+0000] {logging_mixin.py:190} INFO - [2025-07-30T17:08:26.837+0000] {dag.py:3239} INFO - Sync 1 DAGs
[2025-07-30T17:08:26.867+0000] {logging_mixin.py:190} INFO - [2025-07-30T17:08:26.867+0000] {dag.py:4180} INFO - Setting next_dagrun for example_sla_dag to 2025-07-30 17:06:00+00:00, run_after=2025-07-30 17:08:00+00:00
[2025-07-30T17:08:26.884+0000] {processor.py:208} INFO - Processing /home/airflow/.local/lib/python3.12/site-packages/airflow/example_dags/example_sla_dag.py took 0.085 seconds
[2025-07-30T17:08:56.998+0000] {processor.py:186} INFO - Started process (PID=4922) to work on /home/airflow/.local/lib/python3.12/site-packages/airflow/example_dags/example_sla_dag.py
[2025-07-30T17:08:57.000+0000] {processor.py:914} INFO - Processing file /home/airflow/.local/lib/python3.12/site-packages/airflow/example_dags/example_sla_dag.py for tasks to queue
[2025-07-30T17:08:57.002+0000] {logging_mixin.py:190} INFO - [2025-07-30T17:08:57.001+0000] {dagbag.py:588} INFO - Filling up the DagBag from /home/airflow/.local/lib/python3.12/site-packages/airflow/example_dags/example_sla_dag.py
[2025-07-30T17:08:57.013+0000] {processor.py:925} INFO - DAG(s) 'example_sla_dag' retrieved from /home/airflow/.local/lib/python3.12/site-packages/airflow/example_dags/example_sla_dag.py
[2025-07-30T17:08:57.034+0000] {logging_mixin.py:190} INFO - [2025-07-30T17:08:57.034+0000] {dag.py:3239} INFO - Sync 1 DAGs
[2025-07-30T17:08:57.064+0000] {logging_mixin.py:190} INFO - [2025-07-30T17:08:57.063+0000] {dag.py:4180} INFO - Setting next_dagrun for example_sla_dag to 2025-07-30 17:06:00+00:00, run_after=2025-07-30 17:08:00+00:00
[2025-07-30T17:08:57.081+0000] {processor.py:208} INFO - Processing /home/airflow/.local/lib/python3.12/site-packages/airflow/example_dags/example_sla_dag.py took 0.088 seconds
[2025-07-30T17:09:27.853+0000] {processor.py:186} INFO - Started process (PID=5226) to work on /home/airflow/.local/lib/python3.12/site-packages/airflow/example_dags/example_sla_dag.py
[2025-07-30T17:09:27.854+0000] {processor.py:914} INFO - Processing file /home/airflow/.local/lib/python3.12/site-packages/airflow/example_dags/example_sla_dag.py for tasks to queue
[2025-07-30T17:09:27.856+0000] {logging_mixin.py:190} INFO - [2025-07-30T17:09:27.856+0000] {dagbag.py:588} INFO - Filling up the DagBag from /home/airflow/.local/lib/python3.12/site-packages/airflow/example_dags/example_sla_dag.py
[2025-07-30T17:09:27.868+0000] {processor.py:925} INFO - DAG(s) 'example_sla_dag' retrieved from /home/airflow/.local/lib/python3.12/site-packages/airflow/example_dags/example_sla_dag.py
[2025-07-30T17:09:27.886+0000] {logging_mixin.py:190} INFO - [2025-07-30T17:09:27.886+0000] {dag.py:3239} INFO - Sync 1 DAGs
[2025-07-30T17:09:27.914+0000] {logging_mixin.py:190} INFO - [2025-07-30T17:09:27.914+0000] {dag.py:4180} INFO - Setting next_dagrun for example_sla_dag to 2025-07-30 17:06:00+00:00, run_after=2025-07-30 17:08:00+00:00
[2025-07-30T17:09:27.931+0000] {processor.py:208} INFO - Processing /home/airflow/.local/lib/python3.12/site-packages/airflow/example_dags/example_sla_dag.py took 0.084 seconds
[2025-07-30T17:09:58.033+0000] {processor.py:186} INFO - Started process (PID=5532) to work on /home/airflow/.local/lib/python3.12/site-packages/airflow/example_dags/example_sla_dag.py
[2025-07-30T17:09:58.034+0000] {processor.py:914} INFO - Processing file /home/airflow/.local/lib/python3.12/site-packages/airflow/example_dags/example_sla_dag.py for tasks to queue
[2025-07-30T17:09:58.037+0000] {logging_mixin.py:190} INFO - [2025-07-30T17:09:58.036+0000] {dagbag.py:588} INFO - Filling up the DagBag from /home/airflow/.local/lib/python3.12/site-packages/airflow/example_dags/example_sla_dag.py
[2025-07-30T17:09:58.048+0000] {processor.py:925} INFO - DAG(s) 'example_sla_dag' retrieved from /home/airflow/.local/lib/python3.12/site-packages/airflow/example_dags/example_sla_dag.py
[2025-07-30T17:09:58.071+0000] {logging_mixin.py:190} INFO - [2025-07-30T17:09:58.071+0000] {dag.py:3239} INFO - Sync 1 DAGs
[2025-07-30T17:09:58.100+0000] {logging_mixin.py:190} INFO - [2025-07-30T17:09:58.100+0000] {dag.py:4180} INFO - Setting next_dagrun for example_sla_dag to 2025-07-30 17:06:00+00:00, run_after=2025-07-30 17:08:00+00:00
[2025-07-30T17:09:58.116+0000] {processor.py:208} INFO - Processing /home/airflow/.local/lib/python3.12/site-packages/airflow/example_dags/example_sla_dag.py took 0.089 seconds
[2025-07-30T17:10:28.954+0000] {processor.py:186} INFO - Started process (PID=5838) to work on /home/airflow/.local/lib/python3.12/site-packages/airflow/example_dags/example_sla_dag.py
[2025-07-30T17:10:28.955+0000] {processor.py:914} INFO - Processing file /home/airflow/.local/lib/python3.12/site-packages/airflow/example_dags/example_sla_dag.py for tasks to queue
[2025-07-30T17:10:28.957+0000] {logging_mixin.py:190} INFO - [2025-07-30T17:10:28.957+0000] {dagbag.py:588} INFO - Filling up the DagBag from /home/airflow/.local/lib/python3.12/site-packages/airflow/example_dags/example_sla_dag.py
[2025-07-30T17:10:28.968+0000] {processor.py:925} INFO - DAG(s) 'example_sla_dag' retrieved from /home/airflow/.local/lib/python3.12/site-packages/airflow/example_dags/example_sla_dag.py
[2025-07-30T17:10:28.990+0000] {logging_mixin.py:190} INFO - [2025-07-30T17:10:28.989+0000] {dag.py:3239} INFO - Sync 1 DAGs
[2025-07-30T17:10:29.026+0000] {logging_mixin.py:190} INFO - [2025-07-30T17:10:29.026+0000] {dag.py:4180} INFO - Setting next_dagrun for example_sla_dag to 2025-07-30 17:08:00+00:00, run_after=2025-07-30 17:10:00+00:00
[2025-07-30T17:10:29.046+0000] {processor.py:208} INFO - Processing /home/airflow/.local/lib/python3.12/site-packages/airflow/example_dags/example_sla_dag.py took 0.098 seconds
[2025-07-30T17:10:59.548+0000] {processor.py:186} INFO - Started process (PID=6146) to work on /home/airflow/.local/lib/python3.12/site-packages/airflow/example_dags/example_sla_dag.py
[2025-07-30T17:10:59.548+0000] {processor.py:914} INFO - Processing file /home/airflow/.local/lib/python3.12/site-packages/airflow/example_dags/example_sla_dag.py for tasks to queue
[2025-07-30T17:10:59.550+0000] {logging_mixin.py:190} INFO - [2025-07-30T17:10:59.550+0000] {dagbag.py:588} INFO - Filling up the DagBag from /home/airflow/.local/lib/python3.12/site-packages/airflow/example_dags/example_sla_dag.py
[2025-07-30T17:10:59.558+0000] {processor.py:925} INFO - DAG(s) 'example_sla_dag' retrieved from /home/airflow/.local/lib/python3.12/site-packages/airflow/example_dags/example_sla_dag.py
[2025-07-30T17:10:59.573+0000] {logging_mixin.py:190} INFO - [2025-07-30T17:10:59.573+0000] {dag.py:3239} INFO - Sync 1 DAGs
[2025-07-30T17:10:59.592+0000] {logging_mixin.py:190} INFO - [2025-07-30T17:10:59.592+0000] {dag.py:4180} INFO - Setting next_dagrun for example_sla_dag to 2025-07-30 17:08:00+00:00, run_after=2025-07-30 17:10:00+00:00
[2025-07-30T17:10:59.605+0000] {processor.py:208} INFO - Processing /home/airflow/.local/lib/python3.12/site-packages/airflow/example_dags/example_sla_dag.py took 0.062 seconds
[2025-07-30T17:11:30.302+0000] {processor.py:186} INFO - Started process (PID=6450) to work on /home/airflow/.local/lib/python3.12/site-packages/airflow/example_dags/example_sla_dag.py
[2025-07-30T17:11:30.302+0000] {processor.py:914} INFO - Processing file /home/airflow/.local/lib/python3.12/site-packages/airflow/example_dags/example_sla_dag.py for tasks to queue
[2025-07-30T17:11:30.305+0000] {logging_mixin.py:190} INFO - [2025-07-30T17:11:30.304+0000] {dagbag.py:588} INFO - Filling up the DagBag from /home/airflow/.local/lib/python3.12/site-packages/airflow/example_dags/example_sla_dag.py
[2025-07-30T17:11:30.316+0000] {processor.py:925} INFO - DAG(s) 'example_sla_dag' retrieved from /home/airflow/.local/lib/python3.12/site-packages/airflow/example_dags/example_sla_dag.py
[2025-07-30T17:11:30.336+0000] {logging_mixin.py:190} INFO - [2025-07-30T17:11:30.336+0000] {dag.py:3239} INFO - Sync 1 DAGs
[2025-07-30T17:11:30.366+0000] {logging_mixin.py:190} INFO - [2025-07-30T17:11:30.366+0000] {dag.py:4180} INFO - Setting next_dagrun for example_sla_dag to 2025-07-30 17:08:00+00:00, run_after=2025-07-30 17:10:00+00:00
[2025-07-30T17:11:30.381+0000] {processor.py:208} INFO - Processing /home/airflow/.local/lib/python3.12/site-packages/airflow/example_dags/example_sla_dag.py took 0.085 seconds
[2025-07-30T17:12:00.442+0000] {processor.py:186} INFO - Started process (PID=6756) to work on /home/airflow/.local/lib/python3.12/site-packages/airflow/example_dags/example_sla_dag.py
[2025-07-30T17:12:00.443+0000] {processor.py:914} INFO - Processing file /home/airflow/.local/lib/python3.12/site-packages/airflow/example_dags/example_sla_dag.py for tasks to queue
[2025-07-30T17:12:00.445+0000] {logging_mixin.py:190} INFO - [2025-07-30T17:12:00.445+0000] {dagbag.py:588} INFO - Filling up the DagBag from /home/airflow/.local/lib/python3.12/site-packages/airflow/example_dags/example_sla_dag.py
[2025-07-30T17:12:00.456+0000] {processor.py:925} INFO - DAG(s) 'example_sla_dag' retrieved from /home/airflow/.local/lib/python3.12/site-packages/airflow/example_dags/example_sla_dag.py
[2025-07-30T17:12:00.476+0000] {logging_mixin.py:190} INFO - [2025-07-30T17:12:00.475+0000] {dag.py:3239} INFO - Sync 1 DAGs
[2025-07-30T17:12:00.520+0000] {logging_mixin.py:190} INFO - [2025-07-30T17:12:00.520+0000] {dag.py:4180} INFO - Setting next_dagrun for example_sla_dag to 2025-07-30 17:10:00+00:00, run_after=2025-07-30 17:12:00+00:00
[2025-07-30T17:12:00.536+0000] {processor.py:208} INFO - Processing /home/airflow/.local/lib/python3.12/site-packages/airflow/example_dags/example_sla_dag.py took 0.100 seconds
[2025-07-30T17:12:30.788+0000] {processor.py:186} INFO - Started process (PID=7064) to work on /home/airflow/.local/lib/python3.12/site-packages/airflow/example_dags/example_sla_dag.py
[2025-07-30T17:12:30.789+0000] {processor.py:914} INFO - Processing file /home/airflow/.local/lib/python3.12/site-packages/airflow/example_dags/example_sla_dag.py for tasks to queue
[2025-07-30T17:12:30.791+0000] {logging_mixin.py:190} INFO - [2025-07-30T17:12:30.790+0000] {dagbag.py:588} INFO - Filling up the DagBag from /home/airflow/.local/lib/python3.12/site-packages/airflow/example_dags/example_sla_dag.py
[2025-07-30T17:12:30.798+0000] {processor.py:925} INFO - DAG(s) 'example_sla_dag' retrieved from /home/airflow/.local/lib/python3.12/site-packages/airflow/example_dags/example_sla_dag.py
[2025-07-30T17:12:30.813+0000] {logging_mixin.py:190} INFO - [2025-07-30T17:12:30.813+0000] {dag.py:3239} INFO - Sync 1 DAGs
[2025-07-30T17:12:30.832+0000] {logging_mixin.py:190} INFO - [2025-07-30T17:12:30.832+0000] {dag.py:4180} INFO - Setting next_dagrun for example_sla_dag to 2025-07-30 17:10:00+00:00, run_after=2025-07-30 17:12:00+00:00
[2025-07-30T17:12:30.845+0000] {processor.py:208} INFO - Processing /home/airflow/.local/lib/python3.12/site-packages/airflow/example_dags/example_sla_dag.py took 0.061 seconds
[2025-07-30T17:13:01.415+0000] {processor.py:186} INFO - Started process (PID=7370) to work on /home/airflow/.local/lib/python3.12/site-packages/airflow/example_dags/example_sla_dag.py
[2025-07-30T17:13:01.417+0000] {processor.py:914} INFO - Processing file /home/airflow/.local/lib/python3.12/site-packages/airflow/example_dags/example_sla_dag.py for tasks to queue
[2025-07-30T17:13:01.419+0000] {logging_mixin.py:190} INFO - [2025-07-30T17:13:01.419+0000] {dagbag.py:588} INFO - Filling up the DagBag from /home/airflow/.local/lib/python3.12/site-packages/airflow/example_dags/example_sla_dag.py
[2025-07-30T17:13:01.433+0000] {processor.py:925} INFO - DAG(s) 'example_sla_dag' retrieved from /home/airflow/.local/lib/python3.12/site-packages/airflow/example_dags/example_sla_dag.py
[2025-07-30T17:13:01.455+0000] {logging_mixin.py:190} INFO - [2025-07-30T17:13:01.455+0000] {dag.py:3239} INFO - Sync 1 DAGs
[2025-07-30T17:13:01.486+0000] {logging_mixin.py:190} INFO - [2025-07-30T17:13:01.485+0000] {dag.py:4180} INFO - Setting next_dagrun for example_sla_dag to 2025-07-30 17:10:00+00:00, run_after=2025-07-30 17:12:00+00:00
[2025-07-30T17:13:01.504+0000] {processor.py:208} INFO - Processing /home/airflow/.local/lib/python3.12/site-packages/airflow/example_dags/example_sla_dag.py took 0.095 seconds
