[2025-07-30T17:01:27.787+0000] {processor.py:186} INFO - Started process (PID=427) to work on /home/airflow/.local/lib/python3.12/site-packages/airflow/example_dags/example_xcomargs.py
[2025-07-30T17:01:27.791+0000] {processor.py:914} INFO - Processing file /home/airflow/.local/lib/python3.12/site-packages/airflow/example_dags/example_xcomargs.py for tasks to queue
[2025-07-30T17:01:27.800+0000] {logging_mixin.py:190} INFO - [2025-07-30T17:01:27.799+0000] {dagbag.py:588} INFO - Filling up the DagBag from /home/airflow/.local/lib/python3.12/site-packages/airflow/example_dags/example_xcomargs.py
[2025-07-30T17:01:27.843+0000] {processor.py:925} INFO - DAG(s) 'example_xcom_args_with_operators', 'example_xcom_args' retrieved from /home/airflow/.local/lib/python3.12/site-packages/airflow/example_dags/example_xcomargs.py
[2025-07-30T17:01:28.212+0000] {logging_mixin.py:190} INFO - [2025-07-30T17:01:28.211+0000] {override.py:1911} INFO - Created Permission View: can read on DAG:example_xcom_args_with_operators
[2025-07-30T17:01:28.241+0000] {logging_mixin.py:190} INFO - [2025-07-30T17:01:28.240+0000] {override.py:1911} INFO - Created Permission View: can delete on DAG:example_xcom_args_with_operators
[2025-07-30T17:01:28.257+0000] {logging_mixin.py:190} INFO - [2025-07-30T17:01:28.256+0000] {override.py:1911} INFO - Created Permission View: can edit on DAG:example_xcom_args_with_operators
[2025-07-30T17:01:28.267+0000] {logging_mixin.py:190} INFO - [2025-07-30T17:01:28.267+0000] {override.py:1911} INFO - Created Permission View: can read on DAG Run:example_xcom_args_with_operators
[2025-07-30T17:01:28.282+0000] {logging_mixin.py:190} INFO - [2025-07-30T17:01:28.282+0000] {override.py:1911} INFO - Created Permission View: menu access on DAG Run:example_xcom_args_with_operators
[2025-07-30T17:01:28.298+0000] {logging_mixin.py:190} INFO - [2025-07-30T17:01:28.298+0000] {override.py:1911} INFO - Created Permission View: can delete on DAG Run:example_xcom_args_with_operators
[2025-07-30T17:01:28.314+0000] {logging_mixin.py:190} INFO - [2025-07-30T17:01:28.314+0000] {override.py:1911} INFO - Created Permission View: can create on DAG Run:example_xcom_args_with_operators
[2025-07-30T17:01:28.348+0000] {logging_mixin.py:190} INFO - [2025-07-30T17:01:28.348+0000] {override.py:1911} INFO - Created Permission View: can read on DAG:example_xcom_args
[2025-07-30T17:01:28.367+0000] {logging_mixin.py:190} INFO - [2025-07-30T17:01:28.365+0000] {override.py:1911} INFO - Created Permission View: can delete on DAG:example_xcom_args
[2025-07-30T17:01:28.377+0000] {logging_mixin.py:190} INFO - [2025-07-30T17:01:28.377+0000] {override.py:1911} INFO - Created Permission View: can edit on DAG:example_xcom_args
[2025-07-30T17:01:28.396+0000] {logging_mixin.py:190} INFO - [2025-07-30T17:01:28.396+0000] {override.py:1911} INFO - Created Permission View: can read on DAG Run:example_xcom_args
[2025-07-30T17:01:28.411+0000] {logging_mixin.py:190} INFO - [2025-07-30T17:01:28.410+0000] {override.py:1911} INFO - Created Permission View: menu access on DAG Run:example_xcom_args
[2025-07-30T17:01:28.428+0000] {logging_mixin.py:190} INFO - [2025-07-30T17:01:28.428+0000] {override.py:1911} INFO - Created Permission View: can delete on DAG Run:example_xcom_args
[2025-07-30T17:01:28.445+0000] {logging_mixin.py:190} INFO - [2025-07-30T17:01:28.445+0000] {override.py:1911} INFO - Created Permission View: can create on DAG Run:example_xcom_args
[2025-07-30T17:01:28.447+0000] {logging_mixin.py:190} INFO - [2025-07-30T17:01:28.447+0000] {dag.py:3239} INFO - Sync 2 DAGs
[2025-07-30T17:01:28.482+0000] {logging_mixin.py:190} INFO - [2025-07-30T17:01:28.482+0000] {dag.py:3262} INFO - Creating ORM DAG for example_xcom_args_with_operators
[2025-07-30T17:01:28.485+0000] {logging_mixin.py:190} INFO - [2025-07-30T17:01:28.485+0000] {dag.py:3262} INFO - Creating ORM DAG for example_xcom_args
[2025-07-30T17:01:28.488+0000] {logging_mixin.py:190} INFO - [2025-07-30T17:01:28.487+0000] {dag.py:4180} INFO - Setting next_dagrun for example_xcom_args to None, run_after=None
[2025-07-30T17:01:28.491+0000] {logging_mixin.py:190} INFO - [2025-07-30T17:01:28.490+0000] {dag.py:4180} INFO - Setting next_dagrun for example_xcom_args_with_operators to None, run_after=None
[2025-07-30T17:01:28.525+0000] {processor.py:208} INFO - Processing /home/airflow/.local/lib/python3.12/site-packages/airflow/example_dags/example_xcomargs.py took 0.751 seconds
[2025-07-30T17:01:59.164+0000] {processor.py:186} INFO - Started process (PID=729) to work on /home/airflow/.local/lib/python3.12/site-packages/airflow/example_dags/example_xcomargs.py
[2025-07-30T17:01:59.165+0000] {processor.py:914} INFO - Processing file /home/airflow/.local/lib/python3.12/site-packages/airflow/example_dags/example_xcomargs.py for tasks to queue
[2025-07-30T17:01:59.167+0000] {logging_mixin.py:190} INFO - [2025-07-30T17:01:59.167+0000] {dagbag.py:588} INFO - Filling up the DagBag from /home/airflow/.local/lib/python3.12/site-packages/airflow/example_dags/example_xcomargs.py
[2025-07-30T17:01:59.178+0000] {processor.py:925} INFO - DAG(s) 'example_xcom_args', 'example_xcom_args_with_operators' retrieved from /home/airflow/.local/lib/python3.12/site-packages/airflow/example_dags/example_xcomargs.py
[2025-07-30T17:01:59.204+0000] {logging_mixin.py:190} INFO - [2025-07-30T17:01:59.203+0000] {dag.py:3239} INFO - Sync 2 DAGs
[2025-07-30T17:01:59.221+0000] {logging_mixin.py:190} INFO - [2025-07-30T17:01:59.221+0000] {dag.py:4180} INFO - Setting next_dagrun for example_xcom_args to None, run_after=None
[2025-07-30T17:01:59.226+0000] {logging_mixin.py:190} INFO - [2025-07-30T17:01:59.225+0000] {dag.py:4180} INFO - Setting next_dagrun for example_xcom_args_with_operators to None, run_after=None
[2025-07-30T17:01:59.247+0000] {processor.py:208} INFO - Processing /home/airflow/.local/lib/python3.12/site-packages/airflow/example_dags/example_xcomargs.py took 0.089 seconds
[2025-07-30T17:02:29.293+0000] {processor.py:186} INFO - Started process (PID=1032) to work on /home/airflow/.local/lib/python3.12/site-packages/airflow/example_dags/example_xcomargs.py
[2025-07-30T17:02:29.294+0000] {processor.py:914} INFO - Processing file /home/airflow/.local/lib/python3.12/site-packages/airflow/example_dags/example_xcomargs.py for tasks to queue
[2025-07-30T17:02:29.297+0000] {logging_mixin.py:190} INFO - [2025-07-30T17:02:29.296+0000] {dagbag.py:588} INFO - Filling up the DagBag from /home/airflow/.local/lib/python3.12/site-packages/airflow/example_dags/example_xcomargs.py
[2025-07-30T17:02:29.308+0000] {processor.py:925} INFO - DAG(s) 'example_xcom_args_with_operators', 'example_xcom_args' retrieved from /home/airflow/.local/lib/python3.12/site-packages/airflow/example_dags/example_xcomargs.py
[2025-07-30T17:02:29.335+0000] {logging_mixin.py:190} INFO - [2025-07-30T17:02:29.335+0000] {dag.py:3239} INFO - Sync 2 DAGs
[2025-07-30T17:02:29.361+0000] {logging_mixin.py:190} INFO - [2025-07-30T17:02:29.361+0000] {dag.py:4180} INFO - Setting next_dagrun for example_xcom_args to None, run_after=None
[2025-07-30T17:02:29.369+0000] {logging_mixin.py:190} INFO - [2025-07-30T17:02:29.369+0000] {dag.py:4180} INFO - Setting next_dagrun for example_xcom_args_with_operators to None, run_after=None
[2025-07-30T17:02:29.398+0000] {processor.py:208} INFO - Processing /home/airflow/.local/lib/python3.12/site-packages/airflow/example_dags/example_xcomargs.py took 0.111 seconds
[2025-07-30T17:02:59.754+0000] {processor.py:186} INFO - Started process (PID=1335) to work on /home/airflow/.local/lib/python3.12/site-packages/airflow/example_dags/example_xcomargs.py
[2025-07-30T17:02:59.755+0000] {processor.py:914} INFO - Processing file /home/airflow/.local/lib/python3.12/site-packages/airflow/example_dags/example_xcomargs.py for tasks to queue
[2025-07-30T17:02:59.757+0000] {logging_mixin.py:190} INFO - [2025-07-30T17:02:59.756+0000] {dagbag.py:588} INFO - Filling up the DagBag from /home/airflow/.local/lib/python3.12/site-packages/airflow/example_dags/example_xcomargs.py
[2025-07-30T17:02:59.768+0000] {processor.py:925} INFO - DAG(s) 'example_xcom_args', 'example_xcom_args_with_operators' retrieved from /home/airflow/.local/lib/python3.12/site-packages/airflow/example_dags/example_xcomargs.py
[2025-07-30T17:02:59.794+0000] {logging_mixin.py:190} INFO - [2025-07-30T17:02:59.794+0000] {dag.py:3239} INFO - Sync 2 DAGs
[2025-07-30T17:02:59.812+0000] {logging_mixin.py:190} INFO - [2025-07-30T17:02:59.812+0000] {dag.py:4180} INFO - Setting next_dagrun for example_xcom_args to None, run_after=None
[2025-07-30T17:02:59.816+0000] {logging_mixin.py:190} INFO - [2025-07-30T17:02:59.815+0000] {dag.py:4180} INFO - Setting next_dagrun for example_xcom_args_with_operators to None, run_after=None
[2025-07-30T17:02:59.830+0000] {processor.py:208} INFO - Processing /home/airflow/.local/lib/python3.12/site-packages/airflow/example_dags/example_xcomargs.py took 0.082 seconds
[2025-07-30T17:03:29.904+0000] {processor.py:186} INFO - Started process (PID=1639) to work on /home/airflow/.local/lib/python3.12/site-packages/airflow/example_dags/example_xcomargs.py
[2025-07-30T17:03:29.905+0000] {processor.py:914} INFO - Processing file /home/airflow/.local/lib/python3.12/site-packages/airflow/example_dags/example_xcomargs.py for tasks to queue
[2025-07-30T17:03:29.907+0000] {logging_mixin.py:190} INFO - [2025-07-30T17:03:29.907+0000] {dagbag.py:588} INFO - Filling up the DagBag from /home/airflow/.local/lib/python3.12/site-packages/airflow/example_dags/example_xcomargs.py
[2025-07-30T17:03:29.918+0000] {processor.py:925} INFO - DAG(s) 'example_xcom_args_with_operators', 'example_xcom_args' retrieved from /home/airflow/.local/lib/python3.12/site-packages/airflow/example_dags/example_xcomargs.py
[2025-07-30T17:03:29.942+0000] {logging_mixin.py:190} INFO - [2025-07-30T17:03:29.942+0000] {dag.py:3239} INFO - Sync 2 DAGs
[2025-07-30T17:03:29.958+0000] {logging_mixin.py:190} INFO - [2025-07-30T17:03:29.958+0000] {dag.py:4180} INFO - Setting next_dagrun for example_xcom_args to None, run_after=None
[2025-07-30T17:03:29.962+0000] {logging_mixin.py:190} INFO - [2025-07-30T17:03:29.962+0000] {dag.py:4180} INFO - Setting next_dagrun for example_xcom_args_with_operators to None, run_after=None
[2025-07-30T17:03:29.977+0000] {processor.py:208} INFO - Processing /home/airflow/.local/lib/python3.12/site-packages/airflow/example_dags/example_xcomargs.py took 0.078 seconds
[2025-07-30T17:04:00.230+0000] {processor.py:186} INFO - Started process (PID=1940) to work on /home/airflow/.local/lib/python3.12/site-packages/airflow/example_dags/example_xcomargs.py
[2025-07-30T17:04:00.231+0000] {processor.py:914} INFO - Processing file /home/airflow/.local/lib/python3.12/site-packages/airflow/example_dags/example_xcomargs.py for tasks to queue
[2025-07-30T17:04:00.234+0000] {logging_mixin.py:190} INFO - [2025-07-30T17:04:00.233+0000] {dagbag.py:588} INFO - Filling up the DagBag from /home/airflow/.local/lib/python3.12/site-packages/airflow/example_dags/example_xcomargs.py
[2025-07-30T17:04:00.248+0000] {processor.py:925} INFO - DAG(s) 'example_xcom_args_with_operators', 'example_xcom_args' retrieved from /home/airflow/.local/lib/python3.12/site-packages/airflow/example_dags/example_xcomargs.py
[2025-07-30T17:04:00.274+0000] {logging_mixin.py:190} INFO - [2025-07-30T17:04:00.273+0000] {dag.py:3239} INFO - Sync 2 DAGs
[2025-07-30T17:04:00.291+0000] {logging_mixin.py:190} INFO - [2025-07-30T17:04:00.291+0000] {dag.py:4180} INFO - Setting next_dagrun for example_xcom_args to None, run_after=None
[2025-07-30T17:04:00.295+0000] {logging_mixin.py:190} INFO - [2025-07-30T17:04:00.295+0000] {dag.py:4180} INFO - Setting next_dagrun for example_xcom_args_with_operators to None, run_after=None
[2025-07-30T17:04:00.310+0000] {processor.py:208} INFO - Processing /home/airflow/.local/lib/python3.12/site-packages/airflow/example_dags/example_xcomargs.py took 0.086 seconds
[2025-07-30T17:04:30.741+0000] {processor.py:186} INFO - Started process (PID=2246) to work on /home/airflow/.local/lib/python3.12/site-packages/airflow/example_dags/example_xcomargs.py
[2025-07-30T17:04:30.742+0000] {processor.py:914} INFO - Processing file /home/airflow/.local/lib/python3.12/site-packages/airflow/example_dags/example_xcomargs.py for tasks to queue
[2025-07-30T17:04:30.745+0000] {logging_mixin.py:190} INFO - [2025-07-30T17:04:30.744+0000] {dagbag.py:588} INFO - Filling up the DagBag from /home/airflow/.local/lib/python3.12/site-packages/airflow/example_dags/example_xcomargs.py
[2025-07-30T17:04:30.758+0000] {processor.py:925} INFO - DAG(s) 'example_xcom_args_with_operators', 'example_xcom_args' retrieved from /home/airflow/.local/lib/python3.12/site-packages/airflow/example_dags/example_xcomargs.py
[2025-07-30T17:04:30.786+0000] {logging_mixin.py:190} INFO - [2025-07-30T17:04:30.786+0000] {dag.py:3239} INFO - Sync 2 DAGs
[2025-07-30T17:04:30.803+0000] {logging_mixin.py:190} INFO - [2025-07-30T17:04:30.803+0000] {dag.py:4180} INFO - Setting next_dagrun for example_xcom_args to None, run_after=None
[2025-07-30T17:04:30.806+0000] {logging_mixin.py:190} INFO - [2025-07-30T17:04:30.806+0000] {dag.py:4180} INFO - Setting next_dagrun for example_xcom_args_with_operators to None, run_after=None
[2025-07-30T17:04:30.821+0000] {processor.py:208} INFO - Processing /home/airflow/.local/lib/python3.12/site-packages/airflow/example_dags/example_xcomargs.py took 0.086 seconds
[2025-07-30T17:05:01.059+0000] {processor.py:186} INFO - Started process (PID=2552) to work on /home/airflow/.local/lib/python3.12/site-packages/airflow/example_dags/example_xcomargs.py
[2025-07-30T17:05:01.060+0000] {processor.py:914} INFO - Processing file /home/airflow/.local/lib/python3.12/site-packages/airflow/example_dags/example_xcomargs.py for tasks to queue
[2025-07-30T17:05:01.062+0000] {logging_mixin.py:190} INFO - [2025-07-30T17:05:01.062+0000] {dagbag.py:588} INFO - Filling up the DagBag from /home/airflow/.local/lib/python3.12/site-packages/airflow/example_dags/example_xcomargs.py
[2025-07-30T17:05:01.074+0000] {processor.py:925} INFO - DAG(s) 'example_xcom_args', 'example_xcom_args_with_operators' retrieved from /home/airflow/.local/lib/python3.12/site-packages/airflow/example_dags/example_xcomargs.py
[2025-07-30T17:05:01.103+0000] {logging_mixin.py:190} INFO - [2025-07-30T17:05:01.103+0000] {dag.py:3239} INFO - Sync 2 DAGs
[2025-07-30T17:05:01.122+0000] {logging_mixin.py:190} INFO - [2025-07-30T17:05:01.121+0000] {dag.py:4180} INFO - Setting next_dagrun for example_xcom_args to None, run_after=None
[2025-07-30T17:05:01.126+0000] {logging_mixin.py:190} INFO - [2025-07-30T17:05:01.126+0000] {dag.py:4180} INFO - Setting next_dagrun for example_xcom_args_with_operators to None, run_after=None
[2025-07-30T17:05:01.139+0000] {processor.py:208} INFO - Processing /home/airflow/.local/lib/python3.12/site-packages/airflow/example_dags/example_xcomargs.py took 0.087 seconds
[2025-07-30T17:05:31.370+0000] {processor.py:186} INFO - Started process (PID=2858) to work on /home/airflow/.local/lib/python3.12/site-packages/airflow/example_dags/example_xcomargs.py
[2025-07-30T17:05:31.371+0000] {processor.py:914} INFO - Processing file /home/airflow/.local/lib/python3.12/site-packages/airflow/example_dags/example_xcomargs.py for tasks to queue
[2025-07-30T17:05:31.373+0000] {logging_mixin.py:190} INFO - [2025-07-30T17:05:31.373+0000] {dagbag.py:588} INFO - Filling up the DagBag from /home/airflow/.local/lib/python3.12/site-packages/airflow/example_dags/example_xcomargs.py
[2025-07-30T17:05:31.385+0000] {processor.py:925} INFO - DAG(s) 'example_xcom_args_with_operators', 'example_xcom_args' retrieved from /home/airflow/.local/lib/python3.12/site-packages/airflow/example_dags/example_xcomargs.py
[2025-07-30T17:05:31.410+0000] {logging_mixin.py:190} INFO - [2025-07-30T17:05:31.409+0000] {dag.py:3239} INFO - Sync 2 DAGs
[2025-07-30T17:05:31.427+0000] {logging_mixin.py:190} INFO - [2025-07-30T17:05:31.426+0000] {dag.py:4180} INFO - Setting next_dagrun for example_xcom_args to None, run_after=None
[2025-07-30T17:05:31.430+0000] {logging_mixin.py:190} INFO - [2025-07-30T17:05:31.430+0000] {dag.py:4180} INFO - Setting next_dagrun for example_xcom_args_with_operators to None, run_after=None
[2025-07-30T17:05:31.449+0000] {processor.py:208} INFO - Processing /home/airflow/.local/lib/python3.12/site-packages/airflow/example_dags/example_xcomargs.py took 0.086 seconds
[2025-07-30T17:06:02.083+0000] {processor.py:186} INFO - Started process (PID=3164) to work on /home/airflow/.local/lib/python3.12/site-packages/airflow/example_dags/example_xcomargs.py
[2025-07-30T17:06:02.084+0000] {processor.py:914} INFO - Processing file /home/airflow/.local/lib/python3.12/site-packages/airflow/example_dags/example_xcomargs.py for tasks to queue
[2025-07-30T17:06:02.086+0000] {logging_mixin.py:190} INFO - [2025-07-30T17:06:02.085+0000] {dagbag.py:588} INFO - Filling up the DagBag from /home/airflow/.local/lib/python3.12/site-packages/airflow/example_dags/example_xcomargs.py
[2025-07-30T17:06:02.096+0000] {processor.py:925} INFO - DAG(s) 'example_xcom_args_with_operators', 'example_xcom_args' retrieved from /home/airflow/.local/lib/python3.12/site-packages/airflow/example_dags/example_xcomargs.py
[2025-07-30T17:06:02.122+0000] {logging_mixin.py:190} INFO - [2025-07-30T17:06:02.121+0000] {dag.py:3239} INFO - Sync 2 DAGs
[2025-07-30T17:06:02.138+0000] {logging_mixin.py:190} INFO - [2025-07-30T17:06:02.138+0000] {dag.py:4180} INFO - Setting next_dagrun for example_xcom_args to None, run_after=None
[2025-07-30T17:06:02.142+0000] {logging_mixin.py:190} INFO - [2025-07-30T17:06:02.142+0000] {dag.py:4180} INFO - Setting next_dagrun for example_xcom_args_with_operators to None, run_after=None
[2025-07-30T17:06:02.156+0000] {processor.py:208} INFO - Processing /home/airflow/.local/lib/python3.12/site-packages/airflow/example_dags/example_xcomargs.py took 0.079 seconds
[2025-07-30T17:06:32.406+0000] {processor.py:186} INFO - Started process (PID=3465) to work on /home/airflow/.local/lib/python3.12/site-packages/airflow/example_dags/example_xcomargs.py
[2025-07-30T17:06:32.409+0000] {processor.py:914} INFO - Processing file /home/airflow/.local/lib/python3.12/site-packages/airflow/example_dags/example_xcomargs.py for tasks to queue
[2025-07-30T17:06:32.413+0000] {logging_mixin.py:190} INFO - [2025-07-30T17:06:32.411+0000] {dagbag.py:588} INFO - Filling up the DagBag from /home/airflow/.local/lib/python3.12/site-packages/airflow/example_dags/example_xcomargs.py
[2025-07-30T17:06:32.437+0000] {processor.py:925} INFO - DAG(s) 'example_xcom_args_with_operators', 'example_xcom_args' retrieved from /home/airflow/.local/lib/python3.12/site-packages/airflow/example_dags/example_xcomargs.py
[2025-07-30T17:06:32.472+0000] {logging_mixin.py:190} INFO - [2025-07-30T17:06:32.472+0000] {dag.py:3239} INFO - Sync 2 DAGs
[2025-07-30T17:06:32.490+0000] {logging_mixin.py:190} INFO - [2025-07-30T17:06:32.489+0000] {dag.py:4180} INFO - Setting next_dagrun for example_xcom_args to None, run_after=None
[2025-07-30T17:06:32.494+0000] {logging_mixin.py:190} INFO - [2025-07-30T17:06:32.493+0000] {dag.py:4180} INFO - Setting next_dagrun for example_xcom_args_with_operators to None, run_after=None
[2025-07-30T17:06:32.507+0000] {processor.py:208} INFO - Processing /home/airflow/.local/lib/python3.12/site-packages/airflow/example_dags/example_xcomargs.py took 0.110 seconds
[2025-07-30T17:07:02.730+0000] {processor.py:186} INFO - Started process (PID=3771) to work on /home/airflow/.local/lib/python3.12/site-packages/airflow/example_dags/example_xcomargs.py
[2025-07-30T17:07:02.731+0000] {processor.py:914} INFO - Processing file /home/airflow/.local/lib/python3.12/site-packages/airflow/example_dags/example_xcomargs.py for tasks to queue
[2025-07-30T17:07:02.733+0000] {logging_mixin.py:190} INFO - [2025-07-30T17:07:02.733+0000] {dagbag.py:588} INFO - Filling up the DagBag from /home/airflow/.local/lib/python3.12/site-packages/airflow/example_dags/example_xcomargs.py
[2025-07-30T17:07:02.746+0000] {processor.py:925} INFO - DAG(s) 'example_xcom_args', 'example_xcom_args_with_operators' retrieved from /home/airflow/.local/lib/python3.12/site-packages/airflow/example_dags/example_xcomargs.py
[2025-07-30T17:07:02.772+0000] {logging_mixin.py:190} INFO - [2025-07-30T17:07:02.772+0000] {dag.py:3239} INFO - Sync 2 DAGs
[2025-07-30T17:07:02.790+0000] {logging_mixin.py:190} INFO - [2025-07-30T17:07:02.790+0000] {dag.py:4180} INFO - Setting next_dagrun for example_xcom_args to None, run_after=None
[2025-07-30T17:07:02.794+0000] {logging_mixin.py:190} INFO - [2025-07-30T17:07:02.794+0000] {dag.py:4180} INFO - Setting next_dagrun for example_xcom_args_with_operators to None, run_after=None
[2025-07-30T17:07:02.809+0000] {processor.py:208} INFO - Processing /home/airflow/.local/lib/python3.12/site-packages/airflow/example_dags/example_xcomargs.py took 0.086 seconds
[2025-07-30T17:07:33.241+0000] {processor.py:186} INFO - Started process (PID=4077) to work on /home/airflow/.local/lib/python3.12/site-packages/airflow/example_dags/example_xcomargs.py
[2025-07-30T17:07:33.242+0000] {processor.py:914} INFO - Processing file /home/airflow/.local/lib/python3.12/site-packages/airflow/example_dags/example_xcomargs.py for tasks to queue
[2025-07-30T17:07:33.244+0000] {logging_mixin.py:190} INFO - [2025-07-30T17:07:33.244+0000] {dagbag.py:588} INFO - Filling up the DagBag from /home/airflow/.local/lib/python3.12/site-packages/airflow/example_dags/example_xcomargs.py
[2025-07-30T17:07:33.261+0000] {processor.py:925} INFO - DAG(s) 'example_xcom_args', 'example_xcom_args_with_operators' retrieved from /home/airflow/.local/lib/python3.12/site-packages/airflow/example_dags/example_xcomargs.py
[2025-07-30T17:07:33.286+0000] {logging_mixin.py:190} INFO - [2025-07-30T17:07:33.286+0000] {dag.py:3239} INFO - Sync 2 DAGs
[2025-07-30T17:07:33.304+0000] {logging_mixin.py:190} INFO - [2025-07-30T17:07:33.304+0000] {dag.py:4180} INFO - Setting next_dagrun for example_xcom_args to None, run_after=None
[2025-07-30T17:07:33.308+0000] {logging_mixin.py:190} INFO - [2025-07-30T17:07:33.308+0000] {dag.py:4180} INFO - Setting next_dagrun for example_xcom_args_with_operators to None, run_after=None
[2025-07-30T17:07:33.325+0000] {processor.py:208} INFO - Processing /home/airflow/.local/lib/python3.12/site-packages/airflow/example_dags/example_xcomargs.py took 0.092 seconds
[2025-07-30T17:08:03.630+0000] {processor.py:186} INFO - Started process (PID=4383) to work on /home/airflow/.local/lib/python3.12/site-packages/airflow/example_dags/example_xcomargs.py
[2025-07-30T17:08:03.631+0000] {processor.py:914} INFO - Processing file /home/airflow/.local/lib/python3.12/site-packages/airflow/example_dags/example_xcomargs.py for tasks to queue
[2025-07-30T17:08:03.633+0000] {logging_mixin.py:190} INFO - [2025-07-30T17:08:03.633+0000] {dagbag.py:588} INFO - Filling up the DagBag from /home/airflow/.local/lib/python3.12/site-packages/airflow/example_dags/example_xcomargs.py
[2025-07-30T17:08:03.645+0000] {processor.py:925} INFO - DAG(s) 'example_xcom_args', 'example_xcom_args_with_operators' retrieved from /home/airflow/.local/lib/python3.12/site-packages/airflow/example_dags/example_xcomargs.py
[2025-07-30T17:08:03.670+0000] {logging_mixin.py:190} INFO - [2025-07-30T17:08:03.670+0000] {dag.py:3239} INFO - Sync 2 DAGs
[2025-07-30T17:08:03.689+0000] {logging_mixin.py:190} INFO - [2025-07-30T17:08:03.688+0000] {dag.py:4180} INFO - Setting next_dagrun for example_xcom_args to None, run_after=None
[2025-07-30T17:08:03.692+0000] {logging_mixin.py:190} INFO - [2025-07-30T17:08:03.692+0000] {dag.py:4180} INFO - Setting next_dagrun for example_xcom_args_with_operators to None, run_after=None
[2025-07-30T17:08:03.706+0000] {processor.py:208} INFO - Processing /home/airflow/.local/lib/python3.12/site-packages/airflow/example_dags/example_xcomargs.py took 0.082 seconds
[2025-07-30T17:08:34.438+0000] {processor.py:186} INFO - Started process (PID=4691) to work on /home/airflow/.local/lib/python3.12/site-packages/airflow/example_dags/example_xcomargs.py
[2025-07-30T17:08:34.439+0000] {processor.py:914} INFO - Processing file /home/airflow/.local/lib/python3.12/site-packages/airflow/example_dags/example_xcomargs.py for tasks to queue
[2025-07-30T17:08:34.441+0000] {logging_mixin.py:190} INFO - [2025-07-30T17:08:34.441+0000] {dagbag.py:588} INFO - Filling up the DagBag from /home/airflow/.local/lib/python3.12/site-packages/airflow/example_dags/example_xcomargs.py
[2025-07-30T17:08:34.452+0000] {processor.py:925} INFO - DAG(s) 'example_xcom_args_with_operators', 'example_xcom_args' retrieved from /home/airflow/.local/lib/python3.12/site-packages/airflow/example_dags/example_xcomargs.py
[2025-07-30T17:08:34.478+0000] {logging_mixin.py:190} INFO - [2025-07-30T17:08:34.478+0000] {dag.py:3239} INFO - Sync 2 DAGs
[2025-07-30T17:08:34.495+0000] {logging_mixin.py:190} INFO - [2025-07-30T17:08:34.495+0000] {dag.py:4180} INFO - Setting next_dagrun for example_xcom_args to None, run_after=None
[2025-07-30T17:08:34.499+0000] {logging_mixin.py:190} INFO - [2025-07-30T17:08:34.499+0000] {dag.py:4180} INFO - Setting next_dagrun for example_xcom_args_with_operators to None, run_after=None
[2025-07-30T17:08:34.516+0000] {processor.py:208} INFO - Processing /home/airflow/.local/lib/python3.12/site-packages/airflow/example_dags/example_xcomargs.py took 0.084 seconds
[2025-07-30T17:09:04.755+0000] {processor.py:186} INFO - Started process (PID=4995) to work on /home/airflow/.local/lib/python3.12/site-packages/airflow/example_dags/example_xcomargs.py
[2025-07-30T17:09:04.756+0000] {processor.py:914} INFO - Processing file /home/airflow/.local/lib/python3.12/site-packages/airflow/example_dags/example_xcomargs.py for tasks to queue
[2025-07-30T17:09:04.759+0000] {logging_mixin.py:190} INFO - [2025-07-30T17:09:04.758+0000] {dagbag.py:588} INFO - Filling up the DagBag from /home/airflow/.local/lib/python3.12/site-packages/airflow/example_dags/example_xcomargs.py
[2025-07-30T17:09:04.770+0000] {processor.py:925} INFO - DAG(s) 'example_xcom_args', 'example_xcom_args_with_operators' retrieved from /home/airflow/.local/lib/python3.12/site-packages/airflow/example_dags/example_xcomargs.py
[2025-07-30T17:09:04.797+0000] {logging_mixin.py:190} INFO - [2025-07-30T17:09:04.797+0000] {dag.py:3239} INFO - Sync 2 DAGs
[2025-07-30T17:09:04.815+0000] {logging_mixin.py:190} INFO - [2025-07-30T17:09:04.815+0000] {dag.py:4180} INFO - Setting next_dagrun for example_xcom_args to None, run_after=None
[2025-07-30T17:09:04.819+0000] {logging_mixin.py:190} INFO - [2025-07-30T17:09:04.819+0000] {dag.py:4180} INFO - Setting next_dagrun for example_xcom_args_with_operators to None, run_after=None
[2025-07-30T17:09:04.834+0000] {processor.py:208} INFO - Processing /home/airflow/.local/lib/python3.12/site-packages/airflow/example_dags/example_xcomargs.py took 0.086 seconds
[2025-07-30T17:09:35.218+0000] {processor.py:186} INFO - Started process (PID=5301) to work on /home/airflow/.local/lib/python3.12/site-packages/airflow/example_dags/example_xcomargs.py
[2025-07-30T17:09:35.219+0000] {processor.py:914} INFO - Processing file /home/airflow/.local/lib/python3.12/site-packages/airflow/example_dags/example_xcomargs.py for tasks to queue
[2025-07-30T17:09:35.221+0000] {logging_mixin.py:190} INFO - [2025-07-30T17:09:35.221+0000] {dagbag.py:588} INFO - Filling up the DagBag from /home/airflow/.local/lib/python3.12/site-packages/airflow/example_dags/example_xcomargs.py
[2025-07-30T17:09:35.232+0000] {processor.py:925} INFO - DAG(s) 'example_xcom_args', 'example_xcom_args_with_operators' retrieved from /home/airflow/.local/lib/python3.12/site-packages/airflow/example_dags/example_xcomargs.py
[2025-07-30T17:09:35.258+0000] {logging_mixin.py:190} INFO - [2025-07-30T17:09:35.258+0000] {dag.py:3239} INFO - Sync 2 DAGs
[2025-07-30T17:09:35.273+0000] {logging_mixin.py:190} INFO - [2025-07-30T17:09:35.273+0000] {dag.py:4180} INFO - Setting next_dagrun for example_xcom_args to None, run_after=None
[2025-07-30T17:09:35.277+0000] {logging_mixin.py:190} INFO - [2025-07-30T17:09:35.277+0000] {dag.py:4180} INFO - Setting next_dagrun for example_xcom_args_with_operators to None, run_after=None
[2025-07-30T17:09:35.291+0000] {processor.py:208} INFO - Processing /home/airflow/.local/lib/python3.12/site-packages/airflow/example_dags/example_xcomargs.py took 0.080 seconds
[2025-07-30T17:10:06.107+0000] {processor.py:186} INFO - Started process (PID=5607) to work on /home/airflow/.local/lib/python3.12/site-packages/airflow/example_dags/example_xcomargs.py
[2025-07-30T17:10:06.108+0000] {processor.py:914} INFO - Processing file /home/airflow/.local/lib/python3.12/site-packages/airflow/example_dags/example_xcomargs.py for tasks to queue
[2025-07-30T17:10:06.113+0000] {logging_mixin.py:190} INFO - [2025-07-30T17:10:06.113+0000] {dagbag.py:588} INFO - Filling up the DagBag from /home/airflow/.local/lib/python3.12/site-packages/airflow/example_dags/example_xcomargs.py
[2025-07-30T17:10:06.126+0000] {processor.py:925} INFO - DAG(s) 'example_xcom_args', 'example_xcom_args_with_operators' retrieved from /home/airflow/.local/lib/python3.12/site-packages/airflow/example_dags/example_xcomargs.py
[2025-07-30T17:10:06.157+0000] {logging_mixin.py:190} INFO - [2025-07-30T17:10:06.157+0000] {dag.py:3239} INFO - Sync 2 DAGs
[2025-07-30T17:10:06.181+0000] {logging_mixin.py:190} INFO - [2025-07-30T17:10:06.181+0000] {dag.py:4180} INFO - Setting next_dagrun for example_xcom_args to None, run_after=None
[2025-07-30T17:10:06.187+0000] {logging_mixin.py:190} INFO - [2025-07-30T17:10:06.186+0000] {dag.py:4180} INFO - Setting next_dagrun for example_xcom_args_with_operators to None, run_after=None
[2025-07-30T17:10:06.221+0000] {processor.py:208} INFO - Processing /home/airflow/.local/lib/python3.12/site-packages/airflow/example_dags/example_xcomargs.py took 0.124 seconds
[2025-07-30T17:10:36.747+0000] {processor.py:186} INFO - Started process (PID=5908) to work on /home/airflow/.local/lib/python3.12/site-packages/airflow/example_dags/example_xcomargs.py
[2025-07-30T17:10:36.748+0000] {processor.py:914} INFO - Processing file /home/airflow/.local/lib/python3.12/site-packages/airflow/example_dags/example_xcomargs.py for tasks to queue
[2025-07-30T17:10:36.751+0000] {logging_mixin.py:190} INFO - [2025-07-30T17:10:36.751+0000] {dagbag.py:588} INFO - Filling up the DagBag from /home/airflow/.local/lib/python3.12/site-packages/airflow/example_dags/example_xcomargs.py
[2025-07-30T17:10:36.762+0000] {processor.py:925} INFO - DAG(s) 'example_xcom_args', 'example_xcom_args_with_operators' retrieved from /home/airflow/.local/lib/python3.12/site-packages/airflow/example_dags/example_xcomargs.py
[2025-07-30T17:10:36.788+0000] {logging_mixin.py:190} INFO - [2025-07-30T17:10:36.787+0000] {dag.py:3239} INFO - Sync 2 DAGs
[2025-07-30T17:10:36.804+0000] {logging_mixin.py:190} INFO - [2025-07-30T17:10:36.804+0000] {dag.py:4180} INFO - Setting next_dagrun for example_xcom_args to None, run_after=None
[2025-07-30T17:10:36.808+0000] {logging_mixin.py:190} INFO - [2025-07-30T17:10:36.808+0000] {dag.py:4180} INFO - Setting next_dagrun for example_xcom_args_with_operators to None, run_after=None
[2025-07-30T17:10:36.822+0000] {processor.py:208} INFO - Processing /home/airflow/.local/lib/python3.12/site-packages/airflow/example_dags/example_xcomargs.py took 0.081 seconds
[2025-07-30T17:11:07.246+0000] {processor.py:186} INFO - Started process (PID=6214) to work on /home/airflow/.local/lib/python3.12/site-packages/airflow/example_dags/example_xcomargs.py
[2025-07-30T17:11:07.246+0000] {processor.py:914} INFO - Processing file /home/airflow/.local/lib/python3.12/site-packages/airflow/example_dags/example_xcomargs.py for tasks to queue
[2025-07-30T17:11:07.249+0000] {logging_mixin.py:190} INFO - [2025-07-30T17:11:07.249+0000] {dagbag.py:588} INFO - Filling up the DagBag from /home/airflow/.local/lib/python3.12/site-packages/airflow/example_dags/example_xcomargs.py
[2025-07-30T17:11:07.260+0000] {processor.py:925} INFO - DAG(s) 'example_xcom_args_with_operators', 'example_xcom_args' retrieved from /home/airflow/.local/lib/python3.12/site-packages/airflow/example_dags/example_xcomargs.py
[2025-07-30T17:11:07.285+0000] {logging_mixin.py:190} INFO - [2025-07-30T17:11:07.285+0000] {dag.py:3239} INFO - Sync 2 DAGs
[2025-07-30T17:11:07.302+0000] {logging_mixin.py:190} INFO - [2025-07-30T17:11:07.302+0000] {dag.py:4180} INFO - Setting next_dagrun for example_xcom_args to None, run_after=None
[2025-07-30T17:11:07.306+0000] {logging_mixin.py:190} INFO - [2025-07-30T17:11:07.306+0000] {dag.py:4180} INFO - Setting next_dagrun for example_xcom_args_with_operators to None, run_after=None
[2025-07-30T17:11:07.319+0000] {processor.py:208} INFO - Processing /home/airflow/.local/lib/python3.12/site-packages/airflow/example_dags/example_xcomargs.py took 0.080 seconds
[2025-07-30T17:11:38.203+0000] {processor.py:186} INFO - Started process (PID=6520) to work on /home/airflow/.local/lib/python3.12/site-packages/airflow/example_dags/example_xcomargs.py
[2025-07-30T17:11:38.204+0000] {processor.py:914} INFO - Processing file /home/airflow/.local/lib/python3.12/site-packages/airflow/example_dags/example_xcomargs.py for tasks to queue
[2025-07-30T17:11:38.209+0000] {logging_mixin.py:190} INFO - [2025-07-30T17:11:38.209+0000] {dagbag.py:588} INFO - Filling up the DagBag from /home/airflow/.local/lib/python3.12/site-packages/airflow/example_dags/example_xcomargs.py
[2025-07-30T17:11:38.227+0000] {processor.py:925} INFO - DAG(s) 'example_xcom_args', 'example_xcom_args_with_operators' retrieved from /home/airflow/.local/lib/python3.12/site-packages/airflow/example_dags/example_xcomargs.py
[2025-07-30T17:11:38.255+0000] {logging_mixin.py:190} INFO - [2025-07-30T17:11:38.255+0000] {dag.py:3239} INFO - Sync 2 DAGs
[2025-07-30T17:11:38.281+0000] {logging_mixin.py:190} INFO - [2025-07-30T17:11:38.281+0000] {dag.py:4180} INFO - Setting next_dagrun for example_xcom_args to None, run_after=None
[2025-07-30T17:11:38.286+0000] {logging_mixin.py:190} INFO - [2025-07-30T17:11:38.285+0000] {dag.py:4180} INFO - Setting next_dagrun for example_xcom_args_with_operators to None, run_after=None
[2025-07-30T17:11:38.315+0000] {processor.py:208} INFO - Processing /home/airflow/.local/lib/python3.12/site-packages/airflow/example_dags/example_xcomargs.py took 0.124 seconds
[2025-07-30T17:12:09.296+0000] {processor.py:186} INFO - Started process (PID=6828) to work on /home/airflow/.local/lib/python3.12/site-packages/airflow/example_dags/example_xcomargs.py
[2025-07-30T17:12:09.297+0000] {processor.py:914} INFO - Processing file /home/airflow/.local/lib/python3.12/site-packages/airflow/example_dags/example_xcomargs.py for tasks to queue
[2025-07-30T17:12:09.299+0000] {logging_mixin.py:190} INFO - [2025-07-30T17:12:09.299+0000] {dagbag.py:588} INFO - Filling up the DagBag from /home/airflow/.local/lib/python3.12/site-packages/airflow/example_dags/example_xcomargs.py
[2025-07-30T17:12:09.311+0000] {processor.py:925} INFO - DAG(s) 'example_xcom_args_with_operators', 'example_xcom_args' retrieved from /home/airflow/.local/lib/python3.12/site-packages/airflow/example_dags/example_xcomargs.py
[2025-07-30T17:12:09.336+0000] {logging_mixin.py:190} INFO - [2025-07-30T17:12:09.336+0000] {dag.py:3239} INFO - Sync 2 DAGs
[2025-07-30T17:12:09.355+0000] {logging_mixin.py:190} INFO - [2025-07-30T17:12:09.354+0000] {dag.py:4180} INFO - Setting next_dagrun for example_xcom_args to None, run_after=None
[2025-07-30T17:12:09.359+0000] {logging_mixin.py:190} INFO - [2025-07-30T17:12:09.358+0000] {dag.py:4180} INFO - Setting next_dagrun for example_xcom_args_with_operators to None, run_after=None
[2025-07-30T17:12:09.373+0000] {processor.py:208} INFO - Processing /home/airflow/.local/lib/python3.12/site-packages/airflow/example_dags/example_xcomargs.py took 0.083 seconds
[2025-07-30T17:12:39.546+0000] {processor.py:186} INFO - Started process (PID=7134) to work on /home/airflow/.local/lib/python3.12/site-packages/airflow/example_dags/example_xcomargs.py
[2025-07-30T17:12:39.547+0000] {processor.py:914} INFO - Processing file /home/airflow/.local/lib/python3.12/site-packages/airflow/example_dags/example_xcomargs.py for tasks to queue
[2025-07-30T17:12:39.554+0000] {logging_mixin.py:190} INFO - [2025-07-30T17:12:39.553+0000] {dagbag.py:588} INFO - Filling up the DagBag from /home/airflow/.local/lib/python3.12/site-packages/airflow/example_dags/example_xcomargs.py
[2025-07-30T17:12:39.585+0000] {processor.py:925} INFO - DAG(s) 'example_xcom_args', 'example_xcom_args_with_operators' retrieved from /home/airflow/.local/lib/python3.12/site-packages/airflow/example_dags/example_xcomargs.py
[2025-07-30T17:12:39.653+0000] {logging_mixin.py:190} INFO - [2025-07-30T17:12:39.653+0000] {dag.py:3239} INFO - Sync 2 DAGs
[2025-07-30T17:12:39.682+0000] {logging_mixin.py:190} INFO - [2025-07-30T17:12:39.682+0000] {dag.py:4180} INFO - Setting next_dagrun for example_xcom_args to None, run_after=None
[2025-07-30T17:12:39.687+0000] {logging_mixin.py:190} INFO - [2025-07-30T17:12:39.687+0000] {dag.py:4180} INFO - Setting next_dagrun for example_xcom_args_with_operators to None, run_after=None
[2025-07-30T17:12:39.703+0000] {processor.py:208} INFO - Processing /home/airflow/.local/lib/python3.12/site-packages/airflow/example_dags/example_xcomargs.py took 0.171 seconds
[2025-07-30T17:13:10.216+0000] {processor.py:186} INFO - Started process (PID=7438) to work on /home/airflow/.local/lib/python3.12/site-packages/airflow/example_dags/example_xcomargs.py
[2025-07-30T17:13:10.217+0000] {processor.py:914} INFO - Processing file /home/airflow/.local/lib/python3.12/site-packages/airflow/example_dags/example_xcomargs.py for tasks to queue
[2025-07-30T17:13:10.222+0000] {logging_mixin.py:190} INFO - [2025-07-30T17:13:10.221+0000] {dagbag.py:588} INFO - Filling up the DagBag from /home/airflow/.local/lib/python3.12/site-packages/airflow/example_dags/example_xcomargs.py
[2025-07-30T17:13:10.235+0000] {processor.py:925} INFO - DAG(s) 'example_xcom_args_with_operators', 'example_xcom_args' retrieved from /home/airflow/.local/lib/python3.12/site-packages/airflow/example_dags/example_xcomargs.py
[2025-07-30T17:13:10.319+0000] {logging_mixin.py:190} INFO - [2025-07-30T17:13:10.318+0000] {dag.py:3239} INFO - Sync 2 DAGs
[2025-07-30T17:13:10.381+0000] {logging_mixin.py:190} INFO - [2025-07-30T17:13:10.380+0000] {dag.py:4180} INFO - Setting next_dagrun for example_xcom_args to None, run_after=None
[2025-07-30T17:13:10.391+0000] {logging_mixin.py:190} INFO - [2025-07-30T17:13:10.390+0000] {dag.py:4180} INFO - Setting next_dagrun for example_xcom_args_with_operators to None, run_after=None
[2025-07-30T17:13:10.426+0000] {processor.py:208} INFO - Processing /home/airflow/.local/lib/python3.12/site-packages/airflow/example_dags/example_xcomargs.py took 0.223 seconds
