[2025-07-30T17:01:24.954+0000] {processor.py:186} INFO - Started process (PID=397) to work on /home/airflow/.local/lib/python3.12/site-packages/airflow/example_dags/example_xcom.py
[2025-07-30T17:01:24.955+0000] {processor.py:914} INFO - Processing file /home/airflow/.local/lib/python3.12/site-packages/airflow/example_dags/example_xcom.py for tasks to queue
[2025-07-30T17:01:24.957+0000] {logging_mixin.py:190} INFO - [2025-07-30T17:01:24.957+0000] {dagbag.py:588} INFO - Filling up the DagBag from /home/airflow/.local/lib/python3.12/site-packages/airflow/example_dags/example_xcom.py
[2025-07-30T17:01:24.969+0000] {processor.py:925} INFO - DAG(s) 'example_xcom' retrieved from /home/airflow/.local/lib/python3.12/site-packages/airflow/example_dags/example_xcom.py
[2025-07-30T17:01:25.228+0000] {logging_mixin.py:190} INFO - [2025-07-30T17:01:25.227+0000] {override.py:1911} INFO - Created Permission View: can read on DAG:example_xcom
[2025-07-30T17:01:25.243+0000] {logging_mixin.py:190} INFO - [2025-07-30T17:01:25.242+0000] {override.py:1911} INFO - Created Permission View: can delete on DAG:example_xcom
[2025-07-30T17:01:25.270+0000] {logging_mixin.py:190} INFO - [2025-07-30T17:01:25.270+0000] {override.py:1911} INFO - Created Permission View: can edit on DAG:example_xcom
[2025-07-30T17:01:25.296+0000] {logging_mixin.py:190} INFO - [2025-07-30T17:01:25.296+0000] {override.py:1911} INFO - Created Permission View: can read on DAG Run:example_xcom
[2025-07-30T17:01:25.329+0000] {logging_mixin.py:190} INFO - [2025-07-30T17:01:25.329+0000] {override.py:1911} INFO - Created Permission View: menu access on DAG Run:example_xcom
[2025-07-30T17:01:25.339+0000] {logging_mixin.py:190} INFO - [2025-07-30T17:01:25.339+0000] {override.py:1911} INFO - Created Permission View: can delete on DAG Run:example_xcom
[2025-07-30T17:01:25.351+0000] {logging_mixin.py:190} INFO - [2025-07-30T17:01:25.351+0000] {override.py:1911} INFO - Created Permission View: can create on DAG Run:example_xcom
[2025-07-30T17:01:25.354+0000] {logging_mixin.py:190} INFO - [2025-07-30T17:01:25.353+0000] {dag.py:3239} INFO - Sync 1 DAGs
[2025-07-30T17:01:25.374+0000] {logging_mixin.py:190} INFO - [2025-07-30T17:01:25.374+0000] {dag.py:3262} INFO - Creating ORM DAG for example_xcom
[2025-07-30T17:01:25.385+0000] {logging_mixin.py:190} INFO - [2025-07-30T17:01:25.385+0000] {dag.py:4180} INFO - Setting next_dagrun for example_xcom to 2021-01-01 00:00:00+00:00, run_after=2021-01-01 00:00:00+00:00
[2025-07-30T17:01:25.427+0000] {processor.py:208} INFO - Processing /home/airflow/.local/lib/python3.12/site-packages/airflow/example_dags/example_xcom.py took 0.481 seconds
[2025-07-30T17:01:56.047+0000] {processor.py:186} INFO - Started process (PID=702) to work on /home/airflow/.local/lib/python3.12/site-packages/airflow/example_dags/example_xcom.py
[2025-07-30T17:01:56.048+0000] {processor.py:914} INFO - Processing file /home/airflow/.local/lib/python3.12/site-packages/airflow/example_dags/example_xcom.py for tasks to queue
[2025-07-30T17:01:56.050+0000] {logging_mixin.py:190} INFO - [2025-07-30T17:01:56.049+0000] {dagbag.py:588} INFO - Filling up the DagBag from /home/airflow/.local/lib/python3.12/site-packages/airflow/example_dags/example_xcom.py
[2025-07-30T17:01:56.060+0000] {processor.py:925} INFO - DAG(s) 'example_xcom' retrieved from /home/airflow/.local/lib/python3.12/site-packages/airflow/example_dags/example_xcom.py
[2025-07-30T17:01:56.083+0000] {logging_mixin.py:190} INFO - [2025-07-30T17:01:56.083+0000] {dag.py:3239} INFO - Sync 1 DAGs
[2025-07-30T17:01:56.109+0000] {logging_mixin.py:190} INFO - [2025-07-30T17:01:56.109+0000] {dag.py:4180} INFO - Setting next_dagrun for example_xcom to 2021-01-01 00:00:00+00:00, run_after=2021-01-01 00:00:00+00:00
[2025-07-30T17:01:56.131+0000] {processor.py:208} INFO - Processing /home/airflow/.local/lib/python3.12/site-packages/airflow/example_dags/example_xcom.py took 0.091 seconds
[2025-07-30T17:02:26.211+0000] {processor.py:186} INFO - Started process (PID=1004) to work on /home/airflow/.local/lib/python3.12/site-packages/airflow/example_dags/example_xcom.py
[2025-07-30T17:02:26.212+0000] {processor.py:914} INFO - Processing file /home/airflow/.local/lib/python3.12/site-packages/airflow/example_dags/example_xcom.py for tasks to queue
[2025-07-30T17:02:26.214+0000] {logging_mixin.py:190} INFO - [2025-07-30T17:02:26.213+0000] {dagbag.py:588} INFO - Filling up the DagBag from /home/airflow/.local/lib/python3.12/site-packages/airflow/example_dags/example_xcom.py
[2025-07-30T17:02:26.221+0000] {processor.py:925} INFO - DAG(s) 'example_xcom' retrieved from /home/airflow/.local/lib/python3.12/site-packages/airflow/example_dags/example_xcom.py
[2025-07-30T17:02:26.237+0000] {logging_mixin.py:190} INFO - [2025-07-30T17:02:26.236+0000] {dag.py:3239} INFO - Sync 1 DAGs
[2025-07-30T17:02:26.253+0000] {logging_mixin.py:190} INFO - [2025-07-30T17:02:26.253+0000] {dag.py:4180} INFO - Setting next_dagrun for example_xcom to 2021-01-01 00:00:00+00:00, run_after=2021-01-01 00:00:00+00:00
[2025-07-30T17:02:26.266+0000] {processor.py:208} INFO - Processing /home/airflow/.local/lib/python3.12/site-packages/airflow/example_dags/example_xcom.py took 0.059 seconds
[2025-07-30T17:02:57.218+0000] {processor.py:186} INFO - Started process (PID=1310) to work on /home/airflow/.local/lib/python3.12/site-packages/airflow/example_dags/example_xcom.py
[2025-07-30T17:02:57.218+0000] {processor.py:914} INFO - Processing file /home/airflow/.local/lib/python3.12/site-packages/airflow/example_dags/example_xcom.py for tasks to queue
[2025-07-30T17:02:57.220+0000] {logging_mixin.py:190} INFO - [2025-07-30T17:02:57.220+0000] {dagbag.py:588} INFO - Filling up the DagBag from /home/airflow/.local/lib/python3.12/site-packages/airflow/example_dags/example_xcom.py
[2025-07-30T17:02:57.227+0000] {processor.py:925} INFO - DAG(s) 'example_xcom' retrieved from /home/airflow/.local/lib/python3.12/site-packages/airflow/example_dags/example_xcom.py
[2025-07-30T17:02:57.243+0000] {logging_mixin.py:190} INFO - [2025-07-30T17:02:57.243+0000] {dag.py:3239} INFO - Sync 1 DAGs
[2025-07-30T17:02:57.276+0000] {logging_mixin.py:190} INFO - [2025-07-30T17:02:57.275+0000] {dag.py:4180} INFO - Setting next_dagrun for example_xcom to 2021-01-01 00:00:00+00:00, run_after=2021-01-01 00:00:00+00:00
[2025-07-30T17:02:57.295+0000] {processor.py:208} INFO - Processing /home/airflow/.local/lib/python3.12/site-packages/airflow/example_dags/example_xcom.py took 0.082 seconds
[2025-07-30T17:03:27.409+0000] {processor.py:186} INFO - Started process (PID=1616) to work on /home/airflow/.local/lib/python3.12/site-packages/airflow/example_dags/example_xcom.py
[2025-07-30T17:03:27.409+0000] {processor.py:914} INFO - Processing file /home/airflow/.local/lib/python3.12/site-packages/airflow/example_dags/example_xcom.py for tasks to queue
[2025-07-30T17:03:27.412+0000] {logging_mixin.py:190} INFO - [2025-07-30T17:03:27.411+0000] {dagbag.py:588} INFO - Filling up the DagBag from /home/airflow/.local/lib/python3.12/site-packages/airflow/example_dags/example_xcom.py
[2025-07-30T17:03:27.419+0000] {processor.py:925} INFO - DAG(s) 'example_xcom' retrieved from /home/airflow/.local/lib/python3.12/site-packages/airflow/example_dags/example_xcom.py
[2025-07-30T17:03:27.435+0000] {logging_mixin.py:190} INFO - [2025-07-30T17:03:27.435+0000] {dag.py:3239} INFO - Sync 1 DAGs
[2025-07-30T17:03:27.452+0000] {logging_mixin.py:190} INFO - [2025-07-30T17:03:27.452+0000] {dag.py:4180} INFO - Setting next_dagrun for example_xcom to 2021-01-01 00:00:00+00:00, run_after=2021-01-01 00:00:00+00:00
[2025-07-30T17:03:27.466+0000] {processor.py:208} INFO - Processing /home/airflow/.local/lib/python3.12/site-packages/airflow/example_dags/example_xcom.py took 0.063 seconds
[2025-07-30T17:03:57.982+0000] {processor.py:186} INFO - Started process (PID=1922) to work on /home/airflow/.local/lib/python3.12/site-packages/airflow/example_dags/example_xcom.py
[2025-07-30T17:03:57.983+0000] {processor.py:914} INFO - Processing file /home/airflow/.local/lib/python3.12/site-packages/airflow/example_dags/example_xcom.py for tasks to queue
[2025-07-30T17:03:57.984+0000] {logging_mixin.py:190} INFO - [2025-07-30T17:03:57.984+0000] {dagbag.py:588} INFO - Filling up the DagBag from /home/airflow/.local/lib/python3.12/site-packages/airflow/example_dags/example_xcom.py
[2025-07-30T17:03:57.992+0000] {processor.py:925} INFO - DAG(s) 'example_xcom' retrieved from /home/airflow/.local/lib/python3.12/site-packages/airflow/example_dags/example_xcom.py
[2025-07-30T17:03:58.008+0000] {logging_mixin.py:190} INFO - [2025-07-30T17:03:58.008+0000] {dag.py:3239} INFO - Sync 1 DAGs
[2025-07-30T17:03:58.026+0000] {logging_mixin.py:190} INFO - [2025-07-30T17:03:58.025+0000] {dag.py:4180} INFO - Setting next_dagrun for example_xcom to 2021-01-01 00:00:00+00:00, run_after=2021-01-01 00:00:00+00:00
[2025-07-30T17:03:58.058+0000] {processor.py:208} INFO - Processing /home/airflow/.local/lib/python3.12/site-packages/airflow/example_dags/example_xcom.py took 0.080 seconds
[2025-07-30T17:04:28.571+0000] {processor.py:186} INFO - Started process (PID=2228) to work on /home/airflow/.local/lib/python3.12/site-packages/airflow/example_dags/example_xcom.py
[2025-07-30T17:04:28.572+0000] {processor.py:914} INFO - Processing file /home/airflow/.local/lib/python3.12/site-packages/airflow/example_dags/example_xcom.py for tasks to queue
[2025-07-30T17:04:28.574+0000] {logging_mixin.py:190} INFO - [2025-07-30T17:04:28.573+0000] {dagbag.py:588} INFO - Filling up the DagBag from /home/airflow/.local/lib/python3.12/site-packages/airflow/example_dags/example_xcom.py
[2025-07-30T17:04:28.581+0000] {processor.py:925} INFO - DAG(s) 'example_xcom' retrieved from /home/airflow/.local/lib/python3.12/site-packages/airflow/example_dags/example_xcom.py
[2025-07-30T17:04:28.598+0000] {logging_mixin.py:190} INFO - [2025-07-30T17:04:28.598+0000] {dag.py:3239} INFO - Sync 1 DAGs
[2025-07-30T17:04:28.617+0000] {logging_mixin.py:190} INFO - [2025-07-30T17:04:28.617+0000] {dag.py:4180} INFO - Setting next_dagrun for example_xcom to 2021-01-01 00:00:00+00:00, run_after=2021-01-01 00:00:00+00:00
[2025-07-30T17:04:28.631+0000] {processor.py:208} INFO - Processing /home/airflow/.local/lib/python3.12/site-packages/airflow/example_dags/example_xcom.py took 0.065 seconds
[2025-07-30T17:04:58.735+0000] {processor.py:186} INFO - Started process (PID=2532) to work on /home/airflow/.local/lib/python3.12/site-packages/airflow/example_dags/example_xcom.py
[2025-07-30T17:04:58.737+0000] {processor.py:914} INFO - Processing file /home/airflow/.local/lib/python3.12/site-packages/airflow/example_dags/example_xcom.py for tasks to queue
[2025-07-30T17:04:58.739+0000] {logging_mixin.py:190} INFO - [2025-07-30T17:04:58.739+0000] {dagbag.py:588} INFO - Filling up the DagBag from /home/airflow/.local/lib/python3.12/site-packages/airflow/example_dags/example_xcom.py
[2025-07-30T17:04:58.750+0000] {processor.py:925} INFO - DAG(s) 'example_xcom' retrieved from /home/airflow/.local/lib/python3.12/site-packages/airflow/example_dags/example_xcom.py
[2025-07-30T17:04:58.778+0000] {logging_mixin.py:190} INFO - [2025-07-30T17:04:58.778+0000] {dag.py:3239} INFO - Sync 1 DAGs
[2025-07-30T17:04:58.803+0000] {logging_mixin.py:190} INFO - [2025-07-30T17:04:58.803+0000] {dag.py:4180} INFO - Setting next_dagrun for example_xcom to 2021-01-01 00:00:00+00:00, run_after=2021-01-01 00:00:00+00:00
[2025-07-30T17:04:58.831+0000] {processor.py:208} INFO - Processing /home/airflow/.local/lib/python3.12/site-packages/airflow/example_dags/example_xcom.py took 0.103 seconds
[2025-07-30T17:05:29.081+0000] {processor.py:186} INFO - Started process (PID=2833) to work on /home/airflow/.local/lib/python3.12/site-packages/airflow/example_dags/example_xcom.py
[2025-07-30T17:05:29.082+0000] {processor.py:914} INFO - Processing file /home/airflow/.local/lib/python3.12/site-packages/airflow/example_dags/example_xcom.py for tasks to queue
[2025-07-30T17:05:29.084+0000] {logging_mixin.py:190} INFO - [2025-07-30T17:05:29.084+0000] {dagbag.py:588} INFO - Filling up the DagBag from /home/airflow/.local/lib/python3.12/site-packages/airflow/example_dags/example_xcom.py
[2025-07-30T17:05:29.094+0000] {processor.py:925} INFO - DAG(s) 'example_xcom' retrieved from /home/airflow/.local/lib/python3.12/site-packages/airflow/example_dags/example_xcom.py
[2025-07-30T17:05:29.118+0000] {logging_mixin.py:190} INFO - [2025-07-30T17:05:29.118+0000] {dag.py:3239} INFO - Sync 1 DAGs
[2025-07-30T17:05:29.145+0000] {logging_mixin.py:190} INFO - [2025-07-30T17:05:29.144+0000] {dag.py:4180} INFO - Setting next_dagrun for example_xcom to 2021-01-01 00:00:00+00:00, run_after=2021-01-01 00:00:00+00:00
[2025-07-30T17:05:29.161+0000] {processor.py:208} INFO - Processing /home/airflow/.local/lib/python3.12/site-packages/airflow/example_dags/example_xcom.py took 0.086 seconds
[2025-07-30T17:05:59.559+0000] {processor.py:186} INFO - Started process (PID=3139) to work on /home/airflow/.local/lib/python3.12/site-packages/airflow/example_dags/example_xcom.py
[2025-07-30T17:05:59.561+0000] {processor.py:914} INFO - Processing file /home/airflow/.local/lib/python3.12/site-packages/airflow/example_dags/example_xcom.py for tasks to queue
[2025-07-30T17:05:59.565+0000] {logging_mixin.py:190} INFO - [2025-07-30T17:05:59.565+0000] {dagbag.py:588} INFO - Filling up the DagBag from /home/airflow/.local/lib/python3.12/site-packages/airflow/example_dags/example_xcom.py
[2025-07-30T17:05:59.577+0000] {processor.py:925} INFO - DAG(s) 'example_xcom' retrieved from /home/airflow/.local/lib/python3.12/site-packages/airflow/example_dags/example_xcom.py
[2025-07-30T17:05:59.601+0000] {logging_mixin.py:190} INFO - [2025-07-30T17:05:59.600+0000] {dag.py:3239} INFO - Sync 1 DAGs
[2025-07-30T17:05:59.628+0000] {logging_mixin.py:190} INFO - [2025-07-30T17:05:59.627+0000] {dag.py:4180} INFO - Setting next_dagrun for example_xcom to 2021-01-01 00:00:00+00:00, run_after=2021-01-01 00:00:00+00:00
[2025-07-30T17:05:59.644+0000] {processor.py:208} INFO - Processing /home/airflow/.local/lib/python3.12/site-packages/airflow/example_dags/example_xcom.py took 0.092 seconds
[2025-07-30T17:06:30.049+0000] {processor.py:186} INFO - Started process (PID=3445) to work on /home/airflow/.local/lib/python3.12/site-packages/airflow/example_dags/example_xcom.py
[2025-07-30T17:06:30.049+0000] {processor.py:914} INFO - Processing file /home/airflow/.local/lib/python3.12/site-packages/airflow/example_dags/example_xcom.py for tasks to queue
[2025-07-30T17:06:30.052+0000] {logging_mixin.py:190} INFO - [2025-07-30T17:06:30.052+0000] {dagbag.py:588} INFO - Filling up the DagBag from /home/airflow/.local/lib/python3.12/site-packages/airflow/example_dags/example_xcom.py
[2025-07-30T17:06:30.062+0000] {processor.py:925} INFO - DAG(s) 'example_xcom' retrieved from /home/airflow/.local/lib/python3.12/site-packages/airflow/example_dags/example_xcom.py
[2025-07-30T17:06:30.084+0000] {logging_mixin.py:190} INFO - [2025-07-30T17:06:30.083+0000] {dag.py:3239} INFO - Sync 1 DAGs
[2025-07-30T17:06:30.110+0000] {logging_mixin.py:190} INFO - [2025-07-30T17:06:30.110+0000] {dag.py:4180} INFO - Setting next_dagrun for example_xcom to 2021-01-01 00:00:00+00:00, run_after=2021-01-01 00:00:00+00:00
[2025-07-30T17:06:30.128+0000] {processor.py:208} INFO - Processing /home/airflow/.local/lib/python3.12/site-packages/airflow/example_dags/example_xcom.py took 0.086 seconds
[2025-07-30T17:07:00.473+0000] {processor.py:186} INFO - Started process (PID=3751) to work on /home/airflow/.local/lib/python3.12/site-packages/airflow/example_dags/example_xcom.py
[2025-07-30T17:07:00.474+0000] {processor.py:914} INFO - Processing file /home/airflow/.local/lib/python3.12/site-packages/airflow/example_dags/example_xcom.py for tasks to queue
[2025-07-30T17:07:00.476+0000] {logging_mixin.py:190} INFO - [2025-07-30T17:07:00.476+0000] {dagbag.py:588} INFO - Filling up the DagBag from /home/airflow/.local/lib/python3.12/site-packages/airflow/example_dags/example_xcom.py
[2025-07-30T17:07:00.487+0000] {processor.py:925} INFO - DAG(s) 'example_xcom' retrieved from /home/airflow/.local/lib/python3.12/site-packages/airflow/example_dags/example_xcom.py
[2025-07-30T17:07:00.513+0000] {logging_mixin.py:190} INFO - [2025-07-30T17:07:00.513+0000] {dag.py:3239} INFO - Sync 1 DAGs
[2025-07-30T17:07:00.543+0000] {logging_mixin.py:190} INFO - [2025-07-30T17:07:00.543+0000] {dag.py:4180} INFO - Setting next_dagrun for example_xcom to 2021-01-01 00:00:00+00:00, run_after=2021-01-01 00:00:00+00:00
[2025-07-30T17:07:00.558+0000] {processor.py:208} INFO - Processing /home/airflow/.local/lib/python3.12/site-packages/airflow/example_dags/example_xcom.py took 0.091 seconds
[2025-07-30T17:07:30.818+0000] {processor.py:186} INFO - Started process (PID=4057) to work on /home/airflow/.local/lib/python3.12/site-packages/airflow/example_dags/example_xcom.py
[2025-07-30T17:07:30.819+0000] {processor.py:914} INFO - Processing file /home/airflow/.local/lib/python3.12/site-packages/airflow/example_dags/example_xcom.py for tasks to queue
[2025-07-30T17:07:30.821+0000] {logging_mixin.py:190} INFO - [2025-07-30T17:07:30.821+0000] {dagbag.py:588} INFO - Filling up the DagBag from /home/airflow/.local/lib/python3.12/site-packages/airflow/example_dags/example_xcom.py
[2025-07-30T17:07:30.831+0000] {processor.py:925} INFO - DAG(s) 'example_xcom' retrieved from /home/airflow/.local/lib/python3.12/site-packages/airflow/example_dags/example_xcom.py
[2025-07-30T17:07:30.853+0000] {logging_mixin.py:190} INFO - [2025-07-30T17:07:30.853+0000] {dag.py:3239} INFO - Sync 1 DAGs
[2025-07-30T17:07:30.879+0000] {logging_mixin.py:190} INFO - [2025-07-30T17:07:30.879+0000] {dag.py:4180} INFO - Setting next_dagrun for example_xcom to 2021-01-01 00:00:00+00:00, run_after=2021-01-01 00:00:00+00:00
[2025-07-30T17:07:30.895+0000] {processor.py:208} INFO - Processing /home/airflow/.local/lib/python3.12/site-packages/airflow/example_dags/example_xcom.py took 0.083 seconds
[2025-07-30T17:08:01.349+0000] {processor.py:186} INFO - Started process (PID=4363) to work on /home/airflow/.local/lib/python3.12/site-packages/airflow/example_dags/example_xcom.py
[2025-07-30T17:08:01.350+0000] {processor.py:914} INFO - Processing file /home/airflow/.local/lib/python3.12/site-packages/airflow/example_dags/example_xcom.py for tasks to queue
[2025-07-30T17:08:01.353+0000] {logging_mixin.py:190} INFO - [2025-07-30T17:08:01.352+0000] {dagbag.py:588} INFO - Filling up the DagBag from /home/airflow/.local/lib/python3.12/site-packages/airflow/example_dags/example_xcom.py
[2025-07-30T17:08:01.363+0000] {processor.py:925} INFO - DAG(s) 'example_xcom' retrieved from /home/airflow/.local/lib/python3.12/site-packages/airflow/example_dags/example_xcom.py
[2025-07-30T17:08:01.387+0000] {logging_mixin.py:190} INFO - [2025-07-30T17:08:01.387+0000] {dag.py:3239} INFO - Sync 1 DAGs
[2025-07-30T17:08:01.414+0000] {logging_mixin.py:190} INFO - [2025-07-30T17:08:01.414+0000] {dag.py:4180} INFO - Setting next_dagrun for example_xcom to 2021-01-01 00:00:00+00:00, run_after=2021-01-01 00:00:00+00:00
[2025-07-30T17:08:01.431+0000] {processor.py:208} INFO - Processing /home/airflow/.local/lib/python3.12/site-packages/airflow/example_dags/example_xcom.py took 0.088 seconds
[2025-07-30T17:08:32.384+0000] {processor.py:186} INFO - Started process (PID=4669) to work on /home/airflow/.local/lib/python3.12/site-packages/airflow/example_dags/example_xcom.py
[2025-07-30T17:08:32.385+0000] {processor.py:914} INFO - Processing file /home/airflow/.local/lib/python3.12/site-packages/airflow/example_dags/example_xcom.py for tasks to queue
[2025-07-30T17:08:32.387+0000] {logging_mixin.py:190} INFO - [2025-07-30T17:08:32.387+0000] {dagbag.py:588} INFO - Filling up the DagBag from /home/airflow/.local/lib/python3.12/site-packages/airflow/example_dags/example_xcom.py
[2025-07-30T17:08:32.398+0000] {processor.py:925} INFO - DAG(s) 'example_xcom' retrieved from /home/airflow/.local/lib/python3.12/site-packages/airflow/example_dags/example_xcom.py
[2025-07-30T17:08:32.422+0000] {logging_mixin.py:190} INFO - [2025-07-30T17:08:32.422+0000] {dag.py:3239} INFO - Sync 1 DAGs
[2025-07-30T17:08:32.448+0000] {logging_mixin.py:190} INFO - [2025-07-30T17:08:32.448+0000] {dag.py:4180} INFO - Setting next_dagrun for example_xcom to 2021-01-01 00:00:00+00:00, run_after=2021-01-01 00:00:00+00:00
[2025-07-30T17:08:32.467+0000] {processor.py:208} INFO - Processing /home/airflow/.local/lib/python3.12/site-packages/airflow/example_dags/example_xcom.py took 0.089 seconds
[2025-07-30T17:09:02.502+0000] {processor.py:186} INFO - Started process (PID=4972) to work on /home/airflow/.local/lib/python3.12/site-packages/airflow/example_dags/example_xcom.py
[2025-07-30T17:09:02.503+0000] {processor.py:914} INFO - Processing file /home/airflow/.local/lib/python3.12/site-packages/airflow/example_dags/example_xcom.py for tasks to queue
[2025-07-30T17:09:02.505+0000] {logging_mixin.py:190} INFO - [2025-07-30T17:09:02.505+0000] {dagbag.py:588} INFO - Filling up the DagBag from /home/airflow/.local/lib/python3.12/site-packages/airflow/example_dags/example_xcom.py
[2025-07-30T17:09:02.512+0000] {processor.py:925} INFO - DAG(s) 'example_xcom' retrieved from /home/airflow/.local/lib/python3.12/site-packages/airflow/example_dags/example_xcom.py
[2025-07-30T17:09:02.528+0000] {logging_mixin.py:190} INFO - [2025-07-30T17:09:02.528+0000] {dag.py:3239} INFO - Sync 1 DAGs
[2025-07-30T17:09:02.545+0000] {logging_mixin.py:190} INFO - [2025-07-30T17:09:02.544+0000] {dag.py:4180} INFO - Setting next_dagrun for example_xcom to 2021-01-01 00:00:00+00:00, run_after=2021-01-01 00:00:00+00:00
[2025-07-30T17:09:02.558+0000] {processor.py:208} INFO - Processing /home/airflow/.local/lib/python3.12/site-packages/airflow/example_dags/example_xcom.py took 0.060 seconds
[2025-07-30T17:09:33.380+0000] {processor.py:186} INFO - Started process (PID=5278) to work on /home/airflow/.local/lib/python3.12/site-packages/airflow/example_dags/example_xcom.py
[2025-07-30T17:09:33.381+0000] {processor.py:914} INFO - Processing file /home/airflow/.local/lib/python3.12/site-packages/airflow/example_dags/example_xcom.py for tasks to queue
[2025-07-30T17:09:33.383+0000] {logging_mixin.py:190} INFO - [2025-07-30T17:09:33.383+0000] {dagbag.py:588} INFO - Filling up the DagBag from /home/airflow/.local/lib/python3.12/site-packages/airflow/example_dags/example_xcom.py
[2025-07-30T17:09:33.391+0000] {processor.py:925} INFO - DAG(s) 'example_xcom' retrieved from /home/airflow/.local/lib/python3.12/site-packages/airflow/example_dags/example_xcom.py
[2025-07-30T17:09:33.408+0000] {logging_mixin.py:190} INFO - [2025-07-30T17:09:33.408+0000] {dag.py:3239} INFO - Sync 1 DAGs
[2025-07-30T17:09:33.425+0000] {logging_mixin.py:190} INFO - [2025-07-30T17:09:33.425+0000] {dag.py:4180} INFO - Setting next_dagrun for example_xcom to 2021-01-01 00:00:00+00:00, run_after=2021-01-01 00:00:00+00:00
[2025-07-30T17:09:33.437+0000] {processor.py:208} INFO - Processing /home/airflow/.local/lib/python3.12/site-packages/airflow/example_dags/example_xcom.py took 0.062 seconds
[2025-07-30T17:10:03.659+0000] {processor.py:186} INFO - Started process (PID=5584) to work on /home/airflow/.local/lib/python3.12/site-packages/airflow/example_dags/example_xcom.py
[2025-07-30T17:10:03.660+0000] {processor.py:914} INFO - Processing file /home/airflow/.local/lib/python3.12/site-packages/airflow/example_dags/example_xcom.py for tasks to queue
[2025-07-30T17:10:03.662+0000] {logging_mixin.py:190} INFO - [2025-07-30T17:10:03.661+0000] {dagbag.py:588} INFO - Filling up the DagBag from /home/airflow/.local/lib/python3.12/site-packages/airflow/example_dags/example_xcom.py
[2025-07-30T17:10:03.669+0000] {processor.py:925} INFO - DAG(s) 'example_xcom' retrieved from /home/airflow/.local/lib/python3.12/site-packages/airflow/example_dags/example_xcom.py
[2025-07-30T17:10:03.684+0000] {logging_mixin.py:190} INFO - [2025-07-30T17:10:03.684+0000] {dag.py:3239} INFO - Sync 1 DAGs
[2025-07-30T17:10:03.702+0000] {logging_mixin.py:190} INFO - [2025-07-30T17:10:03.702+0000] {dag.py:4180} INFO - Setting next_dagrun for example_xcom to 2021-01-01 00:00:00+00:00, run_after=2021-01-01 00:00:00+00:00
[2025-07-30T17:10:03.715+0000] {processor.py:208} INFO - Processing /home/airflow/.local/lib/python3.12/site-packages/airflow/example_dags/example_xcom.py took 0.062 seconds
[2025-07-30T17:10:34.544+0000] {processor.py:186} INFO - Started process (PID=5890) to work on /home/airflow/.local/lib/python3.12/site-packages/airflow/example_dags/example_xcom.py
[2025-07-30T17:10:34.545+0000] {processor.py:914} INFO - Processing file /home/airflow/.local/lib/python3.12/site-packages/airflow/example_dags/example_xcom.py for tasks to queue
[2025-07-30T17:10:34.547+0000] {logging_mixin.py:190} INFO - [2025-07-30T17:10:34.546+0000] {dagbag.py:588} INFO - Filling up the DagBag from /home/airflow/.local/lib/python3.12/site-packages/airflow/example_dags/example_xcom.py
[2025-07-30T17:10:34.554+0000] {processor.py:925} INFO - DAG(s) 'example_xcom' retrieved from /home/airflow/.local/lib/python3.12/site-packages/airflow/example_dags/example_xcom.py
[2025-07-30T17:10:34.572+0000] {logging_mixin.py:190} INFO - [2025-07-30T17:10:34.571+0000] {dag.py:3239} INFO - Sync 1 DAGs
[2025-07-30T17:10:34.589+0000] {logging_mixin.py:190} INFO - [2025-07-30T17:10:34.588+0000] {dag.py:4180} INFO - Setting next_dagrun for example_xcom to 2021-01-01 00:00:00+00:00, run_after=2021-01-01 00:00:00+00:00
[2025-07-30T17:10:34.602+0000] {processor.py:208} INFO - Processing /home/airflow/.local/lib/python3.12/site-packages/airflow/example_dags/example_xcom.py took 0.062 seconds
[2025-07-30T17:11:05.026+0000] {processor.py:186} INFO - Started process (PID=6196) to work on /home/airflow/.local/lib/python3.12/site-packages/airflow/example_dags/example_xcom.py
[2025-07-30T17:11:05.026+0000] {processor.py:914} INFO - Processing file /home/airflow/.local/lib/python3.12/site-packages/airflow/example_dags/example_xcom.py for tasks to queue
[2025-07-30T17:11:05.028+0000] {logging_mixin.py:190} INFO - [2025-07-30T17:11:05.028+0000] {dagbag.py:588} INFO - Filling up the DagBag from /home/airflow/.local/lib/python3.12/site-packages/airflow/example_dags/example_xcom.py
[2025-07-30T17:11:05.036+0000] {processor.py:925} INFO - DAG(s) 'example_xcom' retrieved from /home/airflow/.local/lib/python3.12/site-packages/airflow/example_dags/example_xcom.py
[2025-07-30T17:11:05.052+0000] {logging_mixin.py:190} INFO - [2025-07-30T17:11:05.052+0000] {dag.py:3239} INFO - Sync 1 DAGs
[2025-07-30T17:11:05.069+0000] {logging_mixin.py:190} INFO - [2025-07-30T17:11:05.069+0000] {dag.py:4180} INFO - Setting next_dagrun for example_xcom to 2021-01-01 00:00:00+00:00, run_after=2021-01-01 00:00:00+00:00
[2025-07-30T17:11:05.083+0000] {processor.py:208} INFO - Processing /home/airflow/.local/lib/python3.12/site-packages/airflow/example_dags/example_xcom.py took 0.062 seconds
[2025-07-30T17:11:35.892+0000] {processor.py:186} INFO - Started process (PID=6502) to work on /home/airflow/.local/lib/python3.12/site-packages/airflow/example_dags/example_xcom.py
[2025-07-30T17:11:35.893+0000] {processor.py:914} INFO - Processing file /home/airflow/.local/lib/python3.12/site-packages/airflow/example_dags/example_xcom.py for tasks to queue
[2025-07-30T17:11:35.894+0000] {logging_mixin.py:190} INFO - [2025-07-30T17:11:35.894+0000] {dagbag.py:588} INFO - Filling up the DagBag from /home/airflow/.local/lib/python3.12/site-packages/airflow/example_dags/example_xcom.py
[2025-07-30T17:11:35.901+0000] {processor.py:925} INFO - DAG(s) 'example_xcom' retrieved from /home/airflow/.local/lib/python3.12/site-packages/airflow/example_dags/example_xcom.py
[2025-07-30T17:11:35.918+0000] {logging_mixin.py:190} INFO - [2025-07-30T17:11:35.918+0000] {dag.py:3239} INFO - Sync 1 DAGs
[2025-07-30T17:11:35.935+0000] {logging_mixin.py:190} INFO - [2025-07-30T17:11:35.935+0000] {dag.py:4180} INFO - Setting next_dagrun for example_xcom to 2021-01-01 00:00:00+00:00, run_after=2021-01-01 00:00:00+00:00
[2025-07-30T17:11:35.948+0000] {processor.py:208} INFO - Processing /home/airflow/.local/lib/python3.12/site-packages/airflow/example_dags/example_xcom.py took 0.061 seconds
[2025-07-30T17:12:06.014+0000] {processor.py:186} INFO - Started process (PID=6808) to work on /home/airflow/.local/lib/python3.12/site-packages/airflow/example_dags/example_xcom.py
[2025-07-30T17:12:06.014+0000] {processor.py:914} INFO - Processing file /home/airflow/.local/lib/python3.12/site-packages/airflow/example_dags/example_xcom.py for tasks to queue
[2025-07-30T17:12:06.016+0000] {logging_mixin.py:190} INFO - [2025-07-30T17:12:06.016+0000] {dagbag.py:588} INFO - Filling up the DagBag from /home/airflow/.local/lib/python3.12/site-packages/airflow/example_dags/example_xcom.py
[2025-07-30T17:12:06.024+0000] {processor.py:925} INFO - DAG(s) 'example_xcom' retrieved from /home/airflow/.local/lib/python3.12/site-packages/airflow/example_dags/example_xcom.py
[2025-07-30T17:12:06.040+0000] {logging_mixin.py:190} INFO - [2025-07-30T17:12:06.040+0000] {dag.py:3239} INFO - Sync 1 DAGs
[2025-07-30T17:12:06.058+0000] {logging_mixin.py:190} INFO - [2025-07-30T17:12:06.058+0000] {dag.py:4180} INFO - Setting next_dagrun for example_xcom to 2021-01-01 00:00:00+00:00, run_after=2021-01-01 00:00:00+00:00
[2025-07-30T17:12:06.072+0000] {processor.py:208} INFO - Processing /home/airflow/.local/lib/python3.12/site-packages/airflow/example_dags/example_xcom.py took 0.063 seconds
[2025-07-30T17:12:36.231+0000] {processor.py:186} INFO - Started process (PID=7114) to work on /home/airflow/.local/lib/python3.12/site-packages/airflow/example_dags/example_xcom.py
[2025-07-30T17:12:36.231+0000] {processor.py:914} INFO - Processing file /home/airflow/.local/lib/python3.12/site-packages/airflow/example_dags/example_xcom.py for tasks to queue
[2025-07-30T17:12:36.233+0000] {logging_mixin.py:190} INFO - [2025-07-30T17:12:36.233+0000] {dagbag.py:588} INFO - Filling up the DagBag from /home/airflow/.local/lib/python3.12/site-packages/airflow/example_dags/example_xcom.py
[2025-07-30T17:12:36.240+0000] {processor.py:925} INFO - DAG(s) 'example_xcom' retrieved from /home/airflow/.local/lib/python3.12/site-packages/airflow/example_dags/example_xcom.py
[2025-07-30T17:12:36.257+0000] {logging_mixin.py:190} INFO - [2025-07-30T17:12:36.257+0000] {dag.py:3239} INFO - Sync 1 DAGs
[2025-07-30T17:12:36.274+0000] {logging_mixin.py:190} INFO - [2025-07-30T17:12:36.274+0000] {dag.py:4180} INFO - Setting next_dagrun for example_xcom to 2021-01-01 00:00:00+00:00, run_after=2021-01-01 00:00:00+00:00
[2025-07-30T17:12:36.287+0000] {processor.py:208} INFO - Processing /home/airflow/.local/lib/python3.12/site-packages/airflow/example_dags/example_xcom.py took 0.061 seconds
[2025-07-30T17:13:06.915+0000] {processor.py:186} INFO - Started process (PID=7420) to work on /home/airflow/.local/lib/python3.12/site-packages/airflow/example_dags/example_xcom.py
[2025-07-30T17:13:06.916+0000] {processor.py:914} INFO - Processing file /home/airflow/.local/lib/python3.12/site-packages/airflow/example_dags/example_xcom.py for tasks to queue
[2025-07-30T17:13:06.917+0000] {logging_mixin.py:190} INFO - [2025-07-30T17:13:06.917+0000] {dagbag.py:588} INFO - Filling up the DagBag from /home/airflow/.local/lib/python3.12/site-packages/airflow/example_dags/example_xcom.py
[2025-07-30T17:13:06.925+0000] {processor.py:925} INFO - DAG(s) 'example_xcom' retrieved from /home/airflow/.local/lib/python3.12/site-packages/airflow/example_dags/example_xcom.py
[2025-07-30T17:13:06.942+0000] {logging_mixin.py:190} INFO - [2025-07-30T17:13:06.942+0000] {dag.py:3239} INFO - Sync 1 DAGs
[2025-07-30T17:13:06.959+0000] {logging_mixin.py:190} INFO - [2025-07-30T17:13:06.959+0000] {dag.py:4180} INFO - Setting next_dagrun for example_xcom to 2021-01-01 00:00:00+00:00, run_after=2021-01-01 00:00:00+00:00
[2025-07-30T17:13:06.972+0000] {processor.py:208} INFO - Processing /home/airflow/.local/lib/python3.12/site-packages/airflow/example_dags/example_xcom.py took 0.062 seconds
