[2025-07-30T17:01:21.863+0000] {processor.py:186} INFO - Started process (PID=369) to work on /home/airflow/.local/lib/python3.12/site-packages/airflow/example_dags/example_task_group_decorator.py
[2025-07-30T17:01:21.864+0000] {processor.py:914} INFO - Processing file /home/airflow/.local/lib/python3.12/site-packages/airflow/example_dags/example_task_group_decorator.py for tasks to queue
[2025-07-30T17:01:21.866+0000] {logging_mixin.py:190} INFO - [2025-07-30T17:01:21.866+0000] {dagbag.py:588} INFO - Filling up the DagBag from /home/airflow/.local/lib/python3.12/site-packages/airflow/example_dags/example_task_group_decorator.py
[2025-07-30T17:01:21.887+0000] {processor.py:925} INFO - DAG(s) 'example_task_group_decorator' retrieved from /home/airflow/.local/lib/python3.12/site-packages/airflow/example_dags/example_task_group_decorator.py
[2025-07-30T17:01:22.025+0000] {logging_mixin.py:190} INFO - [2025-07-30T17:01:22.024+0000] {override.py:1911} INFO - Created Permission View: can read on DAG:example_task_group_decorator
[2025-07-30T17:01:22.034+0000] {logging_mixin.py:190} INFO - [2025-07-30T17:01:22.034+0000] {override.py:1911} INFO - Created Permission View: can delete on DAG:example_task_group_decorator
[2025-07-30T17:01:22.040+0000] {logging_mixin.py:190} INFO - [2025-07-30T17:01:22.040+0000] {override.py:1911} INFO - Created Permission View: can edit on DAG:example_task_group_decorator
[2025-07-30T17:01:22.046+0000] {logging_mixin.py:190} INFO - [2025-07-30T17:01:22.046+0000] {override.py:1911} INFO - Created Permission View: can read on DAG Run:example_task_group_decorator
[2025-07-30T17:01:22.068+0000] {logging_mixin.py:190} INFO - [2025-07-30T17:01:22.067+0000] {override.py:1911} INFO - Created Permission View: menu access on DAG Run:example_task_group_decorator
[2025-07-30T17:01:22.075+0000] {logging_mixin.py:190} INFO - [2025-07-30T17:01:22.075+0000] {override.py:1911} INFO - Created Permission View: can delete on DAG Run:example_task_group_decorator
[2025-07-30T17:01:22.080+0000] {logging_mixin.py:190} INFO - [2025-07-30T17:01:22.080+0000] {override.py:1911} INFO - Created Permission View: can create on DAG Run:example_task_group_decorator
[2025-07-30T17:01:22.081+0000] {logging_mixin.py:190} INFO - [2025-07-30T17:01:22.081+0000] {dag.py:3239} INFO - Sync 1 DAGs
[2025-07-30T17:01:22.095+0000] {logging_mixin.py:190} INFO - [2025-07-30T17:01:22.095+0000] {dag.py:3262} INFO - Creating ORM DAG for example_task_group_decorator
[2025-07-30T17:01:22.096+0000] {logging_mixin.py:190} INFO - [2025-07-30T17:01:22.096+0000] {dag.py:4180} INFO - Setting next_dagrun for example_task_group_decorator to None, run_after=None
[2025-07-30T17:01:22.132+0000] {processor.py:208} INFO - Processing /home/airflow/.local/lib/python3.12/site-packages/airflow/example_dags/example_task_group_decorator.py took 0.275 seconds
[2025-07-30T17:01:52.553+0000] {processor.py:186} INFO - Started process (PID=672) to work on /home/airflow/.local/lib/python3.12/site-packages/airflow/example_dags/example_task_group_decorator.py
[2025-07-30T17:01:52.554+0000] {processor.py:914} INFO - Processing file /home/airflow/.local/lib/python3.12/site-packages/airflow/example_dags/example_task_group_decorator.py for tasks to queue
[2025-07-30T17:01:52.556+0000] {logging_mixin.py:190} INFO - [2025-07-30T17:01:52.556+0000] {dagbag.py:588} INFO - Filling up the DagBag from /home/airflow/.local/lib/python3.12/site-packages/airflow/example_dags/example_task_group_decorator.py
[2025-07-30T17:01:52.575+0000] {processor.py:925} INFO - DAG(s) 'example_task_group_decorator' retrieved from /home/airflow/.local/lib/python3.12/site-packages/airflow/example_dags/example_task_group_decorator.py
[2025-07-30T17:01:52.605+0000] {logging_mixin.py:190} INFO - [2025-07-30T17:01:52.605+0000] {dag.py:3239} INFO - Sync 1 DAGs
[2025-07-30T17:01:52.622+0000] {logging_mixin.py:190} INFO - [2025-07-30T17:01:52.622+0000] {dag.py:4180} INFO - Setting next_dagrun for example_task_group_decorator to None, run_after=None
[2025-07-30T17:01:52.640+0000] {processor.py:208} INFO - Processing /home/airflow/.local/lib/python3.12/site-packages/airflow/example_dags/example_task_group_decorator.py took 0.093 seconds
[2025-07-30T17:02:22.760+0000] {processor.py:186} INFO - Started process (PID=974) to work on /home/airflow/.local/lib/python3.12/site-packages/airflow/example_dags/example_task_group_decorator.py
[2025-07-30T17:02:22.761+0000] {processor.py:914} INFO - Processing file /home/airflow/.local/lib/python3.12/site-packages/airflow/example_dags/example_task_group_decorator.py for tasks to queue
[2025-07-30T17:02:22.763+0000] {logging_mixin.py:190} INFO - [2025-07-30T17:02:22.762+0000] {dagbag.py:588} INFO - Filling up the DagBag from /home/airflow/.local/lib/python3.12/site-packages/airflow/example_dags/example_task_group_decorator.py
[2025-07-30T17:02:22.775+0000] {processor.py:925} INFO - DAG(s) 'example_task_group_decorator' retrieved from /home/airflow/.local/lib/python3.12/site-packages/airflow/example_dags/example_task_group_decorator.py
[2025-07-30T17:02:22.795+0000] {logging_mixin.py:190} INFO - [2025-07-30T17:02:22.795+0000] {dag.py:3239} INFO - Sync 1 DAGs
[2025-07-30T17:02:22.806+0000] {logging_mixin.py:190} INFO - [2025-07-30T17:02:22.806+0000] {dag.py:4180} INFO - Setting next_dagrun for example_task_group_decorator to None, run_after=None
[2025-07-30T17:02:22.821+0000] {processor.py:208} INFO - Processing /home/airflow/.local/lib/python3.12/site-packages/airflow/example_dags/example_task_group_decorator.py took 0.065 seconds
[2025-07-30T17:02:53.372+0000] {processor.py:186} INFO - Started process (PID=1280) to work on /home/airflow/.local/lib/python3.12/site-packages/airflow/example_dags/example_task_group_decorator.py
[2025-07-30T17:02:53.373+0000] {processor.py:914} INFO - Processing file /home/airflow/.local/lib/python3.12/site-packages/airflow/example_dags/example_task_group_decorator.py for tasks to queue
[2025-07-30T17:02:53.375+0000] {logging_mixin.py:190} INFO - [2025-07-30T17:02:53.375+0000] {dagbag.py:588} INFO - Filling up the DagBag from /home/airflow/.local/lib/python3.12/site-packages/airflow/example_dags/example_task_group_decorator.py
[2025-07-30T17:02:53.392+0000] {processor.py:925} INFO - DAG(s) 'example_task_group_decorator' retrieved from /home/airflow/.local/lib/python3.12/site-packages/airflow/example_dags/example_task_group_decorator.py
[2025-07-30T17:02:53.425+0000] {logging_mixin.py:190} INFO - [2025-07-30T17:02:53.425+0000] {dag.py:3239} INFO - Sync 1 DAGs
[2025-07-30T17:02:53.441+0000] {logging_mixin.py:190} INFO - [2025-07-30T17:02:53.441+0000] {dag.py:4180} INFO - Setting next_dagrun for example_task_group_decorator to None, run_after=None
[2025-07-30T17:02:53.458+0000] {processor.py:208} INFO - Processing /home/airflow/.local/lib/python3.12/site-packages/airflow/example_dags/example_task_group_decorator.py took 0.092 seconds
[2025-07-30T17:03:23.638+0000] {processor.py:186} INFO - Started process (PID=1586) to work on /home/airflow/.local/lib/python3.12/site-packages/airflow/example_dags/example_task_group_decorator.py
[2025-07-30T17:03:23.639+0000] {processor.py:914} INFO - Processing file /home/airflow/.local/lib/python3.12/site-packages/airflow/example_dags/example_task_group_decorator.py for tasks to queue
[2025-07-30T17:03:23.641+0000] {logging_mixin.py:190} INFO - [2025-07-30T17:03:23.640+0000] {dagbag.py:588} INFO - Filling up the DagBag from /home/airflow/.local/lib/python3.12/site-packages/airflow/example_dags/example_task_group_decorator.py
[2025-07-30T17:03:23.659+0000] {processor.py:925} INFO - DAG(s) 'example_task_group_decorator' retrieved from /home/airflow/.local/lib/python3.12/site-packages/airflow/example_dags/example_task_group_decorator.py
[2025-07-30T17:03:23.688+0000] {logging_mixin.py:190} INFO - [2025-07-30T17:03:23.688+0000] {dag.py:3239} INFO - Sync 1 DAGs
[2025-07-30T17:03:23.704+0000] {logging_mixin.py:190} INFO - [2025-07-30T17:03:23.704+0000] {dag.py:4180} INFO - Setting next_dagrun for example_task_group_decorator to None, run_after=None
[2025-07-30T17:03:23.721+0000] {processor.py:208} INFO - Processing /home/airflow/.local/lib/python3.12/site-packages/airflow/example_dags/example_task_group_decorator.py took 0.089 seconds
[2025-07-30T17:03:54.063+0000] {processor.py:186} INFO - Started process (PID=1890) to work on /home/airflow/.local/lib/python3.12/site-packages/airflow/example_dags/example_task_group_decorator.py
[2025-07-30T17:03:54.064+0000] {processor.py:914} INFO - Processing file /home/airflow/.local/lib/python3.12/site-packages/airflow/example_dags/example_task_group_decorator.py for tasks to queue
[2025-07-30T17:03:54.068+0000] {logging_mixin.py:190} INFO - [2025-07-30T17:03:54.066+0000] {dagbag.py:588} INFO - Filling up the DagBag from /home/airflow/.local/lib/python3.12/site-packages/airflow/example_dags/example_task_group_decorator.py
[2025-07-30T17:03:54.091+0000] {processor.py:925} INFO - DAG(s) 'example_task_group_decorator' retrieved from /home/airflow/.local/lib/python3.12/site-packages/airflow/example_dags/example_task_group_decorator.py
[2025-07-30T17:03:54.143+0000] {logging_mixin.py:190} INFO - [2025-07-30T17:03:54.143+0000] {dag.py:3239} INFO - Sync 1 DAGs
[2025-07-30T17:03:54.163+0000] {logging_mixin.py:190} INFO - [2025-07-30T17:03:54.163+0000] {dag.py:4180} INFO - Setting next_dagrun for example_task_group_decorator to None, run_after=None
[2025-07-30T17:03:54.191+0000] {processor.py:208} INFO - Processing /home/airflow/.local/lib/python3.12/site-packages/airflow/example_dags/example_task_group_decorator.py took 0.136 seconds
[2025-07-30T17:04:24.652+0000] {processor.py:186} INFO - Started process (PID=2198) to work on /home/airflow/.local/lib/python3.12/site-packages/airflow/example_dags/example_task_group_decorator.py
[2025-07-30T17:04:24.653+0000] {processor.py:914} INFO - Processing file /home/airflow/.local/lib/python3.12/site-packages/airflow/example_dags/example_task_group_decorator.py for tasks to queue
[2025-07-30T17:04:24.654+0000] {logging_mixin.py:190} INFO - [2025-07-30T17:04:24.654+0000] {dagbag.py:588} INFO - Filling up the DagBag from /home/airflow/.local/lib/python3.12/site-packages/airflow/example_dags/example_task_group_decorator.py
[2025-07-30T17:04:24.667+0000] {processor.py:925} INFO - DAG(s) 'example_task_group_decorator' retrieved from /home/airflow/.local/lib/python3.12/site-packages/airflow/example_dags/example_task_group_decorator.py
[2025-07-30T17:04:24.687+0000] {logging_mixin.py:190} INFO - [2025-07-30T17:04:24.687+0000] {dag.py:3239} INFO - Sync 1 DAGs
[2025-07-30T17:04:24.698+0000] {logging_mixin.py:190} INFO - [2025-07-30T17:04:24.698+0000] {dag.py:4180} INFO - Setting next_dagrun for example_task_group_decorator to None, run_after=None
[2025-07-30T17:04:24.711+0000] {processor.py:208} INFO - Processing /home/airflow/.local/lib/python3.12/site-packages/airflow/example_dags/example_task_group_decorator.py took 0.063 seconds
[2025-07-30T17:04:55.317+0000] {processor.py:186} INFO - Started process (PID=2504) to work on /home/airflow/.local/lib/python3.12/site-packages/airflow/example_dags/example_task_group_decorator.py
[2025-07-30T17:04:55.318+0000] {processor.py:914} INFO - Processing file /home/airflow/.local/lib/python3.12/site-packages/airflow/example_dags/example_task_group_decorator.py for tasks to queue
[2025-07-30T17:04:55.321+0000] {logging_mixin.py:190} INFO - [2025-07-30T17:04:55.320+0000] {dagbag.py:588} INFO - Filling up the DagBag from /home/airflow/.local/lib/python3.12/site-packages/airflow/example_dags/example_task_group_decorator.py
[2025-07-30T17:04:55.340+0000] {processor.py:925} INFO - DAG(s) 'example_task_group_decorator' retrieved from /home/airflow/.local/lib/python3.12/site-packages/airflow/example_dags/example_task_group_decorator.py
[2025-07-30T17:04:55.371+0000] {logging_mixin.py:190} INFO - [2025-07-30T17:04:55.371+0000] {dag.py:3239} INFO - Sync 1 DAGs
[2025-07-30T17:04:55.386+0000] {logging_mixin.py:190} INFO - [2025-07-30T17:04:55.386+0000] {dag.py:4180} INFO - Setting next_dagrun for example_task_group_decorator to None, run_after=None
[2025-07-30T17:04:55.404+0000] {processor.py:208} INFO - Processing /home/airflow/.local/lib/python3.12/site-packages/airflow/example_dags/example_task_group_decorator.py took 0.094 seconds
[2025-07-30T17:05:25.653+0000] {processor.py:186} INFO - Started process (PID=2808) to work on /home/airflow/.local/lib/python3.12/site-packages/airflow/example_dags/example_task_group_decorator.py
[2025-07-30T17:05:25.653+0000] {processor.py:914} INFO - Processing file /home/airflow/.local/lib/python3.12/site-packages/airflow/example_dags/example_task_group_decorator.py for tasks to queue
[2025-07-30T17:05:25.656+0000] {logging_mixin.py:190} INFO - [2025-07-30T17:05:25.655+0000] {dagbag.py:588} INFO - Filling up the DagBag from /home/airflow/.local/lib/python3.12/site-packages/airflow/example_dags/example_task_group_decorator.py
[2025-07-30T17:05:25.675+0000] {processor.py:925} INFO - DAG(s) 'example_task_group_decorator' retrieved from /home/airflow/.local/lib/python3.12/site-packages/airflow/example_dags/example_task_group_decorator.py
[2025-07-30T17:05:25.705+0000] {logging_mixin.py:190} INFO - [2025-07-30T17:05:25.705+0000] {dag.py:3239} INFO - Sync 1 DAGs
[2025-07-30T17:05:25.722+0000] {logging_mixin.py:190} INFO - [2025-07-30T17:05:25.722+0000] {dag.py:4180} INFO - Setting next_dagrun for example_task_group_decorator to None, run_after=None
[2025-07-30T17:05:25.740+0000] {processor.py:208} INFO - Processing /home/airflow/.local/lib/python3.12/site-packages/airflow/example_dags/example_task_group_decorator.py took 0.094 seconds
[2025-07-30T17:05:55.820+0000] {processor.py:186} INFO - Started process (PID=3111) to work on /home/airflow/.local/lib/python3.12/site-packages/airflow/example_dags/example_task_group_decorator.py
[2025-07-30T17:05:55.821+0000] {processor.py:914} INFO - Processing file /home/airflow/.local/lib/python3.12/site-packages/airflow/example_dags/example_task_group_decorator.py for tasks to queue
[2025-07-30T17:05:55.822+0000] {logging_mixin.py:190} INFO - [2025-07-30T17:05:55.822+0000] {dagbag.py:588} INFO - Filling up the DagBag from /home/airflow/.local/lib/python3.12/site-packages/airflow/example_dags/example_task_group_decorator.py
[2025-07-30T17:05:55.835+0000] {processor.py:925} INFO - DAG(s) 'example_task_group_decorator' retrieved from /home/airflow/.local/lib/python3.12/site-packages/airflow/example_dags/example_task_group_decorator.py
[2025-07-30T17:05:55.854+0000] {logging_mixin.py:190} INFO - [2025-07-30T17:05:55.854+0000] {dag.py:3239} INFO - Sync 1 DAGs
[2025-07-30T17:05:55.867+0000] {logging_mixin.py:190} INFO - [2025-07-30T17:05:55.867+0000] {dag.py:4180} INFO - Setting next_dagrun for example_task_group_decorator to None, run_after=None
[2025-07-30T17:05:55.880+0000] {processor.py:208} INFO - Processing /home/airflow/.local/lib/python3.12/site-packages/airflow/example_dags/example_task_group_decorator.py took 0.065 seconds
[2025-07-30T17:06:26.708+0000] {processor.py:186} INFO - Started process (PID=3417) to work on /home/airflow/.local/lib/python3.12/site-packages/airflow/example_dags/example_task_group_decorator.py
[2025-07-30T17:06:26.708+0000] {processor.py:914} INFO - Processing file /home/airflow/.local/lib/python3.12/site-packages/airflow/example_dags/example_task_group_decorator.py for tasks to queue
[2025-07-30T17:06:26.710+0000] {logging_mixin.py:190} INFO - [2025-07-30T17:06:26.710+0000] {dagbag.py:588} INFO - Filling up the DagBag from /home/airflow/.local/lib/python3.12/site-packages/airflow/example_dags/example_task_group_decorator.py
[2025-07-30T17:06:26.732+0000] {processor.py:925} INFO - DAG(s) 'example_task_group_decorator' retrieved from /home/airflow/.local/lib/python3.12/site-packages/airflow/example_dags/example_task_group_decorator.py
[2025-07-30T17:06:26.791+0000] {logging_mixin.py:190} INFO - [2025-07-30T17:06:26.791+0000] {dag.py:3239} INFO - Sync 1 DAGs
[2025-07-30T17:06:26.809+0000] {logging_mixin.py:190} INFO - [2025-07-30T17:06:26.809+0000] {dag.py:4180} INFO - Setting next_dagrun for example_task_group_decorator to None, run_after=None
[2025-07-30T17:06:26.826+0000] {processor.py:208} INFO - Processing /home/airflow/.local/lib/python3.12/site-packages/airflow/example_dags/example_task_group_decorator.py took 0.124 seconds
[2025-07-30T17:06:57.632+0000] {processor.py:186} INFO - Started process (PID=3723) to work on /home/airflow/.local/lib/python3.12/site-packages/airflow/example_dags/example_task_group_decorator.py
[2025-07-30T17:06:57.633+0000] {processor.py:914} INFO - Processing file /home/airflow/.local/lib/python3.12/site-packages/airflow/example_dags/example_task_group_decorator.py for tasks to queue
[2025-07-30T17:06:57.635+0000] {logging_mixin.py:190} INFO - [2025-07-30T17:06:57.635+0000] {dagbag.py:588} INFO - Filling up the DagBag from /home/airflow/.local/lib/python3.12/site-packages/airflow/example_dags/example_task_group_decorator.py
[2025-07-30T17:06:57.654+0000] {processor.py:925} INFO - DAG(s) 'example_task_group_decorator' retrieved from /home/airflow/.local/lib/python3.12/site-packages/airflow/example_dags/example_task_group_decorator.py
[2025-07-30T17:06:57.699+0000] {logging_mixin.py:190} INFO - [2025-07-30T17:06:57.699+0000] {dag.py:3239} INFO - Sync 1 DAGs
[2025-07-30T17:06:57.737+0000] {logging_mixin.py:190} INFO - [2025-07-30T17:06:57.737+0000] {dag.py:4180} INFO - Setting next_dagrun for example_task_group_decorator to None, run_after=None
[2025-07-30T17:06:57.775+0000] {processor.py:208} INFO - Processing /home/airflow/.local/lib/python3.12/site-packages/airflow/example_dags/example_task_group_decorator.py took 0.148 seconds
[2025-07-30T17:07:28.006+0000] {processor.py:186} INFO - Started process (PID=4029) to work on /home/airflow/.local/lib/python3.12/site-packages/airflow/example_dags/example_task_group_decorator.py
[2025-07-30T17:07:28.007+0000] {processor.py:914} INFO - Processing file /home/airflow/.local/lib/python3.12/site-packages/airflow/example_dags/example_task_group_decorator.py for tasks to queue
[2025-07-30T17:07:28.009+0000] {logging_mixin.py:190} INFO - [2025-07-30T17:07:28.009+0000] {dagbag.py:588} INFO - Filling up the DagBag from /home/airflow/.local/lib/python3.12/site-packages/airflow/example_dags/example_task_group_decorator.py
[2025-07-30T17:07:28.022+0000] {processor.py:925} INFO - DAG(s) 'example_task_group_decorator' retrieved from /home/airflow/.local/lib/python3.12/site-packages/airflow/example_dags/example_task_group_decorator.py
[2025-07-30T17:07:28.041+0000] {logging_mixin.py:190} INFO - [2025-07-30T17:07:28.041+0000] {dag.py:3239} INFO - Sync 1 DAGs
[2025-07-30T17:07:28.053+0000] {logging_mixin.py:190} INFO - [2025-07-30T17:07:28.053+0000] {dag.py:4180} INFO - Setting next_dagrun for example_task_group_decorator to None, run_after=None
[2025-07-30T17:07:28.067+0000] {processor.py:208} INFO - Processing /home/airflow/.local/lib/python3.12/site-packages/airflow/example_dags/example_task_group_decorator.py took 0.066 seconds
[2025-07-30T17:07:58.748+0000] {processor.py:186} INFO - Started process (PID=4335) to work on /home/airflow/.local/lib/python3.12/site-packages/airflow/example_dags/example_task_group_decorator.py
[2025-07-30T17:07:58.749+0000] {processor.py:914} INFO - Processing file /home/airflow/.local/lib/python3.12/site-packages/airflow/example_dags/example_task_group_decorator.py for tasks to queue
[2025-07-30T17:07:58.751+0000] {logging_mixin.py:190} INFO - [2025-07-30T17:07:58.751+0000] {dagbag.py:588} INFO - Filling up the DagBag from /home/airflow/.local/lib/python3.12/site-packages/airflow/example_dags/example_task_group_decorator.py
[2025-07-30T17:07:58.770+0000] {processor.py:925} INFO - DAG(s) 'example_task_group_decorator' retrieved from /home/airflow/.local/lib/python3.12/site-packages/airflow/example_dags/example_task_group_decorator.py
[2025-07-30T17:07:58.810+0000] {logging_mixin.py:190} INFO - [2025-07-30T17:07:58.810+0000] {dag.py:3239} INFO - Sync 1 DAGs
[2025-07-30T17:07:58.826+0000] {logging_mixin.py:190} INFO - [2025-07-30T17:07:58.826+0000] {dag.py:4180} INFO - Setting next_dagrun for example_task_group_decorator to None, run_after=None
[2025-07-30T17:07:58.845+0000] {processor.py:208} INFO - Processing /home/airflow/.local/lib/python3.12/site-packages/airflow/example_dags/example_task_group_decorator.py took 0.103 seconds
[2025-07-30T17:08:29.081+0000] {processor.py:186} INFO - Started process (PID=4641) to work on /home/airflow/.local/lib/python3.12/site-packages/airflow/example_dags/example_task_group_decorator.py
[2025-07-30T17:08:29.082+0000] {processor.py:914} INFO - Processing file /home/airflow/.local/lib/python3.12/site-packages/airflow/example_dags/example_task_group_decorator.py for tasks to queue
[2025-07-30T17:08:29.084+0000] {logging_mixin.py:190} INFO - [2025-07-30T17:08:29.083+0000] {dagbag.py:588} INFO - Filling up the DagBag from /home/airflow/.local/lib/python3.12/site-packages/airflow/example_dags/example_task_group_decorator.py
[2025-07-30T17:08:29.098+0000] {processor.py:925} INFO - DAG(s) 'example_task_group_decorator' retrieved from /home/airflow/.local/lib/python3.12/site-packages/airflow/example_dags/example_task_group_decorator.py
[2025-07-30T17:08:29.119+0000] {logging_mixin.py:190} INFO - [2025-07-30T17:08:29.119+0000] {dag.py:3239} INFO - Sync 1 DAGs
[2025-07-30T17:08:29.129+0000] {logging_mixin.py:190} INFO - [2025-07-30T17:08:29.129+0000] {dag.py:4180} INFO - Setting next_dagrun for example_task_group_decorator to None, run_after=None
[2025-07-30T17:08:29.142+0000] {processor.py:208} INFO - Processing /home/airflow/.local/lib/python3.12/site-packages/airflow/example_dags/example_task_group_decorator.py took 0.066 seconds
[2025-07-30T17:08:59.279+0000] {processor.py:186} INFO - Started process (PID=4947) to work on /home/airflow/.local/lib/python3.12/site-packages/airflow/example_dags/example_task_group_decorator.py
[2025-07-30T17:08:59.280+0000] {processor.py:914} INFO - Processing file /home/airflow/.local/lib/python3.12/site-packages/airflow/example_dags/example_task_group_decorator.py for tasks to queue
[2025-07-30T17:08:59.282+0000] {logging_mixin.py:190} INFO - [2025-07-30T17:08:59.282+0000] {dagbag.py:588} INFO - Filling up the DagBag from /home/airflow/.local/lib/python3.12/site-packages/airflow/example_dags/example_task_group_decorator.py
[2025-07-30T17:08:59.294+0000] {processor.py:925} INFO - DAG(s) 'example_task_group_decorator' retrieved from /home/airflow/.local/lib/python3.12/site-packages/airflow/example_dags/example_task_group_decorator.py
[2025-07-30T17:08:59.313+0000] {logging_mixin.py:190} INFO - [2025-07-30T17:08:59.313+0000] {dag.py:3239} INFO - Sync 1 DAGs
[2025-07-30T17:08:59.324+0000] {logging_mixin.py:190} INFO - [2025-07-30T17:08:59.324+0000] {dag.py:4180} INFO - Setting next_dagrun for example_task_group_decorator to None, run_after=None
[2025-07-30T17:08:59.337+0000] {processor.py:208} INFO - Processing /home/airflow/.local/lib/python3.12/site-packages/airflow/example_dags/example_task_group_decorator.py took 0.062 seconds
[2025-07-30T17:09:30.147+0000] {processor.py:186} INFO - Started process (PID=5251) to work on /home/airflow/.local/lib/python3.12/site-packages/airflow/example_dags/example_task_group_decorator.py
[2025-07-30T17:09:30.148+0000] {processor.py:914} INFO - Processing file /home/airflow/.local/lib/python3.12/site-packages/airflow/example_dags/example_task_group_decorator.py for tasks to queue
[2025-07-30T17:09:30.151+0000] {logging_mixin.py:190} INFO - [2025-07-30T17:09:30.150+0000] {dagbag.py:588} INFO - Filling up the DagBag from /home/airflow/.local/lib/python3.12/site-packages/airflow/example_dags/example_task_group_decorator.py
[2025-07-30T17:09:30.168+0000] {processor.py:925} INFO - DAG(s) 'example_task_group_decorator' retrieved from /home/airflow/.local/lib/python3.12/site-packages/airflow/example_dags/example_task_group_decorator.py
[2025-07-30T17:09:30.197+0000] {logging_mixin.py:190} INFO - [2025-07-30T17:09:30.197+0000] {dag.py:3239} INFO - Sync 1 DAGs
[2025-07-30T17:09:30.214+0000] {logging_mixin.py:190} INFO - [2025-07-30T17:09:30.214+0000] {dag.py:4180} INFO - Setting next_dagrun for example_task_group_decorator to None, run_after=None
[2025-07-30T17:09:30.232+0000] {processor.py:208} INFO - Processing /home/airflow/.local/lib/python3.12/site-packages/airflow/example_dags/example_task_group_decorator.py took 0.090 seconds
[2025-07-30T17:10:00.360+0000] {processor.py:186} INFO - Started process (PID=5559) to work on /home/airflow/.local/lib/python3.12/site-packages/airflow/example_dags/example_task_group_decorator.py
[2025-07-30T17:10:00.361+0000] {processor.py:914} INFO - Processing file /home/airflow/.local/lib/python3.12/site-packages/airflow/example_dags/example_task_group_decorator.py for tasks to queue
[2025-07-30T17:10:00.363+0000] {logging_mixin.py:190} INFO - [2025-07-30T17:10:00.363+0000] {dagbag.py:588} INFO - Filling up the DagBag from /home/airflow/.local/lib/python3.12/site-packages/airflow/example_dags/example_task_group_decorator.py
[2025-07-30T17:10:00.382+0000] {processor.py:925} INFO - DAG(s) 'example_task_group_decorator' retrieved from /home/airflow/.local/lib/python3.12/site-packages/airflow/example_dags/example_task_group_decorator.py
[2025-07-30T17:10:00.413+0000] {logging_mixin.py:190} INFO - [2025-07-30T17:10:00.413+0000] {dag.py:3239} INFO - Sync 1 DAGs
[2025-07-30T17:10:00.429+0000] {logging_mixin.py:190} INFO - [2025-07-30T17:10:00.429+0000] {dag.py:4180} INFO - Setting next_dagrun for example_task_group_decorator to None, run_after=None
[2025-07-30T17:10:00.446+0000] {processor.py:208} INFO - Processing /home/airflow/.local/lib/python3.12/site-packages/airflow/example_dags/example_task_group_decorator.py took 0.096 seconds
[2025-07-30T17:10:31.293+0000] {processor.py:186} INFO - Started process (PID=5865) to work on /home/airflow/.local/lib/python3.12/site-packages/airflow/example_dags/example_task_group_decorator.py
[2025-07-30T17:10:31.294+0000] {processor.py:914} INFO - Processing file /home/airflow/.local/lib/python3.12/site-packages/airflow/example_dags/example_task_group_decorator.py for tasks to queue
[2025-07-30T17:10:31.296+0000] {logging_mixin.py:190} INFO - [2025-07-30T17:10:31.295+0000] {dagbag.py:588} INFO - Filling up the DagBag from /home/airflow/.local/lib/python3.12/site-packages/airflow/example_dags/example_task_group_decorator.py
[2025-07-30T17:10:31.330+0000] {processor.py:925} INFO - DAG(s) 'example_task_group_decorator' retrieved from /home/airflow/.local/lib/python3.12/site-packages/airflow/example_dags/example_task_group_decorator.py
[2025-07-30T17:10:31.376+0000] {logging_mixin.py:190} INFO - [2025-07-30T17:10:31.376+0000] {dag.py:3239} INFO - Sync 1 DAGs
[2025-07-30T17:10:31.393+0000] {logging_mixin.py:190} INFO - [2025-07-30T17:10:31.393+0000] {dag.py:4180} INFO - Setting next_dagrun for example_task_group_decorator to None, run_after=None
[2025-07-30T17:10:31.409+0000] {processor.py:208} INFO - Processing /home/airflow/.local/lib/python3.12/site-packages/airflow/example_dags/example_task_group_decorator.py took 0.122 seconds
[2025-07-30T17:11:01.856+0000] {processor.py:186} INFO - Started process (PID=6171) to work on /home/airflow/.local/lib/python3.12/site-packages/airflow/example_dags/example_task_group_decorator.py
[2025-07-30T17:11:01.857+0000] {processor.py:914} INFO - Processing file /home/airflow/.local/lib/python3.12/site-packages/airflow/example_dags/example_task_group_decorator.py for tasks to queue
[2025-07-30T17:11:01.859+0000] {logging_mixin.py:190} INFO - [2025-07-30T17:11:01.859+0000] {dagbag.py:588} INFO - Filling up the DagBag from /home/airflow/.local/lib/python3.12/site-packages/airflow/example_dags/example_task_group_decorator.py
[2025-07-30T17:11:01.877+0000] {processor.py:925} INFO - DAG(s) 'example_task_group_decorator' retrieved from /home/airflow/.local/lib/python3.12/site-packages/airflow/example_dags/example_task_group_decorator.py
[2025-07-30T17:11:01.906+0000] {logging_mixin.py:190} INFO - [2025-07-30T17:11:01.906+0000] {dag.py:3239} INFO - Sync 1 DAGs
[2025-07-30T17:11:01.922+0000] {logging_mixin.py:190} INFO - [2025-07-30T17:11:01.922+0000] {dag.py:4180} INFO - Setting next_dagrun for example_task_group_decorator to None, run_after=None
[2025-07-30T17:11:01.939+0000] {processor.py:208} INFO - Processing /home/airflow/.local/lib/python3.12/site-packages/airflow/example_dags/example_task_group_decorator.py took 0.089 seconds
[2025-07-30T17:11:32.662+0000] {processor.py:186} INFO - Started process (PID=6477) to work on /home/airflow/.local/lib/python3.12/site-packages/airflow/example_dags/example_task_group_decorator.py
[2025-07-30T17:11:32.663+0000] {processor.py:914} INFO - Processing file /home/airflow/.local/lib/python3.12/site-packages/airflow/example_dags/example_task_group_decorator.py for tasks to queue
[2025-07-30T17:11:32.665+0000] {logging_mixin.py:190} INFO - [2025-07-30T17:11:32.664+0000] {dagbag.py:588} INFO - Filling up the DagBag from /home/airflow/.local/lib/python3.12/site-packages/airflow/example_dags/example_task_group_decorator.py
[2025-07-30T17:11:32.682+0000] {processor.py:925} INFO - DAG(s) 'example_task_group_decorator' retrieved from /home/airflow/.local/lib/python3.12/site-packages/airflow/example_dags/example_task_group_decorator.py
[2025-07-30T17:11:32.710+0000] {logging_mixin.py:190} INFO - [2025-07-30T17:11:32.710+0000] {dag.py:3239} INFO - Sync 1 DAGs
[2025-07-30T17:11:32.727+0000] {logging_mixin.py:190} INFO - [2025-07-30T17:11:32.727+0000] {dag.py:4180} INFO - Setting next_dagrun for example_task_group_decorator to None, run_after=None
[2025-07-30T17:11:32.744+0000] {processor.py:208} INFO - Processing /home/airflow/.local/lib/python3.12/site-packages/airflow/example_dags/example_task_group_decorator.py took 0.089 seconds
[2025-07-30T17:12:02.879+0000] {processor.py:186} INFO - Started process (PID=6783) to work on /home/airflow/.local/lib/python3.12/site-packages/airflow/example_dags/example_task_group_decorator.py
[2025-07-30T17:12:02.880+0000] {processor.py:914} INFO - Processing file /home/airflow/.local/lib/python3.12/site-packages/airflow/example_dags/example_task_group_decorator.py for tasks to queue
[2025-07-30T17:12:02.883+0000] {logging_mixin.py:190} INFO - [2025-07-30T17:12:02.882+0000] {dagbag.py:588} INFO - Filling up the DagBag from /home/airflow/.local/lib/python3.12/site-packages/airflow/example_dags/example_task_group_decorator.py
[2025-07-30T17:12:02.902+0000] {processor.py:925} INFO - DAG(s) 'example_task_group_decorator' retrieved from /home/airflow/.local/lib/python3.12/site-packages/airflow/example_dags/example_task_group_decorator.py
[2025-07-30T17:12:02.929+0000] {logging_mixin.py:190} INFO - [2025-07-30T17:12:02.929+0000] {dag.py:3239} INFO - Sync 1 DAGs
[2025-07-30T17:12:02.946+0000] {logging_mixin.py:190} INFO - [2025-07-30T17:12:02.946+0000] {dag.py:4180} INFO - Setting next_dagrun for example_task_group_decorator to None, run_after=None
[2025-07-30T17:12:02.963+0000] {processor.py:208} INFO - Processing /home/airflow/.local/lib/python3.12/site-packages/airflow/example_dags/example_task_group_decorator.py took 0.090 seconds
[2025-07-30T17:12:33.098+0000] {processor.py:186} INFO - Started process (PID=7089) to work on /home/airflow/.local/lib/python3.12/site-packages/airflow/example_dags/example_task_group_decorator.py
[2025-07-30T17:12:33.099+0000] {processor.py:914} INFO - Processing file /home/airflow/.local/lib/python3.12/site-packages/airflow/example_dags/example_task_group_decorator.py for tasks to queue
[2025-07-30T17:12:33.101+0000] {logging_mixin.py:190} INFO - [2025-07-30T17:12:33.101+0000] {dagbag.py:588} INFO - Filling up the DagBag from /home/airflow/.local/lib/python3.12/site-packages/airflow/example_dags/example_task_group_decorator.py
[2025-07-30T17:12:33.119+0000] {processor.py:925} INFO - DAG(s) 'example_task_group_decorator' retrieved from /home/airflow/.local/lib/python3.12/site-packages/airflow/example_dags/example_task_group_decorator.py
[2025-07-30T17:12:33.147+0000] {logging_mixin.py:190} INFO - [2025-07-30T17:12:33.147+0000] {dag.py:3239} INFO - Sync 1 DAGs
[2025-07-30T17:12:33.162+0000] {logging_mixin.py:190} INFO - [2025-07-30T17:12:33.162+0000] {dag.py:4180} INFO - Setting next_dagrun for example_task_group_decorator to None, run_after=None
[2025-07-30T17:12:33.180+0000] {processor.py:208} INFO - Processing /home/airflow/.local/lib/python3.12/site-packages/airflow/example_dags/example_task_group_decorator.py took 0.088 seconds
[2025-07-30T17:13:03.781+0000] {processor.py:186} INFO - Started process (PID=7395) to work on /home/airflow/.local/lib/python3.12/site-packages/airflow/example_dags/example_task_group_decorator.py
[2025-07-30T17:13:03.782+0000] {processor.py:914} INFO - Processing file /home/airflow/.local/lib/python3.12/site-packages/airflow/example_dags/example_task_group_decorator.py for tasks to queue
[2025-07-30T17:13:03.784+0000] {logging_mixin.py:190} INFO - [2025-07-30T17:13:03.784+0000] {dagbag.py:588} INFO - Filling up the DagBag from /home/airflow/.local/lib/python3.12/site-packages/airflow/example_dags/example_task_group_decorator.py
[2025-07-30T17:13:03.802+0000] {processor.py:925} INFO - DAG(s) 'example_task_group_decorator' retrieved from /home/airflow/.local/lib/python3.12/site-packages/airflow/example_dags/example_task_group_decorator.py
[2025-07-30T17:13:03.831+0000] {logging_mixin.py:190} INFO - [2025-07-30T17:13:03.831+0000] {dag.py:3239} INFO - Sync 1 DAGs
[2025-07-30T17:13:03.851+0000] {logging_mixin.py:190} INFO - [2025-07-30T17:13:03.851+0000] {dag.py:4180} INFO - Setting next_dagrun for example_task_group_decorator to None, run_after=None
[2025-07-30T17:13:03.868+0000] {processor.py:208} INFO - Processing /home/airflow/.local/lib/python3.12/site-packages/airflow/example_dags/example_task_group_decorator.py took 0.092 seconds
