[2025-07-30T17:01:28.593+0000] {processor.py:186} INFO - Started process (PID=432) to work on /home/airflow/.local/lib/python3.12/site-packages/airflow/example_dags/example_bash_operator.py
[2025-07-30T17:01:28.595+0000] {processor.py:914} INFO - Processing file /home/airflow/.local/lib/python3.12/site-packages/airflow/example_dags/example_bash_operator.py for tasks to queue
[2025-07-30T17:01:28.597+0000] {logging_mixin.py:190} INFO - [2025-07-30T17:01:28.597+0000] {dagbag.py:588} INFO - Filling up the DagBag from /home/airflow/.local/lib/python3.12/site-packages/airflow/example_dags/example_bash_operator.py
[2025-07-30T17:01:28.615+0000] {processor.py:925} INFO - DAG(s) 'example_bash_operator' retrieved from /home/airflow/.local/lib/python3.12/site-packages/airflow/example_dags/example_bash_operator.py
[2025-07-30T17:01:28.823+0000] {logging_mixin.py:190} INFO - [2025-07-30T17:01:28.822+0000] {override.py:1911} INFO - Created Permission View: can read on DAG:example_bash_operator
[2025-07-30T17:01:28.856+0000] {logging_mixin.py:190} INFO - [2025-07-30T17:01:28.856+0000] {override.py:1911} INFO - Created Permission View: can delete on DAG:example_bash_operator
[2025-07-30T17:01:28.869+0000] {logging_mixin.py:190} INFO - [2025-07-30T17:01:28.869+0000] {override.py:1911} INFO - Created Permission View: can edit on DAG:example_bash_operator
[2025-07-30T17:01:28.875+0000] {logging_mixin.py:190} INFO - [2025-07-30T17:01:28.875+0000] {override.py:1911} INFO - Created Permission View: can read on DAG Run:example_bash_operator
[2025-07-30T17:01:28.881+0000] {logging_mixin.py:190} INFO - [2025-07-30T17:01:28.881+0000] {override.py:1911} INFO - Created Permission View: menu access on DAG Run:example_bash_operator
[2025-07-30T17:01:28.890+0000] {logging_mixin.py:190} INFO - [2025-07-30T17:01:28.889+0000] {override.py:1911} INFO - Created Permission View: can delete on DAG Run:example_bash_operator
[2025-07-30T17:01:28.906+0000] {logging_mixin.py:190} INFO - [2025-07-30T17:01:28.905+0000] {override.py:1911} INFO - Created Permission View: can create on DAG Run:example_bash_operator
[2025-07-30T17:01:28.907+0000] {logging_mixin.py:190} INFO - [2025-07-30T17:01:28.906+0000] {dag.py:3239} INFO - Sync 1 DAGs
[2025-07-30T17:01:28.935+0000] {logging_mixin.py:190} INFO - [2025-07-30T17:01:28.935+0000] {dag.py:3262} INFO - Creating ORM DAG for example_bash_operator
[2025-07-30T17:01:28.964+0000] {logging_mixin.py:190} INFO - [2025-07-30T17:01:28.964+0000] {dag.py:4180} INFO - Setting next_dagrun for example_bash_operator to 2025-07-29 00:00:00+00:00, run_after=2025-07-30 00:00:00+00:00
[2025-07-30T17:01:28.990+0000] {processor.py:208} INFO - Processing /home/airflow/.local/lib/python3.12/site-packages/airflow/example_dags/example_bash_operator.py took 0.406 seconds
[2025-07-30T17:01:59.177+0000] {processor.py:186} INFO - Started process (PID=732) to work on /home/airflow/.local/lib/python3.12/site-packages/airflow/example_dags/example_bash_operator.py
[2025-07-30T17:01:59.178+0000] {processor.py:914} INFO - Processing file /home/airflow/.local/lib/python3.12/site-packages/airflow/example_dags/example_bash_operator.py for tasks to queue
[2025-07-30T17:01:59.181+0000] {logging_mixin.py:190} INFO - [2025-07-30T17:01:59.180+0000] {dagbag.py:588} INFO - Filling up the DagBag from /home/airflow/.local/lib/python3.12/site-packages/airflow/example_dags/example_bash_operator.py
[2025-07-30T17:01:59.195+0000] {processor.py:925} INFO - DAG(s) 'example_bash_operator' retrieved from /home/airflow/.local/lib/python3.12/site-packages/airflow/example_dags/example_bash_operator.py
[2025-07-30T17:01:59.227+0000] {logging_mixin.py:190} INFO - [2025-07-30T17:01:59.226+0000] {dag.py:3239} INFO - Sync 1 DAGs
[2025-07-30T17:01:59.264+0000] {logging_mixin.py:190} INFO - [2025-07-30T17:01:59.264+0000] {dag.py:4180} INFO - Setting next_dagrun for example_bash_operator to 2025-07-29 00:00:00+00:00, run_after=2025-07-30 00:00:00+00:00
[2025-07-30T17:01:59.280+0000] {processor.py:208} INFO - Processing /home/airflow/.local/lib/python3.12/site-packages/airflow/example_dags/example_bash_operator.py took 0.109 seconds
[2025-07-30T17:02:29.489+0000] {processor.py:186} INFO - Started process (PID=1037) to work on /home/airflow/.local/lib/python3.12/site-packages/airflow/example_dags/example_bash_operator.py
[2025-07-30T17:02:29.490+0000] {processor.py:914} INFO - Processing file /home/airflow/.local/lib/python3.12/site-packages/airflow/example_dags/example_bash_operator.py for tasks to queue
[2025-07-30T17:02:29.494+0000] {logging_mixin.py:190} INFO - [2025-07-30T17:02:29.494+0000] {dagbag.py:588} INFO - Filling up the DagBag from /home/airflow/.local/lib/python3.12/site-packages/airflow/example_dags/example_bash_operator.py
[2025-07-30T17:02:29.524+0000] {processor.py:925} INFO - DAG(s) 'example_bash_operator' retrieved from /home/airflow/.local/lib/python3.12/site-packages/airflow/example_dags/example_bash_operator.py
[2025-07-30T17:02:29.569+0000] {logging_mixin.py:190} INFO - [2025-07-30T17:02:29.568+0000] {dag.py:3239} INFO - Sync 1 DAGs
[2025-07-30T17:02:29.597+0000] {logging_mixin.py:190} INFO - [2025-07-30T17:02:29.597+0000] {dag.py:4180} INFO - Setting next_dagrun for example_bash_operator to 2025-07-29 00:00:00+00:00, run_after=2025-07-30 00:00:00+00:00
[2025-07-30T17:02:29.615+0000] {processor.py:208} INFO - Processing /home/airflow/.local/lib/python3.12/site-packages/airflow/example_dags/example_bash_operator.py took 0.133 seconds
[2025-07-30T17:02:59.767+0000] {processor.py:186} INFO - Started process (PID=1338) to work on /home/airflow/.local/lib/python3.12/site-packages/airflow/example_dags/example_bash_operator.py
[2025-07-30T17:02:59.768+0000] {processor.py:914} INFO - Processing file /home/airflow/.local/lib/python3.12/site-packages/airflow/example_dags/example_bash_operator.py for tasks to queue
[2025-07-30T17:02:59.770+0000] {logging_mixin.py:190} INFO - [2025-07-30T17:02:59.770+0000] {dagbag.py:588} INFO - Filling up the DagBag from /home/airflow/.local/lib/python3.12/site-packages/airflow/example_dags/example_bash_operator.py
[2025-07-30T17:02:59.785+0000] {processor.py:925} INFO - DAG(s) 'example_bash_operator' retrieved from /home/airflow/.local/lib/python3.12/site-packages/airflow/example_dags/example_bash_operator.py
[2025-07-30T17:02:59.817+0000] {logging_mixin.py:190} INFO - [2025-07-30T17:02:59.817+0000] {dag.py:3239} INFO - Sync 1 DAGs
[2025-07-30T17:02:59.844+0000] {logging_mixin.py:190} INFO - [2025-07-30T17:02:59.844+0000] {dag.py:4180} INFO - Setting next_dagrun for example_bash_operator to 2025-07-29 00:00:00+00:00, run_after=2025-07-30 00:00:00+00:00
[2025-07-30T17:02:59.861+0000] {processor.py:208} INFO - Processing /home/airflow/.local/lib/python3.12/site-packages/airflow/example_dags/example_bash_operator.py took 0.100 seconds
[2025-07-30T17:03:30.018+0000] {processor.py:186} INFO - Started process (PID=1644) to work on /home/airflow/.local/lib/python3.12/site-packages/airflow/example_dags/example_bash_operator.py
[2025-07-30T17:03:30.019+0000] {processor.py:914} INFO - Processing file /home/airflow/.local/lib/python3.12/site-packages/airflow/example_dags/example_bash_operator.py for tasks to queue
[2025-07-30T17:03:30.021+0000] {logging_mixin.py:190} INFO - [2025-07-30T17:03:30.021+0000] {dagbag.py:588} INFO - Filling up the DagBag from /home/airflow/.local/lib/python3.12/site-packages/airflow/example_dags/example_bash_operator.py
[2025-07-30T17:03:30.035+0000] {processor.py:925} INFO - DAG(s) 'example_bash_operator' retrieved from /home/airflow/.local/lib/python3.12/site-packages/airflow/example_dags/example_bash_operator.py
[2025-07-30T17:03:30.063+0000] {logging_mixin.py:190} INFO - [2025-07-30T17:03:30.062+0000] {dag.py:3239} INFO - Sync 1 DAGs
[2025-07-30T17:03:30.088+0000] {logging_mixin.py:190} INFO - [2025-07-30T17:03:30.087+0000] {dag.py:4180} INFO - Setting next_dagrun for example_bash_operator to 2025-07-29 00:00:00+00:00, run_after=2025-07-30 00:00:00+00:00
[2025-07-30T17:03:30.115+0000] {processor.py:208} INFO - Processing /home/airflow/.local/lib/python3.12/site-packages/airflow/example_dags/example_bash_operator.py took 0.102 seconds
[2025-07-30T17:04:00.343+0000] {processor.py:186} INFO - Started process (PID=1947) to work on /home/airflow/.local/lib/python3.12/site-packages/airflow/example_dags/example_bash_operator.py
[2025-07-30T17:04:00.343+0000] {processor.py:914} INFO - Processing file /home/airflow/.local/lib/python3.12/site-packages/airflow/example_dags/example_bash_operator.py for tasks to queue
[2025-07-30T17:04:00.345+0000] {logging_mixin.py:190} INFO - [2025-07-30T17:04:00.345+0000] {dagbag.py:588} INFO - Filling up the DagBag from /home/airflow/.local/lib/python3.12/site-packages/airflow/example_dags/example_bash_operator.py
[2025-07-30T17:04:00.355+0000] {processor.py:925} INFO - DAG(s) 'example_bash_operator' retrieved from /home/airflow/.local/lib/python3.12/site-packages/airflow/example_dags/example_bash_operator.py
[2025-07-30T17:04:00.376+0000] {logging_mixin.py:190} INFO - [2025-07-30T17:04:00.376+0000] {dag.py:3239} INFO - Sync 1 DAGs
[2025-07-30T17:04:00.395+0000] {logging_mixin.py:190} INFO - [2025-07-30T17:04:00.394+0000] {dag.py:4180} INFO - Setting next_dagrun for example_bash_operator to 2025-07-29 00:00:00+00:00, run_after=2025-07-30 00:00:00+00:00
[2025-07-30T17:04:00.408+0000] {processor.py:208} INFO - Processing /home/airflow/.local/lib/python3.12/site-packages/airflow/example_dags/example_bash_operator.py took 0.069 seconds
[2025-07-30T17:04:30.835+0000] {processor.py:186} INFO - Started process (PID=2252) to work on /home/airflow/.local/lib/python3.12/site-packages/airflow/example_dags/example_bash_operator.py
[2025-07-30T17:04:30.835+0000] {processor.py:914} INFO - Processing file /home/airflow/.local/lib/python3.12/site-packages/airflow/example_dags/example_bash_operator.py for tasks to queue
[2025-07-30T17:04:30.837+0000] {logging_mixin.py:190} INFO - [2025-07-30T17:04:30.837+0000] {dagbag.py:588} INFO - Filling up the DagBag from /home/airflow/.local/lib/python3.12/site-packages/airflow/example_dags/example_bash_operator.py
[2025-07-30T17:04:30.849+0000] {processor.py:925} INFO - DAG(s) 'example_bash_operator' retrieved from /home/airflow/.local/lib/python3.12/site-packages/airflow/example_dags/example_bash_operator.py
[2025-07-30T17:04:30.869+0000] {logging_mixin.py:190} INFO - [2025-07-30T17:04:30.869+0000] {dag.py:3239} INFO - Sync 1 DAGs
[2025-07-30T17:04:30.887+0000] {logging_mixin.py:190} INFO - [2025-07-30T17:04:30.887+0000] {dag.py:4180} INFO - Setting next_dagrun for example_bash_operator to 2025-07-29 00:00:00+00:00, run_after=2025-07-30 00:00:00+00:00
[2025-07-30T17:04:30.900+0000] {processor.py:208} INFO - Processing /home/airflow/.local/lib/python3.12/site-packages/airflow/example_dags/example_bash_operator.py took 0.072 seconds
[2025-07-30T17:05:01.160+0000] {processor.py:186} INFO - Started process (PID=2559) to work on /home/airflow/.local/lib/python3.12/site-packages/airflow/example_dags/example_bash_operator.py
[2025-07-30T17:05:01.161+0000] {processor.py:914} INFO - Processing file /home/airflow/.local/lib/python3.12/site-packages/airflow/example_dags/example_bash_operator.py for tasks to queue
[2025-07-30T17:05:01.162+0000] {logging_mixin.py:190} INFO - [2025-07-30T17:05:01.162+0000] {dagbag.py:588} INFO - Filling up the DagBag from /home/airflow/.local/lib/python3.12/site-packages/airflow/example_dags/example_bash_operator.py
[2025-07-30T17:05:01.173+0000] {processor.py:925} INFO - DAG(s) 'example_bash_operator' retrieved from /home/airflow/.local/lib/python3.12/site-packages/airflow/example_dags/example_bash_operator.py
[2025-07-30T17:05:01.192+0000] {logging_mixin.py:190} INFO - [2025-07-30T17:05:01.192+0000] {dag.py:3239} INFO - Sync 1 DAGs
[2025-07-30T17:05:01.210+0000] {logging_mixin.py:190} INFO - [2025-07-30T17:05:01.210+0000] {dag.py:4180} INFO - Setting next_dagrun for example_bash_operator to 2025-07-29 00:00:00+00:00, run_after=2025-07-30 00:00:00+00:00
[2025-07-30T17:05:01.224+0000] {processor.py:208} INFO - Processing /home/airflow/.local/lib/python3.12/site-packages/airflow/example_dags/example_bash_operator.py took 0.069 seconds
[2025-07-30T17:05:31.471+0000] {processor.py:186} INFO - Started process (PID=2865) to work on /home/airflow/.local/lib/python3.12/site-packages/airflow/example_dags/example_bash_operator.py
[2025-07-30T17:05:31.472+0000] {processor.py:914} INFO - Processing file /home/airflow/.local/lib/python3.12/site-packages/airflow/example_dags/example_bash_operator.py for tasks to queue
[2025-07-30T17:05:31.474+0000] {logging_mixin.py:190} INFO - [2025-07-30T17:05:31.473+0000] {dagbag.py:588} INFO - Filling up the DagBag from /home/airflow/.local/lib/python3.12/site-packages/airflow/example_dags/example_bash_operator.py
[2025-07-30T17:05:31.484+0000] {processor.py:925} INFO - DAG(s) 'example_bash_operator' retrieved from /home/airflow/.local/lib/python3.12/site-packages/airflow/example_dags/example_bash_operator.py
[2025-07-30T17:05:31.511+0000] {logging_mixin.py:190} INFO - [2025-07-30T17:05:31.510+0000] {dag.py:3239} INFO - Sync 1 DAGs
[2025-07-30T17:05:31.541+0000] {logging_mixin.py:190} INFO - [2025-07-30T17:05:31.541+0000] {dag.py:4180} INFO - Setting next_dagrun for example_bash_operator to 2025-07-29 00:00:00+00:00, run_after=2025-07-30 00:00:00+00:00
[2025-07-30T17:05:31.559+0000] {processor.py:208} INFO - Processing /home/airflow/.local/lib/python3.12/site-packages/airflow/example_dags/example_bash_operator.py took 0.094 seconds
[2025-07-30T17:06:02.195+0000] {processor.py:186} INFO - Started process (PID=3169) to work on /home/airflow/.local/lib/python3.12/site-packages/airflow/example_dags/example_bash_operator.py
[2025-07-30T17:06:02.197+0000] {processor.py:914} INFO - Processing file /home/airflow/.local/lib/python3.12/site-packages/airflow/example_dags/example_bash_operator.py for tasks to queue
[2025-07-30T17:06:02.199+0000] {logging_mixin.py:190} INFO - [2025-07-30T17:06:02.198+0000] {dagbag.py:588} INFO - Filling up the DagBag from /home/airflow/.local/lib/python3.12/site-packages/airflow/example_dags/example_bash_operator.py
[2025-07-30T17:06:02.212+0000] {processor.py:925} INFO - DAG(s) 'example_bash_operator' retrieved from /home/airflow/.local/lib/python3.12/site-packages/airflow/example_dags/example_bash_operator.py
[2025-07-30T17:06:02.240+0000] {logging_mixin.py:190} INFO - [2025-07-30T17:06:02.240+0000] {dag.py:3239} INFO - Sync 1 DAGs
[2025-07-30T17:06:02.264+0000] {logging_mixin.py:190} INFO - [2025-07-30T17:06:02.263+0000] {dag.py:4180} INFO - Setting next_dagrun for example_bash_operator to 2025-07-29 00:00:00+00:00, run_after=2025-07-30 00:00:00+00:00
[2025-07-30T17:06:02.280+0000] {processor.py:208} INFO - Processing /home/airflow/.local/lib/python3.12/site-packages/airflow/example_dags/example_bash_operator.py took 0.090 seconds
[2025-07-30T17:06:32.529+0000] {processor.py:186} INFO - Started process (PID=3472) to work on /home/airflow/.local/lib/python3.12/site-packages/airflow/example_dags/example_bash_operator.py
[2025-07-30T17:06:32.530+0000] {processor.py:914} INFO - Processing file /home/airflow/.local/lib/python3.12/site-packages/airflow/example_dags/example_bash_operator.py for tasks to queue
[2025-07-30T17:06:32.532+0000] {logging_mixin.py:190} INFO - [2025-07-30T17:06:32.532+0000] {dagbag.py:588} INFO - Filling up the DagBag from /home/airflow/.local/lib/python3.12/site-packages/airflow/example_dags/example_bash_operator.py
[2025-07-30T17:06:32.546+0000] {processor.py:925} INFO - DAG(s) 'example_bash_operator' retrieved from /home/airflow/.local/lib/python3.12/site-packages/airflow/example_dags/example_bash_operator.py
[2025-07-30T17:06:32.603+0000] {logging_mixin.py:190} INFO - [2025-07-30T17:06:32.603+0000] {dag.py:3239} INFO - Sync 1 DAGs
[2025-07-30T17:06:32.631+0000] {logging_mixin.py:190} INFO - [2025-07-30T17:06:32.631+0000] {dag.py:4180} INFO - Setting next_dagrun for example_bash_operator to 2025-07-29 00:00:00+00:00, run_after=2025-07-30 00:00:00+00:00
[2025-07-30T17:06:32.649+0000] {processor.py:208} INFO - Processing /home/airflow/.local/lib/python3.12/site-packages/airflow/example_dags/example_bash_operator.py took 0.125 seconds
[2025-07-30T17:07:02.829+0000] {processor.py:186} INFO - Started process (PID=3778) to work on /home/airflow/.local/lib/python3.12/site-packages/airflow/example_dags/example_bash_operator.py
[2025-07-30T17:07:02.830+0000] {processor.py:914} INFO - Processing file /home/airflow/.local/lib/python3.12/site-packages/airflow/example_dags/example_bash_operator.py for tasks to queue
[2025-07-30T17:07:02.831+0000] {logging_mixin.py:190} INFO - [2025-07-30T17:07:02.831+0000] {dagbag.py:588} INFO - Filling up the DagBag from /home/airflow/.local/lib/python3.12/site-packages/airflow/example_dags/example_bash_operator.py
[2025-07-30T17:07:02.841+0000] {processor.py:925} INFO - DAG(s) 'example_bash_operator' retrieved from /home/airflow/.local/lib/python3.12/site-packages/airflow/example_dags/example_bash_operator.py
[2025-07-30T17:07:02.861+0000] {logging_mixin.py:190} INFO - [2025-07-30T17:07:02.861+0000] {dag.py:3239} INFO - Sync 1 DAGs
[2025-07-30T17:07:02.879+0000] {logging_mixin.py:190} INFO - [2025-07-30T17:07:02.879+0000] {dag.py:4180} INFO - Setting next_dagrun for example_bash_operator to 2025-07-29 00:00:00+00:00, run_after=2025-07-30 00:00:00+00:00
[2025-07-30T17:07:02.892+0000] {processor.py:208} INFO - Processing /home/airflow/.local/lib/python3.12/site-packages/airflow/example_dags/example_bash_operator.py took 0.069 seconds
[2025-07-30T17:07:33.349+0000] {processor.py:186} INFO - Started process (PID=4084) to work on /home/airflow/.local/lib/python3.12/site-packages/airflow/example_dags/example_bash_operator.py
[2025-07-30T17:07:33.350+0000] {processor.py:914} INFO - Processing file /home/airflow/.local/lib/python3.12/site-packages/airflow/example_dags/example_bash_operator.py for tasks to queue
[2025-07-30T17:07:33.351+0000] {logging_mixin.py:190} INFO - [2025-07-30T17:07:33.351+0000] {dagbag.py:588} INFO - Filling up the DagBag from /home/airflow/.local/lib/python3.12/site-packages/airflow/example_dags/example_bash_operator.py
[2025-07-30T17:07:33.361+0000] {processor.py:925} INFO - DAG(s) 'example_bash_operator' retrieved from /home/airflow/.local/lib/python3.12/site-packages/airflow/example_dags/example_bash_operator.py
[2025-07-30T17:07:33.382+0000] {logging_mixin.py:190} INFO - [2025-07-30T17:07:33.382+0000] {dag.py:3239} INFO - Sync 1 DAGs
[2025-07-30T17:07:33.410+0000] {logging_mixin.py:190} INFO - [2025-07-30T17:07:33.409+0000] {dag.py:4180} INFO - Setting next_dagrun for example_bash_operator to 2025-07-29 00:00:00+00:00, run_after=2025-07-30 00:00:00+00:00
[2025-07-30T17:07:33.427+0000] {processor.py:208} INFO - Processing /home/airflow/.local/lib/python3.12/site-packages/airflow/example_dags/example_bash_operator.py took 0.082 seconds
[2025-07-30T17:08:03.725+0000] {processor.py:186} INFO - Started process (PID=4390) to work on /home/airflow/.local/lib/python3.12/site-packages/airflow/example_dags/example_bash_operator.py
[2025-07-30T17:08:03.726+0000] {processor.py:914} INFO - Processing file /home/airflow/.local/lib/python3.12/site-packages/airflow/example_dags/example_bash_operator.py for tasks to queue
[2025-07-30T17:08:03.729+0000] {logging_mixin.py:190} INFO - [2025-07-30T17:08:03.728+0000] {dagbag.py:588} INFO - Filling up the DagBag from /home/airflow/.local/lib/python3.12/site-packages/airflow/example_dags/example_bash_operator.py
[2025-07-30T17:08:03.744+0000] {processor.py:925} INFO - DAG(s) 'example_bash_operator' retrieved from /home/airflow/.local/lib/python3.12/site-packages/airflow/example_dags/example_bash_operator.py
[2025-07-30T17:08:03.778+0000] {logging_mixin.py:190} INFO - [2025-07-30T17:08:03.777+0000] {dag.py:3239} INFO - Sync 1 DAGs
[2025-07-30T17:08:03.807+0000] {logging_mixin.py:190} INFO - [2025-07-30T17:08:03.807+0000] {dag.py:4180} INFO - Setting next_dagrun for example_bash_operator to 2025-07-29 00:00:00+00:00, run_after=2025-07-30 00:00:00+00:00
[2025-07-30T17:08:03.840+0000] {processor.py:208} INFO - Processing /home/airflow/.local/lib/python3.12/site-packages/airflow/example_dags/example_bash_operator.py took 0.123 seconds
[2025-07-30T17:08:34.449+0000] {processor.py:186} INFO - Started process (PID=4694) to work on /home/airflow/.local/lib/python3.12/site-packages/airflow/example_dags/example_bash_operator.py
[2025-07-30T17:08:34.450+0000] {processor.py:914} INFO - Processing file /home/airflow/.local/lib/python3.12/site-packages/airflow/example_dags/example_bash_operator.py for tasks to queue
[2025-07-30T17:08:34.452+0000] {logging_mixin.py:190} INFO - [2025-07-30T17:08:34.452+0000] {dagbag.py:588} INFO - Filling up the DagBag from /home/airflow/.local/lib/python3.12/site-packages/airflow/example_dags/example_bash_operator.py
[2025-07-30T17:08:34.467+0000] {processor.py:925} INFO - DAG(s) 'example_bash_operator' retrieved from /home/airflow/.local/lib/python3.12/site-packages/airflow/example_dags/example_bash_operator.py
[2025-07-30T17:08:34.498+0000] {logging_mixin.py:190} INFO - [2025-07-30T17:08:34.498+0000] {dag.py:3239} INFO - Sync 1 DAGs
[2025-07-30T17:08:34.526+0000] {logging_mixin.py:190} INFO - [2025-07-30T17:08:34.525+0000] {dag.py:4180} INFO - Setting next_dagrun for example_bash_operator to 2025-07-29 00:00:00+00:00, run_after=2025-07-30 00:00:00+00:00
[2025-07-30T17:08:34.541+0000] {processor.py:208} INFO - Processing /home/airflow/.local/lib/python3.12/site-packages/airflow/example_dags/example_bash_operator.py took 0.098 seconds
[2025-07-30T17:09:04.857+0000] {processor.py:186} INFO - Started process (PID=5002) to work on /home/airflow/.local/lib/python3.12/site-packages/airflow/example_dags/example_bash_operator.py
[2025-07-30T17:09:04.858+0000] {processor.py:914} INFO - Processing file /home/airflow/.local/lib/python3.12/site-packages/airflow/example_dags/example_bash_operator.py for tasks to queue
[2025-07-30T17:09:04.860+0000] {logging_mixin.py:190} INFO - [2025-07-30T17:09:04.859+0000] {dagbag.py:588} INFO - Filling up the DagBag from /home/airflow/.local/lib/python3.12/site-packages/airflow/example_dags/example_bash_operator.py
[2025-07-30T17:09:04.870+0000] {processor.py:925} INFO - DAG(s) 'example_bash_operator' retrieved from /home/airflow/.local/lib/python3.12/site-packages/airflow/example_dags/example_bash_operator.py
[2025-07-30T17:09:04.890+0000] {logging_mixin.py:190} INFO - [2025-07-30T17:09:04.890+0000] {dag.py:3239} INFO - Sync 1 DAGs
[2025-07-30T17:09:04.908+0000] {logging_mixin.py:190} INFO - [2025-07-30T17:09:04.908+0000] {dag.py:4180} INFO - Setting next_dagrun for example_bash_operator to 2025-07-29 00:00:00+00:00, run_after=2025-07-30 00:00:00+00:00
[2025-07-30T17:09:04.922+0000] {processor.py:208} INFO - Processing /home/airflow/.local/lib/python3.12/site-packages/airflow/example_dags/example_bash_operator.py took 0.069 seconds
[2025-07-30T17:09:35.299+0000] {processor.py:186} INFO - Started process (PID=5306) to work on /home/airflow/.local/lib/python3.12/site-packages/airflow/example_dags/example_bash_operator.py
[2025-07-30T17:09:35.300+0000] {processor.py:914} INFO - Processing file /home/airflow/.local/lib/python3.12/site-packages/airflow/example_dags/example_bash_operator.py for tasks to queue
[2025-07-30T17:09:35.302+0000] {logging_mixin.py:190} INFO - [2025-07-30T17:09:35.302+0000] {dagbag.py:588} INFO - Filling up the DagBag from /home/airflow/.local/lib/python3.12/site-packages/airflow/example_dags/example_bash_operator.py
[2025-07-30T17:09:35.315+0000] {processor.py:925} INFO - DAG(s) 'example_bash_operator' retrieved from /home/airflow/.local/lib/python3.12/site-packages/airflow/example_dags/example_bash_operator.py
[2025-07-30T17:09:35.336+0000] {logging_mixin.py:190} INFO - [2025-07-30T17:09:35.336+0000] {dag.py:3239} INFO - Sync 1 DAGs
[2025-07-30T17:09:35.354+0000] {logging_mixin.py:190} INFO - [2025-07-30T17:09:35.354+0000] {dag.py:4180} INFO - Setting next_dagrun for example_bash_operator to 2025-07-29 00:00:00+00:00, run_after=2025-07-30 00:00:00+00:00
[2025-07-30T17:09:35.368+0000] {processor.py:208} INFO - Processing /home/airflow/.local/lib/python3.12/site-packages/airflow/example_dags/example_bash_operator.py took 0.075 seconds
[2025-07-30T17:10:06.274+0000] {processor.py:186} INFO - Started process (PID=5612) to work on /home/airflow/.local/lib/python3.12/site-packages/airflow/example_dags/example_bash_operator.py
[2025-07-30T17:10:06.275+0000] {processor.py:914} INFO - Processing file /home/airflow/.local/lib/python3.12/site-packages/airflow/example_dags/example_bash_operator.py for tasks to queue
[2025-07-30T17:10:06.278+0000] {logging_mixin.py:190} INFO - [2025-07-30T17:10:06.278+0000] {dagbag.py:588} INFO - Filling up the DagBag from /home/airflow/.local/lib/python3.12/site-packages/airflow/example_dags/example_bash_operator.py
[2025-07-30T17:10:06.293+0000] {processor.py:925} INFO - DAG(s) 'example_bash_operator' retrieved from /home/airflow/.local/lib/python3.12/site-packages/airflow/example_dags/example_bash_operator.py
[2025-07-30T17:10:06.348+0000] {logging_mixin.py:190} INFO - [2025-07-30T17:10:06.347+0000] {dag.py:3239} INFO - Sync 1 DAGs
[2025-07-30T17:10:06.406+0000] {logging_mixin.py:190} INFO - [2025-07-30T17:10:06.406+0000] {dag.py:4180} INFO - Setting next_dagrun for example_bash_operator to 2025-07-29 00:00:00+00:00, run_after=2025-07-30 00:00:00+00:00
[2025-07-30T17:10:06.458+0000] {processor.py:208} INFO - Processing /home/airflow/.local/lib/python3.12/site-packages/airflow/example_dags/example_bash_operator.py took 0.190 seconds
[2025-07-30T17:10:36.843+0000] {processor.py:186} INFO - Started process (PID=5915) to work on /home/airflow/.local/lib/python3.12/site-packages/airflow/example_dags/example_bash_operator.py
[2025-07-30T17:10:36.845+0000] {processor.py:914} INFO - Processing file /home/airflow/.local/lib/python3.12/site-packages/airflow/example_dags/example_bash_operator.py for tasks to queue
[2025-07-30T17:10:36.849+0000] {logging_mixin.py:190} INFO - [2025-07-30T17:10:36.849+0000] {dagbag.py:588} INFO - Filling up the DagBag from /home/airflow/.local/lib/python3.12/site-packages/airflow/example_dags/example_bash_operator.py
[2025-07-30T17:10:36.863+0000] {processor.py:925} INFO - DAG(s) 'example_bash_operator' retrieved from /home/airflow/.local/lib/python3.12/site-packages/airflow/example_dags/example_bash_operator.py
[2025-07-30T17:10:36.902+0000] {logging_mixin.py:190} INFO - [2025-07-30T17:10:36.902+0000] {dag.py:3239} INFO - Sync 1 DAGs
[2025-07-30T17:10:36.935+0000] {logging_mixin.py:190} INFO - [2025-07-30T17:10:36.935+0000] {dag.py:4180} INFO - Setting next_dagrun for example_bash_operator to 2025-07-29 00:00:00+00:00, run_after=2025-07-30 00:00:00+00:00
[2025-07-30T17:10:36.972+0000] {processor.py:208} INFO - Processing /home/airflow/.local/lib/python3.12/site-packages/airflow/example_dags/example_bash_operator.py took 0.137 seconds
[2025-07-30T17:11:07.338+0000] {processor.py:186} INFO - Started process (PID=6221) to work on /home/airflow/.local/lib/python3.12/site-packages/airflow/example_dags/example_bash_operator.py
[2025-07-30T17:11:07.339+0000] {processor.py:914} INFO - Processing file /home/airflow/.local/lib/python3.12/site-packages/airflow/example_dags/example_bash_operator.py for tasks to queue
[2025-07-30T17:11:07.341+0000] {logging_mixin.py:190} INFO - [2025-07-30T17:11:07.341+0000] {dagbag.py:588} INFO - Filling up the DagBag from /home/airflow/.local/lib/python3.12/site-packages/airflow/example_dags/example_bash_operator.py
[2025-07-30T17:11:07.351+0000] {processor.py:925} INFO - DAG(s) 'example_bash_operator' retrieved from /home/airflow/.local/lib/python3.12/site-packages/airflow/example_dags/example_bash_operator.py
[2025-07-30T17:11:07.371+0000] {logging_mixin.py:190} INFO - [2025-07-30T17:11:07.370+0000] {dag.py:3239} INFO - Sync 1 DAGs
[2025-07-30T17:11:07.389+0000] {logging_mixin.py:190} INFO - [2025-07-30T17:11:07.389+0000] {dag.py:4180} INFO - Setting next_dagrun for example_bash_operator to 2025-07-29 00:00:00+00:00, run_after=2025-07-30 00:00:00+00:00
[2025-07-30T17:11:07.402+0000] {processor.py:208} INFO - Processing /home/airflow/.local/lib/python3.12/site-packages/airflow/example_dags/example_bash_operator.py took 0.070 seconds
[2025-07-30T17:11:38.385+0000] {processor.py:186} INFO - Started process (PID=6527) to work on /home/airflow/.local/lib/python3.12/site-packages/airflow/example_dags/example_bash_operator.py
[2025-07-30T17:11:38.386+0000] {processor.py:914} INFO - Processing file /home/airflow/.local/lib/python3.12/site-packages/airflow/example_dags/example_bash_operator.py for tasks to queue
[2025-07-30T17:11:38.389+0000] {logging_mixin.py:190} INFO - [2025-07-30T17:11:38.388+0000] {dagbag.py:588} INFO - Filling up the DagBag from /home/airflow/.local/lib/python3.12/site-packages/airflow/example_dags/example_bash_operator.py
[2025-07-30T17:11:38.413+0000] {processor.py:925} INFO - DAG(s) 'example_bash_operator' retrieved from /home/airflow/.local/lib/python3.12/site-packages/airflow/example_dags/example_bash_operator.py
[2025-07-30T17:11:38.453+0000] {logging_mixin.py:190} INFO - [2025-07-30T17:11:38.453+0000] {dag.py:3239} INFO - Sync 1 DAGs
[2025-07-30T17:11:38.481+0000] {logging_mixin.py:190} INFO - [2025-07-30T17:11:38.481+0000] {dag.py:4180} INFO - Setting next_dagrun for example_bash_operator to 2025-07-29 00:00:00+00:00, run_after=2025-07-30 00:00:00+00:00
[2025-07-30T17:11:38.496+0000] {processor.py:208} INFO - Processing /home/airflow/.local/lib/python3.12/site-packages/airflow/example_dags/example_bash_operator.py took 0.123 seconds
[2025-07-30T17:12:09.305+0000] {processor.py:186} INFO - Started process (PID=6831) to work on /home/airflow/.local/lib/python3.12/site-packages/airflow/example_dags/example_bash_operator.py
[2025-07-30T17:12:09.306+0000] {processor.py:914} INFO - Processing file /home/airflow/.local/lib/python3.12/site-packages/airflow/example_dags/example_bash_operator.py for tasks to queue
[2025-07-30T17:12:09.308+0000] {logging_mixin.py:190} INFO - [2025-07-30T17:12:09.307+0000] {dagbag.py:588} INFO - Filling up the DagBag from /home/airflow/.local/lib/python3.12/site-packages/airflow/example_dags/example_bash_operator.py
[2025-07-30T17:12:09.324+0000] {processor.py:925} INFO - DAG(s) 'example_bash_operator' retrieved from /home/airflow/.local/lib/python3.12/site-packages/airflow/example_dags/example_bash_operator.py
[2025-07-30T17:12:09.356+0000] {logging_mixin.py:190} INFO - [2025-07-30T17:12:09.356+0000] {dag.py:3239} INFO - Sync 1 DAGs
[2025-07-30T17:12:09.383+0000] {logging_mixin.py:190} INFO - [2025-07-30T17:12:09.383+0000] {dag.py:4180} INFO - Setting next_dagrun for example_bash_operator to 2025-07-29 00:00:00+00:00, run_after=2025-07-30 00:00:00+00:00
[2025-07-30T17:12:09.399+0000] {processor.py:208} INFO - Processing /home/airflow/.local/lib/python3.12/site-packages/airflow/example_dags/example_bash_operator.py took 0.100 seconds
[2025-07-30T17:12:39.558+0000] {processor.py:186} INFO - Started process (PID=7137) to work on /home/airflow/.local/lib/python3.12/site-packages/airflow/example_dags/example_bash_operator.py
[2025-07-30T17:12:39.559+0000] {processor.py:914} INFO - Processing file /home/airflow/.local/lib/python3.12/site-packages/airflow/example_dags/example_bash_operator.py for tasks to queue
[2025-07-30T17:12:39.561+0000] {logging_mixin.py:190} INFO - [2025-07-30T17:12:39.561+0000] {dagbag.py:588} INFO - Filling up the DagBag from /home/airflow/.local/lib/python3.12/site-packages/airflow/example_dags/example_bash_operator.py
[2025-07-30T17:12:39.576+0000] {processor.py:925} INFO - DAG(s) 'example_bash_operator' retrieved from /home/airflow/.local/lib/python3.12/site-packages/airflow/example_dags/example_bash_operator.py
[2025-07-30T17:12:39.638+0000] {logging_mixin.py:190} INFO - [2025-07-30T17:12:39.637+0000] {dag.py:3239} INFO - Sync 1 DAGs
[2025-07-30T17:12:39.698+0000] {logging_mixin.py:190} INFO - [2025-07-30T17:12:39.697+0000] {dag.py:4180} INFO - Setting next_dagrun for example_bash_operator to 2025-07-29 00:00:00+00:00, run_after=2025-07-30 00:00:00+00:00
[2025-07-30T17:12:39.735+0000] {processor.py:208} INFO - Processing /home/airflow/.local/lib/python3.12/site-packages/airflow/example_dags/example_bash_operator.py took 0.185 seconds
[2025-07-30T17:13:10.445+0000] {processor.py:186} INFO - Started process (PID=7448) to work on /home/airflow/.local/lib/python3.12/site-packages/airflow/example_dags/example_bash_operator.py
[2025-07-30T17:13:10.446+0000] {processor.py:914} INFO - Processing file /home/airflow/.local/lib/python3.12/site-packages/airflow/example_dags/example_bash_operator.py for tasks to queue
[2025-07-30T17:13:10.450+0000] {logging_mixin.py:190} INFO - [2025-07-30T17:13:10.450+0000] {dagbag.py:588} INFO - Filling up the DagBag from /home/airflow/.local/lib/python3.12/site-packages/airflow/example_dags/example_bash_operator.py
[2025-07-30T17:13:10.474+0000] {processor.py:925} INFO - DAG(s) 'example_bash_operator' retrieved from /home/airflow/.local/lib/python3.12/site-packages/airflow/example_dags/example_bash_operator.py
[2025-07-30T17:13:10.527+0000] {logging_mixin.py:190} INFO - [2025-07-30T17:13:10.526+0000] {dag.py:3239} INFO - Sync 1 DAGs
[2025-07-30T17:13:10.560+0000] {logging_mixin.py:190} INFO - [2025-07-30T17:13:10.560+0000] {dag.py:4180} INFO - Setting next_dagrun for example_bash_operator to 2025-07-29 00:00:00+00:00, run_after=2025-07-30 00:00:00+00:00
[2025-07-30T17:13:10.578+0000] {processor.py:208} INFO - Processing /home/airflow/.local/lib/python3.12/site-packages/airflow/example_dags/example_bash_operator.py took 0.140 seconds
