[2025-07-30T17:01:29.315+0000] {processor.py:186} INFO - Started process (PID=442) to work on /home/airflow/.local/lib/python3.12/site-packages/airflow/example_dags/example_nested_branch_dag.py
[2025-07-30T17:01:29.316+0000] {processor.py:914} INFO - Processing file /home/airflow/.local/lib/python3.12/site-packages/airflow/example_dags/example_nested_branch_dag.py for tasks to queue
[2025-07-30T17:01:29.319+0000] {logging_mixin.py:190} INFO - [2025-07-30T17:01:29.319+0000] {dagbag.py:588} INFO - Filling up the DagBag from /home/airflow/.local/lib/python3.12/site-packages/airflow/example_dags/example_nested_branch_dag.py
[2025-07-30T17:01:29.344+0000] {processor.py:925} INFO - DAG(s) 'example_nested_branch_dag' retrieved from /home/airflow/.local/lib/python3.12/site-packages/airflow/example_dags/example_nested_branch_dag.py
[2025-07-30T17:01:29.666+0000] {logging_mixin.py:190} INFO - [2025-07-30T17:01:29.665+0000] {override.py:1911} INFO - Created Permission View: can read on DAG:example_nested_branch_dag
[2025-07-30T17:01:29.682+0000] {logging_mixin.py:190} INFO - [2025-07-30T17:01:29.682+0000] {override.py:1911} INFO - Created Permission View: can delete on DAG:example_nested_branch_dag
[2025-07-30T17:01:29.699+0000] {logging_mixin.py:190} INFO - [2025-07-30T17:01:29.699+0000] {override.py:1911} INFO - Created Permission View: can edit on DAG:example_nested_branch_dag
[2025-07-30T17:01:29.710+0000] {logging_mixin.py:190} INFO - [2025-07-30T17:01:29.710+0000] {override.py:1911} INFO - Created Permission View: can read on DAG Run:example_nested_branch_dag
[2025-07-30T17:01:29.725+0000] {logging_mixin.py:190} INFO - [2025-07-30T17:01:29.724+0000] {override.py:1911} INFO - Created Permission View: menu access on DAG Run:example_nested_branch_dag
[2025-07-30T17:01:29.743+0000] {logging_mixin.py:190} INFO - [2025-07-30T17:01:29.742+0000] {override.py:1911} INFO - Created Permission View: can delete on DAG Run:example_nested_branch_dag
[2025-07-30T17:01:29.755+0000] {logging_mixin.py:190} INFO - [2025-07-30T17:01:29.754+0000] {override.py:1911} INFO - Created Permission View: can create on DAG Run:example_nested_branch_dag
[2025-07-30T17:01:29.755+0000] {logging_mixin.py:190} INFO - [2025-07-30T17:01:29.755+0000] {dag.py:3239} INFO - Sync 1 DAGs
[2025-07-30T17:01:29.773+0000] {logging_mixin.py:190} INFO - [2025-07-30T17:01:29.773+0000] {dag.py:3262} INFO - Creating ORM DAG for example_nested_branch_dag
[2025-07-30T17:01:29.788+0000] {logging_mixin.py:190} INFO - [2025-07-30T17:01:29.788+0000] {dag.py:4180} INFO - Setting next_dagrun for example_nested_branch_dag to 2025-07-29 00:00:00+00:00, run_after=2025-07-30 00:00:00+00:00
[2025-07-30T17:01:29.807+0000] {processor.py:208} INFO - Processing /home/airflow/.local/lib/python3.12/site-packages/airflow/example_dags/example_nested_branch_dag.py took 0.499 seconds
[2025-07-30T17:01:59.905+0000] {processor.py:186} INFO - Started process (PID=747) to work on /home/airflow/.local/lib/python3.12/site-packages/airflow/example_dags/example_nested_branch_dag.py
[2025-07-30T17:01:59.906+0000] {processor.py:914} INFO - Processing file /home/airflow/.local/lib/python3.12/site-packages/airflow/example_dags/example_nested_branch_dag.py for tasks to queue
[2025-07-30T17:01:59.909+0000] {logging_mixin.py:190} INFO - [2025-07-30T17:01:59.908+0000] {dagbag.py:588} INFO - Filling up the DagBag from /home/airflow/.local/lib/python3.12/site-packages/airflow/example_dags/example_nested_branch_dag.py
[2025-07-30T17:01:59.925+0000] {processor.py:925} INFO - DAG(s) 'example_nested_branch_dag' retrieved from /home/airflow/.local/lib/python3.12/site-packages/airflow/example_dags/example_nested_branch_dag.py
[2025-07-30T17:01:59.981+0000] {logging_mixin.py:190} INFO - [2025-07-30T17:01:59.981+0000] {dag.py:3239} INFO - Sync 1 DAGs
[2025-07-30T17:02:00.032+0000] {logging_mixin.py:190} INFO - [2025-07-30T17:02:00.032+0000] {dag.py:4180} INFO - Setting next_dagrun for example_nested_branch_dag to 2025-07-29 00:00:00+00:00, run_after=2025-07-30 00:00:00+00:00
[2025-07-30T17:02:00.057+0000] {processor.py:208} INFO - Processing /home/airflow/.local/lib/python3.12/site-packages/airflow/example_dags/example_nested_branch_dag.py took 0.157 seconds
[2025-07-30T17:02:30.634+0000] {processor.py:186} INFO - Started process (PID=1052) to work on /home/airflow/.local/lib/python3.12/site-packages/airflow/example_dags/example_nested_branch_dag.py
[2025-07-30T17:02:30.635+0000] {processor.py:914} INFO - Processing file /home/airflow/.local/lib/python3.12/site-packages/airflow/example_dags/example_nested_branch_dag.py for tasks to queue
[2025-07-30T17:02:30.637+0000] {logging_mixin.py:190} INFO - [2025-07-30T17:02:30.637+0000] {dagbag.py:588} INFO - Filling up the DagBag from /home/airflow/.local/lib/python3.12/site-packages/airflow/example_dags/example_nested_branch_dag.py
[2025-07-30T17:02:30.649+0000] {processor.py:925} INFO - DAG(s) 'example_nested_branch_dag' retrieved from /home/airflow/.local/lib/python3.12/site-packages/airflow/example_dags/example_nested_branch_dag.py
[2025-07-30T17:02:30.674+0000] {logging_mixin.py:190} INFO - [2025-07-30T17:02:30.674+0000] {dag.py:3239} INFO - Sync 1 DAGs
[2025-07-30T17:02:30.705+0000] {logging_mixin.py:190} INFO - [2025-07-30T17:02:30.705+0000] {dag.py:4180} INFO - Setting next_dagrun for example_nested_branch_dag to 2025-07-29 00:00:00+00:00, run_after=2025-07-30 00:00:00+00:00
[2025-07-30T17:02:30.726+0000] {processor.py:208} INFO - Processing /home/airflow/.local/lib/python3.12/site-packages/airflow/example_dags/example_nested_branch_dag.py took 0.098 seconds
[2025-07-30T17:03:01.940+0000] {processor.py:186} INFO - Started process (PID=1358) to work on /home/airflow/.local/lib/python3.12/site-packages/airflow/example_dags/example_nested_branch_dag.py
[2025-07-30T17:03:01.941+0000] {processor.py:914} INFO - Processing file /home/airflow/.local/lib/python3.12/site-packages/airflow/example_dags/example_nested_branch_dag.py for tasks to queue
[2025-07-30T17:03:01.943+0000] {logging_mixin.py:190} INFO - [2025-07-30T17:03:01.943+0000] {dagbag.py:588} INFO - Filling up the DagBag from /home/airflow/.local/lib/python3.12/site-packages/airflow/example_dags/example_nested_branch_dag.py
[2025-07-30T17:03:01.955+0000] {processor.py:925} INFO - DAG(s) 'example_nested_branch_dag' retrieved from /home/airflow/.local/lib/python3.12/site-packages/airflow/example_dags/example_nested_branch_dag.py
[2025-07-30T17:03:01.978+0000] {logging_mixin.py:190} INFO - [2025-07-30T17:03:01.978+0000] {dag.py:3239} INFO - Sync 1 DAGs
[2025-07-30T17:03:02.007+0000] {logging_mixin.py:190} INFO - [2025-07-30T17:03:02.006+0000] {dag.py:4180} INFO - Setting next_dagrun for example_nested_branch_dag to 2025-07-29 00:00:00+00:00, run_after=2025-07-30 00:00:00+00:00
[2025-07-30T17:03:02.024+0000] {processor.py:208} INFO - Processing /home/airflow/.local/lib/python3.12/site-packages/airflow/example_dags/example_nested_branch_dag.py took 0.097 seconds
[2025-07-30T17:03:33.156+0000] {processor.py:186} INFO - Started process (PID=1664) to work on /home/airflow/.local/lib/python3.12/site-packages/airflow/example_dags/example_nested_branch_dag.py
[2025-07-30T17:03:33.158+0000] {processor.py:914} INFO - Processing file /home/airflow/.local/lib/python3.12/site-packages/airflow/example_dags/example_nested_branch_dag.py for tasks to queue
[2025-07-30T17:03:33.161+0000] {logging_mixin.py:190} INFO - [2025-07-30T17:03:33.161+0000] {dagbag.py:588} INFO - Filling up the DagBag from /home/airflow/.local/lib/python3.12/site-packages/airflow/example_dags/example_nested_branch_dag.py
[2025-07-30T17:03:33.177+0000] {processor.py:925} INFO - DAG(s) 'example_nested_branch_dag' retrieved from /home/airflow/.local/lib/python3.12/site-packages/airflow/example_dags/example_nested_branch_dag.py
[2025-07-30T17:03:33.213+0000] {logging_mixin.py:190} INFO - [2025-07-30T17:03:33.212+0000] {dag.py:3239} INFO - Sync 1 DAGs
[2025-07-30T17:03:33.237+0000] {logging_mixin.py:190} INFO - [2025-07-30T17:03:33.237+0000] {dag.py:4180} INFO - Setting next_dagrun for example_nested_branch_dag to 2025-07-29 00:00:00+00:00, run_after=2025-07-30 00:00:00+00:00
[2025-07-30T17:03:33.254+0000] {processor.py:208} INFO - Processing /home/airflow/.local/lib/python3.12/site-packages/airflow/example_dags/example_nested_branch_dag.py took 0.105 seconds
[2025-07-30T17:04:04.029+0000] {processor.py:186} INFO - Started process (PID=1970) to work on /home/airflow/.local/lib/python3.12/site-packages/airflow/example_dags/example_nested_branch_dag.py
[2025-07-30T17:04:04.030+0000] {processor.py:914} INFO - Processing file /home/airflow/.local/lib/python3.12/site-packages/airflow/example_dags/example_nested_branch_dag.py for tasks to queue
[2025-07-30T17:04:04.032+0000] {logging_mixin.py:190} INFO - [2025-07-30T17:04:04.032+0000] {dagbag.py:588} INFO - Filling up the DagBag from /home/airflow/.local/lib/python3.12/site-packages/airflow/example_dags/example_nested_branch_dag.py
[2025-07-30T17:04:04.045+0000] {processor.py:925} INFO - DAG(s) 'example_nested_branch_dag' retrieved from /home/airflow/.local/lib/python3.12/site-packages/airflow/example_dags/example_nested_branch_dag.py
[2025-07-30T17:04:04.068+0000] {logging_mixin.py:190} INFO - [2025-07-30T17:04:04.068+0000] {dag.py:3239} INFO - Sync 1 DAGs
[2025-07-30T17:04:04.094+0000] {logging_mixin.py:190} INFO - [2025-07-30T17:04:04.093+0000] {dag.py:4180} INFO - Setting next_dagrun for example_nested_branch_dag to 2025-07-29 00:00:00+00:00, run_after=2025-07-30 00:00:00+00:00
[2025-07-30T17:04:04.111+0000] {processor.py:208} INFO - Processing /home/airflow/.local/lib/python3.12/site-packages/airflow/example_dags/example_nested_branch_dag.py took 0.088 seconds
[2025-07-30T17:04:34.712+0000] {processor.py:186} INFO - Started process (PID=2276) to work on /home/airflow/.local/lib/python3.12/site-packages/airflow/example_dags/example_nested_branch_dag.py
[2025-07-30T17:04:34.713+0000] {processor.py:914} INFO - Processing file /home/airflow/.local/lib/python3.12/site-packages/airflow/example_dags/example_nested_branch_dag.py for tasks to queue
[2025-07-30T17:04:34.715+0000] {logging_mixin.py:190} INFO - [2025-07-30T17:04:34.715+0000] {dagbag.py:588} INFO - Filling up the DagBag from /home/airflow/.local/lib/python3.12/site-packages/airflow/example_dags/example_nested_branch_dag.py
[2025-07-30T17:04:34.728+0000] {processor.py:925} INFO - DAG(s) 'example_nested_branch_dag' retrieved from /home/airflow/.local/lib/python3.12/site-packages/airflow/example_dags/example_nested_branch_dag.py
[2025-07-30T17:04:34.752+0000] {logging_mixin.py:190} INFO - [2025-07-30T17:04:34.752+0000] {dag.py:3239} INFO - Sync 1 DAGs
[2025-07-30T17:04:34.782+0000] {logging_mixin.py:190} INFO - [2025-07-30T17:04:34.782+0000] {dag.py:4180} INFO - Setting next_dagrun for example_nested_branch_dag to 2025-07-29 00:00:00+00:00, run_after=2025-07-30 00:00:00+00:00
[2025-07-30T17:04:34.800+0000] {processor.py:208} INFO - Processing /home/airflow/.local/lib/python3.12/site-packages/airflow/example_dags/example_nested_branch_dag.py took 0.094 seconds
[2025-07-30T17:05:04.992+0000] {processor.py:186} INFO - Started process (PID=2577) to work on /home/airflow/.local/lib/python3.12/site-packages/airflow/example_dags/example_nested_branch_dag.py
[2025-07-30T17:05:04.994+0000] {processor.py:914} INFO - Processing file /home/airflow/.local/lib/python3.12/site-packages/airflow/example_dags/example_nested_branch_dag.py for tasks to queue
[2025-07-30T17:05:04.996+0000] {logging_mixin.py:190} INFO - [2025-07-30T17:05:04.996+0000] {dagbag.py:588} INFO - Filling up the DagBag from /home/airflow/.local/lib/python3.12/site-packages/airflow/example_dags/example_nested_branch_dag.py
[2025-07-30T17:05:05.010+0000] {processor.py:925} INFO - DAG(s) 'example_nested_branch_dag' retrieved from /home/airflow/.local/lib/python3.12/site-packages/airflow/example_dags/example_nested_branch_dag.py
[2025-07-30T17:05:05.035+0000] {logging_mixin.py:190} INFO - [2025-07-30T17:05:05.035+0000] {dag.py:3239} INFO - Sync 1 DAGs
[2025-07-30T17:05:05.063+0000] {logging_mixin.py:190} INFO - [2025-07-30T17:05:05.063+0000] {dag.py:4180} INFO - Setting next_dagrun for example_nested_branch_dag to 2025-07-29 00:00:00+00:00, run_after=2025-07-30 00:00:00+00:00
[2025-07-30T17:05:05.082+0000] {processor.py:208} INFO - Processing /home/airflow/.local/lib/python3.12/site-packages/airflow/example_dags/example_nested_branch_dag.py took 0.096 seconds
[2025-07-30T17:05:35.154+0000] {processor.py:186} INFO - Started process (PID=2878) to work on /home/airflow/.local/lib/python3.12/site-packages/airflow/example_dags/example_nested_branch_dag.py
[2025-07-30T17:05:35.155+0000] {processor.py:914} INFO - Processing file /home/airflow/.local/lib/python3.12/site-packages/airflow/example_dags/example_nested_branch_dag.py for tasks to queue
[2025-07-30T17:05:35.157+0000] {logging_mixin.py:190} INFO - [2025-07-30T17:05:35.157+0000] {dagbag.py:588} INFO - Filling up the DagBag from /home/airflow/.local/lib/python3.12/site-packages/airflow/example_dags/example_nested_branch_dag.py
[2025-07-30T17:05:35.170+0000] {processor.py:925} INFO - DAG(s) 'example_nested_branch_dag' retrieved from /home/airflow/.local/lib/python3.12/site-packages/airflow/example_dags/example_nested_branch_dag.py
[2025-07-30T17:05:35.194+0000] {logging_mixin.py:190} INFO - [2025-07-30T17:05:35.194+0000] {dag.py:3239} INFO - Sync 1 DAGs
[2025-07-30T17:05:35.229+0000] {logging_mixin.py:190} INFO - [2025-07-30T17:05:35.229+0000] {dag.py:4180} INFO - Setting next_dagrun for example_nested_branch_dag to 2025-07-29 00:00:00+00:00, run_after=2025-07-30 00:00:00+00:00
[2025-07-30T17:05:35.267+0000] {processor.py:208} INFO - Processing /home/airflow/.local/lib/python3.12/site-packages/airflow/example_dags/example_nested_branch_dag.py took 0.122 seconds
[2025-07-30T17:06:06.017+0000] {processor.py:186} INFO - Started process (PID=3186) to work on /home/airflow/.local/lib/python3.12/site-packages/airflow/example_dags/example_nested_branch_dag.py
[2025-07-30T17:06:06.018+0000] {processor.py:914} INFO - Processing file /home/airflow/.local/lib/python3.12/site-packages/airflow/example_dags/example_nested_branch_dag.py for tasks to queue
[2025-07-30T17:06:06.020+0000] {logging_mixin.py:190} INFO - [2025-07-30T17:06:06.019+0000] {dagbag.py:588} INFO - Filling up the DagBag from /home/airflow/.local/lib/python3.12/site-packages/airflow/example_dags/example_nested_branch_dag.py
[2025-07-30T17:06:06.029+0000] {processor.py:925} INFO - DAG(s) 'example_nested_branch_dag' retrieved from /home/airflow/.local/lib/python3.12/site-packages/airflow/example_dags/example_nested_branch_dag.py
[2025-07-30T17:06:06.048+0000] {logging_mixin.py:190} INFO - [2025-07-30T17:06:06.048+0000] {dag.py:3239} INFO - Sync 1 DAGs
[2025-07-30T17:06:06.066+0000] {logging_mixin.py:190} INFO - [2025-07-30T17:06:06.066+0000] {dag.py:4180} INFO - Setting next_dagrun for example_nested_branch_dag to 2025-07-29 00:00:00+00:00, run_after=2025-07-30 00:00:00+00:00
[2025-07-30T17:06:06.079+0000] {processor.py:208} INFO - Processing /home/airflow/.local/lib/python3.12/site-packages/airflow/example_dags/example_nested_branch_dag.py took 0.067 seconds
[2025-07-30T17:06:36.728+0000] {processor.py:186} INFO - Started process (PID=3490) to work on /home/airflow/.local/lib/python3.12/site-packages/airflow/example_dags/example_nested_branch_dag.py
[2025-07-30T17:06:36.729+0000] {processor.py:914} INFO - Processing file /home/airflow/.local/lib/python3.12/site-packages/airflow/example_dags/example_nested_branch_dag.py for tasks to queue
[2025-07-30T17:06:36.731+0000] {logging_mixin.py:190} INFO - [2025-07-30T17:06:36.731+0000] {dagbag.py:588} INFO - Filling up the DagBag from /home/airflow/.local/lib/python3.12/site-packages/airflow/example_dags/example_nested_branch_dag.py
[2025-07-30T17:06:36.744+0000] {processor.py:925} INFO - DAG(s) 'example_nested_branch_dag' retrieved from /home/airflow/.local/lib/python3.12/site-packages/airflow/example_dags/example_nested_branch_dag.py
[2025-07-30T17:06:36.769+0000] {logging_mixin.py:190} INFO - [2025-07-30T17:06:36.769+0000] {dag.py:3239} INFO - Sync 1 DAGs
[2025-07-30T17:06:36.797+0000] {logging_mixin.py:190} INFO - [2025-07-30T17:06:36.797+0000] {dag.py:4180} INFO - Setting next_dagrun for example_nested_branch_dag to 2025-07-29 00:00:00+00:00, run_after=2025-07-30 00:00:00+00:00
[2025-07-30T17:06:36.814+0000] {processor.py:208} INFO - Processing /home/airflow/.local/lib/python3.12/site-packages/airflow/example_dags/example_nested_branch_dag.py took 0.092 seconds
[2025-07-30T17:07:06.950+0000] {processor.py:186} INFO - Started process (PID=3793) to work on /home/airflow/.local/lib/python3.12/site-packages/airflow/example_dags/example_nested_branch_dag.py
[2025-07-30T17:07:06.951+0000] {processor.py:914} INFO - Processing file /home/airflow/.local/lib/python3.12/site-packages/airflow/example_dags/example_nested_branch_dag.py for tasks to queue
[2025-07-30T17:07:06.952+0000] {logging_mixin.py:190} INFO - [2025-07-30T17:07:06.952+0000] {dagbag.py:588} INFO - Filling up the DagBag from /home/airflow/.local/lib/python3.12/site-packages/airflow/example_dags/example_nested_branch_dag.py
[2025-07-30T17:07:06.962+0000] {processor.py:925} INFO - DAG(s) 'example_nested_branch_dag' retrieved from /home/airflow/.local/lib/python3.12/site-packages/airflow/example_dags/example_nested_branch_dag.py
[2025-07-30T17:07:06.978+0000] {logging_mixin.py:190} INFO - [2025-07-30T17:07:06.978+0000] {dag.py:3239} INFO - Sync 1 DAGs
[2025-07-30T17:07:06.996+0000] {logging_mixin.py:190} INFO - [2025-07-30T17:07:06.996+0000] {dag.py:4180} INFO - Setting next_dagrun for example_nested_branch_dag to 2025-07-29 00:00:00+00:00, run_after=2025-07-30 00:00:00+00:00
[2025-07-30T17:07:07.010+0000] {processor.py:208} INFO - Processing /home/airflow/.local/lib/python3.12/site-packages/airflow/example_dags/example_nested_branch_dag.py took 0.064 seconds
[2025-07-30T17:07:37.493+0000] {processor.py:186} INFO - Started process (PID=4099) to work on /home/airflow/.local/lib/python3.12/site-packages/airflow/example_dags/example_nested_branch_dag.py
[2025-07-30T17:07:37.494+0000] {processor.py:914} INFO - Processing file /home/airflow/.local/lib/python3.12/site-packages/airflow/example_dags/example_nested_branch_dag.py for tasks to queue
[2025-07-30T17:07:37.496+0000] {logging_mixin.py:190} INFO - [2025-07-30T17:07:37.496+0000] {dagbag.py:588} INFO - Filling up the DagBag from /home/airflow/.local/lib/python3.12/site-packages/airflow/example_dags/example_nested_branch_dag.py
[2025-07-30T17:07:37.509+0000] {processor.py:925} INFO - DAG(s) 'example_nested_branch_dag' retrieved from /home/airflow/.local/lib/python3.12/site-packages/airflow/example_dags/example_nested_branch_dag.py
[2025-07-30T17:07:37.532+0000] {logging_mixin.py:190} INFO - [2025-07-30T17:07:37.532+0000] {dag.py:3239} INFO - Sync 1 DAGs
[2025-07-30T17:07:37.564+0000] {logging_mixin.py:190} INFO - [2025-07-30T17:07:37.564+0000] {dag.py:4180} INFO - Setting next_dagrun for example_nested_branch_dag to 2025-07-29 00:00:00+00:00, run_after=2025-07-30 00:00:00+00:00
[2025-07-30T17:07:37.585+0000] {processor.py:208} INFO - Processing /home/airflow/.local/lib/python3.12/site-packages/airflow/example_dags/example_nested_branch_dag.py took 0.097 seconds
[2025-07-30T17:08:07.893+0000] {processor.py:186} INFO - Started process (PID=4405) to work on /home/airflow/.local/lib/python3.12/site-packages/airflow/example_dags/example_nested_branch_dag.py
[2025-07-30T17:08:07.894+0000] {processor.py:914} INFO - Processing file /home/airflow/.local/lib/python3.12/site-packages/airflow/example_dags/example_nested_branch_dag.py for tasks to queue
[2025-07-30T17:08:07.896+0000] {logging_mixin.py:190} INFO - [2025-07-30T17:08:07.896+0000] {dagbag.py:588} INFO - Filling up the DagBag from /home/airflow/.local/lib/python3.12/site-packages/airflow/example_dags/example_nested_branch_dag.py
[2025-07-30T17:08:07.909+0000] {processor.py:925} INFO - DAG(s) 'example_nested_branch_dag' retrieved from /home/airflow/.local/lib/python3.12/site-packages/airflow/example_dags/example_nested_branch_dag.py
[2025-07-30T17:08:07.935+0000] {logging_mixin.py:190} INFO - [2025-07-30T17:08:07.935+0000] {dag.py:3239} INFO - Sync 1 DAGs
[2025-07-30T17:08:07.964+0000] {logging_mixin.py:190} INFO - [2025-07-30T17:08:07.964+0000] {dag.py:4180} INFO - Setting next_dagrun for example_nested_branch_dag to 2025-07-29 00:00:00+00:00, run_after=2025-07-30 00:00:00+00:00
[2025-07-30T17:08:07.982+0000] {processor.py:208} INFO - Processing /home/airflow/.local/lib/python3.12/site-packages/airflow/example_dags/example_nested_branch_dag.py took 0.094 seconds
[2025-07-30T17:08:38.196+0000] {processor.py:186} INFO - Started process (PID=4711) to work on /home/airflow/.local/lib/python3.12/site-packages/airflow/example_dags/example_nested_branch_dag.py
[2025-07-30T17:08:38.197+0000] {processor.py:914} INFO - Processing file /home/airflow/.local/lib/python3.12/site-packages/airflow/example_dags/example_nested_branch_dag.py for tasks to queue
[2025-07-30T17:08:38.199+0000] {logging_mixin.py:190} INFO - [2025-07-30T17:08:38.199+0000] {dagbag.py:588} INFO - Filling up the DagBag from /home/airflow/.local/lib/python3.12/site-packages/airflow/example_dags/example_nested_branch_dag.py
[2025-07-30T17:08:38.212+0000] {processor.py:925} INFO - DAG(s) 'example_nested_branch_dag' retrieved from /home/airflow/.local/lib/python3.12/site-packages/airflow/example_dags/example_nested_branch_dag.py
[2025-07-30T17:08:38.236+0000] {logging_mixin.py:190} INFO - [2025-07-30T17:08:38.236+0000] {dag.py:3239} INFO - Sync 1 DAGs
[2025-07-30T17:08:38.264+0000] {logging_mixin.py:190} INFO - [2025-07-30T17:08:38.264+0000] {dag.py:4180} INFO - Setting next_dagrun for example_nested_branch_dag to 2025-07-29 00:00:00+00:00, run_after=2025-07-30 00:00:00+00:00
[2025-07-30T17:08:38.281+0000] {processor.py:208} INFO - Processing /home/airflow/.local/lib/python3.12/site-packages/airflow/example_dags/example_nested_branch_dag.py took 0.091 seconds
[2025-07-30T17:09:08.904+0000] {processor.py:186} INFO - Started process (PID=5015) to work on /home/airflow/.local/lib/python3.12/site-packages/airflow/example_dags/example_nested_branch_dag.py
[2025-07-30T17:09:08.905+0000] {processor.py:914} INFO - Processing file /home/airflow/.local/lib/python3.12/site-packages/airflow/example_dags/example_nested_branch_dag.py for tasks to queue
[2025-07-30T17:09:08.907+0000] {logging_mixin.py:190} INFO - [2025-07-30T17:09:08.907+0000] {dagbag.py:588} INFO - Filling up the DagBag from /home/airflow/.local/lib/python3.12/site-packages/airflow/example_dags/example_nested_branch_dag.py
[2025-07-30T17:09:08.921+0000] {processor.py:925} INFO - DAG(s) 'example_nested_branch_dag' retrieved from /home/airflow/.local/lib/python3.12/site-packages/airflow/example_dags/example_nested_branch_dag.py
[2025-07-30T17:09:08.945+0000] {logging_mixin.py:190} INFO - [2025-07-30T17:09:08.945+0000] {dag.py:3239} INFO - Sync 1 DAGs
[2025-07-30T17:09:08.977+0000] {logging_mixin.py:190} INFO - [2025-07-30T17:09:08.977+0000] {dag.py:4180} INFO - Setting next_dagrun for example_nested_branch_dag to 2025-07-29 00:00:00+00:00, run_after=2025-07-30 00:00:00+00:00
[2025-07-30T17:09:08.995+0000] {processor.py:208} INFO - Processing /home/airflow/.local/lib/python3.12/site-packages/airflow/example_dags/example_nested_branch_dag.py took 0.097 seconds
[2025-07-30T17:09:39.420+0000] {processor.py:186} INFO - Started process (PID=5318) to work on /home/airflow/.local/lib/python3.12/site-packages/airflow/example_dags/example_nested_branch_dag.py
[2025-07-30T17:09:39.421+0000] {processor.py:914} INFO - Processing file /home/airflow/.local/lib/python3.12/site-packages/airflow/example_dags/example_nested_branch_dag.py for tasks to queue
[2025-07-30T17:09:39.424+0000] {logging_mixin.py:190} INFO - [2025-07-30T17:09:39.424+0000] {dagbag.py:588} INFO - Filling up the DagBag from /home/airflow/.local/lib/python3.12/site-packages/airflow/example_dags/example_nested_branch_dag.py
[2025-07-30T17:09:39.437+0000] {processor.py:925} INFO - DAG(s) 'example_nested_branch_dag' retrieved from /home/airflow/.local/lib/python3.12/site-packages/airflow/example_dags/example_nested_branch_dag.py
[2025-07-30T17:09:39.460+0000] {logging_mixin.py:190} INFO - [2025-07-30T17:09:39.460+0000] {dag.py:3239} INFO - Sync 1 DAGs
[2025-07-30T17:09:39.487+0000] {logging_mixin.py:190} INFO - [2025-07-30T17:09:39.487+0000] {dag.py:4180} INFO - Setting next_dagrun for example_nested_branch_dag to 2025-07-29 00:00:00+00:00, run_after=2025-07-30 00:00:00+00:00
[2025-07-30T17:09:39.507+0000] {processor.py:208} INFO - Processing /home/airflow/.local/lib/python3.12/site-packages/airflow/example_dags/example_nested_branch_dag.py took 0.093 seconds
[2025-07-30T17:10:09.561+0000] {processor.py:186} INFO - Started process (PID=5624) to work on /home/airflow/.local/lib/python3.12/site-packages/airflow/example_dags/example_nested_branch_dag.py
[2025-07-30T17:10:09.562+0000] {processor.py:914} INFO - Processing file /home/airflow/.local/lib/python3.12/site-packages/airflow/example_dags/example_nested_branch_dag.py for tasks to queue
[2025-07-30T17:10:09.564+0000] {logging_mixin.py:190} INFO - [2025-07-30T17:10:09.564+0000] {dagbag.py:588} INFO - Filling up the DagBag from /home/airflow/.local/lib/python3.12/site-packages/airflow/example_dags/example_nested_branch_dag.py
[2025-07-30T17:10:09.577+0000] {processor.py:925} INFO - DAG(s) 'example_nested_branch_dag' retrieved from /home/airflow/.local/lib/python3.12/site-packages/airflow/example_dags/example_nested_branch_dag.py
[2025-07-30T17:10:09.600+0000] {logging_mixin.py:190} INFO - [2025-07-30T17:10:09.600+0000] {dag.py:3239} INFO - Sync 1 DAGs
[2025-07-30T17:10:09.633+0000] {logging_mixin.py:190} INFO - [2025-07-30T17:10:09.633+0000] {dag.py:4180} INFO - Setting next_dagrun for example_nested_branch_dag to 2025-07-29 00:00:00+00:00, run_after=2025-07-30 00:00:00+00:00
[2025-07-30T17:10:09.651+0000] {processor.py:208} INFO - Processing /home/airflow/.local/lib/python3.12/site-packages/airflow/example_dags/example_nested_branch_dag.py took 0.095 seconds
[2025-07-30T17:10:39.735+0000] {processor.py:186} INFO - Started process (PID=5930) to work on /home/airflow/.local/lib/python3.12/site-packages/airflow/example_dags/example_nested_branch_dag.py
[2025-07-30T17:10:39.736+0000] {processor.py:914} INFO - Processing file /home/airflow/.local/lib/python3.12/site-packages/airflow/example_dags/example_nested_branch_dag.py for tasks to queue
[2025-07-30T17:10:39.738+0000] {logging_mixin.py:190} INFO - [2025-07-30T17:10:39.738+0000] {dagbag.py:588} INFO - Filling up the DagBag from /home/airflow/.local/lib/python3.12/site-packages/airflow/example_dags/example_nested_branch_dag.py
[2025-07-30T17:10:39.752+0000] {processor.py:925} INFO - DAG(s) 'example_nested_branch_dag' retrieved from /home/airflow/.local/lib/python3.12/site-packages/airflow/example_dags/example_nested_branch_dag.py
[2025-07-30T17:10:39.776+0000] {logging_mixin.py:190} INFO - [2025-07-30T17:10:39.776+0000] {dag.py:3239} INFO - Sync 1 DAGs
[2025-07-30T17:10:39.804+0000] {logging_mixin.py:190} INFO - [2025-07-30T17:10:39.804+0000] {dag.py:4180} INFO - Setting next_dagrun for example_nested_branch_dag to 2025-07-29 00:00:00+00:00, run_after=2025-07-30 00:00:00+00:00
[2025-07-30T17:10:39.825+0000] {processor.py:208} INFO - Processing /home/airflow/.local/lib/python3.12/site-packages/airflow/example_dags/example_nested_branch_dag.py took 0.095 seconds
[2025-07-30T17:11:10.077+0000] {processor.py:186} INFO - Started process (PID=6242) to work on /home/airflow/.local/lib/python3.12/site-packages/airflow/example_dags/example_nested_branch_dag.py
[2025-07-30T17:11:10.078+0000] {processor.py:914} INFO - Processing file /home/airflow/.local/lib/python3.12/site-packages/airflow/example_dags/example_nested_branch_dag.py for tasks to queue
[2025-07-30T17:11:10.080+0000] {logging_mixin.py:190} INFO - [2025-07-30T17:11:10.080+0000] {dagbag.py:588} INFO - Filling up the DagBag from /home/airflow/.local/lib/python3.12/site-packages/airflow/example_dags/example_nested_branch_dag.py
[2025-07-30T17:11:10.093+0000] {processor.py:925} INFO - DAG(s) 'example_nested_branch_dag' retrieved from /home/airflow/.local/lib/python3.12/site-packages/airflow/example_dags/example_nested_branch_dag.py
[2025-07-30T17:11:10.118+0000] {logging_mixin.py:190} INFO - [2025-07-30T17:11:10.118+0000] {dag.py:3239} INFO - Sync 1 DAGs
[2025-07-30T17:11:10.149+0000] {logging_mixin.py:190} INFO - [2025-07-30T17:11:10.148+0000] {dag.py:4180} INFO - Setting next_dagrun for example_nested_branch_dag to 2025-07-29 00:00:00+00:00, run_after=2025-07-30 00:00:00+00:00
[2025-07-30T17:11:10.167+0000] {processor.py:208} INFO - Processing /home/airflow/.local/lib/python3.12/site-packages/airflow/example_dags/example_nested_branch_dag.py took 0.095 seconds
[2025-07-30T17:11:40.550+0000] {processor.py:186} INFO - Started process (PID=6548) to work on /home/airflow/.local/lib/python3.12/site-packages/airflow/example_dags/example_nested_branch_dag.py
[2025-07-30T17:11:40.554+0000] {processor.py:914} INFO - Processing file /home/airflow/.local/lib/python3.12/site-packages/airflow/example_dags/example_nested_branch_dag.py for tasks to queue
[2025-07-30T17:11:40.560+0000] {logging_mixin.py:190} INFO - [2025-07-30T17:11:40.559+0000] {dagbag.py:588} INFO - Filling up the DagBag from /home/airflow/.local/lib/python3.12/site-packages/airflow/example_dags/example_nested_branch_dag.py
[2025-07-30T17:11:40.587+0000] {processor.py:925} INFO - DAG(s) 'example_nested_branch_dag' retrieved from /home/airflow/.local/lib/python3.12/site-packages/airflow/example_dags/example_nested_branch_dag.py
[2025-07-30T17:11:40.630+0000] {logging_mixin.py:190} INFO - [2025-07-30T17:11:40.630+0000] {dag.py:3239} INFO - Sync 1 DAGs
[2025-07-30T17:11:40.670+0000] {logging_mixin.py:190} INFO - [2025-07-30T17:11:40.670+0000] {dag.py:4180} INFO - Setting next_dagrun for example_nested_branch_dag to 2025-07-29 00:00:00+00:00, run_after=2025-07-30 00:00:00+00:00
[2025-07-30T17:11:40.688+0000] {processor.py:208} INFO - Processing /home/airflow/.local/lib/python3.12/site-packages/airflow/example_dags/example_nested_branch_dag.py took 0.150 seconds
[2025-07-30T17:12:11.135+0000] {processor.py:186} INFO - Started process (PID=6854) to work on /home/airflow/.local/lib/python3.12/site-packages/airflow/example_dags/example_nested_branch_dag.py
[2025-07-30T17:12:11.136+0000] {processor.py:914} INFO - Processing file /home/airflow/.local/lib/python3.12/site-packages/airflow/example_dags/example_nested_branch_dag.py for tasks to queue
[2025-07-30T17:12:11.138+0000] {logging_mixin.py:190} INFO - [2025-07-30T17:12:11.138+0000] {dagbag.py:588} INFO - Filling up the DagBag from /home/airflow/.local/lib/python3.12/site-packages/airflow/example_dags/example_nested_branch_dag.py
[2025-07-30T17:12:11.151+0000] {processor.py:925} INFO - DAG(s) 'example_nested_branch_dag' retrieved from /home/airflow/.local/lib/python3.12/site-packages/airflow/example_dags/example_nested_branch_dag.py
[2025-07-30T17:12:11.180+0000] {logging_mixin.py:190} INFO - [2025-07-30T17:12:11.179+0000] {dag.py:3239} INFO - Sync 1 DAGs
[2025-07-30T17:12:11.217+0000] {logging_mixin.py:190} INFO - [2025-07-30T17:12:11.217+0000] {dag.py:4180} INFO - Setting next_dagrun for example_nested_branch_dag to 2025-07-29 00:00:00+00:00, run_after=2025-07-30 00:00:00+00:00
[2025-07-30T17:12:11.240+0000] {processor.py:208} INFO - Processing /home/airflow/.local/lib/python3.12/site-packages/airflow/example_dags/example_nested_branch_dag.py took 0.110 seconds
[2025-07-30T17:12:41.805+0000] {processor.py:186} INFO - Started process (PID=7158) to work on /home/airflow/.local/lib/python3.12/site-packages/airflow/example_dags/example_nested_branch_dag.py
[2025-07-30T17:12:41.805+0000] {processor.py:914} INFO - Processing file /home/airflow/.local/lib/python3.12/site-packages/airflow/example_dags/example_nested_branch_dag.py for tasks to queue
[2025-07-30T17:12:41.808+0000] {logging_mixin.py:190} INFO - [2025-07-30T17:12:41.807+0000] {dagbag.py:588} INFO - Filling up the DagBag from /home/airflow/.local/lib/python3.12/site-packages/airflow/example_dags/example_nested_branch_dag.py
[2025-07-30T17:12:41.820+0000] {processor.py:925} INFO - DAG(s) 'example_nested_branch_dag' retrieved from /home/airflow/.local/lib/python3.12/site-packages/airflow/example_dags/example_nested_branch_dag.py
[2025-07-30T17:12:41.849+0000] {logging_mixin.py:190} INFO - [2025-07-30T17:12:41.849+0000] {dag.py:3239} INFO - Sync 1 DAGs
[2025-07-30T17:12:41.876+0000] {logging_mixin.py:190} INFO - [2025-07-30T17:12:41.876+0000] {dag.py:4180} INFO - Setting next_dagrun for example_nested_branch_dag to 2025-07-29 00:00:00+00:00, run_after=2025-07-30 00:00:00+00:00
[2025-07-30T17:12:41.895+0000] {processor.py:208} INFO - Processing /home/airflow/.local/lib/python3.12/site-packages/airflow/example_dags/example_nested_branch_dag.py took 0.097 seconds
[2025-07-30T17:13:12.529+0000] {processor.py:186} INFO - Started process (PID=7460) to work on /home/airflow/.local/lib/python3.12/site-packages/airflow/example_dags/example_nested_branch_dag.py
[2025-07-30T17:13:12.531+0000] {processor.py:914} INFO - Processing file /home/airflow/.local/lib/python3.12/site-packages/airflow/example_dags/example_nested_branch_dag.py for tasks to queue
[2025-07-30T17:13:12.533+0000] {logging_mixin.py:190} INFO - [2025-07-30T17:13:12.533+0000] {dagbag.py:588} INFO - Filling up the DagBag from /home/airflow/.local/lib/python3.12/site-packages/airflow/example_dags/example_nested_branch_dag.py
[2025-07-30T17:13:12.547+0000] {processor.py:925} INFO - DAG(s) 'example_nested_branch_dag' retrieved from /home/airflow/.local/lib/python3.12/site-packages/airflow/example_dags/example_nested_branch_dag.py
[2025-07-30T17:13:12.572+0000] {logging_mixin.py:190} INFO - [2025-07-30T17:13:12.571+0000] {dag.py:3239} INFO - Sync 1 DAGs
[2025-07-30T17:13:12.601+0000] {logging_mixin.py:190} INFO - [2025-07-30T17:13:12.600+0000] {dag.py:4180} INFO - Setting next_dagrun for example_nested_branch_dag to 2025-07-29 00:00:00+00:00, run_after=2025-07-30 00:00:00+00:00
[2025-07-30T17:13:12.618+0000] {processor.py:208} INFO - Processing /home/airflow/.local/lib/python3.12/site-packages/airflow/example_dags/example_nested_branch_dag.py took 0.095 seconds
