[2025-07-30T17:01:09.766+0000] {processor.py:186} INFO - Started process (PID=222) to work on /home/airflow/.local/lib/python3.12/site-packages/airflow/example_dags/example_branch_operator.py
[2025-07-30T17:01:09.767+0000] {processor.py:914} INFO - Processing file /home/airflow/.local/lib/python3.12/site-packages/airflow/example_dags/example_branch_operator.py for tasks to queue
[2025-07-30T17:01:09.770+0000] {logging_mixin.py:190} INFO - [2025-07-30T17:01:09.769+0000] {dagbag.py:588} INFO - Filling up the DagBag from /home/airflow/.local/lib/python3.12/site-packages/airflow/example_dags/example_branch_operator.py
[2025-07-30T17:01:09.810+0000] {processor.py:925} INFO - DAG(s) 'example_branch_operator' retrieved from /home/airflow/.local/lib/python3.12/site-packages/airflow/example_dags/example_branch_operator.py
[2025-07-30T17:01:10.184+0000] {logging_mixin.py:190} INFO - [2025-07-30T17:01:10.183+0000] {override.py:1911} INFO - Created Permission View: can read on DAG:example_branch_operator
[2025-07-30T17:01:10.202+0000] {logging_mixin.py:190} INFO - [2025-07-30T17:01:10.202+0000] {override.py:1911} INFO - Created Permission View: can delete on DAG:example_branch_operator
[2025-07-30T17:01:10.212+0000] {logging_mixin.py:190} INFO - [2025-07-30T17:01:10.212+0000] {override.py:1911} INFO - Created Permission View: can edit on DAG:example_branch_operator
[2025-07-30T17:01:10.220+0000] {logging_mixin.py:190} INFO - [2025-07-30T17:01:10.219+0000] {override.py:1911} INFO - Created Permission View: can read on DAG Run:example_branch_operator
[2025-07-30T17:01:10.225+0000] {logging_mixin.py:190} INFO - [2025-07-30T17:01:10.225+0000] {override.py:1911} INFO - Created Permission View: menu access on DAG Run:example_branch_operator
[2025-07-30T17:01:10.230+0000] {logging_mixin.py:190} INFO - [2025-07-30T17:01:10.230+0000] {override.py:1911} INFO - Created Permission View: can delete on DAG Run:example_branch_operator
[2025-07-30T17:01:10.236+0000] {logging_mixin.py:190} INFO - [2025-07-30T17:01:10.236+0000] {override.py:1911} INFO - Created Permission View: can create on DAG Run:example_branch_operator
[2025-07-30T17:01:10.237+0000] {logging_mixin.py:190} INFO - [2025-07-30T17:01:10.236+0000] {dag.py:3239} INFO - Sync 1 DAGs
[2025-07-30T17:01:10.252+0000] {logging_mixin.py:190} INFO - [2025-07-30T17:01:10.251+0000] {dag.py:3262} INFO - Creating ORM DAG for example_branch_operator
[2025-07-30T17:01:10.267+0000] {logging_mixin.py:190} INFO - [2025-07-30T17:01:10.267+0000] {dag.py:4180} INFO - Setting next_dagrun for example_branch_operator to 2025-07-29 00:00:00+00:00, run_after=2025-07-30 00:00:00+00:00
[2025-07-30T17:01:10.284+0000] {processor.py:208} INFO - Processing /home/airflow/.local/lib/python3.12/site-packages/airflow/example_dags/example_branch_operator.py took 0.536 seconds
[2025-07-30T17:01:40.904+0000] {processor.py:186} INFO - Started process (PID=527) to work on /home/airflow/.local/lib/python3.12/site-packages/airflow/example_dags/example_branch_operator.py
[2025-07-30T17:01:40.905+0000] {processor.py:914} INFO - Processing file /home/airflow/.local/lib/python3.12/site-packages/airflow/example_dags/example_branch_operator.py for tasks to queue
[2025-07-30T17:01:40.907+0000] {logging_mixin.py:190} INFO - [2025-07-30T17:01:40.907+0000] {dagbag.py:588} INFO - Filling up the DagBag from /home/airflow/.local/lib/python3.12/site-packages/airflow/example_dags/example_branch_operator.py
[2025-07-30T17:01:40.929+0000] {processor.py:925} INFO - DAG(s) 'example_branch_operator' retrieved from /home/airflow/.local/lib/python3.12/site-packages/airflow/example_dags/example_branch_operator.py
[2025-07-30T17:01:40.965+0000] {logging_mixin.py:190} INFO - [2025-07-30T17:01:40.965+0000] {dag.py:3239} INFO - Sync 1 DAGs
[2025-07-30T17:01:40.990+0000] {logging_mixin.py:190} INFO - [2025-07-30T17:01:40.990+0000] {dag.py:4180} INFO - Setting next_dagrun for example_branch_operator to 2025-07-29 00:00:00+00:00, run_after=2025-07-30 00:00:00+00:00
[2025-07-30T17:01:41.007+0000] {processor.py:208} INFO - Processing /home/airflow/.local/lib/python3.12/site-packages/airflow/example_dags/example_branch_operator.py took 0.110 seconds
[2025-07-30T17:02:11.730+0000] {processor.py:186} INFO - Started process (PID=832) to work on /home/airflow/.local/lib/python3.12/site-packages/airflow/example_dags/example_branch_operator.py
[2025-07-30T17:02:11.730+0000] {processor.py:914} INFO - Processing file /home/airflow/.local/lib/python3.12/site-packages/airflow/example_dags/example_branch_operator.py for tasks to queue
[2025-07-30T17:02:11.732+0000] {logging_mixin.py:190} INFO - [2025-07-30T17:02:11.732+0000] {dagbag.py:588} INFO - Filling up the DagBag from /home/airflow/.local/lib/python3.12/site-packages/airflow/example_dags/example_branch_operator.py
[2025-07-30T17:02:11.756+0000] {processor.py:925} INFO - DAG(s) 'example_branch_operator' retrieved from /home/airflow/.local/lib/python3.12/site-packages/airflow/example_dags/example_branch_operator.py
[2025-07-30T17:02:11.788+0000] {logging_mixin.py:190} INFO - [2025-07-30T17:02:11.788+0000] {dag.py:3239} INFO - Sync 1 DAGs
[2025-07-30T17:02:11.815+0000] {logging_mixin.py:190} INFO - [2025-07-30T17:02:11.815+0000] {dag.py:4180} INFO - Setting next_dagrun for example_branch_operator to 2025-07-29 00:00:00+00:00, run_after=2025-07-30 00:00:00+00:00
[2025-07-30T17:02:11.841+0000] {processor.py:208} INFO - Processing /home/airflow/.local/lib/python3.12/site-packages/airflow/example_dags/example_branch_operator.py took 0.118 seconds
[2025-07-30T17:02:42.488+0000] {processor.py:186} INFO - Started process (PID=1138) to work on /home/airflow/.local/lib/python3.12/site-packages/airflow/example_dags/example_branch_operator.py
[2025-07-30T17:02:42.489+0000] {processor.py:914} INFO - Processing file /home/airflow/.local/lib/python3.12/site-packages/airflow/example_dags/example_branch_operator.py for tasks to queue
[2025-07-30T17:02:42.491+0000] {logging_mixin.py:190} INFO - [2025-07-30T17:02:42.491+0000] {dagbag.py:588} INFO - Filling up the DagBag from /home/airflow/.local/lib/python3.12/site-packages/airflow/example_dags/example_branch_operator.py
[2025-07-30T17:02:42.515+0000] {processor.py:925} INFO - DAG(s) 'example_branch_operator' retrieved from /home/airflow/.local/lib/python3.12/site-packages/airflow/example_dags/example_branch_operator.py
[2025-07-30T17:02:42.550+0000] {logging_mixin.py:190} INFO - [2025-07-30T17:02:42.549+0000] {dag.py:3239} INFO - Sync 1 DAGs
[2025-07-30T17:02:42.577+0000] {logging_mixin.py:190} INFO - [2025-07-30T17:02:42.577+0000] {dag.py:4180} INFO - Setting next_dagrun for example_branch_operator to 2025-07-29 00:00:00+00:00, run_after=2025-07-30 00:00:00+00:00
[2025-07-30T17:02:42.594+0000] {processor.py:208} INFO - Processing /home/airflow/.local/lib/python3.12/site-packages/airflow/example_dags/example_branch_operator.py took 0.112 seconds
[2025-07-30T17:03:12.970+0000] {processor.py:186} INFO - Started process (PID=1444) to work on /home/airflow/.local/lib/python3.12/site-packages/airflow/example_dags/example_branch_operator.py
[2025-07-30T17:03:12.973+0000] {processor.py:914} INFO - Processing file /home/airflow/.local/lib/python3.12/site-packages/airflow/example_dags/example_branch_operator.py for tasks to queue
[2025-07-30T17:03:12.978+0000] {logging_mixin.py:190} INFO - [2025-07-30T17:03:12.978+0000] {dagbag.py:588} INFO - Filling up the DagBag from /home/airflow/.local/lib/python3.12/site-packages/airflow/example_dags/example_branch_operator.py
[2025-07-30T17:03:13.007+0000] {processor.py:925} INFO - DAG(s) 'example_branch_operator' retrieved from /home/airflow/.local/lib/python3.12/site-packages/airflow/example_dags/example_branch_operator.py
[2025-07-30T17:03:13.041+0000] {logging_mixin.py:190} INFO - [2025-07-30T17:03:13.041+0000] {dag.py:3239} INFO - Sync 1 DAGs
[2025-07-30T17:03:13.067+0000] {logging_mixin.py:190} INFO - [2025-07-30T17:03:13.067+0000] {dag.py:4180} INFO - Setting next_dagrun for example_branch_operator to 2025-07-29 00:00:00+00:00, run_after=2025-07-30 00:00:00+00:00
[2025-07-30T17:03:13.084+0000] {processor.py:208} INFO - Processing /home/airflow/.local/lib/python3.12/site-packages/airflow/example_dags/example_branch_operator.py took 0.123 seconds
[2025-07-30T17:03:43.165+0000] {processor.py:186} INFO - Started process (PID=1750) to work on /home/airflow/.local/lib/python3.12/site-packages/airflow/example_dags/example_branch_operator.py
[2025-07-30T17:03:43.166+0000] {processor.py:914} INFO - Processing file /home/airflow/.local/lib/python3.12/site-packages/airflow/example_dags/example_branch_operator.py for tasks to queue
[2025-07-30T17:03:43.169+0000] {logging_mixin.py:190} INFO - [2025-07-30T17:03:43.168+0000] {dagbag.py:588} INFO - Filling up the DagBag from /home/airflow/.local/lib/python3.12/site-packages/airflow/example_dags/example_branch_operator.py
[2025-07-30T17:03:43.188+0000] {processor.py:925} INFO - DAG(s) 'example_branch_operator' retrieved from /home/airflow/.local/lib/python3.12/site-packages/airflow/example_dags/example_branch_operator.py
[2025-07-30T17:03:43.220+0000] {logging_mixin.py:190} INFO - [2025-07-30T17:03:43.220+0000] {dag.py:3239} INFO - Sync 1 DAGs
[2025-07-30T17:03:43.247+0000] {logging_mixin.py:190} INFO - [2025-07-30T17:03:43.247+0000] {dag.py:4180} INFO - Setting next_dagrun for example_branch_operator to 2025-07-29 00:00:00+00:00, run_after=2025-07-30 00:00:00+00:00
[2025-07-30T17:03:43.271+0000] {processor.py:208} INFO - Processing /home/airflow/.local/lib/python3.12/site-packages/airflow/example_dags/example_branch_operator.py took 0.113 seconds
[2025-07-30T17:04:13.342+0000] {processor.py:186} INFO - Started process (PID=2056) to work on /home/airflow/.local/lib/python3.12/site-packages/airflow/example_dags/example_branch_operator.py
[2025-07-30T17:04:13.343+0000] {processor.py:914} INFO - Processing file /home/airflow/.local/lib/python3.12/site-packages/airflow/example_dags/example_branch_operator.py for tasks to queue
[2025-07-30T17:04:13.345+0000] {logging_mixin.py:190} INFO - [2025-07-30T17:04:13.345+0000] {dagbag.py:588} INFO - Filling up the DagBag from /home/airflow/.local/lib/python3.12/site-packages/airflow/example_dags/example_branch_operator.py
[2025-07-30T17:04:13.367+0000] {processor.py:925} INFO - DAG(s) 'example_branch_operator' retrieved from /home/airflow/.local/lib/python3.12/site-packages/airflow/example_dags/example_branch_operator.py
[2025-07-30T17:04:13.409+0000] {logging_mixin.py:190} INFO - [2025-07-30T17:04:13.409+0000] {dag.py:3239} INFO - Sync 1 DAGs
[2025-07-30T17:04:13.434+0000] {logging_mixin.py:190} INFO - [2025-07-30T17:04:13.434+0000] {dag.py:4180} INFO - Setting next_dagrun for example_branch_operator to 2025-07-29 00:00:00+00:00, run_after=2025-07-30 00:00:00+00:00
[2025-07-30T17:04:13.451+0000] {processor.py:208} INFO - Processing /home/airflow/.local/lib/python3.12/site-packages/airflow/example_dags/example_branch_operator.py took 0.115 seconds
[2025-07-30T17:04:43.995+0000] {processor.py:186} INFO - Started process (PID=2362) to work on /home/airflow/.local/lib/python3.12/site-packages/airflow/example_dags/example_branch_operator.py
[2025-07-30T17:04:43.996+0000] {processor.py:914} INFO - Processing file /home/airflow/.local/lib/python3.12/site-packages/airflow/example_dags/example_branch_operator.py for tasks to queue
[2025-07-30T17:04:43.999+0000] {logging_mixin.py:190} INFO - [2025-07-30T17:04:43.998+0000] {dagbag.py:588} INFO - Filling up the DagBag from /home/airflow/.local/lib/python3.12/site-packages/airflow/example_dags/example_branch_operator.py
[2025-07-30T17:04:44.020+0000] {processor.py:925} INFO - DAG(s) 'example_branch_operator' retrieved from /home/airflow/.local/lib/python3.12/site-packages/airflow/example_dags/example_branch_operator.py
[2025-07-30T17:04:44.051+0000] {logging_mixin.py:190} INFO - [2025-07-30T17:04:44.051+0000] {dag.py:3239} INFO - Sync 1 DAGs
[2025-07-30T17:04:44.078+0000] {logging_mixin.py:190} INFO - [2025-07-30T17:04:44.077+0000] {dag.py:4180} INFO - Setting next_dagrun for example_branch_operator to 2025-07-29 00:00:00+00:00, run_after=2025-07-30 00:00:00+00:00
[2025-07-30T17:04:44.095+0000] {processor.py:208} INFO - Processing /home/airflow/.local/lib/python3.12/site-packages/airflow/example_dags/example_branch_operator.py took 0.107 seconds
[2025-07-30T17:05:14.832+0000] {processor.py:186} INFO - Started process (PID=2668) to work on /home/airflow/.local/lib/python3.12/site-packages/airflow/example_dags/example_branch_operator.py
[2025-07-30T17:05:14.833+0000] {processor.py:914} INFO - Processing file /home/airflow/.local/lib/python3.12/site-packages/airflow/example_dags/example_branch_operator.py for tasks to queue
[2025-07-30T17:05:14.836+0000] {logging_mixin.py:190} INFO - [2025-07-30T17:05:14.835+0000] {dagbag.py:588} INFO - Filling up the DagBag from /home/airflow/.local/lib/python3.12/site-packages/airflow/example_dags/example_branch_operator.py
[2025-07-30T17:05:14.859+0000] {processor.py:925} INFO - DAG(s) 'example_branch_operator' retrieved from /home/airflow/.local/lib/python3.12/site-packages/airflow/example_dags/example_branch_operator.py
[2025-07-30T17:05:14.892+0000] {logging_mixin.py:190} INFO - [2025-07-30T17:05:14.891+0000] {dag.py:3239} INFO - Sync 1 DAGs
[2025-07-30T17:05:14.919+0000] {logging_mixin.py:190} INFO - [2025-07-30T17:05:14.919+0000] {dag.py:4180} INFO - Setting next_dagrun for example_branch_operator to 2025-07-29 00:00:00+00:00, run_after=2025-07-30 00:00:00+00:00
[2025-07-30T17:05:14.937+0000] {processor.py:208} INFO - Processing /home/airflow/.local/lib/python3.12/site-packages/airflow/example_dags/example_branch_operator.py took 0.111 seconds
[2025-07-30T17:05:45.208+0000] {processor.py:186} INFO - Started process (PID=2974) to work on /home/airflow/.local/lib/python3.12/site-packages/airflow/example_dags/example_branch_operator.py
[2025-07-30T17:05:45.211+0000] {processor.py:914} INFO - Processing file /home/airflow/.local/lib/python3.12/site-packages/airflow/example_dags/example_branch_operator.py for tasks to queue
[2025-07-30T17:05:45.213+0000] {logging_mixin.py:190} INFO - [2025-07-30T17:05:45.213+0000] {dagbag.py:588} INFO - Filling up the DagBag from /home/airflow/.local/lib/python3.12/site-packages/airflow/example_dags/example_branch_operator.py
[2025-07-30T17:05:45.235+0000] {processor.py:925} INFO - DAG(s) 'example_branch_operator' retrieved from /home/airflow/.local/lib/python3.12/site-packages/airflow/example_dags/example_branch_operator.py
[2025-07-30T17:05:45.270+0000] {logging_mixin.py:190} INFO - [2025-07-30T17:05:45.269+0000] {dag.py:3239} INFO - Sync 1 DAGs
[2025-07-30T17:05:45.298+0000] {logging_mixin.py:190} INFO - [2025-07-30T17:05:45.297+0000] {dag.py:4180} INFO - Setting next_dagrun for example_branch_operator to 2025-07-29 00:00:00+00:00, run_after=2025-07-30 00:00:00+00:00
[2025-07-30T17:05:45.317+0000] {processor.py:208} INFO - Processing /home/airflow/.local/lib/python3.12/site-packages/airflow/example_dags/example_branch_operator.py took 0.119 seconds
[2025-07-30T17:06:16.246+0000] {processor.py:186} INFO - Started process (PID=3280) to work on /home/airflow/.local/lib/python3.12/site-packages/airflow/example_dags/example_branch_operator.py
[2025-07-30T17:06:16.247+0000] {processor.py:914} INFO - Processing file /home/airflow/.local/lib/python3.12/site-packages/airflow/example_dags/example_branch_operator.py for tasks to queue
[2025-07-30T17:06:16.250+0000] {logging_mixin.py:190} INFO - [2025-07-30T17:06:16.250+0000] {dagbag.py:588} INFO - Filling up the DagBag from /home/airflow/.local/lib/python3.12/site-packages/airflow/example_dags/example_branch_operator.py
[2025-07-30T17:06:16.271+0000] {processor.py:925} INFO - DAG(s) 'example_branch_operator' retrieved from /home/airflow/.local/lib/python3.12/site-packages/airflow/example_dags/example_branch_operator.py
[2025-07-30T17:06:16.303+0000] {logging_mixin.py:190} INFO - [2025-07-30T17:06:16.303+0000] {dag.py:3239} INFO - Sync 1 DAGs
[2025-07-30T17:06:16.330+0000] {logging_mixin.py:190} INFO - [2025-07-30T17:06:16.330+0000] {dag.py:4180} INFO - Setting next_dagrun for example_branch_operator to 2025-07-29 00:00:00+00:00, run_after=2025-07-30 00:00:00+00:00
[2025-07-30T17:06:16.348+0000] {processor.py:208} INFO - Processing /home/airflow/.local/lib/python3.12/site-packages/airflow/example_dags/example_branch_operator.py took 0.108 seconds
[2025-07-30T17:06:47.270+0000] {processor.py:186} INFO - Started process (PID=3586) to work on /home/airflow/.local/lib/python3.12/site-packages/airflow/example_dags/example_branch_operator.py
[2025-07-30T17:06:47.271+0000] {processor.py:914} INFO - Processing file /home/airflow/.local/lib/python3.12/site-packages/airflow/example_dags/example_branch_operator.py for tasks to queue
[2025-07-30T17:06:47.273+0000] {logging_mixin.py:190} INFO - [2025-07-30T17:06:47.273+0000] {dagbag.py:588} INFO - Filling up the DagBag from /home/airflow/.local/lib/python3.12/site-packages/airflow/example_dags/example_branch_operator.py
[2025-07-30T17:06:47.296+0000] {processor.py:925} INFO - DAG(s) 'example_branch_operator' retrieved from /home/airflow/.local/lib/python3.12/site-packages/airflow/example_dags/example_branch_operator.py
[2025-07-30T17:06:47.334+0000] {logging_mixin.py:190} INFO - [2025-07-30T17:06:47.333+0000] {dag.py:3239} INFO - Sync 1 DAGs
[2025-07-30T17:06:47.359+0000] {logging_mixin.py:190} INFO - [2025-07-30T17:06:47.359+0000] {dag.py:4180} INFO - Setting next_dagrun for example_branch_operator to 2025-07-29 00:00:00+00:00, run_after=2025-07-30 00:00:00+00:00
[2025-07-30T17:06:47.378+0000] {processor.py:208} INFO - Processing /home/airflow/.local/lib/python3.12/site-packages/airflow/example_dags/example_branch_operator.py took 0.115 seconds
[2025-07-30T17:07:17.529+0000] {processor.py:186} INFO - Started process (PID=3892) to work on /home/airflow/.local/lib/python3.12/site-packages/airflow/example_dags/example_branch_operator.py
[2025-07-30T17:07:17.530+0000] {processor.py:914} INFO - Processing file /home/airflow/.local/lib/python3.12/site-packages/airflow/example_dags/example_branch_operator.py for tasks to queue
[2025-07-30T17:07:17.533+0000] {logging_mixin.py:190} INFO - [2025-07-30T17:07:17.532+0000] {dagbag.py:588} INFO - Filling up the DagBag from /home/airflow/.local/lib/python3.12/site-packages/airflow/example_dags/example_branch_operator.py
[2025-07-30T17:07:17.552+0000] {processor.py:925} INFO - DAG(s) 'example_branch_operator' retrieved from /home/airflow/.local/lib/python3.12/site-packages/airflow/example_dags/example_branch_operator.py
[2025-07-30T17:07:17.585+0000] {logging_mixin.py:190} INFO - [2025-07-30T17:07:17.584+0000] {dag.py:3239} INFO - Sync 1 DAGs
[2025-07-30T17:07:17.612+0000] {logging_mixin.py:190} INFO - [2025-07-30T17:07:17.612+0000] {dag.py:4180} INFO - Setting next_dagrun for example_branch_operator to 2025-07-29 00:00:00+00:00, run_after=2025-07-30 00:00:00+00:00
[2025-07-30T17:07:17.632+0000] {processor.py:208} INFO - Processing /home/airflow/.local/lib/python3.12/site-packages/airflow/example_dags/example_branch_operator.py took 0.108 seconds
[2025-07-30T17:07:48.084+0000] {processor.py:186} INFO - Started process (PID=4198) to work on /home/airflow/.local/lib/python3.12/site-packages/airflow/example_dags/example_branch_operator.py
[2025-07-30T17:07:48.085+0000] {processor.py:914} INFO - Processing file /home/airflow/.local/lib/python3.12/site-packages/airflow/example_dags/example_branch_operator.py for tasks to queue
[2025-07-30T17:07:48.087+0000] {logging_mixin.py:190} INFO - [2025-07-30T17:07:48.087+0000] {dagbag.py:588} INFO - Filling up the DagBag from /home/airflow/.local/lib/python3.12/site-packages/airflow/example_dags/example_branch_operator.py
[2025-07-30T17:07:48.108+0000] {processor.py:925} INFO - DAG(s) 'example_branch_operator' retrieved from /home/airflow/.local/lib/python3.12/site-packages/airflow/example_dags/example_branch_operator.py
[2025-07-30T17:07:48.139+0000] {logging_mixin.py:190} INFO - [2025-07-30T17:07:48.138+0000] {dag.py:3239} INFO - Sync 1 DAGs
[2025-07-30T17:07:48.166+0000] {logging_mixin.py:190} INFO - [2025-07-30T17:07:48.166+0000] {dag.py:4180} INFO - Setting next_dagrun for example_branch_operator to 2025-07-29 00:00:00+00:00, run_after=2025-07-30 00:00:00+00:00
[2025-07-30T17:07:48.183+0000] {processor.py:208} INFO - Processing /home/airflow/.local/lib/python3.12/site-packages/airflow/example_dags/example_branch_operator.py took 0.106 seconds
[2025-07-30T17:08:18.499+0000] {processor.py:186} INFO - Started process (PID=4504) to work on /home/airflow/.local/lib/python3.12/site-packages/airflow/example_dags/example_branch_operator.py
[2025-07-30T17:08:18.500+0000] {processor.py:914} INFO - Processing file /home/airflow/.local/lib/python3.12/site-packages/airflow/example_dags/example_branch_operator.py for tasks to queue
[2025-07-30T17:08:18.502+0000] {logging_mixin.py:190} INFO - [2025-07-30T17:08:18.502+0000] {dagbag.py:588} INFO - Filling up the DagBag from /home/airflow/.local/lib/python3.12/site-packages/airflow/example_dags/example_branch_operator.py
[2025-07-30T17:08:18.523+0000] {processor.py:925} INFO - DAG(s) 'example_branch_operator' retrieved from /home/airflow/.local/lib/python3.12/site-packages/airflow/example_dags/example_branch_operator.py
[2025-07-30T17:08:18.555+0000] {logging_mixin.py:190} INFO - [2025-07-30T17:08:18.555+0000] {dag.py:3239} INFO - Sync 1 DAGs
[2025-07-30T17:08:18.583+0000] {logging_mixin.py:190} INFO - [2025-07-30T17:08:18.583+0000] {dag.py:4180} INFO - Setting next_dagrun for example_branch_operator to 2025-07-29 00:00:00+00:00, run_after=2025-07-30 00:00:00+00:00
[2025-07-30T17:08:18.601+0000] {processor.py:208} INFO - Processing /home/airflow/.local/lib/python3.12/site-packages/airflow/example_dags/example_branch_operator.py took 0.108 seconds
[2025-07-30T17:08:48.717+0000] {processor.py:186} INFO - Started process (PID=4810) to work on /home/airflow/.local/lib/python3.12/site-packages/airflow/example_dags/example_branch_operator.py
[2025-07-30T17:08:48.718+0000] {processor.py:914} INFO - Processing file /home/airflow/.local/lib/python3.12/site-packages/airflow/example_dags/example_branch_operator.py for tasks to queue
[2025-07-30T17:08:48.721+0000] {logging_mixin.py:190} INFO - [2025-07-30T17:08:48.720+0000] {dagbag.py:588} INFO - Filling up the DagBag from /home/airflow/.local/lib/python3.12/site-packages/airflow/example_dags/example_branch_operator.py
[2025-07-30T17:08:48.743+0000] {processor.py:925} INFO - DAG(s) 'example_branch_operator' retrieved from /home/airflow/.local/lib/python3.12/site-packages/airflow/example_dags/example_branch_operator.py
[2025-07-30T17:08:48.781+0000] {logging_mixin.py:190} INFO - [2025-07-30T17:08:48.781+0000] {dag.py:3239} INFO - Sync 1 DAGs
[2025-07-30T17:08:48.812+0000] {logging_mixin.py:190} INFO - [2025-07-30T17:08:48.812+0000] {dag.py:4180} INFO - Setting next_dagrun for example_branch_operator to 2025-07-29 00:00:00+00:00, run_after=2025-07-30 00:00:00+00:00
[2025-07-30T17:08:48.830+0000] {processor.py:208} INFO - Processing /home/airflow/.local/lib/python3.12/site-packages/airflow/example_dags/example_branch_operator.py took 0.120 seconds
[2025-07-30T17:09:19.458+0000] {processor.py:186} INFO - Started process (PID=5116) to work on /home/airflow/.local/lib/python3.12/site-packages/airflow/example_dags/example_branch_operator.py
[2025-07-30T17:09:19.458+0000] {processor.py:914} INFO - Processing file /home/airflow/.local/lib/python3.12/site-packages/airflow/example_dags/example_branch_operator.py for tasks to queue
[2025-07-30T17:09:19.461+0000] {logging_mixin.py:190} INFO - [2025-07-30T17:09:19.461+0000] {dagbag.py:588} INFO - Filling up the DagBag from /home/airflow/.local/lib/python3.12/site-packages/airflow/example_dags/example_branch_operator.py
[2025-07-30T17:09:19.483+0000] {processor.py:925} INFO - DAG(s) 'example_branch_operator' retrieved from /home/airflow/.local/lib/python3.12/site-packages/airflow/example_dags/example_branch_operator.py
[2025-07-30T17:09:19.530+0000] {logging_mixin.py:190} INFO - [2025-07-30T17:09:19.529+0000] {dag.py:3239} INFO - Sync 1 DAGs
[2025-07-30T17:09:19.557+0000] {logging_mixin.py:190} INFO - [2025-07-30T17:09:19.556+0000] {dag.py:4180} INFO - Setting next_dagrun for example_branch_operator to 2025-07-29 00:00:00+00:00, run_after=2025-07-30 00:00:00+00:00
[2025-07-30T17:09:19.574+0000] {processor.py:208} INFO - Processing /home/airflow/.local/lib/python3.12/site-packages/airflow/example_dags/example_branch_operator.py took 0.123 seconds
[2025-07-30T17:09:49.706+0000] {processor.py:186} INFO - Started process (PID=5422) to work on /home/airflow/.local/lib/python3.12/site-packages/airflow/example_dags/example_branch_operator.py
[2025-07-30T17:09:49.706+0000] {processor.py:914} INFO - Processing file /home/airflow/.local/lib/python3.12/site-packages/airflow/example_dags/example_branch_operator.py for tasks to queue
[2025-07-30T17:09:49.709+0000] {logging_mixin.py:190} INFO - [2025-07-30T17:09:49.708+0000] {dagbag.py:588} INFO - Filling up the DagBag from /home/airflow/.local/lib/python3.12/site-packages/airflow/example_dags/example_branch_operator.py
[2025-07-30T17:09:49.730+0000] {processor.py:925} INFO - DAG(s) 'example_branch_operator' retrieved from /home/airflow/.local/lib/python3.12/site-packages/airflow/example_dags/example_branch_operator.py
[2025-07-30T17:09:49.767+0000] {logging_mixin.py:190} INFO - [2025-07-30T17:09:49.767+0000] {dag.py:3239} INFO - Sync 1 DAGs
[2025-07-30T17:09:49.811+0000] {logging_mixin.py:190} INFO - [2025-07-30T17:09:49.811+0000] {dag.py:4180} INFO - Setting next_dagrun for example_branch_operator to 2025-07-29 00:00:00+00:00, run_after=2025-07-30 00:00:00+00:00
[2025-07-30T17:09:49.831+0000] {processor.py:208} INFO - Processing /home/airflow/.local/lib/python3.12/site-packages/airflow/example_dags/example_branch_operator.py took 0.132 seconds
[2025-07-30T17:10:20.504+0000] {processor.py:186} INFO - Started process (PID=5728) to work on /home/airflow/.local/lib/python3.12/site-packages/airflow/example_dags/example_branch_operator.py
[2025-07-30T17:10:20.505+0000] {processor.py:914} INFO - Processing file /home/airflow/.local/lib/python3.12/site-packages/airflow/example_dags/example_branch_operator.py for tasks to queue
[2025-07-30T17:10:20.507+0000] {logging_mixin.py:190} INFO - [2025-07-30T17:10:20.507+0000] {dagbag.py:588} INFO - Filling up the DagBag from /home/airflow/.local/lib/python3.12/site-packages/airflow/example_dags/example_branch_operator.py
[2025-07-30T17:10:20.528+0000] {processor.py:925} INFO - DAG(s) 'example_branch_operator' retrieved from /home/airflow/.local/lib/python3.12/site-packages/airflow/example_dags/example_branch_operator.py
[2025-07-30T17:10:20.560+0000] {logging_mixin.py:190} INFO - [2025-07-30T17:10:20.559+0000] {dag.py:3239} INFO - Sync 1 DAGs
[2025-07-30T17:10:20.588+0000] {logging_mixin.py:190} INFO - [2025-07-30T17:10:20.587+0000] {dag.py:4180} INFO - Setting next_dagrun for example_branch_operator to 2025-07-29 00:00:00+00:00, run_after=2025-07-30 00:00:00+00:00
[2025-07-30T17:10:20.605+0000] {processor.py:208} INFO - Processing /home/airflow/.local/lib/python3.12/site-packages/airflow/example_dags/example_branch_operator.py took 0.107 seconds
[2025-07-30T17:10:51.272+0000] {processor.py:186} INFO - Started process (PID=6024) to work on /home/airflow/.local/lib/python3.12/site-packages/airflow/example_dags/example_branch_operator.py
[2025-07-30T17:10:51.273+0000] {processor.py:914} INFO - Processing file /home/airflow/.local/lib/python3.12/site-packages/airflow/example_dags/example_branch_operator.py for tasks to queue
[2025-07-30T17:10:51.275+0000] {logging_mixin.py:190} INFO - [2025-07-30T17:10:51.275+0000] {dagbag.py:588} INFO - Filling up the DagBag from /home/airflow/.local/lib/python3.12/site-packages/airflow/example_dags/example_branch_operator.py
[2025-07-30T17:10:51.295+0000] {processor.py:925} INFO - DAG(s) 'example_branch_operator' retrieved from /home/airflow/.local/lib/python3.12/site-packages/airflow/example_dags/example_branch_operator.py
[2025-07-30T17:10:51.330+0000] {logging_mixin.py:190} INFO - [2025-07-30T17:10:51.330+0000] {dag.py:3239} INFO - Sync 1 DAGs
[2025-07-30T17:10:51.358+0000] {logging_mixin.py:190} INFO - [2025-07-30T17:10:51.358+0000] {dag.py:4180} INFO - Setting next_dagrun for example_branch_operator to 2025-07-29 00:00:00+00:00, run_after=2025-07-30 00:00:00+00:00
[2025-07-30T17:10:51.377+0000] {processor.py:208} INFO - Processing /home/airflow/.local/lib/python3.12/site-packages/airflow/example_dags/example_branch_operator.py took 0.111 seconds
[2025-07-30T17:11:22.113+0000] {processor.py:186} INFO - Started process (PID=6330) to work on /home/airflow/.local/lib/python3.12/site-packages/airflow/example_dags/example_branch_operator.py
[2025-07-30T17:11:22.114+0000] {processor.py:914} INFO - Processing file /home/airflow/.local/lib/python3.12/site-packages/airflow/example_dags/example_branch_operator.py for tasks to queue
[2025-07-30T17:11:22.116+0000] {logging_mixin.py:190} INFO - [2025-07-30T17:11:22.115+0000] {dagbag.py:588} INFO - Filling up the DagBag from /home/airflow/.local/lib/python3.12/site-packages/airflow/example_dags/example_branch_operator.py
[2025-07-30T17:11:22.138+0000] {processor.py:925} INFO - DAG(s) 'example_branch_operator' retrieved from /home/airflow/.local/lib/python3.12/site-packages/airflow/example_dags/example_branch_operator.py
[2025-07-30T17:11:22.169+0000] {logging_mixin.py:190} INFO - [2025-07-30T17:11:22.169+0000] {dag.py:3239} INFO - Sync 1 DAGs
[2025-07-30T17:11:22.196+0000] {logging_mixin.py:190} INFO - [2025-07-30T17:11:22.196+0000] {dag.py:4180} INFO - Setting next_dagrun for example_branch_operator to 2025-07-29 00:00:00+00:00, run_after=2025-07-30 00:00:00+00:00
[2025-07-30T17:11:22.215+0000] {processor.py:208} INFO - Processing /home/airflow/.local/lib/python3.12/site-packages/airflow/example_dags/example_branch_operator.py took 0.109 seconds
[2025-07-30T17:11:53.228+0000] {processor.py:186} INFO - Started process (PID=6636) to work on /home/airflow/.local/lib/python3.12/site-packages/airflow/example_dags/example_branch_operator.py
[2025-07-30T17:11:53.231+0000] {processor.py:914} INFO - Processing file /home/airflow/.local/lib/python3.12/site-packages/airflow/example_dags/example_branch_operator.py for tasks to queue
[2025-07-30T17:11:53.236+0000] {logging_mixin.py:190} INFO - [2025-07-30T17:11:53.236+0000] {dagbag.py:588} INFO - Filling up the DagBag from /home/airflow/.local/lib/python3.12/site-packages/airflow/example_dags/example_branch_operator.py
[2025-07-30T17:11:53.278+0000] {processor.py:925} INFO - DAG(s) 'example_branch_operator' retrieved from /home/airflow/.local/lib/python3.12/site-packages/airflow/example_dags/example_branch_operator.py
[2025-07-30T17:11:53.327+0000] {logging_mixin.py:190} INFO - [2025-07-30T17:11:53.327+0000] {dag.py:3239} INFO - Sync 1 DAGs
[2025-07-30T17:11:53.355+0000] {logging_mixin.py:190} INFO - [2025-07-30T17:11:53.355+0000] {dag.py:4180} INFO - Setting next_dagrun for example_branch_operator to 2025-07-29 00:00:00+00:00, run_after=2025-07-30 00:00:00+00:00
[2025-07-30T17:11:53.373+0000] {processor.py:208} INFO - Processing /home/airflow/.local/lib/python3.12/site-packages/airflow/example_dags/example_branch_operator.py took 0.159 seconds
[2025-07-30T17:12:23.581+0000] {processor.py:186} INFO - Started process (PID=6942) to work on /home/airflow/.local/lib/python3.12/site-packages/airflow/example_dags/example_branch_operator.py
[2025-07-30T17:12:23.582+0000] {processor.py:914} INFO - Processing file /home/airflow/.local/lib/python3.12/site-packages/airflow/example_dags/example_branch_operator.py for tasks to queue
[2025-07-30T17:12:23.584+0000] {logging_mixin.py:190} INFO - [2025-07-30T17:12:23.584+0000] {dagbag.py:588} INFO - Filling up the DagBag from /home/airflow/.local/lib/python3.12/site-packages/airflow/example_dags/example_branch_operator.py
[2025-07-30T17:12:23.606+0000] {processor.py:925} INFO - DAG(s) 'example_branch_operator' retrieved from /home/airflow/.local/lib/python3.12/site-packages/airflow/example_dags/example_branch_operator.py
[2025-07-30T17:12:23.636+0000] {logging_mixin.py:190} INFO - [2025-07-30T17:12:23.636+0000] {dag.py:3239} INFO - Sync 1 DAGs
[2025-07-30T17:12:23.664+0000] {logging_mixin.py:190} INFO - [2025-07-30T17:12:23.664+0000] {dag.py:4180} INFO - Setting next_dagrun for example_branch_operator to 2025-07-29 00:00:00+00:00, run_after=2025-07-30 00:00:00+00:00
[2025-07-30T17:12:23.682+0000] {processor.py:208} INFO - Processing /home/airflow/.local/lib/python3.12/site-packages/airflow/example_dags/example_branch_operator.py took 0.107 seconds
[2025-07-30T17:12:54.064+0000] {processor.py:186} INFO - Started process (PID=7248) to work on /home/airflow/.local/lib/python3.12/site-packages/airflow/example_dags/example_branch_operator.py
[2025-07-30T17:12:54.065+0000] {processor.py:914} INFO - Processing file /home/airflow/.local/lib/python3.12/site-packages/airflow/example_dags/example_branch_operator.py for tasks to queue
[2025-07-30T17:12:54.067+0000] {logging_mixin.py:190} INFO - [2025-07-30T17:12:54.067+0000] {dagbag.py:588} INFO - Filling up the DagBag from /home/airflow/.local/lib/python3.12/site-packages/airflow/example_dags/example_branch_operator.py
[2025-07-30T17:12:54.088+0000] {processor.py:925} INFO - DAG(s) 'example_branch_operator' retrieved from /home/airflow/.local/lib/python3.12/site-packages/airflow/example_dags/example_branch_operator.py
[2025-07-30T17:12:54.119+0000] {logging_mixin.py:190} INFO - [2025-07-30T17:12:54.118+0000] {dag.py:3239} INFO - Sync 1 DAGs
[2025-07-30T17:12:54.146+0000] {logging_mixin.py:190} INFO - [2025-07-30T17:12:54.146+0000] {dag.py:4180} INFO - Setting next_dagrun for example_branch_operator to 2025-07-29 00:00:00+00:00, run_after=2025-07-30 00:00:00+00:00
[2025-07-30T17:12:54.164+0000] {processor.py:208} INFO - Processing /home/airflow/.local/lib/python3.12/site-packages/airflow/example_dags/example_branch_operator.py took 0.106 seconds
