[2025-07-30T17:01:21.546+0000] {processor.py:186} INFO - Started process (PID=362) to work on /home/airflow/.local/lib/python3.12/site-packages/airflow/example_dags/example_branch_python_dop_operator_3.py
[2025-07-30T17:01:21.547+0000] {processor.py:914} INFO - Processing file /home/airflow/.local/lib/python3.12/site-packages/airflow/example_dags/example_branch_python_dop_operator_3.py for tasks to queue
[2025-07-30T17:01:21.552+0000] {logging_mixin.py:190} INFO - [2025-07-30T17:01:21.552+0000] {dagbag.py:588} INFO - Filling up the DagBag from /home/airflow/.local/lib/python3.12/site-packages/airflow/example_dags/example_branch_python_dop_operator_3.py
[2025-07-30T17:01:21.583+0000] {processor.py:925} INFO - DAG(s) 'example_branch_dop_operator_v3' retrieved from /home/airflow/.local/lib/python3.12/site-packages/airflow/example_dags/example_branch_python_dop_operator_3.py
[2025-07-30T17:01:21.732+0000] {logging_mixin.py:190} INFO - [2025-07-30T17:01:21.732+0000] {override.py:1911} INFO - Created Permission View: can read on DAG:example_branch_dop_operator_v3
[2025-07-30T17:01:21.741+0000] {logging_mixin.py:190} INFO - [2025-07-30T17:01:21.740+0000] {override.py:1911} INFO - Created Permission View: can delete on DAG:example_branch_dop_operator_v3
[2025-07-30T17:01:21.746+0000] {logging_mixin.py:190} INFO - [2025-07-30T17:01:21.746+0000] {override.py:1911} INFO - Created Permission View: can edit on DAG:example_branch_dop_operator_v3
[2025-07-30T17:01:21.752+0000] {logging_mixin.py:190} INFO - [2025-07-30T17:01:21.752+0000] {override.py:1911} INFO - Created Permission View: can read on DAG Run:example_branch_dop_operator_v3
[2025-07-30T17:01:21.757+0000] {logging_mixin.py:190} INFO - [2025-07-30T17:01:21.757+0000] {override.py:1911} INFO - Created Permission View: menu access on DAG Run:example_branch_dop_operator_v3
[2025-07-30T17:01:21.762+0000] {logging_mixin.py:190} INFO - [2025-07-30T17:01:21.762+0000] {override.py:1911} INFO - Created Permission View: can delete on DAG Run:example_branch_dop_operator_v3
[2025-07-30T17:01:21.767+0000] {logging_mixin.py:190} INFO - [2025-07-30T17:01:21.767+0000] {override.py:1911} INFO - Created Permission View: can create on DAG Run:example_branch_dop_operator_v3
[2025-07-30T17:01:21.768+0000] {logging_mixin.py:190} INFO - [2025-07-30T17:01:21.768+0000] {dag.py:3239} INFO - Sync 1 DAGs
[2025-07-30T17:01:21.782+0000] {logging_mixin.py:190} INFO - [2025-07-30T17:01:21.781+0000] {dag.py:3262} INFO - Creating ORM DAG for example_branch_dop_operator_v3
[2025-07-30T17:01:21.797+0000] {logging_mixin.py:190} INFO - [2025-07-30T17:01:21.797+0000] {dag.py:4180} INFO - Setting next_dagrun for example_branch_dop_operator_v3 to 2025-07-30 17:00:00+00:00, run_after=2025-07-30 17:01:00+00:00
[2025-07-30T17:01:21.812+0000] {processor.py:208} INFO - Processing /home/airflow/.local/lib/python3.12/site-packages/airflow/example_dags/example_branch_python_dop_operator_3.py took 0.278 seconds
[2025-07-30T17:01:52.424+0000] {processor.py:186} INFO - Started process (PID=667) to work on /home/airflow/.local/lib/python3.12/site-packages/airflow/example_dags/example_branch_python_dop_operator_3.py
[2025-07-30T17:01:52.425+0000] {processor.py:914} INFO - Processing file /home/airflow/.local/lib/python3.12/site-packages/airflow/example_dags/example_branch_python_dop_operator_3.py for tasks to queue
[2025-07-30T17:01:52.428+0000] {logging_mixin.py:190} INFO - [2025-07-30T17:01:52.428+0000] {dagbag.py:588} INFO - Filling up the DagBag from /home/airflow/.local/lib/python3.12/site-packages/airflow/example_dags/example_branch_python_dop_operator_3.py
[2025-07-30T17:01:52.440+0000] {processor.py:925} INFO - DAG(s) 'example_branch_dop_operator_v3' retrieved from /home/airflow/.local/lib/python3.12/site-packages/airflow/example_dags/example_branch_python_dop_operator_3.py
[2025-07-30T17:01:52.463+0000] {logging_mixin.py:190} INFO - [2025-07-30T17:01:52.463+0000] {dag.py:3239} INFO - Sync 1 DAGs
[2025-07-30T17:01:52.494+0000] {logging_mixin.py:190} INFO - [2025-07-30T17:01:52.493+0000] {dag.py:4180} INFO - Setting next_dagrun for example_branch_dop_operator_v3 to 2025-07-30 17:00:00+00:00, run_after=2025-07-30 17:01:00+00:00
[2025-07-30T17:01:52.511+0000] {processor.py:208} INFO - Processing /home/airflow/.local/lib/python3.12/site-packages/airflow/example_dags/example_branch_python_dop_operator_3.py took 0.093 seconds
[2025-07-30T17:02:22.652+0000] {processor.py:186} INFO - Started process (PID=967) to work on /home/airflow/.local/lib/python3.12/site-packages/airflow/example_dags/example_branch_python_dop_operator_3.py
[2025-07-30T17:02:22.653+0000] {processor.py:914} INFO - Processing file /home/airflow/.local/lib/python3.12/site-packages/airflow/example_dags/example_branch_python_dop_operator_3.py for tasks to queue
[2025-07-30T17:02:22.655+0000] {logging_mixin.py:190} INFO - [2025-07-30T17:02:22.654+0000] {dagbag.py:588} INFO - Filling up the DagBag from /home/airflow/.local/lib/python3.12/site-packages/airflow/example_dags/example_branch_python_dop_operator_3.py
[2025-07-30T17:02:22.666+0000] {processor.py:925} INFO - DAG(s) 'example_branch_dop_operator_v3' retrieved from /home/airflow/.local/lib/python3.12/site-packages/airflow/example_dags/example_branch_python_dop_operator_3.py
[2025-07-30T17:02:22.686+0000] {logging_mixin.py:190} INFO - [2025-07-30T17:02:22.686+0000] {dag.py:3239} INFO - Sync 1 DAGs
[2025-07-30T17:02:22.720+0000] {logging_mixin.py:190} INFO - [2025-07-30T17:02:22.720+0000] {dag.py:4180} INFO - Setting next_dagrun for example_branch_dop_operator_v3 to 2025-07-30 17:01:00+00:00, run_after=2025-07-30 17:02:00+00:00
[2025-07-30T17:02:22.736+0000] {processor.py:208} INFO - Processing /home/airflow/.local/lib/python3.12/site-packages/airflow/example_dags/example_branch_python_dop_operator_3.py took 0.090 seconds
[2025-07-30T17:02:53.258+0000] {processor.py:186} INFO - Started process (PID=1273) to work on /home/airflow/.local/lib/python3.12/site-packages/airflow/example_dags/example_branch_python_dop_operator_3.py
[2025-07-30T17:02:53.259+0000] {processor.py:914} INFO - Processing file /home/airflow/.local/lib/python3.12/site-packages/airflow/example_dags/example_branch_python_dop_operator_3.py for tasks to queue
[2025-07-30T17:02:53.262+0000] {logging_mixin.py:190} INFO - [2025-07-30T17:02:53.261+0000] {dagbag.py:588} INFO - Filling up the DagBag from /home/airflow/.local/lib/python3.12/site-packages/airflow/example_dags/example_branch_python_dop_operator_3.py
[2025-07-30T17:02:53.273+0000] {processor.py:925} INFO - DAG(s) 'example_branch_dop_operator_v3' retrieved from /home/airflow/.local/lib/python3.12/site-packages/airflow/example_dags/example_branch_python_dop_operator_3.py
[2025-07-30T17:02:53.293+0000] {logging_mixin.py:190} INFO - [2025-07-30T17:02:53.293+0000] {dag.py:3239} INFO - Sync 1 DAGs
[2025-07-30T17:02:53.337+0000] {logging_mixin.py:190} INFO - [2025-07-30T17:02:53.336+0000] {dag.py:4180} INFO - Setting next_dagrun for example_branch_dop_operator_v3 to 2025-07-30 17:01:00+00:00, run_after=2025-07-30 17:02:00+00:00
[2025-07-30T17:02:53.355+0000] {processor.py:208} INFO - Processing /home/airflow/.local/lib/python3.12/site-packages/airflow/example_dags/example_branch_python_dop_operator_3.py took 0.103 seconds
[2025-07-30T17:03:23.531+0000] {processor.py:186} INFO - Started process (PID=1579) to work on /home/airflow/.local/lib/python3.12/site-packages/airflow/example_dags/example_branch_python_dop_operator_3.py
[2025-07-30T17:03:23.532+0000] {processor.py:914} INFO - Processing file /home/airflow/.local/lib/python3.12/site-packages/airflow/example_dags/example_branch_python_dop_operator_3.py for tasks to queue
[2025-07-30T17:03:23.534+0000] {logging_mixin.py:190} INFO - [2025-07-30T17:03:23.534+0000] {dagbag.py:588} INFO - Filling up the DagBag from /home/airflow/.local/lib/python3.12/site-packages/airflow/example_dags/example_branch_python_dop_operator_3.py
[2025-07-30T17:03:23.546+0000] {processor.py:925} INFO - DAG(s) 'example_branch_dop_operator_v3' retrieved from /home/airflow/.local/lib/python3.12/site-packages/airflow/example_dags/example_branch_python_dop_operator_3.py
[2025-07-30T17:03:23.566+0000] {logging_mixin.py:190} INFO - [2025-07-30T17:03:23.566+0000] {dag.py:3239} INFO - Sync 1 DAGs
[2025-07-30T17:03:23.599+0000] {logging_mixin.py:190} INFO - [2025-07-30T17:03:23.598+0000] {dag.py:4180} INFO - Setting next_dagrun for example_branch_dop_operator_v3 to 2025-07-30 17:02:00+00:00, run_after=2025-07-30 17:03:00+00:00
[2025-07-30T17:03:23.615+0000] {processor.py:208} INFO - Processing /home/airflow/.local/lib/python3.12/site-packages/airflow/example_dags/example_branch_python_dop_operator_3.py took 0.090 seconds
[2025-07-30T17:03:53.942+0000] {processor.py:186} INFO - Started process (PID=1885) to work on /home/airflow/.local/lib/python3.12/site-packages/airflow/example_dags/example_branch_python_dop_operator_3.py
[2025-07-30T17:03:53.943+0000] {processor.py:914} INFO - Processing file /home/airflow/.local/lib/python3.12/site-packages/airflow/example_dags/example_branch_python_dop_operator_3.py for tasks to queue
[2025-07-30T17:03:53.945+0000] {logging_mixin.py:190} INFO - [2025-07-30T17:03:53.945+0000] {dagbag.py:588} INFO - Filling up the DagBag from /home/airflow/.local/lib/python3.12/site-packages/airflow/example_dags/example_branch_python_dop_operator_3.py
[2025-07-30T17:03:53.957+0000] {processor.py:925} INFO - DAG(s) 'example_branch_dop_operator_v3' retrieved from /home/airflow/.local/lib/python3.12/site-packages/airflow/example_dags/example_branch_python_dop_operator_3.py
[2025-07-30T17:03:53.979+0000] {logging_mixin.py:190} INFO - [2025-07-30T17:03:53.978+0000] {dag.py:3239} INFO - Sync 1 DAGs
[2025-07-30T17:03:54.012+0000] {logging_mixin.py:190} INFO - [2025-07-30T17:03:54.012+0000] {dag.py:4180} INFO - Setting next_dagrun for example_branch_dop_operator_v3 to 2025-07-30 17:02:00+00:00, run_after=2025-07-30 17:03:00+00:00
[2025-07-30T17:03:54.042+0000] {processor.py:208} INFO - Processing /home/airflow/.local/lib/python3.12/site-packages/airflow/example_dags/example_branch_python_dop_operator_3.py took 0.106 seconds
[2025-07-30T17:04:24.547+0000] {processor.py:186} INFO - Started process (PID=2191) to work on /home/airflow/.local/lib/python3.12/site-packages/airflow/example_dags/example_branch_python_dop_operator_3.py
[2025-07-30T17:04:24.548+0000] {processor.py:914} INFO - Processing file /home/airflow/.local/lib/python3.12/site-packages/airflow/example_dags/example_branch_python_dop_operator_3.py for tasks to queue
[2025-07-30T17:04:24.551+0000] {logging_mixin.py:190} INFO - [2025-07-30T17:04:24.550+0000] {dagbag.py:588} INFO - Filling up the DagBag from /home/airflow/.local/lib/python3.12/site-packages/airflow/example_dags/example_branch_python_dop_operator_3.py
[2025-07-30T17:04:24.562+0000] {processor.py:925} INFO - DAG(s) 'example_branch_dop_operator_v3' retrieved from /home/airflow/.local/lib/python3.12/site-packages/airflow/example_dags/example_branch_python_dop_operator_3.py
[2025-07-30T17:04:24.583+0000] {logging_mixin.py:190} INFO - [2025-07-30T17:04:24.582+0000] {dag.py:3239} INFO - Sync 1 DAGs
[2025-07-30T17:04:24.614+0000] {logging_mixin.py:190} INFO - [2025-07-30T17:04:24.613+0000] {dag.py:4180} INFO - Setting next_dagrun for example_branch_dop_operator_v3 to 2025-07-30 17:03:00+00:00, run_after=2025-07-30 17:04:00+00:00
[2025-07-30T17:04:24.631+0000] {processor.py:208} INFO - Processing /home/airflow/.local/lib/python3.12/site-packages/airflow/example_dags/example_branch_python_dop_operator_3.py took 0.089 seconds
[2025-07-30T17:04:55.190+0000] {processor.py:186} INFO - Started process (PID=2497) to work on /home/airflow/.local/lib/python3.12/site-packages/airflow/example_dags/example_branch_python_dop_operator_3.py
[2025-07-30T17:04:55.190+0000] {processor.py:914} INFO - Processing file /home/airflow/.local/lib/python3.12/site-packages/airflow/example_dags/example_branch_python_dop_operator_3.py for tasks to queue
[2025-07-30T17:04:55.193+0000] {logging_mixin.py:190} INFO - [2025-07-30T17:04:55.192+0000] {dagbag.py:588} INFO - Filling up the DagBag from /home/airflow/.local/lib/python3.12/site-packages/airflow/example_dags/example_branch_python_dop_operator_3.py
[2025-07-30T17:04:55.204+0000] {processor.py:925} INFO - DAG(s) 'example_branch_dop_operator_v3' retrieved from /home/airflow/.local/lib/python3.12/site-packages/airflow/example_dags/example_branch_python_dop_operator_3.py
[2025-07-30T17:04:55.226+0000] {logging_mixin.py:190} INFO - [2025-07-30T17:04:55.226+0000] {dag.py:3239} INFO - Sync 1 DAGs
[2025-07-30T17:04:55.254+0000] {logging_mixin.py:190} INFO - [2025-07-30T17:04:55.254+0000] {dag.py:4180} INFO - Setting next_dagrun for example_branch_dop_operator_v3 to 2025-07-30 17:03:00+00:00, run_after=2025-07-30 17:04:00+00:00
[2025-07-30T17:04:55.272+0000] {processor.py:208} INFO - Processing /home/airflow/.local/lib/python3.12/site-packages/airflow/example_dags/example_branch_python_dop_operator_3.py took 0.089 seconds
[2025-07-30T17:05:25.519+0000] {processor.py:186} INFO - Started process (PID=2803) to work on /home/airflow/.local/lib/python3.12/site-packages/airflow/example_dags/example_branch_python_dop_operator_3.py
[2025-07-30T17:05:25.520+0000] {processor.py:914} INFO - Processing file /home/airflow/.local/lib/python3.12/site-packages/airflow/example_dags/example_branch_python_dop_operator_3.py for tasks to queue
[2025-07-30T17:05:25.522+0000] {logging_mixin.py:190} INFO - [2025-07-30T17:05:25.522+0000] {dagbag.py:588} INFO - Filling up the DagBag from /home/airflow/.local/lib/python3.12/site-packages/airflow/example_dags/example_branch_python_dop_operator_3.py
[2025-07-30T17:05:25.536+0000] {processor.py:925} INFO - DAG(s) 'example_branch_dop_operator_v3' retrieved from /home/airflow/.local/lib/python3.12/site-packages/airflow/example_dags/example_branch_python_dop_operator_3.py
[2025-07-30T17:05:25.561+0000] {logging_mixin.py:190} INFO - [2025-07-30T17:05:25.561+0000] {dag.py:3239} INFO - Sync 1 DAGs
[2025-07-30T17:05:25.592+0000] {logging_mixin.py:190} INFO - [2025-07-30T17:05:25.592+0000] {dag.py:4180} INFO - Setting next_dagrun for example_branch_dop_operator_v3 to 2025-07-30 17:04:00+00:00, run_after=2025-07-30 17:05:00+00:00
[2025-07-30T17:05:25.610+0000] {processor.py:208} INFO - Processing /home/airflow/.local/lib/python3.12/site-packages/airflow/example_dags/example_branch_python_dop_operator_3.py took 0.097 seconds
[2025-07-30T17:05:55.712+0000] {processor.py:186} INFO - Started process (PID=3104) to work on /home/airflow/.local/lib/python3.12/site-packages/airflow/example_dags/example_branch_python_dop_operator_3.py
[2025-07-30T17:05:55.712+0000] {processor.py:914} INFO - Processing file /home/airflow/.local/lib/python3.12/site-packages/airflow/example_dags/example_branch_python_dop_operator_3.py for tasks to queue
[2025-07-30T17:05:55.714+0000] {logging_mixin.py:190} INFO - [2025-07-30T17:05:55.714+0000] {dagbag.py:588} INFO - Filling up the DagBag from /home/airflow/.local/lib/python3.12/site-packages/airflow/example_dags/example_branch_python_dop_operator_3.py
[2025-07-30T17:05:55.726+0000] {processor.py:925} INFO - DAG(s) 'example_branch_dop_operator_v3' retrieved from /home/airflow/.local/lib/python3.12/site-packages/airflow/example_dags/example_branch_python_dop_operator_3.py
[2025-07-30T17:05:55.748+0000] {logging_mixin.py:190} INFO - [2025-07-30T17:05:55.748+0000] {dag.py:3239} INFO - Sync 1 DAGs
[2025-07-30T17:05:55.778+0000] {logging_mixin.py:190} INFO - [2025-07-30T17:05:55.778+0000] {dag.py:4180} INFO - Setting next_dagrun for example_branch_dop_operator_v3 to 2025-07-30 17:04:00+00:00, run_after=2025-07-30 17:05:00+00:00
[2025-07-30T17:05:55.796+0000] {processor.py:208} INFO - Processing /home/airflow/.local/lib/python3.12/site-packages/airflow/example_dags/example_branch_python_dop_operator_3.py took 0.091 seconds
[2025-07-30T17:06:26.597+0000] {processor.py:186} INFO - Started process (PID=3410) to work on /home/airflow/.local/lib/python3.12/site-packages/airflow/example_dags/example_branch_python_dop_operator_3.py
[2025-07-30T17:06:26.598+0000] {processor.py:914} INFO - Processing file /home/airflow/.local/lib/python3.12/site-packages/airflow/example_dags/example_branch_python_dop_operator_3.py for tasks to queue
[2025-07-30T17:06:26.601+0000] {logging_mixin.py:190} INFO - [2025-07-30T17:06:26.600+0000] {dagbag.py:588} INFO - Filling up the DagBag from /home/airflow/.local/lib/python3.12/site-packages/airflow/example_dags/example_branch_python_dop_operator_3.py
[2025-07-30T17:06:26.613+0000] {processor.py:925} INFO - DAG(s) 'example_branch_dop_operator_v3' retrieved from /home/airflow/.local/lib/python3.12/site-packages/airflow/example_dags/example_branch_python_dop_operator_3.py
[2025-07-30T17:06:26.633+0000] {logging_mixin.py:190} INFO - [2025-07-30T17:06:26.633+0000] {dag.py:3239} INFO - Sync 1 DAGs
[2025-07-30T17:06:26.670+0000] {logging_mixin.py:190} INFO - [2025-07-30T17:06:26.667+0000] {dag.py:4180} INFO - Setting next_dagrun for example_branch_dop_operator_v3 to 2025-07-30 17:05:00+00:00, run_after=2025-07-30 17:06:00+00:00
[2025-07-30T17:06:26.688+0000] {processor.py:208} INFO - Processing /home/airflow/.local/lib/python3.12/site-packages/airflow/example_dags/example_branch_python_dop_operator_3.py took 0.097 seconds
[2025-07-30T17:06:57.522+0000] {processor.py:186} INFO - Started process (PID=3716) to work on /home/airflow/.local/lib/python3.12/site-packages/airflow/example_dags/example_branch_python_dop_operator_3.py
[2025-07-30T17:06:57.524+0000] {processor.py:914} INFO - Processing file /home/airflow/.local/lib/python3.12/site-packages/airflow/example_dags/example_branch_python_dop_operator_3.py for tasks to queue
[2025-07-30T17:06:57.526+0000] {logging_mixin.py:190} INFO - [2025-07-30T17:06:57.526+0000] {dagbag.py:588} INFO - Filling up the DagBag from /home/airflow/.local/lib/python3.12/site-packages/airflow/example_dags/example_branch_python_dop_operator_3.py
[2025-07-30T17:06:57.538+0000] {processor.py:925} INFO - DAG(s) 'example_branch_dop_operator_v3' retrieved from /home/airflow/.local/lib/python3.12/site-packages/airflow/example_dags/example_branch_python_dop_operator_3.py
[2025-07-30T17:06:57.558+0000] {logging_mixin.py:190} INFO - [2025-07-30T17:06:57.557+0000] {dag.py:3239} INFO - Sync 1 DAGs
[2025-07-30T17:06:57.590+0000] {logging_mixin.py:190} INFO - [2025-07-30T17:06:57.590+0000] {dag.py:4180} INFO - Setting next_dagrun for example_branch_dop_operator_v3 to 2025-07-30 17:05:00+00:00, run_after=2025-07-30 17:06:00+00:00
[2025-07-30T17:06:57.610+0000] {processor.py:208} INFO - Processing /home/airflow/.local/lib/python3.12/site-packages/airflow/example_dags/example_branch_python_dop_operator_3.py took 0.094 seconds
[2025-07-30T17:07:27.848+0000] {processor.py:186} INFO - Started process (PID=4022) to work on /home/airflow/.local/lib/python3.12/site-packages/airflow/example_dags/example_branch_python_dop_operator_3.py
[2025-07-30T17:07:27.849+0000] {processor.py:914} INFO - Processing file /home/airflow/.local/lib/python3.12/site-packages/airflow/example_dags/example_branch_python_dop_operator_3.py for tasks to queue
[2025-07-30T17:07:27.851+0000] {logging_mixin.py:190} INFO - [2025-07-30T17:07:27.851+0000] {dagbag.py:588} INFO - Filling up the DagBag from /home/airflow/.local/lib/python3.12/site-packages/airflow/example_dags/example_branch_python_dop_operator_3.py
[2025-07-30T17:07:27.863+0000] {processor.py:925} INFO - DAG(s) 'example_branch_dop_operator_v3' retrieved from /home/airflow/.local/lib/python3.12/site-packages/airflow/example_dags/example_branch_python_dop_operator_3.py
[2025-07-30T17:07:27.885+0000] {logging_mixin.py:190} INFO - [2025-07-30T17:07:27.885+0000] {dag.py:3239} INFO - Sync 1 DAGs
[2025-07-30T17:07:27.916+0000] {logging_mixin.py:190} INFO - [2025-07-30T17:07:27.916+0000] {dag.py:4180} INFO - Setting next_dagrun for example_branch_dop_operator_v3 to 2025-07-30 17:06:00+00:00, run_after=2025-07-30 17:07:00+00:00
[2025-07-30T17:07:27.935+0000] {processor.py:208} INFO - Processing /home/airflow/.local/lib/python3.12/site-packages/airflow/example_dags/example_branch_python_dop_operator_3.py took 0.093 seconds
[2025-07-30T17:07:58.624+0000] {processor.py:186} INFO - Started process (PID=4328) to work on /home/airflow/.local/lib/python3.12/site-packages/airflow/example_dags/example_branch_python_dop_operator_3.py
[2025-07-30T17:07:58.625+0000] {processor.py:914} INFO - Processing file /home/airflow/.local/lib/python3.12/site-packages/airflow/example_dags/example_branch_python_dop_operator_3.py for tasks to queue
[2025-07-30T17:07:58.628+0000] {logging_mixin.py:190} INFO - [2025-07-30T17:07:58.628+0000] {dagbag.py:588} INFO - Filling up the DagBag from /home/airflow/.local/lib/python3.12/site-packages/airflow/example_dags/example_branch_python_dop_operator_3.py
[2025-07-30T17:07:58.639+0000] {processor.py:925} INFO - DAG(s) 'example_branch_dop_operator_v3' retrieved from /home/airflow/.local/lib/python3.12/site-packages/airflow/example_dags/example_branch_python_dop_operator_3.py
[2025-07-30T17:07:58.672+0000] {logging_mixin.py:190} INFO - [2025-07-30T17:07:58.672+0000] {dag.py:3239} INFO - Sync 1 DAGs
[2025-07-30T17:07:58.710+0000] {logging_mixin.py:190} INFO - [2025-07-30T17:07:58.710+0000] {dag.py:4180} INFO - Setting next_dagrun for example_branch_dop_operator_v3 to 2025-07-30 17:06:00+00:00, run_after=2025-07-30 17:07:00+00:00
[2025-07-30T17:07:58.728+0000] {processor.py:208} INFO - Processing /home/airflow/.local/lib/python3.12/site-packages/airflow/example_dags/example_branch_python_dop_operator_3.py took 0.110 seconds
[2025-07-30T17:08:28.964+0000] {processor.py:186} INFO - Started process (PID=4634) to work on /home/airflow/.local/lib/python3.12/site-packages/airflow/example_dags/example_branch_python_dop_operator_3.py
[2025-07-30T17:08:28.965+0000] {processor.py:914} INFO - Processing file /home/airflow/.local/lib/python3.12/site-packages/airflow/example_dags/example_branch_python_dop_operator_3.py for tasks to queue
[2025-07-30T17:08:28.967+0000] {logging_mixin.py:190} INFO - [2025-07-30T17:08:28.967+0000] {dagbag.py:588} INFO - Filling up the DagBag from /home/airflow/.local/lib/python3.12/site-packages/airflow/example_dags/example_branch_python_dop_operator_3.py
[2025-07-30T17:08:28.980+0000] {processor.py:925} INFO - DAG(s) 'example_branch_dop_operator_v3' retrieved from /home/airflow/.local/lib/python3.12/site-packages/airflow/example_dags/example_branch_python_dop_operator_3.py
[2025-07-30T17:08:29.001+0000] {logging_mixin.py:190} INFO - [2025-07-30T17:08:29.000+0000] {dag.py:3239} INFO - Sync 1 DAGs
[2025-07-30T17:08:29.035+0000] {logging_mixin.py:190} INFO - [2025-07-30T17:08:29.034+0000] {dag.py:4180} INFO - Setting next_dagrun for example_branch_dop_operator_v3 to 2025-07-30 17:07:00+00:00, run_after=2025-07-30 17:08:00+00:00
[2025-07-30T17:08:29.052+0000] {processor.py:208} INFO - Processing /home/airflow/.local/lib/python3.12/site-packages/airflow/example_dags/example_branch_python_dop_operator_3.py took 0.094 seconds
[2025-07-30T17:08:59.171+0000] {processor.py:186} INFO - Started process (PID=4940) to work on /home/airflow/.local/lib/python3.12/site-packages/airflow/example_dags/example_branch_python_dop_operator_3.py
[2025-07-30T17:08:59.172+0000] {processor.py:914} INFO - Processing file /home/airflow/.local/lib/python3.12/site-packages/airflow/example_dags/example_branch_python_dop_operator_3.py for tasks to queue
[2025-07-30T17:08:59.174+0000] {logging_mixin.py:190} INFO - [2025-07-30T17:08:59.174+0000] {dagbag.py:588} INFO - Filling up the DagBag from /home/airflow/.local/lib/python3.12/site-packages/airflow/example_dags/example_branch_python_dop_operator_3.py
[2025-07-30T17:08:59.186+0000] {processor.py:925} INFO - DAG(s) 'example_branch_dop_operator_v3' retrieved from /home/airflow/.local/lib/python3.12/site-packages/airflow/example_dags/example_branch_python_dop_operator_3.py
[2025-07-30T17:08:59.206+0000] {logging_mixin.py:190} INFO - [2025-07-30T17:08:59.206+0000] {dag.py:3239} INFO - Sync 1 DAGs
[2025-07-30T17:08:59.236+0000] {logging_mixin.py:190} INFO - [2025-07-30T17:08:59.236+0000] {dag.py:4180} INFO - Setting next_dagrun for example_branch_dop_operator_v3 to 2025-07-30 17:07:00+00:00, run_after=2025-07-30 17:08:00+00:00
[2025-07-30T17:08:59.255+0000] {processor.py:208} INFO - Processing /home/airflow/.local/lib/python3.12/site-packages/airflow/example_dags/example_branch_python_dop_operator_3.py took 0.090 seconds
[2025-07-30T17:09:30.035+0000] {processor.py:186} INFO - Started process (PID=5246) to work on /home/airflow/.local/lib/python3.12/site-packages/airflow/example_dags/example_branch_python_dop_operator_3.py
[2025-07-30T17:09:30.036+0000] {processor.py:914} INFO - Processing file /home/airflow/.local/lib/python3.12/site-packages/airflow/example_dags/example_branch_python_dop_operator_3.py for tasks to queue
[2025-07-30T17:09:30.039+0000] {logging_mixin.py:190} INFO - [2025-07-30T17:09:30.038+0000] {dagbag.py:588} INFO - Filling up the DagBag from /home/airflow/.local/lib/python3.12/site-packages/airflow/example_dags/example_branch_python_dop_operator_3.py
[2025-07-30T17:09:30.050+0000] {processor.py:925} INFO - DAG(s) 'example_branch_dop_operator_v3' retrieved from /home/airflow/.local/lib/python3.12/site-packages/airflow/example_dags/example_branch_python_dop_operator_3.py
[2025-07-30T17:09:30.077+0000] {logging_mixin.py:190} INFO - [2025-07-30T17:09:30.076+0000] {dag.py:3239} INFO - Sync 1 DAGs
[2025-07-30T17:09:30.122+0000] {logging_mixin.py:190} INFO - [2025-07-30T17:09:30.122+0000] {dag.py:4180} INFO - Setting next_dagrun for example_branch_dop_operator_v3 to 2025-07-30 17:08:00+00:00, run_after=2025-07-30 17:09:00+00:00
[2025-07-30T17:09:30.139+0000] {processor.py:208} INFO - Processing /home/airflow/.local/lib/python3.12/site-packages/airflow/example_dags/example_branch_python_dop_operator_3.py took 0.110 seconds
[2025-07-30T17:10:00.242+0000] {processor.py:186} INFO - Started process (PID=5552) to work on /home/airflow/.local/lib/python3.12/site-packages/airflow/example_dags/example_branch_python_dop_operator_3.py
[2025-07-30T17:10:00.243+0000] {processor.py:914} INFO - Processing file /home/airflow/.local/lib/python3.12/site-packages/airflow/example_dags/example_branch_python_dop_operator_3.py for tasks to queue
[2025-07-30T17:10:00.245+0000] {logging_mixin.py:190} INFO - [2025-07-30T17:10:00.245+0000] {dagbag.py:588} INFO - Filling up the DagBag from /home/airflow/.local/lib/python3.12/site-packages/airflow/example_dags/example_branch_python_dop_operator_3.py
[2025-07-30T17:10:00.258+0000] {processor.py:925} INFO - DAG(s) 'example_branch_dop_operator_v3' retrieved from /home/airflow/.local/lib/python3.12/site-packages/airflow/example_dags/example_branch_python_dop_operator_3.py
[2025-07-30T17:10:00.278+0000] {logging_mixin.py:190} INFO - [2025-07-30T17:10:00.277+0000] {dag.py:3239} INFO - Sync 1 DAGs
[2025-07-30T17:10:00.309+0000] {logging_mixin.py:190} INFO - [2025-07-30T17:10:00.309+0000] {dag.py:4180} INFO - Setting next_dagrun for example_branch_dop_operator_v3 to 2025-07-30 17:09:00+00:00, run_after=2025-07-30 17:10:00+00:00
[2025-07-30T17:10:00.327+0000] {processor.py:208} INFO - Processing /home/airflow/.local/lib/python3.12/site-packages/airflow/example_dags/example_branch_python_dop_operator_3.py took 0.090 seconds
[2025-07-30T17:10:31.184+0000] {processor.py:186} INFO - Started process (PID=5858) to work on /home/airflow/.local/lib/python3.12/site-packages/airflow/example_dags/example_branch_python_dop_operator_3.py
[2025-07-30T17:10:31.185+0000] {processor.py:914} INFO - Processing file /home/airflow/.local/lib/python3.12/site-packages/airflow/example_dags/example_branch_python_dop_operator_3.py for tasks to queue
[2025-07-30T17:10:31.187+0000] {logging_mixin.py:190} INFO - [2025-07-30T17:10:31.186+0000] {dagbag.py:588} INFO - Filling up the DagBag from /home/airflow/.local/lib/python3.12/site-packages/airflow/example_dags/example_branch_python_dop_operator_3.py
[2025-07-30T17:10:31.198+0000] {processor.py:925} INFO - DAG(s) 'example_branch_dop_operator_v3' retrieved from /home/airflow/.local/lib/python3.12/site-packages/airflow/example_dags/example_branch_python_dop_operator_3.py
[2025-07-30T17:10:31.219+0000] {logging_mixin.py:190} INFO - [2025-07-30T17:10:31.219+0000] {dag.py:3239} INFO - Sync 1 DAGs
[2025-07-30T17:10:31.252+0000] {logging_mixin.py:190} INFO - [2025-07-30T17:10:31.252+0000] {dag.py:4180} INFO - Setting next_dagrun for example_branch_dop_operator_v3 to 2025-07-30 17:09:00+00:00, run_after=2025-07-30 17:10:00+00:00
[2025-07-30T17:10:31.269+0000] {processor.py:208} INFO - Processing /home/airflow/.local/lib/python3.12/site-packages/airflow/example_dags/example_branch_python_dop_operator_3.py took 0.091 seconds
[2025-07-30T17:11:01.748+0000] {processor.py:186} INFO - Started process (PID=6164) to work on /home/airflow/.local/lib/python3.12/site-packages/airflow/example_dags/example_branch_python_dop_operator_3.py
[2025-07-30T17:11:01.749+0000] {processor.py:914} INFO - Processing file /home/airflow/.local/lib/python3.12/site-packages/airflow/example_dags/example_branch_python_dop_operator_3.py for tasks to queue
[2025-07-30T17:11:01.752+0000] {logging_mixin.py:190} INFO - [2025-07-30T17:11:01.751+0000] {dagbag.py:588} INFO - Filling up the DagBag from /home/airflow/.local/lib/python3.12/site-packages/airflow/example_dags/example_branch_python_dop_operator_3.py
[2025-07-30T17:11:01.763+0000] {processor.py:925} INFO - DAG(s) 'example_branch_dop_operator_v3' retrieved from /home/airflow/.local/lib/python3.12/site-packages/airflow/example_dags/example_branch_python_dop_operator_3.py
[2025-07-30T17:11:01.783+0000] {logging_mixin.py:190} INFO - [2025-07-30T17:11:01.782+0000] {dag.py:3239} INFO - Sync 1 DAGs
[2025-07-30T17:11:01.815+0000] {logging_mixin.py:190} INFO - [2025-07-30T17:11:01.814+0000] {dag.py:4180} INFO - Setting next_dagrun for example_branch_dop_operator_v3 to 2025-07-30 17:10:00+00:00, run_after=2025-07-30 17:11:00+00:00
[2025-07-30T17:11:01.832+0000] {processor.py:208} INFO - Processing /home/airflow/.local/lib/python3.12/site-packages/airflow/example_dags/example_branch_python_dop_operator_3.py took 0.092 seconds
[2025-07-30T17:11:32.551+0000] {processor.py:186} INFO - Started process (PID=6470) to work on /home/airflow/.local/lib/python3.12/site-packages/airflow/example_dags/example_branch_python_dop_operator_3.py
[2025-07-30T17:11:32.552+0000] {processor.py:914} INFO - Processing file /home/airflow/.local/lib/python3.12/site-packages/airflow/example_dags/example_branch_python_dop_operator_3.py for tasks to queue
[2025-07-30T17:11:32.555+0000] {logging_mixin.py:190} INFO - [2025-07-30T17:11:32.554+0000] {dagbag.py:588} INFO - Filling up the DagBag from /home/airflow/.local/lib/python3.12/site-packages/airflow/example_dags/example_branch_python_dop_operator_3.py
[2025-07-30T17:11:32.566+0000] {processor.py:925} INFO - DAG(s) 'example_branch_dop_operator_v3' retrieved from /home/airflow/.local/lib/python3.12/site-packages/airflow/example_dags/example_branch_python_dop_operator_3.py
[2025-07-30T17:11:32.592+0000] {logging_mixin.py:190} INFO - [2025-07-30T17:11:32.592+0000] {dag.py:3239} INFO - Sync 1 DAGs
[2025-07-30T17:11:32.626+0000] {logging_mixin.py:190} INFO - [2025-07-30T17:11:32.626+0000] {dag.py:4180} INFO - Setting next_dagrun for example_branch_dop_operator_v3 to 2025-07-30 17:10:00+00:00, run_after=2025-07-30 17:11:00+00:00
[2025-07-30T17:11:32.643+0000] {processor.py:208} INFO - Processing /home/airflow/.local/lib/python3.12/site-packages/airflow/example_dags/example_branch_python_dop_operator_3.py took 0.097 seconds
[2025-07-30T17:12:02.761+0000] {processor.py:186} INFO - Started process (PID=6776) to work on /home/airflow/.local/lib/python3.12/site-packages/airflow/example_dags/example_branch_python_dop_operator_3.py
[2025-07-30T17:12:02.762+0000] {processor.py:914} INFO - Processing file /home/airflow/.local/lib/python3.12/site-packages/airflow/example_dags/example_branch_python_dop_operator_3.py for tasks to queue
[2025-07-30T17:12:02.765+0000] {logging_mixin.py:190} INFO - [2025-07-30T17:12:02.765+0000] {dagbag.py:588} INFO - Filling up the DagBag from /home/airflow/.local/lib/python3.12/site-packages/airflow/example_dags/example_branch_python_dop_operator_3.py
[2025-07-30T17:12:02.777+0000] {processor.py:925} INFO - DAG(s) 'example_branch_dop_operator_v3' retrieved from /home/airflow/.local/lib/python3.12/site-packages/airflow/example_dags/example_branch_python_dop_operator_3.py
[2025-07-30T17:12:02.797+0000] {logging_mixin.py:190} INFO - [2025-07-30T17:12:02.797+0000] {dag.py:3239} INFO - Sync 1 DAGs
[2025-07-30T17:12:02.827+0000] {logging_mixin.py:190} INFO - [2025-07-30T17:12:02.827+0000] {dag.py:4180} INFO - Setting next_dagrun for example_branch_dop_operator_v3 to 2025-07-30 17:11:00+00:00, run_after=2025-07-30 17:12:00+00:00
[2025-07-30T17:12:02.848+0000] {processor.py:208} INFO - Processing /home/airflow/.local/lib/python3.12/site-packages/airflow/example_dags/example_branch_python_dop_operator_3.py took 0.093 seconds
[2025-07-30T17:12:32.994+0000] {processor.py:186} INFO - Started process (PID=7082) to work on /home/airflow/.local/lib/python3.12/site-packages/airflow/example_dags/example_branch_python_dop_operator_3.py
[2025-07-30T17:12:32.995+0000] {processor.py:914} INFO - Processing file /home/airflow/.local/lib/python3.12/site-packages/airflow/example_dags/example_branch_python_dop_operator_3.py for tasks to queue
[2025-07-30T17:12:32.997+0000] {logging_mixin.py:190} INFO - [2025-07-30T17:12:32.997+0000] {dagbag.py:588} INFO - Filling up the DagBag from /home/airflow/.local/lib/python3.12/site-packages/airflow/example_dags/example_branch_python_dop_operator_3.py
[2025-07-30T17:12:33.008+0000] {processor.py:925} INFO - DAG(s) 'example_branch_dop_operator_v3' retrieved from /home/airflow/.local/lib/python3.12/site-packages/airflow/example_dags/example_branch_python_dop_operator_3.py
[2025-07-30T17:12:33.029+0000] {logging_mixin.py:190} INFO - [2025-07-30T17:12:33.028+0000] {dag.py:3239} INFO - Sync 1 DAGs
[2025-07-30T17:12:33.062+0000] {logging_mixin.py:190} INFO - [2025-07-30T17:12:33.062+0000] {dag.py:4180} INFO - Setting next_dagrun for example_branch_dop_operator_v3 to 2025-07-30 17:11:00+00:00, run_after=2025-07-30 17:12:00+00:00
[2025-07-30T17:12:33.077+0000] {processor.py:208} INFO - Processing /home/airflow/.local/lib/python3.12/site-packages/airflow/example_dags/example_branch_python_dop_operator_3.py took 0.088 seconds
[2025-07-30T17:13:03.674+0000] {processor.py:186} INFO - Started process (PID=7388) to work on /home/airflow/.local/lib/python3.12/site-packages/airflow/example_dags/example_branch_python_dop_operator_3.py
[2025-07-30T17:13:03.675+0000] {processor.py:914} INFO - Processing file /home/airflow/.local/lib/python3.12/site-packages/airflow/example_dags/example_branch_python_dop_operator_3.py for tasks to queue
[2025-07-30T17:13:03.677+0000] {logging_mixin.py:190} INFO - [2025-07-30T17:13:03.677+0000] {dagbag.py:588} INFO - Filling up the DagBag from /home/airflow/.local/lib/python3.12/site-packages/airflow/example_dags/example_branch_python_dop_operator_3.py
[2025-07-30T17:13:03.689+0000] {processor.py:925} INFO - DAG(s) 'example_branch_dop_operator_v3' retrieved from /home/airflow/.local/lib/python3.12/site-packages/airflow/example_dags/example_branch_python_dop_operator_3.py
[2025-07-30T17:13:03.712+0000] {logging_mixin.py:190} INFO - [2025-07-30T17:13:03.712+0000] {dag.py:3239} INFO - Sync 1 DAGs
[2025-07-30T17:13:03.745+0000] {logging_mixin.py:190} INFO - [2025-07-30T17:13:03.745+0000] {dag.py:4180} INFO - Setting next_dagrun for example_branch_dop_operator_v3 to 2025-07-30 17:12:00+00:00, run_after=2025-07-30 17:13:00+00:00
[2025-07-30T17:13:03.761+0000] {processor.py:208} INFO - Processing /home/airflow/.local/lib/python3.12/site-packages/airflow/example_dags/example_branch_python_dop_operator_3.py took 0.094 seconds
