[2025-07-30T17:01:20.001+0000] {processor.py:186} INFO - Started process (PID=349) to work on /home/airflow/.local/lib/python3.12/site-packages/airflow/example_dags/example_inlet_event_extra.py
[2025-07-30T17:01:20.002+0000] {processor.py:914} INFO - Processing file /home/airflow/.local/lib/python3.12/site-packages/airflow/example_dags/example_inlet_event_extra.py for tasks to queue
[2025-07-30T17:01:20.004+0000] {logging_mixin.py:190} INFO - [2025-07-30T17:01:20.004+0000] {dagbag.py:588} INFO - Filling up the DagBag from /home/airflow/.local/lib/python3.12/site-packages/airflow/example_dags/example_inlet_event_extra.py
[2025-07-30T17:01:20.948+0000] {processor.py:925} INFO - DAG(s) 'read_dataset_event_from_classic', 'read_dataset_event' retrieved from /home/airflow/.local/lib/python3.12/site-packages/airflow/example_dags/example_inlet_event_extra.py
[2025-07-30T17:01:21.234+0000] {logging_mixin.py:190} INFO - [2025-07-30T17:01:21.233+0000] {override.py:1911} INFO - Created Permission View: can read on DAG:read_dataset_event_from_classic
[2025-07-30T17:01:21.271+0000] {logging_mixin.py:190} INFO - [2025-07-30T17:01:21.271+0000] {override.py:1911} INFO - Created Permission View: can delete on DAG:read_dataset_event_from_classic
[2025-07-30T17:01:21.300+0000] {logging_mixin.py:190} INFO - [2025-07-30T17:01:21.300+0000] {override.py:1911} INFO - Created Permission View: can edit on DAG:read_dataset_event_from_classic
[2025-07-30T17:01:21.317+0000] {logging_mixin.py:190} INFO - [2025-07-30T17:01:21.317+0000] {override.py:1911} INFO - Created Permission View: can read on DAG Run:read_dataset_event_from_classic
[2025-07-30T17:01:21.324+0000] {logging_mixin.py:190} INFO - [2025-07-30T17:01:21.323+0000] {override.py:1911} INFO - Created Permission View: menu access on DAG Run:read_dataset_event_from_classic
[2025-07-30T17:01:21.329+0000] {logging_mixin.py:190} INFO - [2025-07-30T17:01:21.329+0000] {override.py:1911} INFO - Created Permission View: can delete on DAG Run:read_dataset_event_from_classic
[2025-07-30T17:01:21.335+0000] {logging_mixin.py:190} INFO - [2025-07-30T17:01:21.335+0000] {override.py:1911} INFO - Created Permission View: can create on DAG Run:read_dataset_event_from_classic
[2025-07-30T17:01:21.355+0000] {logging_mixin.py:190} INFO - [2025-07-30T17:01:21.354+0000] {override.py:1911} INFO - Created Permission View: can read on DAG:read_dataset_event
[2025-07-30T17:01:21.361+0000] {logging_mixin.py:190} INFO - [2025-07-30T17:01:21.361+0000] {override.py:1911} INFO - Created Permission View: can delete on DAG:read_dataset_event
[2025-07-30T17:01:21.367+0000] {logging_mixin.py:190} INFO - [2025-07-30T17:01:21.367+0000] {override.py:1911} INFO - Created Permission View: can edit on DAG:read_dataset_event
[2025-07-30T17:01:21.374+0000] {logging_mixin.py:190} INFO - [2025-07-30T17:01:21.373+0000] {override.py:1911} INFO - Created Permission View: can read on DAG Run:read_dataset_event
[2025-07-30T17:01:21.379+0000] {logging_mixin.py:190} INFO - [2025-07-30T17:01:21.379+0000] {override.py:1911} INFO - Created Permission View: menu access on DAG Run:read_dataset_event
[2025-07-30T17:01:21.385+0000] {logging_mixin.py:190} INFO - [2025-07-30T17:01:21.385+0000] {override.py:1911} INFO - Created Permission View: can delete on DAG Run:read_dataset_event
[2025-07-30T17:01:21.392+0000] {logging_mixin.py:190} INFO - [2025-07-30T17:01:21.391+0000] {override.py:1911} INFO - Created Permission View: can create on DAG Run:read_dataset_event
[2025-07-30T17:01:21.393+0000] {logging_mixin.py:190} INFO - [2025-07-30T17:01:21.392+0000] {dag.py:3239} INFO - Sync 2 DAGs
[2025-07-30T17:01:21.414+0000] {logging_mixin.py:190} INFO - [2025-07-30T17:01:21.413+0000] {dag.py:3262} INFO - Creating ORM DAG for read_dataset_event_from_classic
[2025-07-30T17:01:21.415+0000] {logging_mixin.py:190} INFO - [2025-07-30T17:01:21.414+0000] {dag.py:3262} INFO - Creating ORM DAG for read_dataset_event
[2025-07-30T17:01:21.427+0000] {logging_mixin.py:190} INFO - [2025-07-30T17:01:21.427+0000] {dag.py:4180} INFO - Setting next_dagrun for read_dataset_event to 2025-07-29 00:00:00+00:00, run_after=2025-07-30 00:00:00+00:00
[2025-07-30T17:01:21.430+0000] {logging_mixin.py:190} INFO - [2025-07-30T17:01:21.429+0000] {dag.py:4180} INFO - Setting next_dagrun for read_dataset_event_from_classic to 2025-07-29 00:00:00+00:00, run_after=2025-07-30 00:00:00+00:00
[2025-07-30T17:01:21.447+0000] {processor.py:208} INFO - Processing /home/airflow/.local/lib/python3.12/site-packages/airflow/example_dags/example_inlet_event_extra.py took 1.452 seconds
[2025-07-30T17:01:52.285+0000] {processor.py:186} INFO - Started process (PID=659) to work on /home/airflow/.local/lib/python3.12/site-packages/airflow/example_dags/example_inlet_event_extra.py
[2025-07-30T17:01:52.286+0000] {processor.py:914} INFO - Processing file /home/airflow/.local/lib/python3.12/site-packages/airflow/example_dags/example_inlet_event_extra.py for tasks to queue
[2025-07-30T17:01:52.288+0000] {logging_mixin.py:190} INFO - [2025-07-30T17:01:52.288+0000] {dagbag.py:588} INFO - Filling up the DagBag from /home/airflow/.local/lib/python3.12/site-packages/airflow/example_dags/example_inlet_event_extra.py
[2025-07-30T17:01:53.019+0000] {processor.py:925} INFO - DAG(s) 'read_dataset_event', 'read_dataset_event_from_classic' retrieved from /home/airflow/.local/lib/python3.12/site-packages/airflow/example_dags/example_inlet_event_extra.py
[2025-07-30T17:01:53.037+0000] {logging_mixin.py:190} INFO - [2025-07-30T17:01:53.036+0000] {dag.py:3239} INFO - Sync 2 DAGs
[2025-07-30T17:01:53.055+0000] {logging_mixin.py:190} INFO - [2025-07-30T17:01:53.055+0000] {dag.py:4180} INFO - Setting next_dagrun for read_dataset_event to 2025-07-29 00:00:00+00:00, run_after=2025-07-30 00:00:00+00:00
[2025-07-30T17:01:53.059+0000] {logging_mixin.py:190} INFO - [2025-07-30T17:01:53.059+0000] {dag.py:4180} INFO - Setting next_dagrun for read_dataset_event_from_classic to 2025-07-29 00:00:00+00:00, run_after=2025-07-30 00:00:00+00:00
[2025-07-30T17:01:53.070+0000] {processor.py:208} INFO - Processing /home/airflow/.local/lib/python3.12/site-packages/airflow/example_dags/example_inlet_event_extra.py took 0.791 seconds
[2025-07-30T17:02:23.957+0000] {processor.py:186} INFO - Started process (PID=989) to work on /home/airflow/.local/lib/python3.12/site-packages/airflow/example_dags/example_inlet_event_extra.py
[2025-07-30T17:02:23.957+0000] {processor.py:914} INFO - Processing file /home/airflow/.local/lib/python3.12/site-packages/airflow/example_dags/example_inlet_event_extra.py for tasks to queue
[2025-07-30T17:02:23.959+0000] {logging_mixin.py:190} INFO - [2025-07-30T17:02:23.959+0000] {dagbag.py:588} INFO - Filling up the DagBag from /home/airflow/.local/lib/python3.12/site-packages/airflow/example_dags/example_inlet_event_extra.py
[2025-07-30T17:02:24.461+0000] {processor.py:925} INFO - DAG(s) 'read_dataset_event_from_classic', 'read_dataset_event' retrieved from /home/airflow/.local/lib/python3.12/site-packages/airflow/example_dags/example_inlet_event_extra.py
[2025-07-30T17:02:24.500+0000] {logging_mixin.py:190} INFO - [2025-07-30T17:02:24.500+0000] {dag.py:3239} INFO - Sync 2 DAGs
[2025-07-30T17:02:24.524+0000] {logging_mixin.py:190} INFO - [2025-07-30T17:02:24.524+0000] {dag.py:4180} INFO - Setting next_dagrun for read_dataset_event to 2025-07-29 00:00:00+00:00, run_after=2025-07-30 00:00:00+00:00
[2025-07-30T17:02:24.528+0000] {logging_mixin.py:190} INFO - [2025-07-30T17:02:24.528+0000] {dag.py:4180} INFO - Setting next_dagrun for read_dataset_event_from_classic to 2025-07-29 00:00:00+00:00, run_after=2025-07-30 00:00:00+00:00
[2025-07-30T17:02:24.540+0000] {processor.py:208} INFO - Processing /home/airflow/.local/lib/python3.12/site-packages/airflow/example_dags/example_inlet_event_extra.py took 0.588 seconds
[2025-07-30T17:02:54.581+0000] {processor.py:186} INFO - Started process (PID=1295) to work on /home/airflow/.local/lib/python3.12/site-packages/airflow/example_dags/example_inlet_event_extra.py
[2025-07-30T17:02:54.581+0000] {processor.py:914} INFO - Processing file /home/airflow/.local/lib/python3.12/site-packages/airflow/example_dags/example_inlet_event_extra.py for tasks to queue
[2025-07-30T17:02:54.583+0000] {logging_mixin.py:190} INFO - [2025-07-30T17:02:54.583+0000] {dagbag.py:588} INFO - Filling up the DagBag from /home/airflow/.local/lib/python3.12/site-packages/airflow/example_dags/example_inlet_event_extra.py
[2025-07-30T17:02:55.108+0000] {processor.py:925} INFO - DAG(s) 'read_dataset_event_from_classic', 'read_dataset_event' retrieved from /home/airflow/.local/lib/python3.12/site-packages/airflow/example_dags/example_inlet_event_extra.py
[2025-07-30T17:02:55.124+0000] {logging_mixin.py:190} INFO - [2025-07-30T17:02:55.123+0000] {dag.py:3239} INFO - Sync 2 DAGs
[2025-07-30T17:02:55.143+0000] {logging_mixin.py:190} INFO - [2025-07-30T17:02:55.143+0000] {dag.py:4180} INFO - Setting next_dagrun for read_dataset_event to 2025-07-29 00:00:00+00:00, run_after=2025-07-30 00:00:00+00:00
[2025-07-30T17:02:55.147+0000] {logging_mixin.py:190} INFO - [2025-07-30T17:02:55.147+0000] {dag.py:4180} INFO - Setting next_dagrun for read_dataset_event_from_classic to 2025-07-29 00:00:00+00:00, run_after=2025-07-30 00:00:00+00:00
[2025-07-30T17:02:55.159+0000] {processor.py:208} INFO - Processing /home/airflow/.local/lib/python3.12/site-packages/airflow/example_dags/example_inlet_event_extra.py took 0.583 seconds
[2025-07-30T17:03:25.801+0000] {processor.py:186} INFO - Started process (PID=1601) to work on /home/airflow/.local/lib/python3.12/site-packages/airflow/example_dags/example_inlet_event_extra.py
[2025-07-30T17:03:25.802+0000] {processor.py:914} INFO - Processing file /home/airflow/.local/lib/python3.12/site-packages/airflow/example_dags/example_inlet_event_extra.py for tasks to queue
[2025-07-30T17:03:25.805+0000] {logging_mixin.py:190} INFO - [2025-07-30T17:03:25.804+0000] {dagbag.py:588} INFO - Filling up the DagBag from /home/airflow/.local/lib/python3.12/site-packages/airflow/example_dags/example_inlet_event_extra.py
[2025-07-30T17:03:26.312+0000] {processor.py:925} INFO - DAG(s) 'read_dataset_event_from_classic', 'read_dataset_event' retrieved from /home/airflow/.local/lib/python3.12/site-packages/airflow/example_dags/example_inlet_event_extra.py
[2025-07-30T17:03:26.329+0000] {logging_mixin.py:190} INFO - [2025-07-30T17:03:26.328+0000] {dag.py:3239} INFO - Sync 2 DAGs
[2025-07-30T17:03:26.347+0000] {logging_mixin.py:190} INFO - [2025-07-30T17:03:26.347+0000] {dag.py:4180} INFO - Setting next_dagrun for read_dataset_event to 2025-07-29 00:00:00+00:00, run_after=2025-07-30 00:00:00+00:00
[2025-07-30T17:03:26.351+0000] {logging_mixin.py:190} INFO - [2025-07-30T17:03:26.351+0000] {dag.py:4180} INFO - Setting next_dagrun for read_dataset_event_from_classic to 2025-07-29 00:00:00+00:00, run_after=2025-07-30 00:00:00+00:00
[2025-07-30T17:03:26.363+0000] {processor.py:208} INFO - Processing /home/airflow/.local/lib/python3.12/site-packages/airflow/example_dags/example_inlet_event_extra.py took 0.567 seconds
[2025-07-30T17:03:56.412+0000] {processor.py:186} INFO - Started process (PID=1912) to work on /home/airflow/.local/lib/python3.12/site-packages/airflow/example_dags/example_inlet_event_extra.py
[2025-07-30T17:03:56.412+0000] {processor.py:914} INFO - Processing file /home/airflow/.local/lib/python3.12/site-packages/airflow/example_dags/example_inlet_event_extra.py for tasks to queue
[2025-07-30T17:03:56.414+0000] {logging_mixin.py:190} INFO - [2025-07-30T17:03:56.414+0000] {dagbag.py:588} INFO - Filling up the DagBag from /home/airflow/.local/lib/python3.12/site-packages/airflow/example_dags/example_inlet_event_extra.py
[2025-07-30T17:03:56.887+0000] {processor.py:925} INFO - DAG(s) 'read_dataset_event', 'read_dataset_event_from_classic' retrieved from /home/airflow/.local/lib/python3.12/site-packages/airflow/example_dags/example_inlet_event_extra.py
[2025-07-30T17:03:56.903+0000] {logging_mixin.py:190} INFO - [2025-07-30T17:03:56.903+0000] {dag.py:3239} INFO - Sync 2 DAGs
[2025-07-30T17:03:56.921+0000] {logging_mixin.py:190} INFO - [2025-07-30T17:03:56.921+0000] {dag.py:4180} INFO - Setting next_dagrun for read_dataset_event to 2025-07-29 00:00:00+00:00, run_after=2025-07-30 00:00:00+00:00
[2025-07-30T17:03:56.925+0000] {logging_mixin.py:190} INFO - [2025-07-30T17:03:56.925+0000] {dag.py:4180} INFO - Setting next_dagrun for read_dataset_event_from_classic to 2025-07-29 00:00:00+00:00, run_after=2025-07-30 00:00:00+00:00
[2025-07-30T17:03:56.936+0000] {processor.py:208} INFO - Processing /home/airflow/.local/lib/python3.12/site-packages/airflow/example_dags/example_inlet_event_extra.py took 0.529 seconds
[2025-07-30T17:04:27.877+0000] {processor.py:186} INFO - Started process (PID=2218) to work on /home/airflow/.local/lib/python3.12/site-packages/airflow/example_dags/example_inlet_event_extra.py
[2025-07-30T17:04:27.878+0000] {processor.py:914} INFO - Processing file /home/airflow/.local/lib/python3.12/site-packages/airflow/example_dags/example_inlet_event_extra.py for tasks to queue
[2025-07-30T17:04:27.880+0000] {logging_mixin.py:190} INFO - [2025-07-30T17:04:27.880+0000] {dagbag.py:588} INFO - Filling up the DagBag from /home/airflow/.local/lib/python3.12/site-packages/airflow/example_dags/example_inlet_event_extra.py
[2025-07-30T17:04:28.487+0000] {processor.py:925} INFO - DAG(s) 'read_dataset_event', 'read_dataset_event_from_classic' retrieved from /home/airflow/.local/lib/python3.12/site-packages/airflow/example_dags/example_inlet_event_extra.py
[2025-07-30T17:04:28.503+0000] {logging_mixin.py:190} INFO - [2025-07-30T17:04:28.502+0000] {dag.py:3239} INFO - Sync 2 DAGs
[2025-07-30T17:04:28.521+0000] {logging_mixin.py:190} INFO - [2025-07-30T17:04:28.521+0000] {dag.py:4180} INFO - Setting next_dagrun for read_dataset_event to 2025-07-29 00:00:00+00:00, run_after=2025-07-30 00:00:00+00:00
[2025-07-30T17:04:28.525+0000] {logging_mixin.py:190} INFO - [2025-07-30T17:04:28.525+0000] {dag.py:4180} INFO - Setting next_dagrun for read_dataset_event_from_classic to 2025-07-29 00:00:00+00:00, run_after=2025-07-30 00:00:00+00:00
[2025-07-30T17:04:28.537+0000] {processor.py:208} INFO - Processing /home/airflow/.local/lib/python3.12/site-packages/airflow/example_dags/example_inlet_event_extra.py took 0.665 seconds
[2025-07-30T17:04:58.586+0000] {processor.py:186} INFO - Started process (PID=2524) to work on /home/airflow/.local/lib/python3.12/site-packages/airflow/example_dags/example_inlet_event_extra.py
[2025-07-30T17:04:58.586+0000] {processor.py:914} INFO - Processing file /home/airflow/.local/lib/python3.12/site-packages/airflow/example_dags/example_inlet_event_extra.py for tasks to queue
[2025-07-30T17:04:58.589+0000] {logging_mixin.py:190} INFO - [2025-07-30T17:04:58.588+0000] {dagbag.py:588} INFO - Filling up the DagBag from /home/airflow/.local/lib/python3.12/site-packages/airflow/example_dags/example_inlet_event_extra.py
[2025-07-30T17:04:59.264+0000] {processor.py:925} INFO - DAG(s) 'read_dataset_event', 'read_dataset_event_from_classic' retrieved from /home/airflow/.local/lib/python3.12/site-packages/airflow/example_dags/example_inlet_event_extra.py
[2025-07-30T17:04:59.282+0000] {logging_mixin.py:190} INFO - [2025-07-30T17:04:59.281+0000] {dag.py:3239} INFO - Sync 2 DAGs
[2025-07-30T17:04:59.301+0000] {logging_mixin.py:190} INFO - [2025-07-30T17:04:59.301+0000] {dag.py:4180} INFO - Setting next_dagrun for read_dataset_event to 2025-07-29 00:00:00+00:00, run_after=2025-07-30 00:00:00+00:00
[2025-07-30T17:04:59.305+0000] {logging_mixin.py:190} INFO - [2025-07-30T17:04:59.305+0000] {dag.py:4180} INFO - Setting next_dagrun for read_dataset_event_from_classic to 2025-07-29 00:00:00+00:00, run_after=2025-07-30 00:00:00+00:00
[2025-07-30T17:04:59.317+0000] {processor.py:208} INFO - Processing /home/airflow/.local/lib/python3.12/site-packages/airflow/example_dags/example_inlet_event_extra.py took 0.736 seconds
[2025-07-30T17:05:30.184+0000] {processor.py:186} INFO - Started process (PID=2840) to work on /home/airflow/.local/lib/python3.12/site-packages/airflow/example_dags/example_inlet_event_extra.py
[2025-07-30T17:05:30.186+0000] {processor.py:914} INFO - Processing file /home/airflow/.local/lib/python3.12/site-packages/airflow/example_dags/example_inlet_event_extra.py for tasks to queue
[2025-07-30T17:05:30.188+0000] {logging_mixin.py:190} INFO - [2025-07-30T17:05:30.188+0000] {dagbag.py:588} INFO - Filling up the DagBag from /home/airflow/.local/lib/python3.12/site-packages/airflow/example_dags/example_inlet_event_extra.py
[2025-07-30T17:05:30.668+0000] {processor.py:925} INFO - DAG(s) 'read_dataset_event', 'read_dataset_event_from_classic' retrieved from /home/airflow/.local/lib/python3.12/site-packages/airflow/example_dags/example_inlet_event_extra.py
[2025-07-30T17:05:30.685+0000] {logging_mixin.py:190} INFO - [2025-07-30T17:05:30.685+0000] {dag.py:3239} INFO - Sync 2 DAGs
[2025-07-30T17:05:30.705+0000] {logging_mixin.py:190} INFO - [2025-07-30T17:05:30.705+0000] {dag.py:4180} INFO - Setting next_dagrun for read_dataset_event to 2025-07-29 00:00:00+00:00, run_after=2025-07-30 00:00:00+00:00
[2025-07-30T17:05:30.709+0000] {logging_mixin.py:190} INFO - [2025-07-30T17:05:30.709+0000] {dag.py:4180} INFO - Setting next_dagrun for read_dataset_event_from_classic to 2025-07-29 00:00:00+00:00, run_after=2025-07-30 00:00:00+00:00
[2025-07-30T17:05:30.720+0000] {processor.py:208} INFO - Processing /home/airflow/.local/lib/python3.12/site-packages/airflow/example_dags/example_inlet_event_extra.py took 0.543 seconds
[2025-07-30T17:06:01.663+0000] {processor.py:186} INFO - Started process (PID=3146) to work on /home/airflow/.local/lib/python3.12/site-packages/airflow/example_dags/example_inlet_event_extra.py
[2025-07-30T17:06:01.664+0000] {processor.py:914} INFO - Processing file /home/airflow/.local/lib/python3.12/site-packages/airflow/example_dags/example_inlet_event_extra.py for tasks to queue
[2025-07-30T17:06:01.666+0000] {logging_mixin.py:190} INFO - [2025-07-30T17:06:01.666+0000] {dagbag.py:588} INFO - Filling up the DagBag from /home/airflow/.local/lib/python3.12/site-packages/airflow/example_dags/example_inlet_event_extra.py
[2025-07-30T17:06:02.350+0000] {processor.py:925} INFO - DAG(s) 'read_dataset_event', 'read_dataset_event_from_classic' retrieved from /home/airflow/.local/lib/python3.12/site-packages/airflow/example_dags/example_inlet_event_extra.py
[2025-07-30T17:06:02.368+0000] {logging_mixin.py:190} INFO - [2025-07-30T17:06:02.368+0000] {dag.py:3239} INFO - Sync 2 DAGs
[2025-07-30T17:06:02.388+0000] {logging_mixin.py:190} INFO - [2025-07-30T17:06:02.387+0000] {dag.py:4180} INFO - Setting next_dagrun for read_dataset_event to 2025-07-29 00:00:00+00:00, run_after=2025-07-30 00:00:00+00:00
[2025-07-30T17:06:02.392+0000] {logging_mixin.py:190} INFO - [2025-07-30T17:06:02.391+0000] {dag.py:4180} INFO - Setting next_dagrun for read_dataset_event_from_classic to 2025-07-29 00:00:00+00:00, run_after=2025-07-30 00:00:00+00:00
[2025-07-30T17:06:02.403+0000] {processor.py:208} INFO - Processing /home/airflow/.local/lib/python3.12/site-packages/airflow/example_dags/example_inlet_event_extra.py took 0.746 seconds
[2025-07-30T17:06:32.548+0000] {processor.py:186} INFO - Started process (PID=3475) to work on /home/airflow/.local/lib/python3.12/site-packages/airflow/example_dags/example_inlet_event_extra.py
[2025-07-30T17:06:32.549+0000] {processor.py:914} INFO - Processing file /home/airflow/.local/lib/python3.12/site-packages/airflow/example_dags/example_inlet_event_extra.py for tasks to queue
[2025-07-30T17:06:32.551+0000] {logging_mixin.py:190} INFO - [2025-07-30T17:06:32.551+0000] {dagbag.py:588} INFO - Filling up the DagBag from /home/airflow/.local/lib/python3.12/site-packages/airflow/example_dags/example_inlet_event_extra.py
[2025-07-30T17:06:33.135+0000] {processor.py:925} INFO - DAG(s) 'read_dataset_event', 'read_dataset_event_from_classic' retrieved from /home/airflow/.local/lib/python3.12/site-packages/airflow/example_dags/example_inlet_event_extra.py
[2025-07-30T17:06:33.151+0000] {logging_mixin.py:190} INFO - [2025-07-30T17:06:33.151+0000] {dag.py:3239} INFO - Sync 2 DAGs
[2025-07-30T17:06:33.171+0000] {logging_mixin.py:190} INFO - [2025-07-30T17:06:33.171+0000] {dag.py:4180} INFO - Setting next_dagrun for read_dataset_event to 2025-07-29 00:00:00+00:00, run_after=2025-07-30 00:00:00+00:00
[2025-07-30T17:06:33.175+0000] {logging_mixin.py:190} INFO - [2025-07-30T17:06:33.175+0000] {dag.py:4180} INFO - Setting next_dagrun for read_dataset_event_from_classic to 2025-07-29 00:00:00+00:00, run_after=2025-07-30 00:00:00+00:00
[2025-07-30T17:06:33.186+0000] {processor.py:208} INFO - Processing /home/airflow/.local/lib/python3.12/site-packages/airflow/example_dags/example_inlet_event_extra.py took 0.645 seconds
[2025-07-30T17:07:03.849+0000] {processor.py:186} INFO - Started process (PID=3783) to work on /home/airflow/.local/lib/python3.12/site-packages/airflow/example_dags/example_inlet_event_extra.py
[2025-07-30T17:07:03.849+0000] {processor.py:914} INFO - Processing file /home/airflow/.local/lib/python3.12/site-packages/airflow/example_dags/example_inlet_event_extra.py for tasks to queue
[2025-07-30T17:07:03.851+0000] {logging_mixin.py:190} INFO - [2025-07-30T17:07:03.851+0000] {dagbag.py:588} INFO - Filling up the DagBag from /home/airflow/.local/lib/python3.12/site-packages/airflow/example_dags/example_inlet_event_extra.py
[2025-07-30T17:07:04.378+0000] {processor.py:925} INFO - DAG(s) 'read_dataset_event_from_classic', 'read_dataset_event' retrieved from /home/airflow/.local/lib/python3.12/site-packages/airflow/example_dags/example_inlet_event_extra.py
[2025-07-30T17:07:04.394+0000] {logging_mixin.py:190} INFO - [2025-07-30T17:07:04.394+0000] {dag.py:3239} INFO - Sync 2 DAGs
[2025-07-30T17:07:04.413+0000] {logging_mixin.py:190} INFO - [2025-07-30T17:07:04.412+0000] {dag.py:4180} INFO - Setting next_dagrun for read_dataset_event to 2025-07-29 00:00:00+00:00, run_after=2025-07-30 00:00:00+00:00
[2025-07-30T17:07:04.416+0000] {logging_mixin.py:190} INFO - [2025-07-30T17:07:04.416+0000] {dag.py:4180} INFO - Setting next_dagrun for read_dataset_event_from_classic to 2025-07-29 00:00:00+00:00, run_after=2025-07-30 00:00:00+00:00
[2025-07-30T17:07:04.433+0000] {processor.py:208} INFO - Processing /home/airflow/.local/lib/python3.12/site-packages/airflow/example_dags/example_inlet_event_extra.py took 0.588 seconds
[2025-07-30T17:07:35.366+0000] {processor.py:186} INFO - Started process (PID=4089) to work on /home/airflow/.local/lib/python3.12/site-packages/airflow/example_dags/example_inlet_event_extra.py
[2025-07-30T17:07:35.367+0000] {processor.py:914} INFO - Processing file /home/airflow/.local/lib/python3.12/site-packages/airflow/example_dags/example_inlet_event_extra.py for tasks to queue
[2025-07-30T17:07:35.369+0000] {logging_mixin.py:190} INFO - [2025-07-30T17:07:35.369+0000] {dagbag.py:588} INFO - Filling up the DagBag from /home/airflow/.local/lib/python3.12/site-packages/airflow/example_dags/example_inlet_event_extra.py
[2025-07-30T17:07:35.889+0000] {processor.py:925} INFO - DAG(s) 'read_dataset_event_from_classic', 'read_dataset_event' retrieved from /home/airflow/.local/lib/python3.12/site-packages/airflow/example_dags/example_inlet_event_extra.py
[2025-07-30T17:07:35.905+0000] {logging_mixin.py:190} INFO - [2025-07-30T17:07:35.905+0000] {dag.py:3239} INFO - Sync 2 DAGs
[2025-07-30T17:07:35.924+0000] {logging_mixin.py:190} INFO - [2025-07-30T17:07:35.924+0000] {dag.py:4180} INFO - Setting next_dagrun for read_dataset_event to 2025-07-29 00:00:00+00:00, run_after=2025-07-30 00:00:00+00:00
[2025-07-30T17:07:35.928+0000] {logging_mixin.py:190} INFO - [2025-07-30T17:07:35.928+0000] {dag.py:4180} INFO - Setting next_dagrun for read_dataset_event_from_classic to 2025-07-29 00:00:00+00:00, run_after=2025-07-30 00:00:00+00:00
[2025-07-30T17:07:35.939+0000] {processor.py:208} INFO - Processing /home/airflow/.local/lib/python3.12/site-packages/airflow/example_dags/example_inlet_event_extra.py took 0.577 seconds
[2025-07-30T17:08:06.759+0000] {processor.py:186} INFO - Started process (PID=4395) to work on /home/airflow/.local/lib/python3.12/site-packages/airflow/example_dags/example_inlet_event_extra.py
[2025-07-30T17:08:06.760+0000] {processor.py:914} INFO - Processing file /home/airflow/.local/lib/python3.12/site-packages/airflow/example_dags/example_inlet_event_extra.py for tasks to queue
[2025-07-30T17:08:06.763+0000] {logging_mixin.py:190} INFO - [2025-07-30T17:08:06.762+0000] {dagbag.py:588} INFO - Filling up the DagBag from /home/airflow/.local/lib/python3.12/site-packages/airflow/example_dags/example_inlet_event_extra.py
[2025-07-30T17:08:07.321+0000] {processor.py:925} INFO - DAG(s) 'read_dataset_event_from_classic', 'read_dataset_event' retrieved from /home/airflow/.local/lib/python3.12/site-packages/airflow/example_dags/example_inlet_event_extra.py
[2025-07-30T17:08:07.337+0000] {logging_mixin.py:190} INFO - [2025-07-30T17:08:07.337+0000] {dag.py:3239} INFO - Sync 2 DAGs
[2025-07-30T17:08:07.363+0000] {logging_mixin.py:190} INFO - [2025-07-30T17:08:07.363+0000] {dag.py:4180} INFO - Setting next_dagrun for read_dataset_event to 2025-07-29 00:00:00+00:00, run_after=2025-07-30 00:00:00+00:00
[2025-07-30T17:08:07.367+0000] {logging_mixin.py:190} INFO - [2025-07-30T17:08:07.367+0000] {dag.py:4180} INFO - Setting next_dagrun for read_dataset_event_from_classic to 2025-07-29 00:00:00+00:00, run_after=2025-07-30 00:00:00+00:00
[2025-07-30T17:08:07.380+0000] {processor.py:208} INFO - Processing /home/airflow/.local/lib/python3.12/site-packages/airflow/example_dags/example_inlet_event_extra.py took 0.626 seconds
[2025-07-30T17:08:37.569+0000] {processor.py:186} INFO - Started process (PID=4701) to work on /home/airflow/.local/lib/python3.12/site-packages/airflow/example_dags/example_inlet_event_extra.py
[2025-07-30T17:08:37.570+0000] {processor.py:914} INFO - Processing file /home/airflow/.local/lib/python3.12/site-packages/airflow/example_dags/example_inlet_event_extra.py for tasks to queue
[2025-07-30T17:08:37.572+0000] {logging_mixin.py:190} INFO - [2025-07-30T17:08:37.571+0000] {dagbag.py:588} INFO - Filling up the DagBag from /home/airflow/.local/lib/python3.12/site-packages/airflow/example_dags/example_inlet_event_extra.py
[2025-07-30T17:08:38.104+0000] {processor.py:925} INFO - DAG(s) 'read_dataset_event_from_classic', 'read_dataset_event' retrieved from /home/airflow/.local/lib/python3.12/site-packages/airflow/example_dags/example_inlet_event_extra.py
[2025-07-30T17:08:38.121+0000] {logging_mixin.py:190} INFO - [2025-07-30T17:08:38.121+0000] {dag.py:3239} INFO - Sync 2 DAGs
[2025-07-30T17:08:38.142+0000] {logging_mixin.py:190} INFO - [2025-07-30T17:08:38.142+0000] {dag.py:4180} INFO - Setting next_dagrun for read_dataset_event to 2025-07-29 00:00:00+00:00, run_after=2025-07-30 00:00:00+00:00
[2025-07-30T17:08:38.146+0000] {logging_mixin.py:190} INFO - [2025-07-30T17:08:38.146+0000] {dag.py:4180} INFO - Setting next_dagrun for read_dataset_event_from_classic to 2025-07-29 00:00:00+00:00, run_after=2025-07-30 00:00:00+00:00
[2025-07-30T17:08:38.159+0000] {processor.py:208} INFO - Processing /home/airflow/.local/lib/python3.12/site-packages/airflow/example_dags/example_inlet_event_extra.py took 0.596 seconds
[2025-07-30T17:09:08.891+0000] {processor.py:186} INFO - Started process (PID=5012) to work on /home/airflow/.local/lib/python3.12/site-packages/airflow/example_dags/example_inlet_event_extra.py
[2025-07-30T17:09:08.892+0000] {processor.py:914} INFO - Processing file /home/airflow/.local/lib/python3.12/site-packages/airflow/example_dags/example_inlet_event_extra.py for tasks to queue
[2025-07-30T17:09:08.894+0000] {logging_mixin.py:190} INFO - [2025-07-30T17:09:08.893+0000] {dagbag.py:588} INFO - Filling up the DagBag from /home/airflow/.local/lib/python3.12/site-packages/airflow/example_dags/example_inlet_event_extra.py
[2025-07-30T17:09:09.489+0000] {processor.py:925} INFO - DAG(s) 'read_dataset_event', 'read_dataset_event_from_classic' retrieved from /home/airflow/.local/lib/python3.12/site-packages/airflow/example_dags/example_inlet_event_extra.py
[2025-07-30T17:09:09.506+0000] {logging_mixin.py:190} INFO - [2025-07-30T17:09:09.506+0000] {dag.py:3239} INFO - Sync 2 DAGs
[2025-07-30T17:09:09.525+0000] {logging_mixin.py:190} INFO - [2025-07-30T17:09:09.524+0000] {dag.py:4180} INFO - Setting next_dagrun for read_dataset_event to 2025-07-29 00:00:00+00:00, run_after=2025-07-30 00:00:00+00:00
[2025-07-30T17:09:09.528+0000] {logging_mixin.py:190} INFO - [2025-07-30T17:09:09.528+0000] {dag.py:4180} INFO - Setting next_dagrun for read_dataset_event_from_classic to 2025-07-29 00:00:00+00:00, run_after=2025-07-30 00:00:00+00:00
[2025-07-30T17:09:09.540+0000] {processor.py:208} INFO - Processing /home/airflow/.local/lib/python3.12/site-packages/airflow/example_dags/example_inlet_event_extra.py took 0.654 seconds
[2025-07-30T17:09:39.633+0000] {processor.py:186} INFO - Started process (PID=5333) to work on /home/airflow/.local/lib/python3.12/site-packages/airflow/example_dags/example_inlet_event_extra.py
[2025-07-30T17:09:39.634+0000] {processor.py:914} INFO - Processing file /home/airflow/.local/lib/python3.12/site-packages/airflow/example_dags/example_inlet_event_extra.py for tasks to queue
[2025-07-30T17:09:39.635+0000] {logging_mixin.py:190} INFO - [2025-07-30T17:09:39.635+0000] {dagbag.py:588} INFO - Filling up the DagBag from /home/airflow/.local/lib/python3.12/site-packages/airflow/example_dags/example_inlet_event_extra.py
[2025-07-30T17:09:40.209+0000] {processor.py:925} INFO - DAG(s) 'read_dataset_event_from_classic', 'read_dataset_event' retrieved from /home/airflow/.local/lib/python3.12/site-packages/airflow/example_dags/example_inlet_event_extra.py
[2025-07-30T17:09:40.252+0000] {logging_mixin.py:190} INFO - [2025-07-30T17:09:40.251+0000] {dag.py:3239} INFO - Sync 2 DAGs
[2025-07-30T17:09:40.291+0000] {logging_mixin.py:190} INFO - [2025-07-30T17:09:40.291+0000] {dag.py:4180} INFO - Setting next_dagrun for read_dataset_event to 2025-07-29 00:00:00+00:00, run_after=2025-07-30 00:00:00+00:00
[2025-07-30T17:09:40.297+0000] {logging_mixin.py:190} INFO - [2025-07-30T17:09:40.297+0000] {dag.py:4180} INFO - Setting next_dagrun for read_dataset_event_from_classic to 2025-07-29 00:00:00+00:00, run_after=2025-07-30 00:00:00+00:00
[2025-07-30T17:09:40.313+0000] {processor.py:208} INFO - Processing /home/airflow/.local/lib/python3.12/site-packages/airflow/example_dags/example_inlet_event_extra.py took 0.685 seconds
[2025-07-30T17:10:10.691+0000] {processor.py:186} INFO - Started process (PID=5645) to work on /home/airflow/.local/lib/python3.12/site-packages/airflow/example_dags/example_inlet_event_extra.py
[2025-07-30T17:10:10.692+0000] {processor.py:914} INFO - Processing file /home/airflow/.local/lib/python3.12/site-packages/airflow/example_dags/example_inlet_event_extra.py for tasks to queue
[2025-07-30T17:10:10.694+0000] {logging_mixin.py:190} INFO - [2025-07-30T17:10:10.694+0000] {dagbag.py:588} INFO - Filling up the DagBag from /home/airflow/.local/lib/python3.12/site-packages/airflow/example_dags/example_inlet_event_extra.py
[2025-07-30T17:10:11.189+0000] {processor.py:925} INFO - DAG(s) 'read_dataset_event', 'read_dataset_event_from_classic' retrieved from /home/airflow/.local/lib/python3.12/site-packages/airflow/example_dags/example_inlet_event_extra.py
[2025-07-30T17:10:11.212+0000] {logging_mixin.py:190} INFO - [2025-07-30T17:10:11.212+0000] {dag.py:3239} INFO - Sync 2 DAGs
[2025-07-30T17:10:11.236+0000] {logging_mixin.py:190} INFO - [2025-07-30T17:10:11.236+0000] {dag.py:4180} INFO - Setting next_dagrun for read_dataset_event to 2025-07-29 00:00:00+00:00, run_after=2025-07-30 00:00:00+00:00
[2025-07-30T17:10:11.240+0000] {logging_mixin.py:190} INFO - [2025-07-30T17:10:11.240+0000] {dag.py:4180} INFO - Setting next_dagrun for read_dataset_event_from_classic to 2025-07-29 00:00:00+00:00, run_after=2025-07-30 00:00:00+00:00
[2025-07-30T17:10:11.252+0000] {processor.py:208} INFO - Processing /home/airflow/.local/lib/python3.12/site-packages/airflow/example_dags/example_inlet_event_extra.py took 0.565 seconds
[2025-07-30T17:10:41.872+0000] {processor.py:186} INFO - Started process (PID=5951) to work on /home/airflow/.local/lib/python3.12/site-packages/airflow/example_dags/example_inlet_event_extra.py
[2025-07-30T17:10:41.873+0000] {processor.py:914} INFO - Processing file /home/airflow/.local/lib/python3.12/site-packages/airflow/example_dags/example_inlet_event_extra.py for tasks to queue
[2025-07-30T17:10:41.875+0000] {logging_mixin.py:190} INFO - [2025-07-30T17:10:41.875+0000] {dagbag.py:588} INFO - Filling up the DagBag from /home/airflow/.local/lib/python3.12/site-packages/airflow/example_dags/example_inlet_event_extra.py
[2025-07-30T17:10:42.348+0000] {processor.py:925} INFO - DAG(s) 'read_dataset_event', 'read_dataset_event_from_classic' retrieved from /home/airflow/.local/lib/python3.12/site-packages/airflow/example_dags/example_inlet_event_extra.py
[2025-07-30T17:10:42.364+0000] {logging_mixin.py:190} INFO - [2025-07-30T17:10:42.364+0000] {dag.py:3239} INFO - Sync 2 DAGs
[2025-07-30T17:10:42.383+0000] {logging_mixin.py:190} INFO - [2025-07-30T17:10:42.383+0000] {dag.py:4180} INFO - Setting next_dagrun for read_dataset_event to 2025-07-29 00:00:00+00:00, run_after=2025-07-30 00:00:00+00:00
[2025-07-30T17:10:42.387+0000] {logging_mixin.py:190} INFO - [2025-07-30T17:10:42.387+0000] {dag.py:4180} INFO - Setting next_dagrun for read_dataset_event_from_classic to 2025-07-29 00:00:00+00:00, run_after=2025-07-30 00:00:00+00:00
[2025-07-30T17:10:42.398+0000] {processor.py:208} INFO - Processing /home/airflow/.local/lib/python3.12/site-packages/airflow/example_dags/example_inlet_event_extra.py took 0.531 seconds
[2025-07-30T17:11:13.234+0000] {processor.py:186} INFO - Started process (PID=6257) to work on /home/airflow/.local/lib/python3.12/site-packages/airflow/example_dags/example_inlet_event_extra.py
[2025-07-30T17:11:13.235+0000] {processor.py:914} INFO - Processing file /home/airflow/.local/lib/python3.12/site-packages/airflow/example_dags/example_inlet_event_extra.py for tasks to queue
[2025-07-30T17:11:13.238+0000] {logging_mixin.py:190} INFO - [2025-07-30T17:11:13.237+0000] {dagbag.py:588} INFO - Filling up the DagBag from /home/airflow/.local/lib/python3.12/site-packages/airflow/example_dags/example_inlet_event_extra.py
[2025-07-30T17:11:13.708+0000] {processor.py:925} INFO - DAG(s) 'read_dataset_event', 'read_dataset_event_from_classic' retrieved from /home/airflow/.local/lib/python3.12/site-packages/airflow/example_dags/example_inlet_event_extra.py
[2025-07-30T17:11:13.723+0000] {logging_mixin.py:190} INFO - [2025-07-30T17:11:13.723+0000] {dag.py:3239} INFO - Sync 2 DAGs
[2025-07-30T17:11:13.743+0000] {logging_mixin.py:190} INFO - [2025-07-30T17:11:13.742+0000] {dag.py:4180} INFO - Setting next_dagrun for read_dataset_event to 2025-07-29 00:00:00+00:00, run_after=2025-07-30 00:00:00+00:00
[2025-07-30T17:11:13.747+0000] {logging_mixin.py:190} INFO - [2025-07-30T17:11:13.746+0000] {dag.py:4180} INFO - Setting next_dagrun for read_dataset_event_from_classic to 2025-07-29 00:00:00+00:00, run_after=2025-07-30 00:00:00+00:00
[2025-07-30T17:11:13.759+0000] {processor.py:208} INFO - Processing /home/airflow/.local/lib/python3.12/site-packages/airflow/example_dags/example_inlet_event_extra.py took 0.530 seconds
[2025-07-30T17:11:43.836+0000] {processor.py:186} INFO - Started process (PID=6563) to work on /home/airflow/.local/lib/python3.12/site-packages/airflow/example_dags/example_inlet_event_extra.py
[2025-07-30T17:11:43.836+0000] {processor.py:914} INFO - Processing file /home/airflow/.local/lib/python3.12/site-packages/airflow/example_dags/example_inlet_event_extra.py for tasks to queue
[2025-07-30T17:11:43.838+0000] {logging_mixin.py:190} INFO - [2025-07-30T17:11:43.838+0000] {dagbag.py:588} INFO - Filling up the DagBag from /home/airflow/.local/lib/python3.12/site-packages/airflow/example_dags/example_inlet_event_extra.py
[2025-07-30T17:11:44.291+0000] {processor.py:925} INFO - DAG(s) 'read_dataset_event_from_classic', 'read_dataset_event' retrieved from /home/airflow/.local/lib/python3.12/site-packages/airflow/example_dags/example_inlet_event_extra.py
[2025-07-30T17:11:44.307+0000] {logging_mixin.py:190} INFO - [2025-07-30T17:11:44.307+0000] {dag.py:3239} INFO - Sync 2 DAGs
[2025-07-30T17:11:44.326+0000] {logging_mixin.py:190} INFO - [2025-07-30T17:11:44.326+0000] {dag.py:4180} INFO - Setting next_dagrun for read_dataset_event to 2025-07-29 00:00:00+00:00, run_after=2025-07-30 00:00:00+00:00
[2025-07-30T17:11:44.330+0000] {logging_mixin.py:190} INFO - [2025-07-30T17:11:44.329+0000] {dag.py:4180} INFO - Setting next_dagrun for read_dataset_event_from_classic to 2025-07-29 00:00:00+00:00, run_after=2025-07-30 00:00:00+00:00
[2025-07-30T17:11:44.342+0000] {processor.py:208} INFO - Processing /home/airflow/.local/lib/python3.12/site-packages/airflow/example_dags/example_inlet_event_extra.py took 0.510 seconds
[2025-07-30T17:12:14.385+0000] {processor.py:186} INFO - Started process (PID=6869) to work on /home/airflow/.local/lib/python3.12/site-packages/airflow/example_dags/example_inlet_event_extra.py
[2025-07-30T17:12:14.386+0000] {processor.py:914} INFO - Processing file /home/airflow/.local/lib/python3.12/site-packages/airflow/example_dags/example_inlet_event_extra.py for tasks to queue
[2025-07-30T17:12:14.388+0000] {logging_mixin.py:190} INFO - [2025-07-30T17:12:14.388+0000] {dagbag.py:588} INFO - Filling up the DagBag from /home/airflow/.local/lib/python3.12/site-packages/airflow/example_dags/example_inlet_event_extra.py
[2025-07-30T17:12:14.944+0000] {processor.py:925} INFO - DAG(s) 'read_dataset_event_from_classic', 'read_dataset_event' retrieved from /home/airflow/.local/lib/python3.12/site-packages/airflow/example_dags/example_inlet_event_extra.py
[2025-07-30T17:12:14.965+0000] {logging_mixin.py:190} INFO - [2025-07-30T17:12:14.964+0000] {dag.py:3239} INFO - Sync 2 DAGs
[2025-07-30T17:12:14.994+0000] {logging_mixin.py:190} INFO - [2025-07-30T17:12:14.994+0000] {dag.py:4180} INFO - Setting next_dagrun for read_dataset_event to 2025-07-29 00:00:00+00:00, run_after=2025-07-30 00:00:00+00:00
[2025-07-30T17:12:15.000+0000] {logging_mixin.py:190} INFO - [2025-07-30T17:12:15.000+0000] {dag.py:4180} INFO - Setting next_dagrun for read_dataset_event_from_classic to 2025-07-29 00:00:00+00:00, run_after=2025-07-30 00:00:00+00:00
[2025-07-30T17:12:15.016+0000] {processor.py:208} INFO - Processing /home/airflow/.local/lib/python3.12/site-packages/airflow/example_dags/example_inlet_event_extra.py took 0.635 seconds
[2025-07-30T17:12:45.290+0000] {processor.py:186} INFO - Started process (PID=7175) to work on /home/airflow/.local/lib/python3.12/site-packages/airflow/example_dags/example_inlet_event_extra.py
[2025-07-30T17:12:45.291+0000] {processor.py:914} INFO - Processing file /home/airflow/.local/lib/python3.12/site-packages/airflow/example_dags/example_inlet_event_extra.py for tasks to queue
[2025-07-30T17:12:45.294+0000] {logging_mixin.py:190} INFO - [2025-07-30T17:12:45.293+0000] {dagbag.py:588} INFO - Filling up the DagBag from /home/airflow/.local/lib/python3.12/site-packages/airflow/example_dags/example_inlet_event_extra.py
[2025-07-30T17:12:45.765+0000] {processor.py:925} INFO - DAG(s) 'read_dataset_event_from_classic', 'read_dataset_event' retrieved from /home/airflow/.local/lib/python3.12/site-packages/airflow/example_dags/example_inlet_event_extra.py
[2025-07-30T17:12:45.781+0000] {logging_mixin.py:190} INFO - [2025-07-30T17:12:45.781+0000] {dag.py:3239} INFO - Sync 2 DAGs
[2025-07-30T17:12:45.800+0000] {logging_mixin.py:190} INFO - [2025-07-30T17:12:45.800+0000] {dag.py:4180} INFO - Setting next_dagrun for read_dataset_event to 2025-07-29 00:00:00+00:00, run_after=2025-07-30 00:00:00+00:00
[2025-07-30T17:12:45.804+0000] {logging_mixin.py:190} INFO - [2025-07-30T17:12:45.804+0000] {dag.py:4180} INFO - Setting next_dagrun for read_dataset_event_from_classic to 2025-07-29 00:00:00+00:00, run_after=2025-07-30 00:00:00+00:00
[2025-07-30T17:12:45.815+0000] {processor.py:208} INFO - Processing /home/airflow/.local/lib/python3.12/site-packages/airflow/example_dags/example_inlet_event_extra.py took 0.532 seconds
