[2025-07-30T17:01:22.205+0000] {processor.py:186} INFO - Started process (PID=377) to work on /home/airflow/.local/lib/python3.12/site-packages/airflow/example_dags/example_python_decorator.py
[2025-07-30T17:01:22.206+0000] {processor.py:914} INFO - Processing file /home/airflow/.local/lib/python3.12/site-packages/airflow/example_dags/example_python_decorator.py for tasks to queue
[2025-07-30T17:01:22.208+0000] {logging_mixin.py:190} INFO - [2025-07-30T17:01:22.208+0000] {dagbag.py:588} INFO - Filling up the DagBag from /home/airflow/.local/lib/python3.12/site-packages/airflow/example_dags/example_python_decorator.py
[2025-07-30T17:01:22.226+0000] {processor.py:925} INFO - DAG(s) 'example_python_decorator' retrieved from /home/airflow/.local/lib/python3.12/site-packages/airflow/example_dags/example_python_decorator.py
[2025-07-30T17:01:22.461+0000] {logging_mixin.py:190} INFO - [2025-07-30T17:01:22.460+0000] {override.py:1911} INFO - Created Permission View: can read on DAG:example_python_decorator
[2025-07-30T17:01:22.471+0000] {logging_mixin.py:190} INFO - [2025-07-30T17:01:22.471+0000] {override.py:1911} INFO - Created Permission View: can delete on DAG:example_python_decorator
[2025-07-30T17:01:22.483+0000] {logging_mixin.py:190} INFO - [2025-07-30T17:01:22.483+0000] {override.py:1911} INFO - Created Permission View: can edit on DAG:example_python_decorator
[2025-07-30T17:01:22.501+0000] {logging_mixin.py:190} INFO - [2025-07-30T17:01:22.501+0000] {override.py:1911} INFO - Created Permission View: can read on DAG Run:example_python_decorator
[2025-07-30T17:01:22.509+0000] {logging_mixin.py:190} INFO - [2025-07-30T17:01:22.509+0000] {override.py:1911} INFO - Created Permission View: menu access on DAG Run:example_python_decorator
[2025-07-30T17:01:22.521+0000] {logging_mixin.py:190} INFO - [2025-07-30T17:01:22.521+0000] {override.py:1911} INFO - Created Permission View: can delete on DAG Run:example_python_decorator
[2025-07-30T17:01:22.531+0000] {logging_mixin.py:190} INFO - [2025-07-30T17:01:22.531+0000] {override.py:1911} INFO - Created Permission View: can create on DAG Run:example_python_decorator
[2025-07-30T17:01:22.532+0000] {logging_mixin.py:190} INFO - [2025-07-30T17:01:22.532+0000] {dag.py:3239} INFO - Sync 1 DAGs
[2025-07-30T17:01:22.557+0000] {logging_mixin.py:190} INFO - [2025-07-30T17:01:22.557+0000] {dag.py:3262} INFO - Creating ORM DAG for example_python_decorator
[2025-07-30T17:01:22.561+0000] {logging_mixin.py:190} INFO - [2025-07-30T17:01:22.560+0000] {dag.py:4180} INFO - Setting next_dagrun for example_python_decorator to None, run_after=None
[2025-07-30T17:01:22.590+0000] {processor.py:208} INFO - Processing /home/airflow/.local/lib/python3.12/site-packages/airflow/example_dags/example_python_decorator.py took 0.391 seconds
[2025-07-30T17:01:52.818+0000] {processor.py:186} INFO - Started process (PID=682) to work on /home/airflow/.local/lib/python3.12/site-packages/airflow/example_dags/example_python_decorator.py
[2025-07-30T17:01:52.819+0000] {processor.py:914} INFO - Processing file /home/airflow/.local/lib/python3.12/site-packages/airflow/example_dags/example_python_decorator.py for tasks to queue
[2025-07-30T17:01:52.821+0000] {logging_mixin.py:190} INFO - [2025-07-30T17:01:52.821+0000] {dagbag.py:588} INFO - Filling up the DagBag from /home/airflow/.local/lib/python3.12/site-packages/airflow/example_dags/example_python_decorator.py
[2025-07-30T17:01:52.836+0000] {processor.py:925} INFO - DAG(s) 'example_python_decorator' retrieved from /home/airflow/.local/lib/python3.12/site-packages/airflow/example_dags/example_python_decorator.py
[2025-07-30T17:01:52.860+0000] {logging_mixin.py:190} INFO - [2025-07-30T17:01:52.859+0000] {dag.py:3239} INFO - Sync 1 DAGs
[2025-07-30T17:01:52.875+0000] {logging_mixin.py:190} INFO - [2025-07-30T17:01:52.875+0000] {dag.py:4180} INFO - Setting next_dagrun for example_python_decorator to None, run_after=None
[2025-07-30T17:01:52.891+0000] {processor.py:208} INFO - Processing /home/airflow/.local/lib/python3.12/site-packages/airflow/example_dags/example_python_decorator.py took 0.079 seconds
[2025-07-30T17:02:22.946+0000] {processor.py:186} INFO - Started process (PID=984) to work on /home/airflow/.local/lib/python3.12/site-packages/airflow/example_dags/example_python_decorator.py
[2025-07-30T17:02:22.946+0000] {processor.py:914} INFO - Processing file /home/airflow/.local/lib/python3.12/site-packages/airflow/example_dags/example_python_decorator.py for tasks to queue
[2025-07-30T17:02:22.948+0000] {logging_mixin.py:190} INFO - [2025-07-30T17:02:22.948+0000] {dagbag.py:588} INFO - Filling up the DagBag from /home/airflow/.local/lib/python3.12/site-packages/airflow/example_dags/example_python_decorator.py
[2025-07-30T17:02:22.964+0000] {processor.py:925} INFO - DAG(s) 'example_python_decorator' retrieved from /home/airflow/.local/lib/python3.12/site-packages/airflow/example_dags/example_python_decorator.py
[2025-07-30T17:02:22.994+0000] {logging_mixin.py:190} INFO - [2025-07-30T17:02:22.994+0000] {dag.py:3239} INFO - Sync 1 DAGs
[2025-07-30T17:02:23.011+0000] {logging_mixin.py:190} INFO - [2025-07-30T17:02:23.010+0000] {dag.py:4180} INFO - Setting next_dagrun for example_python_decorator to None, run_after=None
[2025-07-30T17:02:23.030+0000] {processor.py:208} INFO - Processing /home/airflow/.local/lib/python3.12/site-packages/airflow/example_dags/example_python_decorator.py took 0.089 seconds
[2025-07-30T17:02:53.494+0000] {processor.py:186} INFO - Started process (PID=1290) to work on /home/airflow/.local/lib/python3.12/site-packages/airflow/example_dags/example_python_decorator.py
[2025-07-30T17:02:53.495+0000] {processor.py:914} INFO - Processing file /home/airflow/.local/lib/python3.12/site-packages/airflow/example_dags/example_python_decorator.py for tasks to queue
[2025-07-30T17:02:53.497+0000] {logging_mixin.py:190} INFO - [2025-07-30T17:02:53.496+0000] {dagbag.py:588} INFO - Filling up the DagBag from /home/airflow/.local/lib/python3.12/site-packages/airflow/example_dags/example_python_decorator.py
[2025-07-30T17:02:53.508+0000] {processor.py:925} INFO - DAG(s) 'example_python_decorator' retrieved from /home/airflow/.local/lib/python3.12/site-packages/airflow/example_dags/example_python_decorator.py
[2025-07-30T17:02:53.525+0000] {logging_mixin.py:190} INFO - [2025-07-30T17:02:53.524+0000] {dag.py:3239} INFO - Sync 1 DAGs
[2025-07-30T17:02:53.535+0000] {logging_mixin.py:190} INFO - [2025-07-30T17:02:53.535+0000] {dag.py:4180} INFO - Setting next_dagrun for example_python_decorator to None, run_after=None
[2025-07-30T17:02:53.549+0000] {processor.py:208} INFO - Processing /home/airflow/.local/lib/python3.12/site-packages/airflow/example_dags/example_python_decorator.py took 0.059 seconds
[2025-07-30T17:03:23.764+0000] {processor.py:186} INFO - Started process (PID=1594) to work on /home/airflow/.local/lib/python3.12/site-packages/airflow/example_dags/example_python_decorator.py
[2025-07-30T17:03:23.765+0000] {processor.py:914} INFO - Processing file /home/airflow/.local/lib/python3.12/site-packages/airflow/example_dags/example_python_decorator.py for tasks to queue
[2025-07-30T17:03:23.767+0000] {logging_mixin.py:190} INFO - [2025-07-30T17:03:23.766+0000] {dagbag.py:588} INFO - Filling up the DagBag from /home/airflow/.local/lib/python3.12/site-packages/airflow/example_dags/example_python_decorator.py
[2025-07-30T17:03:23.781+0000] {processor.py:925} INFO - DAG(s) 'example_python_decorator' retrieved from /home/airflow/.local/lib/python3.12/site-packages/airflow/example_dags/example_python_decorator.py
[2025-07-30T17:03:23.797+0000] {logging_mixin.py:190} INFO - [2025-07-30T17:03:23.797+0000] {dag.py:3239} INFO - Sync 1 DAGs
[2025-07-30T17:03:23.808+0000] {logging_mixin.py:190} INFO - [2025-07-30T17:03:23.808+0000] {dag.py:4180} INFO - Setting next_dagrun for example_python_decorator to None, run_after=None
[2025-07-30T17:03:23.821+0000] {processor.py:208} INFO - Processing /home/airflow/.local/lib/python3.12/site-packages/airflow/example_dags/example_python_decorator.py took 0.063 seconds
[2025-07-30T17:03:54.263+0000] {processor.py:186} INFO - Started process (PID=1900) to work on /home/airflow/.local/lib/python3.12/site-packages/airflow/example_dags/example_python_decorator.py
[2025-07-30T17:03:54.264+0000] {processor.py:914} INFO - Processing file /home/airflow/.local/lib/python3.12/site-packages/airflow/example_dags/example_python_decorator.py for tasks to queue
[2025-07-30T17:03:54.266+0000] {logging_mixin.py:190} INFO - [2025-07-30T17:03:54.265+0000] {dagbag.py:588} INFO - Filling up the DagBag from /home/airflow/.local/lib/python3.12/site-packages/airflow/example_dags/example_python_decorator.py
[2025-07-30T17:03:54.279+0000] {processor.py:925} INFO - DAG(s) 'example_python_decorator' retrieved from /home/airflow/.local/lib/python3.12/site-packages/airflow/example_dags/example_python_decorator.py
[2025-07-30T17:03:54.295+0000] {logging_mixin.py:190} INFO - [2025-07-30T17:03:54.295+0000] {dag.py:3239} INFO - Sync 1 DAGs
[2025-07-30T17:03:54.306+0000] {logging_mixin.py:190} INFO - [2025-07-30T17:03:54.306+0000] {dag.py:4180} INFO - Setting next_dagrun for example_python_decorator to None, run_after=None
[2025-07-30T17:03:54.319+0000] {processor.py:208} INFO - Processing /home/airflow/.local/lib/python3.12/site-packages/airflow/example_dags/example_python_decorator.py took 0.062 seconds
[2025-07-30T17:04:24.749+0000] {processor.py:186} INFO - Started process (PID=2206) to work on /home/airflow/.local/lib/python3.12/site-packages/airflow/example_dags/example_python_decorator.py
[2025-07-30T17:04:24.750+0000] {processor.py:914} INFO - Processing file /home/airflow/.local/lib/python3.12/site-packages/airflow/example_dags/example_python_decorator.py for tasks to queue
[2025-07-30T17:04:24.752+0000] {logging_mixin.py:190} INFO - [2025-07-30T17:04:24.751+0000] {dagbag.py:588} INFO - Filling up the DagBag from /home/airflow/.local/lib/python3.12/site-packages/airflow/example_dags/example_python_decorator.py
[2025-07-30T17:04:24.769+0000] {processor.py:925} INFO - DAG(s) 'example_python_decorator' retrieved from /home/airflow/.local/lib/python3.12/site-packages/airflow/example_dags/example_python_decorator.py
[2025-07-30T17:04:24.793+0000] {logging_mixin.py:190} INFO - [2025-07-30T17:04:24.793+0000] {dag.py:3239} INFO - Sync 1 DAGs
[2025-07-30T17:04:24.810+0000] {logging_mixin.py:190} INFO - [2025-07-30T17:04:24.810+0000] {dag.py:4180} INFO - Setting next_dagrun for example_python_decorator to None, run_after=None
[2025-07-30T17:04:24.827+0000] {processor.py:208} INFO - Processing /home/airflow/.local/lib/python3.12/site-packages/airflow/example_dags/example_python_decorator.py took 0.084 seconds
[2025-07-30T17:04:55.455+0000] {processor.py:186} INFO - Started process (PID=2512) to work on /home/airflow/.local/lib/python3.12/site-packages/airflow/example_dags/example_python_decorator.py
[2025-07-30T17:04:55.455+0000] {processor.py:914} INFO - Processing file /home/airflow/.local/lib/python3.12/site-packages/airflow/example_dags/example_python_decorator.py for tasks to queue
[2025-07-30T17:04:55.458+0000] {logging_mixin.py:190} INFO - [2025-07-30T17:04:55.457+0000] {dagbag.py:588} INFO - Filling up the DagBag from /home/airflow/.local/lib/python3.12/site-packages/airflow/example_dags/example_python_decorator.py
[2025-07-30T17:04:55.474+0000] {processor.py:925} INFO - DAG(s) 'example_python_decorator' retrieved from /home/airflow/.local/lib/python3.12/site-packages/airflow/example_dags/example_python_decorator.py
[2025-07-30T17:04:55.499+0000] {logging_mixin.py:190} INFO - [2025-07-30T17:04:55.499+0000] {dag.py:3239} INFO - Sync 1 DAGs
[2025-07-30T17:04:55.516+0000] {logging_mixin.py:190} INFO - [2025-07-30T17:04:55.516+0000] {dag.py:4180} INFO - Setting next_dagrun for example_python_decorator to None, run_after=None
[2025-07-30T17:04:55.533+0000] {processor.py:208} INFO - Processing /home/airflow/.local/lib/python3.12/site-packages/airflow/example_dags/example_python_decorator.py took 0.085 seconds
[2025-07-30T17:05:25.909+0000] {processor.py:186} INFO - Started process (PID=2818) to work on /home/airflow/.local/lib/python3.12/site-packages/airflow/example_dags/example_python_decorator.py
[2025-07-30T17:05:25.910+0000] {processor.py:914} INFO - Processing file /home/airflow/.local/lib/python3.12/site-packages/airflow/example_dags/example_python_decorator.py for tasks to queue
[2025-07-30T17:05:25.912+0000] {logging_mixin.py:190} INFO - [2025-07-30T17:05:25.911+0000] {dagbag.py:588} INFO - Filling up the DagBag from /home/airflow/.local/lib/python3.12/site-packages/airflow/example_dags/example_python_decorator.py
[2025-07-30T17:05:25.926+0000] {processor.py:925} INFO - DAG(s) 'example_python_decorator' retrieved from /home/airflow/.local/lib/python3.12/site-packages/airflow/example_dags/example_python_decorator.py
[2025-07-30T17:05:25.949+0000] {logging_mixin.py:190} INFO - [2025-07-30T17:05:25.949+0000] {dag.py:3239} INFO - Sync 1 DAGs
[2025-07-30T17:05:25.964+0000] {logging_mixin.py:190} INFO - [2025-07-30T17:05:25.963+0000] {dag.py:4180} INFO - Setting next_dagrun for example_python_decorator to None, run_after=None
[2025-07-30T17:05:25.980+0000] {processor.py:208} INFO - Processing /home/airflow/.local/lib/python3.12/site-packages/airflow/example_dags/example_python_decorator.py took 0.077 seconds
[2025-07-30T17:05:56.934+0000] {processor.py:186} INFO - Started process (PID=3124) to work on /home/airflow/.local/lib/python3.12/site-packages/airflow/example_dags/example_python_decorator.py
[2025-07-30T17:05:56.935+0000] {processor.py:914} INFO - Processing file /home/airflow/.local/lib/python3.12/site-packages/airflow/example_dags/example_python_decorator.py for tasks to queue
[2025-07-30T17:05:56.937+0000] {logging_mixin.py:190} INFO - [2025-07-30T17:05:56.937+0000] {dagbag.py:588} INFO - Filling up the DagBag from /home/airflow/.local/lib/python3.12/site-packages/airflow/example_dags/example_python_decorator.py
[2025-07-30T17:05:56.953+0000] {processor.py:925} INFO - DAG(s) 'example_python_decorator' retrieved from /home/airflow/.local/lib/python3.12/site-packages/airflow/example_dags/example_python_decorator.py
[2025-07-30T17:05:56.981+0000] {logging_mixin.py:190} INFO - [2025-07-30T17:05:56.980+0000] {dag.py:3239} INFO - Sync 1 DAGs
[2025-07-30T17:05:56.997+0000] {logging_mixin.py:190} INFO - [2025-07-30T17:05:56.997+0000] {dag.py:4180} INFO - Setting next_dagrun for example_python_decorator to None, run_after=None
[2025-07-30T17:05:57.017+0000] {processor.py:208} INFO - Processing /home/airflow/.local/lib/python3.12/site-packages/airflow/example_dags/example_python_decorator.py took 0.089 seconds
[2025-07-30T17:06:27.886+0000] {processor.py:186} INFO - Started process (PID=3430) to work on /home/airflow/.local/lib/python3.12/site-packages/airflow/example_dags/example_python_decorator.py
[2025-07-30T17:06:27.888+0000] {processor.py:914} INFO - Processing file /home/airflow/.local/lib/python3.12/site-packages/airflow/example_dags/example_python_decorator.py for tasks to queue
[2025-07-30T17:06:27.890+0000] {logging_mixin.py:190} INFO - [2025-07-30T17:06:27.890+0000] {dagbag.py:588} INFO - Filling up the DagBag from /home/airflow/.local/lib/python3.12/site-packages/airflow/example_dags/example_python_decorator.py
[2025-07-30T17:06:27.920+0000] {processor.py:925} INFO - DAG(s) 'example_python_decorator' retrieved from /home/airflow/.local/lib/python3.12/site-packages/airflow/example_dags/example_python_decorator.py
[2025-07-30T17:06:27.946+0000] {logging_mixin.py:190} INFO - [2025-07-30T17:06:27.945+0000] {dag.py:3239} INFO - Sync 1 DAGs
[2025-07-30T17:06:27.963+0000] {logging_mixin.py:190} INFO - [2025-07-30T17:06:27.963+0000] {dag.py:4180} INFO - Setting next_dagrun for example_python_decorator to None, run_after=None
[2025-07-30T17:06:27.980+0000] {processor.py:208} INFO - Processing /home/airflow/.local/lib/python3.12/site-packages/airflow/example_dags/example_python_decorator.py took 0.103 seconds
[2025-07-30T17:06:58.815+0000] {processor.py:186} INFO - Started process (PID=3736) to work on /home/airflow/.local/lib/python3.12/site-packages/airflow/example_dags/example_python_decorator.py
[2025-07-30T17:06:58.816+0000] {processor.py:914} INFO - Processing file /home/airflow/.local/lib/python3.12/site-packages/airflow/example_dags/example_python_decorator.py for tasks to queue
[2025-07-30T17:06:58.818+0000] {logging_mixin.py:190} INFO - [2025-07-30T17:06:58.818+0000] {dagbag.py:588} INFO - Filling up the DagBag from /home/airflow/.local/lib/python3.12/site-packages/airflow/example_dags/example_python_decorator.py
[2025-07-30T17:06:58.835+0000] {processor.py:925} INFO - DAG(s) 'example_python_decorator' retrieved from /home/airflow/.local/lib/python3.12/site-packages/airflow/example_dags/example_python_decorator.py
[2025-07-30T17:06:58.861+0000] {logging_mixin.py:190} INFO - [2025-07-30T17:06:58.860+0000] {dag.py:3239} INFO - Sync 1 DAGs
[2025-07-30T17:06:58.878+0000] {logging_mixin.py:190} INFO - [2025-07-30T17:06:58.878+0000] {dag.py:4180} INFO - Setting next_dagrun for example_python_decorator to None, run_after=None
[2025-07-30T17:06:58.896+0000] {processor.py:208} INFO - Processing /home/airflow/.local/lib/python3.12/site-packages/airflow/example_dags/example_python_decorator.py took 0.092 seconds
[2025-07-30T17:07:29.105+0000] {processor.py:186} INFO - Started process (PID=4039) to work on /home/airflow/.local/lib/python3.12/site-packages/airflow/example_dags/example_python_decorator.py
[2025-07-30T17:07:29.106+0000] {processor.py:914} INFO - Processing file /home/airflow/.local/lib/python3.12/site-packages/airflow/example_dags/example_python_decorator.py for tasks to queue
[2025-07-30T17:07:29.108+0000] {logging_mixin.py:190} INFO - [2025-07-30T17:07:29.108+0000] {dagbag.py:588} INFO - Filling up the DagBag from /home/airflow/.local/lib/python3.12/site-packages/airflow/example_dags/example_python_decorator.py
[2025-07-30T17:07:29.120+0000] {processor.py:925} INFO - DAG(s) 'example_python_decorator' retrieved from /home/airflow/.local/lib/python3.12/site-packages/airflow/example_dags/example_python_decorator.py
[2025-07-30T17:07:29.137+0000] {logging_mixin.py:190} INFO - [2025-07-30T17:07:29.136+0000] {dag.py:3239} INFO - Sync 1 DAGs
[2025-07-30T17:07:29.148+0000] {logging_mixin.py:190} INFO - [2025-07-30T17:07:29.148+0000] {dag.py:4180} INFO - Setting next_dagrun for example_python_decorator to None, run_after=None
[2025-07-30T17:07:29.161+0000] {processor.py:208} INFO - Processing /home/airflow/.local/lib/python3.12/site-packages/airflow/example_dags/example_python_decorator.py took 0.060 seconds
[2025-07-30T17:07:59.908+0000] {processor.py:186} INFO - Started process (PID=4345) to work on /home/airflow/.local/lib/python3.12/site-packages/airflow/example_dags/example_python_decorator.py
[2025-07-30T17:07:59.909+0000] {processor.py:914} INFO - Processing file /home/airflow/.local/lib/python3.12/site-packages/airflow/example_dags/example_python_decorator.py for tasks to queue
[2025-07-30T17:07:59.911+0000] {logging_mixin.py:190} INFO - [2025-07-30T17:07:59.911+0000] {dagbag.py:588} INFO - Filling up the DagBag from /home/airflow/.local/lib/python3.12/site-packages/airflow/example_dags/example_python_decorator.py
[2025-07-30T17:07:59.922+0000] {processor.py:925} INFO - DAG(s) 'example_python_decorator' retrieved from /home/airflow/.local/lib/python3.12/site-packages/airflow/example_dags/example_python_decorator.py
[2025-07-30T17:07:59.938+0000] {logging_mixin.py:190} INFO - [2025-07-30T17:07:59.938+0000] {dag.py:3239} INFO - Sync 1 DAGs
[2025-07-30T17:07:59.949+0000] {logging_mixin.py:190} INFO - [2025-07-30T17:07:59.949+0000] {dag.py:4180} INFO - Setting next_dagrun for example_python_decorator to None, run_after=None
[2025-07-30T17:07:59.966+0000] {processor.py:208} INFO - Processing /home/airflow/.local/lib/python3.12/site-packages/airflow/example_dags/example_python_decorator.py took 0.062 seconds
[2025-07-30T17:08:30.180+0000] {processor.py:186} INFO - Started process (PID=4651) to work on /home/airflow/.local/lib/python3.12/site-packages/airflow/example_dags/example_python_decorator.py
[2025-07-30T17:08:30.181+0000] {processor.py:914} INFO - Processing file /home/airflow/.local/lib/python3.12/site-packages/airflow/example_dags/example_python_decorator.py for tasks to queue
[2025-07-30T17:08:30.183+0000] {logging_mixin.py:190} INFO - [2025-07-30T17:08:30.182+0000] {dagbag.py:588} INFO - Filling up the DagBag from /home/airflow/.local/lib/python3.12/site-packages/airflow/example_dags/example_python_decorator.py
[2025-07-30T17:08:30.195+0000] {processor.py:925} INFO - DAG(s) 'example_python_decorator' retrieved from /home/airflow/.local/lib/python3.12/site-packages/airflow/example_dags/example_python_decorator.py
[2025-07-30T17:08:30.213+0000] {logging_mixin.py:190} INFO - [2025-07-30T17:08:30.212+0000] {dag.py:3239} INFO - Sync 1 DAGs
[2025-07-30T17:08:30.224+0000] {logging_mixin.py:190} INFO - [2025-07-30T17:08:30.223+0000] {dag.py:4180} INFO - Setting next_dagrun for example_python_decorator to None, run_after=None
[2025-07-30T17:08:30.238+0000] {processor.py:208} INFO - Processing /home/airflow/.local/lib/python3.12/site-packages/airflow/example_dags/example_python_decorator.py took 0.062 seconds
[2025-07-30T17:09:00.375+0000] {processor.py:186} INFO - Started process (PID=4957) to work on /home/airflow/.local/lib/python3.12/site-packages/airflow/example_dags/example_python_decorator.py
[2025-07-30T17:09:00.376+0000] {processor.py:914} INFO - Processing file /home/airflow/.local/lib/python3.12/site-packages/airflow/example_dags/example_python_decorator.py for tasks to queue
[2025-07-30T17:09:00.377+0000] {logging_mixin.py:190} INFO - [2025-07-30T17:09:00.377+0000] {dagbag.py:588} INFO - Filling up the DagBag from /home/airflow/.local/lib/python3.12/site-packages/airflow/example_dags/example_python_decorator.py
[2025-07-30T17:09:00.389+0000] {processor.py:925} INFO - DAG(s) 'example_python_decorator' retrieved from /home/airflow/.local/lib/python3.12/site-packages/airflow/example_dags/example_python_decorator.py
[2025-07-30T17:09:00.412+0000] {logging_mixin.py:190} INFO - [2025-07-30T17:09:00.412+0000] {dag.py:3239} INFO - Sync 1 DAGs
[2025-07-30T17:09:00.423+0000] {logging_mixin.py:190} INFO - [2025-07-30T17:09:00.423+0000] {dag.py:4180} INFO - Setting next_dagrun for example_python_decorator to None, run_after=None
[2025-07-30T17:09:00.436+0000] {processor.py:208} INFO - Processing /home/airflow/.local/lib/python3.12/site-packages/airflow/example_dags/example_python_decorator.py took 0.066 seconds
[2025-07-30T17:09:31.277+0000] {processor.py:186} INFO - Started process (PID=5263) to work on /home/airflow/.local/lib/python3.12/site-packages/airflow/example_dags/example_python_decorator.py
[2025-07-30T17:09:31.277+0000] {processor.py:914} INFO - Processing file /home/airflow/.local/lib/python3.12/site-packages/airflow/example_dags/example_python_decorator.py for tasks to queue
[2025-07-30T17:09:31.279+0000] {logging_mixin.py:190} INFO - [2025-07-30T17:09:31.279+0000] {dagbag.py:588} INFO - Filling up the DagBag from /home/airflow/.local/lib/python3.12/site-packages/airflow/example_dags/example_python_decorator.py
[2025-07-30T17:09:31.290+0000] {processor.py:925} INFO - DAG(s) 'example_python_decorator' retrieved from /home/airflow/.local/lib/python3.12/site-packages/airflow/example_dags/example_python_decorator.py
[2025-07-30T17:09:31.306+0000] {logging_mixin.py:190} INFO - [2025-07-30T17:09:31.306+0000] {dag.py:3239} INFO - Sync 1 DAGs
[2025-07-30T17:09:31.317+0000] {logging_mixin.py:190} INFO - [2025-07-30T17:09:31.317+0000] {dag.py:4180} INFO - Setting next_dagrun for example_python_decorator to None, run_after=None
[2025-07-30T17:09:31.331+0000] {processor.py:208} INFO - Processing /home/airflow/.local/lib/python3.12/site-packages/airflow/example_dags/example_python_decorator.py took 0.061 seconds
[2025-07-30T17:10:01.491+0000] {processor.py:186} INFO - Started process (PID=5569) to work on /home/airflow/.local/lib/python3.12/site-packages/airflow/example_dags/example_python_decorator.py
[2025-07-30T17:10:01.491+0000] {processor.py:914} INFO - Processing file /home/airflow/.local/lib/python3.12/site-packages/airflow/example_dags/example_python_decorator.py for tasks to queue
[2025-07-30T17:10:01.493+0000] {logging_mixin.py:190} INFO - [2025-07-30T17:10:01.493+0000] {dagbag.py:588} INFO - Filling up the DagBag from /home/airflow/.local/lib/python3.12/site-packages/airflow/example_dags/example_python_decorator.py
[2025-07-30T17:10:01.505+0000] {processor.py:925} INFO - DAG(s) 'example_python_decorator' retrieved from /home/airflow/.local/lib/python3.12/site-packages/airflow/example_dags/example_python_decorator.py
[2025-07-30T17:10:01.522+0000] {logging_mixin.py:190} INFO - [2025-07-30T17:10:01.522+0000] {dag.py:3239} INFO - Sync 1 DAGs
[2025-07-30T17:10:01.534+0000] {logging_mixin.py:190} INFO - [2025-07-30T17:10:01.533+0000] {dag.py:4180} INFO - Setting next_dagrun for example_python_decorator to None, run_after=None
[2025-07-30T17:10:01.547+0000] {processor.py:208} INFO - Processing /home/airflow/.local/lib/python3.12/site-packages/airflow/example_dags/example_python_decorator.py took 0.062 seconds
[2025-07-30T17:10:32.439+0000] {processor.py:186} INFO - Started process (PID=5875) to work on /home/airflow/.local/lib/python3.12/site-packages/airflow/example_dags/example_python_decorator.py
[2025-07-30T17:10:32.439+0000] {processor.py:914} INFO - Processing file /home/airflow/.local/lib/python3.12/site-packages/airflow/example_dags/example_python_decorator.py for tasks to queue
[2025-07-30T17:10:32.441+0000] {logging_mixin.py:190} INFO - [2025-07-30T17:10:32.441+0000] {dagbag.py:588} INFO - Filling up the DagBag from /home/airflow/.local/lib/python3.12/site-packages/airflow/example_dags/example_python_decorator.py
[2025-07-30T17:10:32.452+0000] {processor.py:925} INFO - DAG(s) 'example_python_decorator' retrieved from /home/airflow/.local/lib/python3.12/site-packages/airflow/example_dags/example_python_decorator.py
[2025-07-30T17:10:32.468+0000] {logging_mixin.py:190} INFO - [2025-07-30T17:10:32.468+0000] {dag.py:3239} INFO - Sync 1 DAGs
[2025-07-30T17:10:32.479+0000] {logging_mixin.py:190} INFO - [2025-07-30T17:10:32.479+0000] {dag.py:4180} INFO - Setting next_dagrun for example_python_decorator to None, run_after=None
[2025-07-30T17:10:32.493+0000] {processor.py:208} INFO - Processing /home/airflow/.local/lib/python3.12/site-packages/airflow/example_dags/example_python_decorator.py took 0.059 seconds
[2025-07-30T17:11:02.885+0000] {processor.py:186} INFO - Started process (PID=6181) to work on /home/airflow/.local/lib/python3.12/site-packages/airflow/example_dags/example_python_decorator.py
[2025-07-30T17:11:02.885+0000] {processor.py:914} INFO - Processing file /home/airflow/.local/lib/python3.12/site-packages/airflow/example_dags/example_python_decorator.py for tasks to queue
[2025-07-30T17:11:02.887+0000] {logging_mixin.py:190} INFO - [2025-07-30T17:11:02.887+0000] {dagbag.py:588} INFO - Filling up the DagBag from /home/airflow/.local/lib/python3.12/site-packages/airflow/example_dags/example_python_decorator.py
[2025-07-30T17:11:02.898+0000] {processor.py:925} INFO - DAG(s) 'example_python_decorator' retrieved from /home/airflow/.local/lib/python3.12/site-packages/airflow/example_dags/example_python_decorator.py
[2025-07-30T17:11:02.922+0000] {logging_mixin.py:190} INFO - [2025-07-30T17:11:02.922+0000] {dag.py:3239} INFO - Sync 1 DAGs
[2025-07-30T17:11:02.941+0000] {logging_mixin.py:190} INFO - [2025-07-30T17:11:02.941+0000] {dag.py:4180} INFO - Setting next_dagrun for example_python_decorator to None, run_after=None
[2025-07-30T17:11:02.959+0000] {processor.py:208} INFO - Processing /home/airflow/.local/lib/python3.12/site-packages/airflow/example_dags/example_python_decorator.py took 0.079 seconds
[2025-07-30T17:11:33.787+0000] {processor.py:186} INFO - Started process (PID=6487) to work on /home/airflow/.local/lib/python3.12/site-packages/airflow/example_dags/example_python_decorator.py
[2025-07-30T17:11:33.787+0000] {processor.py:914} INFO - Processing file /home/airflow/.local/lib/python3.12/site-packages/airflow/example_dags/example_python_decorator.py for tasks to queue
[2025-07-30T17:11:33.789+0000] {logging_mixin.py:190} INFO - [2025-07-30T17:11:33.789+0000] {dagbag.py:588} INFO - Filling up the DagBag from /home/airflow/.local/lib/python3.12/site-packages/airflow/example_dags/example_python_decorator.py
[2025-07-30T17:11:33.800+0000] {processor.py:925} INFO - DAG(s) 'example_python_decorator' retrieved from /home/airflow/.local/lib/python3.12/site-packages/airflow/example_dags/example_python_decorator.py
[2025-07-30T17:11:33.817+0000] {logging_mixin.py:190} INFO - [2025-07-30T17:11:33.816+0000] {dag.py:3239} INFO - Sync 1 DAGs
[2025-07-30T17:11:33.828+0000] {logging_mixin.py:190} INFO - [2025-07-30T17:11:33.828+0000] {dag.py:4180} INFO - Setting next_dagrun for example_python_decorator to None, run_after=None
[2025-07-30T17:11:33.843+0000] {processor.py:208} INFO - Processing /home/airflow/.local/lib/python3.12/site-packages/airflow/example_dags/example_python_decorator.py took 0.061 seconds
[2025-07-30T17:12:03.901+0000] {processor.py:186} INFO - Started process (PID=6793) to work on /home/airflow/.local/lib/python3.12/site-packages/airflow/example_dags/example_python_decorator.py
[2025-07-30T17:12:03.902+0000] {processor.py:914} INFO - Processing file /home/airflow/.local/lib/python3.12/site-packages/airflow/example_dags/example_python_decorator.py for tasks to queue
[2025-07-30T17:12:03.903+0000] {logging_mixin.py:190} INFO - [2025-07-30T17:12:03.903+0000] {dagbag.py:588} INFO - Filling up the DagBag from /home/airflow/.local/lib/python3.12/site-packages/airflow/example_dags/example_python_decorator.py
[2025-07-30T17:12:03.915+0000] {processor.py:925} INFO - DAG(s) 'example_python_decorator' retrieved from /home/airflow/.local/lib/python3.12/site-packages/airflow/example_dags/example_python_decorator.py
[2025-07-30T17:12:03.932+0000] {logging_mixin.py:190} INFO - [2025-07-30T17:12:03.932+0000] {dag.py:3239} INFO - Sync 1 DAGs
[2025-07-30T17:12:03.944+0000] {logging_mixin.py:190} INFO - [2025-07-30T17:12:03.944+0000] {dag.py:4180} INFO - Setting next_dagrun for example_python_decorator to None, run_after=None
[2025-07-30T17:12:03.957+0000] {processor.py:208} INFO - Processing /home/airflow/.local/lib/python3.12/site-packages/airflow/example_dags/example_python_decorator.py took 0.061 seconds
[2025-07-30T17:12:34.128+0000] {processor.py:186} INFO - Started process (PID=7099) to work on /home/airflow/.local/lib/python3.12/site-packages/airflow/example_dags/example_python_decorator.py
[2025-07-30T17:12:34.128+0000] {processor.py:914} INFO - Processing file /home/airflow/.local/lib/python3.12/site-packages/airflow/example_dags/example_python_decorator.py for tasks to queue
[2025-07-30T17:12:34.130+0000] {logging_mixin.py:190} INFO - [2025-07-30T17:12:34.130+0000] {dagbag.py:588} INFO - Filling up the DagBag from /home/airflow/.local/lib/python3.12/site-packages/airflow/example_dags/example_python_decorator.py
[2025-07-30T17:12:34.141+0000] {processor.py:925} INFO - DAG(s) 'example_python_decorator' retrieved from /home/airflow/.local/lib/python3.12/site-packages/airflow/example_dags/example_python_decorator.py
[2025-07-30T17:12:34.159+0000] {logging_mixin.py:190} INFO - [2025-07-30T17:12:34.158+0000] {dag.py:3239} INFO - Sync 1 DAGs
[2025-07-30T17:12:34.169+0000] {logging_mixin.py:190} INFO - [2025-07-30T17:12:34.169+0000] {dag.py:4180} INFO - Setting next_dagrun for example_python_decorator to None, run_after=None
[2025-07-30T17:12:34.182+0000] {processor.py:208} INFO - Processing /home/airflow/.local/lib/python3.12/site-packages/airflow/example_dags/example_python_decorator.py took 0.059 seconds
[2025-07-30T17:13:04.811+0000] {processor.py:186} INFO - Started process (PID=7405) to work on /home/airflow/.local/lib/python3.12/site-packages/airflow/example_dags/example_python_decorator.py
[2025-07-30T17:13:04.811+0000] {processor.py:914} INFO - Processing file /home/airflow/.local/lib/python3.12/site-packages/airflow/example_dags/example_python_decorator.py for tasks to queue
[2025-07-30T17:13:04.813+0000] {logging_mixin.py:190} INFO - [2025-07-30T17:13:04.813+0000] {dagbag.py:588} INFO - Filling up the DagBag from /home/airflow/.local/lib/python3.12/site-packages/airflow/example_dags/example_python_decorator.py
[2025-07-30T17:13:04.825+0000] {processor.py:925} INFO - DAG(s) 'example_python_decorator' retrieved from /home/airflow/.local/lib/python3.12/site-packages/airflow/example_dags/example_python_decorator.py
[2025-07-30T17:13:04.842+0000] {logging_mixin.py:190} INFO - [2025-07-30T17:13:04.842+0000] {dag.py:3239} INFO - Sync 1 DAGs
[2025-07-30T17:13:04.853+0000] {logging_mixin.py:190} INFO - [2025-07-30T17:13:04.853+0000] {dag.py:4180} INFO - Setting next_dagrun for example_python_decorator to None, run_after=None
[2025-07-30T17:13:04.866+0000] {processor.py:208} INFO - Processing /home/airflow/.local/lib/python3.12/site-packages/airflow/example_dags/example_python_decorator.py took 0.060 seconds
