[2025-07-30T17:01:27.382+0000] {processor.py:186} INFO - Started process (PID=422) to work on /home/airflow/.local/lib/python3.12/site-packages/airflow/example_dags/example_dataset_alias_with_no_taskflow.py
[2025-07-30T17:01:27.383+0000] {processor.py:914} INFO - Processing file /home/airflow/.local/lib/python3.12/site-packages/airflow/example_dags/example_dataset_alias_with_no_taskflow.py for tasks to queue
[2025-07-30T17:01:27.387+0000] {logging_mixin.py:190} INFO - [2025-07-30T17:01:27.387+0000] {dagbag.py:588} INFO - Filling up the DagBag from /home/airflow/.local/lib/python3.12/site-packages/airflow/example_dags/example_dataset_alias_with_no_taskflow.py
[2025-07-30T17:01:28.385+0000] {processor.py:925} INFO - DAG(s) 'dataset_alias_example_alias_consumer_with_no_taskflow', 'dataset_alias_example_alias_producer_with_no_taskflow', 'dataset_s3_bucket_producer_with_no_taskflow', 'dataset_s3_bucket_consumer_with_no_taskflow' retrieved from /home/airflow/.local/lib/python3.12/site-packages/airflow/example_dags/example_dataset_alias_with_no_taskflow.py
[2025-07-30T17:01:28.528+0000] {logging_mixin.py:190} INFO - [2025-07-30T17:01:28.524+0000] {override.py:1911} INFO - Created Permission View: can read on DAG:dataset_alias_example_alias_consumer_with_no_taskflow
[2025-07-30T17:01:28.548+0000] {logging_mixin.py:190} INFO - [2025-07-30T17:01:28.547+0000] {override.py:1911} INFO - Created Permission View: can delete on DAG:dataset_alias_example_alias_consumer_with_no_taskflow
[2025-07-30T17:01:28.565+0000] {logging_mixin.py:190} INFO - [2025-07-30T17:01:28.565+0000] {override.py:1911} INFO - Created Permission View: can edit on DAG:dataset_alias_example_alias_consumer_with_no_taskflow
[2025-07-30T17:01:28.591+0000] {logging_mixin.py:190} INFO - [2025-07-30T17:01:28.590+0000] {override.py:1911} INFO - Created Permission View: can read on DAG Run:dataset_alias_example_alias_consumer_with_no_taskflow
[2025-07-30T17:01:28.615+0000] {logging_mixin.py:190} INFO - [2025-07-30T17:01:28.615+0000] {override.py:1911} INFO - Created Permission View: menu access on DAG Run:dataset_alias_example_alias_consumer_with_no_taskflow
[2025-07-30T17:01:28.686+0000] {logging_mixin.py:190} INFO - [2025-07-30T17:01:28.685+0000] {override.py:1911} INFO - Created Permission View: can delete on DAG Run:dataset_alias_example_alias_consumer_with_no_taskflow
[2025-07-30T17:01:28.700+0000] {logging_mixin.py:190} INFO - [2025-07-30T17:01:28.699+0000] {override.py:1911} INFO - Created Permission View: can create on DAG Run:dataset_alias_example_alias_consumer_with_no_taskflow
[2025-07-30T17:01:28.728+0000] {logging_mixin.py:190} INFO - [2025-07-30T17:01:28.727+0000] {override.py:1911} INFO - Created Permission View: can read on DAG:dataset_alias_example_alias_producer_with_no_taskflow
[2025-07-30T17:01:28.748+0000] {logging_mixin.py:190} INFO - [2025-07-30T17:01:28.747+0000] {override.py:1911} INFO - Created Permission View: can delete on DAG:dataset_alias_example_alias_producer_with_no_taskflow
[2025-07-30T17:01:28.762+0000] {logging_mixin.py:190} INFO - [2025-07-30T17:01:28.761+0000] {override.py:1911} INFO - Created Permission View: can edit on DAG:dataset_alias_example_alias_producer_with_no_taskflow
[2025-07-30T17:01:28.773+0000] {logging_mixin.py:190} INFO - [2025-07-30T17:01:28.773+0000] {override.py:1911} INFO - Created Permission View: can read on DAG Run:dataset_alias_example_alias_producer_with_no_taskflow
[2025-07-30T17:01:28.786+0000] {logging_mixin.py:190} INFO - [2025-07-30T17:01:28.786+0000] {override.py:1911} INFO - Created Permission View: menu access on DAG Run:dataset_alias_example_alias_producer_with_no_taskflow
[2025-07-30T17:01:28.804+0000] {logging_mixin.py:190} INFO - [2025-07-30T17:01:28.804+0000] {override.py:1911} INFO - Created Permission View: can delete on DAG Run:dataset_alias_example_alias_producer_with_no_taskflow
[2025-07-30T17:01:28.815+0000] {logging_mixin.py:190} INFO - [2025-07-30T17:01:28.815+0000] {override.py:1911} INFO - Created Permission View: can create on DAG Run:dataset_alias_example_alias_producer_with_no_taskflow
[2025-07-30T17:01:28.841+0000] {logging_mixin.py:190} INFO - [2025-07-30T17:01:28.841+0000] {override.py:1911} INFO - Created Permission View: can read on DAG:dataset_s3_bucket_producer_with_no_taskflow
[2025-07-30T17:01:28.855+0000] {logging_mixin.py:190} INFO - [2025-07-30T17:01:28.855+0000] {override.py:1911} INFO - Created Permission View: can delete on DAG:dataset_s3_bucket_producer_with_no_taskflow
[2025-07-30T17:01:28.861+0000] {logging_mixin.py:190} INFO - [2025-07-30T17:01:28.861+0000] {override.py:1911} INFO - Created Permission View: can edit on DAG:dataset_s3_bucket_producer_with_no_taskflow
[2025-07-30T17:01:28.874+0000] {logging_mixin.py:190} INFO - [2025-07-30T17:01:28.874+0000] {override.py:1911} INFO - Created Permission View: can read on DAG Run:dataset_s3_bucket_producer_with_no_taskflow
[2025-07-30T17:01:28.899+0000] {logging_mixin.py:190} INFO - [2025-07-30T17:01:28.898+0000] {override.py:1911} INFO - Created Permission View: menu access on DAG Run:dataset_s3_bucket_producer_with_no_taskflow
[2025-07-30T17:01:28.911+0000] {logging_mixin.py:190} INFO - [2025-07-30T17:01:28.910+0000] {override.py:1911} INFO - Created Permission View: can delete on DAG Run:dataset_s3_bucket_producer_with_no_taskflow
[2025-07-30T17:01:28.934+0000] {logging_mixin.py:190} INFO - [2025-07-30T17:01:28.933+0000] {override.py:1911} INFO - Created Permission View: can create on DAG Run:dataset_s3_bucket_producer_with_no_taskflow
[2025-07-30T17:01:28.976+0000] {logging_mixin.py:190} INFO - [2025-07-30T17:01:28.975+0000] {override.py:1911} INFO - Created Permission View: can read on DAG:dataset_s3_bucket_consumer_with_no_taskflow
[2025-07-30T17:01:28.990+0000] {logging_mixin.py:190} INFO - [2025-07-30T17:01:28.989+0000] {override.py:1911} INFO - Created Permission View: can delete on DAG:dataset_s3_bucket_consumer_with_no_taskflow
[2025-07-30T17:01:29.004+0000] {logging_mixin.py:190} INFO - [2025-07-30T17:01:29.004+0000] {override.py:1911} INFO - Created Permission View: can edit on DAG:dataset_s3_bucket_consumer_with_no_taskflow
[2025-07-30T17:01:29.017+0000] {logging_mixin.py:190} INFO - [2025-07-30T17:01:29.017+0000] {override.py:1911} INFO - Created Permission View: can read on DAG Run:dataset_s3_bucket_consumer_with_no_taskflow
[2025-07-30T17:01:29.029+0000] {logging_mixin.py:190} INFO - [2025-07-30T17:01:29.029+0000] {override.py:1911} INFO - Created Permission View: menu access on DAG Run:dataset_s3_bucket_consumer_with_no_taskflow
[2025-07-30T17:01:29.045+0000] {logging_mixin.py:190} INFO - [2025-07-30T17:01:29.044+0000] {override.py:1911} INFO - Created Permission View: can delete on DAG Run:dataset_s3_bucket_consumer_with_no_taskflow
[2025-07-30T17:01:29.060+0000] {logging_mixin.py:190} INFO - [2025-07-30T17:01:29.059+0000] {override.py:1911} INFO - Created Permission View: can create on DAG Run:dataset_s3_bucket_consumer_with_no_taskflow
[2025-07-30T17:01:29.063+0000] {logging_mixin.py:190} INFO - [2025-07-30T17:01:29.061+0000] {dag.py:3239} INFO - Sync 4 DAGs
[2025-07-30T17:01:29.092+0000] {logging_mixin.py:190} INFO - [2025-07-30T17:01:29.091+0000] {dag.py:3262} INFO - Creating ORM DAG for dataset_alias_example_alias_producer_with_no_taskflow
[2025-07-30T17:01:29.093+0000] {logging_mixin.py:190} INFO - [2025-07-30T17:01:29.093+0000] {dag.py:3262} INFO - Creating ORM DAG for dataset_s3_bucket_consumer_with_no_taskflow
[2025-07-30T17:01:29.094+0000] {logging_mixin.py:190} INFO - [2025-07-30T17:01:29.094+0000] {dag.py:3262} INFO - Creating ORM DAG for dataset_alias_example_alias_consumer_with_no_taskflow
[2025-07-30T17:01:29.097+0000] {logging_mixin.py:190} INFO - [2025-07-30T17:01:29.097+0000] {dag.py:3262} INFO - Creating ORM DAG for dataset_s3_bucket_producer_with_no_taskflow
[2025-07-30T17:01:29.121+0000] {logging_mixin.py:190} INFO - [2025-07-30T17:01:29.120+0000] {dag.py:4180} INFO - Setting next_dagrun for dataset_alias_example_alias_consumer_with_no_taskflow to None, run_after=None
[2025-07-30T17:01:29.122+0000] {logging_mixin.py:190} INFO - [2025-07-30T17:01:29.121+0000] {dag.py:4180} INFO - Setting next_dagrun for dataset_alias_example_alias_producer_with_no_taskflow to None, run_after=None
[2025-07-30T17:01:29.123+0000] {logging_mixin.py:190} INFO - [2025-07-30T17:01:29.122+0000] {dag.py:4180} INFO - Setting next_dagrun for dataset_s3_bucket_consumer_with_no_taskflow to None, run_after=None
[2025-07-30T17:01:29.124+0000] {logging_mixin.py:190} INFO - [2025-07-30T17:01:29.123+0000] {dag.py:4180} INFO - Setting next_dagrun for dataset_s3_bucket_producer_with_no_taskflow to None, run_after=None
[2025-07-30T17:01:29.200+0000] {processor.py:208} INFO - Processing /home/airflow/.local/lib/python3.12/site-packages/airflow/example_dags/example_dataset_alias_with_no_taskflow.py took 1.832 seconds
[2025-07-30T17:01:59.301+0000] {processor.py:186} INFO - Started process (PID=737) to work on /home/airflow/.local/lib/python3.12/site-packages/airflow/example_dags/example_dataset_alias_with_no_taskflow.py
[2025-07-30T17:01:59.302+0000] {processor.py:914} INFO - Processing file /home/airflow/.local/lib/python3.12/site-packages/airflow/example_dags/example_dataset_alias_with_no_taskflow.py for tasks to queue
[2025-07-30T17:01:59.304+0000] {logging_mixin.py:190} INFO - [2025-07-30T17:01:59.304+0000] {dagbag.py:588} INFO - Filling up the DagBag from /home/airflow/.local/lib/python3.12/site-packages/airflow/example_dags/example_dataset_alias_with_no_taskflow.py
[2025-07-30T17:01:59.806+0000] {processor.py:925} INFO - DAG(s) 'dataset_s3_bucket_consumer_with_no_taskflow', 'dataset_alias_example_alias_producer_with_no_taskflow', 'dataset_alias_example_alias_consumer_with_no_taskflow', 'dataset_s3_bucket_producer_with_no_taskflow' retrieved from /home/airflow/.local/lib/python3.12/site-packages/airflow/example_dags/example_dataset_alias_with_no_taskflow.py
[2025-07-30T17:01:59.821+0000] {logging_mixin.py:190} INFO - [2025-07-30T17:01:59.821+0000] {dag.py:3239} INFO - Sync 4 DAGs
[2025-07-30T17:01:59.838+0000] {logging_mixin.py:190} INFO - [2025-07-30T17:01:59.838+0000] {dag.py:4180} INFO - Setting next_dagrun for dataset_alias_example_alias_consumer_with_no_taskflow to None, run_after=None
[2025-07-30T17:01:59.840+0000] {logging_mixin.py:190} INFO - [2025-07-30T17:01:59.840+0000] {dag.py:4180} INFO - Setting next_dagrun for dataset_alias_example_alias_producer_with_no_taskflow to None, run_after=None
[2025-07-30T17:01:59.842+0000] {logging_mixin.py:190} INFO - [2025-07-30T17:01:59.841+0000] {dag.py:4180} INFO - Setting next_dagrun for dataset_s3_bucket_consumer_with_no_taskflow to None, run_after=None
[2025-07-30T17:01:59.843+0000] {logging_mixin.py:190} INFO - [2025-07-30T17:01:59.842+0000] {dag.py:4180} INFO - Setting next_dagrun for dataset_s3_bucket_producer_with_no_taskflow to None, run_after=None
[2025-07-30T17:01:59.858+0000] {processor.py:208} INFO - Processing /home/airflow/.local/lib/python3.12/site-packages/airflow/example_dags/example_dataset_alias_with_no_taskflow.py took 0.570 seconds
[2025-07-30T17:02:29.978+0000] {processor.py:186} INFO - Started process (PID=1044) to work on /home/airflow/.local/lib/python3.12/site-packages/airflow/example_dags/example_dataset_alias_with_no_taskflow.py
[2025-07-30T17:02:29.979+0000] {processor.py:914} INFO - Processing file /home/airflow/.local/lib/python3.12/site-packages/airflow/example_dags/example_dataset_alias_with_no_taskflow.py for tasks to queue
[2025-07-30T17:02:29.981+0000] {logging_mixin.py:190} INFO - [2025-07-30T17:02:29.981+0000] {dagbag.py:588} INFO - Filling up the DagBag from /home/airflow/.local/lib/python3.12/site-packages/airflow/example_dags/example_dataset_alias_with_no_taskflow.py
[2025-07-30T17:02:30.519+0000] {processor.py:925} INFO - DAG(s) 'dataset_s3_bucket_producer_with_no_taskflow', 'dataset_s3_bucket_consumer_with_no_taskflow', 'dataset_alias_example_alias_producer_with_no_taskflow', 'dataset_alias_example_alias_consumer_with_no_taskflow' retrieved from /home/airflow/.local/lib/python3.12/site-packages/airflow/example_dags/example_dataset_alias_with_no_taskflow.py
[2025-07-30T17:02:30.536+0000] {logging_mixin.py:190} INFO - [2025-07-30T17:02:30.535+0000] {dag.py:3239} INFO - Sync 4 DAGs
[2025-07-30T17:02:30.554+0000] {logging_mixin.py:190} INFO - [2025-07-30T17:02:30.553+0000] {dag.py:4180} INFO - Setting next_dagrun for dataset_alias_example_alias_consumer_with_no_taskflow to None, run_after=None
[2025-07-30T17:02:30.556+0000] {logging_mixin.py:190} INFO - [2025-07-30T17:02:30.555+0000] {dag.py:4180} INFO - Setting next_dagrun for dataset_alias_example_alias_producer_with_no_taskflow to None, run_after=None
[2025-07-30T17:02:30.557+0000] {logging_mixin.py:190} INFO - [2025-07-30T17:02:30.556+0000] {dag.py:4180} INFO - Setting next_dagrun for dataset_s3_bucket_consumer_with_no_taskflow to None, run_after=None
[2025-07-30T17:02:30.558+0000] {logging_mixin.py:190} INFO - [2025-07-30T17:02:30.558+0000] {dag.py:4180} INFO - Setting next_dagrun for dataset_s3_bucket_producer_with_no_taskflow to None, run_after=None
[2025-07-30T17:02:30.574+0000] {processor.py:208} INFO - Processing /home/airflow/.local/lib/python3.12/site-packages/airflow/example_dags/example_dataset_alias_with_no_taskflow.py took 0.601 seconds
[2025-07-30T17:03:00.893+0000] {processor.py:186} INFO - Started process (PID=1348) to work on /home/airflow/.local/lib/python3.12/site-packages/airflow/example_dags/example_dataset_alias_with_no_taskflow.py
[2025-07-30T17:03:00.895+0000] {processor.py:914} INFO - Processing file /home/airflow/.local/lib/python3.12/site-packages/airflow/example_dags/example_dataset_alias_with_no_taskflow.py for tasks to queue
[2025-07-30T17:03:00.900+0000] {logging_mixin.py:190} INFO - [2025-07-30T17:03:00.899+0000] {dagbag.py:588} INFO - Filling up the DagBag from /home/airflow/.local/lib/python3.12/site-packages/airflow/example_dags/example_dataset_alias_with_no_taskflow.py
[2025-07-30T17:03:01.730+0000] {processor.py:925} INFO - DAG(s) 'dataset_alias_example_alias_producer_with_no_taskflow', 'dataset_s3_bucket_producer_with_no_taskflow', 'dataset_s3_bucket_consumer_with_no_taskflow', 'dataset_alias_example_alias_consumer_with_no_taskflow' retrieved from /home/airflow/.local/lib/python3.12/site-packages/airflow/example_dags/example_dataset_alias_with_no_taskflow.py
[2025-07-30T17:03:01.753+0000] {logging_mixin.py:190} INFO - [2025-07-30T17:03:01.753+0000] {dag.py:3239} INFO - Sync 4 DAGs
[2025-07-30T17:03:01.780+0000] {logging_mixin.py:190} INFO - [2025-07-30T17:03:01.779+0000] {dag.py:4180} INFO - Setting next_dagrun for dataset_alias_example_alias_consumer_with_no_taskflow to None, run_after=None
[2025-07-30T17:03:01.783+0000] {logging_mixin.py:190} INFO - [2025-07-30T17:03:01.783+0000] {dag.py:4180} INFO - Setting next_dagrun for dataset_alias_example_alias_producer_with_no_taskflow to None, run_after=None
[2025-07-30T17:03:01.784+0000] {logging_mixin.py:190} INFO - [2025-07-30T17:03:01.784+0000] {dag.py:4180} INFO - Setting next_dagrun for dataset_s3_bucket_consumer_with_no_taskflow to None, run_after=None
[2025-07-30T17:03:01.786+0000] {logging_mixin.py:190} INFO - [2025-07-30T17:03:01.786+0000] {dag.py:4180} INFO - Setting next_dagrun for dataset_s3_bucket_producer_with_no_taskflow to None, run_after=None
[2025-07-30T17:03:01.833+0000] {processor.py:208} INFO - Processing /home/airflow/.local/lib/python3.12/site-packages/airflow/example_dags/example_dataset_alias_with_no_taskflow.py took 0.949 seconds
[2025-07-30T17:03:32.184+0000] {processor.py:186} INFO - Started process (PID=1654) to work on /home/airflow/.local/lib/python3.12/site-packages/airflow/example_dags/example_dataset_alias_with_no_taskflow.py
[2025-07-30T17:03:32.184+0000] {processor.py:914} INFO - Processing file /home/airflow/.local/lib/python3.12/site-packages/airflow/example_dags/example_dataset_alias_with_no_taskflow.py for tasks to queue
[2025-07-30T17:03:32.187+0000] {logging_mixin.py:190} INFO - [2025-07-30T17:03:32.186+0000] {dagbag.py:588} INFO - Filling up the DagBag from /home/airflow/.local/lib/python3.12/site-packages/airflow/example_dags/example_dataset_alias_with_no_taskflow.py
[2025-07-30T17:03:32.957+0000] {processor.py:925} INFO - DAG(s) 'dataset_s3_bucket_consumer_with_no_taskflow', 'dataset_alias_example_alias_producer_with_no_taskflow', 'dataset_s3_bucket_producer_with_no_taskflow', 'dataset_alias_example_alias_consumer_with_no_taskflow' retrieved from /home/airflow/.local/lib/python3.12/site-packages/airflow/example_dags/example_dataset_alias_with_no_taskflow.py
[2025-07-30T17:03:32.980+0000] {logging_mixin.py:190} INFO - [2025-07-30T17:03:32.979+0000] {dag.py:3239} INFO - Sync 4 DAGs
[2025-07-30T17:03:33.013+0000] {logging_mixin.py:190} INFO - [2025-07-30T17:03:33.012+0000] {dag.py:4180} INFO - Setting next_dagrun for dataset_alias_example_alias_consumer_with_no_taskflow to None, run_after=None
[2025-07-30T17:03:33.017+0000] {logging_mixin.py:190} INFO - [2025-07-30T17:03:33.017+0000] {dag.py:4180} INFO - Setting next_dagrun for dataset_alias_example_alias_producer_with_no_taskflow to None, run_after=None
[2025-07-30T17:03:33.020+0000] {logging_mixin.py:190} INFO - [2025-07-30T17:03:33.020+0000] {dag.py:4180} INFO - Setting next_dagrun for dataset_s3_bucket_consumer_with_no_taskflow to None, run_after=None
[2025-07-30T17:03:33.021+0000] {logging_mixin.py:190} INFO - [2025-07-30T17:03:33.021+0000] {dag.py:4180} INFO - Setting next_dagrun for dataset_s3_bucket_producer_with_no_taskflow to None, run_after=None
[2025-07-30T17:03:33.052+0000] {processor.py:208} INFO - Processing /home/airflow/.local/lib/python3.12/site-packages/airflow/example_dags/example_dataset_alias_with_no_taskflow.py took 0.875 seconds
[2025-07-30T17:04:03.469+0000] {processor.py:186} INFO - Started process (PID=1960) to work on /home/airflow/.local/lib/python3.12/site-packages/airflow/example_dags/example_dataset_alias_with_no_taskflow.py
[2025-07-30T17:04:03.470+0000] {processor.py:914} INFO - Processing file /home/airflow/.local/lib/python3.12/site-packages/airflow/example_dags/example_dataset_alias_with_no_taskflow.py for tasks to queue
[2025-07-30T17:04:03.472+0000] {logging_mixin.py:190} INFO - [2025-07-30T17:04:03.472+0000] {dagbag.py:588} INFO - Filling up the DagBag from /home/airflow/.local/lib/python3.12/site-packages/airflow/example_dags/example_dataset_alias_with_no_taskflow.py
[2025-07-30T17:04:04.285+0000] {processor.py:925} INFO - DAG(s) 'dataset_alias_example_alias_consumer_with_no_taskflow', 'dataset_s3_bucket_producer_with_no_taskflow', 'dataset_alias_example_alias_producer_with_no_taskflow', 'dataset_s3_bucket_consumer_with_no_taskflow' retrieved from /home/airflow/.local/lib/python3.12/site-packages/airflow/example_dags/example_dataset_alias_with_no_taskflow.py
[2025-07-30T17:04:04.309+0000] {logging_mixin.py:190} INFO - [2025-07-30T17:04:04.308+0000] {dag.py:3239} INFO - Sync 4 DAGs
[2025-07-30T17:04:04.337+0000] {logging_mixin.py:190} INFO - [2025-07-30T17:04:04.337+0000] {dag.py:4180} INFO - Setting next_dagrun for dataset_alias_example_alias_consumer_with_no_taskflow to None, run_after=None
[2025-07-30T17:04:04.340+0000] {logging_mixin.py:190} INFO - [2025-07-30T17:04:04.340+0000] {dag.py:4180} INFO - Setting next_dagrun for dataset_alias_example_alias_producer_with_no_taskflow to None, run_after=None
[2025-07-30T17:04:04.343+0000] {logging_mixin.py:190} INFO - [2025-07-30T17:04:04.343+0000] {dag.py:4180} INFO - Setting next_dagrun for dataset_s3_bucket_consumer_with_no_taskflow to None, run_after=None
[2025-07-30T17:04:04.344+0000] {logging_mixin.py:190} INFO - [2025-07-30T17:04:04.344+0000] {dag.py:4180} INFO - Setting next_dagrun for dataset_s3_bucket_producer_with_no_taskflow to None, run_after=None
[2025-07-30T17:04:04.366+0000] {processor.py:208} INFO - Processing /home/airflow/.local/lib/python3.12/site-packages/airflow/example_dags/example_dataset_alias_with_no_taskflow.py took 0.905 seconds
[2025-07-30T17:04:34.524+0000] {processor.py:186} INFO - Started process (PID=2266) to work on /home/airflow/.local/lib/python3.12/site-packages/airflow/example_dags/example_dataset_alias_with_no_taskflow.py
[2025-07-30T17:04:34.525+0000] {processor.py:914} INFO - Processing file /home/airflow/.local/lib/python3.12/site-packages/airflow/example_dags/example_dataset_alias_with_no_taskflow.py for tasks to queue
[2025-07-30T17:04:34.527+0000] {logging_mixin.py:190} INFO - [2025-07-30T17:04:34.527+0000] {dagbag.py:588} INFO - Filling up the DagBag from /home/airflow/.local/lib/python3.12/site-packages/airflow/example_dags/example_dataset_alias_with_no_taskflow.py
[2025-07-30T17:04:35.247+0000] {processor.py:925} INFO - DAG(s) 'dataset_s3_bucket_producer_with_no_taskflow', 'dataset_alias_example_alias_consumer_with_no_taskflow', 'dataset_s3_bucket_consumer_with_no_taskflow', 'dataset_alias_example_alias_producer_with_no_taskflow' retrieved from /home/airflow/.local/lib/python3.12/site-packages/airflow/example_dags/example_dataset_alias_with_no_taskflow.py
[2025-07-30T17:04:35.278+0000] {logging_mixin.py:190} INFO - [2025-07-30T17:04:35.277+0000] {dag.py:3239} INFO - Sync 4 DAGs
[2025-07-30T17:04:35.306+0000] {logging_mixin.py:190} INFO - [2025-07-30T17:04:35.306+0000] {dag.py:4180} INFO - Setting next_dagrun for dataset_alias_example_alias_consumer_with_no_taskflow to None, run_after=None
[2025-07-30T17:04:35.309+0000] {logging_mixin.py:190} INFO - [2025-07-30T17:04:35.309+0000] {dag.py:4180} INFO - Setting next_dagrun for dataset_alias_example_alias_producer_with_no_taskflow to None, run_after=None
[2025-07-30T17:04:35.311+0000] {logging_mixin.py:190} INFO - [2025-07-30T17:04:35.311+0000] {dag.py:4180} INFO - Setting next_dagrun for dataset_s3_bucket_consumer_with_no_taskflow to None, run_after=None
[2025-07-30T17:04:35.313+0000] {logging_mixin.py:190} INFO - [2025-07-30T17:04:35.313+0000] {dag.py:4180} INFO - Setting next_dagrun for dataset_s3_bucket_producer_with_no_taskflow to None, run_after=None
[2025-07-30T17:04:35.333+0000] {processor.py:208} INFO - Processing /home/airflow/.local/lib/python3.12/site-packages/airflow/example_dags/example_dataset_alias_with_no_taskflow.py took 0.816 seconds
[2025-07-30T17:05:05.387+0000] {processor.py:186} INFO - Started process (PID=2592) to work on /home/airflow/.local/lib/python3.12/site-packages/airflow/example_dags/example_dataset_alias_with_no_taskflow.py
[2025-07-30T17:05:05.389+0000] {processor.py:914} INFO - Processing file /home/airflow/.local/lib/python3.12/site-packages/airflow/example_dags/example_dataset_alias_with_no_taskflow.py for tasks to queue
[2025-07-30T17:05:05.391+0000] {logging_mixin.py:190} INFO - [2025-07-30T17:05:05.390+0000] {dagbag.py:588} INFO - Filling up the DagBag from /home/airflow/.local/lib/python3.12/site-packages/airflow/example_dags/example_dataset_alias_with_no_taskflow.py
[2025-07-30T17:05:06.203+0000] {processor.py:925} INFO - DAG(s) 'dataset_s3_bucket_producer_with_no_taskflow', 'dataset_alias_example_alias_consumer_with_no_taskflow', 'dataset_s3_bucket_consumer_with_no_taskflow', 'dataset_alias_example_alias_producer_with_no_taskflow' retrieved from /home/airflow/.local/lib/python3.12/site-packages/airflow/example_dags/example_dataset_alias_with_no_taskflow.py
[2025-07-30T17:05:06.227+0000] {logging_mixin.py:190} INFO - [2025-07-30T17:05:06.226+0000] {dag.py:3239} INFO - Sync 4 DAGs
[2025-07-30T17:05:06.255+0000] {logging_mixin.py:190} INFO - [2025-07-30T17:05:06.255+0000] {dag.py:4180} INFO - Setting next_dagrun for dataset_alias_example_alias_consumer_with_no_taskflow to None, run_after=None
[2025-07-30T17:05:06.258+0000] {logging_mixin.py:190} INFO - [2025-07-30T17:05:06.258+0000] {dag.py:4180} INFO - Setting next_dagrun for dataset_alias_example_alias_producer_with_no_taskflow to None, run_after=None
[2025-07-30T17:05:06.260+0000] {logging_mixin.py:190} INFO - [2025-07-30T17:05:06.259+0000] {dag.py:4180} INFO - Setting next_dagrun for dataset_s3_bucket_consumer_with_no_taskflow to None, run_after=None
[2025-07-30T17:05:06.261+0000] {logging_mixin.py:190} INFO - [2025-07-30T17:05:06.261+0000] {dag.py:4180} INFO - Setting next_dagrun for dataset_s3_bucket_producer_with_no_taskflow to None, run_after=None
[2025-07-30T17:05:06.283+0000] {processor.py:208} INFO - Processing /home/airflow/.local/lib/python3.12/site-packages/airflow/example_dags/example_dataset_alias_with_no_taskflow.py took 0.901 seconds
[2025-07-30T17:05:36.439+0000] {processor.py:186} INFO - Started process (PID=2898) to work on /home/airflow/.local/lib/python3.12/site-packages/airflow/example_dags/example_dataset_alias_with_no_taskflow.py
[2025-07-30T17:05:36.440+0000] {processor.py:914} INFO - Processing file /home/airflow/.local/lib/python3.12/site-packages/airflow/example_dags/example_dataset_alias_with_no_taskflow.py for tasks to queue
[2025-07-30T17:05:36.442+0000] {logging_mixin.py:190} INFO - [2025-07-30T17:05:36.442+0000] {dagbag.py:588} INFO - Filling up the DagBag from /home/airflow/.local/lib/python3.12/site-packages/airflow/example_dags/example_dataset_alias_with_no_taskflow.py
[2025-07-30T17:05:37.240+0000] {processor.py:925} INFO - DAG(s) 'dataset_alias_example_alias_producer_with_no_taskflow', 'dataset_alias_example_alias_consumer_with_no_taskflow', 'dataset_s3_bucket_producer_with_no_taskflow', 'dataset_s3_bucket_consumer_with_no_taskflow' retrieved from /home/airflow/.local/lib/python3.12/site-packages/airflow/example_dags/example_dataset_alias_with_no_taskflow.py
[2025-07-30T17:05:37.266+0000] {logging_mixin.py:190} INFO - [2025-07-30T17:05:37.266+0000] {dag.py:3239} INFO - Sync 4 DAGs
[2025-07-30T17:05:37.291+0000] {logging_mixin.py:190} INFO - [2025-07-30T17:05:37.291+0000] {dag.py:4180} INFO - Setting next_dagrun for dataset_alias_example_alias_consumer_with_no_taskflow to None, run_after=None
[2025-07-30T17:05:37.294+0000] {logging_mixin.py:190} INFO - [2025-07-30T17:05:37.293+0000] {dag.py:4180} INFO - Setting next_dagrun for dataset_alias_example_alias_producer_with_no_taskflow to None, run_after=None
[2025-07-30T17:05:37.295+0000] {logging_mixin.py:190} INFO - [2025-07-30T17:05:37.295+0000] {dag.py:4180} INFO - Setting next_dagrun for dataset_s3_bucket_consumer_with_no_taskflow to None, run_after=None
[2025-07-30T17:05:37.297+0000] {logging_mixin.py:190} INFO - [2025-07-30T17:05:37.297+0000] {dag.py:4180} INFO - Setting next_dagrun for dataset_s3_bucket_producer_with_no_taskflow to None, run_after=None
[2025-07-30T17:05:37.318+0000] {processor.py:208} INFO - Processing /home/airflow/.local/lib/python3.12/site-packages/airflow/example_dags/example_dataset_alias_with_no_taskflow.py took 0.886 seconds
[2025-07-30T17:06:08.249+0000] {processor.py:186} INFO - Started process (PID=3204) to work on /home/airflow/.local/lib/python3.12/site-packages/airflow/example_dags/example_dataset_alias_with_no_taskflow.py
[2025-07-30T17:06:08.250+0000] {processor.py:914} INFO - Processing file /home/airflow/.local/lib/python3.12/site-packages/airflow/example_dags/example_dataset_alias_with_no_taskflow.py for tasks to queue
[2025-07-30T17:06:08.253+0000] {logging_mixin.py:190} INFO - [2025-07-30T17:06:08.252+0000] {dagbag.py:588} INFO - Filling up the DagBag from /home/airflow/.local/lib/python3.12/site-packages/airflow/example_dags/example_dataset_alias_with_no_taskflow.py
[2025-07-30T17:06:09.031+0000] {processor.py:925} INFO - DAG(s) 'dataset_alias_example_alias_producer_with_no_taskflow', 'dataset_alias_example_alias_consumer_with_no_taskflow', 'dataset_s3_bucket_producer_with_no_taskflow', 'dataset_s3_bucket_consumer_with_no_taskflow' retrieved from /home/airflow/.local/lib/python3.12/site-packages/airflow/example_dags/example_dataset_alias_with_no_taskflow.py
[2025-07-30T17:06:09.057+0000] {logging_mixin.py:190} INFO - [2025-07-30T17:06:09.056+0000] {dag.py:3239} INFO - Sync 4 DAGs
[2025-07-30T17:06:09.088+0000] {logging_mixin.py:190} INFO - [2025-07-30T17:06:09.087+0000] {dag.py:4180} INFO - Setting next_dagrun for dataset_alias_example_alias_consumer_with_no_taskflow to None, run_after=None
[2025-07-30T17:06:09.091+0000] {logging_mixin.py:190} INFO - [2025-07-30T17:06:09.091+0000] {dag.py:4180} INFO - Setting next_dagrun for dataset_alias_example_alias_producer_with_no_taskflow to None, run_after=None
[2025-07-30T17:06:09.093+0000] {logging_mixin.py:190} INFO - [2025-07-30T17:06:09.092+0000] {dag.py:4180} INFO - Setting next_dagrun for dataset_s3_bucket_consumer_with_no_taskflow to None, run_after=None
[2025-07-30T17:06:09.095+0000] {logging_mixin.py:190} INFO - [2025-07-30T17:06:09.094+0000] {dag.py:4180} INFO - Setting next_dagrun for dataset_s3_bucket_producer_with_no_taskflow to None, run_after=None
[2025-07-30T17:06:09.140+0000] {processor.py:208} INFO - Processing /home/airflow/.local/lib/python3.12/site-packages/airflow/example_dags/example_dataset_alias_with_no_taskflow.py took 0.896 seconds
[2025-07-30T17:06:39.513+0000] {processor.py:186} INFO - Started process (PID=3516) to work on /home/airflow/.local/lib/python3.12/site-packages/airflow/example_dags/example_dataset_alias_with_no_taskflow.py
[2025-07-30T17:06:39.513+0000] {processor.py:914} INFO - Processing file /home/airflow/.local/lib/python3.12/site-packages/airflow/example_dags/example_dataset_alias_with_no_taskflow.py for tasks to queue
[2025-07-30T17:06:39.516+0000] {logging_mixin.py:190} INFO - [2025-07-30T17:06:39.516+0000] {dagbag.py:588} INFO - Filling up the DagBag from /home/airflow/.local/lib/python3.12/site-packages/airflow/example_dags/example_dataset_alias_with_no_taskflow.py
[2025-07-30T17:06:40.245+0000] {processor.py:925} INFO - DAG(s) 'dataset_s3_bucket_consumer_with_no_taskflow', 'dataset_alias_example_alias_producer_with_no_taskflow', 'dataset_s3_bucket_producer_with_no_taskflow', 'dataset_alias_example_alias_consumer_with_no_taskflow' retrieved from /home/airflow/.local/lib/python3.12/site-packages/airflow/example_dags/example_dataset_alias_with_no_taskflow.py
[2025-07-30T17:06:40.268+0000] {logging_mixin.py:190} INFO - [2025-07-30T17:06:40.268+0000] {dag.py:3239} INFO - Sync 4 DAGs
[2025-07-30T17:06:40.297+0000] {logging_mixin.py:190} INFO - [2025-07-30T17:06:40.297+0000] {dag.py:4180} INFO - Setting next_dagrun for dataset_alias_example_alias_consumer_with_no_taskflow to None, run_after=None
[2025-07-30T17:06:40.300+0000] {logging_mixin.py:190} INFO - [2025-07-30T17:06:40.300+0000] {dag.py:4180} INFO - Setting next_dagrun for dataset_alias_example_alias_producer_with_no_taskflow to None, run_after=None
[2025-07-30T17:06:40.302+0000] {logging_mixin.py:190} INFO - [2025-07-30T17:06:40.302+0000] {dag.py:4180} INFO - Setting next_dagrun for dataset_s3_bucket_consumer_with_no_taskflow to None, run_after=None
[2025-07-30T17:06:40.303+0000] {logging_mixin.py:190} INFO - [2025-07-30T17:06:40.303+0000] {dag.py:4180} INFO - Setting next_dagrun for dataset_s3_bucket_producer_with_no_taskflow to None, run_after=None
[2025-07-30T17:06:40.327+0000] {processor.py:208} INFO - Processing /home/airflow/.local/lib/python3.12/site-packages/airflow/example_dags/example_dataset_alias_with_no_taskflow.py took 0.823 seconds
[2025-07-30T17:07:10.840+0000] {processor.py:186} INFO - Started process (PID=3822) to work on /home/airflow/.local/lib/python3.12/site-packages/airflow/example_dags/example_dataset_alias_with_no_taskflow.py
[2025-07-30T17:07:10.841+0000] {processor.py:914} INFO - Processing file /home/airflow/.local/lib/python3.12/site-packages/airflow/example_dags/example_dataset_alias_with_no_taskflow.py for tasks to queue
[2025-07-30T17:07:10.843+0000] {logging_mixin.py:190} INFO - [2025-07-30T17:07:10.843+0000] {dagbag.py:588} INFO - Filling up the DagBag from /home/airflow/.local/lib/python3.12/site-packages/airflow/example_dags/example_dataset_alias_with_no_taskflow.py
[2025-07-30T17:07:11.688+0000] {processor.py:925} INFO - DAG(s) 'dataset_alias_example_alias_consumer_with_no_taskflow', 'dataset_alias_example_alias_producer_with_no_taskflow', 'dataset_s3_bucket_producer_with_no_taskflow', 'dataset_s3_bucket_consumer_with_no_taskflow' retrieved from /home/airflow/.local/lib/python3.12/site-packages/airflow/example_dags/example_dataset_alias_with_no_taskflow.py
[2025-07-30T17:07:11.711+0000] {logging_mixin.py:190} INFO - [2025-07-30T17:07:11.710+0000] {dag.py:3239} INFO - Sync 4 DAGs
[2025-07-30T17:07:11.741+0000] {logging_mixin.py:190} INFO - [2025-07-30T17:07:11.741+0000] {dag.py:4180} INFO - Setting next_dagrun for dataset_alias_example_alias_consumer_with_no_taskflow to None, run_after=None
[2025-07-30T17:07:11.744+0000] {logging_mixin.py:190} INFO - [2025-07-30T17:07:11.744+0000] {dag.py:4180} INFO - Setting next_dagrun for dataset_alias_example_alias_producer_with_no_taskflow to None, run_after=None
[2025-07-30T17:07:11.746+0000] {logging_mixin.py:190} INFO - [2025-07-30T17:07:11.746+0000] {dag.py:4180} INFO - Setting next_dagrun for dataset_s3_bucket_consumer_with_no_taskflow to None, run_after=None
[2025-07-30T17:07:11.747+0000] {logging_mixin.py:190} INFO - [2025-07-30T17:07:11.747+0000] {dag.py:4180} INFO - Setting next_dagrun for dataset_s3_bucket_producer_with_no_taskflow to None, run_after=None
[2025-07-30T17:07:11.786+0000] {processor.py:208} INFO - Processing /home/airflow/.local/lib/python3.12/site-packages/airflow/example_dags/example_dataset_alias_with_no_taskflow.py took 0.953 seconds
[2025-07-30T17:07:42.390+0000] {processor.py:186} INFO - Started process (PID=4128) to work on /home/airflow/.local/lib/python3.12/site-packages/airflow/example_dags/example_dataset_alias_with_no_taskflow.py
[2025-07-30T17:07:42.393+0000] {processor.py:914} INFO - Processing file /home/airflow/.local/lib/python3.12/site-packages/airflow/example_dags/example_dataset_alias_with_no_taskflow.py for tasks to queue
[2025-07-30T17:07:42.395+0000] {logging_mixin.py:190} INFO - [2025-07-30T17:07:42.395+0000] {dagbag.py:588} INFO - Filling up the DagBag from /home/airflow/.local/lib/python3.12/site-packages/airflow/example_dags/example_dataset_alias_with_no_taskflow.py
[2025-07-30T17:07:43.090+0000] {processor.py:925} INFO - DAG(s) 'dataset_alias_example_alias_consumer_with_no_taskflow', 'dataset_s3_bucket_producer_with_no_taskflow', 'dataset_s3_bucket_consumer_with_no_taskflow', 'dataset_alias_example_alias_producer_with_no_taskflow' retrieved from /home/airflow/.local/lib/python3.12/site-packages/airflow/example_dags/example_dataset_alias_with_no_taskflow.py
[2025-07-30T17:07:43.115+0000] {logging_mixin.py:190} INFO - [2025-07-30T17:07:43.114+0000] {dag.py:3239} INFO - Sync 4 DAGs
[2025-07-30T17:07:43.144+0000] {logging_mixin.py:190} INFO - [2025-07-30T17:07:43.144+0000] {dag.py:4180} INFO - Setting next_dagrun for dataset_alias_example_alias_consumer_with_no_taskflow to None, run_after=None
[2025-07-30T17:07:43.149+0000] {logging_mixin.py:190} INFO - [2025-07-30T17:07:43.149+0000] {dag.py:4180} INFO - Setting next_dagrun for dataset_alias_example_alias_producer_with_no_taskflow to None, run_after=None
[2025-07-30T17:07:43.152+0000] {logging_mixin.py:190} INFO - [2025-07-30T17:07:43.152+0000] {dag.py:4180} INFO - Setting next_dagrun for dataset_s3_bucket_consumer_with_no_taskflow to None, run_after=None
[2025-07-30T17:07:43.154+0000] {logging_mixin.py:190} INFO - [2025-07-30T17:07:43.153+0000] {dag.py:4180} INFO - Setting next_dagrun for dataset_s3_bucket_producer_with_no_taskflow to None, run_after=None
[2025-07-30T17:07:43.174+0000] {processor.py:208} INFO - Processing /home/airflow/.local/lib/python3.12/site-packages/airflow/example_dags/example_dataset_alias_with_no_taskflow.py took 0.796 seconds
[2025-07-30T17:08:13.704+0000] {processor.py:186} INFO - Started process (PID=4434) to work on /home/airflow/.local/lib/python3.12/site-packages/airflow/example_dags/example_dataset_alias_with_no_taskflow.py
[2025-07-30T17:08:13.705+0000] {processor.py:914} INFO - Processing file /home/airflow/.local/lib/python3.12/site-packages/airflow/example_dags/example_dataset_alias_with_no_taskflow.py for tasks to queue
[2025-07-30T17:08:13.707+0000] {logging_mixin.py:190} INFO - [2025-07-30T17:08:13.707+0000] {dagbag.py:588} INFO - Filling up the DagBag from /home/airflow/.local/lib/python3.12/site-packages/airflow/example_dags/example_dataset_alias_with_no_taskflow.py
[2025-07-30T17:08:14.661+0000] {processor.py:925} INFO - DAG(s) 'dataset_s3_bucket_producer_with_no_taskflow', 'dataset_s3_bucket_consumer_with_no_taskflow', 'dataset_alias_example_alias_consumer_with_no_taskflow', 'dataset_alias_example_alias_producer_with_no_taskflow' retrieved from /home/airflow/.local/lib/python3.12/site-packages/airflow/example_dags/example_dataset_alias_with_no_taskflow.py
[2025-07-30T17:08:14.684+0000] {logging_mixin.py:190} INFO - [2025-07-30T17:08:14.683+0000] {dag.py:3239} INFO - Sync 4 DAGs
[2025-07-30T17:08:14.712+0000] {logging_mixin.py:190} INFO - [2025-07-30T17:08:14.712+0000] {dag.py:4180} INFO - Setting next_dagrun for dataset_alias_example_alias_consumer_with_no_taskflow to None, run_after=None
[2025-07-30T17:08:14.715+0000] {logging_mixin.py:190} INFO - [2025-07-30T17:08:14.715+0000] {dag.py:4180} INFO - Setting next_dagrun for dataset_alias_example_alias_producer_with_no_taskflow to None, run_after=None
[2025-07-30T17:08:14.718+0000] {logging_mixin.py:190} INFO - [2025-07-30T17:08:14.718+0000] {dag.py:4180} INFO - Setting next_dagrun for dataset_s3_bucket_consumer_with_no_taskflow to None, run_after=None
[2025-07-30T17:08:14.719+0000] {logging_mixin.py:190} INFO - [2025-07-30T17:08:14.719+0000] {dag.py:4180} INFO - Setting next_dagrun for dataset_s3_bucket_producer_with_no_taskflow to None, run_after=None
[2025-07-30T17:08:14.740+0000] {processor.py:208} INFO - Processing /home/airflow/.local/lib/python3.12/site-packages/airflow/example_dags/example_dataset_alias_with_no_taskflow.py took 1.041 seconds
[2025-07-30T17:08:45.010+0000] {processor.py:186} INFO - Started process (PID=4740) to work on /home/airflow/.local/lib/python3.12/site-packages/airflow/example_dags/example_dataset_alias_with_no_taskflow.py
[2025-07-30T17:08:45.011+0000] {processor.py:914} INFO - Processing file /home/airflow/.local/lib/python3.12/site-packages/airflow/example_dags/example_dataset_alias_with_no_taskflow.py for tasks to queue
[2025-07-30T17:08:45.014+0000] {logging_mixin.py:190} INFO - [2025-07-30T17:08:45.014+0000] {dagbag.py:588} INFO - Filling up the DagBag from /home/airflow/.local/lib/python3.12/site-packages/airflow/example_dags/example_dataset_alias_with_no_taskflow.py
[2025-07-30T17:08:45.869+0000] {processor.py:925} INFO - DAG(s) 'dataset_s3_bucket_producer_with_no_taskflow', 'dataset_s3_bucket_consumer_with_no_taskflow', 'dataset_alias_example_alias_consumer_with_no_taskflow', 'dataset_alias_example_alias_producer_with_no_taskflow' retrieved from /home/airflow/.local/lib/python3.12/site-packages/airflow/example_dags/example_dataset_alias_with_no_taskflow.py
[2025-07-30T17:08:45.892+0000] {logging_mixin.py:190} INFO - [2025-07-30T17:08:45.892+0000] {dag.py:3239} INFO - Sync 4 DAGs
[2025-07-30T17:08:45.919+0000] {logging_mixin.py:190} INFO - [2025-07-30T17:08:45.919+0000] {dag.py:4180} INFO - Setting next_dagrun for dataset_alias_example_alias_consumer_with_no_taskflow to None, run_after=None
[2025-07-30T17:08:45.924+0000] {logging_mixin.py:190} INFO - [2025-07-30T17:08:45.924+0000] {dag.py:4180} INFO - Setting next_dagrun for dataset_alias_example_alias_producer_with_no_taskflow to None, run_after=None
[2025-07-30T17:08:45.925+0000] {logging_mixin.py:190} INFO - [2025-07-30T17:08:45.925+0000] {dag.py:4180} INFO - Setting next_dagrun for dataset_s3_bucket_consumer_with_no_taskflow to None, run_after=None
[2025-07-30T17:08:45.927+0000] {logging_mixin.py:190} INFO - [2025-07-30T17:08:45.927+0000] {dag.py:4180} INFO - Setting next_dagrun for dataset_s3_bucket_producer_with_no_taskflow to None, run_after=None
[2025-07-30T17:08:45.951+0000] {processor.py:208} INFO - Processing /home/airflow/.local/lib/python3.12/site-packages/airflow/example_dags/example_dataset_alias_with_no_taskflow.py took 0.947 seconds
[2025-07-30T17:09:17.340+0000] {processor.py:186} INFO - Started process (PID=5058) to work on /home/airflow/.local/lib/python3.12/site-packages/airflow/example_dags/example_dataset_alias_with_no_taskflow.py
[2025-07-30T17:09:17.341+0000] {processor.py:914} INFO - Processing file /home/airflow/.local/lib/python3.12/site-packages/airflow/example_dags/example_dataset_alias_with_no_taskflow.py for tasks to queue
[2025-07-30T17:09:17.344+0000] {logging_mixin.py:190} INFO - [2025-07-30T17:09:17.343+0000] {dagbag.py:588} INFO - Filling up the DagBag from /home/airflow/.local/lib/python3.12/site-packages/airflow/example_dags/example_dataset_alias_with_no_taskflow.py
[2025-07-30T17:09:18.201+0000] {processor.py:925} INFO - DAG(s) 'dataset_alias_example_alias_consumer_with_no_taskflow', 'dataset_s3_bucket_producer_with_no_taskflow', 'dataset_alias_example_alias_producer_with_no_taskflow', 'dataset_s3_bucket_consumer_with_no_taskflow' retrieved from /home/airflow/.local/lib/python3.12/site-packages/airflow/example_dags/example_dataset_alias_with_no_taskflow.py
[2025-07-30T17:09:18.224+0000] {logging_mixin.py:190} INFO - [2025-07-30T17:09:18.223+0000] {dag.py:3239} INFO - Sync 4 DAGs
[2025-07-30T17:09:18.252+0000] {logging_mixin.py:190} INFO - [2025-07-30T17:09:18.251+0000] {dag.py:4180} INFO - Setting next_dagrun for dataset_alias_example_alias_consumer_with_no_taskflow to None, run_after=None
[2025-07-30T17:09:18.254+0000] {logging_mixin.py:190} INFO - [2025-07-30T17:09:18.254+0000] {dag.py:4180} INFO - Setting next_dagrun for dataset_alias_example_alias_producer_with_no_taskflow to None, run_after=None
[2025-07-30T17:09:18.256+0000] {logging_mixin.py:190} INFO - [2025-07-30T17:09:18.256+0000] {dag.py:4180} INFO - Setting next_dagrun for dataset_s3_bucket_consumer_with_no_taskflow to None, run_after=None
[2025-07-30T17:09:18.257+0000] {logging_mixin.py:190} INFO - [2025-07-30T17:09:18.257+0000] {dag.py:4180} INFO - Setting next_dagrun for dataset_s3_bucket_producer_with_no_taskflow to None, run_after=None
[2025-07-30T17:09:18.276+0000] {processor.py:208} INFO - Processing /home/airflow/.local/lib/python3.12/site-packages/airflow/example_dags/example_dataset_alias_with_no_taskflow.py took 0.941 seconds
[2025-07-30T17:09:48.790+0000] {processor.py:186} INFO - Started process (PID=5387) to work on /home/airflow/.local/lib/python3.12/site-packages/airflow/example_dags/example_dataset_alias_with_no_taskflow.py
[2025-07-30T17:09:48.794+0000] {processor.py:914} INFO - Processing file /home/airflow/.local/lib/python3.12/site-packages/airflow/example_dags/example_dataset_alias_with_no_taskflow.py for tasks to queue
[2025-07-30T17:09:48.799+0000] {logging_mixin.py:190} INFO - [2025-07-30T17:09:48.799+0000] {dagbag.py:588} INFO - Filling up the DagBag from /home/airflow/.local/lib/python3.12/site-packages/airflow/example_dags/example_dataset_alias_with_no_taskflow.py
[2025-07-30T17:09:49.459+0000] {processor.py:925} INFO - DAG(s) 'dataset_alias_example_alias_producer_with_no_taskflow', 'dataset_s3_bucket_producer_with_no_taskflow', 'dataset_s3_bucket_consumer_with_no_taskflow', 'dataset_alias_example_alias_consumer_with_no_taskflow' retrieved from /home/airflow/.local/lib/python3.12/site-packages/airflow/example_dags/example_dataset_alias_with_no_taskflow.py
[2025-07-30T17:09:49.475+0000] {logging_mixin.py:190} INFO - [2025-07-30T17:09:49.474+0000] {dag.py:3239} INFO - Sync 4 DAGs
[2025-07-30T17:09:49.492+0000] {logging_mixin.py:190} INFO - [2025-07-30T17:09:49.492+0000] {dag.py:4180} INFO - Setting next_dagrun for dataset_alias_example_alias_consumer_with_no_taskflow to None, run_after=None
[2025-07-30T17:09:49.494+0000] {logging_mixin.py:190} INFO - [2025-07-30T17:09:49.494+0000] {dag.py:4180} INFO - Setting next_dagrun for dataset_alias_example_alias_producer_with_no_taskflow to None, run_after=None
[2025-07-30T17:09:49.495+0000] {logging_mixin.py:190} INFO - [2025-07-30T17:09:49.495+0000] {dag.py:4180} INFO - Setting next_dagrun for dataset_s3_bucket_consumer_with_no_taskflow to None, run_after=None
[2025-07-30T17:09:49.496+0000] {logging_mixin.py:190} INFO - [2025-07-30T17:09:49.496+0000] {dag.py:4180} INFO - Setting next_dagrun for dataset_s3_bucket_producer_with_no_taskflow to None, run_after=None
[2025-07-30T17:09:49.511+0000] {processor.py:208} INFO - Processing /home/airflow/.local/lib/python3.12/site-packages/airflow/example_dags/example_dataset_alias_with_no_taskflow.py took 0.737 seconds
[2025-07-30T17:10:19.565+0000] {processor.py:186} INFO - Started process (PID=5708) to work on /home/airflow/.local/lib/python3.12/site-packages/airflow/example_dags/example_dataset_alias_with_no_taskflow.py
[2025-07-30T17:10:19.566+0000] {processor.py:914} INFO - Processing file /home/airflow/.local/lib/python3.12/site-packages/airflow/example_dags/example_dataset_alias_with_no_taskflow.py for tasks to queue
[2025-07-30T17:10:19.569+0000] {logging_mixin.py:190} INFO - [2025-07-30T17:10:19.568+0000] {dagbag.py:588} INFO - Filling up the DagBag from /home/airflow/.local/lib/python3.12/site-packages/airflow/example_dags/example_dataset_alias_with_no_taskflow.py
[2025-07-30T17:10:20.276+0000] {processor.py:925} INFO - DAG(s) 'dataset_alias_example_alias_consumer_with_no_taskflow', 'dataset_s3_bucket_producer_with_no_taskflow', 'dataset_s3_bucket_consumer_with_no_taskflow', 'dataset_alias_example_alias_producer_with_no_taskflow' retrieved from /home/airflow/.local/lib/python3.12/site-packages/airflow/example_dags/example_dataset_alias_with_no_taskflow.py
[2025-07-30T17:10:20.300+0000] {logging_mixin.py:190} INFO - [2025-07-30T17:10:20.299+0000] {dag.py:3239} INFO - Sync 4 DAGs
[2025-07-30T17:10:20.329+0000] {logging_mixin.py:190} INFO - [2025-07-30T17:10:20.329+0000] {dag.py:4180} INFO - Setting next_dagrun for dataset_alias_example_alias_consumer_with_no_taskflow to None, run_after=None
[2025-07-30T17:10:20.336+0000] {logging_mixin.py:190} INFO - [2025-07-30T17:10:20.335+0000] {dag.py:4180} INFO - Setting next_dagrun for dataset_alias_example_alias_producer_with_no_taskflow to None, run_after=None
[2025-07-30T17:10:20.341+0000] {logging_mixin.py:190} INFO - [2025-07-30T17:10:20.341+0000] {dag.py:4180} INFO - Setting next_dagrun for dataset_s3_bucket_consumer_with_no_taskflow to None, run_after=None
[2025-07-30T17:10:20.344+0000] {logging_mixin.py:190} INFO - [2025-07-30T17:10:20.342+0000] {dag.py:4180} INFO - Setting next_dagrun for dataset_s3_bucket_producer_with_no_taskflow to None, run_after=None
[2025-07-30T17:10:20.402+0000] {processor.py:208} INFO - Processing /home/airflow/.local/lib/python3.12/site-packages/airflow/example_dags/example_dataset_alias_with_no_taskflow.py took 0.843 seconds
[2025-07-30T17:10:51.688+0000] {processor.py:186} INFO - Started process (PID=6054) to work on /home/airflow/.local/lib/python3.12/site-packages/airflow/example_dags/example_dataset_alias_with_no_taskflow.py
[2025-07-30T17:10:51.689+0000] {processor.py:914} INFO - Processing file /home/airflow/.local/lib/python3.12/site-packages/airflow/example_dags/example_dataset_alias_with_no_taskflow.py for tasks to queue
[2025-07-30T17:10:51.691+0000] {logging_mixin.py:190} INFO - [2025-07-30T17:10:51.691+0000] {dagbag.py:588} INFO - Filling up the DagBag from /home/airflow/.local/lib/python3.12/site-packages/airflow/example_dags/example_dataset_alias_with_no_taskflow.py
[2025-07-30T17:10:52.569+0000] {processor.py:925} INFO - DAG(s) 'dataset_alias_example_alias_producer_with_no_taskflow', 'dataset_alias_example_alias_consumer_with_no_taskflow', 'dataset_s3_bucket_consumer_with_no_taskflow', 'dataset_s3_bucket_producer_with_no_taskflow' retrieved from /home/airflow/.local/lib/python3.12/site-packages/airflow/example_dags/example_dataset_alias_with_no_taskflow.py
[2025-07-30T17:10:52.592+0000] {logging_mixin.py:190} INFO - [2025-07-30T17:10:52.592+0000] {dag.py:3239} INFO - Sync 4 DAGs
[2025-07-30T17:10:52.627+0000] {logging_mixin.py:190} INFO - [2025-07-30T17:10:52.627+0000] {dag.py:4180} INFO - Setting next_dagrun for dataset_alias_example_alias_consumer_with_no_taskflow to None, run_after=None
[2025-07-30T17:10:52.631+0000] {logging_mixin.py:190} INFO - [2025-07-30T17:10:52.631+0000] {dag.py:4180} INFO - Setting next_dagrun for dataset_alias_example_alias_producer_with_no_taskflow to None, run_after=None
[2025-07-30T17:10:52.633+0000] {logging_mixin.py:190} INFO - [2025-07-30T17:10:52.633+0000] {dag.py:4180} INFO - Setting next_dagrun for dataset_s3_bucket_consumer_with_no_taskflow to None, run_after=None
[2025-07-30T17:10:52.634+0000] {logging_mixin.py:190} INFO - [2025-07-30T17:10:52.634+0000] {dag.py:4180} INFO - Setting next_dagrun for dataset_s3_bucket_producer_with_no_taskflow to None, run_after=None
[2025-07-30T17:10:52.654+0000] {processor.py:208} INFO - Processing /home/airflow/.local/lib/python3.12/site-packages/airflow/example_dags/example_dataset_alias_with_no_taskflow.py took 0.972 seconds
[2025-07-30T17:11:23.597+0000] {processor.py:186} INFO - Started process (PID=6365) to work on /home/airflow/.local/lib/python3.12/site-packages/airflow/example_dags/example_dataset_alias_with_no_taskflow.py
[2025-07-30T17:11:23.599+0000] {processor.py:914} INFO - Processing file /home/airflow/.local/lib/python3.12/site-packages/airflow/example_dags/example_dataset_alias_with_no_taskflow.py for tasks to queue
[2025-07-30T17:11:23.605+0000] {logging_mixin.py:190} INFO - [2025-07-30T17:11:23.605+0000] {dagbag.py:588} INFO - Filling up the DagBag from /home/airflow/.local/lib/python3.12/site-packages/airflow/example_dags/example_dataset_alias_with_no_taskflow.py
[2025-07-30T17:11:24.337+0000] {processor.py:925} INFO - DAG(s) 'dataset_alias_example_alias_producer_with_no_taskflow', 'dataset_alias_example_alias_consumer_with_no_taskflow', 'dataset_s3_bucket_producer_with_no_taskflow', 'dataset_s3_bucket_consumer_with_no_taskflow' retrieved from /home/airflow/.local/lib/python3.12/site-packages/airflow/example_dags/example_dataset_alias_with_no_taskflow.py
[2025-07-30T17:11:24.360+0000] {logging_mixin.py:190} INFO - [2025-07-30T17:11:24.359+0000] {dag.py:3239} INFO - Sync 4 DAGs
[2025-07-30T17:11:24.398+0000] {logging_mixin.py:190} INFO - [2025-07-30T17:11:24.398+0000] {dag.py:4180} INFO - Setting next_dagrun for dataset_alias_example_alias_consumer_with_no_taskflow to None, run_after=None
[2025-07-30T17:11:24.401+0000] {logging_mixin.py:190} INFO - [2025-07-30T17:11:24.401+0000] {dag.py:4180} INFO - Setting next_dagrun for dataset_alias_example_alias_producer_with_no_taskflow to None, run_after=None
[2025-07-30T17:11:24.403+0000] {logging_mixin.py:190} INFO - [2025-07-30T17:11:24.402+0000] {dag.py:4180} INFO - Setting next_dagrun for dataset_s3_bucket_consumer_with_no_taskflow to None, run_after=None
[2025-07-30T17:11:24.404+0000] {logging_mixin.py:190} INFO - [2025-07-30T17:11:24.404+0000] {dag.py:4180} INFO - Setting next_dagrun for dataset_s3_bucket_producer_with_no_taskflow to None, run_after=None
[2025-07-30T17:11:24.426+0000] {processor.py:208} INFO - Processing /home/airflow/.local/lib/python3.12/site-packages/airflow/example_dags/example_dataset_alias_with_no_taskflow.py took 0.841 seconds
[2025-07-30T17:11:54.769+0000] {processor.py:186} INFO - Started process (PID=6681) to work on /home/airflow/.local/lib/python3.12/site-packages/airflow/example_dags/example_dataset_alias_with_no_taskflow.py
[2025-07-30T17:11:54.770+0000] {processor.py:914} INFO - Processing file /home/airflow/.local/lib/python3.12/site-packages/airflow/example_dags/example_dataset_alias_with_no_taskflow.py for tasks to queue
[2025-07-30T17:11:54.773+0000] {logging_mixin.py:190} INFO - [2025-07-30T17:11:54.772+0000] {dagbag.py:588} INFO - Filling up the DagBag from /home/airflow/.local/lib/python3.12/site-packages/airflow/example_dags/example_dataset_alias_with_no_taskflow.py
[2025-07-30T17:11:55.570+0000] {processor.py:925} INFO - DAG(s) 'dataset_alias_example_alias_producer_with_no_taskflow', 'dataset_s3_bucket_producer_with_no_taskflow', 'dataset_s3_bucket_consumer_with_no_taskflow', 'dataset_alias_example_alias_consumer_with_no_taskflow' retrieved from /home/airflow/.local/lib/python3.12/site-packages/airflow/example_dags/example_dataset_alias_with_no_taskflow.py
[2025-07-30T17:11:55.599+0000] {logging_mixin.py:190} INFO - [2025-07-30T17:11:55.597+0000] {dag.py:3239} INFO - Sync 4 DAGs
[2025-07-30T17:11:55.661+0000] {logging_mixin.py:190} INFO - [2025-07-30T17:11:55.660+0000] {dag.py:4180} INFO - Setting next_dagrun for dataset_alias_example_alias_consumer_with_no_taskflow to None, run_after=None
[2025-07-30T17:11:55.664+0000] {logging_mixin.py:190} INFO - [2025-07-30T17:11:55.664+0000] {dag.py:4180} INFO - Setting next_dagrun for dataset_alias_example_alias_producer_with_no_taskflow to None, run_after=None
[2025-07-30T17:11:55.666+0000] {logging_mixin.py:190} INFO - [2025-07-30T17:11:55.666+0000] {dag.py:4180} INFO - Setting next_dagrun for dataset_s3_bucket_consumer_with_no_taskflow to None, run_after=None
[2025-07-30T17:11:55.668+0000] {logging_mixin.py:190} INFO - [2025-07-30T17:11:55.667+0000] {dag.py:4180} INFO - Setting next_dagrun for dataset_s3_bucket_producer_with_no_taskflow to None, run_after=None
[2025-07-30T17:11:55.689+0000] {processor.py:208} INFO - Processing /home/airflow/.local/lib/python3.12/site-packages/airflow/example_dags/example_dataset_alias_with_no_taskflow.py took 0.926 seconds
[2025-07-30T17:12:26.293+0000] {processor.py:186} INFO - Started process (PID=6997) to work on /home/airflow/.local/lib/python3.12/site-packages/airflow/example_dags/example_dataset_alias_with_no_taskflow.py
[2025-07-30T17:12:26.294+0000] {processor.py:914} INFO - Processing file /home/airflow/.local/lib/python3.12/site-packages/airflow/example_dags/example_dataset_alias_with_no_taskflow.py for tasks to queue
[2025-07-30T17:12:26.297+0000] {logging_mixin.py:190} INFO - [2025-07-30T17:12:26.296+0000] {dagbag.py:588} INFO - Filling up the DagBag from /home/airflow/.local/lib/python3.12/site-packages/airflow/example_dags/example_dataset_alias_with_no_taskflow.py
[2025-07-30T17:12:26.988+0000] {processor.py:925} INFO - DAG(s) 'dataset_s3_bucket_producer_with_no_taskflow', 'dataset_s3_bucket_consumer_with_no_taskflow', 'dataset_alias_example_alias_consumer_with_no_taskflow', 'dataset_alias_example_alias_producer_with_no_taskflow' retrieved from /home/airflow/.local/lib/python3.12/site-packages/airflow/example_dags/example_dataset_alias_with_no_taskflow.py
[2025-07-30T17:12:27.009+0000] {logging_mixin.py:190} INFO - [2025-07-30T17:12:27.008+0000] {dag.py:3239} INFO - Sync 4 DAGs
[2025-07-30T17:12:27.037+0000] {logging_mixin.py:190} INFO - [2025-07-30T17:12:27.037+0000] {dag.py:4180} INFO - Setting next_dagrun for dataset_alias_example_alias_consumer_with_no_taskflow to None, run_after=None
[2025-07-30T17:12:27.040+0000] {logging_mixin.py:190} INFO - [2025-07-30T17:12:27.040+0000] {dag.py:4180} INFO - Setting next_dagrun for dataset_alias_example_alias_producer_with_no_taskflow to None, run_after=None
[2025-07-30T17:12:27.042+0000] {logging_mixin.py:190} INFO - [2025-07-30T17:12:27.042+0000] {dag.py:4180} INFO - Setting next_dagrun for dataset_s3_bucket_consumer_with_no_taskflow to None, run_after=None
[2025-07-30T17:12:27.043+0000] {logging_mixin.py:190} INFO - [2025-07-30T17:12:27.043+0000] {dag.py:4180} INFO - Setting next_dagrun for dataset_s3_bucket_producer_with_no_taskflow to None, run_after=None
[2025-07-30T17:12:27.066+0000] {processor.py:208} INFO - Processing /home/airflow/.local/lib/python3.12/site-packages/airflow/example_dags/example_dataset_alias_with_no_taskflow.py took 0.785 seconds
[2025-07-30T17:12:58.395+0000] {processor.py:186} INFO - Started process (PID=7315) to work on /home/airflow/.local/lib/python3.12/site-packages/airflow/example_dags/example_dataset_alias_with_no_taskflow.py
[2025-07-30T17:12:58.396+0000] {processor.py:914} INFO - Processing file /home/airflow/.local/lib/python3.12/site-packages/airflow/example_dags/example_dataset_alias_with_no_taskflow.py for tasks to queue
[2025-07-30T17:12:58.398+0000] {logging_mixin.py:190} INFO - [2025-07-30T17:12:58.398+0000] {dagbag.py:588} INFO - Filling up the DagBag from /home/airflow/.local/lib/python3.12/site-packages/airflow/example_dags/example_dataset_alias_with_no_taskflow.py
[2025-07-30T17:12:58.947+0000] {processor.py:925} INFO - DAG(s) 'dataset_alias_example_alias_consumer_with_no_taskflow', 'dataset_s3_bucket_consumer_with_no_taskflow', 'dataset_s3_bucket_producer_with_no_taskflow', 'dataset_alias_example_alias_producer_with_no_taskflow' retrieved from /home/airflow/.local/lib/python3.12/site-packages/airflow/example_dags/example_dataset_alias_with_no_taskflow.py
[2025-07-30T17:12:58.964+0000] {logging_mixin.py:190} INFO - [2025-07-30T17:12:58.963+0000] {dag.py:3239} INFO - Sync 4 DAGs
[2025-07-30T17:12:58.982+0000] {logging_mixin.py:190} INFO - [2025-07-30T17:12:58.982+0000] {dag.py:4180} INFO - Setting next_dagrun for dataset_alias_example_alias_consumer_with_no_taskflow to None, run_after=None
[2025-07-30T17:12:58.984+0000] {logging_mixin.py:190} INFO - [2025-07-30T17:12:58.984+0000] {dag.py:4180} INFO - Setting next_dagrun for dataset_alias_example_alias_producer_with_no_taskflow to None, run_after=None
[2025-07-30T17:12:58.985+0000] {logging_mixin.py:190} INFO - [2025-07-30T17:12:58.985+0000] {dag.py:4180} INFO - Setting next_dagrun for dataset_s3_bucket_consumer_with_no_taskflow to None, run_after=None
[2025-07-30T17:12:58.986+0000] {logging_mixin.py:190} INFO - [2025-07-30T17:12:58.986+0000] {dag.py:4180} INFO - Setting next_dagrun for dataset_s3_bucket_producer_with_no_taskflow to None, run_after=None
[2025-07-30T17:12:59.002+0000] {processor.py:208} INFO - Processing /home/airflow/.local/lib/python3.12/site-packages/airflow/example_dags/example_dataset_alias_with_no_taskflow.py took 0.611 seconds
