[2025-07-30T17:01:25.506+0000] {processor.py:186} INFO - Started process (PID=402) to work on /home/airflow/.local/lib/python3.12/site-packages/airflow/example_dags/example_outlet_event_extra.py
[2025-07-30T17:01:25.510+0000] {processor.py:914} INFO - Processing file /home/airflow/.local/lib/python3.12/site-packages/airflow/example_dags/example_outlet_event_extra.py for tasks to queue
[2025-07-30T17:01:25.517+0000] {logging_mixin.py:190} INFO - [2025-07-30T17:01:25.512+0000] {dagbag.py:588} INFO - Filling up the DagBag from /home/airflow/.local/lib/python3.12/site-packages/airflow/example_dags/example_outlet_event_extra.py
[2025-07-30T17:01:26.904+0000] {processor.py:925} INFO - DAG(s) 'dataset_with_extra_from_classic_operator', 'dataset_with_extra_by_context', 'dataset_with_extra_by_yield' retrieved from /home/airflow/.local/lib/python3.12/site-packages/airflow/example_dags/example_outlet_event_extra.py
[2025-07-30T17:01:27.087+0000] {logging_mixin.py:190} INFO - [2025-07-30T17:01:27.087+0000] {override.py:1911} INFO - Created Permission View: can read on DAG:dataset_with_extra_from_classic_operator
[2025-07-30T17:01:27.108+0000] {logging_mixin.py:190} INFO - [2025-07-30T17:01:27.108+0000] {override.py:1911} INFO - Created Permission View: can delete on DAG:dataset_with_extra_from_classic_operator
[2025-07-30T17:01:27.124+0000] {logging_mixin.py:190} INFO - [2025-07-30T17:01:27.124+0000] {override.py:1911} INFO - Created Permission View: can edit on DAG:dataset_with_extra_from_classic_operator
[2025-07-30T17:01:27.148+0000] {logging_mixin.py:190} INFO - [2025-07-30T17:01:27.148+0000] {override.py:1911} INFO - Created Permission View: can read on DAG Run:dataset_with_extra_from_classic_operator
[2025-07-30T17:01:27.171+0000] {logging_mixin.py:190} INFO - [2025-07-30T17:01:27.170+0000] {override.py:1911} INFO - Created Permission View: menu access on DAG Run:dataset_with_extra_from_classic_operator
[2025-07-30T17:01:27.195+0000] {logging_mixin.py:190} INFO - [2025-07-30T17:01:27.195+0000] {override.py:1911} INFO - Created Permission View: can delete on DAG Run:dataset_with_extra_from_classic_operator
[2025-07-30T17:01:27.210+0000] {logging_mixin.py:190} INFO - [2025-07-30T17:01:27.209+0000] {override.py:1911} INFO - Created Permission View: can create on DAG Run:dataset_with_extra_from_classic_operator
[2025-07-30T17:01:27.250+0000] {logging_mixin.py:190} INFO - [2025-07-30T17:01:27.250+0000] {override.py:1911} INFO - Created Permission View: can read on DAG:dataset_with_extra_by_context
[2025-07-30T17:01:27.273+0000] {logging_mixin.py:190} INFO - [2025-07-30T17:01:27.272+0000] {override.py:1911} INFO - Created Permission View: can delete on DAG:dataset_with_extra_by_context
[2025-07-30T17:01:27.291+0000] {logging_mixin.py:190} INFO - [2025-07-30T17:01:27.291+0000] {override.py:1911} INFO - Created Permission View: can edit on DAG:dataset_with_extra_by_context
[2025-07-30T17:01:27.309+0000] {logging_mixin.py:190} INFO - [2025-07-30T17:01:27.309+0000] {override.py:1911} INFO - Created Permission View: can read on DAG Run:dataset_with_extra_by_context
[2025-07-30T17:01:27.326+0000] {logging_mixin.py:190} INFO - [2025-07-30T17:01:27.326+0000] {override.py:1911} INFO - Created Permission View: menu access on DAG Run:dataset_with_extra_by_context
[2025-07-30T17:01:27.338+0000] {logging_mixin.py:190} INFO - [2025-07-30T17:01:27.338+0000] {override.py:1911} INFO - Created Permission View: can delete on DAG Run:dataset_with_extra_by_context
[2025-07-30T17:01:27.353+0000] {logging_mixin.py:190} INFO - [2025-07-30T17:01:27.352+0000] {override.py:1911} INFO - Created Permission View: can create on DAG Run:dataset_with_extra_by_context
[2025-07-30T17:01:27.366+0000] {logging_mixin.py:190} INFO - [2025-07-30T17:01:27.366+0000] {override.py:1911} INFO - Created Permission View: can read on DAG:dataset_with_extra_by_yield
[2025-07-30T17:01:27.376+0000] {logging_mixin.py:190} INFO - [2025-07-30T17:01:27.376+0000] {override.py:1911} INFO - Created Permission View: can delete on DAG:dataset_with_extra_by_yield
[2025-07-30T17:01:27.386+0000] {logging_mixin.py:190} INFO - [2025-07-30T17:01:27.385+0000] {override.py:1911} INFO - Created Permission View: can edit on DAG:dataset_with_extra_by_yield
[2025-07-30T17:01:27.394+0000] {logging_mixin.py:190} INFO - [2025-07-30T17:01:27.394+0000] {override.py:1911} INFO - Created Permission View: can read on DAG Run:dataset_with_extra_by_yield
[2025-07-30T17:01:27.406+0000] {logging_mixin.py:190} INFO - [2025-07-30T17:01:27.406+0000] {override.py:1911} INFO - Created Permission View: menu access on DAG Run:dataset_with_extra_by_yield
[2025-07-30T17:01:27.425+0000] {logging_mixin.py:190} INFO - [2025-07-30T17:01:27.425+0000] {override.py:1911} INFO - Created Permission View: can delete on DAG Run:dataset_with_extra_by_yield
[2025-07-30T17:01:27.460+0000] {logging_mixin.py:190} INFO - [2025-07-30T17:01:27.460+0000] {override.py:1911} INFO - Created Permission View: can create on DAG Run:dataset_with_extra_by_yield
[2025-07-30T17:01:27.462+0000] {logging_mixin.py:190} INFO - [2025-07-30T17:01:27.462+0000] {dag.py:3239} INFO - Sync 3 DAGs
[2025-07-30T17:01:27.518+0000] {logging_mixin.py:190} INFO - [2025-07-30T17:01:27.517+0000] {dag.py:3262} INFO - Creating ORM DAG for dataset_with_extra_by_yield
[2025-07-30T17:01:27.521+0000] {logging_mixin.py:190} INFO - [2025-07-30T17:01:27.521+0000] {dag.py:3262} INFO - Creating ORM DAG for dataset_with_extra_from_classic_operator
[2025-07-30T17:01:27.523+0000] {logging_mixin.py:190} INFO - [2025-07-30T17:01:27.523+0000] {dag.py:3262} INFO - Creating ORM DAG for dataset_with_extra_by_context
[2025-07-30T17:01:27.556+0000] {logging_mixin.py:190} INFO - [2025-07-30T17:01:27.556+0000] {dag.py:4180} INFO - Setting next_dagrun for dataset_with_extra_by_context to 2025-07-29 00:00:00+00:00, run_after=2025-07-30 00:00:00+00:00
[2025-07-30T17:01:27.564+0000] {logging_mixin.py:190} INFO - [2025-07-30T17:01:27.564+0000] {dag.py:4180} INFO - Setting next_dagrun for dataset_with_extra_by_yield to 2025-07-29 00:00:00+00:00, run_after=2025-07-30 00:00:00+00:00
[2025-07-30T17:01:27.573+0000] {logging_mixin.py:190} INFO - [2025-07-30T17:01:27.573+0000] {dag.py:4180} INFO - Setting next_dagrun for dataset_with_extra_from_classic_operator to 2025-07-29 00:00:00+00:00, run_after=2025-07-30 00:00:00+00:00
[2025-07-30T17:01:27.647+0000] {processor.py:208} INFO - Processing /home/airflow/.local/lib/python3.12/site-packages/airflow/example_dags/example_outlet_event_extra.py took 2.148 seconds
[2025-07-30T17:01:57.847+0000] {processor.py:186} INFO - Started process (PID=714) to work on /home/airflow/.local/lib/python3.12/site-packages/airflow/example_dags/example_outlet_event_extra.py
[2025-07-30T17:01:57.848+0000] {processor.py:914} INFO - Processing file /home/airflow/.local/lib/python3.12/site-packages/airflow/example_dags/example_outlet_event_extra.py for tasks to queue
[2025-07-30T17:01:57.851+0000] {logging_mixin.py:190} INFO - [2025-07-30T17:01:57.851+0000] {dagbag.py:588} INFO - Filling up the DagBag from /home/airflow/.local/lib/python3.12/site-packages/airflow/example_dags/example_outlet_event_extra.py
[2025-07-30T17:01:58.471+0000] {processor.py:925} INFO - DAG(s) 'dataset_with_extra_by_yield', 'dataset_with_extra_by_context', 'dataset_with_extra_from_classic_operator' retrieved from /home/airflow/.local/lib/python3.12/site-packages/airflow/example_dags/example_outlet_event_extra.py
[2025-07-30T17:01:58.492+0000] {logging_mixin.py:190} INFO - [2025-07-30T17:01:58.492+0000] {dag.py:3239} INFO - Sync 3 DAGs
[2025-07-30T17:01:58.511+0000] {logging_mixin.py:190} INFO - [2025-07-30T17:01:58.511+0000] {dag.py:4180} INFO - Setting next_dagrun for dataset_with_extra_by_context to 2025-07-29 00:00:00+00:00, run_after=2025-07-30 00:00:00+00:00
[2025-07-30T17:01:58.516+0000] {logging_mixin.py:190} INFO - [2025-07-30T17:01:58.515+0000] {dag.py:4180} INFO - Setting next_dagrun for dataset_with_extra_by_yield to 2025-07-29 00:00:00+00:00, run_after=2025-07-30 00:00:00+00:00
[2025-07-30T17:01:58.518+0000] {logging_mixin.py:190} INFO - [2025-07-30T17:01:58.518+0000] {dag.py:4180} INFO - Setting next_dagrun for dataset_with_extra_from_classic_operator to 2025-07-29 00:00:00+00:00, run_after=2025-07-30 00:00:00+00:00
[2025-07-30T17:01:58.533+0000] {processor.py:208} INFO - Processing /home/airflow/.local/lib/python3.12/site-packages/airflow/example_dags/example_outlet_event_extra.py took 0.698 seconds
[2025-07-30T17:02:29.198+0000] {processor.py:186} INFO - Started process (PID=1029) to work on /home/airflow/.local/lib/python3.12/site-packages/airflow/example_dags/example_outlet_event_extra.py
[2025-07-30T17:02:29.199+0000] {processor.py:914} INFO - Processing file /home/airflow/.local/lib/python3.12/site-packages/airflow/example_dags/example_outlet_event_extra.py for tasks to queue
[2025-07-30T17:02:29.201+0000] {logging_mixin.py:190} INFO - [2025-07-30T17:02:29.201+0000] {dagbag.py:588} INFO - Filling up the DagBag from /home/airflow/.local/lib/python3.12/site-packages/airflow/example_dags/example_outlet_event_extra.py
[2025-07-30T17:02:29.884+0000] {processor.py:925} INFO - DAG(s) 'dataset_with_extra_by_context', 'dataset_with_extra_from_classic_operator', 'dataset_with_extra_by_yield' retrieved from /home/airflow/.local/lib/python3.12/site-packages/airflow/example_dags/example_outlet_event_extra.py
[2025-07-30T17:02:29.904+0000] {logging_mixin.py:190} INFO - [2025-07-30T17:02:29.904+0000] {dag.py:3239} INFO - Sync 3 DAGs
[2025-07-30T17:02:29.923+0000] {logging_mixin.py:190} INFO - [2025-07-30T17:02:29.923+0000] {dag.py:4180} INFO - Setting next_dagrun for dataset_with_extra_by_context to 2025-07-29 00:00:00+00:00, run_after=2025-07-30 00:00:00+00:00
[2025-07-30T17:02:29.927+0000] {logging_mixin.py:190} INFO - [2025-07-30T17:02:29.926+0000] {dag.py:4180} INFO - Setting next_dagrun for dataset_with_extra_by_yield to 2025-07-29 00:00:00+00:00, run_after=2025-07-30 00:00:00+00:00
[2025-07-30T17:02:29.929+0000] {logging_mixin.py:190} INFO - [2025-07-30T17:02:29.929+0000] {dag.py:4180} INFO - Setting next_dagrun for dataset_with_extra_from_classic_operator to 2025-07-29 00:00:00+00:00, run_after=2025-07-30 00:00:00+00:00
[2025-07-30T17:02:29.943+0000] {processor.py:208} INFO - Processing /home/airflow/.local/lib/python3.12/site-packages/airflow/example_dags/example_outlet_event_extra.py took 0.749 seconds
[2025-07-30T17:03:00.875+0000] {processor.py:186} INFO - Started process (PID=1345) to work on /home/airflow/.local/lib/python3.12/site-packages/airflow/example_dags/example_outlet_event_extra.py
[2025-07-30T17:03:00.875+0000] {processor.py:914} INFO - Processing file /home/airflow/.local/lib/python3.12/site-packages/airflow/example_dags/example_outlet_event_extra.py for tasks to queue
[2025-07-30T17:03:00.877+0000] {logging_mixin.py:190} INFO - [2025-07-30T17:03:00.877+0000] {dagbag.py:588} INFO - Filling up the DagBag from /home/airflow/.local/lib/python3.12/site-packages/airflow/example_dags/example_outlet_event_extra.py
[2025-07-30T17:03:01.651+0000] {processor.py:925} INFO - DAG(s) 'dataset_with_extra_by_yield', 'dataset_with_extra_by_context', 'dataset_with_extra_from_classic_operator' retrieved from /home/airflow/.local/lib/python3.12/site-packages/airflow/example_dags/example_outlet_event_extra.py
[2025-07-30T17:03:01.676+0000] {logging_mixin.py:190} INFO - [2025-07-30T17:03:01.676+0000] {dag.py:3239} INFO - Sync 3 DAGs
[2025-07-30T17:03:01.707+0000] {logging_mixin.py:190} INFO - [2025-07-30T17:03:01.706+0000] {dag.py:4180} INFO - Setting next_dagrun for dataset_with_extra_by_context to 2025-07-29 00:00:00+00:00, run_after=2025-07-30 00:00:00+00:00
[2025-07-30T17:03:01.713+0000] {logging_mixin.py:190} INFO - [2025-07-30T17:03:01.713+0000] {dag.py:4180} INFO - Setting next_dagrun for dataset_with_extra_by_yield to 2025-07-29 00:00:00+00:00, run_after=2025-07-30 00:00:00+00:00
[2025-07-30T17:03:01.717+0000] {logging_mixin.py:190} INFO - [2025-07-30T17:03:01.717+0000] {dag.py:4180} INFO - Setting next_dagrun for dataset_with_extra_from_classic_operator to 2025-07-29 00:00:00+00:00, run_after=2025-07-30 00:00:00+00:00
[2025-07-30T17:03:01.740+0000] {processor.py:208} INFO - Processing /home/airflow/.local/lib/python3.12/site-packages/airflow/example_dags/example_outlet_event_extra.py took 0.871 seconds
[2025-07-30T17:03:32.170+0000] {processor.py:186} INFO - Started process (PID=1651) to work on /home/airflow/.local/lib/python3.12/site-packages/airflow/example_dags/example_outlet_event_extra.py
[2025-07-30T17:03:32.171+0000] {processor.py:914} INFO - Processing file /home/airflow/.local/lib/python3.12/site-packages/airflow/example_dags/example_outlet_event_extra.py for tasks to queue
[2025-07-30T17:03:32.173+0000] {logging_mixin.py:190} INFO - [2025-07-30T17:03:32.173+0000] {dagbag.py:588} INFO - Filling up the DagBag from /home/airflow/.local/lib/python3.12/site-packages/airflow/example_dags/example_outlet_event_extra.py
[2025-07-30T17:03:32.908+0000] {processor.py:925} INFO - DAG(s) 'dataset_with_extra_by_context', 'dataset_with_extra_from_classic_operator', 'dataset_with_extra_by_yield' retrieved from /home/airflow/.local/lib/python3.12/site-packages/airflow/example_dags/example_outlet_event_extra.py
[2025-07-30T17:03:32.937+0000] {logging_mixin.py:190} INFO - [2025-07-30T17:03:32.937+0000] {dag.py:3239} INFO - Sync 3 DAGs
[2025-07-30T17:03:32.968+0000] {logging_mixin.py:190} INFO - [2025-07-30T17:03:32.968+0000] {dag.py:4180} INFO - Setting next_dagrun for dataset_with_extra_by_context to 2025-07-29 00:00:00+00:00, run_after=2025-07-30 00:00:00+00:00
[2025-07-30T17:03:32.976+0000] {logging_mixin.py:190} INFO - [2025-07-30T17:03:32.975+0000] {dag.py:4180} INFO - Setting next_dagrun for dataset_with_extra_by_yield to 2025-07-29 00:00:00+00:00, run_after=2025-07-30 00:00:00+00:00
[2025-07-30T17:03:32.979+0000] {logging_mixin.py:190} INFO - [2025-07-30T17:03:32.979+0000] {dag.py:4180} INFO - Setting next_dagrun for dataset_with_extra_from_classic_operator to 2025-07-29 00:00:00+00:00, run_after=2025-07-30 00:00:00+00:00
[2025-07-30T17:03:33.000+0000] {processor.py:208} INFO - Processing /home/airflow/.local/lib/python3.12/site-packages/airflow/example_dags/example_outlet_event_extra.py took 0.836 seconds
[2025-07-30T17:04:03.086+0000] {processor.py:186} INFO - Started process (PID=1957) to work on /home/airflow/.local/lib/python3.12/site-packages/airflow/example_dags/example_outlet_event_extra.py
[2025-07-30T17:04:03.087+0000] {processor.py:914} INFO - Processing file /home/airflow/.local/lib/python3.12/site-packages/airflow/example_dags/example_outlet_event_extra.py for tasks to queue
[2025-07-30T17:04:03.088+0000] {logging_mixin.py:190} INFO - [2025-07-30T17:04:03.088+0000] {dagbag.py:588} INFO - Filling up the DagBag from /home/airflow/.local/lib/python3.12/site-packages/airflow/example_dags/example_outlet_event_extra.py
[2025-07-30T17:04:03.701+0000] {processor.py:925} INFO - DAG(s) 'dataset_with_extra_from_classic_operator', 'dataset_with_extra_by_context', 'dataset_with_extra_by_yield' retrieved from /home/airflow/.local/lib/python3.12/site-packages/airflow/example_dags/example_outlet_event_extra.py
[2025-07-30T17:04:03.738+0000] {logging_mixin.py:190} INFO - [2025-07-30T17:04:03.738+0000] {dag.py:3239} INFO - Sync 3 DAGs
[2025-07-30T17:04:03.768+0000] {logging_mixin.py:190} INFO - [2025-07-30T17:04:03.768+0000] {dag.py:4180} INFO - Setting next_dagrun for dataset_with_extra_by_context to 2025-07-29 00:00:00+00:00, run_after=2025-07-30 00:00:00+00:00
[2025-07-30T17:04:03.775+0000] {logging_mixin.py:190} INFO - [2025-07-30T17:04:03.774+0000] {dag.py:4180} INFO - Setting next_dagrun for dataset_with_extra_by_yield to 2025-07-29 00:00:00+00:00, run_after=2025-07-30 00:00:00+00:00
[2025-07-30T17:04:03.778+0000] {logging_mixin.py:190} INFO - [2025-07-30T17:04:03.778+0000] {dag.py:4180} INFO - Setting next_dagrun for dataset_with_extra_from_classic_operator to 2025-07-29 00:00:00+00:00, run_after=2025-07-30 00:00:00+00:00
[2025-07-30T17:04:03.800+0000] {processor.py:208} INFO - Processing /home/airflow/.local/lib/python3.12/site-packages/airflow/example_dags/example_outlet_event_extra.py took 0.719 seconds
[2025-07-30T17:04:33.944+0000] {processor.py:186} INFO - Started process (PID=2263) to work on /home/airflow/.local/lib/python3.12/site-packages/airflow/example_dags/example_outlet_event_extra.py
[2025-07-30T17:04:33.945+0000] {processor.py:914} INFO - Processing file /home/airflow/.local/lib/python3.12/site-packages/airflow/example_dags/example_outlet_event_extra.py for tasks to queue
[2025-07-30T17:04:33.946+0000] {logging_mixin.py:190} INFO - [2025-07-30T17:04:33.946+0000] {dagbag.py:588} INFO - Filling up the DagBag from /home/airflow/.local/lib/python3.12/site-packages/airflow/example_dags/example_outlet_event_extra.py
[2025-07-30T17:04:34.439+0000] {processor.py:925} INFO - DAG(s) 'dataset_with_extra_by_context', 'dataset_with_extra_from_classic_operator', 'dataset_with_extra_by_yield' retrieved from /home/airflow/.local/lib/python3.12/site-packages/airflow/example_dags/example_outlet_event_extra.py
[2025-07-30T17:04:34.478+0000] {logging_mixin.py:190} INFO - [2025-07-30T17:04:34.478+0000] {dag.py:3239} INFO - Sync 3 DAGs
[2025-07-30T17:04:34.511+0000] {logging_mixin.py:190} INFO - [2025-07-30T17:04:34.511+0000] {dag.py:4180} INFO - Setting next_dagrun for dataset_with_extra_by_context to 2025-07-29 00:00:00+00:00, run_after=2025-07-30 00:00:00+00:00
[2025-07-30T17:04:34.519+0000] {logging_mixin.py:190} INFO - [2025-07-30T17:04:34.519+0000] {dag.py:4180} INFO - Setting next_dagrun for dataset_with_extra_by_yield to 2025-07-29 00:00:00+00:00, run_after=2025-07-30 00:00:00+00:00
[2025-07-30T17:04:34.522+0000] {logging_mixin.py:190} INFO - [2025-07-30T17:04:34.522+0000] {dag.py:4180} INFO - Setting next_dagrun for dataset_with_extra_from_classic_operator to 2025-07-29 00:00:00+00:00, run_after=2025-07-30 00:00:00+00:00
[2025-07-30T17:04:34.544+0000] {processor.py:208} INFO - Processing /home/airflow/.local/lib/python3.12/site-packages/airflow/example_dags/example_outlet_event_extra.py took 0.604 seconds
[2025-07-30T17:05:04.851+0000] {processor.py:186} INFO - Started process (PID=2569) to work on /home/airflow/.local/lib/python3.12/site-packages/airflow/example_dags/example_outlet_event_extra.py
[2025-07-30T17:05:04.853+0000] {processor.py:914} INFO - Processing file /home/airflow/.local/lib/python3.12/site-packages/airflow/example_dags/example_outlet_event_extra.py for tasks to queue
[2025-07-30T17:05:04.855+0000] {logging_mixin.py:190} INFO - [2025-07-30T17:05:04.855+0000] {dagbag.py:588} INFO - Filling up the DagBag from /home/airflow/.local/lib/python3.12/site-packages/airflow/example_dags/example_outlet_event_extra.py
[2025-07-30T17:05:05.564+0000] {processor.py:925} INFO - DAG(s) 'dataset_with_extra_by_yield', 'dataset_with_extra_by_context', 'dataset_with_extra_from_classic_operator' retrieved from /home/airflow/.local/lib/python3.12/site-packages/airflow/example_dags/example_outlet_event_extra.py
[2025-07-30T17:05:05.594+0000] {logging_mixin.py:190} INFO - [2025-07-30T17:05:05.593+0000] {dag.py:3239} INFO - Sync 3 DAGs
[2025-07-30T17:05:05.624+0000] {logging_mixin.py:190} INFO - [2025-07-30T17:05:05.624+0000] {dag.py:4180} INFO - Setting next_dagrun for dataset_with_extra_by_context to 2025-07-29 00:00:00+00:00, run_after=2025-07-30 00:00:00+00:00
[2025-07-30T17:05:05.631+0000] {logging_mixin.py:190} INFO - [2025-07-30T17:05:05.630+0000] {dag.py:4180} INFO - Setting next_dagrun for dataset_with_extra_by_yield to 2025-07-29 00:00:00+00:00, run_after=2025-07-30 00:00:00+00:00
[2025-07-30T17:05:05.634+0000] {logging_mixin.py:190} INFO - [2025-07-30T17:05:05.634+0000] {dag.py:4180} INFO - Setting next_dagrun for dataset_with_extra_from_classic_operator to 2025-07-29 00:00:00+00:00, run_after=2025-07-30 00:00:00+00:00
[2025-07-30T17:05:05.655+0000] {processor.py:208} INFO - Processing /home/airflow/.local/lib/python3.12/site-packages/airflow/example_dags/example_outlet_event_extra.py took 0.809 seconds
[2025-07-30T17:05:36.423+0000] {processor.py:186} INFO - Started process (PID=2895) to work on /home/airflow/.local/lib/python3.12/site-packages/airflow/example_dags/example_outlet_event_extra.py
[2025-07-30T17:05:36.424+0000] {processor.py:914} INFO - Processing file /home/airflow/.local/lib/python3.12/site-packages/airflow/example_dags/example_outlet_event_extra.py for tasks to queue
[2025-07-30T17:05:36.427+0000] {logging_mixin.py:190} INFO - [2025-07-30T17:05:36.427+0000] {dagbag.py:588} INFO - Filling up the DagBag from /home/airflow/.local/lib/python3.12/site-packages/airflow/example_dags/example_outlet_event_extra.py
[2025-07-30T17:05:37.164+0000] {processor.py:925} INFO - DAG(s) 'dataset_with_extra_from_classic_operator', 'dataset_with_extra_by_context', 'dataset_with_extra_by_yield' retrieved from /home/airflow/.local/lib/python3.12/site-packages/airflow/example_dags/example_outlet_event_extra.py
[2025-07-30T17:05:37.192+0000] {logging_mixin.py:190} INFO - [2025-07-30T17:05:37.191+0000] {dag.py:3239} INFO - Sync 3 DAGs
[2025-07-30T17:05:37.221+0000] {logging_mixin.py:190} INFO - [2025-07-30T17:05:37.221+0000] {dag.py:4180} INFO - Setting next_dagrun for dataset_with_extra_by_context to 2025-07-29 00:00:00+00:00, run_after=2025-07-30 00:00:00+00:00
[2025-07-30T17:05:37.233+0000] {logging_mixin.py:190} INFO - [2025-07-30T17:05:37.233+0000] {dag.py:4180} INFO - Setting next_dagrun for dataset_with_extra_by_yield to 2025-07-29 00:00:00+00:00, run_after=2025-07-30 00:00:00+00:00
[2025-07-30T17:05:37.237+0000] {logging_mixin.py:190} INFO - [2025-07-30T17:05:37.236+0000] {dag.py:4180} INFO - Setting next_dagrun for dataset_with_extra_from_classic_operator to 2025-07-29 00:00:00+00:00, run_after=2025-07-30 00:00:00+00:00
[2025-07-30T17:05:37.257+0000] {processor.py:208} INFO - Processing /home/airflow/.local/lib/python3.12/site-packages/airflow/example_dags/example_outlet_event_extra.py took 0.839 seconds
[2025-07-30T17:06:08.232+0000] {processor.py:186} INFO - Started process (PID=3201) to work on /home/airflow/.local/lib/python3.12/site-packages/airflow/example_dags/example_outlet_event_extra.py
[2025-07-30T17:06:08.232+0000] {processor.py:914} INFO - Processing file /home/airflow/.local/lib/python3.12/site-packages/airflow/example_dags/example_outlet_event_extra.py for tasks to queue
[2025-07-30T17:06:08.235+0000] {logging_mixin.py:190} INFO - [2025-07-30T17:06:08.235+0000] {dagbag.py:588} INFO - Filling up the DagBag from /home/airflow/.local/lib/python3.12/site-packages/airflow/example_dags/example_outlet_event_extra.py
[2025-07-30T17:06:09.170+0000] {processor.py:925} INFO - DAG(s) 'dataset_with_extra_by_context', 'dataset_with_extra_from_classic_operator', 'dataset_with_extra_by_yield' retrieved from /home/airflow/.local/lib/python3.12/site-packages/airflow/example_dags/example_outlet_event_extra.py
[2025-07-30T17:06:09.199+0000] {logging_mixin.py:190} INFO - [2025-07-30T17:06:09.199+0000] {dag.py:3239} INFO - Sync 3 DAGs
[2025-07-30T17:06:09.232+0000] {logging_mixin.py:190} INFO - [2025-07-30T17:06:09.232+0000] {dag.py:4180} INFO - Setting next_dagrun for dataset_with_extra_by_context to 2025-07-29 00:00:00+00:00, run_after=2025-07-30 00:00:00+00:00
[2025-07-30T17:06:09.239+0000] {logging_mixin.py:190} INFO - [2025-07-30T17:06:09.239+0000] {dag.py:4180} INFO - Setting next_dagrun for dataset_with_extra_by_yield to 2025-07-29 00:00:00+00:00, run_after=2025-07-30 00:00:00+00:00
[2025-07-30T17:06:09.242+0000] {logging_mixin.py:190} INFO - [2025-07-30T17:06:09.242+0000] {dag.py:4180} INFO - Setting next_dagrun for dataset_with_extra_from_classic_operator to 2025-07-29 00:00:00+00:00, run_after=2025-07-30 00:00:00+00:00
[2025-07-30T17:06:09.289+0000] {processor.py:208} INFO - Processing /home/airflow/.local/lib/python3.12/site-packages/airflow/example_dags/example_outlet_event_extra.py took 1.063 seconds
[2025-07-30T17:06:39.498+0000] {processor.py:186} INFO - Started process (PID=3513) to work on /home/airflow/.local/lib/python3.12/site-packages/airflow/example_dags/example_outlet_event_extra.py
[2025-07-30T17:06:39.499+0000] {processor.py:914} INFO - Processing file /home/airflow/.local/lib/python3.12/site-packages/airflow/example_dags/example_outlet_event_extra.py for tasks to queue
[2025-07-30T17:06:39.504+0000] {logging_mixin.py:190} INFO - [2025-07-30T17:06:39.503+0000] {dagbag.py:588} INFO - Filling up the DagBag from /home/airflow/.local/lib/python3.12/site-packages/airflow/example_dags/example_outlet_event_extra.py
[2025-07-30T17:06:40.255+0000] {processor.py:925} INFO - DAG(s) 'dataset_with_extra_by_yield', 'dataset_with_extra_by_context', 'dataset_with_extra_from_classic_operator' retrieved from /home/airflow/.local/lib/python3.12/site-packages/airflow/example_dags/example_outlet_event_extra.py
[2025-07-30T17:06:40.280+0000] {logging_mixin.py:190} INFO - [2025-07-30T17:06:40.280+0000] {dag.py:3239} INFO - Sync 3 DAGs
[2025-07-30T17:06:40.327+0000] {logging_mixin.py:190} INFO - [2025-07-30T17:06:40.327+0000] {dag.py:4180} INFO - Setting next_dagrun for dataset_with_extra_by_context to 2025-07-29 00:00:00+00:00, run_after=2025-07-30 00:00:00+00:00
[2025-07-30T17:06:40.334+0000] {logging_mixin.py:190} INFO - [2025-07-30T17:06:40.334+0000] {dag.py:4180} INFO - Setting next_dagrun for dataset_with_extra_by_yield to 2025-07-29 00:00:00+00:00, run_after=2025-07-30 00:00:00+00:00
[2025-07-30T17:06:40.337+0000] {logging_mixin.py:190} INFO - [2025-07-30T17:06:40.337+0000] {dag.py:4180} INFO - Setting next_dagrun for dataset_with_extra_from_classic_operator to 2025-07-29 00:00:00+00:00, run_after=2025-07-30 00:00:00+00:00
[2025-07-30T17:06:40.356+0000] {processor.py:208} INFO - Processing /home/airflow/.local/lib/python3.12/site-packages/airflow/example_dags/example_outlet_event_extra.py took 0.866 seconds
[2025-07-30T17:07:10.825+0000] {processor.py:186} INFO - Started process (PID=3819) to work on /home/airflow/.local/lib/python3.12/site-packages/airflow/example_dags/example_outlet_event_extra.py
[2025-07-30T17:07:10.826+0000] {processor.py:914} INFO - Processing file /home/airflow/.local/lib/python3.12/site-packages/airflow/example_dags/example_outlet_event_extra.py for tasks to queue
[2025-07-30T17:07:10.830+0000] {logging_mixin.py:190} INFO - [2025-07-30T17:07:10.829+0000] {dagbag.py:588} INFO - Filling up the DagBag from /home/airflow/.local/lib/python3.12/site-packages/airflow/example_dags/example_outlet_event_extra.py
[2025-07-30T17:07:11.724+0000] {processor.py:925} INFO - DAG(s) 'dataset_with_extra_by_yield', 'dataset_with_extra_by_context', 'dataset_with_extra_from_classic_operator' retrieved from /home/airflow/.local/lib/python3.12/site-packages/airflow/example_dags/example_outlet_event_extra.py
[2025-07-30T17:07:11.751+0000] {logging_mixin.py:190} INFO - [2025-07-30T17:07:11.751+0000] {dag.py:3239} INFO - Sync 3 DAGs
[2025-07-30T17:07:11.782+0000] {logging_mixin.py:190} INFO - [2025-07-30T17:07:11.782+0000] {dag.py:4180} INFO - Setting next_dagrun for dataset_with_extra_by_context to 2025-07-29 00:00:00+00:00, run_after=2025-07-30 00:00:00+00:00
[2025-07-30T17:07:11.788+0000] {logging_mixin.py:190} INFO - [2025-07-30T17:07:11.788+0000] {dag.py:4180} INFO - Setting next_dagrun for dataset_with_extra_by_yield to 2025-07-29 00:00:00+00:00, run_after=2025-07-30 00:00:00+00:00
[2025-07-30T17:07:11.791+0000] {logging_mixin.py:190} INFO - [2025-07-30T17:07:11.791+0000] {dag.py:4180} INFO - Setting next_dagrun for dataset_with_extra_from_classic_operator to 2025-07-29 00:00:00+00:00, run_after=2025-07-30 00:00:00+00:00
[2025-07-30T17:07:11.811+0000] {processor.py:208} INFO - Processing /home/airflow/.local/lib/python3.12/site-packages/airflow/example_dags/example_outlet_event_extra.py took 0.999 seconds
[2025-07-30T17:07:42.366+0000] {processor.py:186} INFO - Started process (PID=4125) to work on /home/airflow/.local/lib/python3.12/site-packages/airflow/example_dags/example_outlet_event_extra.py
[2025-07-30T17:07:42.366+0000] {processor.py:914} INFO - Processing file /home/airflow/.local/lib/python3.12/site-packages/airflow/example_dags/example_outlet_event_extra.py for tasks to queue
[2025-07-30T17:07:42.369+0000] {logging_mixin.py:190} INFO - [2025-07-30T17:07:42.369+0000] {dagbag.py:588} INFO - Filling up the DagBag from /home/airflow/.local/lib/python3.12/site-packages/airflow/example_dags/example_outlet_event_extra.py
[2025-07-30T17:07:43.069+0000] {processor.py:925} INFO - DAG(s) 'dataset_with_extra_by_context', 'dataset_with_extra_by_yield', 'dataset_with_extra_from_classic_operator' retrieved from /home/airflow/.local/lib/python3.12/site-packages/airflow/example_dags/example_outlet_event_extra.py
[2025-07-30T17:07:43.097+0000] {logging_mixin.py:190} INFO - [2025-07-30T17:07:43.097+0000] {dag.py:3239} INFO - Sync 3 DAGs
[2025-07-30T17:07:43.130+0000] {logging_mixin.py:190} INFO - [2025-07-30T17:07:43.130+0000] {dag.py:4180} INFO - Setting next_dagrun for dataset_with_extra_by_context to 2025-07-29 00:00:00+00:00, run_after=2025-07-30 00:00:00+00:00
[2025-07-30T17:07:43.136+0000] {logging_mixin.py:190} INFO - [2025-07-30T17:07:43.136+0000] {dag.py:4180} INFO - Setting next_dagrun for dataset_with_extra_by_yield to 2025-07-29 00:00:00+00:00, run_after=2025-07-30 00:00:00+00:00
[2025-07-30T17:07:43.140+0000] {logging_mixin.py:190} INFO - [2025-07-30T17:07:43.139+0000] {dag.py:4180} INFO - Setting next_dagrun for dataset_with_extra_from_classic_operator to 2025-07-29 00:00:00+00:00, run_after=2025-07-30 00:00:00+00:00
[2025-07-30T17:07:43.162+0000] {processor.py:208} INFO - Processing /home/airflow/.local/lib/python3.12/site-packages/airflow/example_dags/example_outlet_event_extra.py took 0.802 seconds
[2025-07-30T17:08:13.693+0000] {processor.py:186} INFO - Started process (PID=4431) to work on /home/airflow/.local/lib/python3.12/site-packages/airflow/example_dags/example_outlet_event_extra.py
[2025-07-30T17:08:13.694+0000] {processor.py:914} INFO - Processing file /home/airflow/.local/lib/python3.12/site-packages/airflow/example_dags/example_outlet_event_extra.py for tasks to queue
[2025-07-30T17:08:13.696+0000] {logging_mixin.py:190} INFO - [2025-07-30T17:08:13.696+0000] {dagbag.py:588} INFO - Filling up the DagBag from /home/airflow/.local/lib/python3.12/site-packages/airflow/example_dags/example_outlet_event_extra.py
[2025-07-30T17:08:14.592+0000] {processor.py:925} INFO - DAG(s) 'dataset_with_extra_from_classic_operator', 'dataset_with_extra_by_context', 'dataset_with_extra_by_yield' retrieved from /home/airflow/.local/lib/python3.12/site-packages/airflow/example_dags/example_outlet_event_extra.py
[2025-07-30T17:08:14.620+0000] {logging_mixin.py:190} INFO - [2025-07-30T17:08:14.620+0000] {dag.py:3239} INFO - Sync 3 DAGs
[2025-07-30T17:08:14.650+0000] {logging_mixin.py:190} INFO - [2025-07-30T17:08:14.650+0000] {dag.py:4180} INFO - Setting next_dagrun for dataset_with_extra_by_context to 2025-07-29 00:00:00+00:00, run_after=2025-07-30 00:00:00+00:00
[2025-07-30T17:08:14.656+0000] {logging_mixin.py:190} INFO - [2025-07-30T17:08:14.656+0000] {dag.py:4180} INFO - Setting next_dagrun for dataset_with_extra_by_yield to 2025-07-29 00:00:00+00:00, run_after=2025-07-30 00:00:00+00:00
[2025-07-30T17:08:14.660+0000] {logging_mixin.py:190} INFO - [2025-07-30T17:08:14.659+0000] {dag.py:4180} INFO - Setting next_dagrun for dataset_with_extra_from_classic_operator to 2025-07-29 00:00:00+00:00, run_after=2025-07-30 00:00:00+00:00
[2025-07-30T17:08:14.686+0000] {processor.py:208} INFO - Processing /home/airflow/.local/lib/python3.12/site-packages/airflow/example_dags/example_outlet_event_extra.py took 0.999 seconds
[2025-07-30T17:08:44.996+0000] {processor.py:186} INFO - Started process (PID=4737) to work on /home/airflow/.local/lib/python3.12/site-packages/airflow/example_dags/example_outlet_event_extra.py
[2025-07-30T17:08:44.997+0000] {processor.py:914} INFO - Processing file /home/airflow/.local/lib/python3.12/site-packages/airflow/example_dags/example_outlet_event_extra.py for tasks to queue
[2025-07-30T17:08:45.000+0000] {logging_mixin.py:190} INFO - [2025-07-30T17:08:44.999+0000] {dagbag.py:588} INFO - Filling up the DagBag from /home/airflow/.local/lib/python3.12/site-packages/airflow/example_dags/example_outlet_event_extra.py
[2025-07-30T17:08:45.903+0000] {processor.py:925} INFO - DAG(s) 'dataset_with_extra_by_yield', 'dataset_with_extra_by_context', 'dataset_with_extra_from_classic_operator' retrieved from /home/airflow/.local/lib/python3.12/site-packages/airflow/example_dags/example_outlet_event_extra.py
[2025-07-30T17:08:45.931+0000] {logging_mixin.py:190} INFO - [2025-07-30T17:08:45.931+0000] {dag.py:3239} INFO - Sync 3 DAGs
[2025-07-30T17:08:45.961+0000] {logging_mixin.py:190} INFO - [2025-07-30T17:08:45.961+0000] {dag.py:4180} INFO - Setting next_dagrun for dataset_with_extra_by_context to 2025-07-29 00:00:00+00:00, run_after=2025-07-30 00:00:00+00:00
[2025-07-30T17:08:45.966+0000] {logging_mixin.py:190} INFO - [2025-07-30T17:08:45.966+0000] {dag.py:4180} INFO - Setting next_dagrun for dataset_with_extra_by_yield to 2025-07-29 00:00:00+00:00, run_after=2025-07-30 00:00:00+00:00
[2025-07-30T17:08:45.969+0000] {logging_mixin.py:190} INFO - [2025-07-30T17:08:45.969+0000] {dag.py:4180} INFO - Setting next_dagrun for dataset_with_extra_from_classic_operator to 2025-07-29 00:00:00+00:00, run_after=2025-07-30 00:00:00+00:00
[2025-07-30T17:08:45.988+0000] {processor.py:208} INFO - Processing /home/airflow/.local/lib/python3.12/site-packages/airflow/example_dags/example_outlet_event_extra.py took 0.998 seconds
[2025-07-30T17:09:16.731+0000] {processor.py:186} INFO - Started process (PID=5053) to work on /home/airflow/.local/lib/python3.12/site-packages/airflow/example_dags/example_outlet_event_extra.py
[2025-07-30T17:09:16.732+0000] {processor.py:914} INFO - Processing file /home/airflow/.local/lib/python3.12/site-packages/airflow/example_dags/example_outlet_event_extra.py for tasks to queue
[2025-07-30T17:09:16.734+0000] {logging_mixin.py:190} INFO - [2025-07-30T17:09:16.733+0000] {dagbag.py:588} INFO - Filling up the DagBag from /home/airflow/.local/lib/python3.12/site-packages/airflow/example_dags/example_outlet_event_extra.py
[2025-07-30T17:09:17.246+0000] {processor.py:925} INFO - DAG(s) 'dataset_with_extra_by_context', 'dataset_with_extra_from_classic_operator', 'dataset_with_extra_by_yield' retrieved from /home/airflow/.local/lib/python3.12/site-packages/airflow/example_dags/example_outlet_event_extra.py
[2025-07-30T17:09:17.265+0000] {logging_mixin.py:190} INFO - [2025-07-30T17:09:17.265+0000] {dag.py:3239} INFO - Sync 3 DAGs
[2025-07-30T17:09:17.284+0000] {logging_mixin.py:190} INFO - [2025-07-30T17:09:17.284+0000] {dag.py:4180} INFO - Setting next_dagrun for dataset_with_extra_by_context to 2025-07-29 00:00:00+00:00, run_after=2025-07-30 00:00:00+00:00
[2025-07-30T17:09:17.288+0000] {logging_mixin.py:190} INFO - [2025-07-30T17:09:17.288+0000] {dag.py:4180} INFO - Setting next_dagrun for dataset_with_extra_by_yield to 2025-07-29 00:00:00+00:00, run_after=2025-07-30 00:00:00+00:00
[2025-07-30T17:09:17.290+0000] {logging_mixin.py:190} INFO - [2025-07-30T17:09:17.290+0000] {dag.py:4180} INFO - Setting next_dagrun for dataset_with_extra_from_classic_operator to 2025-07-29 00:00:00+00:00, run_after=2025-07-30 00:00:00+00:00
[2025-07-30T17:09:17.305+0000] {processor.py:208} INFO - Processing /home/airflow/.local/lib/python3.12/site-packages/airflow/example_dags/example_outlet_event_extra.py took 0.578 seconds
[2025-07-30T17:09:48.078+0000] {processor.py:186} INFO - Started process (PID=5359) to work on /home/airflow/.local/lib/python3.12/site-packages/airflow/example_dags/example_outlet_event_extra.py
[2025-07-30T17:09:48.078+0000] {processor.py:914} INFO - Processing file /home/airflow/.local/lib/python3.12/site-packages/airflow/example_dags/example_outlet_event_extra.py for tasks to queue
[2025-07-30T17:09:48.081+0000] {logging_mixin.py:190} INFO - [2025-07-30T17:09:48.081+0000] {dagbag.py:588} INFO - Filling up the DagBag from /home/airflow/.local/lib/python3.12/site-packages/airflow/example_dags/example_outlet_event_extra.py
[2025-07-30T17:09:48.984+0000] {processor.py:925} INFO - DAG(s) 'dataset_with_extra_by_yield', 'dataset_with_extra_by_context', 'dataset_with_extra_from_classic_operator' retrieved from /home/airflow/.local/lib/python3.12/site-packages/airflow/example_dags/example_outlet_event_extra.py
[2025-07-30T17:09:49.013+0000] {logging_mixin.py:190} INFO - [2025-07-30T17:09:49.013+0000] {dag.py:3239} INFO - Sync 3 DAGs
[2025-07-30T17:09:49.044+0000] {logging_mixin.py:190} INFO - [2025-07-30T17:09:49.044+0000] {dag.py:4180} INFO - Setting next_dagrun for dataset_with_extra_by_context to 2025-07-29 00:00:00+00:00, run_after=2025-07-30 00:00:00+00:00
[2025-07-30T17:09:49.051+0000] {logging_mixin.py:190} INFO - [2025-07-30T17:09:49.051+0000] {dag.py:4180} INFO - Setting next_dagrun for dataset_with_extra_by_yield to 2025-07-29 00:00:00+00:00, run_after=2025-07-30 00:00:00+00:00
[2025-07-30T17:09:49.055+0000] {logging_mixin.py:190} INFO - [2025-07-30T17:09:49.055+0000] {dag.py:4180} INFO - Setting next_dagrun for dataset_with_extra_from_classic_operator to 2025-07-29 00:00:00+00:00, run_after=2025-07-30 00:00:00+00:00
[2025-07-30T17:09:49.077+0000] {processor.py:208} INFO - Processing /home/airflow/.local/lib/python3.12/site-packages/airflow/example_dags/example_outlet_event_extra.py took 1.005 seconds
[2025-07-30T17:10:19.325+0000] {processor.py:186} INFO - Started process (PID=5688) to work on /home/airflow/.local/lib/python3.12/site-packages/airflow/example_dags/example_outlet_event_extra.py
[2025-07-30T17:10:19.326+0000] {processor.py:914} INFO - Processing file /home/airflow/.local/lib/python3.12/site-packages/airflow/example_dags/example_outlet_event_extra.py for tasks to queue
[2025-07-30T17:10:19.328+0000] {logging_mixin.py:190} INFO - [2025-07-30T17:10:19.328+0000] {dagbag.py:588} INFO - Filling up the DagBag from /home/airflow/.local/lib/python3.12/site-packages/airflow/example_dags/example_outlet_event_extra.py
[2025-07-30T17:10:20.036+0000] {processor.py:925} INFO - DAG(s) 'dataset_with_extra_from_classic_operator', 'dataset_with_extra_by_yield', 'dataset_with_extra_by_context' retrieved from /home/airflow/.local/lib/python3.12/site-packages/airflow/example_dags/example_outlet_event_extra.py
[2025-07-30T17:10:20.062+0000] {logging_mixin.py:190} INFO - [2025-07-30T17:10:20.062+0000] {dag.py:3239} INFO - Sync 3 DAGs
[2025-07-30T17:10:20.092+0000] {logging_mixin.py:190} INFO - [2025-07-30T17:10:20.091+0000] {dag.py:4180} INFO - Setting next_dagrun for dataset_with_extra_by_context to 2025-07-29 00:00:00+00:00, run_after=2025-07-30 00:00:00+00:00
[2025-07-30T17:10:20.098+0000] {logging_mixin.py:190} INFO - [2025-07-30T17:10:20.097+0000] {dag.py:4180} INFO - Setting next_dagrun for dataset_with_extra_by_yield to 2025-07-29 00:00:00+00:00, run_after=2025-07-30 00:00:00+00:00
[2025-07-30T17:10:20.101+0000] {logging_mixin.py:190} INFO - [2025-07-30T17:10:20.101+0000] {dag.py:4180} INFO - Setting next_dagrun for dataset_with_extra_from_classic_operator to 2025-07-29 00:00:00+00:00, run_after=2025-07-30 00:00:00+00:00
[2025-07-30T17:10:20.121+0000] {processor.py:208} INFO - Processing /home/airflow/.local/lib/python3.12/site-packages/airflow/example_dags/example_outlet_event_extra.py took 0.802 seconds
[2025-07-30T17:10:51.631+0000] {processor.py:186} INFO - Started process (PID=6049) to work on /home/airflow/.local/lib/python3.12/site-packages/airflow/example_dags/example_outlet_event_extra.py
[2025-07-30T17:10:51.632+0000] {processor.py:914} INFO - Processing file /home/airflow/.local/lib/python3.12/site-packages/airflow/example_dags/example_outlet_event_extra.py for tasks to queue
[2025-07-30T17:10:51.634+0000] {logging_mixin.py:190} INFO - [2025-07-30T17:10:51.634+0000] {dagbag.py:588} INFO - Filling up the DagBag from /home/airflow/.local/lib/python3.12/site-packages/airflow/example_dags/example_outlet_event_extra.py
[2025-07-30T17:10:52.514+0000] {processor.py:925} INFO - DAG(s) 'dataset_with_extra_from_classic_operator', 'dataset_with_extra_by_context', 'dataset_with_extra_by_yield' retrieved from /home/airflow/.local/lib/python3.12/site-packages/airflow/example_dags/example_outlet_event_extra.py
[2025-07-30T17:10:52.541+0000] {logging_mixin.py:190} INFO - [2025-07-30T17:10:52.541+0000] {dag.py:3239} INFO - Sync 3 DAGs
[2025-07-30T17:10:52.589+0000] {logging_mixin.py:190} INFO - [2025-07-30T17:10:52.589+0000] {dag.py:4180} INFO - Setting next_dagrun for dataset_with_extra_by_context to 2025-07-29 00:00:00+00:00, run_after=2025-07-30 00:00:00+00:00
[2025-07-30T17:10:52.596+0000] {logging_mixin.py:190} INFO - [2025-07-30T17:10:52.596+0000] {dag.py:4180} INFO - Setting next_dagrun for dataset_with_extra_by_yield to 2025-07-29 00:00:00+00:00, run_after=2025-07-30 00:00:00+00:00
[2025-07-30T17:10:52.600+0000] {logging_mixin.py:190} INFO - [2025-07-30T17:10:52.599+0000] {dag.py:4180} INFO - Setting next_dagrun for dataset_with_extra_from_classic_operator to 2025-07-29 00:00:00+00:00, run_after=2025-07-30 00:00:00+00:00
[2025-07-30T17:10:52.620+0000] {processor.py:208} INFO - Processing /home/airflow/.local/lib/python3.12/site-packages/airflow/example_dags/example_outlet_event_extra.py took 0.996 seconds
[2025-07-30T17:11:23.462+0000] {processor.py:186} INFO - Started process (PID=6360) to work on /home/airflow/.local/lib/python3.12/site-packages/airflow/example_dags/example_outlet_event_extra.py
[2025-07-30T17:11:23.463+0000] {processor.py:914} INFO - Processing file /home/airflow/.local/lib/python3.12/site-packages/airflow/example_dags/example_outlet_event_extra.py for tasks to queue
[2025-07-30T17:11:23.466+0000] {logging_mixin.py:190} INFO - [2025-07-30T17:11:23.465+0000] {dagbag.py:588} INFO - Filling up the DagBag from /home/airflow/.local/lib/python3.12/site-packages/airflow/example_dags/example_outlet_event_extra.py
[2025-07-30T17:11:24.227+0000] {processor.py:925} INFO - DAG(s) 'dataset_with_extra_by_yield', 'dataset_with_extra_from_classic_operator', 'dataset_with_extra_by_context' retrieved from /home/airflow/.local/lib/python3.12/site-packages/airflow/example_dags/example_outlet_event_extra.py
[2025-07-30T17:11:24.255+0000] {logging_mixin.py:190} INFO - [2025-07-30T17:11:24.255+0000] {dag.py:3239} INFO - Sync 3 DAGs
[2025-07-30T17:11:24.287+0000] {logging_mixin.py:190} INFO - [2025-07-30T17:11:24.287+0000] {dag.py:4180} INFO - Setting next_dagrun for dataset_with_extra_by_context to 2025-07-29 00:00:00+00:00, run_after=2025-07-30 00:00:00+00:00
[2025-07-30T17:11:24.293+0000] {logging_mixin.py:190} INFO - [2025-07-30T17:11:24.293+0000] {dag.py:4180} INFO - Setting next_dagrun for dataset_with_extra_by_yield to 2025-07-29 00:00:00+00:00, run_after=2025-07-30 00:00:00+00:00
[2025-07-30T17:11:24.297+0000] {logging_mixin.py:190} INFO - [2025-07-30T17:11:24.297+0000] {dag.py:4180} INFO - Setting next_dagrun for dataset_with_extra_from_classic_operator to 2025-07-29 00:00:00+00:00, run_after=2025-07-30 00:00:00+00:00
[2025-07-30T17:11:24.319+0000] {processor.py:208} INFO - Processing /home/airflow/.local/lib/python3.12/site-packages/airflow/example_dags/example_outlet_event_extra.py took 0.863 seconds
[2025-07-30T17:11:54.755+0000] {processor.py:186} INFO - Started process (PID=6678) to work on /home/airflow/.local/lib/python3.12/site-packages/airflow/example_dags/example_outlet_event_extra.py
[2025-07-30T17:11:54.756+0000] {processor.py:914} INFO - Processing file /home/airflow/.local/lib/python3.12/site-packages/airflow/example_dags/example_outlet_event_extra.py for tasks to queue
[2025-07-30T17:11:54.758+0000] {logging_mixin.py:190} INFO - [2025-07-30T17:11:54.758+0000] {dagbag.py:588} INFO - Filling up the DagBag from /home/airflow/.local/lib/python3.12/site-packages/airflow/example_dags/example_outlet_event_extra.py
[2025-07-30T17:11:55.459+0000] {processor.py:925} INFO - DAG(s) 'dataset_with_extra_from_classic_operator', 'dataset_with_extra_by_yield', 'dataset_with_extra_by_context' retrieved from /home/airflow/.local/lib/python3.12/site-packages/airflow/example_dags/example_outlet_event_extra.py
[2025-07-30T17:11:55.487+0000] {logging_mixin.py:190} INFO - [2025-07-30T17:11:55.487+0000] {dag.py:3239} INFO - Sync 3 DAGs
[2025-07-30T17:11:55.525+0000] {logging_mixin.py:190} INFO - [2025-07-30T17:11:55.525+0000] {dag.py:4180} INFO - Setting next_dagrun for dataset_with_extra_by_context to 2025-07-29 00:00:00+00:00, run_after=2025-07-30 00:00:00+00:00
[2025-07-30T17:11:55.535+0000] {logging_mixin.py:190} INFO - [2025-07-30T17:11:55.532+0000] {dag.py:4180} INFO - Setting next_dagrun for dataset_with_extra_by_yield to 2025-07-29 00:00:00+00:00, run_after=2025-07-30 00:00:00+00:00
[2025-07-30T17:11:55.538+0000] {logging_mixin.py:190} INFO - [2025-07-30T17:11:55.538+0000] {dag.py:4180} INFO - Setting next_dagrun for dataset_with_extra_from_classic_operator to 2025-07-29 00:00:00+00:00, run_after=2025-07-30 00:00:00+00:00
[2025-07-30T17:11:55.566+0000] {processor.py:208} INFO - Processing /home/airflow/.local/lib/python3.12/site-packages/airflow/example_dags/example_outlet_event_extra.py took 0.816 seconds
[2025-07-30T17:12:26.192+0000] {processor.py:186} INFO - Started process (PID=6992) to work on /home/airflow/.local/lib/python3.12/site-packages/airflow/example_dags/example_outlet_event_extra.py
[2025-07-30T17:12:26.194+0000] {processor.py:914} INFO - Processing file /home/airflow/.local/lib/python3.12/site-packages/airflow/example_dags/example_outlet_event_extra.py for tasks to queue
[2025-07-30T17:12:26.200+0000] {logging_mixin.py:190} INFO - [2025-07-30T17:12:26.200+0000] {dagbag.py:588} INFO - Filling up the DagBag from /home/airflow/.local/lib/python3.12/site-packages/airflow/example_dags/example_outlet_event_extra.py
[2025-07-30T17:12:26.891+0000] {processor.py:925} INFO - DAG(s) 'dataset_with_extra_by_yield', 'dataset_with_extra_from_classic_operator', 'dataset_with_extra_by_context' retrieved from /home/airflow/.local/lib/python3.12/site-packages/airflow/example_dags/example_outlet_event_extra.py
[2025-07-30T17:12:26.918+0000] {logging_mixin.py:190} INFO - [2025-07-30T17:12:26.917+0000] {dag.py:3239} INFO - Sync 3 DAGs
[2025-07-30T17:12:26.949+0000] {logging_mixin.py:190} INFO - [2025-07-30T17:12:26.948+0000] {dag.py:4180} INFO - Setting next_dagrun for dataset_with_extra_by_context to 2025-07-29 00:00:00+00:00, run_after=2025-07-30 00:00:00+00:00
[2025-07-30T17:12:26.955+0000] {logging_mixin.py:190} INFO - [2025-07-30T17:12:26.954+0000] {dag.py:4180} INFO - Setting next_dagrun for dataset_with_extra_by_yield to 2025-07-29 00:00:00+00:00, run_after=2025-07-30 00:00:00+00:00
[2025-07-30T17:12:26.958+0000] {logging_mixin.py:190} INFO - [2025-07-30T17:12:26.958+0000] {dag.py:4180} INFO - Setting next_dagrun for dataset_with_extra_from_classic_operator to 2025-07-29 00:00:00+00:00, run_after=2025-07-30 00:00:00+00:00
[2025-07-30T17:12:26.980+0000] {processor.py:208} INFO - Processing /home/airflow/.local/lib/python3.12/site-packages/airflow/example_dags/example_outlet_event_extra.py took 0.798 seconds
[2025-07-30T17:12:57.803+0000] {processor.py:186} INFO - Started process (PID=7310) to work on /home/airflow/.local/lib/python3.12/site-packages/airflow/example_dags/example_outlet_event_extra.py
[2025-07-30T17:12:57.804+0000] {processor.py:914} INFO - Processing file /home/airflow/.local/lib/python3.12/site-packages/airflow/example_dags/example_outlet_event_extra.py for tasks to queue
[2025-07-30T17:12:57.806+0000] {logging_mixin.py:190} INFO - [2025-07-30T17:12:57.806+0000] {dagbag.py:588} INFO - Filling up the DagBag from /home/airflow/.local/lib/python3.12/site-packages/airflow/example_dags/example_outlet_event_extra.py
[2025-07-30T17:12:58.296+0000] {processor.py:925} INFO - DAG(s) 'dataset_with_extra_from_classic_operator', 'dataset_with_extra_by_yield', 'dataset_with_extra_by_context' retrieved from /home/airflow/.local/lib/python3.12/site-packages/airflow/example_dags/example_outlet_event_extra.py
[2025-07-30T17:12:58.315+0000] {logging_mixin.py:190} INFO - [2025-07-30T17:12:58.315+0000] {dag.py:3239} INFO - Sync 3 DAGs
[2025-07-30T17:12:58.336+0000] {logging_mixin.py:190} INFO - [2025-07-30T17:12:58.336+0000] {dag.py:4180} INFO - Setting next_dagrun for dataset_with_extra_by_context to 2025-07-29 00:00:00+00:00, run_after=2025-07-30 00:00:00+00:00
[2025-07-30T17:12:58.340+0000] {logging_mixin.py:190} INFO - [2025-07-30T17:12:58.340+0000] {dag.py:4180} INFO - Setting next_dagrun for dataset_with_extra_by_yield to 2025-07-29 00:00:00+00:00, run_after=2025-07-30 00:00:00+00:00
[2025-07-30T17:12:58.344+0000] {logging_mixin.py:190} INFO - [2025-07-30T17:12:58.343+0000] {dag.py:4180} INFO - Setting next_dagrun for dataset_with_extra_from_classic_operator to 2025-07-29 00:00:00+00:00, run_after=2025-07-30 00:00:00+00:00
[2025-07-30T17:12:58.359+0000] {processor.py:208} INFO - Processing /home/airflow/.local/lib/python3.12/site-packages/airflow/example_dags/example_outlet_event_extra.py took 0.560 seconds
