[2025-07-30T17:01:18.511+0000] {processor.py:186} INFO - Started process (PID=319) to work on /home/airflow/.local/lib/python3.12/site-packages/airflow/example_dags/example_latest_only_with_trigger.py
[2025-07-30T17:01:18.513+0000] {processor.py:914} INFO - Processing file /home/airflow/.local/lib/python3.12/site-packages/airflow/example_dags/example_latest_only_with_trigger.py for tasks to queue
[2025-07-30T17:01:18.516+0000] {logging_mixin.py:190} INFO - [2025-07-30T17:01:18.515+0000] {dagbag.py:588} INFO - Filling up the DagBag from /home/airflow/.local/lib/python3.12/site-packages/airflow/example_dags/example_latest_only_with_trigger.py
[2025-07-30T17:01:18.530+0000] {processor.py:925} INFO - DAG(s) 'latest_only_with_trigger' retrieved from /home/airflow/.local/lib/python3.12/site-packages/airflow/example_dags/example_latest_only_with_trigger.py
[2025-07-30T17:01:18.696+0000] {logging_mixin.py:190} INFO - [2025-07-30T17:01:18.695+0000] {override.py:1911} INFO - Created Permission View: can read on DAG:latest_only_with_trigger
[2025-07-30T17:01:18.720+0000] {logging_mixin.py:190} INFO - [2025-07-30T17:01:18.720+0000] {override.py:1911} INFO - Created Permission View: can delete on DAG:latest_only_with_trigger
[2025-07-30T17:01:18.732+0000] {logging_mixin.py:190} INFO - [2025-07-30T17:01:18.731+0000] {override.py:1911} INFO - Created Permission View: can edit on DAG:latest_only_with_trigger
[2025-07-30T17:01:18.746+0000] {logging_mixin.py:190} INFO - [2025-07-30T17:01:18.746+0000] {override.py:1911} INFO - Created Permission View: can read on DAG Run:latest_only_with_trigger
[2025-07-30T17:01:18.758+0000] {logging_mixin.py:190} INFO - [2025-07-30T17:01:18.757+0000] {override.py:1911} INFO - Created Permission View: menu access on DAG Run:latest_only_with_trigger
[2025-07-30T17:01:18.772+0000] {logging_mixin.py:190} INFO - [2025-07-30T17:01:18.772+0000] {override.py:1911} INFO - Created Permission View: can delete on DAG Run:latest_only_with_trigger
[2025-07-30T17:01:18.787+0000] {logging_mixin.py:190} INFO - [2025-07-30T17:01:18.786+0000] {override.py:1911} INFO - Created Permission View: can create on DAG Run:latest_only_with_trigger
[2025-07-30T17:01:18.787+0000] {logging_mixin.py:190} INFO - [2025-07-30T17:01:18.787+0000] {dag.py:3239} INFO - Sync 1 DAGs
[2025-07-30T17:01:18.818+0000] {logging_mixin.py:190} INFO - [2025-07-30T17:01:18.818+0000] {dag.py:3262} INFO - Creating ORM DAG for latest_only_with_trigger
[2025-07-30T17:01:18.837+0000] {logging_mixin.py:190} INFO - [2025-07-30T17:01:18.836+0000] {dag.py:4180} INFO - Setting next_dagrun for latest_only_with_trigger to 2025-07-30 12:00:00+00:00, run_after=2025-07-30 16:00:00+00:00
[2025-07-30T17:01:18.860+0000] {processor.py:208} INFO - Processing /home/airflow/.local/lib/python3.12/site-packages/airflow/example_dags/example_latest_only_with_trigger.py took 0.356 seconds
[2025-07-30T17:01:48.932+0000] {processor.py:186} INFO - Started process (PID=624) to work on /home/airflow/.local/lib/python3.12/site-packages/airflow/example_dags/example_latest_only_with_trigger.py
[2025-07-30T17:01:48.933+0000] {processor.py:914} INFO - Processing file /home/airflow/.local/lib/python3.12/site-packages/airflow/example_dags/example_latest_only_with_trigger.py for tasks to queue
[2025-07-30T17:01:48.935+0000] {logging_mixin.py:190} INFO - [2025-07-30T17:01:48.934+0000] {dagbag.py:588} INFO - Filling up the DagBag from /home/airflow/.local/lib/python3.12/site-packages/airflow/example_dags/example_latest_only_with_trigger.py
[2025-07-30T17:01:48.940+0000] {processor.py:925} INFO - DAG(s) 'latest_only_with_trigger' retrieved from /home/airflow/.local/lib/python3.12/site-packages/airflow/example_dags/example_latest_only_with_trigger.py
[2025-07-30T17:01:48.956+0000] {logging_mixin.py:190} INFO - [2025-07-30T17:01:48.956+0000] {dag.py:3239} INFO - Sync 1 DAGs
[2025-07-30T17:01:48.974+0000] {logging_mixin.py:190} INFO - [2025-07-30T17:01:48.973+0000] {dag.py:4180} INFO - Setting next_dagrun for latest_only_with_trigger to 2025-07-30 12:00:00+00:00, run_after=2025-07-30 16:00:00+00:00
[2025-07-30T17:01:48.987+0000] {processor.py:208} INFO - Processing /home/airflow/.local/lib/python3.12/site-packages/airflow/example_dags/example_latest_only_with_trigger.py took 0.059 seconds
[2025-07-30T17:02:20.031+0000] {processor.py:186} INFO - Started process (PID=927) to work on /home/airflow/.local/lib/python3.12/site-packages/airflow/example_dags/example_latest_only_with_trigger.py
[2025-07-30T17:02:20.032+0000] {processor.py:914} INFO - Processing file /home/airflow/.local/lib/python3.12/site-packages/airflow/example_dags/example_latest_only_with_trigger.py for tasks to queue
[2025-07-30T17:02:20.035+0000] {logging_mixin.py:190} INFO - [2025-07-30T17:02:20.034+0000] {dagbag.py:588} INFO - Filling up the DagBag from /home/airflow/.local/lib/python3.12/site-packages/airflow/example_dags/example_latest_only_with_trigger.py
[2025-07-30T17:02:20.043+0000] {processor.py:925} INFO - DAG(s) 'latest_only_with_trigger' retrieved from /home/airflow/.local/lib/python3.12/site-packages/airflow/example_dags/example_latest_only_with_trigger.py
[2025-07-30T17:02:20.065+0000] {logging_mixin.py:190} INFO - [2025-07-30T17:02:20.065+0000] {dag.py:3239} INFO - Sync 1 DAGs
[2025-07-30T17:02:20.091+0000] {logging_mixin.py:190} INFO - [2025-07-30T17:02:20.091+0000] {dag.py:4180} INFO - Setting next_dagrun for latest_only_with_trigger to 2025-07-30 12:00:00+00:00, run_after=2025-07-30 16:00:00+00:00
[2025-07-30T17:02:20.108+0000] {processor.py:208} INFO - Processing /home/airflow/.local/lib/python3.12/site-packages/airflow/example_dags/example_latest_only_with_trigger.py took 0.084 seconds
[2025-07-30T17:02:50.492+0000] {processor.py:186} INFO - Started process (PID=1230) to work on /home/airflow/.local/lib/python3.12/site-packages/airflow/example_dags/example_latest_only_with_trigger.py
[2025-07-30T17:02:50.493+0000] {processor.py:914} INFO - Processing file /home/airflow/.local/lib/python3.12/site-packages/airflow/example_dags/example_latest_only_with_trigger.py for tasks to queue
[2025-07-30T17:02:50.495+0000] {logging_mixin.py:190} INFO - [2025-07-30T17:02:50.495+0000] {dagbag.py:588} INFO - Filling up the DagBag from /home/airflow/.local/lib/python3.12/site-packages/airflow/example_dags/example_latest_only_with_trigger.py
[2025-07-30T17:02:50.505+0000] {processor.py:925} INFO - DAG(s) 'latest_only_with_trigger' retrieved from /home/airflow/.local/lib/python3.12/site-packages/airflow/example_dags/example_latest_only_with_trigger.py
[2025-07-30T17:02:50.537+0000] {logging_mixin.py:190} INFO - [2025-07-30T17:02:50.536+0000] {dag.py:3239} INFO - Sync 1 DAGs
[2025-07-30T17:02:50.573+0000] {logging_mixin.py:190} INFO - [2025-07-30T17:02:50.573+0000] {dag.py:4180} INFO - Setting next_dagrun for latest_only_with_trigger to 2025-07-30 12:00:00+00:00, run_after=2025-07-30 16:00:00+00:00
[2025-07-30T17:02:50.591+0000] {processor.py:208} INFO - Processing /home/airflow/.local/lib/python3.12/site-packages/airflow/example_dags/example_latest_only_with_trigger.py took 0.103 seconds
[2025-07-30T17:03:21.115+0000] {processor.py:186} INFO - Started process (PID=1536) to work on /home/airflow/.local/lib/python3.12/site-packages/airflow/example_dags/example_latest_only_with_trigger.py
[2025-07-30T17:03:21.116+0000] {processor.py:914} INFO - Processing file /home/airflow/.local/lib/python3.12/site-packages/airflow/example_dags/example_latest_only_with_trigger.py for tasks to queue
[2025-07-30T17:03:21.119+0000] {logging_mixin.py:190} INFO - [2025-07-30T17:03:21.119+0000] {dagbag.py:588} INFO - Filling up the DagBag from /home/airflow/.local/lib/python3.12/site-packages/airflow/example_dags/example_latest_only_with_trigger.py
[2025-07-30T17:03:21.127+0000] {processor.py:925} INFO - DAG(s) 'latest_only_with_trigger' retrieved from /home/airflow/.local/lib/python3.12/site-packages/airflow/example_dags/example_latest_only_with_trigger.py
[2025-07-30T17:03:21.150+0000] {logging_mixin.py:190} INFO - [2025-07-30T17:03:21.150+0000] {dag.py:3239} INFO - Sync 1 DAGs
[2025-07-30T17:03:21.178+0000] {logging_mixin.py:190} INFO - [2025-07-30T17:03:21.178+0000] {dag.py:4180} INFO - Setting next_dagrun for latest_only_with_trigger to 2025-07-30 12:00:00+00:00, run_after=2025-07-30 16:00:00+00:00
[2025-07-30T17:03:21.196+0000] {processor.py:208} INFO - Processing /home/airflow/.local/lib/python3.12/site-packages/airflow/example_dags/example_latest_only_with_trigger.py took 0.086 seconds
[2025-07-30T17:03:51.302+0000] {processor.py:186} INFO - Started process (PID=1842) to work on /home/airflow/.local/lib/python3.12/site-packages/airflow/example_dags/example_latest_only_with_trigger.py
[2025-07-30T17:03:51.302+0000] {processor.py:914} INFO - Processing file /home/airflow/.local/lib/python3.12/site-packages/airflow/example_dags/example_latest_only_with_trigger.py for tasks to queue
[2025-07-30T17:03:51.304+0000] {logging_mixin.py:190} INFO - [2025-07-30T17:03:51.304+0000] {dagbag.py:588} INFO - Filling up the DagBag from /home/airflow/.local/lib/python3.12/site-packages/airflow/example_dags/example_latest_only_with_trigger.py
[2025-07-30T17:03:51.312+0000] {processor.py:925} INFO - DAG(s) 'latest_only_with_trigger' retrieved from /home/airflow/.local/lib/python3.12/site-packages/airflow/example_dags/example_latest_only_with_trigger.py
[2025-07-30T17:03:51.335+0000] {logging_mixin.py:190} INFO - [2025-07-30T17:03:51.335+0000] {dag.py:3239} INFO - Sync 1 DAGs
[2025-07-30T17:03:51.361+0000] {logging_mixin.py:190} INFO - [2025-07-30T17:03:51.361+0000] {dag.py:4180} INFO - Setting next_dagrun for latest_only_with_trigger to 2025-07-30 12:00:00+00:00, run_after=2025-07-30 16:00:00+00:00
[2025-07-30T17:03:51.379+0000] {processor.py:208} INFO - Processing /home/airflow/.local/lib/python3.12/site-packages/airflow/example_dags/example_latest_only_with_trigger.py took 0.083 seconds
[2025-07-30T17:04:21.447+0000] {processor.py:186} INFO - Started process (PID=2148) to work on /home/airflow/.local/lib/python3.12/site-packages/airflow/example_dags/example_latest_only_with_trigger.py
[2025-07-30T17:04:21.448+0000] {processor.py:914} INFO - Processing file /home/airflow/.local/lib/python3.12/site-packages/airflow/example_dags/example_latest_only_with_trigger.py for tasks to queue
[2025-07-30T17:04:21.451+0000] {logging_mixin.py:190} INFO - [2025-07-30T17:04:21.450+0000] {dagbag.py:588} INFO - Filling up the DagBag from /home/airflow/.local/lib/python3.12/site-packages/airflow/example_dags/example_latest_only_with_trigger.py
[2025-07-30T17:04:21.459+0000] {processor.py:925} INFO - DAG(s) 'latest_only_with_trigger' retrieved from /home/airflow/.local/lib/python3.12/site-packages/airflow/example_dags/example_latest_only_with_trigger.py
[2025-07-30T17:04:21.481+0000] {logging_mixin.py:190} INFO - [2025-07-30T17:04:21.481+0000] {dag.py:3239} INFO - Sync 1 DAGs
[2025-07-30T17:04:21.507+0000] {logging_mixin.py:190} INFO - [2025-07-30T17:04:21.507+0000] {dag.py:4180} INFO - Setting next_dagrun for latest_only_with_trigger to 2025-07-30 12:00:00+00:00, run_after=2025-07-30 16:00:00+00:00
[2025-07-30T17:04:21.524+0000] {processor.py:208} INFO - Processing /home/airflow/.local/lib/python3.12/site-packages/airflow/example_dags/example_latest_only_with_trigger.py took 0.083 seconds
[2025-07-30T17:04:52.110+0000] {processor.py:186} INFO - Started process (PID=2454) to work on /home/airflow/.local/lib/python3.12/site-packages/airflow/example_dags/example_latest_only_with_trigger.py
[2025-07-30T17:04:52.111+0000] {processor.py:914} INFO - Processing file /home/airflow/.local/lib/python3.12/site-packages/airflow/example_dags/example_latest_only_with_trigger.py for tasks to queue
[2025-07-30T17:04:52.113+0000] {logging_mixin.py:190} INFO - [2025-07-30T17:04:52.113+0000] {dagbag.py:588} INFO - Filling up the DagBag from /home/airflow/.local/lib/python3.12/site-packages/airflow/example_dags/example_latest_only_with_trigger.py
[2025-07-30T17:04:52.121+0000] {processor.py:925} INFO - DAG(s) 'latest_only_with_trigger' retrieved from /home/airflow/.local/lib/python3.12/site-packages/airflow/example_dags/example_latest_only_with_trigger.py
[2025-07-30T17:04:52.143+0000] {logging_mixin.py:190} INFO - [2025-07-30T17:04:52.143+0000] {dag.py:3239} INFO - Sync 1 DAGs
[2025-07-30T17:04:52.169+0000] {logging_mixin.py:190} INFO - [2025-07-30T17:04:52.169+0000] {dag.py:4180} INFO - Setting next_dagrun for latest_only_with_trigger to 2025-07-30 12:00:00+00:00, run_after=2025-07-30 16:00:00+00:00
[2025-07-30T17:04:52.186+0000] {processor.py:208} INFO - Processing /home/airflow/.local/lib/python3.12/site-packages/airflow/example_dags/example_latest_only_with_trigger.py took 0.081 seconds
[2025-07-30T17:05:22.960+0000] {processor.py:186} INFO - Started process (PID=2760) to work on /home/airflow/.local/lib/python3.12/site-packages/airflow/example_dags/example_latest_only_with_trigger.py
[2025-07-30T17:05:22.961+0000] {processor.py:914} INFO - Processing file /home/airflow/.local/lib/python3.12/site-packages/airflow/example_dags/example_latest_only_with_trigger.py for tasks to queue
[2025-07-30T17:05:22.963+0000] {logging_mixin.py:190} INFO - [2025-07-30T17:05:22.963+0000] {dagbag.py:588} INFO - Filling up the DagBag from /home/airflow/.local/lib/python3.12/site-packages/airflow/example_dags/example_latest_only_with_trigger.py
[2025-07-30T17:05:22.971+0000] {processor.py:925} INFO - DAG(s) 'latest_only_with_trigger' retrieved from /home/airflow/.local/lib/python3.12/site-packages/airflow/example_dags/example_latest_only_with_trigger.py
[2025-07-30T17:05:22.995+0000] {logging_mixin.py:190} INFO - [2025-07-30T17:05:22.995+0000] {dag.py:3239} INFO - Sync 1 DAGs
[2025-07-30T17:05:23.022+0000] {logging_mixin.py:190} INFO - [2025-07-30T17:05:23.022+0000] {dag.py:4180} INFO - Setting next_dagrun for latest_only_with_trigger to 2025-07-30 12:00:00+00:00, run_after=2025-07-30 16:00:00+00:00
[2025-07-30T17:05:23.040+0000] {processor.py:208} INFO - Processing /home/airflow/.local/lib/python3.12/site-packages/airflow/example_dags/example_latest_only_with_trigger.py took 0.085 seconds
[2025-07-30T17:05:53.350+0000] {processor.py:186} INFO - Started process (PID=3066) to work on /home/airflow/.local/lib/python3.12/site-packages/airflow/example_dags/example_latest_only_with_trigger.py
[2025-07-30T17:05:53.350+0000] {processor.py:914} INFO - Processing file /home/airflow/.local/lib/python3.12/site-packages/airflow/example_dags/example_latest_only_with_trigger.py for tasks to queue
[2025-07-30T17:05:53.353+0000] {logging_mixin.py:190} INFO - [2025-07-30T17:05:53.353+0000] {dagbag.py:588} INFO - Filling up the DagBag from /home/airflow/.local/lib/python3.12/site-packages/airflow/example_dags/example_latest_only_with_trigger.py
[2025-07-30T17:05:53.361+0000] {processor.py:925} INFO - DAG(s) 'latest_only_with_trigger' retrieved from /home/airflow/.local/lib/python3.12/site-packages/airflow/example_dags/example_latest_only_with_trigger.py
[2025-07-30T17:05:53.384+0000] {logging_mixin.py:190} INFO - [2025-07-30T17:05:53.384+0000] {dag.py:3239} INFO - Sync 1 DAGs
[2025-07-30T17:05:53.410+0000] {logging_mixin.py:190} INFO - [2025-07-30T17:05:53.409+0000] {dag.py:4180} INFO - Setting next_dagrun for latest_only_with_trigger to 2025-07-30 12:00:00+00:00, run_after=2025-07-30 16:00:00+00:00
[2025-07-30T17:05:53.427+0000] {processor.py:208} INFO - Processing /home/airflow/.local/lib/python3.12/site-packages/airflow/example_dags/example_latest_only_with_trigger.py took 0.083 seconds
[2025-07-30T17:06:24.253+0000] {processor.py:186} INFO - Started process (PID=3370) to work on /home/airflow/.local/lib/python3.12/site-packages/airflow/example_dags/example_latest_only_with_trigger.py
[2025-07-30T17:06:24.254+0000] {processor.py:914} INFO - Processing file /home/airflow/.local/lib/python3.12/site-packages/airflow/example_dags/example_latest_only_with_trigger.py for tasks to queue
[2025-07-30T17:06:24.257+0000] {logging_mixin.py:190} INFO - [2025-07-30T17:06:24.257+0000] {dagbag.py:588} INFO - Filling up the DagBag from /home/airflow/.local/lib/python3.12/site-packages/airflow/example_dags/example_latest_only_with_trigger.py
[2025-07-30T17:06:24.265+0000] {processor.py:925} INFO - DAG(s) 'latest_only_with_trigger' retrieved from /home/airflow/.local/lib/python3.12/site-packages/airflow/example_dags/example_latest_only_with_trigger.py
[2025-07-30T17:06:24.292+0000] {logging_mixin.py:190} INFO - [2025-07-30T17:06:24.291+0000] {dag.py:3239} INFO - Sync 1 DAGs
[2025-07-30T17:06:24.318+0000] {logging_mixin.py:190} INFO - [2025-07-30T17:06:24.317+0000] {dag.py:4180} INFO - Setting next_dagrun for latest_only_with_trigger to 2025-07-30 12:00:00+00:00, run_after=2025-07-30 16:00:00+00:00
[2025-07-30T17:06:24.333+0000] {processor.py:208} INFO - Processing /home/airflow/.local/lib/python3.12/site-packages/airflow/example_dags/example_latest_only_with_trigger.py took 0.086 seconds
[2025-07-30T17:06:55.165+0000] {processor.py:186} INFO - Started process (PID=3676) to work on /home/airflow/.local/lib/python3.12/site-packages/airflow/example_dags/example_latest_only_with_trigger.py
[2025-07-30T17:06:55.165+0000] {processor.py:914} INFO - Processing file /home/airflow/.local/lib/python3.12/site-packages/airflow/example_dags/example_latest_only_with_trigger.py for tasks to queue
[2025-07-30T17:06:55.168+0000] {logging_mixin.py:190} INFO - [2025-07-30T17:06:55.167+0000] {dagbag.py:588} INFO - Filling up the DagBag from /home/airflow/.local/lib/python3.12/site-packages/airflow/example_dags/example_latest_only_with_trigger.py
[2025-07-30T17:06:55.176+0000] {processor.py:925} INFO - DAG(s) 'latest_only_with_trigger' retrieved from /home/airflow/.local/lib/python3.12/site-packages/airflow/example_dags/example_latest_only_with_trigger.py
[2025-07-30T17:06:55.202+0000] {logging_mixin.py:190} INFO - [2025-07-30T17:06:55.201+0000] {dag.py:3239} INFO - Sync 1 DAGs
[2025-07-30T17:06:55.239+0000] {logging_mixin.py:190} INFO - [2025-07-30T17:06:55.238+0000] {dag.py:4180} INFO - Setting next_dagrun for latest_only_with_trigger to 2025-07-30 12:00:00+00:00, run_after=2025-07-30 16:00:00+00:00
[2025-07-30T17:06:55.255+0000] {processor.py:208} INFO - Processing /home/airflow/.local/lib/python3.12/site-packages/airflow/example_dags/example_latest_only_with_trigger.py took 0.098 seconds
[2025-07-30T17:07:25.505+0000] {processor.py:186} INFO - Started process (PID=3984) to work on /home/airflow/.local/lib/python3.12/site-packages/airflow/example_dags/example_latest_only_with_trigger.py
[2025-07-30T17:07:25.506+0000] {processor.py:914} INFO - Processing file /home/airflow/.local/lib/python3.12/site-packages/airflow/example_dags/example_latest_only_with_trigger.py for tasks to queue
[2025-07-30T17:07:25.507+0000] {logging_mixin.py:190} INFO - [2025-07-30T17:07:25.507+0000] {dagbag.py:588} INFO - Filling up the DagBag from /home/airflow/.local/lib/python3.12/site-packages/airflow/example_dags/example_latest_only_with_trigger.py
[2025-07-30T17:07:25.513+0000] {processor.py:925} INFO - DAG(s) 'latest_only_with_trigger' retrieved from /home/airflow/.local/lib/python3.12/site-packages/airflow/example_dags/example_latest_only_with_trigger.py
[2025-07-30T17:07:25.529+0000] {logging_mixin.py:190} INFO - [2025-07-30T17:07:25.529+0000] {dag.py:3239} INFO - Sync 1 DAGs
[2025-07-30T17:07:25.546+0000] {logging_mixin.py:190} INFO - [2025-07-30T17:07:25.546+0000] {dag.py:4180} INFO - Setting next_dagrun for latest_only_with_trigger to 2025-07-30 12:00:00+00:00, run_after=2025-07-30 16:00:00+00:00
[2025-07-30T17:07:25.560+0000] {processor.py:208} INFO - Processing /home/airflow/.local/lib/python3.12/site-packages/airflow/example_dags/example_latest_only_with_trigger.py took 0.059 seconds
[2025-07-30T17:07:56.194+0000] {processor.py:186} INFO - Started process (PID=4290) to work on /home/airflow/.local/lib/python3.12/site-packages/airflow/example_dags/example_latest_only_with_trigger.py
[2025-07-30T17:07:56.195+0000] {processor.py:914} INFO - Processing file /home/airflow/.local/lib/python3.12/site-packages/airflow/example_dags/example_latest_only_with_trigger.py for tasks to queue
[2025-07-30T17:07:56.197+0000] {logging_mixin.py:190} INFO - [2025-07-30T17:07:56.196+0000] {dagbag.py:588} INFO - Filling up the DagBag from /home/airflow/.local/lib/python3.12/site-packages/airflow/example_dags/example_latest_only_with_trigger.py
[2025-07-30T17:07:56.205+0000] {processor.py:925} INFO - DAG(s) 'latest_only_with_trigger' retrieved from /home/airflow/.local/lib/python3.12/site-packages/airflow/example_dags/example_latest_only_with_trigger.py
[2025-07-30T17:07:56.233+0000] {logging_mixin.py:190} INFO - [2025-07-30T17:07:56.233+0000] {dag.py:3239} INFO - Sync 1 DAGs
[2025-07-30T17:07:56.259+0000] {logging_mixin.py:190} INFO - [2025-07-30T17:07:56.259+0000] {dag.py:4180} INFO - Setting next_dagrun for latest_only_with_trigger to 2025-07-30 12:00:00+00:00, run_after=2025-07-30 16:00:00+00:00
[2025-07-30T17:07:56.276+0000] {processor.py:208} INFO - Processing /home/airflow/.local/lib/python3.12/site-packages/airflow/example_dags/example_latest_only_with_trigger.py took 0.088 seconds
[2025-07-30T17:08:26.559+0000] {processor.py:186} INFO - Started process (PID=4596) to work on /home/airflow/.local/lib/python3.12/site-packages/airflow/example_dags/example_latest_only_with_trigger.py
[2025-07-30T17:08:26.561+0000] {processor.py:914} INFO - Processing file /home/airflow/.local/lib/python3.12/site-packages/airflow/example_dags/example_latest_only_with_trigger.py for tasks to queue
[2025-07-30T17:08:26.564+0000] {logging_mixin.py:190} INFO - [2025-07-30T17:08:26.564+0000] {dagbag.py:588} INFO - Filling up the DagBag from /home/airflow/.local/lib/python3.12/site-packages/airflow/example_dags/example_latest_only_with_trigger.py
[2025-07-30T17:08:26.575+0000] {processor.py:925} INFO - DAG(s) 'latest_only_with_trigger' retrieved from /home/airflow/.local/lib/python3.12/site-packages/airflow/example_dags/example_latest_only_with_trigger.py
[2025-07-30T17:08:26.607+0000] {logging_mixin.py:190} INFO - [2025-07-30T17:08:26.606+0000] {dag.py:3239} INFO - Sync 1 DAGs
[2025-07-30T17:08:26.632+0000] {logging_mixin.py:190} INFO - [2025-07-30T17:08:26.632+0000] {dag.py:4180} INFO - Setting next_dagrun for latest_only_with_trigger to 2025-07-30 12:00:00+00:00, run_after=2025-07-30 16:00:00+00:00
[2025-07-30T17:08:26.650+0000] {processor.py:208} INFO - Processing /home/airflow/.local/lib/python3.12/site-packages/airflow/example_dags/example_latest_only_with_trigger.py took 0.105 seconds
[2025-07-30T17:08:56.709+0000] {processor.py:186} INFO - Started process (PID=4902) to work on /home/airflow/.local/lib/python3.12/site-packages/airflow/example_dags/example_latest_only_with_trigger.py
[2025-07-30T17:08:56.710+0000] {processor.py:914} INFO - Processing file /home/airflow/.local/lib/python3.12/site-packages/airflow/example_dags/example_latest_only_with_trigger.py for tasks to queue
[2025-07-30T17:08:56.711+0000] {logging_mixin.py:190} INFO - [2025-07-30T17:08:56.711+0000] {dagbag.py:588} INFO - Filling up the DagBag from /home/airflow/.local/lib/python3.12/site-packages/airflow/example_dags/example_latest_only_with_trigger.py
[2025-07-30T17:08:56.717+0000] {processor.py:925} INFO - DAG(s) 'latest_only_with_trigger' retrieved from /home/airflow/.local/lib/python3.12/site-packages/airflow/example_dags/example_latest_only_with_trigger.py
[2025-07-30T17:08:56.734+0000] {logging_mixin.py:190} INFO - [2025-07-30T17:08:56.733+0000] {dag.py:3239} INFO - Sync 1 DAGs
[2025-07-30T17:08:56.751+0000] {logging_mixin.py:190} INFO - [2025-07-30T17:08:56.751+0000] {dag.py:4180} INFO - Setting next_dagrun for latest_only_with_trigger to 2025-07-30 12:00:00+00:00, run_after=2025-07-30 16:00:00+00:00
[2025-07-30T17:08:56.764+0000] {processor.py:208} INFO - Processing /home/airflow/.local/lib/python3.12/site-packages/airflow/example_dags/example_latest_only_with_trigger.py took 0.060 seconds
[2025-07-30T17:09:27.547+0000] {processor.py:186} INFO - Started process (PID=5208) to work on /home/airflow/.local/lib/python3.12/site-packages/airflow/example_dags/example_latest_only_with_trigger.py
[2025-07-30T17:09:27.547+0000] {processor.py:914} INFO - Processing file /home/airflow/.local/lib/python3.12/site-packages/airflow/example_dags/example_latest_only_with_trigger.py for tasks to queue
[2025-07-30T17:09:27.549+0000] {logging_mixin.py:190} INFO - [2025-07-30T17:09:27.549+0000] {dagbag.py:588} INFO - Filling up the DagBag from /home/airflow/.local/lib/python3.12/site-packages/airflow/example_dags/example_latest_only_with_trigger.py
[2025-07-30T17:09:27.557+0000] {processor.py:925} INFO - DAG(s) 'latest_only_with_trigger' retrieved from /home/airflow/.local/lib/python3.12/site-packages/airflow/example_dags/example_latest_only_with_trigger.py
[2025-07-30T17:09:27.579+0000] {logging_mixin.py:190} INFO - [2025-07-30T17:09:27.579+0000] {dag.py:3239} INFO - Sync 1 DAGs
[2025-07-30T17:09:27.611+0000] {logging_mixin.py:190} INFO - [2025-07-30T17:09:27.610+0000] {dag.py:4180} INFO - Setting next_dagrun for latest_only_with_trigger to 2025-07-30 12:00:00+00:00, run_after=2025-07-30 16:00:00+00:00
[2025-07-30T17:09:27.651+0000] {processor.py:208} INFO - Processing /home/airflow/.local/lib/python3.12/site-packages/airflow/example_dags/example_latest_only_with_trigger.py took 0.109 seconds
[2025-07-30T17:09:57.753+0000] {processor.py:186} INFO - Started process (PID=5512) to work on /home/airflow/.local/lib/python3.12/site-packages/airflow/example_dags/example_latest_only_with_trigger.py
[2025-07-30T17:09:57.754+0000] {processor.py:914} INFO - Processing file /home/airflow/.local/lib/python3.12/site-packages/airflow/example_dags/example_latest_only_with_trigger.py for tasks to queue
[2025-07-30T17:09:57.757+0000] {logging_mixin.py:190} INFO - [2025-07-30T17:09:57.756+0000] {dagbag.py:588} INFO - Filling up the DagBag from /home/airflow/.local/lib/python3.12/site-packages/airflow/example_dags/example_latest_only_with_trigger.py
[2025-07-30T17:09:57.765+0000] {processor.py:925} INFO - DAG(s) 'latest_only_with_trigger' retrieved from /home/airflow/.local/lib/python3.12/site-packages/airflow/example_dags/example_latest_only_with_trigger.py
[2025-07-30T17:09:57.787+0000] {logging_mixin.py:190} INFO - [2025-07-30T17:09:57.787+0000] {dag.py:3239} INFO - Sync 1 DAGs
[2025-07-30T17:09:57.813+0000] {logging_mixin.py:190} INFO - [2025-07-30T17:09:57.812+0000] {dag.py:4180} INFO - Setting next_dagrun for latest_only_with_trigger to 2025-07-30 12:00:00+00:00, run_after=2025-07-30 16:00:00+00:00
[2025-07-30T17:09:57.829+0000] {processor.py:208} INFO - Processing /home/airflow/.local/lib/python3.12/site-packages/airflow/example_dags/example_latest_only_with_trigger.py took 0.081 seconds
[2025-07-30T17:10:28.607+0000] {processor.py:186} INFO - Started process (PID=5818) to work on /home/airflow/.local/lib/python3.12/site-packages/airflow/example_dags/example_latest_only_with_trigger.py
[2025-07-30T17:10:28.608+0000] {processor.py:914} INFO - Processing file /home/airflow/.local/lib/python3.12/site-packages/airflow/example_dags/example_latest_only_with_trigger.py for tasks to queue
[2025-07-30T17:10:28.610+0000] {logging_mixin.py:190} INFO - [2025-07-30T17:10:28.610+0000] {dagbag.py:588} INFO - Filling up the DagBag from /home/airflow/.local/lib/python3.12/site-packages/airflow/example_dags/example_latest_only_with_trigger.py
[2025-07-30T17:10:28.618+0000] {processor.py:925} INFO - DAG(s) 'latest_only_with_trigger' retrieved from /home/airflow/.local/lib/python3.12/site-packages/airflow/example_dags/example_latest_only_with_trigger.py
[2025-07-30T17:10:28.642+0000] {logging_mixin.py:190} INFO - [2025-07-30T17:10:28.642+0000] {dag.py:3239} INFO - Sync 1 DAGs
[2025-07-30T17:10:28.679+0000] {logging_mixin.py:190} INFO - [2025-07-30T17:10:28.678+0000] {dag.py:4180} INFO - Setting next_dagrun for latest_only_with_trigger to 2025-07-30 12:00:00+00:00, run_after=2025-07-30 16:00:00+00:00
[2025-07-30T17:10:28.707+0000] {processor.py:208} INFO - Processing /home/airflow/.local/lib/python3.12/site-packages/airflow/example_dags/example_latest_only_with_trigger.py took 0.108 seconds
[2025-07-30T17:10:59.319+0000] {processor.py:186} INFO - Started process (PID=6126) to work on /home/airflow/.local/lib/python3.12/site-packages/airflow/example_dags/example_latest_only_with_trigger.py
[2025-07-30T17:10:59.321+0000] {processor.py:914} INFO - Processing file /home/airflow/.local/lib/python3.12/site-packages/airflow/example_dags/example_latest_only_with_trigger.py for tasks to queue
[2025-07-30T17:10:59.323+0000] {logging_mixin.py:190} INFO - [2025-07-30T17:10:59.323+0000] {dagbag.py:588} INFO - Filling up the DagBag from /home/airflow/.local/lib/python3.12/site-packages/airflow/example_dags/example_latest_only_with_trigger.py
[2025-07-30T17:10:59.331+0000] {processor.py:925} INFO - DAG(s) 'latest_only_with_trigger' retrieved from /home/airflow/.local/lib/python3.12/site-packages/airflow/example_dags/example_latest_only_with_trigger.py
[2025-07-30T17:10:59.353+0000] {logging_mixin.py:190} INFO - [2025-07-30T17:10:59.353+0000] {dag.py:3239} INFO - Sync 1 DAGs
[2025-07-30T17:10:59.379+0000] {logging_mixin.py:190} INFO - [2025-07-30T17:10:59.379+0000] {dag.py:4180} INFO - Setting next_dagrun for latest_only_with_trigger to 2025-07-30 12:00:00+00:00, run_after=2025-07-30 16:00:00+00:00
[2025-07-30T17:10:59.396+0000] {processor.py:208} INFO - Processing /home/airflow/.local/lib/python3.12/site-packages/airflow/example_dags/example_latest_only_with_trigger.py took 0.083 seconds
[2025-07-30T17:11:30.049+0000] {processor.py:186} INFO - Started process (PID=6432) to work on /home/airflow/.local/lib/python3.12/site-packages/airflow/example_dags/example_latest_only_with_trigger.py
[2025-07-30T17:11:30.050+0000] {processor.py:914} INFO - Processing file /home/airflow/.local/lib/python3.12/site-packages/airflow/example_dags/example_latest_only_with_trigger.py for tasks to queue
[2025-07-30T17:11:30.053+0000] {logging_mixin.py:190} INFO - [2025-07-30T17:11:30.052+0000] {dagbag.py:588} INFO - Filling up the DagBag from /home/airflow/.local/lib/python3.12/site-packages/airflow/example_dags/example_latest_only_with_trigger.py
[2025-07-30T17:11:30.061+0000] {processor.py:925} INFO - DAG(s) 'latest_only_with_trigger' retrieved from /home/airflow/.local/lib/python3.12/site-packages/airflow/example_dags/example_latest_only_with_trigger.py
[2025-07-30T17:11:30.084+0000] {logging_mixin.py:190} INFO - [2025-07-30T17:11:30.084+0000] {dag.py:3239} INFO - Sync 1 DAGs
[2025-07-30T17:11:30.110+0000] {logging_mixin.py:190} INFO - [2025-07-30T17:11:30.109+0000] {dag.py:4180} INFO - Setting next_dagrun for latest_only_with_trigger to 2025-07-30 12:00:00+00:00, run_after=2025-07-30 16:00:00+00:00
[2025-07-30T17:11:30.130+0000] {processor.py:208} INFO - Processing /home/airflow/.local/lib/python3.12/site-packages/airflow/example_dags/example_latest_only_with_trigger.py took 0.087 seconds
[2025-07-30T17:12:00.226+0000] {processor.py:186} INFO - Started process (PID=6738) to work on /home/airflow/.local/lib/python3.12/site-packages/airflow/example_dags/example_latest_only_with_trigger.py
[2025-07-30T17:12:00.227+0000] {processor.py:914} INFO - Processing file /home/airflow/.local/lib/python3.12/site-packages/airflow/example_dags/example_latest_only_with_trigger.py for tasks to queue
[2025-07-30T17:12:00.229+0000] {logging_mixin.py:190} INFO - [2025-07-30T17:12:00.228+0000] {dagbag.py:588} INFO - Filling up the DagBag from /home/airflow/.local/lib/python3.12/site-packages/airflow/example_dags/example_latest_only_with_trigger.py
[2025-07-30T17:12:00.238+0000] {processor.py:925} INFO - DAG(s) 'latest_only_with_trigger' retrieved from /home/airflow/.local/lib/python3.12/site-packages/airflow/example_dags/example_latest_only_with_trigger.py
[2025-07-30T17:12:00.261+0000] {logging_mixin.py:190} INFO - [2025-07-30T17:12:00.261+0000] {dag.py:3239} INFO - Sync 1 DAGs
[2025-07-30T17:12:00.287+0000] {logging_mixin.py:190} INFO - [2025-07-30T17:12:00.287+0000] {dag.py:4180} INFO - Setting next_dagrun for latest_only_with_trigger to 2025-07-30 12:00:00+00:00, run_after=2025-07-30 16:00:00+00:00
[2025-07-30T17:12:00.305+0000] {processor.py:208} INFO - Processing /home/airflow/.local/lib/python3.12/site-packages/airflow/example_dags/example_latest_only_with_trigger.py took 0.085 seconds
[2025-07-30T17:12:30.555+0000] {processor.py:186} INFO - Started process (PID=7044) to work on /home/airflow/.local/lib/python3.12/site-packages/airflow/example_dags/example_latest_only_with_trigger.py
[2025-07-30T17:12:30.555+0000] {processor.py:914} INFO - Processing file /home/airflow/.local/lib/python3.12/site-packages/airflow/example_dags/example_latest_only_with_trigger.py for tasks to queue
[2025-07-30T17:12:30.557+0000] {logging_mixin.py:190} INFO - [2025-07-30T17:12:30.557+0000] {dagbag.py:588} INFO - Filling up the DagBag from /home/airflow/.local/lib/python3.12/site-packages/airflow/example_dags/example_latest_only_with_trigger.py
[2025-07-30T17:12:30.565+0000] {processor.py:925} INFO - DAG(s) 'latest_only_with_trigger' retrieved from /home/airflow/.local/lib/python3.12/site-packages/airflow/example_dags/example_latest_only_with_trigger.py
[2025-07-30T17:12:30.588+0000] {logging_mixin.py:190} INFO - [2025-07-30T17:12:30.588+0000] {dag.py:3239} INFO - Sync 1 DAGs
[2025-07-30T17:12:30.615+0000] {logging_mixin.py:190} INFO - [2025-07-30T17:12:30.614+0000] {dag.py:4180} INFO - Setting next_dagrun for latest_only_with_trigger to 2025-07-30 12:00:00+00:00, run_after=2025-07-30 16:00:00+00:00
[2025-07-30T17:12:30.632+0000] {processor.py:208} INFO - Processing /home/airflow/.local/lib/python3.12/site-packages/airflow/example_dags/example_latest_only_with_trigger.py took 0.083 seconds
[2025-07-30T17:13:01.108+0000] {processor.py:186} INFO - Started process (PID=7348) to work on /home/airflow/.local/lib/python3.12/site-packages/airflow/example_dags/example_latest_only_with_trigger.py
[2025-07-30T17:13:01.109+0000] {processor.py:914} INFO - Processing file /home/airflow/.local/lib/python3.12/site-packages/airflow/example_dags/example_latest_only_with_trigger.py for tasks to queue
[2025-07-30T17:13:01.112+0000] {logging_mixin.py:190} INFO - [2025-07-30T17:13:01.111+0000] {dagbag.py:588} INFO - Filling up the DagBag from /home/airflow/.local/lib/python3.12/site-packages/airflow/example_dags/example_latest_only_with_trigger.py
[2025-07-30T17:13:01.119+0000] {processor.py:925} INFO - DAG(s) 'latest_only_with_trigger' retrieved from /home/airflow/.local/lib/python3.12/site-packages/airflow/example_dags/example_latest_only_with_trigger.py
[2025-07-30T17:13:01.143+0000] {logging_mixin.py:190} INFO - [2025-07-30T17:13:01.143+0000] {dag.py:3239} INFO - Sync 1 DAGs
[2025-07-30T17:13:01.168+0000] {logging_mixin.py:190} INFO - [2025-07-30T17:13:01.168+0000] {dag.py:4180} INFO - Setting next_dagrun for latest_only_with_trigger to 2025-07-30 12:00:00+00:00, run_after=2025-07-30 16:00:00+00:00
[2025-07-30T17:13:01.185+0000] {processor.py:208} INFO - Processing /home/airflow/.local/lib/python3.12/site-packages/airflow/example_dags/example_latest_only_with_trigger.py took 0.083 seconds
