[2025-07-30T17:01:12.646+0000] {processor.py:186} INFO - Started process (PID=262) to work on /home/airflow/.local/lib/python3.12/site-packages/airflow/example_dags/example_latest_only.py
[2025-07-30T17:01:12.650+0000] {processor.py:914} INFO - Processing file /home/airflow/.local/lib/python3.12/site-packages/airflow/example_dags/example_latest_only.py for tasks to queue
[2025-07-30T17:01:12.664+0000] {logging_mixin.py:190} INFO - [2025-07-30T17:01:12.664+0000] {dagbag.py:588} INFO - Filling up the DagBag from /home/airflow/.local/lib/python3.12/site-packages/airflow/example_dags/example_latest_only.py
[2025-07-30T17:01:12.677+0000] {processor.py:925} INFO - DAG(s) 'latest_only' retrieved from /home/airflow/.local/lib/python3.12/site-packages/airflow/example_dags/example_latest_only.py
[2025-07-30T17:01:12.860+0000] {logging_mixin.py:190} INFO - [2025-07-30T17:01:12.859+0000] {override.py:1911} INFO - Created Permission View: can read on DAG:latest_only
[2025-07-30T17:01:12.874+0000] {logging_mixin.py:190} INFO - [2025-07-30T17:01:12.873+0000] {override.py:1911} INFO - Created Permission View: can delete on DAG:latest_only
[2025-07-30T17:01:12.886+0000] {logging_mixin.py:190} INFO - [2025-07-30T17:01:12.886+0000] {override.py:1911} INFO - Created Permission View: can edit on DAG:latest_only
[2025-07-30T17:01:12.903+0000] {logging_mixin.py:190} INFO - [2025-07-30T17:01:12.903+0000] {override.py:1911} INFO - Created Permission View: can read on DAG Run:latest_only
[2025-07-30T17:01:12.920+0000] {logging_mixin.py:190} INFO - [2025-07-30T17:01:12.920+0000] {override.py:1911} INFO - Created Permission View: menu access on DAG Run:latest_only
[2025-07-30T17:01:12.930+0000] {logging_mixin.py:190} INFO - [2025-07-30T17:01:12.930+0000] {override.py:1911} INFO - Created Permission View: can delete on DAG Run:latest_only
[2025-07-30T17:01:12.942+0000] {logging_mixin.py:190} INFO - [2025-07-30T17:01:12.940+0000] {override.py:1911} INFO - Created Permission View: can create on DAG Run:latest_only
[2025-07-30T17:01:12.943+0000] {logging_mixin.py:190} INFO - [2025-07-30T17:01:12.943+0000] {dag.py:3239} INFO - Sync 1 DAGs
[2025-07-30T17:01:12.971+0000] {logging_mixin.py:190} INFO - [2025-07-30T17:01:12.969+0000] {dag.py:3262} INFO - Creating ORM DAG for latest_only
[2025-07-30T17:01:12.994+0000] {logging_mixin.py:190} INFO - [2025-07-30T17:01:12.994+0000] {dag.py:4180} INFO - Setting next_dagrun for latest_only to 2025-07-30 12:00:00+00:00, run_after=2025-07-30 16:00:00+00:00
[2025-07-30T17:01:13.030+0000] {processor.py:208} INFO - Processing /home/airflow/.local/lib/python3.12/site-packages/airflow/example_dags/example_latest_only.py took 0.399 seconds
[2025-07-30T17:01:43.423+0000] {processor.py:186} INFO - Started process (PID=562) to work on /home/airflow/.local/lib/python3.12/site-packages/airflow/example_dags/example_latest_only.py
[2025-07-30T17:01:43.424+0000] {processor.py:914} INFO - Processing file /home/airflow/.local/lib/python3.12/site-packages/airflow/example_dags/example_latest_only.py for tasks to queue
[2025-07-30T17:01:43.426+0000] {logging_mixin.py:190} INFO - [2025-07-30T17:01:43.426+0000] {dagbag.py:588} INFO - Filling up the DagBag from /home/airflow/.local/lib/python3.12/site-packages/airflow/example_dags/example_latest_only.py
[2025-07-30T17:01:43.434+0000] {processor.py:925} INFO - DAG(s) 'latest_only' retrieved from /home/airflow/.local/lib/python3.12/site-packages/airflow/example_dags/example_latest_only.py
[2025-07-30T17:01:43.453+0000] {logging_mixin.py:190} INFO - [2025-07-30T17:01:43.453+0000] {dag.py:3239} INFO - Sync 1 DAGs
[2025-07-30T17:01:43.479+0000] {logging_mixin.py:190} INFO - [2025-07-30T17:01:43.478+0000] {dag.py:4180} INFO - Setting next_dagrun for latest_only to 2025-07-30 12:00:00+00:00, run_after=2025-07-30 16:00:00+00:00
[2025-07-30T17:01:43.505+0000] {processor.py:208} INFO - Processing /home/airflow/.local/lib/python3.12/site-packages/airflow/example_dags/example_latest_only.py took 0.089 seconds
[2025-07-30T17:02:14.127+0000] {processor.py:186} INFO - Started process (PID=867) to work on /home/airflow/.local/lib/python3.12/site-packages/airflow/example_dags/example_latest_only.py
[2025-07-30T17:02:14.127+0000] {processor.py:914} INFO - Processing file /home/airflow/.local/lib/python3.12/site-packages/airflow/example_dags/example_latest_only.py for tasks to queue
[2025-07-30T17:02:14.130+0000] {logging_mixin.py:190} INFO - [2025-07-30T17:02:14.130+0000] {dagbag.py:588} INFO - Filling up the DagBag from /home/airflow/.local/lib/python3.12/site-packages/airflow/example_dags/example_latest_only.py
[2025-07-30T17:02:14.138+0000] {processor.py:925} INFO - DAG(s) 'latest_only' retrieved from /home/airflow/.local/lib/python3.12/site-packages/airflow/example_dags/example_latest_only.py
[2025-07-30T17:02:14.158+0000] {logging_mixin.py:190} INFO - [2025-07-30T17:02:14.158+0000] {dag.py:3239} INFO - Sync 1 DAGs
[2025-07-30T17:02:14.186+0000] {logging_mixin.py:190} INFO - [2025-07-30T17:02:14.186+0000] {dag.py:4180} INFO - Setting next_dagrun for latest_only to 2025-07-30 12:00:00+00:00, run_after=2025-07-30 16:00:00+00:00
[2025-07-30T17:02:14.204+0000] {processor.py:208} INFO - Processing /home/airflow/.local/lib/python3.12/site-packages/airflow/example_dags/example_latest_only.py took 0.083 seconds
[2025-07-30T17:02:44.901+0000] {processor.py:186} INFO - Started process (PID=1173) to work on /home/airflow/.local/lib/python3.12/site-packages/airflow/example_dags/example_latest_only.py
[2025-07-30T17:02:44.902+0000] {processor.py:914} INFO - Processing file /home/airflow/.local/lib/python3.12/site-packages/airflow/example_dags/example_latest_only.py for tasks to queue
[2025-07-30T17:02:44.904+0000] {logging_mixin.py:190} INFO - [2025-07-30T17:02:44.904+0000] {dagbag.py:588} INFO - Filling up the DagBag from /home/airflow/.local/lib/python3.12/site-packages/airflow/example_dags/example_latest_only.py
[2025-07-30T17:02:44.912+0000] {processor.py:925} INFO - DAG(s) 'latest_only' retrieved from /home/airflow/.local/lib/python3.12/site-packages/airflow/example_dags/example_latest_only.py
[2025-07-30T17:02:44.934+0000] {logging_mixin.py:190} INFO - [2025-07-30T17:02:44.934+0000] {dag.py:3239} INFO - Sync 1 DAGs
[2025-07-30T17:02:44.964+0000] {logging_mixin.py:190} INFO - [2025-07-30T17:02:44.964+0000] {dag.py:4180} INFO - Setting next_dagrun for latest_only to 2025-07-30 12:00:00+00:00, run_after=2025-07-30 16:00:00+00:00
[2025-07-30T17:02:44.981+0000] {processor.py:208} INFO - Processing /home/airflow/.local/lib/python3.12/site-packages/airflow/example_dags/example_latest_only.py took 0.086 seconds
[2025-07-30T17:03:15.405+0000] {processor.py:186} INFO - Started process (PID=1479) to work on /home/airflow/.local/lib/python3.12/site-packages/airflow/example_dags/example_latest_only.py
[2025-07-30T17:03:15.406+0000] {processor.py:914} INFO - Processing file /home/airflow/.local/lib/python3.12/site-packages/airflow/example_dags/example_latest_only.py for tasks to queue
[2025-07-30T17:03:15.408+0000] {logging_mixin.py:190} INFO - [2025-07-30T17:03:15.408+0000] {dagbag.py:588} INFO - Filling up the DagBag from /home/airflow/.local/lib/python3.12/site-packages/airflow/example_dags/example_latest_only.py
[2025-07-30T17:03:15.416+0000] {processor.py:925} INFO - DAG(s) 'latest_only' retrieved from /home/airflow/.local/lib/python3.12/site-packages/airflow/example_dags/example_latest_only.py
[2025-07-30T17:03:15.438+0000] {logging_mixin.py:190} INFO - [2025-07-30T17:03:15.437+0000] {dag.py:3239} INFO - Sync 1 DAGs
[2025-07-30T17:03:15.464+0000] {logging_mixin.py:190} INFO - [2025-07-30T17:03:15.464+0000] {dag.py:4180} INFO - Setting next_dagrun for latest_only to 2025-07-30 12:00:00+00:00, run_after=2025-07-30 16:00:00+00:00
[2025-07-30T17:03:15.483+0000] {processor.py:208} INFO - Processing /home/airflow/.local/lib/python3.12/site-packages/airflow/example_dags/example_latest_only.py took 0.085 seconds
[2025-07-30T17:03:45.543+0000] {processor.py:186} INFO - Started process (PID=1785) to work on /home/airflow/.local/lib/python3.12/site-packages/airflow/example_dags/example_latest_only.py
[2025-07-30T17:03:45.543+0000] {processor.py:914} INFO - Processing file /home/airflow/.local/lib/python3.12/site-packages/airflow/example_dags/example_latest_only.py for tasks to queue
[2025-07-30T17:03:45.546+0000] {logging_mixin.py:190} INFO - [2025-07-30T17:03:45.545+0000] {dagbag.py:588} INFO - Filling up the DagBag from /home/airflow/.local/lib/python3.12/site-packages/airflow/example_dags/example_latest_only.py
[2025-07-30T17:03:45.553+0000] {processor.py:925} INFO - DAG(s) 'latest_only' retrieved from /home/airflow/.local/lib/python3.12/site-packages/airflow/example_dags/example_latest_only.py
[2025-07-30T17:03:45.574+0000] {logging_mixin.py:190} INFO - [2025-07-30T17:03:45.574+0000] {dag.py:3239} INFO - Sync 1 DAGs
[2025-07-30T17:03:45.602+0000] {logging_mixin.py:190} INFO - [2025-07-30T17:03:45.602+0000] {dag.py:4180} INFO - Setting next_dagrun for latest_only to 2025-07-30 12:00:00+00:00, run_after=2025-07-30 16:00:00+00:00
[2025-07-30T17:03:45.619+0000] {processor.py:208} INFO - Processing /home/airflow/.local/lib/python3.12/site-packages/airflow/example_dags/example_latest_only.py took 0.083 seconds
[2025-07-30T17:04:15.732+0000] {processor.py:186} INFO - Started process (PID=2091) to work on /home/airflow/.local/lib/python3.12/site-packages/airflow/example_dags/example_latest_only.py
[2025-07-30T17:04:15.733+0000] {processor.py:914} INFO - Processing file /home/airflow/.local/lib/python3.12/site-packages/airflow/example_dags/example_latest_only.py for tasks to queue
[2025-07-30T17:04:15.736+0000] {logging_mixin.py:190} INFO - [2025-07-30T17:04:15.735+0000] {dagbag.py:588} INFO - Filling up the DagBag from /home/airflow/.local/lib/python3.12/site-packages/airflow/example_dags/example_latest_only.py
[2025-07-30T17:04:15.743+0000] {processor.py:925} INFO - DAG(s) 'latest_only' retrieved from /home/airflow/.local/lib/python3.12/site-packages/airflow/example_dags/example_latest_only.py
[2025-07-30T17:04:15.764+0000] {logging_mixin.py:190} INFO - [2025-07-30T17:04:15.764+0000] {dag.py:3239} INFO - Sync 1 DAGs
[2025-07-30T17:04:15.790+0000] {logging_mixin.py:190} INFO - [2025-07-30T17:04:15.790+0000] {dag.py:4180} INFO - Setting next_dagrun for latest_only to 2025-07-30 12:00:00+00:00, run_after=2025-07-30 16:00:00+00:00
[2025-07-30T17:04:15.807+0000] {processor.py:208} INFO - Processing /home/airflow/.local/lib/python3.12/site-packages/airflow/example_dags/example_latest_only.py took 0.081 seconds
[2025-07-30T17:04:46.367+0000] {processor.py:186} INFO - Started process (PID=2397) to work on /home/airflow/.local/lib/python3.12/site-packages/airflow/example_dags/example_latest_only.py
[2025-07-30T17:04:46.368+0000] {processor.py:914} INFO - Processing file /home/airflow/.local/lib/python3.12/site-packages/airflow/example_dags/example_latest_only.py for tasks to queue
[2025-07-30T17:04:46.370+0000] {logging_mixin.py:190} INFO - [2025-07-30T17:04:46.370+0000] {dagbag.py:588} INFO - Filling up the DagBag from /home/airflow/.local/lib/python3.12/site-packages/airflow/example_dags/example_latest_only.py
[2025-07-30T17:04:46.381+0000] {processor.py:925} INFO - DAG(s) 'latest_only' retrieved from /home/airflow/.local/lib/python3.12/site-packages/airflow/example_dags/example_latest_only.py
[2025-07-30T17:04:46.402+0000] {logging_mixin.py:190} INFO - [2025-07-30T17:04:46.402+0000] {dag.py:3239} INFO - Sync 1 DAGs
[2025-07-30T17:04:46.429+0000] {logging_mixin.py:190} INFO - [2025-07-30T17:04:46.429+0000] {dag.py:4180} INFO - Setting next_dagrun for latest_only to 2025-07-30 12:00:00+00:00, run_after=2025-07-30 16:00:00+00:00
[2025-07-30T17:04:46.448+0000] {processor.py:208} INFO - Processing /home/airflow/.local/lib/python3.12/site-packages/airflow/example_dags/example_latest_only.py took 0.087 seconds
[2025-07-30T17:05:17.280+0000] {processor.py:186} INFO - Started process (PID=2703) to work on /home/airflow/.local/lib/python3.12/site-packages/airflow/example_dags/example_latest_only.py
[2025-07-30T17:05:17.281+0000] {processor.py:914} INFO - Processing file /home/airflow/.local/lib/python3.12/site-packages/airflow/example_dags/example_latest_only.py for tasks to queue
[2025-07-30T17:05:17.283+0000] {logging_mixin.py:190} INFO - [2025-07-30T17:05:17.282+0000] {dagbag.py:588} INFO - Filling up the DagBag from /home/airflow/.local/lib/python3.12/site-packages/airflow/example_dags/example_latest_only.py
[2025-07-30T17:05:17.291+0000] {processor.py:925} INFO - DAG(s) 'latest_only' retrieved from /home/airflow/.local/lib/python3.12/site-packages/airflow/example_dags/example_latest_only.py
[2025-07-30T17:05:17.311+0000] {logging_mixin.py:190} INFO - [2025-07-30T17:05:17.311+0000] {dag.py:3239} INFO - Sync 1 DAGs
[2025-07-30T17:05:17.343+0000] {logging_mixin.py:190} INFO - [2025-07-30T17:05:17.343+0000] {dag.py:4180} INFO - Setting next_dagrun for latest_only to 2025-07-30 12:00:00+00:00, run_after=2025-07-30 16:00:00+00:00
[2025-07-30T17:05:17.360+0000] {processor.py:208} INFO - Processing /home/airflow/.local/lib/python3.12/site-packages/airflow/example_dags/example_latest_only.py took 0.086 seconds
[2025-07-30T17:05:47.613+0000] {processor.py:186} INFO - Started process (PID=3009) to work on /home/airflow/.local/lib/python3.12/site-packages/airflow/example_dags/example_latest_only.py
[2025-07-30T17:05:47.614+0000] {processor.py:914} INFO - Processing file /home/airflow/.local/lib/python3.12/site-packages/airflow/example_dags/example_latest_only.py for tasks to queue
[2025-07-30T17:05:47.616+0000] {logging_mixin.py:190} INFO - [2025-07-30T17:05:47.616+0000] {dagbag.py:588} INFO - Filling up the DagBag from /home/airflow/.local/lib/python3.12/site-packages/airflow/example_dags/example_latest_only.py
[2025-07-30T17:05:47.625+0000] {processor.py:925} INFO - DAG(s) 'latest_only' retrieved from /home/airflow/.local/lib/python3.12/site-packages/airflow/example_dags/example_latest_only.py
[2025-07-30T17:05:47.648+0000] {logging_mixin.py:190} INFO - [2025-07-30T17:05:47.648+0000] {dag.py:3239} INFO - Sync 1 DAGs
[2025-07-30T17:05:47.675+0000] {logging_mixin.py:190} INFO - [2025-07-30T17:05:47.674+0000] {dag.py:4180} INFO - Setting next_dagrun for latest_only to 2025-07-30 12:00:00+00:00, run_after=2025-07-30 16:00:00+00:00
[2025-07-30T17:05:47.692+0000] {processor.py:208} INFO - Processing /home/airflow/.local/lib/python3.12/site-packages/airflow/example_dags/example_latest_only.py took 0.086 seconds
[2025-07-30T17:06:18.640+0000] {processor.py:186} INFO - Started process (PID=3315) to work on /home/airflow/.local/lib/python3.12/site-packages/airflow/example_dags/example_latest_only.py
[2025-07-30T17:06:18.642+0000] {processor.py:914} INFO - Processing file /home/airflow/.local/lib/python3.12/site-packages/airflow/example_dags/example_latest_only.py for tasks to queue
[2025-07-30T17:06:18.645+0000] {logging_mixin.py:190} INFO - [2025-07-30T17:06:18.645+0000] {dagbag.py:588} INFO - Filling up the DagBag from /home/airflow/.local/lib/python3.12/site-packages/airflow/example_dags/example_latest_only.py
[2025-07-30T17:06:18.654+0000] {processor.py:925} INFO - DAG(s) 'latest_only' retrieved from /home/airflow/.local/lib/python3.12/site-packages/airflow/example_dags/example_latest_only.py
[2025-07-30T17:06:18.706+0000] {logging_mixin.py:190} INFO - [2025-07-30T17:06:18.705+0000] {dag.py:3239} INFO - Sync 1 DAGs
[2025-07-30T17:06:18.750+0000] {logging_mixin.py:190} INFO - [2025-07-30T17:06:18.750+0000] {dag.py:4180} INFO - Setting next_dagrun for latest_only to 2025-07-30 12:00:00+00:00, run_after=2025-07-30 16:00:00+00:00
[2025-07-30T17:06:18.769+0000] {processor.py:208} INFO - Processing /home/airflow/.local/lib/python3.12/site-packages/airflow/example_dags/example_latest_only.py took 0.142 seconds
[2025-07-30T17:06:49.658+0000] {processor.py:186} INFO - Started process (PID=3621) to work on /home/airflow/.local/lib/python3.12/site-packages/airflow/example_dags/example_latest_only.py
[2025-07-30T17:06:49.659+0000] {processor.py:914} INFO - Processing file /home/airflow/.local/lib/python3.12/site-packages/airflow/example_dags/example_latest_only.py for tasks to queue
[2025-07-30T17:06:49.661+0000] {logging_mixin.py:190} INFO - [2025-07-30T17:06:49.661+0000] {dagbag.py:588} INFO - Filling up the DagBag from /home/airflow/.local/lib/python3.12/site-packages/airflow/example_dags/example_latest_only.py
[2025-07-30T17:06:49.669+0000] {processor.py:925} INFO - DAG(s) 'latest_only' retrieved from /home/airflow/.local/lib/python3.12/site-packages/airflow/example_dags/example_latest_only.py
[2025-07-30T17:06:49.688+0000] {logging_mixin.py:190} INFO - [2025-07-30T17:06:49.688+0000] {dag.py:3239} INFO - Sync 1 DAGs
[2025-07-30T17:06:49.714+0000] {logging_mixin.py:190} INFO - [2025-07-30T17:06:49.713+0000] {dag.py:4180} INFO - Setting next_dagrun for latest_only to 2025-07-30 12:00:00+00:00, run_after=2025-07-30 16:00:00+00:00
[2025-07-30T17:06:49.731+0000] {processor.py:208} INFO - Processing /home/airflow/.local/lib/python3.12/site-packages/airflow/example_dags/example_latest_only.py took 0.078 seconds
[2025-07-30T17:07:19.909+0000] {processor.py:186} INFO - Started process (PID=3927) to work on /home/airflow/.local/lib/python3.12/site-packages/airflow/example_dags/example_latest_only.py
[2025-07-30T17:07:19.910+0000] {processor.py:914} INFO - Processing file /home/airflow/.local/lib/python3.12/site-packages/airflow/example_dags/example_latest_only.py for tasks to queue
[2025-07-30T17:07:19.912+0000] {logging_mixin.py:190} INFO - [2025-07-30T17:07:19.912+0000] {dagbag.py:588} INFO - Filling up the DagBag from /home/airflow/.local/lib/python3.12/site-packages/airflow/example_dags/example_latest_only.py
[2025-07-30T17:07:19.919+0000] {processor.py:925} INFO - DAG(s) 'latest_only' retrieved from /home/airflow/.local/lib/python3.12/site-packages/airflow/example_dags/example_latest_only.py
[2025-07-30T17:07:19.940+0000] {logging_mixin.py:190} INFO - [2025-07-30T17:07:19.940+0000] {dag.py:3239} INFO - Sync 1 DAGs
[2025-07-30T17:07:19.967+0000] {logging_mixin.py:190} INFO - [2025-07-30T17:07:19.966+0000] {dag.py:4180} INFO - Setting next_dagrun for latest_only to 2025-07-30 12:00:00+00:00, run_after=2025-07-30 16:00:00+00:00
[2025-07-30T17:07:19.985+0000] {processor.py:208} INFO - Processing /home/airflow/.local/lib/python3.12/site-packages/airflow/example_dags/example_latest_only.py took 0.082 seconds
[2025-07-30T17:07:50.549+0000] {processor.py:186} INFO - Started process (PID=4233) to work on /home/airflow/.local/lib/python3.12/site-packages/airflow/example_dags/example_latest_only.py
[2025-07-30T17:07:50.550+0000] {processor.py:914} INFO - Processing file /home/airflow/.local/lib/python3.12/site-packages/airflow/example_dags/example_latest_only.py for tasks to queue
[2025-07-30T17:07:50.553+0000] {logging_mixin.py:190} INFO - [2025-07-30T17:07:50.552+0000] {dagbag.py:588} INFO - Filling up the DagBag from /home/airflow/.local/lib/python3.12/site-packages/airflow/example_dags/example_latest_only.py
[2025-07-30T17:07:50.560+0000] {processor.py:925} INFO - DAG(s) 'latest_only' retrieved from /home/airflow/.local/lib/python3.12/site-packages/airflow/example_dags/example_latest_only.py
[2025-07-30T17:07:50.582+0000] {logging_mixin.py:190} INFO - [2025-07-30T17:07:50.582+0000] {dag.py:3239} INFO - Sync 1 DAGs
[2025-07-30T17:07:50.608+0000] {logging_mixin.py:190} INFO - [2025-07-30T17:07:50.608+0000] {dag.py:4180} INFO - Setting next_dagrun for latest_only to 2025-07-30 12:00:00+00:00, run_after=2025-07-30 16:00:00+00:00
[2025-07-30T17:07:50.625+0000] {processor.py:208} INFO - Processing /home/airflow/.local/lib/python3.12/site-packages/airflow/example_dags/example_latest_only.py took 0.082 seconds
[2025-07-30T17:08:20.887+0000] {processor.py:186} INFO - Started process (PID=4539) to work on /home/airflow/.local/lib/python3.12/site-packages/airflow/example_dags/example_latest_only.py
[2025-07-30T17:08:20.888+0000] {processor.py:914} INFO - Processing file /home/airflow/.local/lib/python3.12/site-packages/airflow/example_dags/example_latest_only.py for tasks to queue
[2025-07-30T17:08:20.890+0000] {logging_mixin.py:190} INFO - [2025-07-30T17:08:20.890+0000] {dagbag.py:588} INFO - Filling up the DagBag from /home/airflow/.local/lib/python3.12/site-packages/airflow/example_dags/example_latest_only.py
[2025-07-30T17:08:20.897+0000] {processor.py:925} INFO - DAG(s) 'latest_only' retrieved from /home/airflow/.local/lib/python3.12/site-packages/airflow/example_dags/example_latest_only.py
[2025-07-30T17:08:20.923+0000] {logging_mixin.py:190} INFO - [2025-07-30T17:08:20.923+0000] {dag.py:3239} INFO - Sync 1 DAGs
[2025-07-30T17:08:20.949+0000] {logging_mixin.py:190} INFO - [2025-07-30T17:08:20.949+0000] {dag.py:4180} INFO - Setting next_dagrun for latest_only to 2025-07-30 12:00:00+00:00, run_after=2025-07-30 16:00:00+00:00
[2025-07-30T17:08:20.967+0000] {processor.py:208} INFO - Processing /home/airflow/.local/lib/python3.12/site-packages/airflow/example_dags/example_latest_only.py took 0.086 seconds
[2025-07-30T17:08:51.104+0000] {processor.py:186} INFO - Started process (PID=4845) to work on /home/airflow/.local/lib/python3.12/site-packages/airflow/example_dags/example_latest_only.py
[2025-07-30T17:08:51.105+0000] {processor.py:914} INFO - Processing file /home/airflow/.local/lib/python3.12/site-packages/airflow/example_dags/example_latest_only.py for tasks to queue
[2025-07-30T17:08:51.107+0000] {logging_mixin.py:190} INFO - [2025-07-30T17:08:51.106+0000] {dagbag.py:588} INFO - Filling up the DagBag from /home/airflow/.local/lib/python3.12/site-packages/airflow/example_dags/example_latest_only.py
[2025-07-30T17:08:51.114+0000] {processor.py:925} INFO - DAG(s) 'latest_only' retrieved from /home/airflow/.local/lib/python3.12/site-packages/airflow/example_dags/example_latest_only.py
[2025-07-30T17:08:51.140+0000] {logging_mixin.py:190} INFO - [2025-07-30T17:08:51.140+0000] {dag.py:3239} INFO - Sync 1 DAGs
[2025-07-30T17:08:51.166+0000] {logging_mixin.py:190} INFO - [2025-07-30T17:08:51.166+0000] {dag.py:4180} INFO - Setting next_dagrun for latest_only to 2025-07-30 12:00:00+00:00, run_after=2025-07-30 16:00:00+00:00
[2025-07-30T17:08:51.182+0000] {processor.py:208} INFO - Processing /home/airflow/.local/lib/python3.12/site-packages/airflow/example_dags/example_latest_only.py took 0.085 seconds
[2025-07-30T17:09:21.850+0000] {processor.py:186} INFO - Started process (PID=5151) to work on /home/airflow/.local/lib/python3.12/site-packages/airflow/example_dags/example_latest_only.py
[2025-07-30T17:09:21.850+0000] {processor.py:914} INFO - Processing file /home/airflow/.local/lib/python3.12/site-packages/airflow/example_dags/example_latest_only.py for tasks to queue
[2025-07-30T17:09:21.852+0000] {logging_mixin.py:190} INFO - [2025-07-30T17:09:21.852+0000] {dagbag.py:588} INFO - Filling up the DagBag from /home/airflow/.local/lib/python3.12/site-packages/airflow/example_dags/example_latest_only.py
[2025-07-30T17:09:21.860+0000] {processor.py:925} INFO - DAG(s) 'latest_only' retrieved from /home/airflow/.local/lib/python3.12/site-packages/airflow/example_dags/example_latest_only.py
[2025-07-30T17:09:21.883+0000] {logging_mixin.py:190} INFO - [2025-07-30T17:09:21.883+0000] {dag.py:3239} INFO - Sync 1 DAGs
[2025-07-30T17:09:21.910+0000] {logging_mixin.py:190} INFO - [2025-07-30T17:09:21.910+0000] {dag.py:4180} INFO - Setting next_dagrun for latest_only to 2025-07-30 12:00:00+00:00, run_after=2025-07-30 16:00:00+00:00
[2025-07-30T17:09:21.927+0000] {processor.py:208} INFO - Processing /home/airflow/.local/lib/python3.12/site-packages/airflow/example_dags/example_latest_only.py took 0.083 seconds
[2025-07-30T17:09:52.108+0000] {processor.py:186} INFO - Started process (PID=5457) to work on /home/airflow/.local/lib/python3.12/site-packages/airflow/example_dags/example_latest_only.py
[2025-07-30T17:09:52.109+0000] {processor.py:914} INFO - Processing file /home/airflow/.local/lib/python3.12/site-packages/airflow/example_dags/example_latest_only.py for tasks to queue
[2025-07-30T17:09:52.112+0000] {logging_mixin.py:190} INFO - [2025-07-30T17:09:52.111+0000] {dagbag.py:588} INFO - Filling up the DagBag from /home/airflow/.local/lib/python3.12/site-packages/airflow/example_dags/example_latest_only.py
[2025-07-30T17:09:52.119+0000] {processor.py:925} INFO - DAG(s) 'latest_only' retrieved from /home/airflow/.local/lib/python3.12/site-packages/airflow/example_dags/example_latest_only.py
[2025-07-30T17:09:52.141+0000] {logging_mixin.py:190} INFO - [2025-07-30T17:09:52.140+0000] {dag.py:3239} INFO - Sync 1 DAGs
[2025-07-30T17:09:52.167+0000] {logging_mixin.py:190} INFO - [2025-07-30T17:09:52.167+0000] {dag.py:4180} INFO - Setting next_dagrun for latest_only to 2025-07-30 12:00:00+00:00, run_after=2025-07-30 16:00:00+00:00
[2025-07-30T17:09:52.185+0000] {processor.py:208} INFO - Processing /home/airflow/.local/lib/python3.12/site-packages/airflow/example_dags/example_latest_only.py took 0.083 seconds
[2025-07-30T17:10:22.959+0000] {processor.py:186} INFO - Started process (PID=5763) to work on /home/airflow/.local/lib/python3.12/site-packages/airflow/example_dags/example_latest_only.py
[2025-07-30T17:10:22.960+0000] {processor.py:914} INFO - Processing file /home/airflow/.local/lib/python3.12/site-packages/airflow/example_dags/example_latest_only.py for tasks to queue
[2025-07-30T17:10:22.963+0000] {logging_mixin.py:190} INFO - [2025-07-30T17:10:22.962+0000] {dagbag.py:588} INFO - Filling up the DagBag from /home/airflow/.local/lib/python3.12/site-packages/airflow/example_dags/example_latest_only.py
[2025-07-30T17:10:22.970+0000] {processor.py:925} INFO - DAG(s) 'latest_only' retrieved from /home/airflow/.local/lib/python3.12/site-packages/airflow/example_dags/example_latest_only.py
[2025-07-30T17:10:22.997+0000] {logging_mixin.py:190} INFO - [2025-07-30T17:10:22.996+0000] {dag.py:3239} INFO - Sync 1 DAGs
[2025-07-30T17:10:23.022+0000] {logging_mixin.py:190} INFO - [2025-07-30T17:10:23.022+0000] {dag.py:4180} INFO - Setting next_dagrun for latest_only to 2025-07-30 12:00:00+00:00, run_after=2025-07-30 16:00:00+00:00
[2025-07-30T17:10:23.039+0000] {processor.py:208} INFO - Processing /home/airflow/.local/lib/python3.12/site-packages/airflow/example_dags/example_latest_only.py took 0.086 seconds
[2025-07-30T17:10:53.719+0000] {processor.py:186} INFO - Started process (PID=6069) to work on /home/airflow/.local/lib/python3.12/site-packages/airflow/example_dags/example_latest_only.py
[2025-07-30T17:10:53.720+0000] {processor.py:914} INFO - Processing file /home/airflow/.local/lib/python3.12/site-packages/airflow/example_dags/example_latest_only.py for tasks to queue
[2025-07-30T17:10:53.722+0000] {logging_mixin.py:190} INFO - [2025-07-30T17:10:53.722+0000] {dagbag.py:588} INFO - Filling up the DagBag from /home/airflow/.local/lib/python3.12/site-packages/airflow/example_dags/example_latest_only.py
[2025-07-30T17:10:53.730+0000] {processor.py:925} INFO - DAG(s) 'latest_only' retrieved from /home/airflow/.local/lib/python3.12/site-packages/airflow/example_dags/example_latest_only.py
[2025-07-30T17:10:53.753+0000] {logging_mixin.py:190} INFO - [2025-07-30T17:10:53.752+0000] {dag.py:3239} INFO - Sync 1 DAGs
[2025-07-30T17:10:53.782+0000] {logging_mixin.py:190} INFO - [2025-07-30T17:10:53.781+0000] {dag.py:4180} INFO - Setting next_dagrun for latest_only to 2025-07-30 12:00:00+00:00, run_after=2025-07-30 16:00:00+00:00
[2025-07-30T17:10:53.799+0000] {processor.py:208} INFO - Processing /home/airflow/.local/lib/python3.12/site-packages/airflow/example_dags/example_latest_only.py took 0.086 seconds
[2025-07-30T17:11:24.467+0000] {processor.py:186} INFO - Started process (PID=6377) to work on /home/airflow/.local/lib/python3.12/site-packages/airflow/example_dags/example_latest_only.py
[2025-07-30T17:11:24.468+0000] {processor.py:914} INFO - Processing file /home/airflow/.local/lib/python3.12/site-packages/airflow/example_dags/example_latest_only.py for tasks to queue
[2025-07-30T17:11:24.469+0000] {logging_mixin.py:190} INFO - [2025-07-30T17:11:24.469+0000] {dagbag.py:588} INFO - Filling up the DagBag from /home/airflow/.local/lib/python3.12/site-packages/airflow/example_dags/example_latest_only.py
[2025-07-30T17:11:24.475+0000] {processor.py:925} INFO - DAG(s) 'latest_only' retrieved from /home/airflow/.local/lib/python3.12/site-packages/airflow/example_dags/example_latest_only.py
[2025-07-30T17:11:24.489+0000] {logging_mixin.py:190} INFO - [2025-07-30T17:11:24.489+0000] {dag.py:3239} INFO - Sync 1 DAGs
[2025-07-30T17:11:24.506+0000] {logging_mixin.py:190} INFO - [2025-07-30T17:11:24.506+0000] {dag.py:4180} INFO - Setting next_dagrun for latest_only to 2025-07-30 12:00:00+00:00, run_after=2025-07-30 16:00:00+00:00
[2025-07-30T17:11:24.519+0000] {processor.py:208} INFO - Processing /home/airflow/.local/lib/python3.12/site-packages/airflow/example_dags/example_latest_only.py took 0.057 seconds
[2025-07-30T17:11:54.649+0000] {processor.py:186} INFO - Started process (PID=6671) to work on /home/airflow/.local/lib/python3.12/site-packages/airflow/example_dags/example_latest_only.py
[2025-07-30T17:11:54.650+0000] {processor.py:914} INFO - Processing file /home/airflow/.local/lib/python3.12/site-packages/airflow/example_dags/example_latest_only.py for tasks to queue
[2025-07-30T17:11:54.653+0000] {logging_mixin.py:190} INFO - [2025-07-30T17:11:54.652+0000] {dagbag.py:588} INFO - Filling up the DagBag from /home/airflow/.local/lib/python3.12/site-packages/airflow/example_dags/example_latest_only.py
[2025-07-30T17:11:54.662+0000] {processor.py:925} INFO - DAG(s) 'latest_only' retrieved from /home/airflow/.local/lib/python3.12/site-packages/airflow/example_dags/example_latest_only.py
[2025-07-30T17:11:54.681+0000] {logging_mixin.py:190} INFO - [2025-07-30T17:11:54.680+0000] {dag.py:3239} INFO - Sync 1 DAGs
[2025-07-30T17:11:54.706+0000] {logging_mixin.py:190} INFO - [2025-07-30T17:11:54.706+0000] {dag.py:4180} INFO - Setting next_dagrun for latest_only to 2025-07-30 12:00:00+00:00, run_after=2025-07-30 16:00:00+00:00
[2025-07-30T17:11:54.722+0000] {processor.py:208} INFO - Processing /home/airflow/.local/lib/python3.12/site-packages/airflow/example_dags/example_latest_only.py took 0.078 seconds
[2025-07-30T17:12:24.959+0000] {processor.py:186} INFO - Started process (PID=6977) to work on /home/airflow/.local/lib/python3.12/site-packages/airflow/example_dags/example_latest_only.py
[2025-07-30T17:12:24.960+0000] {processor.py:914} INFO - Processing file /home/airflow/.local/lib/python3.12/site-packages/airflow/example_dags/example_latest_only.py for tasks to queue
[2025-07-30T17:12:24.963+0000] {logging_mixin.py:190} INFO - [2025-07-30T17:12:24.962+0000] {dagbag.py:588} INFO - Filling up the DagBag from /home/airflow/.local/lib/python3.12/site-packages/airflow/example_dags/example_latest_only.py
[2025-07-30T17:12:24.975+0000] {processor.py:925} INFO - DAG(s) 'latest_only' retrieved from /home/airflow/.local/lib/python3.12/site-packages/airflow/example_dags/example_latest_only.py
[2025-07-30T17:12:24.996+0000] {logging_mixin.py:190} INFO - [2025-07-30T17:12:24.995+0000] {dag.py:3239} INFO - Sync 1 DAGs
[2025-07-30T17:12:25.021+0000] {logging_mixin.py:190} INFO - [2025-07-30T17:12:25.021+0000] {dag.py:4180} INFO - Setting next_dagrun for latest_only to 2025-07-30 12:00:00+00:00, run_after=2025-07-30 16:00:00+00:00
[2025-07-30T17:12:25.037+0000] {processor.py:208} INFO - Processing /home/airflow/.local/lib/python3.12/site-packages/airflow/example_dags/example_latest_only.py took 0.084 seconds
[2025-07-30T17:12:55.443+0000] {processor.py:186} INFO - Started process (PID=7283) to work on /home/airflow/.local/lib/python3.12/site-packages/airflow/example_dags/example_latest_only.py
[2025-07-30T17:12:55.444+0000] {processor.py:914} INFO - Processing file /home/airflow/.local/lib/python3.12/site-packages/airflow/example_dags/example_latest_only.py for tasks to queue
[2025-07-30T17:12:55.447+0000] {logging_mixin.py:190} INFO - [2025-07-30T17:12:55.446+0000] {dagbag.py:588} INFO - Filling up the DagBag from /home/airflow/.local/lib/python3.12/site-packages/airflow/example_dags/example_latest_only.py
[2025-07-30T17:12:55.457+0000] {processor.py:925} INFO - DAG(s) 'latest_only' retrieved from /home/airflow/.local/lib/python3.12/site-packages/airflow/example_dags/example_latest_only.py
[2025-07-30T17:12:55.482+0000] {logging_mixin.py:190} INFO - [2025-07-30T17:12:55.482+0000] {dag.py:3239} INFO - Sync 1 DAGs
[2025-07-30T17:12:55.512+0000] {logging_mixin.py:190} INFO - [2025-07-30T17:12:55.510+0000] {dag.py:4180} INFO - Setting next_dagrun for latest_only to 2025-07-30 12:00:00+00:00, run_after=2025-07-30 16:00:00+00:00
[2025-07-30T17:12:55.529+0000] {processor.py:208} INFO - Processing /home/airflow/.local/lib/python3.12/site-packages/airflow/example_dags/example_latest_only.py took 0.091 seconds
