[2025-07-30T17:01:07.727+0000] {processor.py:186} INFO - Started process (PID=206) to work on /home/airflow/.local/lib/python3.12/site-packages/airflow/example_dags/example_params_ui_tutorial.py
[2025-07-30T17:01:07.732+0000] {processor.py:914} INFO - Processing file /home/airflow/.local/lib/python3.12/site-packages/airflow/example_dags/example_params_ui_tutorial.py for tasks to queue
[2025-07-30T17:01:07.743+0000] {logging_mixin.py:190} INFO - [2025-07-30T17:01:07.741+0000] {dagbag.py:588} INFO - Filling up the DagBag from /home/airflow/.local/lib/python3.12/site-packages/airflow/example_dags/example_params_ui_tutorial.py
[2025-07-30T17:01:07.804+0000] {processor.py:925} INFO - DAG(s) 'example_params_ui_tutorial' retrieved from /home/airflow/.local/lib/python3.12/site-packages/airflow/example_dags/example_params_ui_tutorial.py
[2025-07-30T17:01:08.576+0000] {logging_mixin.py:190} INFO - [2025-07-30T17:01:08.575+0000] {override.py:1911} INFO - Created Permission View: can read on DAG:example_params_ui_tutorial
[2025-07-30T17:01:08.610+0000] {logging_mixin.py:190} INFO - [2025-07-30T17:01:08.610+0000] {override.py:1911} INFO - Created Permission View: can delete on DAG:example_params_ui_tutorial
[2025-07-30T17:01:08.629+0000] {logging_mixin.py:190} INFO - [2025-07-30T17:01:08.628+0000] {override.py:1911} INFO - Created Permission View: can edit on DAG:example_params_ui_tutorial
[2025-07-30T17:01:08.642+0000] {logging_mixin.py:190} INFO - [2025-07-30T17:01:08.642+0000] {override.py:1911} INFO - Created Permission View: can read on DAG Run:example_params_ui_tutorial
[2025-07-30T17:01:08.655+0000] {logging_mixin.py:190} INFO - [2025-07-30T17:01:08.655+0000] {override.py:1911} INFO - Created Permission View: menu access on DAG Run:example_params_ui_tutorial
[2025-07-30T17:01:08.665+0000] {logging_mixin.py:190} INFO - [2025-07-30T17:01:08.665+0000] {override.py:1911} INFO - Created Permission View: can delete on DAG Run:example_params_ui_tutorial
[2025-07-30T17:01:08.675+0000] {logging_mixin.py:190} INFO - [2025-07-30T17:01:08.675+0000] {override.py:1911} INFO - Created Permission View: can create on DAG Run:example_params_ui_tutorial
[2025-07-30T17:01:08.677+0000] {logging_mixin.py:190} INFO - [2025-07-30T17:01:08.677+0000] {dag.py:3239} INFO - Sync 1 DAGs
[2025-07-30T17:01:08.735+0000] {logging_mixin.py:190} INFO - [2025-07-30T17:01:08.735+0000] {dag.py:3262} INFO - Creating ORM DAG for example_params_ui_tutorial
[2025-07-30T17:01:08.737+0000] {logging_mixin.py:190} INFO - [2025-07-30T17:01:08.737+0000] {dag.py:4180} INFO - Setting next_dagrun for example_params_ui_tutorial to None, run_after=None
[2025-07-30T17:01:08.812+0000] {processor.py:208} INFO - Processing /home/airflow/.local/lib/python3.12/site-packages/airflow/example_dags/example_params_ui_tutorial.py took 1.202 seconds
[2025-07-30T17:01:39.751+0000] {processor.py:186} INFO - Started process (PID=517) to work on /home/airflow/.local/lib/python3.12/site-packages/airflow/example_dags/example_params_ui_tutorial.py
[2025-07-30T17:01:39.752+0000] {processor.py:914} INFO - Processing file /home/airflow/.local/lib/python3.12/site-packages/airflow/example_dags/example_params_ui_tutorial.py for tasks to queue
[2025-07-30T17:01:39.756+0000] {logging_mixin.py:190} INFO - [2025-07-30T17:01:39.756+0000] {dagbag.py:588} INFO - Filling up the DagBag from /home/airflow/.local/lib/python3.12/site-packages/airflow/example_dags/example_params_ui_tutorial.py
[2025-07-30T17:01:39.771+0000] {processor.py:925} INFO - DAG(s) 'example_params_ui_tutorial' retrieved from /home/airflow/.local/lib/python3.12/site-packages/airflow/example_dags/example_params_ui_tutorial.py
[2025-07-30T17:01:39.830+0000] {logging_mixin.py:190} INFO - [2025-07-30T17:01:39.829+0000] {dag.py:3239} INFO - Sync 1 DAGs
[2025-07-30T17:01:39.852+0000] {logging_mixin.py:190} INFO - [2025-07-30T17:01:39.852+0000] {dag.py:4180} INFO - Setting next_dagrun for example_params_ui_tutorial to None, run_after=None
[2025-07-30T17:01:39.867+0000] {processor.py:208} INFO - Processing /home/airflow/.local/lib/python3.12/site-packages/airflow/example_dags/example_params_ui_tutorial.py took 0.126 seconds
[2025-07-30T17:02:10.623+0000] {processor.py:186} INFO - Started process (PID=822) to work on /home/airflow/.local/lib/python3.12/site-packages/airflow/example_dags/example_params_ui_tutorial.py
[2025-07-30T17:02:10.624+0000] {processor.py:914} INFO - Processing file /home/airflow/.local/lib/python3.12/site-packages/airflow/example_dags/example_params_ui_tutorial.py for tasks to queue
[2025-07-30T17:02:10.626+0000] {logging_mixin.py:190} INFO - [2025-07-30T17:02:10.626+0000] {dagbag.py:588} INFO - Filling up the DagBag from /home/airflow/.local/lib/python3.12/site-packages/airflow/example_dags/example_params_ui_tutorial.py
[2025-07-30T17:02:10.636+0000] {processor.py:925} INFO - DAG(s) 'example_params_ui_tutorial' retrieved from /home/airflow/.local/lib/python3.12/site-packages/airflow/example_dags/example_params_ui_tutorial.py
[2025-07-30T17:02:10.696+0000] {logging_mixin.py:190} INFO - [2025-07-30T17:02:10.696+0000] {dag.py:3239} INFO - Sync 1 DAGs
[2025-07-30T17:02:10.708+0000] {logging_mixin.py:190} INFO - [2025-07-30T17:02:10.708+0000] {dag.py:4180} INFO - Setting next_dagrun for example_params_ui_tutorial to None, run_after=None
[2025-07-30T17:02:10.721+0000] {processor.py:208} INFO - Processing /home/airflow/.local/lib/python3.12/site-packages/airflow/example_dags/example_params_ui_tutorial.py took 0.105 seconds
[2025-07-30T17:02:41.384+0000] {processor.py:186} INFO - Started process (PID=1128) to work on /home/airflow/.local/lib/python3.12/site-packages/airflow/example_dags/example_params_ui_tutorial.py
[2025-07-30T17:02:41.385+0000] {processor.py:914} INFO - Processing file /home/airflow/.local/lib/python3.12/site-packages/airflow/example_dags/example_params_ui_tutorial.py for tasks to queue
[2025-07-30T17:02:41.387+0000] {logging_mixin.py:190} INFO - [2025-07-30T17:02:41.387+0000] {dagbag.py:588} INFO - Filling up the DagBag from /home/airflow/.local/lib/python3.12/site-packages/airflow/example_dags/example_params_ui_tutorial.py
[2025-07-30T17:02:41.398+0000] {processor.py:925} INFO - DAG(s) 'example_params_ui_tutorial' retrieved from /home/airflow/.local/lib/python3.12/site-packages/airflow/example_dags/example_params_ui_tutorial.py
[2025-07-30T17:02:41.453+0000] {logging_mixin.py:190} INFO - [2025-07-30T17:02:41.453+0000] {dag.py:3239} INFO - Sync 1 DAGs
[2025-07-30T17:02:41.465+0000] {logging_mixin.py:190} INFO - [2025-07-30T17:02:41.465+0000] {dag.py:4180} INFO - Setting next_dagrun for example_params_ui_tutorial to None, run_after=None
[2025-07-30T17:02:41.478+0000] {processor.py:208} INFO - Processing /home/airflow/.local/lib/python3.12/site-packages/airflow/example_dags/example_params_ui_tutorial.py took 0.103 seconds
[2025-07-30T17:03:11.815+0000] {processor.py:186} INFO - Started process (PID=1434) to work on /home/airflow/.local/lib/python3.12/site-packages/airflow/example_dags/example_params_ui_tutorial.py
[2025-07-30T17:03:11.817+0000] {processor.py:914} INFO - Processing file /home/airflow/.local/lib/python3.12/site-packages/airflow/example_dags/example_params_ui_tutorial.py for tasks to queue
[2025-07-30T17:03:11.822+0000] {logging_mixin.py:190} INFO - [2025-07-30T17:03:11.821+0000] {dagbag.py:588} INFO - Filling up the DagBag from /home/airflow/.local/lib/python3.12/site-packages/airflow/example_dags/example_params_ui_tutorial.py
[2025-07-30T17:03:11.844+0000] {processor.py:925} INFO - DAG(s) 'example_params_ui_tutorial' retrieved from /home/airflow/.local/lib/python3.12/site-packages/airflow/example_dags/example_params_ui_tutorial.py
[2025-07-30T17:03:11.940+0000] {logging_mixin.py:190} INFO - [2025-07-30T17:03:11.939+0000] {dag.py:3239} INFO - Sync 1 DAGs
[2025-07-30T17:03:11.959+0000] {logging_mixin.py:190} INFO - [2025-07-30T17:03:11.959+0000] {dag.py:4180} INFO - Setting next_dagrun for example_params_ui_tutorial to None, run_after=None
[2025-07-30T17:03:11.979+0000] {processor.py:208} INFO - Processing /home/airflow/.local/lib/python3.12/site-packages/airflow/example_dags/example_params_ui_tutorial.py took 0.185 seconds
[2025-07-30T17:03:42.024+0000] {processor.py:186} INFO - Started process (PID=1740) to work on /home/airflow/.local/lib/python3.12/site-packages/airflow/example_dags/example_params_ui_tutorial.py
[2025-07-30T17:03:42.025+0000] {processor.py:914} INFO - Processing file /home/airflow/.local/lib/python3.12/site-packages/airflow/example_dags/example_params_ui_tutorial.py for tasks to queue
[2025-07-30T17:03:42.028+0000] {logging_mixin.py:190} INFO - [2025-07-30T17:03:42.028+0000] {dagbag.py:588} INFO - Filling up the DagBag from /home/airflow/.local/lib/python3.12/site-packages/airflow/example_dags/example_params_ui_tutorial.py
[2025-07-30T17:03:42.039+0000] {processor.py:925} INFO - DAG(s) 'example_params_ui_tutorial' retrieved from /home/airflow/.local/lib/python3.12/site-packages/airflow/example_dags/example_params_ui_tutorial.py
[2025-07-30T17:03:42.085+0000] {logging_mixin.py:190} INFO - [2025-07-30T17:03:42.084+0000] {dag.py:3239} INFO - Sync 1 DAGs
[2025-07-30T17:03:42.096+0000] {logging_mixin.py:190} INFO - [2025-07-30T17:03:42.095+0000] {dag.py:4180} INFO - Setting next_dagrun for example_params_ui_tutorial to None, run_after=None
[2025-07-30T17:03:42.113+0000] {processor.py:208} INFO - Processing /home/airflow/.local/lib/python3.12/site-packages/airflow/example_dags/example_params_ui_tutorial.py took 0.095 seconds
[2025-07-30T17:04:13.139+0000] {processor.py:186} INFO - Started process (PID=2046) to work on /home/airflow/.local/lib/python3.12/site-packages/airflow/example_dags/example_params_ui_tutorial.py
[2025-07-30T17:04:13.145+0000] {processor.py:914} INFO - Processing file /home/airflow/.local/lib/python3.12/site-packages/airflow/example_dags/example_params_ui_tutorial.py for tasks to queue
[2025-07-30T17:04:13.150+0000] {logging_mixin.py:190} INFO - [2025-07-30T17:04:13.150+0000] {dagbag.py:588} INFO - Filling up the DagBag from /home/airflow/.local/lib/python3.12/site-packages/airflow/example_dags/example_params_ui_tutorial.py
[2025-07-30T17:04:13.171+0000] {processor.py:925} INFO - DAG(s) 'example_params_ui_tutorial' retrieved from /home/airflow/.local/lib/python3.12/site-packages/airflow/example_dags/example_params_ui_tutorial.py
[2025-07-30T17:04:13.235+0000] {logging_mixin.py:190} INFO - [2025-07-30T17:04:13.235+0000] {dag.py:3239} INFO - Sync 1 DAGs
[2025-07-30T17:04:13.269+0000] {logging_mixin.py:190} INFO - [2025-07-30T17:04:13.269+0000] {dag.py:4180} INFO - Setting next_dagrun for example_params_ui_tutorial to None, run_after=None
[2025-07-30T17:04:13.287+0000] {processor.py:208} INFO - Processing /home/airflow/.local/lib/python3.12/site-packages/airflow/example_dags/example_params_ui_tutorial.py took 0.171 seconds
[2025-07-30T17:04:43.823+0000] {processor.py:186} INFO - Started process (PID=2352) to work on /home/airflow/.local/lib/python3.12/site-packages/airflow/example_dags/example_params_ui_tutorial.py
[2025-07-30T17:04:43.824+0000] {processor.py:914} INFO - Processing file /home/airflow/.local/lib/python3.12/site-packages/airflow/example_dags/example_params_ui_tutorial.py for tasks to queue
[2025-07-30T17:04:43.826+0000] {logging_mixin.py:190} INFO - [2025-07-30T17:04:43.826+0000] {dagbag.py:588} INFO - Filling up the DagBag from /home/airflow/.local/lib/python3.12/site-packages/airflow/example_dags/example_params_ui_tutorial.py
[2025-07-30T17:04:43.837+0000] {processor.py:925} INFO - DAG(s) 'example_params_ui_tutorial' retrieved from /home/airflow/.local/lib/python3.12/site-packages/airflow/example_dags/example_params_ui_tutorial.py
[2025-07-30T17:04:43.893+0000] {logging_mixin.py:190} INFO - [2025-07-30T17:04:43.893+0000] {dag.py:3239} INFO - Sync 1 DAGs
[2025-07-30T17:04:43.909+0000] {logging_mixin.py:190} INFO - [2025-07-30T17:04:43.908+0000] {dag.py:4180} INFO - Setting next_dagrun for example_params_ui_tutorial to None, run_after=None
[2025-07-30T17:04:43.925+0000] {processor.py:208} INFO - Processing /home/airflow/.local/lib/python3.12/site-packages/airflow/example_dags/example_params_ui_tutorial.py took 0.109 seconds
[2025-07-30T17:05:14.639+0000] {processor.py:186} INFO - Started process (PID=2658) to work on /home/airflow/.local/lib/python3.12/site-packages/airflow/example_dags/example_params_ui_tutorial.py
[2025-07-30T17:05:14.640+0000] {processor.py:914} INFO - Processing file /home/airflow/.local/lib/python3.12/site-packages/airflow/example_dags/example_params_ui_tutorial.py for tasks to queue
[2025-07-30T17:05:14.642+0000] {logging_mixin.py:190} INFO - [2025-07-30T17:05:14.642+0000] {dagbag.py:588} INFO - Filling up the DagBag from /home/airflow/.local/lib/python3.12/site-packages/airflow/example_dags/example_params_ui_tutorial.py
[2025-07-30T17:05:14.652+0000] {processor.py:925} INFO - DAG(s) 'example_params_ui_tutorial' retrieved from /home/airflow/.local/lib/python3.12/site-packages/airflow/example_dags/example_params_ui_tutorial.py
[2025-07-30T17:05:14.705+0000] {logging_mixin.py:190} INFO - [2025-07-30T17:05:14.705+0000] {dag.py:3239} INFO - Sync 1 DAGs
[2025-07-30T17:05:14.724+0000] {logging_mixin.py:190} INFO - [2025-07-30T17:05:14.724+0000] {dag.py:4180} INFO - Setting next_dagrun for example_params_ui_tutorial to None, run_after=None
[2025-07-30T17:05:14.742+0000] {processor.py:208} INFO - Processing /home/airflow/.local/lib/python3.12/site-packages/airflow/example_dags/example_params_ui_tutorial.py took 0.109 seconds
[2025-07-30T17:05:45.063+0000] {processor.py:186} INFO - Started process (PID=2964) to work on /home/airflow/.local/lib/python3.12/site-packages/airflow/example_dags/example_params_ui_tutorial.py
[2025-07-30T17:05:45.064+0000] {processor.py:914} INFO - Processing file /home/airflow/.local/lib/python3.12/site-packages/airflow/example_dags/example_params_ui_tutorial.py for tasks to queue
[2025-07-30T17:05:45.066+0000] {logging_mixin.py:190} INFO - [2025-07-30T17:05:45.066+0000] {dagbag.py:588} INFO - Filling up the DagBag from /home/airflow/.local/lib/python3.12/site-packages/airflow/example_dags/example_params_ui_tutorial.py
[2025-07-30T17:05:45.076+0000] {processor.py:925} INFO - DAG(s) 'example_params_ui_tutorial' retrieved from /home/airflow/.local/lib/python3.12/site-packages/airflow/example_dags/example_params_ui_tutorial.py
[2025-07-30T17:05:45.130+0000] {logging_mixin.py:190} INFO - [2025-07-30T17:05:45.130+0000] {dag.py:3239} INFO - Sync 1 DAGs
[2025-07-30T17:05:45.146+0000] {logging_mixin.py:190} INFO - [2025-07-30T17:05:45.146+0000] {dag.py:4180} INFO - Setting next_dagrun for example_params_ui_tutorial to None, run_after=None
[2025-07-30T17:05:45.163+0000] {processor.py:208} INFO - Processing /home/airflow/.local/lib/python3.12/site-packages/airflow/example_dags/example_params_ui_tutorial.py took 0.109 seconds
[2025-07-30T17:06:16.016+0000] {processor.py:186} INFO - Started process (PID=3270) to work on /home/airflow/.local/lib/python3.12/site-packages/airflow/example_dags/example_params_ui_tutorial.py
[2025-07-30T17:06:16.017+0000] {processor.py:914} INFO - Processing file /home/airflow/.local/lib/python3.12/site-packages/airflow/example_dags/example_params_ui_tutorial.py for tasks to queue
[2025-07-30T17:06:16.020+0000] {logging_mixin.py:190} INFO - [2025-07-30T17:06:16.020+0000] {dagbag.py:588} INFO - Filling up the DagBag from /home/airflow/.local/lib/python3.12/site-packages/airflow/example_dags/example_params_ui_tutorial.py
[2025-07-30T17:06:16.032+0000] {processor.py:925} INFO - DAG(s) 'example_params_ui_tutorial' retrieved from /home/airflow/.local/lib/python3.12/site-packages/airflow/example_dags/example_params_ui_tutorial.py
[2025-07-30T17:06:16.111+0000] {logging_mixin.py:190} INFO - [2025-07-30T17:06:16.111+0000] {dag.py:3239} INFO - Sync 1 DAGs
[2025-07-30T17:06:16.127+0000] {logging_mixin.py:190} INFO - [2025-07-30T17:06:16.127+0000] {dag.py:4180} INFO - Setting next_dagrun for example_params_ui_tutorial to None, run_after=None
[2025-07-30T17:06:16.147+0000] {processor.py:208} INFO - Processing /home/airflow/.local/lib/python3.12/site-packages/airflow/example_dags/example_params_ui_tutorial.py took 0.139 seconds
[2025-07-30T17:06:47.023+0000] {processor.py:186} INFO - Started process (PID=3576) to work on /home/airflow/.local/lib/python3.12/site-packages/airflow/example_dags/example_params_ui_tutorial.py
[2025-07-30T17:06:47.024+0000] {processor.py:914} INFO - Processing file /home/airflow/.local/lib/python3.12/site-packages/airflow/example_dags/example_params_ui_tutorial.py for tasks to queue
[2025-07-30T17:06:47.027+0000] {logging_mixin.py:190} INFO - [2025-07-30T17:06:47.027+0000] {dagbag.py:588} INFO - Filling up the DagBag from /home/airflow/.local/lib/python3.12/site-packages/airflow/example_dags/example_params_ui_tutorial.py
[2025-07-30T17:06:47.042+0000] {processor.py:925} INFO - DAG(s) 'example_params_ui_tutorial' retrieved from /home/airflow/.local/lib/python3.12/site-packages/airflow/example_dags/example_params_ui_tutorial.py
[2025-07-30T17:06:47.177+0000] {logging_mixin.py:190} INFO - [2025-07-30T17:06:47.176+0000] {dag.py:3239} INFO - Sync 1 DAGs
[2025-07-30T17:06:47.196+0000] {logging_mixin.py:190} INFO - [2025-07-30T17:06:47.195+0000] {dag.py:4180} INFO - Setting next_dagrun for example_params_ui_tutorial to None, run_after=None
[2025-07-30T17:06:47.218+0000] {processor.py:208} INFO - Processing /home/airflow/.local/lib/python3.12/site-packages/airflow/example_dags/example_params_ui_tutorial.py took 0.201 seconds
[2025-07-30T17:07:17.367+0000] {processor.py:186} INFO - Started process (PID=3882) to work on /home/airflow/.local/lib/python3.12/site-packages/airflow/example_dags/example_params_ui_tutorial.py
[2025-07-30T17:07:17.368+0000] {processor.py:914} INFO - Processing file /home/airflow/.local/lib/python3.12/site-packages/airflow/example_dags/example_params_ui_tutorial.py for tasks to queue
[2025-07-30T17:07:17.370+0000] {logging_mixin.py:190} INFO - [2025-07-30T17:07:17.370+0000] {dagbag.py:588} INFO - Filling up the DagBag from /home/airflow/.local/lib/python3.12/site-packages/airflow/example_dags/example_params_ui_tutorial.py
[2025-07-30T17:07:17.381+0000] {processor.py:925} INFO - DAG(s) 'example_params_ui_tutorial' retrieved from /home/airflow/.local/lib/python3.12/site-packages/airflow/example_dags/example_params_ui_tutorial.py
[2025-07-30T17:07:17.437+0000] {logging_mixin.py:190} INFO - [2025-07-30T17:07:17.437+0000] {dag.py:3239} INFO - Sync 1 DAGs
[2025-07-30T17:07:17.455+0000] {logging_mixin.py:190} INFO - [2025-07-30T17:07:17.454+0000] {dag.py:4180} INFO - Setting next_dagrun for example_params_ui_tutorial to None, run_after=None
[2025-07-30T17:07:17.485+0000] {processor.py:208} INFO - Processing /home/airflow/.local/lib/python3.12/site-packages/airflow/example_dags/example_params_ui_tutorial.py took 0.127 seconds
[2025-07-30T17:07:47.940+0000] {processor.py:186} INFO - Started process (PID=4188) to work on /home/airflow/.local/lib/python3.12/site-packages/airflow/example_dags/example_params_ui_tutorial.py
[2025-07-30T17:07:47.941+0000] {processor.py:914} INFO - Processing file /home/airflow/.local/lib/python3.12/site-packages/airflow/example_dags/example_params_ui_tutorial.py for tasks to queue
[2025-07-30T17:07:47.943+0000] {logging_mixin.py:190} INFO - [2025-07-30T17:07:47.943+0000] {dagbag.py:588} INFO - Filling up the DagBag from /home/airflow/.local/lib/python3.12/site-packages/airflow/example_dags/example_params_ui_tutorial.py
[2025-07-30T17:07:47.953+0000] {processor.py:925} INFO - DAG(s) 'example_params_ui_tutorial' retrieved from /home/airflow/.local/lib/python3.12/site-packages/airflow/example_dags/example_params_ui_tutorial.py
[2025-07-30T17:07:48.009+0000] {logging_mixin.py:190} INFO - [2025-07-30T17:07:48.009+0000] {dag.py:3239} INFO - Sync 1 DAGs
[2025-07-30T17:07:48.025+0000] {logging_mixin.py:190} INFO - [2025-07-30T17:07:48.024+0000] {dag.py:4180} INFO - Setting next_dagrun for example_params_ui_tutorial to None, run_after=None
[2025-07-30T17:07:48.041+0000] {processor.py:208} INFO - Processing /home/airflow/.local/lib/python3.12/site-packages/airflow/example_dags/example_params_ui_tutorial.py took 0.109 seconds
[2025-07-30T17:08:18.346+0000] {processor.py:186} INFO - Started process (PID=4494) to work on /home/airflow/.local/lib/python3.12/site-packages/airflow/example_dags/example_params_ui_tutorial.py
[2025-07-30T17:08:18.347+0000] {processor.py:914} INFO - Processing file /home/airflow/.local/lib/python3.12/site-packages/airflow/example_dags/example_params_ui_tutorial.py for tasks to queue
[2025-07-30T17:08:18.350+0000] {logging_mixin.py:190} INFO - [2025-07-30T17:08:18.350+0000] {dagbag.py:588} INFO - Filling up the DagBag from /home/airflow/.local/lib/python3.12/site-packages/airflow/example_dags/example_params_ui_tutorial.py
[2025-07-30T17:08:18.361+0000] {processor.py:925} INFO - DAG(s) 'example_params_ui_tutorial' retrieved from /home/airflow/.local/lib/python3.12/site-packages/airflow/example_dags/example_params_ui_tutorial.py
[2025-07-30T17:08:18.420+0000] {logging_mixin.py:190} INFO - [2025-07-30T17:08:18.419+0000] {dag.py:3239} INFO - Sync 1 DAGs
[2025-07-30T17:08:18.438+0000] {logging_mixin.py:190} INFO - [2025-07-30T17:08:18.438+0000] {dag.py:4180} INFO - Setting next_dagrun for example_params_ui_tutorial to None, run_after=None
[2025-07-30T17:08:18.455+0000] {processor.py:208} INFO - Processing /home/airflow/.local/lib/python3.12/site-packages/airflow/example_dags/example_params_ui_tutorial.py took 0.117 seconds
[2025-07-30T17:08:48.556+0000] {processor.py:186} INFO - Started process (PID=4800) to work on /home/airflow/.local/lib/python3.12/site-packages/airflow/example_dags/example_params_ui_tutorial.py
[2025-07-30T17:08:48.557+0000] {processor.py:914} INFO - Processing file /home/airflow/.local/lib/python3.12/site-packages/airflow/example_dags/example_params_ui_tutorial.py for tasks to queue
[2025-07-30T17:08:48.559+0000] {logging_mixin.py:190} INFO - [2025-07-30T17:08:48.559+0000] {dagbag.py:588} INFO - Filling up the DagBag from /home/airflow/.local/lib/python3.12/site-packages/airflow/example_dags/example_params_ui_tutorial.py
[2025-07-30T17:08:48.569+0000] {processor.py:925} INFO - DAG(s) 'example_params_ui_tutorial' retrieved from /home/airflow/.local/lib/python3.12/site-packages/airflow/example_dags/example_params_ui_tutorial.py
[2025-07-30T17:08:48.638+0000] {logging_mixin.py:190} INFO - [2025-07-30T17:08:48.638+0000] {dag.py:3239} INFO - Sync 1 DAGs
[2025-07-30T17:08:48.654+0000] {logging_mixin.py:190} INFO - [2025-07-30T17:08:48.653+0000] {dag.py:4180} INFO - Setting next_dagrun for example_params_ui_tutorial to None, run_after=None
[2025-07-30T17:08:48.671+0000] {processor.py:208} INFO - Processing /home/airflow/.local/lib/python3.12/site-packages/airflow/example_dags/example_params_ui_tutorial.py took 0.122 seconds
[2025-07-30T17:09:19.313+0000] {processor.py:186} INFO - Started process (PID=5106) to work on /home/airflow/.local/lib/python3.12/site-packages/airflow/example_dags/example_params_ui_tutorial.py
[2025-07-30T17:09:19.314+0000] {processor.py:914} INFO - Processing file /home/airflow/.local/lib/python3.12/site-packages/airflow/example_dags/example_params_ui_tutorial.py for tasks to queue
[2025-07-30T17:09:19.317+0000] {logging_mixin.py:190} INFO - [2025-07-30T17:09:19.316+0000] {dagbag.py:588} INFO - Filling up the DagBag from /home/airflow/.local/lib/python3.12/site-packages/airflow/example_dags/example_params_ui_tutorial.py
[2025-07-30T17:09:19.327+0000] {processor.py:925} INFO - DAG(s) 'example_params_ui_tutorial' retrieved from /home/airflow/.local/lib/python3.12/site-packages/airflow/example_dags/example_params_ui_tutorial.py
[2025-07-30T17:09:19.385+0000] {logging_mixin.py:190} INFO - [2025-07-30T17:09:19.385+0000] {dag.py:3239} INFO - Sync 1 DAGs
[2025-07-30T17:09:19.400+0000] {logging_mixin.py:190} INFO - [2025-07-30T17:09:19.400+0000] {dag.py:4180} INFO - Setting next_dagrun for example_params_ui_tutorial to None, run_after=None
[2025-07-30T17:09:19.417+0000] {processor.py:208} INFO - Processing /home/airflow/.local/lib/python3.12/site-packages/airflow/example_dags/example_params_ui_tutorial.py took 0.110 seconds
[2025-07-30T17:09:49.560+0000] {processor.py:186} INFO - Started process (PID=5412) to work on /home/airflow/.local/lib/python3.12/site-packages/airflow/example_dags/example_params_ui_tutorial.py
[2025-07-30T17:09:49.561+0000] {processor.py:914} INFO - Processing file /home/airflow/.local/lib/python3.12/site-packages/airflow/example_dags/example_params_ui_tutorial.py for tasks to queue
[2025-07-30T17:09:49.563+0000] {logging_mixin.py:190} INFO - [2025-07-30T17:09:49.563+0000] {dagbag.py:588} INFO - Filling up the DagBag from /home/airflow/.local/lib/python3.12/site-packages/airflow/example_dags/example_params_ui_tutorial.py
[2025-07-30T17:09:49.573+0000] {processor.py:925} INFO - DAG(s) 'example_params_ui_tutorial' retrieved from /home/airflow/.local/lib/python3.12/site-packages/airflow/example_dags/example_params_ui_tutorial.py
[2025-07-30T17:09:49.628+0000] {logging_mixin.py:190} INFO - [2025-07-30T17:09:49.627+0000] {dag.py:3239} INFO - Sync 1 DAGs
[2025-07-30T17:09:49.643+0000] {logging_mixin.py:190} INFO - [2025-07-30T17:09:49.643+0000] {dag.py:4180} INFO - Setting next_dagrun for example_params_ui_tutorial to None, run_after=None
[2025-07-30T17:09:49.661+0000] {processor.py:208} INFO - Processing /home/airflow/.local/lib/python3.12/site-packages/airflow/example_dags/example_params_ui_tutorial.py took 0.108 seconds
[2025-07-30T17:10:20.345+0000] {processor.py:186} INFO - Started process (PID=5718) to work on /home/airflow/.local/lib/python3.12/site-packages/airflow/example_dags/example_params_ui_tutorial.py
[2025-07-30T17:10:20.346+0000] {processor.py:914} INFO - Processing file /home/airflow/.local/lib/python3.12/site-packages/airflow/example_dags/example_params_ui_tutorial.py for tasks to queue
[2025-07-30T17:10:20.348+0000] {logging_mixin.py:190} INFO - [2025-07-30T17:10:20.348+0000] {dagbag.py:588} INFO - Filling up the DagBag from /home/airflow/.local/lib/python3.12/site-packages/airflow/example_dags/example_params_ui_tutorial.py
[2025-07-30T17:10:20.360+0000] {processor.py:925} INFO - DAG(s) 'example_params_ui_tutorial' retrieved from /home/airflow/.local/lib/python3.12/site-packages/airflow/example_dags/example_params_ui_tutorial.py
[2025-07-30T17:10:20.424+0000] {logging_mixin.py:190} INFO - [2025-07-30T17:10:20.423+0000] {dag.py:3239} INFO - Sync 1 DAGs
[2025-07-30T17:10:20.439+0000] {logging_mixin.py:190} INFO - [2025-07-30T17:10:20.439+0000] {dag.py:4180} INFO - Setting next_dagrun for example_params_ui_tutorial to None, run_after=None
[2025-07-30T17:10:20.457+0000] {processor.py:208} INFO - Processing /home/airflow/.local/lib/python3.12/site-packages/airflow/example_dags/example_params_ui_tutorial.py took 0.121 seconds
[2025-07-30T17:10:51.084+0000] {processor.py:186} INFO - Started process (PID=6014) to work on /home/airflow/.local/lib/python3.12/site-packages/airflow/example_dags/example_params_ui_tutorial.py
[2025-07-30T17:10:51.086+0000] {processor.py:914} INFO - Processing file /home/airflow/.local/lib/python3.12/site-packages/airflow/example_dags/example_params_ui_tutorial.py for tasks to queue
[2025-07-30T17:10:51.088+0000] {logging_mixin.py:190} INFO - [2025-07-30T17:10:51.088+0000] {dagbag.py:588} INFO - Filling up the DagBag from /home/airflow/.local/lib/python3.12/site-packages/airflow/example_dags/example_params_ui_tutorial.py
[2025-07-30T17:10:51.107+0000] {processor.py:925} INFO - DAG(s) 'example_params_ui_tutorial' retrieved from /home/airflow/.local/lib/python3.12/site-packages/airflow/example_dags/example_params_ui_tutorial.py
[2025-07-30T17:10:51.196+0000] {logging_mixin.py:190} INFO - [2025-07-30T17:10:51.196+0000] {dag.py:3239} INFO - Sync 1 DAGs
[2025-07-30T17:10:51.212+0000] {logging_mixin.py:190} INFO - [2025-07-30T17:10:51.212+0000] {dag.py:4180} INFO - Setting next_dagrun for example_params_ui_tutorial to None, run_after=None
[2025-07-30T17:10:51.229+0000] {processor.py:208} INFO - Processing /home/airflow/.local/lib/python3.12/site-packages/airflow/example_dags/example_params_ui_tutorial.py took 0.160 seconds
[2025-07-30T17:11:21.962+0000] {processor.py:186} INFO - Started process (PID=6320) to work on /home/airflow/.local/lib/python3.12/site-packages/airflow/example_dags/example_params_ui_tutorial.py
[2025-07-30T17:11:21.964+0000] {processor.py:914} INFO - Processing file /home/airflow/.local/lib/python3.12/site-packages/airflow/example_dags/example_params_ui_tutorial.py for tasks to queue
[2025-07-30T17:11:21.969+0000] {logging_mixin.py:190} INFO - [2025-07-30T17:11:21.968+0000] {dagbag.py:588} INFO - Filling up the DagBag from /home/airflow/.local/lib/python3.12/site-packages/airflow/example_dags/example_params_ui_tutorial.py
[2025-07-30T17:11:21.981+0000] {processor.py:925} INFO - DAG(s) 'example_params_ui_tutorial' retrieved from /home/airflow/.local/lib/python3.12/site-packages/airflow/example_dags/example_params_ui_tutorial.py
[2025-07-30T17:11:22.037+0000] {logging_mixin.py:190} INFO - [2025-07-30T17:11:22.037+0000] {dag.py:3239} INFO - Sync 1 DAGs
[2025-07-30T17:11:22.052+0000] {logging_mixin.py:190} INFO - [2025-07-30T17:11:22.052+0000] {dag.py:4180} INFO - Setting next_dagrun for example_params_ui_tutorial to None, run_after=None
[2025-07-30T17:11:22.069+0000] {processor.py:208} INFO - Processing /home/airflow/.local/lib/python3.12/site-packages/airflow/example_dags/example_params_ui_tutorial.py took 0.113 seconds
[2025-07-30T17:11:53.031+0000] {processor.py:186} INFO - Started process (PID=6626) to work on /home/airflow/.local/lib/python3.12/site-packages/airflow/example_dags/example_params_ui_tutorial.py
[2025-07-30T17:11:53.032+0000] {processor.py:914} INFO - Processing file /home/airflow/.local/lib/python3.12/site-packages/airflow/example_dags/example_params_ui_tutorial.py for tasks to queue
[2025-07-30T17:11:53.034+0000] {logging_mixin.py:190} INFO - [2025-07-30T17:11:53.034+0000] {dagbag.py:588} INFO - Filling up the DagBag from /home/airflow/.local/lib/python3.12/site-packages/airflow/example_dags/example_params_ui_tutorial.py
[2025-07-30T17:11:53.044+0000] {processor.py:925} INFO - DAG(s) 'example_params_ui_tutorial' retrieved from /home/airflow/.local/lib/python3.12/site-packages/airflow/example_dags/example_params_ui_tutorial.py
[2025-07-30T17:11:53.098+0000] {logging_mixin.py:190} INFO - [2025-07-30T17:11:53.098+0000] {dag.py:3239} INFO - Sync 1 DAGs
[2025-07-30T17:11:53.114+0000] {logging_mixin.py:190} INFO - [2025-07-30T17:11:53.114+0000] {dag.py:4180} INFO - Setting next_dagrun for example_params_ui_tutorial to None, run_after=None
[2025-07-30T17:11:53.133+0000] {processor.py:208} INFO - Processing /home/airflow/.local/lib/python3.12/site-packages/airflow/example_dags/example_params_ui_tutorial.py took 0.110 seconds
[2025-07-30T17:12:23.430+0000] {processor.py:186} INFO - Started process (PID=6932) to work on /home/airflow/.local/lib/python3.12/site-packages/airflow/example_dags/example_params_ui_tutorial.py
[2025-07-30T17:12:23.431+0000] {processor.py:914} INFO - Processing file /home/airflow/.local/lib/python3.12/site-packages/airflow/example_dags/example_params_ui_tutorial.py for tasks to queue
[2025-07-30T17:12:23.435+0000] {logging_mixin.py:190} INFO - [2025-07-30T17:12:23.434+0000] {dagbag.py:588} INFO - Filling up the DagBag from /home/airflow/.local/lib/python3.12/site-packages/airflow/example_dags/example_params_ui_tutorial.py
[2025-07-30T17:12:23.449+0000] {processor.py:925} INFO - DAG(s) 'example_params_ui_tutorial' retrieved from /home/airflow/.local/lib/python3.12/site-packages/airflow/example_dags/example_params_ui_tutorial.py
[2025-07-30T17:12:23.504+0000] {logging_mixin.py:190} INFO - [2025-07-30T17:12:23.504+0000] {dag.py:3239} INFO - Sync 1 DAGs
[2025-07-30T17:12:23.520+0000] {logging_mixin.py:190} INFO - [2025-07-30T17:12:23.520+0000] {dag.py:4180} INFO - Setting next_dagrun for example_params_ui_tutorial to None, run_after=None
[2025-07-30T17:12:23.538+0000] {processor.py:208} INFO - Processing /home/airflow/.local/lib/python3.12/site-packages/airflow/example_dags/example_params_ui_tutorial.py took 0.114 seconds
[2025-07-30T17:12:53.916+0000] {processor.py:186} INFO - Started process (PID=7238) to work on /home/airflow/.local/lib/python3.12/site-packages/airflow/example_dags/example_params_ui_tutorial.py
[2025-07-30T17:12:53.917+0000] {processor.py:914} INFO - Processing file /home/airflow/.local/lib/python3.12/site-packages/airflow/example_dags/example_params_ui_tutorial.py for tasks to queue
[2025-07-30T17:12:53.920+0000] {logging_mixin.py:190} INFO - [2025-07-30T17:12:53.920+0000] {dagbag.py:588} INFO - Filling up the DagBag from /home/airflow/.local/lib/python3.12/site-packages/airflow/example_dags/example_params_ui_tutorial.py
[2025-07-30T17:12:53.931+0000] {processor.py:925} INFO - DAG(s) 'example_params_ui_tutorial' retrieved from /home/airflow/.local/lib/python3.12/site-packages/airflow/example_dags/example_params_ui_tutorial.py
[2025-07-30T17:12:53.988+0000] {logging_mixin.py:190} INFO - [2025-07-30T17:12:53.988+0000] {dag.py:3239} INFO - Sync 1 DAGs
[2025-07-30T17:12:54.004+0000] {logging_mixin.py:190} INFO - [2025-07-30T17:12:54.003+0000] {dag.py:4180} INFO - Setting next_dagrun for example_params_ui_tutorial to None, run_after=None
[2025-07-30T17:12:54.022+0000] {processor.py:208} INFO - Processing /home/airflow/.local/lib/python3.12/site-packages/airflow/example_dags/example_params_ui_tutorial.py took 0.115 seconds
