[2025-07-30T17:01:17.540+0000] {processor.py:186} INFO - Started process (PID=307) to work on /home/airflow/.local/lib/python3.12/site-packages/airflow/example_dags/example_setup_teardown.py
[2025-07-30T17:01:17.541+0000] {processor.py:914} INFO - Processing file /home/airflow/.local/lib/python3.12/site-packages/airflow/example_dags/example_setup_teardown.py for tasks to queue
[2025-07-30T17:01:17.543+0000] {logging_mixin.py:190} INFO - [2025-07-30T17:01:17.543+0000] {dagbag.py:588} INFO - Filling up the DagBag from /home/airflow/.local/lib/python3.12/site-packages/airflow/example_dags/example_setup_teardown.py
[2025-07-30T17:01:17.558+0000] {processor.py:925} INFO - DAG(s) 'example_setup_teardown' retrieved from /home/airflow/.local/lib/python3.12/site-packages/airflow/example_dags/example_setup_teardown.py
[2025-07-30T17:01:17.826+0000] {logging_mixin.py:190} INFO - [2025-07-30T17:01:17.825+0000] {override.py:1911} INFO - Created Permission View: can read on DAG:example_setup_teardown
[2025-07-30T17:01:17.842+0000] {logging_mixin.py:190} INFO - [2025-07-30T17:01:17.842+0000] {override.py:1911} INFO - Created Permission View: can delete on DAG:example_setup_teardown
[2025-07-30T17:01:17.855+0000] {logging_mixin.py:190} INFO - [2025-07-30T17:01:17.855+0000] {override.py:1911} INFO - Created Permission View: can edit on DAG:example_setup_teardown
[2025-07-30T17:01:17.867+0000] {logging_mixin.py:190} INFO - [2025-07-30T17:01:17.867+0000] {override.py:1911} INFO - Created Permission View: can read on DAG Run:example_setup_teardown
[2025-07-30T17:01:18.059+0000] {logging_mixin.py:190} INFO - [2025-07-30T17:01:18.059+0000] {override.py:1911} INFO - Created Permission View: menu access on DAG Run:example_setup_teardown
[2025-07-30T17:01:18.072+0000] {logging_mixin.py:190} INFO - [2025-07-30T17:01:18.071+0000] {override.py:1911} INFO - Created Permission View: can delete on DAG Run:example_setup_teardown
[2025-07-30T17:01:18.078+0000] {logging_mixin.py:190} INFO - [2025-07-30T17:01:18.078+0000] {override.py:1911} INFO - Created Permission View: can create on DAG Run:example_setup_teardown
[2025-07-30T17:01:18.079+0000] {logging_mixin.py:190} INFO - [2025-07-30T17:01:18.078+0000] {dag.py:3239} INFO - Sync 1 DAGs
[2025-07-30T17:01:18.093+0000] {logging_mixin.py:190} INFO - [2025-07-30T17:01:18.093+0000] {dag.py:3262} INFO - Creating ORM DAG for example_setup_teardown
[2025-07-30T17:01:18.094+0000] {logging_mixin.py:190} INFO - [2025-07-30T17:01:18.094+0000] {dag.py:4180} INFO - Setting next_dagrun for example_setup_teardown to None, run_after=None
[2025-07-30T17:01:18.114+0000] {processor.py:208} INFO - Processing /home/airflow/.local/lib/python3.12/site-packages/airflow/example_dags/example_setup_teardown.py took 0.583 seconds
[2025-07-30T17:01:48.760+0000] {processor.py:186} INFO - Started process (PID=612) to work on /home/airflow/.local/lib/python3.12/site-packages/airflow/example_dags/example_setup_teardown.py
[2025-07-30T17:01:48.761+0000] {processor.py:914} INFO - Processing file /home/airflow/.local/lib/python3.12/site-packages/airflow/example_dags/example_setup_teardown.py for tasks to queue
[2025-07-30T17:01:48.764+0000] {logging_mixin.py:190} INFO - [2025-07-30T17:01:48.764+0000] {dagbag.py:588} INFO - Filling up the DagBag from /home/airflow/.local/lib/python3.12/site-packages/airflow/example_dags/example_setup_teardown.py
[2025-07-30T17:01:48.774+0000] {processor.py:925} INFO - DAG(s) 'example_setup_teardown' retrieved from /home/airflow/.local/lib/python3.12/site-packages/airflow/example_dags/example_setup_teardown.py
[2025-07-30T17:01:48.795+0000] {logging_mixin.py:190} INFO - [2025-07-30T17:01:48.795+0000] {dag.py:3239} INFO - Sync 1 DAGs
[2025-07-30T17:01:48.812+0000] {logging_mixin.py:190} INFO - [2025-07-30T17:01:48.811+0000] {dag.py:4180} INFO - Setting next_dagrun for example_setup_teardown to None, run_after=None
[2025-07-30T17:01:48.829+0000] {processor.py:208} INFO - Processing /home/airflow/.local/lib/python3.12/site-packages/airflow/example_dags/example_setup_teardown.py took 0.074 seconds
[2025-07-30T17:02:19.785+0000] {processor.py:186} INFO - Started process (PID=917) to work on /home/airflow/.local/lib/python3.12/site-packages/airflow/example_dags/example_setup_teardown.py
[2025-07-30T17:02:19.786+0000] {processor.py:914} INFO - Processing file /home/airflow/.local/lib/python3.12/site-packages/airflow/example_dags/example_setup_teardown.py for tasks to queue
[2025-07-30T17:02:19.788+0000] {logging_mixin.py:190} INFO - [2025-07-30T17:02:19.788+0000] {dagbag.py:588} INFO - Filling up the DagBag from /home/airflow/.local/lib/python3.12/site-packages/airflow/example_dags/example_setup_teardown.py
[2025-07-30T17:02:19.798+0000] {processor.py:925} INFO - DAG(s) 'example_setup_teardown' retrieved from /home/airflow/.local/lib/python3.12/site-packages/airflow/example_dags/example_setup_teardown.py
[2025-07-30T17:02:19.820+0000] {logging_mixin.py:190} INFO - [2025-07-30T17:02:19.820+0000] {dag.py:3239} INFO - Sync 1 DAGs
[2025-07-30T17:02:19.839+0000] {logging_mixin.py:190} INFO - [2025-07-30T17:02:19.839+0000] {dag.py:4180} INFO - Setting next_dagrun for example_setup_teardown to None, run_after=None
[2025-07-30T17:02:19.858+0000] {processor.py:208} INFO - Processing /home/airflow/.local/lib/python3.12/site-packages/airflow/example_dags/example_setup_teardown.py took 0.079 seconds
[2025-07-30T17:02:50.318+0000] {processor.py:186} INFO - Started process (PID=1218) to work on /home/airflow/.local/lib/python3.12/site-packages/airflow/example_dags/example_setup_teardown.py
[2025-07-30T17:02:50.319+0000] {processor.py:914} INFO - Processing file /home/airflow/.local/lib/python3.12/site-packages/airflow/example_dags/example_setup_teardown.py for tasks to queue
[2025-07-30T17:02:50.322+0000] {logging_mixin.py:190} INFO - [2025-07-30T17:02:50.321+0000] {dagbag.py:588} INFO - Filling up the DagBag from /home/airflow/.local/lib/python3.12/site-packages/airflow/example_dags/example_setup_teardown.py
[2025-07-30T17:02:50.331+0000] {processor.py:925} INFO - DAG(s) 'example_setup_teardown' retrieved from /home/airflow/.local/lib/python3.12/site-packages/airflow/example_dags/example_setup_teardown.py
[2025-07-30T17:02:50.354+0000] {logging_mixin.py:190} INFO - [2025-07-30T17:02:50.353+0000] {dag.py:3239} INFO - Sync 1 DAGs
[2025-07-30T17:02:50.369+0000] {logging_mixin.py:190} INFO - [2025-07-30T17:02:50.369+0000] {dag.py:4180} INFO - Setting next_dagrun for example_setup_teardown to None, run_after=None
[2025-07-30T17:02:50.389+0000] {processor.py:208} INFO - Processing /home/airflow/.local/lib/python3.12/site-packages/airflow/example_dags/example_setup_teardown.py took 0.077 seconds
[2025-07-30T17:03:20.929+0000] {processor.py:186} INFO - Started process (PID=1524) to work on /home/airflow/.local/lib/python3.12/site-packages/airflow/example_dags/example_setup_teardown.py
[2025-07-30T17:03:20.930+0000] {processor.py:914} INFO - Processing file /home/airflow/.local/lib/python3.12/site-packages/airflow/example_dags/example_setup_teardown.py for tasks to queue
[2025-07-30T17:03:20.932+0000] {logging_mixin.py:190} INFO - [2025-07-30T17:03:20.932+0000] {dagbag.py:588} INFO - Filling up the DagBag from /home/airflow/.local/lib/python3.12/site-packages/airflow/example_dags/example_setup_teardown.py
[2025-07-30T17:03:20.941+0000] {processor.py:925} INFO - DAG(s) 'example_setup_teardown' retrieved from /home/airflow/.local/lib/python3.12/site-packages/airflow/example_dags/example_setup_teardown.py
[2025-07-30T17:03:20.966+0000] {logging_mixin.py:190} INFO - [2025-07-30T17:03:20.966+0000] {dag.py:3239} INFO - Sync 1 DAGs
[2025-07-30T17:03:20.984+0000] {logging_mixin.py:190} INFO - [2025-07-30T17:03:20.983+0000] {dag.py:4180} INFO - Setting next_dagrun for example_setup_teardown to None, run_after=None
[2025-07-30T17:03:21.001+0000] {processor.py:208} INFO - Processing /home/airflow/.local/lib/python3.12/site-packages/airflow/example_dags/example_setup_teardown.py took 0.078 seconds
[2025-07-30T17:03:51.119+0000] {processor.py:186} INFO - Started process (PID=1830) to work on /home/airflow/.local/lib/python3.12/site-packages/airflow/example_dags/example_setup_teardown.py
[2025-07-30T17:03:51.120+0000] {processor.py:914} INFO - Processing file /home/airflow/.local/lib/python3.12/site-packages/airflow/example_dags/example_setup_teardown.py for tasks to queue
[2025-07-30T17:03:51.123+0000] {logging_mixin.py:190} INFO - [2025-07-30T17:03:51.122+0000] {dagbag.py:588} INFO - Filling up the DagBag from /home/airflow/.local/lib/python3.12/site-packages/airflow/example_dags/example_setup_teardown.py
[2025-07-30T17:03:51.132+0000] {processor.py:925} INFO - DAG(s) 'example_setup_teardown' retrieved from /home/airflow/.local/lib/python3.12/site-packages/airflow/example_dags/example_setup_teardown.py
[2025-07-30T17:03:51.154+0000] {logging_mixin.py:190} INFO - [2025-07-30T17:03:51.154+0000] {dag.py:3239} INFO - Sync 1 DAGs
[2025-07-30T17:03:51.170+0000] {logging_mixin.py:190} INFO - [2025-07-30T17:03:51.170+0000] {dag.py:4180} INFO - Setting next_dagrun for example_setup_teardown to None, run_after=None
[2025-07-30T17:03:51.191+0000] {processor.py:208} INFO - Processing /home/airflow/.local/lib/python3.12/site-packages/airflow/example_dags/example_setup_teardown.py took 0.078 seconds
[2025-07-30T17:04:21.252+0000] {processor.py:186} INFO - Started process (PID=2136) to work on /home/airflow/.local/lib/python3.12/site-packages/airflow/example_dags/example_setup_teardown.py
[2025-07-30T17:04:21.253+0000] {processor.py:914} INFO - Processing file /home/airflow/.local/lib/python3.12/site-packages/airflow/example_dags/example_setup_teardown.py for tasks to queue
[2025-07-30T17:04:21.256+0000] {logging_mixin.py:190} INFO - [2025-07-30T17:04:21.255+0000] {dagbag.py:588} INFO - Filling up the DagBag from /home/airflow/.local/lib/python3.12/site-packages/airflow/example_dags/example_setup_teardown.py
[2025-07-30T17:04:21.264+0000] {processor.py:925} INFO - DAG(s) 'example_setup_teardown' retrieved from /home/airflow/.local/lib/python3.12/site-packages/airflow/example_dags/example_setup_teardown.py
[2025-07-30T17:04:21.287+0000] {logging_mixin.py:190} INFO - [2025-07-30T17:04:21.286+0000] {dag.py:3239} INFO - Sync 1 DAGs
[2025-07-30T17:04:21.317+0000] {logging_mixin.py:190} INFO - [2025-07-30T17:04:21.316+0000] {dag.py:4180} INFO - Setting next_dagrun for example_setup_teardown to None, run_after=None
[2025-07-30T17:04:21.353+0000] {processor.py:208} INFO - Processing /home/airflow/.local/lib/python3.12/site-packages/airflow/example_dags/example_setup_teardown.py took 0.107 seconds
[2025-07-30T17:04:51.936+0000] {processor.py:186} INFO - Started process (PID=2442) to work on /home/airflow/.local/lib/python3.12/site-packages/airflow/example_dags/example_setup_teardown.py
[2025-07-30T17:04:51.937+0000] {processor.py:914} INFO - Processing file /home/airflow/.local/lib/python3.12/site-packages/airflow/example_dags/example_setup_teardown.py for tasks to queue
[2025-07-30T17:04:51.939+0000] {logging_mixin.py:190} INFO - [2025-07-30T17:04:51.939+0000] {dagbag.py:588} INFO - Filling up the DagBag from /home/airflow/.local/lib/python3.12/site-packages/airflow/example_dags/example_setup_teardown.py
[2025-07-30T17:04:51.948+0000] {processor.py:925} INFO - DAG(s) 'example_setup_teardown' retrieved from /home/airflow/.local/lib/python3.12/site-packages/airflow/example_dags/example_setup_teardown.py
[2025-07-30T17:04:51.970+0000] {logging_mixin.py:190} INFO - [2025-07-30T17:04:51.970+0000] {dag.py:3239} INFO - Sync 1 DAGs
[2025-07-30T17:04:51.989+0000] {logging_mixin.py:190} INFO - [2025-07-30T17:04:51.989+0000] {dag.py:4180} INFO - Setting next_dagrun for example_setup_teardown to None, run_after=None
[2025-07-30T17:04:52.007+0000] {processor.py:208} INFO - Processing /home/airflow/.local/lib/python3.12/site-packages/airflow/example_dags/example_setup_teardown.py took 0.077 seconds
[2025-07-30T17:05:22.778+0000] {processor.py:186} INFO - Started process (PID=2748) to work on /home/airflow/.local/lib/python3.12/site-packages/airflow/example_dags/example_setup_teardown.py
[2025-07-30T17:05:22.779+0000] {processor.py:914} INFO - Processing file /home/airflow/.local/lib/python3.12/site-packages/airflow/example_dags/example_setup_teardown.py for tasks to queue
[2025-07-30T17:05:22.781+0000] {logging_mixin.py:190} INFO - [2025-07-30T17:05:22.781+0000] {dagbag.py:588} INFO - Filling up the DagBag from /home/airflow/.local/lib/python3.12/site-packages/airflow/example_dags/example_setup_teardown.py
[2025-07-30T17:05:22.791+0000] {processor.py:925} INFO - DAG(s) 'example_setup_teardown' retrieved from /home/airflow/.local/lib/python3.12/site-packages/airflow/example_dags/example_setup_teardown.py
[2025-07-30T17:05:22.814+0000] {logging_mixin.py:190} INFO - [2025-07-30T17:05:22.814+0000] {dag.py:3239} INFO - Sync 1 DAGs
[2025-07-30T17:05:22.832+0000] {logging_mixin.py:190} INFO - [2025-07-30T17:05:22.831+0000] {dag.py:4180} INFO - Setting next_dagrun for example_setup_teardown to None, run_after=None
[2025-07-30T17:05:22.850+0000] {processor.py:208} INFO - Processing /home/airflow/.local/lib/python3.12/site-packages/airflow/example_dags/example_setup_teardown.py took 0.091 seconds
[2025-07-30T17:05:53.168+0000] {processor.py:186} INFO - Started process (PID=3054) to work on /home/airflow/.local/lib/python3.12/site-packages/airflow/example_dags/example_setup_teardown.py
[2025-07-30T17:05:53.169+0000] {processor.py:914} INFO - Processing file /home/airflow/.local/lib/python3.12/site-packages/airflow/example_dags/example_setup_teardown.py for tasks to queue
[2025-07-30T17:05:53.171+0000] {logging_mixin.py:190} INFO - [2025-07-30T17:05:53.171+0000] {dagbag.py:588} INFO - Filling up the DagBag from /home/airflow/.local/lib/python3.12/site-packages/airflow/example_dags/example_setup_teardown.py
[2025-07-30T17:05:53.180+0000] {processor.py:925} INFO - DAG(s) 'example_setup_teardown' retrieved from /home/airflow/.local/lib/python3.12/site-packages/airflow/example_dags/example_setup_teardown.py
[2025-07-30T17:05:53.202+0000] {logging_mixin.py:190} INFO - [2025-07-30T17:05:53.201+0000] {dag.py:3239} INFO - Sync 1 DAGs
[2025-07-30T17:05:53.218+0000] {logging_mixin.py:190} INFO - [2025-07-30T17:05:53.218+0000] {dag.py:4180} INFO - Setting next_dagrun for example_setup_teardown to None, run_after=None
[2025-07-30T17:05:53.238+0000] {processor.py:208} INFO - Processing /home/airflow/.local/lib/python3.12/site-packages/airflow/example_dags/example_setup_teardown.py took 0.075 seconds
[2025-07-30T17:06:24.128+0000] {processor.py:186} INFO - Started process (PID=3360) to work on /home/airflow/.local/lib/python3.12/site-packages/airflow/example_dags/example_setup_teardown.py
[2025-07-30T17:06:24.129+0000] {processor.py:914} INFO - Processing file /home/airflow/.local/lib/python3.12/site-packages/airflow/example_dags/example_setup_teardown.py for tasks to queue
[2025-07-30T17:06:24.131+0000] {logging_mixin.py:190} INFO - [2025-07-30T17:06:24.131+0000] {dagbag.py:588} INFO - Filling up the DagBag from /home/airflow/.local/lib/python3.12/site-packages/airflow/example_dags/example_setup_teardown.py
[2025-07-30T17:06:24.141+0000] {processor.py:925} INFO - DAG(s) 'example_setup_teardown' retrieved from /home/airflow/.local/lib/python3.12/site-packages/airflow/example_dags/example_setup_teardown.py
[2025-07-30T17:06:24.167+0000] {logging_mixin.py:190} INFO - [2025-07-30T17:06:24.167+0000] {dag.py:3239} INFO - Sync 1 DAGs
[2025-07-30T17:06:24.185+0000] {logging_mixin.py:190} INFO - [2025-07-30T17:06:24.184+0000] {dag.py:4180} INFO - Setting next_dagrun for example_setup_teardown to None, run_after=None
[2025-07-30T17:06:24.212+0000] {processor.py:208} INFO - Processing /home/airflow/.local/lib/python3.12/site-packages/airflow/example_dags/example_setup_teardown.py took 0.091 seconds
[2025-07-30T17:06:55.051+0000] {processor.py:186} INFO - Started process (PID=3666) to work on /home/airflow/.local/lib/python3.12/site-packages/airflow/example_dags/example_setup_teardown.py
[2025-07-30T17:06:55.052+0000] {processor.py:914} INFO - Processing file /home/airflow/.local/lib/python3.12/site-packages/airflow/example_dags/example_setup_teardown.py for tasks to queue
[2025-07-30T17:06:55.054+0000] {logging_mixin.py:190} INFO - [2025-07-30T17:06:55.054+0000] {dagbag.py:588} INFO - Filling up the DagBag from /home/airflow/.local/lib/python3.12/site-packages/airflow/example_dags/example_setup_teardown.py
[2025-07-30T17:06:55.063+0000] {processor.py:925} INFO - DAG(s) 'example_setup_teardown' retrieved from /home/airflow/.local/lib/python3.12/site-packages/airflow/example_dags/example_setup_teardown.py
[2025-07-30T17:06:55.090+0000] {logging_mixin.py:190} INFO - [2025-07-30T17:06:55.089+0000] {dag.py:3239} INFO - Sync 1 DAGs
[2025-07-30T17:06:55.106+0000] {logging_mixin.py:190} INFO - [2025-07-30T17:06:55.106+0000] {dag.py:4180} INFO - Setting next_dagrun for example_setup_teardown to None, run_after=None
[2025-07-30T17:06:55.124+0000] {processor.py:208} INFO - Processing /home/airflow/.local/lib/python3.12/site-packages/airflow/example_dags/example_setup_teardown.py took 0.080 seconds
[2025-07-30T17:07:25.332+0000] {processor.py:186} INFO - Started process (PID=3972) to work on /home/airflow/.local/lib/python3.12/site-packages/airflow/example_dags/example_setup_teardown.py
[2025-07-30T17:07:25.333+0000] {processor.py:914} INFO - Processing file /home/airflow/.local/lib/python3.12/site-packages/airflow/example_dags/example_setup_teardown.py for tasks to queue
[2025-07-30T17:07:25.335+0000] {logging_mixin.py:190} INFO - [2025-07-30T17:07:25.335+0000] {dagbag.py:588} INFO - Filling up the DagBag from /home/airflow/.local/lib/python3.12/site-packages/airflow/example_dags/example_setup_teardown.py
[2025-07-30T17:07:25.344+0000] {processor.py:925} INFO - DAG(s) 'example_setup_teardown' retrieved from /home/airflow/.local/lib/python3.12/site-packages/airflow/example_dags/example_setup_teardown.py
[2025-07-30T17:07:25.367+0000] {logging_mixin.py:190} INFO - [2025-07-30T17:07:25.367+0000] {dag.py:3239} INFO - Sync 1 DAGs
[2025-07-30T17:07:25.384+0000] {logging_mixin.py:190} INFO - [2025-07-30T17:07:25.384+0000] {dag.py:4180} INFO - Setting next_dagrun for example_setup_teardown to None, run_after=None
[2025-07-30T17:07:25.401+0000] {processor.py:208} INFO - Processing /home/airflow/.local/lib/python3.12/site-packages/airflow/example_dags/example_setup_teardown.py took 0.076 seconds
[2025-07-30T17:07:56.023+0000] {processor.py:186} INFO - Started process (PID=4278) to work on /home/airflow/.local/lib/python3.12/site-packages/airflow/example_dags/example_setup_teardown.py
[2025-07-30T17:07:56.024+0000] {processor.py:914} INFO - Processing file /home/airflow/.local/lib/python3.12/site-packages/airflow/example_dags/example_setup_teardown.py for tasks to queue
[2025-07-30T17:07:56.026+0000] {logging_mixin.py:190} INFO - [2025-07-30T17:07:56.026+0000] {dagbag.py:588} INFO - Filling up the DagBag from /home/airflow/.local/lib/python3.12/site-packages/airflow/example_dags/example_setup_teardown.py
[2025-07-30T17:07:56.036+0000] {processor.py:925} INFO - DAG(s) 'example_setup_teardown' retrieved from /home/airflow/.local/lib/python3.12/site-packages/airflow/example_dags/example_setup_teardown.py
[2025-07-30T17:07:56.059+0000] {logging_mixin.py:190} INFO - [2025-07-30T17:07:56.059+0000] {dag.py:3239} INFO - Sync 1 DAGs
[2025-07-30T17:07:56.076+0000] {logging_mixin.py:190} INFO - [2025-07-30T17:07:56.075+0000] {dag.py:4180} INFO - Setting next_dagrun for example_setup_teardown to None, run_after=None
[2025-07-30T17:07:56.093+0000] {processor.py:208} INFO - Processing /home/airflow/.local/lib/python3.12/site-packages/airflow/example_dags/example_setup_teardown.py took 0.076 seconds
[2025-07-30T17:08:26.344+0000] {processor.py:186} INFO - Started process (PID=4584) to work on /home/airflow/.local/lib/python3.12/site-packages/airflow/example_dags/example_setup_teardown.py
[2025-07-30T17:08:26.345+0000] {processor.py:914} INFO - Processing file /home/airflow/.local/lib/python3.12/site-packages/airflow/example_dags/example_setup_teardown.py for tasks to queue
[2025-07-30T17:08:26.347+0000] {logging_mixin.py:190} INFO - [2025-07-30T17:08:26.347+0000] {dagbag.py:588} INFO - Filling up the DagBag from /home/airflow/.local/lib/python3.12/site-packages/airflow/example_dags/example_setup_teardown.py
[2025-07-30T17:08:26.356+0000] {processor.py:925} INFO - DAG(s) 'example_setup_teardown' retrieved from /home/airflow/.local/lib/python3.12/site-packages/airflow/example_dags/example_setup_teardown.py
[2025-07-30T17:08:26.378+0000] {logging_mixin.py:190} INFO - [2025-07-30T17:08:26.378+0000] {dag.py:3239} INFO - Sync 1 DAGs
[2025-07-30T17:08:26.397+0000] {logging_mixin.py:190} INFO - [2025-07-30T17:08:26.397+0000] {dag.py:4180} INFO - Setting next_dagrun for example_setup_teardown to None, run_after=None
[2025-07-30T17:08:26.416+0000] {processor.py:208} INFO - Processing /home/airflow/.local/lib/python3.12/site-packages/airflow/example_dags/example_setup_teardown.py took 0.078 seconds
[2025-07-30T17:08:56.525+0000] {processor.py:186} INFO - Started process (PID=4890) to work on /home/airflow/.local/lib/python3.12/site-packages/airflow/example_dags/example_setup_teardown.py
[2025-07-30T17:08:56.526+0000] {processor.py:914} INFO - Processing file /home/airflow/.local/lib/python3.12/site-packages/airflow/example_dags/example_setup_teardown.py for tasks to queue
[2025-07-30T17:08:56.528+0000] {logging_mixin.py:190} INFO - [2025-07-30T17:08:56.528+0000] {dagbag.py:588} INFO - Filling up the DagBag from /home/airflow/.local/lib/python3.12/site-packages/airflow/example_dags/example_setup_teardown.py
[2025-07-30T17:08:56.538+0000] {processor.py:925} INFO - DAG(s) 'example_setup_teardown' retrieved from /home/airflow/.local/lib/python3.12/site-packages/airflow/example_dags/example_setup_teardown.py
[2025-07-30T17:08:56.564+0000] {logging_mixin.py:190} INFO - [2025-07-30T17:08:56.563+0000] {dag.py:3239} INFO - Sync 1 DAGs
[2025-07-30T17:08:56.581+0000] {logging_mixin.py:190} INFO - [2025-07-30T17:08:56.581+0000] {dag.py:4180} INFO - Setting next_dagrun for example_setup_teardown to None, run_after=None
[2025-07-30T17:08:56.600+0000] {processor.py:208} INFO - Processing /home/airflow/.local/lib/python3.12/site-packages/airflow/example_dags/example_setup_teardown.py took 0.081 seconds
[2025-07-30T17:09:27.373+0000] {processor.py:186} INFO - Started process (PID=5196) to work on /home/airflow/.local/lib/python3.12/site-packages/airflow/example_dags/example_setup_teardown.py
[2025-07-30T17:09:27.373+0000] {processor.py:914} INFO - Processing file /home/airflow/.local/lib/python3.12/site-packages/airflow/example_dags/example_setup_teardown.py for tasks to queue
[2025-07-30T17:09:27.376+0000] {logging_mixin.py:190} INFO - [2025-07-30T17:09:27.375+0000] {dagbag.py:588} INFO - Filling up the DagBag from /home/airflow/.local/lib/python3.12/site-packages/airflow/example_dags/example_setup_teardown.py
[2025-07-30T17:09:27.385+0000] {processor.py:925} INFO - DAG(s) 'example_setup_teardown' retrieved from /home/airflow/.local/lib/python3.12/site-packages/airflow/example_dags/example_setup_teardown.py
[2025-07-30T17:09:27.409+0000] {logging_mixin.py:190} INFO - [2025-07-30T17:09:27.408+0000] {dag.py:3239} INFO - Sync 1 DAGs
[2025-07-30T17:09:27.427+0000] {logging_mixin.py:190} INFO - [2025-07-30T17:09:27.426+0000] {dag.py:4180} INFO - Setting next_dagrun for example_setup_teardown to None, run_after=None
[2025-07-30T17:09:27.446+0000] {processor.py:208} INFO - Processing /home/airflow/.local/lib/python3.12/site-packages/airflow/example_dags/example_setup_teardown.py took 0.079 seconds
[2025-07-30T17:09:57.632+0000] {processor.py:186} INFO - Started process (PID=5502) to work on /home/airflow/.local/lib/python3.12/site-packages/airflow/example_dags/example_setup_teardown.py
[2025-07-30T17:09:57.632+0000] {processor.py:914} INFO - Processing file /home/airflow/.local/lib/python3.12/site-packages/airflow/example_dags/example_setup_teardown.py for tasks to queue
[2025-07-30T17:09:57.634+0000] {logging_mixin.py:190} INFO - [2025-07-30T17:09:57.634+0000] {dagbag.py:588} INFO - Filling up the DagBag from /home/airflow/.local/lib/python3.12/site-packages/airflow/example_dags/example_setup_teardown.py
[2025-07-30T17:09:57.643+0000] {processor.py:925} INFO - DAG(s) 'example_setup_teardown' retrieved from /home/airflow/.local/lib/python3.12/site-packages/airflow/example_dags/example_setup_teardown.py
[2025-07-30T17:09:57.664+0000] {logging_mixin.py:190} INFO - [2025-07-30T17:09:57.664+0000] {dag.py:3239} INFO - Sync 1 DAGs
[2025-07-30T17:09:57.680+0000] {logging_mixin.py:190} INFO - [2025-07-30T17:09:57.680+0000] {dag.py:4180} INFO - Setting next_dagrun for example_setup_teardown to None, run_after=None
[2025-07-30T17:09:57.703+0000] {processor.py:208} INFO - Processing /home/airflow/.local/lib/python3.12/site-packages/airflow/example_dags/example_setup_teardown.py took 0.077 seconds
[2025-07-30T17:10:28.485+0000] {processor.py:186} INFO - Started process (PID=5808) to work on /home/airflow/.local/lib/python3.12/site-packages/airflow/example_dags/example_setup_teardown.py
[2025-07-30T17:10:28.485+0000] {processor.py:914} INFO - Processing file /home/airflow/.local/lib/python3.12/site-packages/airflow/example_dags/example_setup_teardown.py for tasks to queue
[2025-07-30T17:10:28.487+0000] {logging_mixin.py:190} INFO - [2025-07-30T17:10:28.487+0000] {dagbag.py:588} INFO - Filling up the DagBag from /home/airflow/.local/lib/python3.12/site-packages/airflow/example_dags/example_setup_teardown.py
[2025-07-30T17:10:28.496+0000] {processor.py:925} INFO - DAG(s) 'example_setup_teardown' retrieved from /home/airflow/.local/lib/python3.12/site-packages/airflow/example_dags/example_setup_teardown.py
[2025-07-30T17:10:28.524+0000] {logging_mixin.py:190} INFO - [2025-07-30T17:10:28.523+0000] {dag.py:3239} INFO - Sync 1 DAGs
[2025-07-30T17:10:28.541+0000] {logging_mixin.py:190} INFO - [2025-07-30T17:10:28.541+0000] {dag.py:4180} INFO - Setting next_dagrun for example_setup_teardown to None, run_after=None
[2025-07-30T17:10:28.560+0000] {processor.py:208} INFO - Processing /home/airflow/.local/lib/python3.12/site-packages/airflow/example_dags/example_setup_teardown.py took 0.081 seconds
[2025-07-30T17:10:59.139+0000] {processor.py:186} INFO - Started process (PID=6114) to work on /home/airflow/.local/lib/python3.12/site-packages/airflow/example_dags/example_setup_teardown.py
[2025-07-30T17:10:59.140+0000] {processor.py:914} INFO - Processing file /home/airflow/.local/lib/python3.12/site-packages/airflow/example_dags/example_setup_teardown.py for tasks to queue
[2025-07-30T17:10:59.143+0000] {logging_mixin.py:190} INFO - [2025-07-30T17:10:59.142+0000] {dagbag.py:588} INFO - Filling up the DagBag from /home/airflow/.local/lib/python3.12/site-packages/airflow/example_dags/example_setup_teardown.py
[2025-07-30T17:10:59.152+0000] {processor.py:925} INFO - DAG(s) 'example_setup_teardown' retrieved from /home/airflow/.local/lib/python3.12/site-packages/airflow/example_dags/example_setup_teardown.py
[2025-07-30T17:10:59.176+0000] {logging_mixin.py:190} INFO - [2025-07-30T17:10:59.175+0000] {dag.py:3239} INFO - Sync 1 DAGs
[2025-07-30T17:10:59.199+0000] {logging_mixin.py:190} INFO - [2025-07-30T17:10:59.199+0000] {dag.py:4180} INFO - Setting next_dagrun for example_setup_teardown to None, run_after=None
[2025-07-30T17:10:59.216+0000] {processor.py:208} INFO - Processing /home/airflow/.local/lib/python3.12/site-packages/airflow/example_dags/example_setup_teardown.py took 0.083 seconds
[2025-07-30T17:11:29.807+0000] {processor.py:186} INFO - Started process (PID=6420) to work on /home/airflow/.local/lib/python3.12/site-packages/airflow/example_dags/example_setup_teardown.py
[2025-07-30T17:11:29.808+0000] {processor.py:914} INFO - Processing file /home/airflow/.local/lib/python3.12/site-packages/airflow/example_dags/example_setup_teardown.py for tasks to queue
[2025-07-30T17:11:29.810+0000] {logging_mixin.py:190} INFO - [2025-07-30T17:11:29.810+0000] {dagbag.py:588} INFO - Filling up the DagBag from /home/airflow/.local/lib/python3.12/site-packages/airflow/example_dags/example_setup_teardown.py
[2025-07-30T17:11:29.820+0000] {processor.py:925} INFO - DAG(s) 'example_setup_teardown' retrieved from /home/airflow/.local/lib/python3.12/site-packages/airflow/example_dags/example_setup_teardown.py
[2025-07-30T17:11:29.849+0000] {logging_mixin.py:190} INFO - [2025-07-30T17:11:29.849+0000] {dag.py:3239} INFO - Sync 1 DAGs
[2025-07-30T17:11:29.877+0000] {logging_mixin.py:190} INFO - [2025-07-30T17:11:29.876+0000] {dag.py:4180} INFO - Setting next_dagrun for example_setup_teardown to None, run_after=None
[2025-07-30T17:11:29.901+0000] {processor.py:208} INFO - Processing /home/airflow/.local/lib/python3.12/site-packages/airflow/example_dags/example_setup_teardown.py took 0.100 seconds
[2025-07-30T17:12:00.044+0000] {processor.py:186} INFO - Started process (PID=6726) to work on /home/airflow/.local/lib/python3.12/site-packages/airflow/example_dags/example_setup_teardown.py
[2025-07-30T17:12:00.045+0000] {processor.py:914} INFO - Processing file /home/airflow/.local/lib/python3.12/site-packages/airflow/example_dags/example_setup_teardown.py for tasks to queue
[2025-07-30T17:12:00.047+0000] {logging_mixin.py:190} INFO - [2025-07-30T17:12:00.047+0000] {dagbag.py:588} INFO - Filling up the DagBag from /home/airflow/.local/lib/python3.12/site-packages/airflow/example_dags/example_setup_teardown.py
[2025-07-30T17:12:00.057+0000] {processor.py:925} INFO - DAG(s) 'example_setup_teardown' retrieved from /home/airflow/.local/lib/python3.12/site-packages/airflow/example_dags/example_setup_teardown.py
[2025-07-30T17:12:00.081+0000] {logging_mixin.py:190} INFO - [2025-07-30T17:12:00.081+0000] {dag.py:3239} INFO - Sync 1 DAGs
[2025-07-30T17:12:00.100+0000] {logging_mixin.py:190} INFO - [2025-07-30T17:12:00.100+0000] {dag.py:4180} INFO - Setting next_dagrun for example_setup_teardown to None, run_after=None
[2025-07-30T17:12:00.118+0000] {processor.py:208} INFO - Processing /home/airflow/.local/lib/python3.12/site-packages/airflow/example_dags/example_setup_teardown.py took 0.079 seconds
[2025-07-30T17:12:30.383+0000] {processor.py:186} INFO - Started process (PID=7032) to work on /home/airflow/.local/lib/python3.12/site-packages/airflow/example_dags/example_setup_teardown.py
[2025-07-30T17:12:30.384+0000] {processor.py:914} INFO - Processing file /home/airflow/.local/lib/python3.12/site-packages/airflow/example_dags/example_setup_teardown.py for tasks to queue
[2025-07-30T17:12:30.386+0000] {logging_mixin.py:190} INFO - [2025-07-30T17:12:30.386+0000] {dagbag.py:588} INFO - Filling up the DagBag from /home/airflow/.local/lib/python3.12/site-packages/airflow/example_dags/example_setup_teardown.py
[2025-07-30T17:12:30.396+0000] {processor.py:925} INFO - DAG(s) 'example_setup_teardown' retrieved from /home/airflow/.local/lib/python3.12/site-packages/airflow/example_dags/example_setup_teardown.py
[2025-07-30T17:12:30.418+0000] {logging_mixin.py:190} INFO - [2025-07-30T17:12:30.418+0000] {dag.py:3239} INFO - Sync 1 DAGs
[2025-07-30T17:12:30.435+0000] {logging_mixin.py:190} INFO - [2025-07-30T17:12:30.435+0000] {dag.py:4180} INFO - Setting next_dagrun for example_setup_teardown to None, run_after=None
[2025-07-30T17:12:30.453+0000] {processor.py:208} INFO - Processing /home/airflow/.local/lib/python3.12/site-packages/airflow/example_dags/example_setup_teardown.py took 0.076 seconds
[2025-07-30T17:13:00.984+0000] {processor.py:186} INFO - Started process (PID=7338) to work on /home/airflow/.local/lib/python3.12/site-packages/airflow/example_dags/example_setup_teardown.py
[2025-07-30T17:13:00.985+0000] {processor.py:914} INFO - Processing file /home/airflow/.local/lib/python3.12/site-packages/airflow/example_dags/example_setup_teardown.py for tasks to queue
[2025-07-30T17:13:00.988+0000] {logging_mixin.py:190} INFO - [2025-07-30T17:13:00.987+0000] {dagbag.py:588} INFO - Filling up the DagBag from /home/airflow/.local/lib/python3.12/site-packages/airflow/example_dags/example_setup_teardown.py
[2025-07-30T17:13:00.997+0000] {processor.py:925} INFO - DAG(s) 'example_setup_teardown' retrieved from /home/airflow/.local/lib/python3.12/site-packages/airflow/example_dags/example_setup_teardown.py
[2025-07-30T17:13:01.018+0000] {logging_mixin.py:190} INFO - [2025-07-30T17:13:01.018+0000] {dag.py:3239} INFO - Sync 1 DAGs
[2025-07-30T17:13:01.035+0000] {logging_mixin.py:190} INFO - [2025-07-30T17:13:01.035+0000] {dag.py:4180} INFO - Setting next_dagrun for example_setup_teardown to None, run_after=None
[2025-07-30T17:13:01.066+0000] {processor.py:208} INFO - Processing /home/airflow/.local/lib/python3.12/site-packages/airflow/example_dags/example_setup_teardown.py took 0.088 seconds
