[2025-07-30T17:01:13.123+0000] {processor.py:186} INFO - Started process (PID=267) to work on /home/airflow/.local/lib/python3.12/site-packages/airflow/example_dags/example_external_task_marker_dag.py
[2025-07-30T17:01:13.124+0000] {processor.py:914} INFO - Processing file /home/airflow/.local/lib/python3.12/site-packages/airflow/example_dags/example_external_task_marker_dag.py for tasks to queue
[2025-07-30T17:01:13.127+0000] {logging_mixin.py:190} INFO - [2025-07-30T17:01:13.127+0000] {dagbag.py:588} INFO - Filling up the DagBag from /home/airflow/.local/lib/python3.12/site-packages/airflow/example_dags/example_external_task_marker_dag.py
[2025-07-30T17:01:13.151+0000] {processor.py:925} INFO - DAG(s) 'example_external_task_marker_child', 'example_external_task_marker_parent' retrieved from /home/airflow/.local/lib/python3.12/site-packages/airflow/example_dags/example_external_task_marker_dag.py
[2025-07-30T17:01:13.325+0000] {logging_mixin.py:190} INFO - [2025-07-30T17:01:13.324+0000] {override.py:1911} INFO - Created Permission View: can read on DAG:example_external_task_marker_child
[2025-07-30T17:01:13.344+0000] {logging_mixin.py:190} INFO - [2025-07-30T17:01:13.344+0000] {override.py:1911} INFO - Created Permission View: can delete on DAG:example_external_task_marker_child
[2025-07-30T17:01:13.358+0000] {logging_mixin.py:190} INFO - [2025-07-30T17:01:13.357+0000] {override.py:1911} INFO - Created Permission View: can edit on DAG:example_external_task_marker_child
[2025-07-30T17:01:13.368+0000] {logging_mixin.py:190} INFO - [2025-07-30T17:01:13.368+0000] {override.py:1911} INFO - Created Permission View: can read on DAG Run:example_external_task_marker_child
[2025-07-30T17:01:13.378+0000] {logging_mixin.py:190} INFO - [2025-07-30T17:01:13.377+0000] {override.py:1911} INFO - Created Permission View: menu access on DAG Run:example_external_task_marker_child
[2025-07-30T17:01:13.397+0000] {logging_mixin.py:190} INFO - [2025-07-30T17:01:13.395+0000] {override.py:1911} INFO - Created Permission View: can delete on DAG Run:example_external_task_marker_child
[2025-07-30T17:01:13.419+0000] {logging_mixin.py:190} INFO - [2025-07-30T17:01:13.418+0000] {override.py:1911} INFO - Created Permission View: can create on DAG Run:example_external_task_marker_child
[2025-07-30T17:01:13.441+0000] {logging_mixin.py:190} INFO - [2025-07-30T17:01:13.441+0000] {override.py:1911} INFO - Created Permission View: can read on DAG:example_external_task_marker_parent
[2025-07-30T17:01:13.459+0000] {logging_mixin.py:190} INFO - [2025-07-30T17:01:13.458+0000] {override.py:1911} INFO - Created Permission View: can delete on DAG:example_external_task_marker_parent
[2025-07-30T17:01:13.476+0000] {logging_mixin.py:190} INFO - [2025-07-30T17:01:13.476+0000] {override.py:1911} INFO - Created Permission View: can edit on DAG:example_external_task_marker_parent
[2025-07-30T17:01:13.508+0000] {logging_mixin.py:190} INFO - [2025-07-30T17:01:13.508+0000] {override.py:1911} INFO - Created Permission View: can read on DAG Run:example_external_task_marker_parent
[2025-07-30T17:01:13.527+0000] {logging_mixin.py:190} INFO - [2025-07-30T17:01:13.527+0000] {override.py:1911} INFO - Created Permission View: menu access on DAG Run:example_external_task_marker_parent
[2025-07-30T17:01:13.545+0000] {logging_mixin.py:190} INFO - [2025-07-30T17:01:13.544+0000] {override.py:1911} INFO - Created Permission View: can delete on DAG Run:example_external_task_marker_parent
[2025-07-30T17:01:13.568+0000] {logging_mixin.py:190} INFO - [2025-07-30T17:01:13.567+0000] {override.py:1911} INFO - Created Permission View: can create on DAG Run:example_external_task_marker_parent
[2025-07-30T17:01:13.569+0000] {logging_mixin.py:190} INFO - [2025-07-30T17:01:13.569+0000] {dag.py:3239} INFO - Sync 2 DAGs
[2025-07-30T17:01:13.604+0000] {logging_mixin.py:190} INFO - [2025-07-30T17:01:13.599+0000] {dag.py:3262} INFO - Creating ORM DAG for example_external_task_marker_child
[2025-07-30T17:01:13.604+0000] {logging_mixin.py:190} INFO - [2025-07-30T17:01:13.604+0000] {dag.py:3262} INFO - Creating ORM DAG for example_external_task_marker_parent
[2025-07-30T17:01:13.605+0000] {logging_mixin.py:190} INFO - [2025-07-30T17:01:13.605+0000] {dag.py:4180} INFO - Setting next_dagrun for example_external_task_marker_child to None, run_after=None
[2025-07-30T17:01:13.606+0000] {logging_mixin.py:190} INFO - [2025-07-30T17:01:13.605+0000] {dag.py:4180} INFO - Setting next_dagrun for example_external_task_marker_parent to None, run_after=None
[2025-07-30T17:01:13.679+0000] {processor.py:208} INFO - Processing /home/airflow/.local/lib/python3.12/site-packages/airflow/example_dags/example_external_task_marker_dag.py took 0.562 seconds
[2025-07-30T17:01:44.536+0000] {processor.py:186} INFO - Started process (PID=569) to work on /home/airflow/.local/lib/python3.12/site-packages/airflow/example_dags/example_external_task_marker_dag.py
[2025-07-30T17:01:44.537+0000] {processor.py:914} INFO - Processing file /home/airflow/.local/lib/python3.12/site-packages/airflow/example_dags/example_external_task_marker_dag.py for tasks to queue
[2025-07-30T17:01:44.539+0000] {logging_mixin.py:190} INFO - [2025-07-30T17:01:44.539+0000] {dagbag.py:588} INFO - Filling up the DagBag from /home/airflow/.local/lib/python3.12/site-packages/airflow/example_dags/example_external_task_marker_dag.py
[2025-07-30T17:01:44.548+0000] {processor.py:925} INFO - DAG(s) 'example_external_task_marker_parent', 'example_external_task_marker_child' retrieved from /home/airflow/.local/lib/python3.12/site-packages/airflow/example_dags/example_external_task_marker_dag.py
[2025-07-30T17:01:44.573+0000] {logging_mixin.py:190} INFO - [2025-07-30T17:01:44.572+0000] {dag.py:3239} INFO - Sync 2 DAGs
[2025-07-30T17:01:44.590+0000] {logging_mixin.py:190} INFO - [2025-07-30T17:01:44.590+0000] {dag.py:4180} INFO - Setting next_dagrun for example_external_task_marker_child to None, run_after=None
[2025-07-30T17:01:44.595+0000] {logging_mixin.py:190} INFO - [2025-07-30T17:01:44.594+0000] {dag.py:4180} INFO - Setting next_dagrun for example_external_task_marker_parent to None, run_after=None
[2025-07-30T17:01:44.611+0000] {processor.py:208} INFO - Processing /home/airflow/.local/lib/python3.12/site-packages/airflow/example_dags/example_external_task_marker_dag.py took 0.080 seconds
[2025-07-30T17:02:15.233+0000] {processor.py:186} INFO - Started process (PID=874) to work on /home/airflow/.local/lib/python3.12/site-packages/airflow/example_dags/example_external_task_marker_dag.py
[2025-07-30T17:02:15.234+0000] {processor.py:914} INFO - Processing file /home/airflow/.local/lib/python3.12/site-packages/airflow/example_dags/example_external_task_marker_dag.py for tasks to queue
[2025-07-30T17:02:15.237+0000] {logging_mixin.py:190} INFO - [2025-07-30T17:02:15.237+0000] {dagbag.py:588} INFO - Filling up the DagBag from /home/airflow/.local/lib/python3.12/site-packages/airflow/example_dags/example_external_task_marker_dag.py
[2025-07-30T17:02:15.246+0000] {processor.py:925} INFO - DAG(s) 'example_external_task_marker_parent', 'example_external_task_marker_child' retrieved from /home/airflow/.local/lib/python3.12/site-packages/airflow/example_dags/example_external_task_marker_dag.py
[2025-07-30T17:02:15.271+0000] {logging_mixin.py:190} INFO - [2025-07-30T17:02:15.271+0000] {dag.py:3239} INFO - Sync 2 DAGs
[2025-07-30T17:02:15.288+0000] {logging_mixin.py:190} INFO - [2025-07-30T17:02:15.288+0000] {dag.py:4180} INFO - Setting next_dagrun for example_external_task_marker_child to None, run_after=None
[2025-07-30T17:02:15.292+0000] {logging_mixin.py:190} INFO - [2025-07-30T17:02:15.292+0000] {dag.py:4180} INFO - Setting next_dagrun for example_external_task_marker_parent to None, run_after=None
[2025-07-30T17:02:15.308+0000] {processor.py:208} INFO - Processing /home/airflow/.local/lib/python3.12/site-packages/airflow/example_dags/example_external_task_marker_dag.py took 0.081 seconds
[2025-07-30T17:02:45.998+0000] {processor.py:186} INFO - Started process (PID=1180) to work on /home/airflow/.local/lib/python3.12/site-packages/airflow/example_dags/example_external_task_marker_dag.py
[2025-07-30T17:02:46.001+0000] {processor.py:914} INFO - Processing file /home/airflow/.local/lib/python3.12/site-packages/airflow/example_dags/example_external_task_marker_dag.py for tasks to queue
[2025-07-30T17:02:46.004+0000] {logging_mixin.py:190} INFO - [2025-07-30T17:02:46.003+0000] {dagbag.py:588} INFO - Filling up the DagBag from /home/airflow/.local/lib/python3.12/site-packages/airflow/example_dags/example_external_task_marker_dag.py
[2025-07-30T17:02:46.013+0000] {processor.py:925} INFO - DAG(s) 'example_external_task_marker_child', 'example_external_task_marker_parent' retrieved from /home/airflow/.local/lib/python3.12/site-packages/airflow/example_dags/example_external_task_marker_dag.py
[2025-07-30T17:02:46.037+0000] {logging_mixin.py:190} INFO - [2025-07-30T17:02:46.037+0000] {dag.py:3239} INFO - Sync 2 DAGs
[2025-07-30T17:02:46.056+0000] {logging_mixin.py:190} INFO - [2025-07-30T17:02:46.055+0000] {dag.py:4180} INFO - Setting next_dagrun for example_external_task_marker_child to None, run_after=None
[2025-07-30T17:02:46.060+0000] {logging_mixin.py:190} INFO - [2025-07-30T17:02:46.060+0000] {dag.py:4180} INFO - Setting next_dagrun for example_external_task_marker_parent to None, run_after=None
[2025-07-30T17:02:46.075+0000] {processor.py:208} INFO - Processing /home/airflow/.local/lib/python3.12/site-packages/airflow/example_dags/example_external_task_marker_dag.py took 0.083 seconds
[2025-07-30T17:03:16.503+0000] {processor.py:186} INFO - Started process (PID=1486) to work on /home/airflow/.local/lib/python3.12/site-packages/airflow/example_dags/example_external_task_marker_dag.py
[2025-07-30T17:03:16.504+0000] {processor.py:914} INFO - Processing file /home/airflow/.local/lib/python3.12/site-packages/airflow/example_dags/example_external_task_marker_dag.py for tasks to queue
[2025-07-30T17:03:16.507+0000] {logging_mixin.py:190} INFO - [2025-07-30T17:03:16.506+0000] {dagbag.py:588} INFO - Filling up the DagBag from /home/airflow/.local/lib/python3.12/site-packages/airflow/example_dags/example_external_task_marker_dag.py
[2025-07-30T17:03:16.516+0000] {processor.py:925} INFO - DAG(s) 'example_external_task_marker_parent', 'example_external_task_marker_child' retrieved from /home/airflow/.local/lib/python3.12/site-packages/airflow/example_dags/example_external_task_marker_dag.py
[2025-07-30T17:03:16.541+0000] {logging_mixin.py:190} INFO - [2025-07-30T17:03:16.541+0000] {dag.py:3239} INFO - Sync 2 DAGs
[2025-07-30T17:03:16.560+0000] {logging_mixin.py:190} INFO - [2025-07-30T17:03:16.560+0000] {dag.py:4180} INFO - Setting next_dagrun for example_external_task_marker_child to None, run_after=None
[2025-07-30T17:03:16.564+0000] {logging_mixin.py:190} INFO - [2025-07-30T17:03:16.564+0000] {dag.py:4180} INFO - Setting next_dagrun for example_external_task_marker_parent to None, run_after=None
[2025-07-30T17:03:16.579+0000] {processor.py:208} INFO - Processing /home/airflow/.local/lib/python3.12/site-packages/airflow/example_dags/example_external_task_marker_dag.py took 0.081 seconds
[2025-07-30T17:03:46.643+0000] {processor.py:186} INFO - Started process (PID=1792) to work on /home/airflow/.local/lib/python3.12/site-packages/airflow/example_dags/example_external_task_marker_dag.py
[2025-07-30T17:03:46.644+0000] {processor.py:914} INFO - Processing file /home/airflow/.local/lib/python3.12/site-packages/airflow/example_dags/example_external_task_marker_dag.py for tasks to queue
[2025-07-30T17:03:46.646+0000] {logging_mixin.py:190} INFO - [2025-07-30T17:03:46.646+0000] {dagbag.py:588} INFO - Filling up the DagBag from /home/airflow/.local/lib/python3.12/site-packages/airflow/example_dags/example_external_task_marker_dag.py
[2025-07-30T17:03:46.658+0000] {processor.py:925} INFO - DAG(s) 'example_external_task_marker_child', 'example_external_task_marker_parent' retrieved from /home/airflow/.local/lib/python3.12/site-packages/airflow/example_dags/example_external_task_marker_dag.py
[2025-07-30T17:03:46.683+0000] {logging_mixin.py:190} INFO - [2025-07-30T17:03:46.683+0000] {dag.py:3239} INFO - Sync 2 DAGs
[2025-07-30T17:03:46.700+0000] {logging_mixin.py:190} INFO - [2025-07-30T17:03:46.699+0000] {dag.py:4180} INFO - Setting next_dagrun for example_external_task_marker_child to None, run_after=None
[2025-07-30T17:03:46.703+0000] {logging_mixin.py:190} INFO - [2025-07-30T17:03:46.703+0000] {dag.py:4180} INFO - Setting next_dagrun for example_external_task_marker_parent to None, run_after=None
[2025-07-30T17:03:46.719+0000] {processor.py:208} INFO - Processing /home/airflow/.local/lib/python3.12/site-packages/airflow/example_dags/example_external_task_marker_dag.py took 0.081 seconds
[2025-07-30T17:04:16.830+0000] {processor.py:186} INFO - Started process (PID=2098) to work on /home/airflow/.local/lib/python3.12/site-packages/airflow/example_dags/example_external_task_marker_dag.py
[2025-07-30T17:04:16.831+0000] {processor.py:914} INFO - Processing file /home/airflow/.local/lib/python3.12/site-packages/airflow/example_dags/example_external_task_marker_dag.py for tasks to queue
[2025-07-30T17:04:16.833+0000] {logging_mixin.py:190} INFO - [2025-07-30T17:04:16.833+0000] {dagbag.py:588} INFO - Filling up the DagBag from /home/airflow/.local/lib/python3.12/site-packages/airflow/example_dags/example_external_task_marker_dag.py
[2025-07-30T17:04:16.842+0000] {processor.py:925} INFO - DAG(s) 'example_external_task_marker_parent', 'example_external_task_marker_child' retrieved from /home/airflow/.local/lib/python3.12/site-packages/airflow/example_dags/example_external_task_marker_dag.py
[2025-07-30T17:04:16.867+0000] {logging_mixin.py:190} INFO - [2025-07-30T17:04:16.867+0000] {dag.py:3239} INFO - Sync 2 DAGs
[2025-07-30T17:04:16.884+0000] {logging_mixin.py:190} INFO - [2025-07-30T17:04:16.884+0000] {dag.py:4180} INFO - Setting next_dagrun for example_external_task_marker_child to None, run_after=None
[2025-07-30T17:04:16.888+0000] {logging_mixin.py:190} INFO - [2025-07-30T17:04:16.888+0000] {dag.py:4180} INFO - Setting next_dagrun for example_external_task_marker_parent to None, run_after=None
[2025-07-30T17:04:16.903+0000] {processor.py:208} INFO - Processing /home/airflow/.local/lib/python3.12/site-packages/airflow/example_dags/example_external_task_marker_dag.py took 0.078 seconds
[2025-07-30T17:04:47.465+0000] {processor.py:186} INFO - Started process (PID=2404) to work on /home/airflow/.local/lib/python3.12/site-packages/airflow/example_dags/example_external_task_marker_dag.py
[2025-07-30T17:04:47.466+0000] {processor.py:914} INFO - Processing file /home/airflow/.local/lib/python3.12/site-packages/airflow/example_dags/example_external_task_marker_dag.py for tasks to queue
[2025-07-30T17:04:47.469+0000] {logging_mixin.py:190} INFO - [2025-07-30T17:04:47.469+0000] {dagbag.py:588} INFO - Filling up the DagBag from /home/airflow/.local/lib/python3.12/site-packages/airflow/example_dags/example_external_task_marker_dag.py
[2025-07-30T17:04:47.481+0000] {processor.py:925} INFO - DAG(s) 'example_external_task_marker_child', 'example_external_task_marker_parent' retrieved from /home/airflow/.local/lib/python3.12/site-packages/airflow/example_dags/example_external_task_marker_dag.py
[2025-07-30T17:04:47.522+0000] {logging_mixin.py:190} INFO - [2025-07-30T17:04:47.521+0000] {dag.py:3239} INFO - Sync 2 DAGs
[2025-07-30T17:04:47.547+0000] {logging_mixin.py:190} INFO - [2025-07-30T17:04:47.547+0000] {dag.py:4180} INFO - Setting next_dagrun for example_external_task_marker_child to None, run_after=None
[2025-07-30T17:04:47.551+0000] {logging_mixin.py:190} INFO - [2025-07-30T17:04:47.551+0000] {dag.py:4180} INFO - Setting next_dagrun for example_external_task_marker_parent to None, run_after=None
[2025-07-30T17:04:47.566+0000] {processor.py:208} INFO - Processing /home/airflow/.local/lib/python3.12/site-packages/airflow/example_dags/example_external_task_marker_dag.py took 0.107 seconds
[2025-07-30T17:05:18.378+0000] {processor.py:186} INFO - Started process (PID=2710) to work on /home/airflow/.local/lib/python3.12/site-packages/airflow/example_dags/example_external_task_marker_dag.py
[2025-07-30T17:05:18.379+0000] {processor.py:914} INFO - Processing file /home/airflow/.local/lib/python3.12/site-packages/airflow/example_dags/example_external_task_marker_dag.py for tasks to queue
[2025-07-30T17:05:18.381+0000] {logging_mixin.py:190} INFO - [2025-07-30T17:05:18.381+0000] {dagbag.py:588} INFO - Filling up the DagBag from /home/airflow/.local/lib/python3.12/site-packages/airflow/example_dags/example_external_task_marker_dag.py
[2025-07-30T17:05:18.390+0000] {processor.py:925} INFO - DAG(s) 'example_external_task_marker_child', 'example_external_task_marker_parent' retrieved from /home/airflow/.local/lib/python3.12/site-packages/airflow/example_dags/example_external_task_marker_dag.py
[2025-07-30T17:05:18.416+0000] {logging_mixin.py:190} INFO - [2025-07-30T17:05:18.416+0000] {dag.py:3239} INFO - Sync 2 DAGs
[2025-07-30T17:05:18.435+0000] {logging_mixin.py:190} INFO - [2025-07-30T17:05:18.434+0000] {dag.py:4180} INFO - Setting next_dagrun for example_external_task_marker_child to None, run_after=None
[2025-07-30T17:05:18.439+0000] {logging_mixin.py:190} INFO - [2025-07-30T17:05:18.439+0000] {dag.py:4180} INFO - Setting next_dagrun for example_external_task_marker_parent to None, run_after=None
[2025-07-30T17:05:18.455+0000] {processor.py:208} INFO - Processing /home/airflow/.local/lib/python3.12/site-packages/airflow/example_dags/example_external_task_marker_dag.py took 0.082 seconds
[2025-07-30T17:05:48.717+0000] {processor.py:186} INFO - Started process (PID=3016) to work on /home/airflow/.local/lib/python3.12/site-packages/airflow/example_dags/example_external_task_marker_dag.py
[2025-07-30T17:05:48.720+0000] {processor.py:914} INFO - Processing file /home/airflow/.local/lib/python3.12/site-packages/airflow/example_dags/example_external_task_marker_dag.py for tasks to queue
[2025-07-30T17:05:48.727+0000] {logging_mixin.py:190} INFO - [2025-07-30T17:05:48.727+0000] {dagbag.py:588} INFO - Filling up the DagBag from /home/airflow/.local/lib/python3.12/site-packages/airflow/example_dags/example_external_task_marker_dag.py
[2025-07-30T17:05:48.746+0000] {processor.py:925} INFO - DAG(s) 'example_external_task_marker_child', 'example_external_task_marker_parent' retrieved from /home/airflow/.local/lib/python3.12/site-packages/airflow/example_dags/example_external_task_marker_dag.py
[2025-07-30T17:05:48.779+0000] {logging_mixin.py:190} INFO - [2025-07-30T17:05:48.779+0000] {dag.py:3239} INFO - Sync 2 DAGs
[2025-07-30T17:05:48.808+0000] {logging_mixin.py:190} INFO - [2025-07-30T17:05:48.807+0000] {dag.py:4180} INFO - Setting next_dagrun for example_external_task_marker_child to None, run_after=None
[2025-07-30T17:05:48.823+0000] {logging_mixin.py:190} INFO - [2025-07-30T17:05:48.823+0000] {dag.py:4180} INFO - Setting next_dagrun for example_external_task_marker_parent to None, run_after=None
[2025-07-30T17:05:48.841+0000] {processor.py:208} INFO - Processing /home/airflow/.local/lib/python3.12/site-packages/airflow/example_dags/example_external_task_marker_dag.py took 0.130 seconds
[2025-07-30T17:06:19.762+0000] {processor.py:186} INFO - Started process (PID=3322) to work on /home/airflow/.local/lib/python3.12/site-packages/airflow/example_dags/example_external_task_marker_dag.py
[2025-07-30T17:06:19.763+0000] {processor.py:914} INFO - Processing file /home/airflow/.local/lib/python3.12/site-packages/airflow/example_dags/example_external_task_marker_dag.py for tasks to queue
[2025-07-30T17:06:19.766+0000] {logging_mixin.py:190} INFO - [2025-07-30T17:06:19.766+0000] {dagbag.py:588} INFO - Filling up the DagBag from /home/airflow/.local/lib/python3.12/site-packages/airflow/example_dags/example_external_task_marker_dag.py
[2025-07-30T17:06:19.775+0000] {processor.py:925} INFO - DAG(s) 'example_external_task_marker_child', 'example_external_task_marker_parent' retrieved from /home/airflow/.local/lib/python3.12/site-packages/airflow/example_dags/example_external_task_marker_dag.py
[2025-07-30T17:06:19.809+0000] {logging_mixin.py:190} INFO - [2025-07-30T17:06:19.808+0000] {dag.py:3239} INFO - Sync 2 DAGs
[2025-07-30T17:06:19.834+0000] {logging_mixin.py:190} INFO - [2025-07-30T17:06:19.834+0000] {dag.py:4180} INFO - Setting next_dagrun for example_external_task_marker_child to None, run_after=None
[2025-07-30T17:06:19.839+0000] {logging_mixin.py:190} INFO - [2025-07-30T17:06:19.839+0000] {dag.py:4180} INFO - Setting next_dagrun for example_external_task_marker_parent to None, run_after=None
[2025-07-30T17:06:19.855+0000] {processor.py:208} INFO - Processing /home/airflow/.local/lib/python3.12/site-packages/airflow/example_dags/example_external_task_marker_dag.py took 0.099 seconds
[2025-07-30T17:06:50.735+0000] {processor.py:186} INFO - Started process (PID=3628) to work on /home/airflow/.local/lib/python3.12/site-packages/airflow/example_dags/example_external_task_marker_dag.py
[2025-07-30T17:06:50.736+0000] {processor.py:914} INFO - Processing file /home/airflow/.local/lib/python3.12/site-packages/airflow/example_dags/example_external_task_marker_dag.py for tasks to queue
[2025-07-30T17:06:50.738+0000] {logging_mixin.py:190} INFO - [2025-07-30T17:06:50.738+0000] {dagbag.py:588} INFO - Filling up the DagBag from /home/airflow/.local/lib/python3.12/site-packages/airflow/example_dags/example_external_task_marker_dag.py
[2025-07-30T17:06:50.747+0000] {processor.py:925} INFO - DAG(s) 'example_external_task_marker_parent', 'example_external_task_marker_child' retrieved from /home/airflow/.local/lib/python3.12/site-packages/airflow/example_dags/example_external_task_marker_dag.py
[2025-07-30T17:06:50.773+0000] {logging_mixin.py:190} INFO - [2025-07-30T17:06:50.773+0000] {dag.py:3239} INFO - Sync 2 DAGs
[2025-07-30T17:06:50.790+0000] {logging_mixin.py:190} INFO - [2025-07-30T17:06:50.790+0000] {dag.py:4180} INFO - Setting next_dagrun for example_external_task_marker_child to None, run_after=None
[2025-07-30T17:06:50.794+0000] {logging_mixin.py:190} INFO - [2025-07-30T17:06:50.794+0000] {dag.py:4180} INFO - Setting next_dagrun for example_external_task_marker_parent to None, run_after=None
[2025-07-30T17:06:50.809+0000] {processor.py:208} INFO - Processing /home/airflow/.local/lib/python3.12/site-packages/airflow/example_dags/example_external_task_marker_dag.py took 0.086 seconds
[2025-07-30T17:07:21.025+0000] {processor.py:186} INFO - Started process (PID=3934) to work on /home/airflow/.local/lib/python3.12/site-packages/airflow/example_dags/example_external_task_marker_dag.py
[2025-07-30T17:07:21.027+0000] {processor.py:914} INFO - Processing file /home/airflow/.local/lib/python3.12/site-packages/airflow/example_dags/example_external_task_marker_dag.py for tasks to queue
[2025-07-30T17:07:21.033+0000] {logging_mixin.py:190} INFO - [2025-07-30T17:07:21.033+0000] {dagbag.py:588} INFO - Filling up the DagBag from /home/airflow/.local/lib/python3.12/site-packages/airflow/example_dags/example_external_task_marker_dag.py
[2025-07-30T17:07:21.046+0000] {processor.py:925} INFO - DAG(s) 'example_external_task_marker_parent', 'example_external_task_marker_child' retrieved from /home/airflow/.local/lib/python3.12/site-packages/airflow/example_dags/example_external_task_marker_dag.py
[2025-07-30T17:07:21.072+0000] {logging_mixin.py:190} INFO - [2025-07-30T17:07:21.071+0000] {dag.py:3239} INFO - Sync 2 DAGs
[2025-07-30T17:07:21.089+0000] {logging_mixin.py:190} INFO - [2025-07-30T17:07:21.089+0000] {dag.py:4180} INFO - Setting next_dagrun for example_external_task_marker_child to None, run_after=None
[2025-07-30T17:07:21.093+0000] {logging_mixin.py:190} INFO - [2025-07-30T17:07:21.093+0000] {dag.py:4180} INFO - Setting next_dagrun for example_external_task_marker_parent to None, run_after=None
[2025-07-30T17:07:21.112+0000] {processor.py:208} INFO - Processing /home/airflow/.local/lib/python3.12/site-packages/airflow/example_dags/example_external_task_marker_dag.py took 0.094 seconds
[2025-07-30T17:07:51.675+0000] {processor.py:186} INFO - Started process (PID=4240) to work on /home/airflow/.local/lib/python3.12/site-packages/airflow/example_dags/example_external_task_marker_dag.py
[2025-07-30T17:07:51.675+0000] {processor.py:914} INFO - Processing file /home/airflow/.local/lib/python3.12/site-packages/airflow/example_dags/example_external_task_marker_dag.py for tasks to queue
[2025-07-30T17:07:51.679+0000] {logging_mixin.py:190} INFO - [2025-07-30T17:07:51.679+0000] {dagbag.py:588} INFO - Filling up the DagBag from /home/airflow/.local/lib/python3.12/site-packages/airflow/example_dags/example_external_task_marker_dag.py
[2025-07-30T17:07:51.688+0000] {processor.py:925} INFO - DAG(s) 'example_external_task_marker_child', 'example_external_task_marker_parent' retrieved from /home/airflow/.local/lib/python3.12/site-packages/airflow/example_dags/example_external_task_marker_dag.py
[2025-07-30T17:07:51.712+0000] {logging_mixin.py:190} INFO - [2025-07-30T17:07:51.712+0000] {dag.py:3239} INFO - Sync 2 DAGs
[2025-07-30T17:07:51.730+0000] {logging_mixin.py:190} INFO - [2025-07-30T17:07:51.730+0000] {dag.py:4180} INFO - Setting next_dagrun for example_external_task_marker_child to None, run_after=None
[2025-07-30T17:07:51.734+0000] {logging_mixin.py:190} INFO - [2025-07-30T17:07:51.734+0000] {dag.py:4180} INFO - Setting next_dagrun for example_external_task_marker_parent to None, run_after=None
[2025-07-30T17:07:51.759+0000] {processor.py:208} INFO - Processing /home/airflow/.local/lib/python3.12/site-packages/airflow/example_dags/example_external_task_marker_dag.py took 0.096 seconds
[2025-07-30T17:08:21.983+0000] {processor.py:186} INFO - Started process (PID=4546) to work on /home/airflow/.local/lib/python3.12/site-packages/airflow/example_dags/example_external_task_marker_dag.py
[2025-07-30T17:08:21.983+0000] {processor.py:914} INFO - Processing file /home/airflow/.local/lib/python3.12/site-packages/airflow/example_dags/example_external_task_marker_dag.py for tasks to queue
[2025-07-30T17:08:21.986+0000] {logging_mixin.py:190} INFO - [2025-07-30T17:08:21.986+0000] {dagbag.py:588} INFO - Filling up the DagBag from /home/airflow/.local/lib/python3.12/site-packages/airflow/example_dags/example_external_task_marker_dag.py
[2025-07-30T17:08:21.997+0000] {processor.py:925} INFO - DAG(s) 'example_external_task_marker_child', 'example_external_task_marker_parent' retrieved from /home/airflow/.local/lib/python3.12/site-packages/airflow/example_dags/example_external_task_marker_dag.py
[2025-07-30T17:08:22.022+0000] {logging_mixin.py:190} INFO - [2025-07-30T17:08:22.022+0000] {dag.py:3239} INFO - Sync 2 DAGs
[2025-07-30T17:08:22.041+0000] {logging_mixin.py:190} INFO - [2025-07-30T17:08:22.041+0000] {dag.py:4180} INFO - Setting next_dagrun for example_external_task_marker_child to None, run_after=None
[2025-07-30T17:08:22.045+0000] {logging_mixin.py:190} INFO - [2025-07-30T17:08:22.045+0000] {dag.py:4180} INFO - Setting next_dagrun for example_external_task_marker_parent to None, run_after=None
[2025-07-30T17:08:22.061+0000] {processor.py:208} INFO - Processing /home/airflow/.local/lib/python3.12/site-packages/airflow/example_dags/example_external_task_marker_dag.py took 0.084 seconds
[2025-07-30T17:08:52.201+0000] {processor.py:186} INFO - Started process (PID=4852) to work on /home/airflow/.local/lib/python3.12/site-packages/airflow/example_dags/example_external_task_marker_dag.py
[2025-07-30T17:08:52.202+0000] {processor.py:914} INFO - Processing file /home/airflow/.local/lib/python3.12/site-packages/airflow/example_dags/example_external_task_marker_dag.py for tasks to queue
[2025-07-30T17:08:52.204+0000] {logging_mixin.py:190} INFO - [2025-07-30T17:08:52.204+0000] {dagbag.py:588} INFO - Filling up the DagBag from /home/airflow/.local/lib/python3.12/site-packages/airflow/example_dags/example_external_task_marker_dag.py
[2025-07-30T17:08:52.214+0000] {processor.py:925} INFO - DAG(s) 'example_external_task_marker_child', 'example_external_task_marker_parent' retrieved from /home/airflow/.local/lib/python3.12/site-packages/airflow/example_dags/example_external_task_marker_dag.py
[2025-07-30T17:08:52.239+0000] {logging_mixin.py:190} INFO - [2025-07-30T17:08:52.238+0000] {dag.py:3239} INFO - Sync 2 DAGs
[2025-07-30T17:08:52.256+0000] {logging_mixin.py:190} INFO - [2025-07-30T17:08:52.256+0000] {dag.py:4180} INFO - Setting next_dagrun for example_external_task_marker_child to None, run_after=None
[2025-07-30T17:08:52.260+0000] {logging_mixin.py:190} INFO - [2025-07-30T17:08:52.260+0000] {dag.py:4180} INFO - Setting next_dagrun for example_external_task_marker_parent to None, run_after=None
[2025-07-30T17:08:52.275+0000] {processor.py:208} INFO - Processing /home/airflow/.local/lib/python3.12/site-packages/airflow/example_dags/example_external_task_marker_dag.py took 0.079 seconds
[2025-07-30T17:09:22.950+0000] {processor.py:186} INFO - Started process (PID=5158) to work on /home/airflow/.local/lib/python3.12/site-packages/airflow/example_dags/example_external_task_marker_dag.py
[2025-07-30T17:09:22.951+0000] {processor.py:914} INFO - Processing file /home/airflow/.local/lib/python3.12/site-packages/airflow/example_dags/example_external_task_marker_dag.py for tasks to queue
[2025-07-30T17:09:22.953+0000] {logging_mixin.py:190} INFO - [2025-07-30T17:09:22.953+0000] {dagbag.py:588} INFO - Filling up the DagBag from /home/airflow/.local/lib/python3.12/site-packages/airflow/example_dags/example_external_task_marker_dag.py
[2025-07-30T17:09:22.962+0000] {processor.py:925} INFO - DAG(s) 'example_external_task_marker_parent', 'example_external_task_marker_child' retrieved from /home/airflow/.local/lib/python3.12/site-packages/airflow/example_dags/example_external_task_marker_dag.py
[2025-07-30T17:09:23.005+0000] {logging_mixin.py:190} INFO - [2025-07-30T17:09:23.005+0000] {dag.py:3239} INFO - Sync 2 DAGs
[2025-07-30T17:09:23.023+0000] {logging_mixin.py:190} INFO - [2025-07-30T17:09:23.022+0000] {dag.py:4180} INFO - Setting next_dagrun for example_external_task_marker_child to None, run_after=None
[2025-07-30T17:09:23.027+0000] {logging_mixin.py:190} INFO - [2025-07-30T17:09:23.027+0000] {dag.py:4180} INFO - Setting next_dagrun for example_external_task_marker_parent to None, run_after=None
[2025-07-30T17:09:23.043+0000] {processor.py:208} INFO - Processing /home/airflow/.local/lib/python3.12/site-packages/airflow/example_dags/example_external_task_marker_dag.py took 0.099 seconds
[2025-07-30T17:09:53.208+0000] {processor.py:186} INFO - Started process (PID=5464) to work on /home/airflow/.local/lib/python3.12/site-packages/airflow/example_dags/example_external_task_marker_dag.py
[2025-07-30T17:09:53.209+0000] {processor.py:914} INFO - Processing file /home/airflow/.local/lib/python3.12/site-packages/airflow/example_dags/example_external_task_marker_dag.py for tasks to queue
[2025-07-30T17:09:53.212+0000] {logging_mixin.py:190} INFO - [2025-07-30T17:09:53.212+0000] {dagbag.py:588} INFO - Filling up the DagBag from /home/airflow/.local/lib/python3.12/site-packages/airflow/example_dags/example_external_task_marker_dag.py
[2025-07-30T17:09:53.222+0000] {processor.py:925} INFO - DAG(s) 'example_external_task_marker_parent', 'example_external_task_marker_child' retrieved from /home/airflow/.local/lib/python3.12/site-packages/airflow/example_dags/example_external_task_marker_dag.py
[2025-07-30T17:09:53.247+0000] {logging_mixin.py:190} INFO - [2025-07-30T17:09:53.247+0000] {dag.py:3239} INFO - Sync 2 DAGs
[2025-07-30T17:09:53.265+0000] {logging_mixin.py:190} INFO - [2025-07-30T17:09:53.265+0000] {dag.py:4180} INFO - Setting next_dagrun for example_external_task_marker_child to None, run_after=None
[2025-07-30T17:09:53.269+0000] {logging_mixin.py:190} INFO - [2025-07-30T17:09:53.269+0000] {dag.py:4180} INFO - Setting next_dagrun for example_external_task_marker_parent to None, run_after=None
[2025-07-30T17:09:53.284+0000] {processor.py:208} INFO - Processing /home/airflow/.local/lib/python3.12/site-packages/airflow/example_dags/example_external_task_marker_dag.py took 0.081 seconds
[2025-07-30T17:10:24.059+0000] {processor.py:186} INFO - Started process (PID=5770) to work on /home/airflow/.local/lib/python3.12/site-packages/airflow/example_dags/example_external_task_marker_dag.py
[2025-07-30T17:10:24.060+0000] {processor.py:914} INFO - Processing file /home/airflow/.local/lib/python3.12/site-packages/airflow/example_dags/example_external_task_marker_dag.py for tasks to queue
[2025-07-30T17:10:24.063+0000] {logging_mixin.py:190} INFO - [2025-07-30T17:10:24.062+0000] {dagbag.py:588} INFO - Filling up the DagBag from /home/airflow/.local/lib/python3.12/site-packages/airflow/example_dags/example_external_task_marker_dag.py
[2025-07-30T17:10:24.073+0000] {processor.py:925} INFO - DAG(s) 'example_external_task_marker_parent', 'example_external_task_marker_child' retrieved from /home/airflow/.local/lib/python3.12/site-packages/airflow/example_dags/example_external_task_marker_dag.py
[2025-07-30T17:10:24.100+0000] {logging_mixin.py:190} INFO - [2025-07-30T17:10:24.100+0000] {dag.py:3239} INFO - Sync 2 DAGs
[2025-07-30T17:10:24.122+0000] {logging_mixin.py:190} INFO - [2025-07-30T17:10:24.121+0000] {dag.py:4180} INFO - Setting next_dagrun for example_external_task_marker_child to None, run_after=None
[2025-07-30T17:10:24.126+0000] {logging_mixin.py:190} INFO - [2025-07-30T17:10:24.126+0000] {dag.py:4180} INFO - Setting next_dagrun for example_external_task_marker_parent to None, run_after=None
[2025-07-30T17:10:24.141+0000] {processor.py:208} INFO - Processing /home/airflow/.local/lib/python3.12/site-packages/airflow/example_dags/example_external_task_marker_dag.py took 0.087 seconds
[2025-07-30T17:10:54.818+0000] {processor.py:186} INFO - Started process (PID=6076) to work on /home/airflow/.local/lib/python3.12/site-packages/airflow/example_dags/example_external_task_marker_dag.py
[2025-07-30T17:10:54.819+0000] {processor.py:914} INFO - Processing file /home/airflow/.local/lib/python3.12/site-packages/airflow/example_dags/example_external_task_marker_dag.py for tasks to queue
[2025-07-30T17:10:54.822+0000] {logging_mixin.py:190} INFO - [2025-07-30T17:10:54.822+0000] {dagbag.py:588} INFO - Filling up the DagBag from /home/airflow/.local/lib/python3.12/site-packages/airflow/example_dags/example_external_task_marker_dag.py
[2025-07-30T17:10:54.832+0000] {processor.py:925} INFO - DAG(s) 'example_external_task_marker_parent', 'example_external_task_marker_child' retrieved from /home/airflow/.local/lib/python3.12/site-packages/airflow/example_dags/example_external_task_marker_dag.py
[2025-07-30T17:10:54.858+0000] {logging_mixin.py:190} INFO - [2025-07-30T17:10:54.857+0000] {dag.py:3239} INFO - Sync 2 DAGs
[2025-07-30T17:10:54.875+0000] {logging_mixin.py:190} INFO - [2025-07-30T17:10:54.874+0000] {dag.py:4180} INFO - Setting next_dagrun for example_external_task_marker_child to None, run_after=None
[2025-07-30T17:10:54.878+0000] {logging_mixin.py:190} INFO - [2025-07-30T17:10:54.878+0000] {dag.py:4180} INFO - Setting next_dagrun for example_external_task_marker_parent to None, run_after=None
[2025-07-30T17:10:54.894+0000] {processor.py:208} INFO - Processing /home/airflow/.local/lib/python3.12/site-packages/airflow/example_dags/example_external_task_marker_dag.py took 0.081 seconds
[2025-07-30T17:11:25.499+0000] {processor.py:186} INFO - Started process (PID=6382) to work on /home/airflow/.local/lib/python3.12/site-packages/airflow/example_dags/example_external_task_marker_dag.py
[2025-07-30T17:11:25.500+0000] {processor.py:914} INFO - Processing file /home/airflow/.local/lib/python3.12/site-packages/airflow/example_dags/example_external_task_marker_dag.py for tasks to queue
[2025-07-30T17:11:25.502+0000] {logging_mixin.py:190} INFO - [2025-07-30T17:11:25.502+0000] {dagbag.py:588} INFO - Filling up the DagBag from /home/airflow/.local/lib/python3.12/site-packages/airflow/example_dags/example_external_task_marker_dag.py
[2025-07-30T17:11:25.511+0000] {processor.py:925} INFO - DAG(s) 'example_external_task_marker_parent', 'example_external_task_marker_child' retrieved from /home/airflow/.local/lib/python3.12/site-packages/airflow/example_dags/example_external_task_marker_dag.py
[2025-07-30T17:11:25.539+0000] {logging_mixin.py:190} INFO - [2025-07-30T17:11:25.539+0000] {dag.py:3239} INFO - Sync 2 DAGs
[2025-07-30T17:11:25.559+0000] {logging_mixin.py:190} INFO - [2025-07-30T17:11:25.559+0000] {dag.py:4180} INFO - Setting next_dagrun for example_external_task_marker_child to None, run_after=None
[2025-07-30T17:11:25.563+0000] {logging_mixin.py:190} INFO - [2025-07-30T17:11:25.563+0000] {dag.py:4180} INFO - Setting next_dagrun for example_external_task_marker_parent to None, run_after=None
[2025-07-30T17:11:25.581+0000] {processor.py:208} INFO - Processing /home/airflow/.local/lib/python3.12/site-packages/airflow/example_dags/example_external_task_marker_dag.py took 0.088 seconds
[2025-07-30T17:11:55.697+0000] {processor.py:186} INFO - Started process (PID=6686) to work on /home/airflow/.local/lib/python3.12/site-packages/airflow/example_dags/example_external_task_marker_dag.py
[2025-07-30T17:11:55.698+0000] {processor.py:914} INFO - Processing file /home/airflow/.local/lib/python3.12/site-packages/airflow/example_dags/example_external_task_marker_dag.py for tasks to queue
[2025-07-30T17:11:55.703+0000] {logging_mixin.py:190} INFO - [2025-07-30T17:11:55.702+0000] {dagbag.py:588} INFO - Filling up the DagBag from /home/airflow/.local/lib/python3.12/site-packages/airflow/example_dags/example_external_task_marker_dag.py
[2025-07-30T17:11:55.720+0000] {processor.py:925} INFO - DAG(s) 'example_external_task_marker_child', 'example_external_task_marker_parent' retrieved from /home/airflow/.local/lib/python3.12/site-packages/airflow/example_dags/example_external_task_marker_dag.py
[2025-07-30T17:11:55.746+0000] {logging_mixin.py:190} INFO - [2025-07-30T17:11:55.745+0000] {dag.py:3239} INFO - Sync 2 DAGs
[2025-07-30T17:11:55.777+0000] {logging_mixin.py:190} INFO - [2025-07-30T17:11:55.777+0000] {dag.py:4180} INFO - Setting next_dagrun for example_external_task_marker_child to None, run_after=None
[2025-07-30T17:11:55.781+0000] {logging_mixin.py:190} INFO - [2025-07-30T17:11:55.781+0000] {dag.py:4180} INFO - Setting next_dagrun for example_external_task_marker_parent to None, run_after=None
[2025-07-30T17:11:55.796+0000] {processor.py:208} INFO - Processing /home/airflow/.local/lib/python3.12/site-packages/airflow/example_dags/example_external_task_marker_dag.py took 0.125 seconds
[2025-07-30T17:12:26.060+0000] {processor.py:186} INFO - Started process (PID=6984) to work on /home/airflow/.local/lib/python3.12/site-packages/airflow/example_dags/example_external_task_marker_dag.py
[2025-07-30T17:12:26.060+0000] {processor.py:914} INFO - Processing file /home/airflow/.local/lib/python3.12/site-packages/airflow/example_dags/example_external_task_marker_dag.py for tasks to queue
[2025-07-30T17:12:26.063+0000] {logging_mixin.py:190} INFO - [2025-07-30T17:12:26.062+0000] {dagbag.py:588} INFO - Filling up the DagBag from /home/airflow/.local/lib/python3.12/site-packages/airflow/example_dags/example_external_task_marker_dag.py
[2025-07-30T17:12:26.073+0000] {processor.py:925} INFO - DAG(s) 'example_external_task_marker_child', 'example_external_task_marker_parent' retrieved from /home/airflow/.local/lib/python3.12/site-packages/airflow/example_dags/example_external_task_marker_dag.py
[2025-07-30T17:12:26.097+0000] {logging_mixin.py:190} INFO - [2025-07-30T17:12:26.097+0000] {dag.py:3239} INFO - Sync 2 DAGs
[2025-07-30T17:12:26.115+0000] {logging_mixin.py:190} INFO - [2025-07-30T17:12:26.115+0000] {dag.py:4180} INFO - Setting next_dagrun for example_external_task_marker_child to None, run_after=None
[2025-07-30T17:12:26.119+0000] {logging_mixin.py:190} INFO - [2025-07-30T17:12:26.119+0000] {dag.py:4180} INFO - Setting next_dagrun for example_external_task_marker_parent to None, run_after=None
[2025-07-30T17:12:26.136+0000] {processor.py:208} INFO - Processing /home/airflow/.local/lib/python3.12/site-packages/airflow/example_dags/example_external_task_marker_dag.py took 0.082 seconds
[2025-07-30T17:12:56.570+0000] {processor.py:186} INFO - Started process (PID=7290) to work on /home/airflow/.local/lib/python3.12/site-packages/airflow/example_dags/example_external_task_marker_dag.py
[2025-07-30T17:12:56.570+0000] {processor.py:914} INFO - Processing file /home/airflow/.local/lib/python3.12/site-packages/airflow/example_dags/example_external_task_marker_dag.py for tasks to queue
[2025-07-30T17:12:56.572+0000] {logging_mixin.py:190} INFO - [2025-07-30T17:12:56.572+0000] {dagbag.py:588} INFO - Filling up the DagBag from /home/airflow/.local/lib/python3.12/site-packages/airflow/example_dags/example_external_task_marker_dag.py
[2025-07-30T17:12:56.582+0000] {processor.py:925} INFO - DAG(s) 'example_external_task_marker_parent', 'example_external_task_marker_child' retrieved from /home/airflow/.local/lib/python3.12/site-packages/airflow/example_dags/example_external_task_marker_dag.py
[2025-07-30T17:12:56.607+0000] {logging_mixin.py:190} INFO - [2025-07-30T17:12:56.607+0000] {dag.py:3239} INFO - Sync 2 DAGs
[2025-07-30T17:12:56.624+0000] {logging_mixin.py:190} INFO - [2025-07-30T17:12:56.624+0000] {dag.py:4180} INFO - Setting next_dagrun for example_external_task_marker_child to None, run_after=None
[2025-07-30T17:12:56.629+0000] {logging_mixin.py:190} INFO - [2025-07-30T17:12:56.628+0000] {dag.py:4180} INFO - Setting next_dagrun for example_external_task_marker_parent to None, run_after=None
[2025-07-30T17:12:56.643+0000] {processor.py:208} INFO - Processing /home/airflow/.local/lib/python3.12/site-packages/airflow/example_dags/example_external_task_marker_dag.py took 0.079 seconds
