[2025-07-30T17:01:26.988+0000] {processor.py:186} INFO - Started process (PID=417) to work on /home/airflow/.local/lib/python3.12/site-packages/airflow/example_dags/tutorial_taskflow_templates.py
[2025-07-30T17:01:26.989+0000] {processor.py:914} INFO - Processing file /home/airflow/.local/lib/python3.12/site-packages/airflow/example_dags/tutorial_taskflow_templates.py for tasks to queue
[2025-07-30T17:01:26.991+0000] {logging_mixin.py:190} INFO - [2025-07-30T17:01:26.991+0000] {dagbag.py:588} INFO - Filling up the DagBag from /home/airflow/.local/lib/python3.12/site-packages/airflow/example_dags/tutorial_taskflow_templates.py
[2025-07-30T17:01:27.010+0000] {processor.py:925} INFO - DAG(s) 'tutorial_taskflow_templates' retrieved from /home/airflow/.local/lib/python3.12/site-packages/airflow/example_dags/tutorial_taskflow_templates.py
[2025-07-30T17:01:27.197+0000] {logging_mixin.py:190} INFO - [2025-07-30T17:01:27.197+0000] {override.py:1911} INFO - Created Permission View: can read on DAG:tutorial_taskflow_templates
[2025-07-30T17:01:27.213+0000] {logging_mixin.py:190} INFO - [2025-07-30T17:01:27.213+0000] {override.py:1911} INFO - Created Permission View: can delete on DAG:tutorial_taskflow_templates
[2025-07-30T17:01:27.231+0000] {logging_mixin.py:190} INFO - [2025-07-30T17:01:27.231+0000] {override.py:1911} INFO - Created Permission View: can edit on DAG:tutorial_taskflow_templates
[2025-07-30T17:01:27.253+0000] {logging_mixin.py:190} INFO - [2025-07-30T17:01:27.252+0000] {override.py:1911} INFO - Created Permission View: can read on DAG Run:tutorial_taskflow_templates
[2025-07-30T17:01:27.260+0000] {logging_mixin.py:190} INFO - [2025-07-30T17:01:27.260+0000] {override.py:1911} INFO - Created Permission View: menu access on DAG Run:tutorial_taskflow_templates
[2025-07-30T17:01:27.266+0000] {logging_mixin.py:190} INFO - [2025-07-30T17:01:27.265+0000] {override.py:1911} INFO - Created Permission View: can delete on DAG Run:tutorial_taskflow_templates
[2025-07-30T17:01:27.274+0000] {logging_mixin.py:190} INFO - [2025-07-30T17:01:27.274+0000] {override.py:1911} INFO - Created Permission View: can create on DAG Run:tutorial_taskflow_templates
[2025-07-30T17:01:27.275+0000] {logging_mixin.py:190} INFO - [2025-07-30T17:01:27.275+0000] {dag.py:3239} INFO - Sync 1 DAGs
[2025-07-30T17:01:27.290+0000] {logging_mixin.py:190} INFO - [2025-07-30T17:01:27.290+0000] {dag.py:3262} INFO - Creating ORM DAG for tutorial_taskflow_templates
[2025-07-30T17:01:27.302+0000] {logging_mixin.py:190} INFO - [2025-07-30T17:01:27.301+0000] {dag.py:4180} INFO - Setting next_dagrun for tutorial_taskflow_templates to 2025-07-29 00:00:00+00:00, run_after=2025-07-30 00:00:00+00:00
[2025-07-30T17:01:27.317+0000] {processor.py:208} INFO - Processing /home/airflow/.local/lib/python3.12/site-packages/airflow/example_dags/tutorial_taskflow_templates.py took 0.336 seconds
[2025-07-30T17:01:58.027+0000] {processor.py:186} INFO - Started process (PID=722) to work on /home/airflow/.local/lib/python3.12/site-packages/airflow/example_dags/tutorial_taskflow_templates.py
[2025-07-30T17:01:58.030+0000] {processor.py:914} INFO - Processing file /home/airflow/.local/lib/python3.12/site-packages/airflow/example_dags/tutorial_taskflow_templates.py for tasks to queue
[2025-07-30T17:01:58.034+0000] {logging_mixin.py:190} INFO - [2025-07-30T17:01:58.033+0000] {dagbag.py:588} INFO - Filling up the DagBag from /home/airflow/.local/lib/python3.12/site-packages/airflow/example_dags/tutorial_taskflow_templates.py
[2025-07-30T17:01:58.048+0000] {processor.py:925} INFO - DAG(s) 'tutorial_taskflow_templates' retrieved from /home/airflow/.local/lib/python3.12/site-packages/airflow/example_dags/tutorial_taskflow_templates.py
[2025-07-30T17:01:58.072+0000] {logging_mixin.py:190} INFO - [2025-07-30T17:01:58.071+0000] {dag.py:3239} INFO - Sync 1 DAGs
[2025-07-30T17:01:58.101+0000] {logging_mixin.py:190} INFO - [2025-07-30T17:01:58.100+0000] {dag.py:4180} INFO - Setting next_dagrun for tutorial_taskflow_templates to 2025-07-29 00:00:00+00:00, run_after=2025-07-30 00:00:00+00:00
[2025-07-30T17:01:58.119+0000] {processor.py:208} INFO - Processing /home/airflow/.local/lib/python3.12/site-packages/airflow/example_dags/tutorial_taskflow_templates.py took 0.103 seconds
[2025-07-30T17:02:28.187+0000] {processor.py:186} INFO - Started process (PID=1024) to work on /home/airflow/.local/lib/python3.12/site-packages/airflow/example_dags/tutorial_taskflow_templates.py
[2025-07-30T17:02:28.188+0000] {processor.py:914} INFO - Processing file /home/airflow/.local/lib/python3.12/site-packages/airflow/example_dags/tutorial_taskflow_templates.py for tasks to queue
[2025-07-30T17:02:28.189+0000] {logging_mixin.py:190} INFO - [2025-07-30T17:02:28.189+0000] {dagbag.py:588} INFO - Filling up the DagBag from /home/airflow/.local/lib/python3.12/site-packages/airflow/example_dags/tutorial_taskflow_templates.py
[2025-07-30T17:02:28.202+0000] {processor.py:925} INFO - DAG(s) 'tutorial_taskflow_templates' retrieved from /home/airflow/.local/lib/python3.12/site-packages/airflow/example_dags/tutorial_taskflow_templates.py
[2025-07-30T17:02:28.218+0000] {logging_mixin.py:190} INFO - [2025-07-30T17:02:28.218+0000] {dag.py:3239} INFO - Sync 1 DAGs
[2025-07-30T17:02:28.236+0000] {logging_mixin.py:190} INFO - [2025-07-30T17:02:28.236+0000] {dag.py:4180} INFO - Setting next_dagrun for tutorial_taskflow_templates to 2025-07-29 00:00:00+00:00, run_after=2025-07-30 00:00:00+00:00
[2025-07-30T17:02:28.249+0000] {processor.py:208} INFO - Processing /home/airflow/.local/lib/python3.12/site-packages/airflow/example_dags/tutorial_taskflow_templates.py took 0.066 seconds
[2025-07-30T17:02:58.624+0000] {processor.py:186} INFO - Started process (PID=1328) to work on /home/airflow/.local/lib/python3.12/site-packages/airflow/example_dags/tutorial_taskflow_templates.py
[2025-07-30T17:02:58.625+0000] {processor.py:914} INFO - Processing file /home/airflow/.local/lib/python3.12/site-packages/airflow/example_dags/tutorial_taskflow_templates.py for tasks to queue
[2025-07-30T17:02:58.627+0000] {logging_mixin.py:190} INFO - [2025-07-30T17:02:58.627+0000] {dagbag.py:588} INFO - Filling up the DagBag from /home/airflow/.local/lib/python3.12/site-packages/airflow/example_dags/tutorial_taskflow_templates.py
[2025-07-30T17:02:58.642+0000] {processor.py:925} INFO - DAG(s) 'tutorial_taskflow_templates' retrieved from /home/airflow/.local/lib/python3.12/site-packages/airflow/example_dags/tutorial_taskflow_templates.py
[2025-07-30T17:02:58.664+0000] {logging_mixin.py:190} INFO - [2025-07-30T17:02:58.664+0000] {dag.py:3239} INFO - Sync 1 DAGs
[2025-07-30T17:02:58.692+0000] {logging_mixin.py:190} INFO - [2025-07-30T17:02:58.692+0000] {dag.py:4180} INFO - Setting next_dagrun for tutorial_taskflow_templates to 2025-07-29 00:00:00+00:00, run_after=2025-07-30 00:00:00+00:00
[2025-07-30T17:02:58.710+0000] {processor.py:208} INFO - Processing /home/airflow/.local/lib/python3.12/site-packages/airflow/example_dags/tutorial_taskflow_templates.py took 0.093 seconds
[2025-07-30T17:03:29.778+0000] {processor.py:186} INFO - Started process (PID=1634) to work on /home/airflow/.local/lib/python3.12/site-packages/airflow/example_dags/tutorial_taskflow_templates.py
[2025-07-30T17:03:29.779+0000] {processor.py:914} INFO - Processing file /home/airflow/.local/lib/python3.12/site-packages/airflow/example_dags/tutorial_taskflow_templates.py for tasks to queue
[2025-07-30T17:03:29.782+0000] {logging_mixin.py:190} INFO - [2025-07-30T17:03:29.782+0000] {dagbag.py:588} INFO - Filling up the DagBag from /home/airflow/.local/lib/python3.12/site-packages/airflow/example_dags/tutorial_taskflow_templates.py
[2025-07-30T17:03:29.797+0000] {processor.py:925} INFO - DAG(s) 'tutorial_taskflow_templates' retrieved from /home/airflow/.local/lib/python3.12/site-packages/airflow/example_dags/tutorial_taskflow_templates.py
[2025-07-30T17:03:29.819+0000] {logging_mixin.py:190} INFO - [2025-07-30T17:03:29.819+0000] {dag.py:3239} INFO - Sync 1 DAGs
[2025-07-30T17:03:29.846+0000] {logging_mixin.py:190} INFO - [2025-07-30T17:03:29.846+0000] {dag.py:4180} INFO - Setting next_dagrun for tutorial_taskflow_templates to 2025-07-29 00:00:00+00:00, run_after=2025-07-30 00:00:00+00:00
[2025-07-30T17:03:29.864+0000] {processor.py:208} INFO - Processing /home/airflow/.local/lib/python3.12/site-packages/airflow/example_dags/tutorial_taskflow_templates.py took 0.092 seconds
[2025-07-30T17:04:00.204+0000] {processor.py:186} INFO - Started process (PID=1936) to work on /home/airflow/.local/lib/python3.12/site-packages/airflow/example_dags/tutorial_taskflow_templates.py
[2025-07-30T17:04:00.205+0000] {processor.py:914} INFO - Processing file /home/airflow/.local/lib/python3.12/site-packages/airflow/example_dags/tutorial_taskflow_templates.py for tasks to queue
[2025-07-30T17:04:00.207+0000] {logging_mixin.py:190} INFO - [2025-07-30T17:04:00.207+0000] {dagbag.py:588} INFO - Filling up the DagBag from /home/airflow/.local/lib/python3.12/site-packages/airflow/example_dags/tutorial_taskflow_templates.py
[2025-07-30T17:04:00.221+0000] {processor.py:925} INFO - DAG(s) 'tutorial_taskflow_templates' retrieved from /home/airflow/.local/lib/python3.12/site-packages/airflow/example_dags/tutorial_taskflow_templates.py
[2025-07-30T17:04:00.245+0000] {logging_mixin.py:190} INFO - [2025-07-30T17:04:00.245+0000] {dag.py:3239} INFO - Sync 1 DAGs
[2025-07-30T17:04:00.282+0000] {logging_mixin.py:190} INFO - [2025-07-30T17:04:00.282+0000] {dag.py:4180} INFO - Setting next_dagrun for tutorial_taskflow_templates to 2025-07-29 00:00:00+00:00, run_after=2025-07-30 00:00:00+00:00
[2025-07-30T17:04:00.308+0000] {processor.py:208} INFO - Processing /home/airflow/.local/lib/python3.12/site-packages/airflow/example_dags/tutorial_taskflow_templates.py took 0.113 seconds
[2025-07-30T17:04:30.711+0000] {processor.py:186} INFO - Started process (PID=2241) to work on /home/airflow/.local/lib/python3.12/site-packages/airflow/example_dags/tutorial_taskflow_templates.py
[2025-07-30T17:04:30.712+0000] {processor.py:914} INFO - Processing file /home/airflow/.local/lib/python3.12/site-packages/airflow/example_dags/tutorial_taskflow_templates.py for tasks to queue
[2025-07-30T17:04:30.714+0000] {logging_mixin.py:190} INFO - [2025-07-30T17:04:30.714+0000] {dagbag.py:588} INFO - Filling up the DagBag from /home/airflow/.local/lib/python3.12/site-packages/airflow/example_dags/tutorial_taskflow_templates.py
[2025-07-30T17:04:30.728+0000] {processor.py:925} INFO - DAG(s) 'tutorial_taskflow_templates' retrieved from /home/airflow/.local/lib/python3.12/site-packages/airflow/example_dags/tutorial_taskflow_templates.py
[2025-07-30T17:04:30.749+0000] {logging_mixin.py:190} INFO - [2025-07-30T17:04:30.749+0000] {dag.py:3239} INFO - Sync 1 DAGs
[2025-07-30T17:04:30.778+0000] {logging_mixin.py:190} INFO - [2025-07-30T17:04:30.778+0000] {dag.py:4180} INFO - Setting next_dagrun for tutorial_taskflow_templates to 2025-07-29 00:00:00+00:00, run_after=2025-07-30 00:00:00+00:00
[2025-07-30T17:04:30.795+0000] {processor.py:208} INFO - Processing /home/airflow/.local/lib/python3.12/site-packages/airflow/example_dags/tutorial_taskflow_templates.py took 0.089 seconds
[2025-07-30T17:05:01.033+0000] {processor.py:186} INFO - Started process (PID=2548) to work on /home/airflow/.local/lib/python3.12/site-packages/airflow/example_dags/tutorial_taskflow_templates.py
[2025-07-30T17:05:01.034+0000] {processor.py:914} INFO - Processing file /home/airflow/.local/lib/python3.12/site-packages/airflow/example_dags/tutorial_taskflow_templates.py for tasks to queue
[2025-07-30T17:05:01.036+0000] {logging_mixin.py:190} INFO - [2025-07-30T17:05:01.036+0000] {dagbag.py:588} INFO - Filling up the DagBag from /home/airflow/.local/lib/python3.12/site-packages/airflow/example_dags/tutorial_taskflow_templates.py
[2025-07-30T17:05:01.049+0000] {processor.py:925} INFO - DAG(s) 'tutorial_taskflow_templates' retrieved from /home/airflow/.local/lib/python3.12/site-packages/airflow/example_dags/tutorial_taskflow_templates.py
[2025-07-30T17:05:01.071+0000] {logging_mixin.py:190} INFO - [2025-07-30T17:05:01.071+0000] {dag.py:3239} INFO - Sync 1 DAGs
[2025-07-30T17:05:01.102+0000] {logging_mixin.py:190} INFO - [2025-07-30T17:05:01.102+0000] {dag.py:4180} INFO - Setting next_dagrun for tutorial_taskflow_templates to 2025-07-29 00:00:00+00:00, run_after=2025-07-30 00:00:00+00:00
[2025-07-30T17:05:01.120+0000] {processor.py:208} INFO - Processing /home/airflow/.local/lib/python3.12/site-packages/airflow/example_dags/tutorial_taskflow_templates.py took 0.095 seconds
[2025-07-30T17:05:31.344+0000] {processor.py:186} INFO - Started process (PID=2855) to work on /home/airflow/.local/lib/python3.12/site-packages/airflow/example_dags/tutorial_taskflow_templates.py
[2025-07-30T17:05:31.345+0000] {processor.py:914} INFO - Processing file /home/airflow/.local/lib/python3.12/site-packages/airflow/example_dags/tutorial_taskflow_templates.py for tasks to queue
[2025-07-30T17:05:31.347+0000] {logging_mixin.py:190} INFO - [2025-07-30T17:05:31.346+0000] {dagbag.py:588} INFO - Filling up the DagBag from /home/airflow/.local/lib/python3.12/site-packages/airflow/example_dags/tutorial_taskflow_templates.py
[2025-07-30T17:05:31.363+0000] {processor.py:925} INFO - DAG(s) 'tutorial_taskflow_templates' retrieved from /home/airflow/.local/lib/python3.12/site-packages/airflow/example_dags/tutorial_taskflow_templates.py
[2025-07-30T17:05:31.385+0000] {logging_mixin.py:190} INFO - [2025-07-30T17:05:31.385+0000] {dag.py:3239} INFO - Sync 1 DAGs
[2025-07-30T17:05:31.413+0000] {logging_mixin.py:190} INFO - [2025-07-30T17:05:31.412+0000] {dag.py:4180} INFO - Setting next_dagrun for tutorial_taskflow_templates to 2025-07-29 00:00:00+00:00, run_after=2025-07-30 00:00:00+00:00
[2025-07-30T17:05:31.430+0000] {processor.py:208} INFO - Processing /home/airflow/.local/lib/python3.12/site-packages/airflow/example_dags/tutorial_taskflow_templates.py took 0.093 seconds
[2025-07-30T17:06:01.953+0000] {processor.py:186} INFO - Started process (PID=3159) to work on /home/airflow/.local/lib/python3.12/site-packages/airflow/example_dags/tutorial_taskflow_templates.py
[2025-07-30T17:06:01.953+0000] {processor.py:914} INFO - Processing file /home/airflow/.local/lib/python3.12/site-packages/airflow/example_dags/tutorial_taskflow_templates.py for tasks to queue
[2025-07-30T17:06:01.956+0000] {logging_mixin.py:190} INFO - [2025-07-30T17:06:01.955+0000] {dagbag.py:588} INFO - Filling up the DagBag from /home/airflow/.local/lib/python3.12/site-packages/airflow/example_dags/tutorial_taskflow_templates.py
[2025-07-30T17:06:01.971+0000] {processor.py:925} INFO - DAG(s) 'tutorial_taskflow_templates' retrieved from /home/airflow/.local/lib/python3.12/site-packages/airflow/example_dags/tutorial_taskflow_templates.py
[2025-07-30T17:06:01.994+0000] {logging_mixin.py:190} INFO - [2025-07-30T17:06:01.994+0000] {dag.py:3239} INFO - Sync 1 DAGs
[2025-07-30T17:06:02.022+0000] {logging_mixin.py:190} INFO - [2025-07-30T17:06:02.022+0000] {dag.py:4180} INFO - Setting next_dagrun for tutorial_taskflow_templates to 2025-07-29 00:00:00+00:00, run_after=2025-07-30 00:00:00+00:00
[2025-07-30T17:06:02.040+0000] {processor.py:208} INFO - Processing /home/airflow/.local/lib/python3.12/site-packages/airflow/example_dags/tutorial_taskflow_templates.py took 0.094 seconds
[2025-07-30T17:06:32.355+0000] {processor.py:186} INFO - Started process (PID=3462) to work on /home/airflow/.local/lib/python3.12/site-packages/airflow/example_dags/tutorial_taskflow_templates.py
[2025-07-30T17:06:32.359+0000] {processor.py:914} INFO - Processing file /home/airflow/.local/lib/python3.12/site-packages/airflow/example_dags/tutorial_taskflow_templates.py for tasks to queue
[2025-07-30T17:06:32.365+0000] {logging_mixin.py:190} INFO - [2025-07-30T17:06:32.364+0000] {dagbag.py:588} INFO - Filling up the DagBag from /home/airflow/.local/lib/python3.12/site-packages/airflow/example_dags/tutorial_taskflow_templates.py
[2025-07-30T17:06:32.390+0000] {processor.py:925} INFO - DAG(s) 'tutorial_taskflow_templates' retrieved from /home/airflow/.local/lib/python3.12/site-packages/airflow/example_dags/tutorial_taskflow_templates.py
[2025-07-30T17:06:32.435+0000] {logging_mixin.py:190} INFO - [2025-07-30T17:06:32.434+0000] {dag.py:3239} INFO - Sync 1 DAGs
[2025-07-30T17:06:32.468+0000] {logging_mixin.py:190} INFO - [2025-07-30T17:06:32.468+0000] {dag.py:4180} INFO - Setting next_dagrun for tutorial_taskflow_templates to 2025-07-29 00:00:00+00:00, run_after=2025-07-30 00:00:00+00:00
[2025-07-30T17:06:32.485+0000] {processor.py:208} INFO - Processing /home/airflow/.local/lib/python3.12/site-packages/airflow/example_dags/tutorial_taskflow_templates.py took 0.160 seconds
[2025-07-30T17:07:02.704+0000] {processor.py:186} INFO - Started process (PID=3768) to work on /home/airflow/.local/lib/python3.12/site-packages/airflow/example_dags/tutorial_taskflow_templates.py
[2025-07-30T17:07:02.705+0000] {processor.py:914} INFO - Processing file /home/airflow/.local/lib/python3.12/site-packages/airflow/example_dags/tutorial_taskflow_templates.py for tasks to queue
[2025-07-30T17:07:02.707+0000] {logging_mixin.py:190} INFO - [2025-07-30T17:07:02.707+0000] {dagbag.py:588} INFO - Filling up the DagBag from /home/airflow/.local/lib/python3.12/site-packages/airflow/example_dags/tutorial_taskflow_templates.py
[2025-07-30T17:07:02.721+0000] {processor.py:925} INFO - DAG(s) 'tutorial_taskflow_templates' retrieved from /home/airflow/.local/lib/python3.12/site-packages/airflow/example_dags/tutorial_taskflow_templates.py
[2025-07-30T17:07:02.744+0000] {logging_mixin.py:190} INFO - [2025-07-30T17:07:02.743+0000] {dag.py:3239} INFO - Sync 1 DAGs
[2025-07-30T17:07:02.771+0000] {logging_mixin.py:190} INFO - [2025-07-30T17:07:02.770+0000] {dag.py:4180} INFO - Setting next_dagrun for tutorial_taskflow_templates to 2025-07-29 00:00:00+00:00, run_after=2025-07-30 00:00:00+00:00
[2025-07-30T17:07:02.788+0000] {processor.py:208} INFO - Processing /home/airflow/.local/lib/python3.12/site-packages/airflow/example_dags/tutorial_taskflow_templates.py took 0.091 seconds
[2025-07-30T17:07:33.204+0000] {processor.py:186} INFO - Started process (PID=4073) to work on /home/airflow/.local/lib/python3.12/site-packages/airflow/example_dags/tutorial_taskflow_templates.py
[2025-07-30T17:07:33.205+0000] {processor.py:914} INFO - Processing file /home/airflow/.local/lib/python3.12/site-packages/airflow/example_dags/tutorial_taskflow_templates.py for tasks to queue
[2025-07-30T17:07:33.209+0000] {logging_mixin.py:190} INFO - [2025-07-30T17:07:33.209+0000] {dagbag.py:588} INFO - Filling up the DagBag from /home/airflow/.local/lib/python3.12/site-packages/airflow/example_dags/tutorial_taskflow_templates.py
[2025-07-30T17:07:33.227+0000] {processor.py:925} INFO - DAG(s) 'tutorial_taskflow_templates' retrieved from /home/airflow/.local/lib/python3.12/site-packages/airflow/example_dags/tutorial_taskflow_templates.py
[2025-07-30T17:07:33.264+0000] {logging_mixin.py:190} INFO - [2025-07-30T17:07:33.264+0000] {dag.py:3239} INFO - Sync 1 DAGs
[2025-07-30T17:07:33.297+0000] {logging_mixin.py:190} INFO - [2025-07-30T17:07:33.297+0000] {dag.py:4180} INFO - Setting next_dagrun for tutorial_taskflow_templates to 2025-07-29 00:00:00+00:00, run_after=2025-07-30 00:00:00+00:00
[2025-07-30T17:07:33.315+0000] {processor.py:208} INFO - Processing /home/airflow/.local/lib/python3.12/site-packages/airflow/example_dags/tutorial_taskflow_templates.py took 0.123 seconds
[2025-07-30T17:08:03.599+0000] {processor.py:186} INFO - Started process (PID=4378) to work on /home/airflow/.local/lib/python3.12/site-packages/airflow/example_dags/tutorial_taskflow_templates.py
[2025-07-30T17:08:03.600+0000] {processor.py:914} INFO - Processing file /home/airflow/.local/lib/python3.12/site-packages/airflow/example_dags/tutorial_taskflow_templates.py for tasks to queue
[2025-07-30T17:08:03.602+0000] {logging_mixin.py:190} INFO - [2025-07-30T17:08:03.602+0000] {dagbag.py:588} INFO - Filling up the DagBag from /home/airflow/.local/lib/python3.12/site-packages/airflow/example_dags/tutorial_taskflow_templates.py
[2025-07-30T17:08:03.616+0000] {processor.py:925} INFO - DAG(s) 'tutorial_taskflow_templates' retrieved from /home/airflow/.local/lib/python3.12/site-packages/airflow/example_dags/tutorial_taskflow_templates.py
[2025-07-30T17:08:03.637+0000] {logging_mixin.py:190} INFO - [2025-07-30T17:08:03.636+0000] {dag.py:3239} INFO - Sync 1 DAGs
[2025-07-30T17:08:03.664+0000] {logging_mixin.py:190} INFO - [2025-07-30T17:08:03.663+0000] {dag.py:4180} INFO - Setting next_dagrun for tutorial_taskflow_templates to 2025-07-29 00:00:00+00:00, run_after=2025-07-30 00:00:00+00:00
[2025-07-30T17:08:03.681+0000] {processor.py:208} INFO - Processing /home/airflow/.local/lib/python3.12/site-packages/airflow/example_dags/tutorial_taskflow_templates.py took 0.087 seconds
[2025-07-30T17:08:34.302+0000] {processor.py:186} INFO - Started process (PID=4686) to work on /home/airflow/.local/lib/python3.12/site-packages/airflow/example_dags/tutorial_taskflow_templates.py
[2025-07-30T17:08:34.302+0000] {processor.py:914} INFO - Processing file /home/airflow/.local/lib/python3.12/site-packages/airflow/example_dags/tutorial_taskflow_templates.py for tasks to queue
[2025-07-30T17:08:34.305+0000] {logging_mixin.py:190} INFO - [2025-07-30T17:08:34.305+0000] {dagbag.py:588} INFO - Filling up the DagBag from /home/airflow/.local/lib/python3.12/site-packages/airflow/example_dags/tutorial_taskflow_templates.py
[2025-07-30T17:08:34.321+0000] {processor.py:925} INFO - DAG(s) 'tutorial_taskflow_templates' retrieved from /home/airflow/.local/lib/python3.12/site-packages/airflow/example_dags/tutorial_taskflow_templates.py
[2025-07-30T17:08:34.345+0000] {logging_mixin.py:190} INFO - [2025-07-30T17:08:34.344+0000] {dag.py:3239} INFO - Sync 1 DAGs
[2025-07-30T17:08:34.374+0000] {logging_mixin.py:190} INFO - [2025-07-30T17:08:34.374+0000] {dag.py:4180} INFO - Setting next_dagrun for tutorial_taskflow_templates to 2025-07-29 00:00:00+00:00, run_after=2025-07-30 00:00:00+00:00
[2025-07-30T17:08:34.393+0000] {processor.py:208} INFO - Processing /home/airflow/.local/lib/python3.12/site-packages/airflow/example_dags/tutorial_taskflow_templates.py took 0.098 seconds
[2025-07-30T17:09:04.724+0000] {processor.py:186} INFO - Started process (PID=4990) to work on /home/airflow/.local/lib/python3.12/site-packages/airflow/example_dags/tutorial_taskflow_templates.py
[2025-07-30T17:09:04.725+0000] {processor.py:914} INFO - Processing file /home/airflow/.local/lib/python3.12/site-packages/airflow/example_dags/tutorial_taskflow_templates.py for tasks to queue
[2025-07-30T17:09:04.727+0000] {logging_mixin.py:190} INFO - [2025-07-30T17:09:04.727+0000] {dagbag.py:588} INFO - Filling up the DagBag from /home/airflow/.local/lib/python3.12/site-packages/airflow/example_dags/tutorial_taskflow_templates.py
[2025-07-30T17:09:04.740+0000] {processor.py:925} INFO - DAG(s) 'tutorial_taskflow_templates' retrieved from /home/airflow/.local/lib/python3.12/site-packages/airflow/example_dags/tutorial_taskflow_templates.py
[2025-07-30T17:09:04.777+0000] {logging_mixin.py:190} INFO - [2025-07-30T17:09:04.776+0000] {dag.py:3239} INFO - Sync 1 DAGs
[2025-07-30T17:09:04.805+0000] {logging_mixin.py:190} INFO - [2025-07-30T17:09:04.804+0000] {dag.py:4180} INFO - Setting next_dagrun for tutorial_taskflow_templates to 2025-07-29 00:00:00+00:00, run_after=2025-07-30 00:00:00+00:00
[2025-07-30T17:09:04.822+0000] {processor.py:208} INFO - Processing /home/airflow/.local/lib/python3.12/site-packages/airflow/example_dags/tutorial_taskflow_templates.py took 0.104 seconds
[2025-07-30T17:09:35.176+0000] {processor.py:186} INFO - Started process (PID=5296) to work on /home/airflow/.local/lib/python3.12/site-packages/airflow/example_dags/tutorial_taskflow_templates.py
[2025-07-30T17:09:35.177+0000] {processor.py:914} INFO - Processing file /home/airflow/.local/lib/python3.12/site-packages/airflow/example_dags/tutorial_taskflow_templates.py for tasks to queue
[2025-07-30T17:09:35.179+0000] {logging_mixin.py:190} INFO - [2025-07-30T17:09:35.179+0000] {dagbag.py:588} INFO - Filling up the DagBag from /home/airflow/.local/lib/python3.12/site-packages/airflow/example_dags/tutorial_taskflow_templates.py
[2025-07-30T17:09:35.193+0000] {processor.py:925} INFO - DAG(s) 'tutorial_taskflow_templates' retrieved from /home/airflow/.local/lib/python3.12/site-packages/airflow/example_dags/tutorial_taskflow_templates.py
[2025-07-30T17:09:35.213+0000] {logging_mixin.py:190} INFO - [2025-07-30T17:09:35.212+0000] {dag.py:3239} INFO - Sync 1 DAGs
[2025-07-30T17:09:35.239+0000] {logging_mixin.py:190} INFO - [2025-07-30T17:09:35.239+0000] {dag.py:4180} INFO - Setting next_dagrun for tutorial_taskflow_templates to 2025-07-29 00:00:00+00:00, run_after=2025-07-30 00:00:00+00:00
[2025-07-30T17:09:35.257+0000] {processor.py:208} INFO - Processing /home/airflow/.local/lib/python3.12/site-packages/airflow/example_dags/tutorial_taskflow_templates.py took 0.087 seconds
[2025-07-30T17:10:05.969+0000] {processor.py:186} INFO - Started process (PID=5602) to work on /home/airflow/.local/lib/python3.12/site-packages/airflow/example_dags/tutorial_taskflow_templates.py
[2025-07-30T17:10:05.969+0000] {processor.py:914} INFO - Processing file /home/airflow/.local/lib/python3.12/site-packages/airflow/example_dags/tutorial_taskflow_templates.py for tasks to queue
[2025-07-30T17:10:05.971+0000] {logging_mixin.py:190} INFO - [2025-07-30T17:10:05.971+0000] {dagbag.py:588} INFO - Filling up the DagBag from /home/airflow/.local/lib/python3.12/site-packages/airflow/example_dags/tutorial_taskflow_templates.py
[2025-07-30T17:10:05.986+0000] {processor.py:925} INFO - DAG(s) 'tutorial_taskflow_templates' retrieved from /home/airflow/.local/lib/python3.12/site-packages/airflow/example_dags/tutorial_taskflow_templates.py
[2025-07-30T17:10:06.009+0000] {logging_mixin.py:190} INFO - [2025-07-30T17:10:06.009+0000] {dag.py:3239} INFO - Sync 1 DAGs
[2025-07-30T17:10:06.036+0000] {logging_mixin.py:190} INFO - [2025-07-30T17:10:06.036+0000] {dag.py:4180} INFO - Setting next_dagrun for tutorial_taskflow_templates to 2025-07-29 00:00:00+00:00, run_after=2025-07-30 00:00:00+00:00
[2025-07-30T17:10:06.054+0000] {processor.py:208} INFO - Processing /home/airflow/.local/lib/python3.12/site-packages/airflow/example_dags/tutorial_taskflow_templates.py took 0.091 seconds
[2025-07-30T17:10:36.716+0000] {processor.py:186} INFO - Started process (PID=5904) to work on /home/airflow/.local/lib/python3.12/site-packages/airflow/example_dags/tutorial_taskflow_templates.py
[2025-07-30T17:10:36.717+0000] {processor.py:914} INFO - Processing file /home/airflow/.local/lib/python3.12/site-packages/airflow/example_dags/tutorial_taskflow_templates.py for tasks to queue
[2025-07-30T17:10:36.720+0000] {logging_mixin.py:190} INFO - [2025-07-30T17:10:36.719+0000] {dagbag.py:588} INFO - Filling up the DagBag from /home/airflow/.local/lib/python3.12/site-packages/airflow/example_dags/tutorial_taskflow_templates.py
[2025-07-30T17:10:36.733+0000] {processor.py:925} INFO - DAG(s) 'tutorial_taskflow_templates' retrieved from /home/airflow/.local/lib/python3.12/site-packages/airflow/example_dags/tutorial_taskflow_templates.py
[2025-07-30T17:10:36.756+0000] {logging_mixin.py:190} INFO - [2025-07-30T17:10:36.755+0000] {dag.py:3239} INFO - Sync 1 DAGs
[2025-07-30T17:10:36.783+0000] {logging_mixin.py:190} INFO - [2025-07-30T17:10:36.783+0000] {dag.py:4180} INFO - Setting next_dagrun for tutorial_taskflow_templates to 2025-07-29 00:00:00+00:00, run_after=2025-07-30 00:00:00+00:00
[2025-07-30T17:10:36.800+0000] {processor.py:208} INFO - Processing /home/airflow/.local/lib/python3.12/site-packages/airflow/example_dags/tutorial_taskflow_templates.py took 0.089 seconds
[2025-07-30T17:11:07.215+0000] {processor.py:186} INFO - Started process (PID=6209) to work on /home/airflow/.local/lib/python3.12/site-packages/airflow/example_dags/tutorial_taskflow_templates.py
[2025-07-30T17:11:07.215+0000] {processor.py:914} INFO - Processing file /home/airflow/.local/lib/python3.12/site-packages/airflow/example_dags/tutorial_taskflow_templates.py for tasks to queue
[2025-07-30T17:11:07.218+0000] {logging_mixin.py:190} INFO - [2025-07-30T17:11:07.217+0000] {dagbag.py:588} INFO - Filling up the DagBag from /home/airflow/.local/lib/python3.12/site-packages/airflow/example_dags/tutorial_taskflow_templates.py
[2025-07-30T17:11:07.232+0000] {processor.py:925} INFO - DAG(s) 'tutorial_taskflow_templates' retrieved from /home/airflow/.local/lib/python3.12/site-packages/airflow/example_dags/tutorial_taskflow_templates.py
[2025-07-30T17:11:07.252+0000] {logging_mixin.py:190} INFO - [2025-07-30T17:11:07.252+0000] {dag.py:3239} INFO - Sync 1 DAGs
[2025-07-30T17:11:07.279+0000] {logging_mixin.py:190} INFO - [2025-07-30T17:11:07.279+0000] {dag.py:4180} INFO - Setting next_dagrun for tutorial_taskflow_templates to 2025-07-29 00:00:00+00:00, run_after=2025-07-30 00:00:00+00:00
[2025-07-30T17:11:07.296+0000] {processor.py:208} INFO - Processing /home/airflow/.local/lib/python3.12/site-packages/airflow/example_dags/tutorial_taskflow_templates.py took 0.088 seconds
[2025-07-30T17:11:38.142+0000] {processor.py:186} INFO - Started process (PID=6517) to work on /home/airflow/.local/lib/python3.12/site-packages/airflow/example_dags/tutorial_taskflow_templates.py
[2025-07-30T17:11:38.143+0000] {processor.py:914} INFO - Processing file /home/airflow/.local/lib/python3.12/site-packages/airflow/example_dags/tutorial_taskflow_templates.py for tasks to queue
[2025-07-30T17:11:38.148+0000] {logging_mixin.py:190} INFO - [2025-07-30T17:11:38.147+0000] {dagbag.py:588} INFO - Filling up the DagBag from /home/airflow/.local/lib/python3.12/site-packages/airflow/example_dags/tutorial_taskflow_templates.py
[2025-07-30T17:11:38.165+0000] {processor.py:925} INFO - DAG(s) 'tutorial_taskflow_templates' retrieved from /home/airflow/.local/lib/python3.12/site-packages/airflow/example_dags/tutorial_taskflow_templates.py
[2025-07-30T17:11:38.188+0000] {logging_mixin.py:190} INFO - [2025-07-30T17:11:38.188+0000] {dag.py:3239} INFO - Sync 1 DAGs
[2025-07-30T17:11:38.229+0000] {logging_mixin.py:190} INFO - [2025-07-30T17:11:38.228+0000] {dag.py:4180} INFO - Setting next_dagrun for tutorial_taskflow_templates to 2025-07-29 00:00:00+00:00, run_after=2025-07-30 00:00:00+00:00
[2025-07-30T17:11:38.275+0000] {processor.py:208} INFO - Processing /home/airflow/.local/lib/python3.12/site-packages/airflow/example_dags/tutorial_taskflow_templates.py took 0.140 seconds
[2025-07-30T17:12:09.174+0000] {processor.py:186} INFO - Started process (PID=6823) to work on /home/airflow/.local/lib/python3.12/site-packages/airflow/example_dags/tutorial_taskflow_templates.py
[2025-07-30T17:12:09.175+0000] {processor.py:914} INFO - Processing file /home/airflow/.local/lib/python3.12/site-packages/airflow/example_dags/tutorial_taskflow_templates.py for tasks to queue
[2025-07-30T17:12:09.177+0000] {logging_mixin.py:190} INFO - [2025-07-30T17:12:09.176+0000] {dagbag.py:588} INFO - Filling up the DagBag from /home/airflow/.local/lib/python3.12/site-packages/airflow/example_dags/tutorial_taskflow_templates.py
[2025-07-30T17:12:09.187+0000] {processor.py:925} INFO - DAG(s) 'tutorial_taskflow_templates' retrieved from /home/airflow/.local/lib/python3.12/site-packages/airflow/example_dags/tutorial_taskflow_templates.py
[2025-07-30T17:12:09.217+0000] {logging_mixin.py:190} INFO - [2025-07-30T17:12:09.216+0000] {dag.py:3239} INFO - Sync 1 DAGs
[2025-07-30T17:12:09.251+0000] {logging_mixin.py:190} INFO - [2025-07-30T17:12:09.250+0000] {dag.py:4180} INFO - Setting next_dagrun for tutorial_taskflow_templates to 2025-07-29 00:00:00+00:00, run_after=2025-07-30 00:00:00+00:00
[2025-07-30T17:12:09.267+0000] {processor.py:208} INFO - Processing /home/airflow/.local/lib/python3.12/site-packages/airflow/example_dags/tutorial_taskflow_templates.py took 0.097 seconds
[2025-07-30T17:12:39.432+0000] {processor.py:186} INFO - Started process (PID=7129) to work on /home/airflow/.local/lib/python3.12/site-packages/airflow/example_dags/tutorial_taskflow_templates.py
[2025-07-30T17:12:39.432+0000] {processor.py:914} INFO - Processing file /home/airflow/.local/lib/python3.12/site-packages/airflow/example_dags/tutorial_taskflow_templates.py for tasks to queue
[2025-07-30T17:12:39.434+0000] {logging_mixin.py:190} INFO - [2025-07-30T17:12:39.434+0000] {dagbag.py:588} INFO - Filling up the DagBag from /home/airflow/.local/lib/python3.12/site-packages/airflow/example_dags/tutorial_taskflow_templates.py
[2025-07-30T17:12:39.444+0000] {processor.py:925} INFO - DAG(s) 'tutorial_taskflow_templates' retrieved from /home/airflow/.local/lib/python3.12/site-packages/airflow/example_dags/tutorial_taskflow_templates.py
[2025-07-30T17:12:39.460+0000] {logging_mixin.py:190} INFO - [2025-07-30T17:12:39.460+0000] {dag.py:3239} INFO - Sync 1 DAGs
[2025-07-30T17:12:39.478+0000] {logging_mixin.py:190} INFO - [2025-07-30T17:12:39.478+0000] {dag.py:4180} INFO - Setting next_dagrun for tutorial_taskflow_templates to 2025-07-29 00:00:00+00:00, run_after=2025-07-30 00:00:00+00:00
[2025-07-30T17:12:39.492+0000] {processor.py:208} INFO - Processing /home/airflow/.local/lib/python3.12/site-packages/airflow/example_dags/tutorial_taskflow_templates.py took 0.065 seconds
[2025-07-30T17:13:10.131+0000] {processor.py:186} INFO - Started process (PID=7433) to work on /home/airflow/.local/lib/python3.12/site-packages/airflow/example_dags/tutorial_taskflow_templates.py
[2025-07-30T17:13:10.135+0000] {processor.py:914} INFO - Processing file /home/airflow/.local/lib/python3.12/site-packages/airflow/example_dags/tutorial_taskflow_templates.py for tasks to queue
[2025-07-30T17:13:10.139+0000] {logging_mixin.py:190} INFO - [2025-07-30T17:13:10.139+0000] {dagbag.py:588} INFO - Filling up the DagBag from /home/airflow/.local/lib/python3.12/site-packages/airflow/example_dags/tutorial_taskflow_templates.py
[2025-07-30T17:13:10.171+0000] {processor.py:925} INFO - DAG(s) 'tutorial_taskflow_templates' retrieved from /home/airflow/.local/lib/python3.12/site-packages/airflow/example_dags/tutorial_taskflow_templates.py
[2025-07-30T17:13:10.207+0000] {logging_mixin.py:190} INFO - [2025-07-30T17:13:10.207+0000] {dag.py:3239} INFO - Sync 1 DAGs
[2025-07-30T17:13:10.298+0000] {logging_mixin.py:190} INFO - [2025-07-30T17:13:10.298+0000] {dag.py:4180} INFO - Setting next_dagrun for tutorial_taskflow_templates to 2025-07-29 00:00:00+00:00, run_after=2025-07-30 00:00:00+00:00
[2025-07-30T17:13:10.344+0000] {processor.py:208} INFO - Processing /home/airflow/.local/lib/python3.12/site-packages/airflow/example_dags/tutorial_taskflow_templates.py took 0.223 seconds
