[2025-07-30T17:01:19.156+0000] {processor.py:186} INFO - Started process (PID=332) to work on /home/airflow/.local/lib/python3.12/site-packages/airflow/example_dags/tutorial_taskflow_api.py
[2025-07-30T17:01:19.157+0000] {processor.py:914} INFO - Processing file /home/airflow/.local/lib/python3.12/site-packages/airflow/example_dags/tutorial_taskflow_api.py for tasks to queue
[2025-07-30T17:01:19.162+0000] {logging_mixin.py:190} INFO - [2025-07-30T17:01:19.161+0000] {dagbag.py:588} INFO - Filling up the DagBag from /home/airflow/.local/lib/python3.12/site-packages/airflow/example_dags/tutorial_taskflow_api.py
[2025-07-30T17:01:19.173+0000] {processor.py:925} INFO - DAG(s) 'tutorial_taskflow_api' retrieved from /home/airflow/.local/lib/python3.12/site-packages/airflow/example_dags/tutorial_taskflow_api.py
[2025-07-30T17:01:19.390+0000] {logging_mixin.py:190} INFO - [2025-07-30T17:01:19.390+0000] {override.py:1911} INFO - Created Permission View: can read on DAG:tutorial_taskflow_api
[2025-07-30T17:01:19.410+0000] {logging_mixin.py:190} INFO - [2025-07-30T17:01:19.410+0000] {override.py:1911} INFO - Created Permission View: can delete on DAG:tutorial_taskflow_api
[2025-07-30T17:01:19.429+0000] {logging_mixin.py:190} INFO - [2025-07-30T17:01:19.428+0000] {override.py:1911} INFO - Created Permission View: can edit on DAG:tutorial_taskflow_api
[2025-07-30T17:01:19.442+0000] {logging_mixin.py:190} INFO - [2025-07-30T17:01:19.442+0000] {override.py:1911} INFO - Created Permission View: can read on DAG Run:tutorial_taskflow_api
[2025-07-30T17:01:19.450+0000] {logging_mixin.py:190} INFO - [2025-07-30T17:01:19.450+0000] {override.py:1911} INFO - Created Permission View: menu access on DAG Run:tutorial_taskflow_api
[2025-07-30T17:01:19.461+0000] {logging_mixin.py:190} INFO - [2025-07-30T17:01:19.460+0000] {override.py:1911} INFO - Created Permission View: can delete on DAG Run:tutorial_taskflow_api
[2025-07-30T17:01:19.477+0000] {logging_mixin.py:190} INFO - [2025-07-30T17:01:19.477+0000] {override.py:1911} INFO - Created Permission View: can create on DAG Run:tutorial_taskflow_api
[2025-07-30T17:01:19.479+0000] {logging_mixin.py:190} INFO - [2025-07-30T17:01:19.479+0000] {dag.py:3239} INFO - Sync 1 DAGs
[2025-07-30T17:01:19.505+0000] {logging_mixin.py:190} INFO - [2025-07-30T17:01:19.503+0000] {dag.py:3262} INFO - Creating ORM DAG for tutorial_taskflow_api
[2025-07-30T17:01:19.506+0000] {logging_mixin.py:190} INFO - [2025-07-30T17:01:19.506+0000] {dag.py:4180} INFO - Setting next_dagrun for tutorial_taskflow_api to None, run_after=None
[2025-07-30T17:01:19.540+0000] {processor.py:208} INFO - Processing /home/airflow/.local/lib/python3.12/site-packages/airflow/example_dags/tutorial_taskflow_api.py took 0.396 seconds
[2025-07-30T17:01:50.070+0000] {processor.py:186} INFO - Started process (PID=639) to work on /home/airflow/.local/lib/python3.12/site-packages/airflow/example_dags/tutorial_taskflow_api.py
[2025-07-30T17:01:50.070+0000] {processor.py:914} INFO - Processing file /home/airflow/.local/lib/python3.12/site-packages/airflow/example_dags/tutorial_taskflow_api.py for tasks to queue
[2025-07-30T17:01:50.072+0000] {logging_mixin.py:190} INFO - [2025-07-30T17:01:50.072+0000] {dagbag.py:588} INFO - Filling up the DagBag from /home/airflow/.local/lib/python3.12/site-packages/airflow/example_dags/tutorial_taskflow_api.py
[2025-07-30T17:01:50.078+0000] {processor.py:925} INFO - DAG(s) 'tutorial_taskflow_api' retrieved from /home/airflow/.local/lib/python3.12/site-packages/airflow/example_dags/tutorial_taskflow_api.py
[2025-07-30T17:01:50.093+0000] {logging_mixin.py:190} INFO - [2025-07-30T17:01:50.093+0000] {dag.py:3239} INFO - Sync 1 DAGs
[2025-07-30T17:01:50.104+0000] {logging_mixin.py:190} INFO - [2025-07-30T17:01:50.104+0000] {dag.py:4180} INFO - Setting next_dagrun for tutorial_taskflow_api to None, run_after=None
[2025-07-30T17:01:50.118+0000] {processor.py:208} INFO - Processing /home/airflow/.local/lib/python3.12/site-packages/airflow/example_dags/tutorial_taskflow_api.py took 0.053 seconds
[2025-07-30T17:02:20.391+0000] {processor.py:186} INFO - Started process (PID=942) to work on /home/airflow/.local/lib/python3.12/site-packages/airflow/example_dags/tutorial_taskflow_api.py
[2025-07-30T17:02:20.392+0000] {processor.py:914} INFO - Processing file /home/airflow/.local/lib/python3.12/site-packages/airflow/example_dags/tutorial_taskflow_api.py for tasks to queue
[2025-07-30T17:02:20.394+0000] {logging_mixin.py:190} INFO - [2025-07-30T17:02:20.394+0000] {dagbag.py:588} INFO - Filling up the DagBag from /home/airflow/.local/lib/python3.12/site-packages/airflow/example_dags/tutorial_taskflow_api.py
[2025-07-30T17:02:20.403+0000] {processor.py:925} INFO - DAG(s) 'tutorial_taskflow_api' retrieved from /home/airflow/.local/lib/python3.12/site-packages/airflow/example_dags/tutorial_taskflow_api.py
[2025-07-30T17:02:20.424+0000] {logging_mixin.py:190} INFO - [2025-07-30T17:02:20.424+0000] {dag.py:3239} INFO - Sync 1 DAGs
[2025-07-30T17:02:20.440+0000] {logging_mixin.py:190} INFO - [2025-07-30T17:02:20.440+0000] {dag.py:4180} INFO - Setting next_dagrun for tutorial_taskflow_api to None, run_after=None
[2025-07-30T17:02:20.457+0000] {processor.py:208} INFO - Processing /home/airflow/.local/lib/python3.12/site-packages/airflow/example_dags/tutorial_taskflow_api.py took 0.072 seconds
[2025-07-30T17:02:50.856+0000] {processor.py:186} INFO - Started process (PID=1248) to work on /home/airflow/.local/lib/python3.12/site-packages/airflow/example_dags/tutorial_taskflow_api.py
[2025-07-30T17:02:50.858+0000] {processor.py:914} INFO - Processing file /home/airflow/.local/lib/python3.12/site-packages/airflow/example_dags/tutorial_taskflow_api.py for tasks to queue
[2025-07-30T17:02:50.860+0000] {logging_mixin.py:190} INFO - [2025-07-30T17:02:50.860+0000] {dagbag.py:588} INFO - Filling up the DagBag from /home/airflow/.local/lib/python3.12/site-packages/airflow/example_dags/tutorial_taskflow_api.py
[2025-07-30T17:02:50.869+0000] {processor.py:925} INFO - DAG(s) 'tutorial_taskflow_api' retrieved from /home/airflow/.local/lib/python3.12/site-packages/airflow/example_dags/tutorial_taskflow_api.py
[2025-07-30T17:02:50.889+0000] {logging_mixin.py:190} INFO - [2025-07-30T17:02:50.889+0000] {dag.py:3239} INFO - Sync 1 DAGs
[2025-07-30T17:02:50.906+0000] {logging_mixin.py:190} INFO - [2025-07-30T17:02:50.905+0000] {dag.py:4180} INFO - Setting next_dagrun for tutorial_taskflow_api to None, run_after=None
[2025-07-30T17:02:50.923+0000] {processor.py:208} INFO - Processing /home/airflow/.local/lib/python3.12/site-packages/airflow/example_dags/tutorial_taskflow_api.py took 0.073 seconds
[2025-07-30T17:03:21.274+0000] {processor.py:186} INFO - Started process (PID=1549) to work on /home/airflow/.local/lib/python3.12/site-packages/airflow/example_dags/tutorial_taskflow_api.py
[2025-07-30T17:03:21.275+0000] {processor.py:914} INFO - Processing file /home/airflow/.local/lib/python3.12/site-packages/airflow/example_dags/tutorial_taskflow_api.py for tasks to queue
[2025-07-30T17:03:21.277+0000] {logging_mixin.py:190} INFO - [2025-07-30T17:03:21.277+0000] {dagbag.py:588} INFO - Filling up the DagBag from /home/airflow/.local/lib/python3.12/site-packages/airflow/example_dags/tutorial_taskflow_api.py
[2025-07-30T17:03:21.286+0000] {processor.py:925} INFO - DAG(s) 'tutorial_taskflow_api' retrieved from /home/airflow/.local/lib/python3.12/site-packages/airflow/example_dags/tutorial_taskflow_api.py
[2025-07-30T17:03:21.307+0000] {logging_mixin.py:190} INFO - [2025-07-30T17:03:21.307+0000] {dag.py:3239} INFO - Sync 1 DAGs
[2025-07-30T17:03:21.323+0000] {logging_mixin.py:190} INFO - [2025-07-30T17:03:21.323+0000] {dag.py:4180} INFO - Setting next_dagrun for tutorial_taskflow_api to None, run_after=None
[2025-07-30T17:03:21.339+0000] {processor.py:208} INFO - Processing /home/airflow/.local/lib/python3.12/site-packages/airflow/example_dags/tutorial_taskflow_api.py took 0.071 seconds
[2025-07-30T17:03:51.445+0000] {processor.py:186} INFO - Started process (PID=1855) to work on /home/airflow/.local/lib/python3.12/site-packages/airflow/example_dags/tutorial_taskflow_api.py
[2025-07-30T17:03:51.446+0000] {processor.py:914} INFO - Processing file /home/airflow/.local/lib/python3.12/site-packages/airflow/example_dags/tutorial_taskflow_api.py for tasks to queue
[2025-07-30T17:03:51.448+0000] {logging_mixin.py:190} INFO - [2025-07-30T17:03:51.448+0000] {dagbag.py:588} INFO - Filling up the DagBag from /home/airflow/.local/lib/python3.12/site-packages/airflow/example_dags/tutorial_taskflow_api.py
[2025-07-30T17:03:51.457+0000] {processor.py:925} INFO - DAG(s) 'tutorial_taskflow_api' retrieved from /home/airflow/.local/lib/python3.12/site-packages/airflow/example_dags/tutorial_taskflow_api.py
[2025-07-30T17:03:51.479+0000] {logging_mixin.py:190} INFO - [2025-07-30T17:03:51.478+0000] {dag.py:3239} INFO - Sync 1 DAGs
[2025-07-30T17:03:51.495+0000] {logging_mixin.py:190} INFO - [2025-07-30T17:03:51.495+0000] {dag.py:4180} INFO - Setting next_dagrun for tutorial_taskflow_api to None, run_after=None
[2025-07-30T17:03:51.511+0000] {processor.py:208} INFO - Processing /home/airflow/.local/lib/python3.12/site-packages/airflow/example_dags/tutorial_taskflow_api.py took 0.072 seconds
[2025-07-30T17:04:21.615+0000] {processor.py:186} INFO - Started process (PID=2161) to work on /home/airflow/.local/lib/python3.12/site-packages/airflow/example_dags/tutorial_taskflow_api.py
[2025-07-30T17:04:21.616+0000] {processor.py:914} INFO - Processing file /home/airflow/.local/lib/python3.12/site-packages/airflow/example_dags/tutorial_taskflow_api.py for tasks to queue
[2025-07-30T17:04:21.618+0000] {logging_mixin.py:190} INFO - [2025-07-30T17:04:21.618+0000] {dagbag.py:588} INFO - Filling up the DagBag from /home/airflow/.local/lib/python3.12/site-packages/airflow/example_dags/tutorial_taskflow_api.py
[2025-07-30T17:04:21.628+0000] {processor.py:925} INFO - DAG(s) 'tutorial_taskflow_api' retrieved from /home/airflow/.local/lib/python3.12/site-packages/airflow/example_dags/tutorial_taskflow_api.py
[2025-07-30T17:04:21.650+0000] {logging_mixin.py:190} INFO - [2025-07-30T17:04:21.649+0000] {dag.py:3239} INFO - Sync 1 DAGs
[2025-07-30T17:04:21.667+0000] {logging_mixin.py:190} INFO - [2025-07-30T17:04:21.667+0000] {dag.py:4180} INFO - Setting next_dagrun for tutorial_taskflow_api to None, run_after=None
[2025-07-30T17:04:21.700+0000] {processor.py:208} INFO - Processing /home/airflow/.local/lib/python3.12/site-packages/airflow/example_dags/tutorial_taskflow_api.py took 0.094 seconds
[2025-07-30T17:04:52.260+0000] {processor.py:186} INFO - Started process (PID=2467) to work on /home/airflow/.local/lib/python3.12/site-packages/airflow/example_dags/tutorial_taskflow_api.py
[2025-07-30T17:04:52.260+0000] {processor.py:914} INFO - Processing file /home/airflow/.local/lib/python3.12/site-packages/airflow/example_dags/tutorial_taskflow_api.py for tasks to queue
[2025-07-30T17:04:52.263+0000] {logging_mixin.py:190} INFO - [2025-07-30T17:04:52.262+0000] {dagbag.py:588} INFO - Filling up the DagBag from /home/airflow/.local/lib/python3.12/site-packages/airflow/example_dags/tutorial_taskflow_api.py
[2025-07-30T17:04:52.272+0000] {processor.py:925} INFO - DAG(s) 'tutorial_taskflow_api' retrieved from /home/airflow/.local/lib/python3.12/site-packages/airflow/example_dags/tutorial_taskflow_api.py
[2025-07-30T17:04:52.293+0000] {logging_mixin.py:190} INFO - [2025-07-30T17:04:52.293+0000] {dag.py:3239} INFO - Sync 1 DAGs
[2025-07-30T17:04:52.310+0000] {logging_mixin.py:190} INFO - [2025-07-30T17:04:52.310+0000] {dag.py:4180} INFO - Setting next_dagrun for tutorial_taskflow_api to None, run_after=None
[2025-07-30T17:04:52.326+0000] {processor.py:208} INFO - Processing /home/airflow/.local/lib/python3.12/site-packages/airflow/example_dags/tutorial_taskflow_api.py took 0.073 seconds
[2025-07-30T17:05:23.130+0000] {processor.py:186} INFO - Started process (PID=2773) to work on /home/airflow/.local/lib/python3.12/site-packages/airflow/example_dags/tutorial_taskflow_api.py
[2025-07-30T17:05:23.131+0000] {processor.py:914} INFO - Processing file /home/airflow/.local/lib/python3.12/site-packages/airflow/example_dags/tutorial_taskflow_api.py for tasks to queue
[2025-07-30T17:05:23.133+0000] {logging_mixin.py:190} INFO - [2025-07-30T17:05:23.133+0000] {dagbag.py:588} INFO - Filling up the DagBag from /home/airflow/.local/lib/python3.12/site-packages/airflow/example_dags/tutorial_taskflow_api.py
[2025-07-30T17:05:23.142+0000] {processor.py:925} INFO - DAG(s) 'tutorial_taskflow_api' retrieved from /home/airflow/.local/lib/python3.12/site-packages/airflow/example_dags/tutorial_taskflow_api.py
[2025-07-30T17:05:23.165+0000] {logging_mixin.py:190} INFO - [2025-07-30T17:05:23.165+0000] {dag.py:3239} INFO - Sync 1 DAGs
[2025-07-30T17:05:23.181+0000] {logging_mixin.py:190} INFO - [2025-07-30T17:05:23.180+0000] {dag.py:4180} INFO - Setting next_dagrun for tutorial_taskflow_api to None, run_after=None
[2025-07-30T17:05:23.196+0000] {processor.py:208} INFO - Processing /home/airflow/.local/lib/python3.12/site-packages/airflow/example_dags/tutorial_taskflow_api.py took 0.073 seconds
[2025-07-30T17:05:53.492+0000] {processor.py:186} INFO - Started process (PID=3079) to work on /home/airflow/.local/lib/python3.12/site-packages/airflow/example_dags/tutorial_taskflow_api.py
[2025-07-30T17:05:53.493+0000] {processor.py:914} INFO - Processing file /home/airflow/.local/lib/python3.12/site-packages/airflow/example_dags/tutorial_taskflow_api.py for tasks to queue
[2025-07-30T17:05:53.495+0000] {logging_mixin.py:190} INFO - [2025-07-30T17:05:53.495+0000] {dagbag.py:588} INFO - Filling up the DagBag from /home/airflow/.local/lib/python3.12/site-packages/airflow/example_dags/tutorial_taskflow_api.py
[2025-07-30T17:05:53.506+0000] {processor.py:925} INFO - DAG(s) 'tutorial_taskflow_api' retrieved from /home/airflow/.local/lib/python3.12/site-packages/airflow/example_dags/tutorial_taskflow_api.py
[2025-07-30T17:05:53.527+0000] {logging_mixin.py:190} INFO - [2025-07-30T17:05:53.527+0000] {dag.py:3239} INFO - Sync 1 DAGs
[2025-07-30T17:05:53.544+0000] {logging_mixin.py:190} INFO - [2025-07-30T17:05:53.543+0000] {dag.py:4180} INFO - Setting next_dagrun for tutorial_taskflow_api to None, run_after=None
[2025-07-30T17:05:53.561+0000] {processor.py:208} INFO - Processing /home/airflow/.local/lib/python3.12/site-packages/airflow/example_dags/tutorial_taskflow_api.py took 0.078 seconds
[2025-07-30T17:06:24.479+0000] {processor.py:186} INFO - Started process (PID=3387) to work on /home/airflow/.local/lib/python3.12/site-packages/airflow/example_dags/tutorial_taskflow_api.py
[2025-07-30T17:06:24.480+0000] {processor.py:914} INFO - Processing file /home/airflow/.local/lib/python3.12/site-packages/airflow/example_dags/tutorial_taskflow_api.py for tasks to queue
[2025-07-30T17:06:24.481+0000] {logging_mixin.py:190} INFO - [2025-07-30T17:06:24.481+0000] {dagbag.py:588} INFO - Filling up the DagBag from /home/airflow/.local/lib/python3.12/site-packages/airflow/example_dags/tutorial_taskflow_api.py
[2025-07-30T17:06:24.488+0000] {processor.py:925} INFO - DAG(s) 'tutorial_taskflow_api' retrieved from /home/airflow/.local/lib/python3.12/site-packages/airflow/example_dags/tutorial_taskflow_api.py
[2025-07-30T17:06:24.502+0000] {logging_mixin.py:190} INFO - [2025-07-30T17:06:24.502+0000] {dag.py:3239} INFO - Sync 1 DAGs
[2025-07-30T17:06:24.513+0000] {logging_mixin.py:190} INFO - [2025-07-30T17:06:24.513+0000] {dag.py:4180} INFO - Setting next_dagrun for tutorial_taskflow_api to None, run_after=None
[2025-07-30T17:06:24.526+0000] {processor.py:208} INFO - Processing /home/airflow/.local/lib/python3.12/site-packages/airflow/example_dags/tutorial_taskflow_api.py took 0.052 seconds
[2025-07-30T17:06:55.400+0000] {processor.py:186} INFO - Started process (PID=3693) to work on /home/airflow/.local/lib/python3.12/site-packages/airflow/example_dags/tutorial_taskflow_api.py
[2025-07-30T17:06:55.401+0000] {processor.py:914} INFO - Processing file /home/airflow/.local/lib/python3.12/site-packages/airflow/example_dags/tutorial_taskflow_api.py for tasks to queue
[2025-07-30T17:06:55.403+0000] {logging_mixin.py:190} INFO - [2025-07-30T17:06:55.403+0000] {dagbag.py:588} INFO - Filling up the DagBag from /home/airflow/.local/lib/python3.12/site-packages/airflow/example_dags/tutorial_taskflow_api.py
[2025-07-30T17:06:55.411+0000] {processor.py:925} INFO - DAG(s) 'tutorial_taskflow_api' retrieved from /home/airflow/.local/lib/python3.12/site-packages/airflow/example_dags/tutorial_taskflow_api.py
[2025-07-30T17:06:55.427+0000] {logging_mixin.py:190} INFO - [2025-07-30T17:06:55.427+0000] {dag.py:3239} INFO - Sync 1 DAGs
[2025-07-30T17:06:55.438+0000] {logging_mixin.py:190} INFO - [2025-07-30T17:06:55.437+0000] {dag.py:4180} INFO - Setting next_dagrun for tutorial_taskflow_api to None, run_after=None
[2025-07-30T17:06:55.451+0000] {processor.py:208} INFO - Processing /home/airflow/.local/lib/python3.12/site-packages/airflow/example_dags/tutorial_taskflow_api.py took 0.057 seconds
[2025-07-30T17:07:25.722+0000] {processor.py:186} INFO - Started process (PID=3999) to work on /home/airflow/.local/lib/python3.12/site-packages/airflow/example_dags/tutorial_taskflow_api.py
[2025-07-30T17:07:25.723+0000] {processor.py:914} INFO - Processing file /home/airflow/.local/lib/python3.12/site-packages/airflow/example_dags/tutorial_taskflow_api.py for tasks to queue
[2025-07-30T17:07:25.724+0000] {logging_mixin.py:190} INFO - [2025-07-30T17:07:25.724+0000] {dagbag.py:588} INFO - Filling up the DagBag from /home/airflow/.local/lib/python3.12/site-packages/airflow/example_dags/tutorial_taskflow_api.py
[2025-07-30T17:07:25.731+0000] {processor.py:925} INFO - DAG(s) 'tutorial_taskflow_api' retrieved from /home/airflow/.local/lib/python3.12/site-packages/airflow/example_dags/tutorial_taskflow_api.py
[2025-07-30T17:07:25.746+0000] {logging_mixin.py:190} INFO - [2025-07-30T17:07:25.746+0000] {dag.py:3239} INFO - Sync 1 DAGs
[2025-07-30T17:07:25.757+0000] {logging_mixin.py:190} INFO - [2025-07-30T17:07:25.757+0000] {dag.py:4180} INFO - Setting next_dagrun for tutorial_taskflow_api to None, run_after=None
[2025-07-30T17:07:25.772+0000] {processor.py:208} INFO - Processing /home/airflow/.local/lib/python3.12/site-packages/airflow/example_dags/tutorial_taskflow_api.py took 0.054 seconds
[2025-07-30T17:07:56.340+0000] {processor.py:186} INFO - Started process (PID=4303) to work on /home/airflow/.local/lib/python3.12/site-packages/airflow/example_dags/tutorial_taskflow_api.py
[2025-07-30T17:07:56.341+0000] {processor.py:914} INFO - Processing file /home/airflow/.local/lib/python3.12/site-packages/airflow/example_dags/tutorial_taskflow_api.py for tasks to queue
[2025-07-30T17:07:56.343+0000] {logging_mixin.py:190} INFO - [2025-07-30T17:07:56.343+0000] {dagbag.py:588} INFO - Filling up the DagBag from /home/airflow/.local/lib/python3.12/site-packages/airflow/example_dags/tutorial_taskflow_api.py
[2025-07-30T17:07:56.352+0000] {processor.py:925} INFO - DAG(s) 'tutorial_taskflow_api' retrieved from /home/airflow/.local/lib/python3.12/site-packages/airflow/example_dags/tutorial_taskflow_api.py
[2025-07-30T17:07:56.373+0000] {logging_mixin.py:190} INFO - [2025-07-30T17:07:56.373+0000] {dag.py:3239} INFO - Sync 1 DAGs
[2025-07-30T17:07:56.390+0000] {logging_mixin.py:190} INFO - [2025-07-30T17:07:56.389+0000] {dag.py:4180} INFO - Setting next_dagrun for tutorial_taskflow_api to None, run_after=None
[2025-07-30T17:07:56.407+0000] {processor.py:208} INFO - Processing /home/airflow/.local/lib/python3.12/site-packages/airflow/example_dags/tutorial_taskflow_api.py took 0.073 seconds
[2025-07-30T17:08:26.721+0000] {processor.py:186} INFO - Started process (PID=4609) to work on /home/airflow/.local/lib/python3.12/site-packages/airflow/example_dags/tutorial_taskflow_api.py
[2025-07-30T17:08:26.722+0000] {processor.py:914} INFO - Processing file /home/airflow/.local/lib/python3.12/site-packages/airflow/example_dags/tutorial_taskflow_api.py for tasks to queue
[2025-07-30T17:08:26.725+0000] {logging_mixin.py:190} INFO - [2025-07-30T17:08:26.725+0000] {dagbag.py:588} INFO - Filling up the DagBag from /home/airflow/.local/lib/python3.12/site-packages/airflow/example_dags/tutorial_taskflow_api.py
[2025-07-30T17:08:26.734+0000] {processor.py:925} INFO - DAG(s) 'tutorial_taskflow_api' retrieved from /home/airflow/.local/lib/python3.12/site-packages/airflow/example_dags/tutorial_taskflow_api.py
[2025-07-30T17:08:26.755+0000] {logging_mixin.py:190} INFO - [2025-07-30T17:08:26.755+0000] {dag.py:3239} INFO - Sync 1 DAGs
[2025-07-30T17:08:26.772+0000] {logging_mixin.py:190} INFO - [2025-07-30T17:08:26.771+0000] {dag.py:4180} INFO - Setting next_dagrun for tutorial_taskflow_api to None, run_after=None
[2025-07-30T17:08:26.787+0000] {processor.py:208} INFO - Processing /home/airflow/.local/lib/python3.12/site-packages/airflow/example_dags/tutorial_taskflow_api.py took 0.072 seconds
[2025-07-30T17:08:56.897+0000] {processor.py:186} INFO - Started process (PID=4915) to work on /home/airflow/.local/lib/python3.12/site-packages/airflow/example_dags/tutorial_taskflow_api.py
[2025-07-30T17:08:56.898+0000] {processor.py:914} INFO - Processing file /home/airflow/.local/lib/python3.12/site-packages/airflow/example_dags/tutorial_taskflow_api.py for tasks to queue
[2025-07-30T17:08:56.900+0000] {logging_mixin.py:190} INFO - [2025-07-30T17:08:56.900+0000] {dagbag.py:588} INFO - Filling up the DagBag from /home/airflow/.local/lib/python3.12/site-packages/airflow/example_dags/tutorial_taskflow_api.py
[2025-07-30T17:08:56.910+0000] {processor.py:925} INFO - DAG(s) 'tutorial_taskflow_api' retrieved from /home/airflow/.local/lib/python3.12/site-packages/airflow/example_dags/tutorial_taskflow_api.py
[2025-07-30T17:08:56.930+0000] {logging_mixin.py:190} INFO - [2025-07-30T17:08:56.930+0000] {dag.py:3239} INFO - Sync 1 DAGs
[2025-07-30T17:08:56.947+0000] {logging_mixin.py:190} INFO - [2025-07-30T17:08:56.947+0000] {dag.py:4180} INFO - Setting next_dagrun for tutorial_taskflow_api to None, run_after=None
[2025-07-30T17:08:56.964+0000] {processor.py:208} INFO - Processing /home/airflow/.local/lib/python3.12/site-packages/airflow/example_dags/tutorial_taskflow_api.py took 0.073 seconds
[2025-07-30T17:09:27.802+0000] {processor.py:186} INFO - Started process (PID=5221) to work on /home/airflow/.local/lib/python3.12/site-packages/airflow/example_dags/tutorial_taskflow_api.py
[2025-07-30T17:09:27.802+0000] {processor.py:914} INFO - Processing file /home/airflow/.local/lib/python3.12/site-packages/airflow/example_dags/tutorial_taskflow_api.py for tasks to queue
[2025-07-30T17:09:27.805+0000] {logging_mixin.py:190} INFO - [2025-07-30T17:09:27.804+0000] {dagbag.py:588} INFO - Filling up the DagBag from /home/airflow/.local/lib/python3.12/site-packages/airflow/example_dags/tutorial_taskflow_api.py
[2025-07-30T17:09:27.814+0000] {processor.py:925} INFO - DAG(s) 'tutorial_taskflow_api' retrieved from /home/airflow/.local/lib/python3.12/site-packages/airflow/example_dags/tutorial_taskflow_api.py
[2025-07-30T17:09:27.833+0000] {logging_mixin.py:190} INFO - [2025-07-30T17:09:27.833+0000] {dag.py:3239} INFO - Sync 1 DAGs
[2025-07-30T17:09:27.849+0000] {logging_mixin.py:190} INFO - [2025-07-30T17:09:27.849+0000] {dag.py:4180} INFO - Setting next_dagrun for tutorial_taskflow_api to None, run_after=None
[2025-07-30T17:09:27.867+0000] {processor.py:208} INFO - Processing /home/airflow/.local/lib/python3.12/site-packages/airflow/example_dags/tutorial_taskflow_api.py took 0.072 seconds
[2025-07-30T17:09:58.021+0000] {processor.py:186} INFO - Started process (PID=5529) to work on /home/airflow/.local/lib/python3.12/site-packages/airflow/example_dags/tutorial_taskflow_api.py
[2025-07-30T17:09:58.023+0000] {processor.py:914} INFO - Processing file /home/airflow/.local/lib/python3.12/site-packages/airflow/example_dags/tutorial_taskflow_api.py for tasks to queue
[2025-07-30T17:09:58.025+0000] {logging_mixin.py:190} INFO - [2025-07-30T17:09:58.024+0000] {dagbag.py:588} INFO - Filling up the DagBag from /home/airflow/.local/lib/python3.12/site-packages/airflow/example_dags/tutorial_taskflow_api.py
[2025-07-30T17:09:58.034+0000] {processor.py:925} INFO - DAG(s) 'tutorial_taskflow_api' retrieved from /home/airflow/.local/lib/python3.12/site-packages/airflow/example_dags/tutorial_taskflow_api.py
[2025-07-30T17:09:58.055+0000] {logging_mixin.py:190} INFO - [2025-07-30T17:09:58.054+0000] {dag.py:3239} INFO - Sync 1 DAGs
[2025-07-30T17:09:58.072+0000] {logging_mixin.py:190} INFO - [2025-07-30T17:09:58.071+0000] {dag.py:4180} INFO - Setting next_dagrun for tutorial_taskflow_api to None, run_after=None
[2025-07-30T17:09:58.089+0000] {processor.py:208} INFO - Processing /home/airflow/.local/lib/python3.12/site-packages/airflow/example_dags/tutorial_taskflow_api.py took 0.073 seconds
[2025-07-30T17:10:28.928+0000] {processor.py:186} INFO - Started process (PID=5835) to work on /home/airflow/.local/lib/python3.12/site-packages/airflow/example_dags/tutorial_taskflow_api.py
[2025-07-30T17:10:28.929+0000] {processor.py:914} INFO - Processing file /home/airflow/.local/lib/python3.12/site-packages/airflow/example_dags/tutorial_taskflow_api.py for tasks to queue
[2025-07-30T17:10:28.931+0000] {logging_mixin.py:190} INFO - [2025-07-30T17:10:28.931+0000] {dagbag.py:588} INFO - Filling up the DagBag from /home/airflow/.local/lib/python3.12/site-packages/airflow/example_dags/tutorial_taskflow_api.py
[2025-07-30T17:10:28.939+0000] {processor.py:925} INFO - DAG(s) 'tutorial_taskflow_api' retrieved from /home/airflow/.local/lib/python3.12/site-packages/airflow/example_dags/tutorial_taskflow_api.py
[2025-07-30T17:10:28.961+0000] {logging_mixin.py:190} INFO - [2025-07-30T17:10:28.960+0000] {dag.py:3239} INFO - Sync 1 DAGs
[2025-07-30T17:10:28.978+0000] {logging_mixin.py:190} INFO - [2025-07-30T17:10:28.977+0000] {dag.py:4180} INFO - Setting next_dagrun for tutorial_taskflow_api to None, run_after=None
[2025-07-30T17:10:28.995+0000] {processor.py:208} INFO - Processing /home/airflow/.local/lib/python3.12/site-packages/airflow/example_dags/tutorial_taskflow_api.py took 0.076 seconds
[2025-07-30T17:10:59.460+0000] {processor.py:186} INFO - Started process (PID=6139) to work on /home/airflow/.local/lib/python3.12/site-packages/airflow/example_dags/tutorial_taskflow_api.py
[2025-07-30T17:10:59.461+0000] {processor.py:914} INFO - Processing file /home/airflow/.local/lib/python3.12/site-packages/airflow/example_dags/tutorial_taskflow_api.py for tasks to queue
[2025-07-30T17:10:59.463+0000] {logging_mixin.py:190} INFO - [2025-07-30T17:10:59.463+0000] {dagbag.py:588} INFO - Filling up the DagBag from /home/airflow/.local/lib/python3.12/site-packages/airflow/example_dags/tutorial_taskflow_api.py
[2025-07-30T17:10:59.472+0000] {processor.py:925} INFO - DAG(s) 'tutorial_taskflow_api' retrieved from /home/airflow/.local/lib/python3.12/site-packages/airflow/example_dags/tutorial_taskflow_api.py
[2025-07-30T17:10:59.493+0000] {logging_mixin.py:190} INFO - [2025-07-30T17:10:59.493+0000] {dag.py:3239} INFO - Sync 1 DAGs
[2025-07-30T17:10:59.510+0000] {logging_mixin.py:190} INFO - [2025-07-30T17:10:59.509+0000] {dag.py:4180} INFO - Setting next_dagrun for tutorial_taskflow_api to None, run_after=None
[2025-07-30T17:10:59.526+0000] {processor.py:208} INFO - Processing /home/airflow/.local/lib/python3.12/site-packages/airflow/example_dags/tutorial_taskflow_api.py took 0.071 seconds
[2025-07-30T17:11:30.293+0000] {processor.py:186} INFO - Started process (PID=6447) to work on /home/airflow/.local/lib/python3.12/site-packages/airflow/example_dags/tutorial_taskflow_api.py
[2025-07-30T17:11:30.293+0000] {processor.py:914} INFO - Processing file /home/airflow/.local/lib/python3.12/site-packages/airflow/example_dags/tutorial_taskflow_api.py for tasks to queue
[2025-07-30T17:11:30.296+0000] {logging_mixin.py:190} INFO - [2025-07-30T17:11:30.296+0000] {dagbag.py:588} INFO - Filling up the DagBag from /home/airflow/.local/lib/python3.12/site-packages/airflow/example_dags/tutorial_taskflow_api.py
[2025-07-30T17:11:30.305+0000] {processor.py:925} INFO - DAG(s) 'tutorial_taskflow_api' retrieved from /home/airflow/.local/lib/python3.12/site-packages/airflow/example_dags/tutorial_taskflow_api.py
[2025-07-30T17:11:30.327+0000] {logging_mixin.py:190} INFO - [2025-07-30T17:11:30.326+0000] {dag.py:3239} INFO - Sync 1 DAGs
[2025-07-30T17:11:30.343+0000] {logging_mixin.py:190} INFO - [2025-07-30T17:11:30.343+0000] {dag.py:4180} INFO - Setting next_dagrun for tutorial_taskflow_api to None, run_after=None
[2025-07-30T17:11:30.361+0000] {processor.py:208} INFO - Processing /home/airflow/.local/lib/python3.12/site-packages/airflow/example_dags/tutorial_taskflow_api.py took 0.074 seconds
[2025-07-30T17:12:00.432+0000] {processor.py:186} INFO - Started process (PID=6753) to work on /home/airflow/.local/lib/python3.12/site-packages/airflow/example_dags/tutorial_taskflow_api.py
[2025-07-30T17:12:00.433+0000] {processor.py:914} INFO - Processing file /home/airflow/.local/lib/python3.12/site-packages/airflow/example_dags/tutorial_taskflow_api.py for tasks to queue
[2025-07-30T17:12:00.435+0000] {logging_mixin.py:190} INFO - [2025-07-30T17:12:00.435+0000] {dagbag.py:588} INFO - Filling up the DagBag from /home/airflow/.local/lib/python3.12/site-packages/airflow/example_dags/tutorial_taskflow_api.py
[2025-07-30T17:12:00.443+0000] {processor.py:925} INFO - DAG(s) 'tutorial_taskflow_api' retrieved from /home/airflow/.local/lib/python3.12/site-packages/airflow/example_dags/tutorial_taskflow_api.py
[2025-07-30T17:12:00.465+0000] {logging_mixin.py:190} INFO - [2025-07-30T17:12:00.465+0000] {dag.py:3239} INFO - Sync 1 DAGs
[2025-07-30T17:12:00.482+0000] {logging_mixin.py:190} INFO - [2025-07-30T17:12:00.482+0000] {dag.py:4180} INFO - Setting next_dagrun for tutorial_taskflow_api to None, run_after=None
[2025-07-30T17:12:00.499+0000] {processor.py:208} INFO - Processing /home/airflow/.local/lib/python3.12/site-packages/airflow/example_dags/tutorial_taskflow_api.py took 0.073 seconds
[2025-07-30T17:12:30.703+0000] {processor.py:186} INFO - Started process (PID=7057) to work on /home/airflow/.local/lib/python3.12/site-packages/airflow/example_dags/tutorial_taskflow_api.py
[2025-07-30T17:12:30.704+0000] {processor.py:914} INFO - Processing file /home/airflow/.local/lib/python3.12/site-packages/airflow/example_dags/tutorial_taskflow_api.py for tasks to queue
[2025-07-30T17:12:30.706+0000] {logging_mixin.py:190} INFO - [2025-07-30T17:12:30.706+0000] {dagbag.py:588} INFO - Filling up the DagBag from /home/airflow/.local/lib/python3.12/site-packages/airflow/example_dags/tutorial_taskflow_api.py
[2025-07-30T17:12:30.715+0000] {processor.py:925} INFO - DAG(s) 'tutorial_taskflow_api' retrieved from /home/airflow/.local/lib/python3.12/site-packages/airflow/example_dags/tutorial_taskflow_api.py
[2025-07-30T17:12:30.736+0000] {logging_mixin.py:190} INFO - [2025-07-30T17:12:30.735+0000] {dag.py:3239} INFO - Sync 1 DAGs
[2025-07-30T17:12:30.752+0000] {logging_mixin.py:190} INFO - [2025-07-30T17:12:30.752+0000] {dag.py:4180} INFO - Setting next_dagrun for tutorial_taskflow_api to None, run_after=None
[2025-07-30T17:12:30.768+0000] {processor.py:208} INFO - Processing /home/airflow/.local/lib/python3.12/site-packages/airflow/example_dags/tutorial_taskflow_api.py took 0.072 seconds
[2025-07-30T17:13:01.308+0000] {processor.py:186} INFO - Started process (PID=7363) to work on /home/airflow/.local/lib/python3.12/site-packages/airflow/example_dags/tutorial_taskflow_api.py
[2025-07-30T17:13:01.309+0000] {processor.py:914} INFO - Processing file /home/airflow/.local/lib/python3.12/site-packages/airflow/example_dags/tutorial_taskflow_api.py for tasks to queue
[2025-07-30T17:13:01.311+0000] {logging_mixin.py:190} INFO - [2025-07-30T17:13:01.311+0000] {dagbag.py:588} INFO - Filling up the DagBag from /home/airflow/.local/lib/python3.12/site-packages/airflow/example_dags/tutorial_taskflow_api.py
[2025-07-30T17:13:01.320+0000] {processor.py:925} INFO - DAG(s) 'tutorial_taskflow_api' retrieved from /home/airflow/.local/lib/python3.12/site-packages/airflow/example_dags/tutorial_taskflow_api.py
[2025-07-30T17:13:01.338+0000] {logging_mixin.py:190} INFO - [2025-07-30T17:13:01.338+0000] {dag.py:3239} INFO - Sync 1 DAGs
[2025-07-30T17:13:01.355+0000] {logging_mixin.py:190} INFO - [2025-07-30T17:13:01.355+0000] {dag.py:4180} INFO - Setting next_dagrun for tutorial_taskflow_api to None, run_after=None
[2025-07-30T17:13:01.372+0000] {processor.py:208} INFO - Processing /home/airflow/.local/lib/python3.12/site-packages/airflow/example_dags/tutorial_taskflow_api.py took 0.070 seconds
