[2025-07-30T17:01:17.516+0000] {processor.py:186} INFO - Started process (PID=302) to work on /home/airflow/.local/lib/python3.12/site-packages/airflow/example_dags/tutorial_objectstorage.py
[2025-07-30T17:01:17.519+0000] {processor.py:914} INFO - Processing file /home/airflow/.local/lib/python3.12/site-packages/airflow/example_dags/tutorial_objectstorage.py for tasks to queue
[2025-07-30T17:01:17.523+0000] {logging_mixin.py:190} INFO - [2025-07-30T17:01:17.523+0000] {dagbag.py:588} INFO - Filling up the DagBag from /home/airflow/.local/lib/python3.12/site-packages/airflow/example_dags/tutorial_objectstorage.py
[2025-07-30T17:01:17.561+0000] {processor.py:925} INFO - DAG(s) 'tutorial_objectstorage' retrieved from /home/airflow/.local/lib/python3.12/site-packages/airflow/example_dags/tutorial_objectstorage.py
[2025-07-30T17:01:17.839+0000] {logging_mixin.py:190} INFO - [2025-07-30T17:01:17.839+0000] {override.py:1911} INFO - Created Permission View: can read on DAG:tutorial_objectstorage
[2025-07-30T17:01:17.850+0000] {logging_mixin.py:190} INFO - [2025-07-30T17:01:17.850+0000] {override.py:1911} INFO - Created Permission View: can delete on DAG:tutorial_objectstorage
[2025-07-30T17:01:17.857+0000] {logging_mixin.py:190} INFO - [2025-07-30T17:01:17.857+0000] {override.py:1911} INFO - Created Permission View: can edit on DAG:tutorial_objectstorage
[2025-07-30T17:01:17.864+0000] {logging_mixin.py:190} INFO - [2025-07-30T17:01:17.864+0000] {override.py:1911} INFO - Created Permission View: can read on DAG Run:tutorial_objectstorage
[2025-07-30T17:01:18.002+0000] {logging_mixin.py:190} INFO - [2025-07-30T17:01:18.001+0000] {override.py:1911} INFO - Created Permission View: menu access on DAG Run:tutorial_objectstorage
[2025-07-30T17:01:18.060+0000] {logging_mixin.py:190} INFO - [2025-07-30T17:01:18.059+0000] {override.py:1911} INFO - Created Permission View: can delete on DAG Run:tutorial_objectstorage
[2025-07-30T17:01:18.070+0000] {logging_mixin.py:190} INFO - [2025-07-30T17:01:18.070+0000] {override.py:1911} INFO - Created Permission View: can create on DAG Run:tutorial_objectstorage
[2025-07-30T17:01:18.071+0000] {logging_mixin.py:190} INFO - [2025-07-30T17:01:18.071+0000] {dag.py:3239} INFO - Sync 1 DAGs
[2025-07-30T17:01:18.099+0000] {logging_mixin.py:190} INFO - [2025-07-30T17:01:18.098+0000] {dag.py:3262} INFO - Creating ORM DAG for tutorial_objectstorage
[2025-07-30T17:01:18.099+0000] {logging_mixin.py:190} INFO - [2025-07-30T17:01:18.099+0000] {dag.py:4180} INFO - Setting next_dagrun for tutorial_objectstorage to None, run_after=None
[2025-07-30T17:01:18.125+0000] {processor.py:208} INFO - Processing /home/airflow/.local/lib/python3.12/site-packages/airflow/example_dags/tutorial_objectstorage.py took 0.625 seconds
[2025-07-30T17:01:48.749+0000] {processor.py:186} INFO - Started process (PID=609) to work on /home/airflow/.local/lib/python3.12/site-packages/airflow/example_dags/tutorial_objectstorage.py
[2025-07-30T17:01:48.750+0000] {processor.py:914} INFO - Processing file /home/airflow/.local/lib/python3.12/site-packages/airflow/example_dags/tutorial_objectstorage.py for tasks to queue
[2025-07-30T17:01:48.752+0000] {logging_mixin.py:190} INFO - [2025-07-30T17:01:48.752+0000] {dagbag.py:588} INFO - Filling up the DagBag from /home/airflow/.local/lib/python3.12/site-packages/airflow/example_dags/tutorial_objectstorage.py
[2025-07-30T17:01:48.761+0000] {processor.py:925} INFO - DAG(s) 'tutorial_objectstorage' retrieved from /home/airflow/.local/lib/python3.12/site-packages/airflow/example_dags/tutorial_objectstorage.py
[2025-07-30T17:01:48.786+0000] {logging_mixin.py:190} INFO - [2025-07-30T17:01:48.785+0000] {dag.py:3239} INFO - Sync 1 DAGs
[2025-07-30T17:01:48.802+0000] {logging_mixin.py:190} INFO - [2025-07-30T17:01:48.802+0000] {dag.py:4180} INFO - Setting next_dagrun for tutorial_objectstorage to None, run_after=None
[2025-07-30T17:01:48.819+0000] {processor.py:208} INFO - Processing /home/airflow/.local/lib/python3.12/site-packages/airflow/example_dags/tutorial_objectstorage.py took 0.076 seconds
[2025-07-30T17:02:19.678+0000] {processor.py:186} INFO - Started process (PID=912) to work on /home/airflow/.local/lib/python3.12/site-packages/airflow/example_dags/tutorial_objectstorage.py
[2025-07-30T17:02:19.679+0000] {processor.py:914} INFO - Processing file /home/airflow/.local/lib/python3.12/site-packages/airflow/example_dags/tutorial_objectstorage.py for tasks to queue
[2025-07-30T17:02:19.681+0000] {logging_mixin.py:190} INFO - [2025-07-30T17:02:19.681+0000] {dagbag.py:588} INFO - Filling up the DagBag from /home/airflow/.local/lib/python3.12/site-packages/airflow/example_dags/tutorial_objectstorage.py
[2025-07-30T17:02:19.691+0000] {processor.py:925} INFO - DAG(s) 'tutorial_objectstorage' retrieved from /home/airflow/.local/lib/python3.12/site-packages/airflow/example_dags/tutorial_objectstorage.py
[2025-07-30T17:02:19.711+0000] {logging_mixin.py:190} INFO - [2025-07-30T17:02:19.711+0000] {dag.py:3239} INFO - Sync 1 DAGs
[2025-07-30T17:02:19.727+0000] {logging_mixin.py:190} INFO - [2025-07-30T17:02:19.727+0000] {dag.py:4180} INFO - Setting next_dagrun for tutorial_objectstorage to None, run_after=None
[2025-07-30T17:02:19.747+0000] {processor.py:208} INFO - Processing /home/airflow/.local/lib/python3.12/site-packages/airflow/example_dags/tutorial_objectstorage.py took 0.075 seconds
[2025-07-30T17:02:50.306+0000] {processor.py:186} INFO - Started process (PID=1215) to work on /home/airflow/.local/lib/python3.12/site-packages/airflow/example_dags/tutorial_objectstorage.py
[2025-07-30T17:02:50.307+0000] {processor.py:914} INFO - Processing file /home/airflow/.local/lib/python3.12/site-packages/airflow/example_dags/tutorial_objectstorage.py for tasks to queue
[2025-07-30T17:02:50.310+0000] {logging_mixin.py:190} INFO - [2025-07-30T17:02:50.309+0000] {dagbag.py:588} INFO - Filling up the DagBag from /home/airflow/.local/lib/python3.12/site-packages/airflow/example_dags/tutorial_objectstorage.py
[2025-07-30T17:02:50.319+0000] {processor.py:925} INFO - DAG(s) 'tutorial_objectstorage' retrieved from /home/airflow/.local/lib/python3.12/site-packages/airflow/example_dags/tutorial_objectstorage.py
[2025-07-30T17:02:50.340+0000] {logging_mixin.py:190} INFO - [2025-07-30T17:02:50.340+0000] {dag.py:3239} INFO - Sync 1 DAGs
[2025-07-30T17:02:50.356+0000] {logging_mixin.py:190} INFO - [2025-07-30T17:02:50.356+0000] {dag.py:4180} INFO - Setting next_dagrun for tutorial_objectstorage to None, run_after=None
[2025-07-30T17:02:50.378+0000] {processor.py:208} INFO - Processing /home/airflow/.local/lib/python3.12/site-packages/airflow/example_dags/tutorial_objectstorage.py took 0.077 seconds
[2025-07-30T17:03:20.917+0000] {processor.py:186} INFO - Started process (PID=1521) to work on /home/airflow/.local/lib/python3.12/site-packages/airflow/example_dags/tutorial_objectstorage.py
[2025-07-30T17:03:20.918+0000] {processor.py:914} INFO - Processing file /home/airflow/.local/lib/python3.12/site-packages/airflow/example_dags/tutorial_objectstorage.py for tasks to queue
[2025-07-30T17:03:20.921+0000] {logging_mixin.py:190} INFO - [2025-07-30T17:03:20.920+0000] {dagbag.py:588} INFO - Filling up the DagBag from /home/airflow/.local/lib/python3.12/site-packages/airflow/example_dags/tutorial_objectstorage.py
[2025-07-30T17:03:20.930+0000] {processor.py:925} INFO - DAG(s) 'tutorial_objectstorage' retrieved from /home/airflow/.local/lib/python3.12/site-packages/airflow/example_dags/tutorial_objectstorage.py
[2025-07-30T17:03:20.951+0000] {logging_mixin.py:190} INFO - [2025-07-30T17:03:20.951+0000] {dag.py:3239} INFO - Sync 1 DAGs
[2025-07-30T17:03:20.970+0000] {logging_mixin.py:190} INFO - [2025-07-30T17:03:20.970+0000] {dag.py:4180} INFO - Setting next_dagrun for tutorial_objectstorage to None, run_after=None
[2025-07-30T17:03:20.987+0000] {processor.py:208} INFO - Processing /home/airflow/.local/lib/python3.12/site-packages/airflow/example_dags/tutorial_objectstorage.py took 0.075 seconds
[2025-07-30T17:03:51.107+0000] {processor.py:186} INFO - Started process (PID=1827) to work on /home/airflow/.local/lib/python3.12/site-packages/airflow/example_dags/tutorial_objectstorage.py
[2025-07-30T17:03:51.107+0000] {processor.py:914} INFO - Processing file /home/airflow/.local/lib/python3.12/site-packages/airflow/example_dags/tutorial_objectstorage.py for tasks to queue
[2025-07-30T17:03:51.110+0000] {logging_mixin.py:190} INFO - [2025-07-30T17:03:51.109+0000] {dagbag.py:588} INFO - Filling up the DagBag from /home/airflow/.local/lib/python3.12/site-packages/airflow/example_dags/tutorial_objectstorage.py
[2025-07-30T17:03:51.120+0000] {processor.py:925} INFO - DAG(s) 'tutorial_objectstorage' retrieved from /home/airflow/.local/lib/python3.12/site-packages/airflow/example_dags/tutorial_objectstorage.py
[2025-07-30T17:03:51.140+0000] {logging_mixin.py:190} INFO - [2025-07-30T17:03:51.140+0000] {dag.py:3239} INFO - Sync 1 DAGs
[2025-07-30T17:03:51.158+0000] {logging_mixin.py:190} INFO - [2025-07-30T17:03:51.157+0000] {dag.py:4180} INFO - Setting next_dagrun for tutorial_objectstorage to None, run_after=None
[2025-07-30T17:03:51.180+0000] {processor.py:208} INFO - Processing /home/airflow/.local/lib/python3.12/site-packages/airflow/example_dags/tutorial_objectstorage.py took 0.079 seconds
[2025-07-30T17:04:21.241+0000] {processor.py:186} INFO - Started process (PID=2133) to work on /home/airflow/.local/lib/python3.12/site-packages/airflow/example_dags/tutorial_objectstorage.py
[2025-07-30T17:04:21.242+0000] {processor.py:914} INFO - Processing file /home/airflow/.local/lib/python3.12/site-packages/airflow/example_dags/tutorial_objectstorage.py for tasks to queue
[2025-07-30T17:04:21.244+0000] {logging_mixin.py:190} INFO - [2025-07-30T17:04:21.243+0000] {dagbag.py:588} INFO - Filling up the DagBag from /home/airflow/.local/lib/python3.12/site-packages/airflow/example_dags/tutorial_objectstorage.py
[2025-07-30T17:04:21.253+0000] {processor.py:925} INFO - DAG(s) 'tutorial_objectstorage' retrieved from /home/airflow/.local/lib/python3.12/site-packages/airflow/example_dags/tutorial_objectstorage.py
[2025-07-30T17:04:21.274+0000] {logging_mixin.py:190} INFO - [2025-07-30T17:04:21.274+0000] {dag.py:3239} INFO - Sync 1 DAGs
[2025-07-30T17:04:21.291+0000] {logging_mixin.py:190} INFO - [2025-07-30T17:04:21.290+0000] {dag.py:4180} INFO - Setting next_dagrun for tutorial_objectstorage to None, run_after=None
[2025-07-30T17:04:21.307+0000] {processor.py:208} INFO - Processing /home/airflow/.local/lib/python3.12/site-packages/airflow/example_dags/tutorial_objectstorage.py took 0.072 seconds
[2025-07-30T17:04:51.924+0000] {processor.py:186} INFO - Started process (PID=2439) to work on /home/airflow/.local/lib/python3.12/site-packages/airflow/example_dags/tutorial_objectstorage.py
[2025-07-30T17:04:51.925+0000] {processor.py:914} INFO - Processing file /home/airflow/.local/lib/python3.12/site-packages/airflow/example_dags/tutorial_objectstorage.py for tasks to queue
[2025-07-30T17:04:51.927+0000] {logging_mixin.py:190} INFO - [2025-07-30T17:04:51.927+0000] {dagbag.py:588} INFO - Filling up the DagBag from /home/airflow/.local/lib/python3.12/site-packages/airflow/example_dags/tutorial_objectstorage.py
[2025-07-30T17:04:51.938+0000] {processor.py:925} INFO - DAG(s) 'tutorial_objectstorage' retrieved from /home/airflow/.local/lib/python3.12/site-packages/airflow/example_dags/tutorial_objectstorage.py
[2025-07-30T17:04:51.959+0000] {logging_mixin.py:190} INFO - [2025-07-30T17:04:51.959+0000] {dag.py:3239} INFO - Sync 1 DAGs
[2025-07-30T17:04:51.976+0000] {logging_mixin.py:190} INFO - [2025-07-30T17:04:51.975+0000] {dag.py:4180} INFO - Setting next_dagrun for tutorial_objectstorage to None, run_after=None
[2025-07-30T17:04:51.994+0000] {processor.py:208} INFO - Processing /home/airflow/.local/lib/python3.12/site-packages/airflow/example_dags/tutorial_objectstorage.py took 0.076 seconds
[2025-07-30T17:05:22.738+0000] {processor.py:186} INFO - Started process (PID=2745) to work on /home/airflow/.local/lib/python3.12/site-packages/airflow/example_dags/tutorial_objectstorage.py
[2025-07-30T17:05:22.741+0000] {processor.py:914} INFO - Processing file /home/airflow/.local/lib/python3.12/site-packages/airflow/example_dags/tutorial_objectstorage.py for tasks to queue
[2025-07-30T17:05:22.748+0000] {logging_mixin.py:190} INFO - [2025-07-30T17:05:22.747+0000] {dagbag.py:588} INFO - Filling up the DagBag from /home/airflow/.local/lib/python3.12/site-packages/airflow/example_dags/tutorial_objectstorage.py
[2025-07-30T17:05:22.778+0000] {processor.py:925} INFO - DAG(s) 'tutorial_objectstorage' retrieved from /home/airflow/.local/lib/python3.12/site-packages/airflow/example_dags/tutorial_objectstorage.py
[2025-07-30T17:05:22.803+0000] {logging_mixin.py:190} INFO - [2025-07-30T17:05:22.803+0000] {dag.py:3239} INFO - Sync 1 DAGs
[2025-07-30T17:05:22.819+0000] {logging_mixin.py:190} INFO - [2025-07-30T17:05:22.819+0000] {dag.py:4180} INFO - Setting next_dagrun for tutorial_objectstorage to None, run_after=None
[2025-07-30T17:05:22.839+0000] {processor.py:208} INFO - Processing /home/airflow/.local/lib/python3.12/site-packages/airflow/example_dags/tutorial_objectstorage.py took 0.123 seconds
[2025-07-30T17:05:53.157+0000] {processor.py:186} INFO - Started process (PID=3051) to work on /home/airflow/.local/lib/python3.12/site-packages/airflow/example_dags/tutorial_objectstorage.py
[2025-07-30T17:05:53.158+0000] {processor.py:914} INFO - Processing file /home/airflow/.local/lib/python3.12/site-packages/airflow/example_dags/tutorial_objectstorage.py for tasks to queue
[2025-07-30T17:05:53.160+0000] {logging_mixin.py:190} INFO - [2025-07-30T17:05:53.160+0000] {dagbag.py:588} INFO - Filling up the DagBag from /home/airflow/.local/lib/python3.12/site-packages/airflow/example_dags/tutorial_objectstorage.py
[2025-07-30T17:05:53.170+0000] {processor.py:925} INFO - DAG(s) 'tutorial_objectstorage' retrieved from /home/airflow/.local/lib/python3.12/site-packages/airflow/example_dags/tutorial_objectstorage.py
[2025-07-30T17:05:53.191+0000] {logging_mixin.py:190} INFO - [2025-07-30T17:05:53.190+0000] {dag.py:3239} INFO - Sync 1 DAGs
[2025-07-30T17:05:53.207+0000] {logging_mixin.py:190} INFO - [2025-07-30T17:05:53.207+0000] {dag.py:4180} INFO - Setting next_dagrun for tutorial_objectstorage to None, run_after=None
[2025-07-30T17:05:53.225+0000] {processor.py:208} INFO - Processing /home/airflow/.local/lib/python3.12/site-packages/airflow/example_dags/tutorial_objectstorage.py took 0.074 seconds
[2025-07-30T17:06:24.116+0000] {processor.py:186} INFO - Started process (PID=3357) to work on /home/airflow/.local/lib/python3.12/site-packages/airflow/example_dags/tutorial_objectstorage.py
[2025-07-30T17:06:24.118+0000] {processor.py:914} INFO - Processing file /home/airflow/.local/lib/python3.12/site-packages/airflow/example_dags/tutorial_objectstorage.py for tasks to queue
[2025-07-30T17:06:24.120+0000] {logging_mixin.py:190} INFO - [2025-07-30T17:06:24.120+0000] {dagbag.py:588} INFO - Filling up the DagBag from /home/airflow/.local/lib/python3.12/site-packages/airflow/example_dags/tutorial_objectstorage.py
[2025-07-30T17:06:24.130+0000] {processor.py:925} INFO - DAG(s) 'tutorial_objectstorage' retrieved from /home/airflow/.local/lib/python3.12/site-packages/airflow/example_dags/tutorial_objectstorage.py
[2025-07-30T17:06:24.150+0000] {logging_mixin.py:190} INFO - [2025-07-30T17:06:24.150+0000] {dag.py:3239} INFO - Sync 1 DAGs
[2025-07-30T17:06:24.167+0000] {logging_mixin.py:190} INFO - [2025-07-30T17:06:24.167+0000] {dag.py:4180} INFO - Setting next_dagrun for tutorial_objectstorage to None, run_after=None
[2025-07-30T17:06:24.184+0000] {processor.py:208} INFO - Processing /home/airflow/.local/lib/python3.12/site-packages/airflow/example_dags/tutorial_objectstorage.py took 0.074 seconds
[2025-07-30T17:06:55.038+0000] {processor.py:186} INFO - Started process (PID=3663) to work on /home/airflow/.local/lib/python3.12/site-packages/airflow/example_dags/tutorial_objectstorage.py
[2025-07-30T17:06:55.041+0000] {processor.py:914} INFO - Processing file /home/airflow/.local/lib/python3.12/site-packages/airflow/example_dags/tutorial_objectstorage.py for tasks to queue
[2025-07-30T17:06:55.043+0000] {logging_mixin.py:190} INFO - [2025-07-30T17:06:55.043+0000] {dagbag.py:588} INFO - Filling up the DagBag from /home/airflow/.local/lib/python3.12/site-packages/airflow/example_dags/tutorial_objectstorage.py
[2025-07-30T17:06:55.052+0000] {processor.py:925} INFO - DAG(s) 'tutorial_objectstorage' retrieved from /home/airflow/.local/lib/python3.12/site-packages/airflow/example_dags/tutorial_objectstorage.py
[2025-07-30T17:06:55.074+0000] {logging_mixin.py:190} INFO - [2025-07-30T17:06:55.074+0000] {dag.py:3239} INFO - Sync 1 DAGs
[2025-07-30T17:06:55.090+0000] {logging_mixin.py:190} INFO - [2025-07-30T17:06:55.090+0000] {dag.py:4180} INFO - Setting next_dagrun for tutorial_objectstorage to None, run_after=None
[2025-07-30T17:06:55.108+0000] {processor.py:208} INFO - Processing /home/airflow/.local/lib/python3.12/site-packages/airflow/example_dags/tutorial_objectstorage.py took 0.075 seconds
[2025-07-30T17:07:25.318+0000] {processor.py:186} INFO - Started process (PID=3969) to work on /home/airflow/.local/lib/python3.12/site-packages/airflow/example_dags/tutorial_objectstorage.py
[2025-07-30T17:07:25.319+0000] {processor.py:914} INFO - Processing file /home/airflow/.local/lib/python3.12/site-packages/airflow/example_dags/tutorial_objectstorage.py for tasks to queue
[2025-07-30T17:07:25.321+0000] {logging_mixin.py:190} INFO - [2025-07-30T17:07:25.321+0000] {dagbag.py:588} INFO - Filling up the DagBag from /home/airflow/.local/lib/python3.12/site-packages/airflow/example_dags/tutorial_objectstorage.py
[2025-07-30T17:07:25.331+0000] {processor.py:925} INFO - DAG(s) 'tutorial_objectstorage' retrieved from /home/airflow/.local/lib/python3.12/site-packages/airflow/example_dags/tutorial_objectstorage.py
[2025-07-30T17:07:25.352+0000] {logging_mixin.py:190} INFO - [2025-07-30T17:07:25.352+0000] {dag.py:3239} INFO - Sync 1 DAGs
[2025-07-30T17:07:25.370+0000] {logging_mixin.py:190} INFO - [2025-07-30T17:07:25.369+0000] {dag.py:4180} INFO - Setting next_dagrun for tutorial_objectstorage to None, run_after=None
[2025-07-30T17:07:25.390+0000] {processor.py:208} INFO - Processing /home/airflow/.local/lib/python3.12/site-packages/airflow/example_dags/tutorial_objectstorage.py took 0.077 seconds
[2025-07-30T17:07:56.011+0000] {processor.py:186} INFO - Started process (PID=4275) to work on /home/airflow/.local/lib/python3.12/site-packages/airflow/example_dags/tutorial_objectstorage.py
[2025-07-30T17:07:56.012+0000] {processor.py:914} INFO - Processing file /home/airflow/.local/lib/python3.12/site-packages/airflow/example_dags/tutorial_objectstorage.py for tasks to queue
[2025-07-30T17:07:56.014+0000] {logging_mixin.py:190} INFO - [2025-07-30T17:07:56.014+0000] {dagbag.py:588} INFO - Filling up the DagBag from /home/airflow/.local/lib/python3.12/site-packages/airflow/example_dags/tutorial_objectstorage.py
[2025-07-30T17:07:56.024+0000] {processor.py:925} INFO - DAG(s) 'tutorial_objectstorage' retrieved from /home/airflow/.local/lib/python3.12/site-packages/airflow/example_dags/tutorial_objectstorage.py
[2025-07-30T17:07:56.044+0000] {logging_mixin.py:190} INFO - [2025-07-30T17:07:56.044+0000] {dag.py:3239} INFO - Sync 1 DAGs
[2025-07-30T17:07:56.064+0000] {logging_mixin.py:190} INFO - [2025-07-30T17:07:56.064+0000] {dag.py:4180} INFO - Setting next_dagrun for tutorial_objectstorage to None, run_after=None
[2025-07-30T17:07:56.081+0000] {processor.py:208} INFO - Processing /home/airflow/.local/lib/python3.12/site-packages/airflow/example_dags/tutorial_objectstorage.py took 0.075 seconds
[2025-07-30T17:08:26.332+0000] {processor.py:186} INFO - Started process (PID=4581) to work on /home/airflow/.local/lib/python3.12/site-packages/airflow/example_dags/tutorial_objectstorage.py
[2025-07-30T17:08:26.333+0000] {processor.py:914} INFO - Processing file /home/airflow/.local/lib/python3.12/site-packages/airflow/example_dags/tutorial_objectstorage.py for tasks to queue
[2025-07-30T17:08:26.336+0000] {logging_mixin.py:190} INFO - [2025-07-30T17:08:26.335+0000] {dagbag.py:588} INFO - Filling up the DagBag from /home/airflow/.local/lib/python3.12/site-packages/airflow/example_dags/tutorial_objectstorage.py
[2025-07-30T17:08:26.345+0000] {processor.py:925} INFO - DAG(s) 'tutorial_objectstorage' retrieved from /home/airflow/.local/lib/python3.12/site-packages/airflow/example_dags/tutorial_objectstorage.py
[2025-07-30T17:08:26.366+0000] {logging_mixin.py:190} INFO - [2025-07-30T17:08:26.365+0000] {dag.py:3239} INFO - Sync 1 DAGs
[2025-07-30T17:08:26.381+0000] {logging_mixin.py:190} INFO - [2025-07-30T17:08:26.381+0000] {dag.py:4180} INFO - Setting next_dagrun for tutorial_objectstorage to None, run_after=None
[2025-07-30T17:08:26.400+0000] {processor.py:208} INFO - Processing /home/airflow/.local/lib/python3.12/site-packages/airflow/example_dags/tutorial_objectstorage.py took 0.074 seconds
[2025-07-30T17:08:56.512+0000] {processor.py:186} INFO - Started process (PID=4887) to work on /home/airflow/.local/lib/python3.12/site-packages/airflow/example_dags/tutorial_objectstorage.py
[2025-07-30T17:08:56.514+0000] {processor.py:914} INFO - Processing file /home/airflow/.local/lib/python3.12/site-packages/airflow/example_dags/tutorial_objectstorage.py for tasks to queue
[2025-07-30T17:08:56.517+0000] {logging_mixin.py:190} INFO - [2025-07-30T17:08:56.516+0000] {dagbag.py:588} INFO - Filling up the DagBag from /home/airflow/.local/lib/python3.12/site-packages/airflow/example_dags/tutorial_objectstorage.py
[2025-07-30T17:08:56.527+0000] {processor.py:925} INFO - DAG(s) 'tutorial_objectstorage' retrieved from /home/airflow/.local/lib/python3.12/site-packages/airflow/example_dags/tutorial_objectstorage.py
[2025-07-30T17:08:56.548+0000] {logging_mixin.py:190} INFO - [2025-07-30T17:08:56.547+0000] {dag.py:3239} INFO - Sync 1 DAGs
[2025-07-30T17:08:56.565+0000] {logging_mixin.py:190} INFO - [2025-07-30T17:08:56.565+0000] {dag.py:4180} INFO - Setting next_dagrun for tutorial_objectstorage to None, run_after=None
[2025-07-30T17:08:56.583+0000] {processor.py:208} INFO - Processing /home/airflow/.local/lib/python3.12/site-packages/airflow/example_dags/tutorial_objectstorage.py took 0.076 seconds
[2025-07-30T17:09:27.359+0000] {processor.py:186} INFO - Started process (PID=5193) to work on /home/airflow/.local/lib/python3.12/site-packages/airflow/example_dags/tutorial_objectstorage.py
[2025-07-30T17:09:27.360+0000] {processor.py:914} INFO - Processing file /home/airflow/.local/lib/python3.12/site-packages/airflow/example_dags/tutorial_objectstorage.py for tasks to queue
[2025-07-30T17:09:27.363+0000] {logging_mixin.py:190} INFO - [2025-07-30T17:09:27.363+0000] {dagbag.py:588} INFO - Filling up the DagBag from /home/airflow/.local/lib/python3.12/site-packages/airflow/example_dags/tutorial_objectstorage.py
[2025-07-30T17:09:27.373+0000] {processor.py:925} INFO - DAG(s) 'tutorial_objectstorage' retrieved from /home/airflow/.local/lib/python3.12/site-packages/airflow/example_dags/tutorial_objectstorage.py
[2025-07-30T17:09:27.394+0000] {logging_mixin.py:190} INFO - [2025-07-30T17:09:27.394+0000] {dag.py:3239} INFO - Sync 1 DAGs
[2025-07-30T17:09:27.411+0000] {logging_mixin.py:190} INFO - [2025-07-30T17:09:27.411+0000] {dag.py:4180} INFO - Setting next_dagrun for tutorial_objectstorage to None, run_after=None
[2025-07-30T17:09:27.433+0000] {processor.py:208} INFO - Processing /home/airflow/.local/lib/python3.12/site-packages/airflow/example_dags/tutorial_objectstorage.py took 0.079 seconds
[2025-07-30T17:09:57.619+0000] {processor.py:186} INFO - Started process (PID=5499) to work on /home/airflow/.local/lib/python3.12/site-packages/airflow/example_dags/tutorial_objectstorage.py
[2025-07-30T17:09:57.620+0000] {processor.py:914} INFO - Processing file /home/airflow/.local/lib/python3.12/site-packages/airflow/example_dags/tutorial_objectstorage.py for tasks to queue
[2025-07-30T17:09:57.622+0000] {logging_mixin.py:190} INFO - [2025-07-30T17:09:57.622+0000] {dagbag.py:588} INFO - Filling up the DagBag from /home/airflow/.local/lib/python3.12/site-packages/airflow/example_dags/tutorial_objectstorage.py
[2025-07-30T17:09:57.632+0000] {processor.py:925} INFO - DAG(s) 'tutorial_objectstorage' retrieved from /home/airflow/.local/lib/python3.12/site-packages/airflow/example_dags/tutorial_objectstorage.py
[2025-07-30T17:09:57.653+0000] {logging_mixin.py:190} INFO - [2025-07-30T17:09:57.653+0000] {dag.py:3239} INFO - Sync 1 DAGs
[2025-07-30T17:09:57.670+0000] {logging_mixin.py:190} INFO - [2025-07-30T17:09:57.670+0000] {dag.py:4180} INFO - Setting next_dagrun for tutorial_objectstorage to None, run_after=None
[2025-07-30T17:09:57.692+0000] {processor.py:208} INFO - Processing /home/airflow/.local/lib/python3.12/site-packages/airflow/example_dags/tutorial_objectstorage.py took 0.078 seconds
[2025-07-30T17:10:28.471+0000] {processor.py:186} INFO - Started process (PID=5805) to work on /home/airflow/.local/lib/python3.12/site-packages/airflow/example_dags/tutorial_objectstorage.py
[2025-07-30T17:10:28.472+0000] {processor.py:914} INFO - Processing file /home/airflow/.local/lib/python3.12/site-packages/airflow/example_dags/tutorial_objectstorage.py for tasks to queue
[2025-07-30T17:10:28.475+0000] {logging_mixin.py:190} INFO - [2025-07-30T17:10:28.474+0000] {dagbag.py:588} INFO - Filling up the DagBag from /home/airflow/.local/lib/python3.12/site-packages/airflow/example_dags/tutorial_objectstorage.py
[2025-07-30T17:10:28.485+0000] {processor.py:925} INFO - DAG(s) 'tutorial_objectstorage' retrieved from /home/airflow/.local/lib/python3.12/site-packages/airflow/example_dags/tutorial_objectstorage.py
[2025-07-30T17:10:28.507+0000] {logging_mixin.py:190} INFO - [2025-07-30T17:10:28.507+0000] {dag.py:3239} INFO - Sync 1 DAGs
[2025-07-30T17:10:28.524+0000] {logging_mixin.py:190} INFO - [2025-07-30T17:10:28.524+0000] {dag.py:4180} INFO - Setting next_dagrun for tutorial_objectstorage to None, run_after=None
[2025-07-30T17:10:28.542+0000] {processor.py:208} INFO - Processing /home/airflow/.local/lib/python3.12/site-packages/airflow/example_dags/tutorial_objectstorage.py took 0.076 seconds
[2025-07-30T17:10:59.126+0000] {processor.py:186} INFO - Started process (PID=6111) to work on /home/airflow/.local/lib/python3.12/site-packages/airflow/example_dags/tutorial_objectstorage.py
[2025-07-30T17:10:59.127+0000] {processor.py:914} INFO - Processing file /home/airflow/.local/lib/python3.12/site-packages/airflow/example_dags/tutorial_objectstorage.py for tasks to queue
[2025-07-30T17:10:59.129+0000] {logging_mixin.py:190} INFO - [2025-07-30T17:10:59.129+0000] {dagbag.py:588} INFO - Filling up the DagBag from /home/airflow/.local/lib/python3.12/site-packages/airflow/example_dags/tutorial_objectstorage.py
[2025-07-30T17:10:59.139+0000] {processor.py:925} INFO - DAG(s) 'tutorial_objectstorage' retrieved from /home/airflow/.local/lib/python3.12/site-packages/airflow/example_dags/tutorial_objectstorage.py
[2025-07-30T17:10:59.160+0000] {logging_mixin.py:190} INFO - [2025-07-30T17:10:59.160+0000] {dag.py:3239} INFO - Sync 1 DAGs
[2025-07-30T17:10:59.178+0000] {logging_mixin.py:190} INFO - [2025-07-30T17:10:59.178+0000] {dag.py:4180} INFO - Setting next_dagrun for tutorial_objectstorage to None, run_after=None
[2025-07-30T17:10:59.197+0000] {processor.py:208} INFO - Processing /home/airflow/.local/lib/python3.12/site-packages/airflow/example_dags/tutorial_objectstorage.py took 0.077 seconds
[2025-07-30T17:11:29.797+0000] {processor.py:186} INFO - Started process (PID=6417) to work on /home/airflow/.local/lib/python3.12/site-packages/airflow/example_dags/tutorial_objectstorage.py
[2025-07-30T17:11:29.798+0000] {processor.py:914} INFO - Processing file /home/airflow/.local/lib/python3.12/site-packages/airflow/example_dags/tutorial_objectstorage.py for tasks to queue
[2025-07-30T17:11:29.801+0000] {logging_mixin.py:190} INFO - [2025-07-30T17:11:29.800+0000] {dagbag.py:588} INFO - Filling up the DagBag from /home/airflow/.local/lib/python3.12/site-packages/airflow/example_dags/tutorial_objectstorage.py
[2025-07-30T17:11:29.810+0000] {processor.py:925} INFO - DAG(s) 'tutorial_objectstorage' retrieved from /home/airflow/.local/lib/python3.12/site-packages/airflow/example_dags/tutorial_objectstorage.py
[2025-07-30T17:11:29.831+0000] {logging_mixin.py:190} INFO - [2025-07-30T17:11:29.831+0000] {dag.py:3239} INFO - Sync 1 DAGs
[2025-07-30T17:11:29.857+0000] {logging_mixin.py:190} INFO - [2025-07-30T17:11:29.857+0000] {dag.py:4180} INFO - Setting next_dagrun for tutorial_objectstorage to None, run_after=None
[2025-07-30T17:11:29.889+0000] {processor.py:208} INFO - Processing /home/airflow/.local/lib/python3.12/site-packages/airflow/example_dags/tutorial_objectstorage.py took 0.097 seconds
[2025-07-30T17:12:00.031+0000] {processor.py:186} INFO - Started process (PID=6723) to work on /home/airflow/.local/lib/python3.12/site-packages/airflow/example_dags/tutorial_objectstorage.py
[2025-07-30T17:12:00.032+0000] {processor.py:914} INFO - Processing file /home/airflow/.local/lib/python3.12/site-packages/airflow/example_dags/tutorial_objectstorage.py for tasks to queue
[2025-07-30T17:12:00.035+0000] {logging_mixin.py:190} INFO - [2025-07-30T17:12:00.035+0000] {dagbag.py:588} INFO - Filling up the DagBag from /home/airflow/.local/lib/python3.12/site-packages/airflow/example_dags/tutorial_objectstorage.py
[2025-07-30T17:12:00.045+0000] {processor.py:925} INFO - DAG(s) 'tutorial_objectstorage' retrieved from /home/airflow/.local/lib/python3.12/site-packages/airflow/example_dags/tutorial_objectstorage.py
[2025-07-30T17:12:00.067+0000] {logging_mixin.py:190} INFO - [2025-07-30T17:12:00.066+0000] {dag.py:3239} INFO - Sync 1 DAGs
[2025-07-30T17:12:00.083+0000] {logging_mixin.py:190} INFO - [2025-07-30T17:12:00.083+0000] {dag.py:4180} INFO - Setting next_dagrun for tutorial_objectstorage to None, run_after=None
[2025-07-30T17:12:00.100+0000] {processor.py:208} INFO - Processing /home/airflow/.local/lib/python3.12/site-packages/airflow/example_dags/tutorial_objectstorage.py took 0.074 seconds
[2025-07-30T17:12:30.371+0000] {processor.py:186} INFO - Started process (PID=7029) to work on /home/airflow/.local/lib/python3.12/site-packages/airflow/example_dags/tutorial_objectstorage.py
[2025-07-30T17:12:30.371+0000] {processor.py:914} INFO - Processing file /home/airflow/.local/lib/python3.12/site-packages/airflow/example_dags/tutorial_objectstorage.py for tasks to queue
[2025-07-30T17:12:30.374+0000] {logging_mixin.py:190} INFO - [2025-07-30T17:12:30.374+0000] {dagbag.py:588} INFO - Filling up the DagBag from /home/airflow/.local/lib/python3.12/site-packages/airflow/example_dags/tutorial_objectstorage.py
[2025-07-30T17:12:30.384+0000] {processor.py:925} INFO - DAG(s) 'tutorial_objectstorage' retrieved from /home/airflow/.local/lib/python3.12/site-packages/airflow/example_dags/tutorial_objectstorage.py
[2025-07-30T17:12:30.404+0000] {logging_mixin.py:190} INFO - [2025-07-30T17:12:30.404+0000] {dag.py:3239} INFO - Sync 1 DAGs
[2025-07-30T17:12:30.421+0000] {logging_mixin.py:190} INFO - [2025-07-30T17:12:30.420+0000] {dag.py:4180} INFO - Setting next_dagrun for tutorial_objectstorage to None, run_after=None
[2025-07-30T17:12:30.438+0000] {processor.py:208} INFO - Processing /home/airflow/.local/lib/python3.12/site-packages/airflow/example_dags/tutorial_objectstorage.py took 0.073 seconds
[2025-07-30T17:13:00.974+0000] {processor.py:186} INFO - Started process (PID=7335) to work on /home/airflow/.local/lib/python3.12/site-packages/airflow/example_dags/tutorial_objectstorage.py
[2025-07-30T17:13:00.975+0000] {processor.py:914} INFO - Processing file /home/airflow/.local/lib/python3.12/site-packages/airflow/example_dags/tutorial_objectstorage.py for tasks to queue
[2025-07-30T17:13:00.977+0000] {logging_mixin.py:190} INFO - [2025-07-30T17:13:00.976+0000] {dagbag.py:588} INFO - Filling up the DagBag from /home/airflow/.local/lib/python3.12/site-packages/airflow/example_dags/tutorial_objectstorage.py
[2025-07-30T17:13:00.986+0000] {processor.py:925} INFO - DAG(s) 'tutorial_objectstorage' retrieved from /home/airflow/.local/lib/python3.12/site-packages/airflow/example_dags/tutorial_objectstorage.py
[2025-07-30T17:13:01.006+0000] {logging_mixin.py:190} INFO - [2025-07-30T17:13:01.005+0000] {dag.py:3239} INFO - Sync 1 DAGs
[2025-07-30T17:13:01.022+0000] {logging_mixin.py:190} INFO - [2025-07-30T17:13:01.022+0000] {dag.py:4180} INFO - Setting next_dagrun for tutorial_objectstorage to None, run_after=None
[2025-07-30T17:13:01.040+0000] {processor.py:208} INFO - Processing /home/airflow/.local/lib/python3.12/site-packages/airflow/example_dags/tutorial_objectstorage.py took 0.074 seconds
