[2025-07-30T17:01:07.517+0000] {processor.py:186} INFO - Started process (PID=203) to work on /opt/airflow/dags/my_first_dag.py
[2025-07-30T17:01:07.521+0000] {processor.py:914} INFO - Processing file /opt/airflow/dags/my_first_dag.py for tasks to queue
[2025-07-30T17:01:07.539+0000] {logging_mixin.py:190} INFO - [2025-07-30T17:01:07.536+0000] {dagbag.py:588} INFO - Filling up the DagBag from /opt/airflow/dags/my_first_dag.py
[2025-07-30T17:01:07.556+0000] {processor.py:925} INFO - DAG(s) 'my_first_dag' retrieved from /opt/airflow/dags/my_first_dag.py
[2025-07-30T17:01:08.568+0000] {logging_mixin.py:190} INFO - [2025-07-30T17:01:08.565+0000] {override.py:1911} INFO - Created Permission View: can read on DAG:my_first_dag
[2025-07-30T17:01:08.607+0000] {logging_mixin.py:190} INFO - [2025-07-30T17:01:08.607+0000] {override.py:1911} INFO - Created Permission View: can delete on DAG:my_first_dag
[2025-07-30T17:01:08.623+0000] {logging_mixin.py:190} INFO - [2025-07-30T17:01:08.623+0000] {override.py:1911} INFO - Created Permission View: can edit on DAG:my_first_dag
[2025-07-30T17:01:08.639+0000] {logging_mixin.py:190} INFO - [2025-07-30T17:01:08.638+0000] {override.py:1911} INFO - Created Permission View: can read on DAG Run:my_first_dag
[2025-07-30T17:01:08.654+0000] {logging_mixin.py:190} INFO - [2025-07-30T17:01:08.653+0000] {override.py:1911} INFO - Created Permission View: menu access on DAG Run:my_first_dag
[2025-07-30T17:01:08.671+0000] {logging_mixin.py:190} INFO - [2025-07-30T17:01:08.669+0000] {override.py:1911} INFO - Created Permission View: can delete on DAG Run:my_first_dag
[2025-07-30T17:01:08.723+0000] {logging_mixin.py:190} INFO - [2025-07-30T17:01:08.718+0000] {override.py:1911} INFO - Created Permission View: can create on DAG Run:my_first_dag
[2025-07-30T17:01:08.726+0000] {logging_mixin.py:190} INFO - [2025-07-30T17:01:08.725+0000] {dag.py:3239} INFO - Sync 1 DAGs
[2025-07-30T17:01:08.776+0000] {logging_mixin.py:190} INFO - [2025-07-30T17:01:08.776+0000] {dag.py:3262} INFO - Creating ORM DAG for my_first_dag
[2025-07-30T17:01:08.777+0000] {logging_mixin.py:190} INFO - [2025-07-30T17:01:08.777+0000] {dag.py:4180} INFO - Setting next_dagrun for my_first_dag to None, run_after=None
[2025-07-30T17:01:08.837+0000] {processor.py:208} INFO - Processing /opt/airflow/dags/my_first_dag.py took 1.338 seconds
[2025-07-30T17:01:39.722+0000] {processor.py:186} INFO - Started process (PID=514) to work on /opt/airflow/dags/my_first_dag.py
[2025-07-30T17:01:39.723+0000] {processor.py:914} INFO - Processing file /opt/airflow/dags/my_first_dag.py for tasks to queue
[2025-07-30T17:01:39.726+0000] {logging_mixin.py:190} INFO - [2025-07-30T17:01:39.726+0000] {dagbag.py:588} INFO - Filling up the DagBag from /opt/airflow/dags/my_first_dag.py
[2025-07-30T17:01:39.755+0000] {processor.py:925} INFO - DAG(s) 'my_first_dag' retrieved from /opt/airflow/dags/my_first_dag.py
[2025-07-30T17:01:39.788+0000] {logging_mixin.py:190} INFO - [2025-07-30T17:01:39.788+0000] {dag.py:3239} INFO - Sync 1 DAGs
[2025-07-30T17:01:39.808+0000] {logging_mixin.py:190} INFO - [2025-07-30T17:01:39.807+0000] {dag.py:4180} INFO - Setting next_dagrun for my_first_dag to None, run_after=None
[2025-07-30T17:01:39.839+0000] {processor.py:208} INFO - Processing /opt/airflow/dags/my_first_dag.py took 0.122 seconds
[2025-07-30T17:02:10.607+0000] {processor.py:186} INFO - Started process (PID=819) to work on /opt/airflow/dags/my_first_dag.py
[2025-07-30T17:02:10.608+0000] {processor.py:914} INFO - Processing file /opt/airflow/dags/my_first_dag.py for tasks to queue
[2025-07-30T17:02:10.610+0000] {logging_mixin.py:190} INFO - [2025-07-30T17:02:10.610+0000] {dagbag.py:588} INFO - Filling up the DagBag from /opt/airflow/dags/my_first_dag.py
[2025-07-30T17:02:10.618+0000] {processor.py:925} INFO - DAG(s) 'my_first_dag' retrieved from /opt/airflow/dags/my_first_dag.py
[2025-07-30T17:02:10.640+0000] {logging_mixin.py:190} INFO - [2025-07-30T17:02:10.640+0000] {dag.py:3239} INFO - Sync 1 DAGs
[2025-07-30T17:02:10.657+0000] {logging_mixin.py:190} INFO - [2025-07-30T17:02:10.657+0000] {dag.py:4180} INFO - Setting next_dagrun for my_first_dag to None, run_after=None
[2025-07-30T17:02:10.675+0000] {processor.py:208} INFO - Processing /opt/airflow/dags/my_first_dag.py took 0.074 seconds
[2025-07-30T17:02:41.362+0000] {processor.py:186} INFO - Started process (PID=1125) to work on /opt/airflow/dags/my_first_dag.py
[2025-07-30T17:02:41.363+0000] {processor.py:914} INFO - Processing file /opt/airflow/dags/my_first_dag.py for tasks to queue
[2025-07-30T17:02:41.365+0000] {logging_mixin.py:190} INFO - [2025-07-30T17:02:41.365+0000] {dagbag.py:588} INFO - Filling up the DagBag from /opt/airflow/dags/my_first_dag.py
[2025-07-30T17:02:41.372+0000] {processor.py:925} INFO - DAG(s) 'my_first_dag' retrieved from /opt/airflow/dags/my_first_dag.py
[2025-07-30T17:02:41.394+0000] {logging_mixin.py:190} INFO - [2025-07-30T17:02:41.394+0000] {dag.py:3239} INFO - Sync 1 DAGs
[2025-07-30T17:02:41.412+0000] {logging_mixin.py:190} INFO - [2025-07-30T17:02:41.412+0000] {dag.py:4180} INFO - Setting next_dagrun for my_first_dag to None, run_after=None
[2025-07-30T17:02:41.431+0000] {processor.py:208} INFO - Processing /opt/airflow/dags/my_first_dag.py took 0.074 seconds
[2025-07-30T17:03:11.783+0000] {processor.py:186} INFO - Started process (PID=1431) to work on /opt/airflow/dags/my_first_dag.py
[2025-07-30T17:03:11.784+0000] {processor.py:914} INFO - Processing file /opt/airflow/dags/my_first_dag.py for tasks to queue
[2025-07-30T17:03:11.786+0000] {logging_mixin.py:190} INFO - [2025-07-30T17:03:11.786+0000] {dagbag.py:588} INFO - Filling up the DagBag from /opt/airflow/dags/my_first_dag.py
[2025-07-30T17:03:11.794+0000] {processor.py:925} INFO - DAG(s) 'my_first_dag' retrieved from /opt/airflow/dags/my_first_dag.py
[2025-07-30T17:03:11.813+0000] {logging_mixin.py:190} INFO - [2025-07-30T17:03:11.813+0000] {dag.py:3239} INFO - Sync 1 DAGs
[2025-07-30T17:03:11.847+0000] {logging_mixin.py:190} INFO - [2025-07-30T17:03:11.847+0000] {dag.py:4180} INFO - Setting next_dagrun for my_first_dag to None, run_after=None
[2025-07-30T17:03:11.882+0000] {processor.py:208} INFO - Processing /opt/airflow/dags/my_first_dag.py took 0.104 seconds
[2025-07-30T17:03:41.986+0000] {processor.py:186} INFO - Started process (PID=1737) to work on /opt/airflow/dags/my_first_dag.py
[2025-07-30T17:03:41.986+0000] {processor.py:914} INFO - Processing file /opt/airflow/dags/my_first_dag.py for tasks to queue
[2025-07-30T17:03:41.988+0000] {logging_mixin.py:190} INFO - [2025-07-30T17:03:41.988+0000] {dagbag.py:588} INFO - Filling up the DagBag from /opt/airflow/dags/my_first_dag.py
[2025-07-30T17:03:41.993+0000] {processor.py:925} INFO - DAG(s) 'my_first_dag' retrieved from /opt/airflow/dags/my_first_dag.py
[2025-07-30T17:03:42.012+0000] {logging_mixin.py:190} INFO - [2025-07-30T17:03:42.011+0000] {dag.py:3239} INFO - Sync 1 DAGs
[2025-07-30T17:03:42.028+0000] {logging_mixin.py:190} INFO - [2025-07-30T17:03:42.028+0000] {dag.py:4180} INFO - Setting next_dagrun for my_first_dag to None, run_after=None
[2025-07-30T17:03:42.046+0000] {processor.py:208} INFO - Processing /opt/airflow/dags/my_first_dag.py took 0.065 seconds
[2025-07-30T17:04:13.066+0000] {processor.py:186} INFO - Started process (PID=2043) to work on /opt/airflow/dags/my_first_dag.py
[2025-07-30T17:04:13.067+0000] {processor.py:914} INFO - Processing file /opt/airflow/dags/my_first_dag.py for tasks to queue
[2025-07-30T17:04:13.070+0000] {logging_mixin.py:190} INFO - [2025-07-30T17:04:13.069+0000] {dagbag.py:588} INFO - Filling up the DagBag from /opt/airflow/dags/my_first_dag.py
[2025-07-30T17:04:13.079+0000] {processor.py:925} INFO - DAG(s) 'my_first_dag' retrieved from /opt/airflow/dags/my_first_dag.py
[2025-07-30T17:04:13.103+0000] {logging_mixin.py:190} INFO - [2025-07-30T17:04:13.103+0000] {dag.py:3239} INFO - Sync 1 DAGs
[2025-07-30T17:04:13.120+0000] {logging_mixin.py:190} INFO - [2025-07-30T17:04:13.120+0000] {dag.py:4180} INFO - Setting next_dagrun for my_first_dag to None, run_after=None
[2025-07-30T17:04:13.138+0000] {processor.py:208} INFO - Processing /opt/airflow/dags/my_first_dag.py took 0.083 seconds
[2025-07-30T17:04:43.801+0000] {processor.py:186} INFO - Started process (PID=2349) to work on /opt/airflow/dags/my_first_dag.py
[2025-07-30T17:04:43.802+0000] {processor.py:914} INFO - Processing file /opt/airflow/dags/my_first_dag.py for tasks to queue
[2025-07-30T17:04:43.804+0000] {logging_mixin.py:190} INFO - [2025-07-30T17:04:43.804+0000] {dagbag.py:588} INFO - Filling up the DagBag from /opt/airflow/dags/my_first_dag.py
[2025-07-30T17:04:43.811+0000] {processor.py:925} INFO - DAG(s) 'my_first_dag' retrieved from /opt/airflow/dags/my_first_dag.py
[2025-07-30T17:04:43.832+0000] {logging_mixin.py:190} INFO - [2025-07-30T17:04:43.832+0000] {dag.py:3239} INFO - Sync 1 DAGs
[2025-07-30T17:04:43.850+0000] {logging_mixin.py:190} INFO - [2025-07-30T17:04:43.850+0000] {dag.py:4180} INFO - Setting next_dagrun for my_first_dag to None, run_after=None
[2025-07-30T17:04:43.868+0000] {processor.py:208} INFO - Processing /opt/airflow/dags/my_first_dag.py took 0.072 seconds
[2025-07-30T17:05:14.616+0000] {processor.py:186} INFO - Started process (PID=2655) to work on /opt/airflow/dags/my_first_dag.py
[2025-07-30T17:05:14.617+0000] {processor.py:914} INFO - Processing file /opt/airflow/dags/my_first_dag.py for tasks to queue
[2025-07-30T17:05:14.619+0000] {logging_mixin.py:190} INFO - [2025-07-30T17:05:14.619+0000] {dagbag.py:588} INFO - Filling up the DagBag from /opt/airflow/dags/my_first_dag.py
[2025-07-30T17:05:14.627+0000] {processor.py:925} INFO - DAG(s) 'my_first_dag' retrieved from /opt/airflow/dags/my_first_dag.py
[2025-07-30T17:05:14.648+0000] {logging_mixin.py:190} INFO - [2025-07-30T17:05:14.648+0000] {dag.py:3239} INFO - Sync 1 DAGs
[2025-07-30T17:05:14.666+0000] {logging_mixin.py:190} INFO - [2025-07-30T17:05:14.665+0000] {dag.py:4180} INFO - Setting next_dagrun for my_first_dag to None, run_after=None
[2025-07-30T17:05:14.683+0000] {processor.py:208} INFO - Processing /opt/airflow/dags/my_first_dag.py took 0.073 seconds
[2025-07-30T17:05:45.041+0000] {processor.py:186} INFO - Started process (PID=2961) to work on /opt/airflow/dags/my_first_dag.py
[2025-07-30T17:05:45.042+0000] {processor.py:914} INFO - Processing file /opt/airflow/dags/my_first_dag.py for tasks to queue
[2025-07-30T17:05:45.044+0000] {logging_mixin.py:190} INFO - [2025-07-30T17:05:45.044+0000] {dagbag.py:588} INFO - Filling up the DagBag from /opt/airflow/dags/my_first_dag.py
[2025-07-30T17:05:45.051+0000] {processor.py:925} INFO - DAG(s) 'my_first_dag' retrieved from /opt/airflow/dags/my_first_dag.py
[2025-07-30T17:05:45.072+0000] {logging_mixin.py:190} INFO - [2025-07-30T17:05:45.071+0000] {dag.py:3239} INFO - Sync 1 DAGs
[2025-07-30T17:05:45.088+0000] {logging_mixin.py:190} INFO - [2025-07-30T17:05:45.088+0000] {dag.py:4180} INFO - Setting next_dagrun for my_first_dag to None, run_after=None
[2025-07-30T17:05:45.105+0000] {processor.py:208} INFO - Processing /opt/airflow/dags/my_first_dag.py took 0.069 seconds
[2025-07-30T17:06:15.986+0000] {processor.py:186} INFO - Started process (PID=3267) to work on /opt/airflow/dags/my_first_dag.py
[2025-07-30T17:06:15.987+0000] {processor.py:914} INFO - Processing file /opt/airflow/dags/my_first_dag.py for tasks to queue
[2025-07-30T17:06:15.991+0000] {logging_mixin.py:190} INFO - [2025-07-30T17:06:15.991+0000] {dagbag.py:588} INFO - Filling up the DagBag from /opt/airflow/dags/my_first_dag.py
[2025-07-30T17:06:16.002+0000] {processor.py:925} INFO - DAG(s) 'my_first_dag' retrieved from /opt/airflow/dags/my_first_dag.py
[2025-07-30T17:06:16.043+0000] {logging_mixin.py:190} INFO - [2025-07-30T17:06:16.043+0000] {dag.py:3239} INFO - Sync 1 DAGs
[2025-07-30T17:06:16.072+0000] {logging_mixin.py:190} INFO - [2025-07-30T17:06:16.071+0000] {dag.py:4180} INFO - Setting next_dagrun for my_first_dag to None, run_after=None
[2025-07-30T17:06:16.089+0000] {processor.py:208} INFO - Processing /opt/airflow/dags/my_first_dag.py took 0.114 seconds
[2025-07-30T17:06:47.006+0000] {processor.py:186} INFO - Started process (PID=3573) to work on /opt/airflow/dags/my_first_dag.py
[2025-07-30T17:06:47.007+0000] {processor.py:914} INFO - Processing file /opt/airflow/dags/my_first_dag.py for tasks to queue
[2025-07-30T17:06:47.011+0000] {logging_mixin.py:190} INFO - [2025-07-30T17:06:47.009+0000] {dagbag.py:588} INFO - Filling up the DagBag from /opt/airflow/dags/my_first_dag.py
[2025-07-30T17:06:47.018+0000] {processor.py:925} INFO - DAG(s) 'my_first_dag' retrieved from /opt/airflow/dags/my_first_dag.py
[2025-07-30T17:06:47.040+0000] {logging_mixin.py:190} INFO - [2025-07-30T17:06:47.040+0000] {dag.py:3239} INFO - Sync 1 DAGs
[2025-07-30T17:06:47.064+0000] {logging_mixin.py:190} INFO - [2025-07-30T17:06:47.064+0000] {dag.py:4180} INFO - Setting next_dagrun for my_first_dag to None, run_after=None
[2025-07-30T17:06:47.109+0000] {processor.py:208} INFO - Processing /opt/airflow/dags/my_first_dag.py took 0.108 seconds
[2025-07-30T17:07:17.346+0000] {processor.py:186} INFO - Started process (PID=3879) to work on /opt/airflow/dags/my_first_dag.py
[2025-07-30T17:07:17.347+0000] {processor.py:914} INFO - Processing file /opt/airflow/dags/my_first_dag.py for tasks to queue
[2025-07-30T17:07:17.349+0000] {logging_mixin.py:190} INFO - [2025-07-30T17:07:17.349+0000] {dagbag.py:588} INFO - Filling up the DagBag from /opt/airflow/dags/my_first_dag.py
[2025-07-30T17:07:17.356+0000] {processor.py:925} INFO - DAG(s) 'my_first_dag' retrieved from /opt/airflow/dags/my_first_dag.py
[2025-07-30T17:07:17.377+0000] {logging_mixin.py:190} INFO - [2025-07-30T17:07:17.377+0000] {dag.py:3239} INFO - Sync 1 DAGs
[2025-07-30T17:07:17.394+0000] {logging_mixin.py:190} INFO - [2025-07-30T17:07:17.394+0000] {dag.py:4180} INFO - Setting next_dagrun for my_first_dag to None, run_after=None
[2025-07-30T17:07:17.412+0000] {processor.py:208} INFO - Processing /opt/airflow/dags/my_first_dag.py took 0.072 seconds
[2025-07-30T17:07:47.922+0000] {processor.py:186} INFO - Started process (PID=4185) to work on /opt/airflow/dags/my_first_dag.py
[2025-07-30T17:07:47.922+0000] {processor.py:914} INFO - Processing file /opt/airflow/dags/my_first_dag.py for tasks to queue
[2025-07-30T17:07:47.925+0000] {logging_mixin.py:190} INFO - [2025-07-30T17:07:47.924+0000] {dagbag.py:588} INFO - Filling up the DagBag from /opt/airflow/dags/my_first_dag.py
[2025-07-30T17:07:47.932+0000] {processor.py:925} INFO - DAG(s) 'my_first_dag' retrieved from /opt/airflow/dags/my_first_dag.py
[2025-07-30T17:07:47.953+0000] {logging_mixin.py:190} INFO - [2025-07-30T17:07:47.953+0000] {dag.py:3239} INFO - Sync 1 DAGs
[2025-07-30T17:07:47.970+0000] {logging_mixin.py:190} INFO - [2025-07-30T17:07:47.970+0000] {dag.py:4180} INFO - Setting next_dagrun for my_first_dag to None, run_after=None
[2025-07-30T17:07:47.987+0000] {processor.py:208} INFO - Processing /opt/airflow/dags/my_first_dag.py took 0.070 seconds
[2025-07-30T17:08:18.329+0000] {processor.py:186} INFO - Started process (PID=4491) to work on /opt/airflow/dags/my_first_dag.py
[2025-07-30T17:08:18.330+0000] {processor.py:914} INFO - Processing file /opt/airflow/dags/my_first_dag.py for tasks to queue
[2025-07-30T17:08:18.332+0000] {logging_mixin.py:190} INFO - [2025-07-30T17:08:18.331+0000] {dagbag.py:588} INFO - Filling up the DagBag from /opt/airflow/dags/my_first_dag.py
[2025-07-30T17:08:18.339+0000] {processor.py:925} INFO - DAG(s) 'my_first_dag' retrieved from /opt/airflow/dags/my_first_dag.py
[2025-07-30T17:08:18.362+0000] {logging_mixin.py:190} INFO - [2025-07-30T17:08:18.362+0000] {dag.py:3239} INFO - Sync 1 DAGs
[2025-07-30T17:08:18.380+0000] {logging_mixin.py:190} INFO - [2025-07-30T17:08:18.380+0000] {dag.py:4180} INFO - Setting next_dagrun for my_first_dag to None, run_after=None
[2025-07-30T17:08:18.398+0000] {processor.py:208} INFO - Processing /opt/airflow/dags/my_first_dag.py took 0.075 seconds
[2025-07-30T17:08:48.540+0000] {processor.py:186} INFO - Started process (PID=4797) to work on /opt/airflow/dags/my_first_dag.py
[2025-07-30T17:08:48.541+0000] {processor.py:914} INFO - Processing file /opt/airflow/dags/my_first_dag.py for tasks to queue
[2025-07-30T17:08:48.543+0000] {logging_mixin.py:190} INFO - [2025-07-30T17:08:48.543+0000] {dagbag.py:588} INFO - Filling up the DagBag from /opt/airflow/dags/my_first_dag.py
[2025-07-30T17:08:48.550+0000] {processor.py:925} INFO - DAG(s) 'my_first_dag' retrieved from /opt/airflow/dags/my_first_dag.py
[2025-07-30T17:08:48.574+0000] {logging_mixin.py:190} INFO - [2025-07-30T17:08:48.573+0000] {dag.py:3239} INFO - Sync 1 DAGs
[2025-07-30T17:08:48.597+0000] {logging_mixin.py:190} INFO - [2025-07-30T17:08:48.597+0000] {dag.py:4180} INFO - Setting next_dagrun for my_first_dag to None, run_after=None
[2025-07-30T17:08:48.615+0000] {processor.py:208} INFO - Processing /opt/airflow/dags/my_first_dag.py took 0.080 seconds
[2025-07-30T17:09:19.293+0000] {processor.py:186} INFO - Started process (PID=5103) to work on /opt/airflow/dags/my_first_dag.py
[2025-07-30T17:09:19.294+0000] {processor.py:914} INFO - Processing file /opt/airflow/dags/my_first_dag.py for tasks to queue
[2025-07-30T17:09:19.296+0000] {logging_mixin.py:190} INFO - [2025-07-30T17:09:19.296+0000] {dagbag.py:588} INFO - Filling up the DagBag from /opt/airflow/dags/my_first_dag.py
[2025-07-30T17:09:19.304+0000] {processor.py:925} INFO - DAG(s) 'my_first_dag' retrieved from /opt/airflow/dags/my_first_dag.py
[2025-07-30T17:09:19.324+0000] {logging_mixin.py:190} INFO - [2025-07-30T17:09:19.323+0000] {dag.py:3239} INFO - Sync 1 DAGs
[2025-07-30T17:09:19.344+0000] {logging_mixin.py:190} INFO - [2025-07-30T17:09:19.344+0000] {dag.py:4180} INFO - Setting next_dagrun for my_first_dag to None, run_after=None
[2025-07-30T17:09:19.362+0000] {processor.py:208} INFO - Processing /opt/airflow/dags/my_first_dag.py took 0.074 seconds
[2025-07-30T17:09:49.545+0000] {processor.py:186} INFO - Started process (PID=5409) to work on /opt/airflow/dags/my_first_dag.py
[2025-07-30T17:09:49.545+0000] {processor.py:914} INFO - Processing file /opt/airflow/dags/my_first_dag.py for tasks to queue
[2025-07-30T17:09:49.547+0000] {logging_mixin.py:190} INFO - [2025-07-30T17:09:49.547+0000] {dagbag.py:588} INFO - Filling up the DagBag from /opt/airflow/dags/my_first_dag.py
[2025-07-30T17:09:49.555+0000] {processor.py:925} INFO - DAG(s) 'my_first_dag' retrieved from /opt/airflow/dags/my_first_dag.py
[2025-07-30T17:09:49.574+0000] {logging_mixin.py:190} INFO - [2025-07-30T17:09:49.574+0000] {dag.py:3239} INFO - Sync 1 DAGs
[2025-07-30T17:09:49.592+0000] {logging_mixin.py:190} INFO - [2025-07-30T17:09:49.592+0000] {dag.py:4180} INFO - Setting next_dagrun for my_first_dag to None, run_after=None
[2025-07-30T17:09:49.610+0000] {processor.py:208} INFO - Processing /opt/airflow/dags/my_first_dag.py took 0.071 seconds
[2025-07-30T17:10:20.174+0000] {processor.py:186} INFO - Started process (PID=5713) to work on /opt/airflow/dags/my_first_dag.py
[2025-07-30T17:10:20.175+0000] {processor.py:914} INFO - Processing file /opt/airflow/dags/my_first_dag.py for tasks to queue
[2025-07-30T17:10:20.177+0000] {logging_mixin.py:190} INFO - [2025-07-30T17:10:20.177+0000] {dagbag.py:588} INFO - Filling up the DagBag from /opt/airflow/dags/my_first_dag.py
[2025-07-30T17:10:20.184+0000] {processor.py:925} INFO - DAG(s) 'my_first_dag' retrieved from /opt/airflow/dags/my_first_dag.py
[2025-07-30T17:10:20.205+0000] {logging_mixin.py:190} INFO - [2025-07-30T17:10:20.205+0000] {dag.py:3239} INFO - Sync 1 DAGs
[2025-07-30T17:10:20.221+0000] {logging_mixin.py:190} INFO - [2025-07-30T17:10:20.221+0000] {dag.py:4180} INFO - Setting next_dagrun for my_first_dag to None, run_after=None
[2025-07-30T17:10:20.241+0000] {processor.py:208} INFO - Processing /opt/airflow/dags/my_first_dag.py took 0.073 seconds
[2025-07-30T17:10:51.051+0000] {processor.py:186} INFO - Started process (PID=6011) to work on /opt/airflow/dags/my_first_dag.py
[2025-07-30T17:10:51.052+0000] {processor.py:914} INFO - Processing file /opt/airflow/dags/my_first_dag.py for tasks to queue
[2025-07-30T17:10:51.056+0000] {logging_mixin.py:190} INFO - [2025-07-30T17:10:51.056+0000] {dagbag.py:588} INFO - Filling up the DagBag from /opt/airflow/dags/my_first_dag.py
[2025-07-30T17:10:51.067+0000] {processor.py:925} INFO - DAG(s) 'my_first_dag' retrieved from /opt/airflow/dags/my_first_dag.py
[2025-07-30T17:10:51.116+0000] {logging_mixin.py:190} INFO - [2025-07-30T17:10:51.116+0000] {dag.py:3239} INFO - Sync 1 DAGs
[2025-07-30T17:10:51.150+0000] {logging_mixin.py:190} INFO - [2025-07-30T17:10:51.150+0000] {dag.py:4180} INFO - Setting next_dagrun for my_first_dag to None, run_after=None
[2025-07-30T17:10:51.182+0000] {processor.py:208} INFO - Processing /opt/airflow/dags/my_first_dag.py took 0.142 seconds
[2025-07-30T17:11:21.947+0000] {processor.py:186} INFO - Started process (PID=6317) to work on /opt/airflow/dags/my_first_dag.py
[2025-07-30T17:11:21.948+0000] {processor.py:914} INFO - Processing file /opt/airflow/dags/my_first_dag.py for tasks to queue
[2025-07-30T17:11:21.950+0000] {logging_mixin.py:190} INFO - [2025-07-30T17:11:21.949+0000] {dagbag.py:588} INFO - Filling up the DagBag from /opt/airflow/dags/my_first_dag.py
[2025-07-30T17:11:21.956+0000] {processor.py:925} INFO - DAG(s) 'my_first_dag' retrieved from /opt/airflow/dags/my_first_dag.py
[2025-07-30T17:11:21.976+0000] {logging_mixin.py:190} INFO - [2025-07-30T17:11:21.976+0000] {dag.py:3239} INFO - Sync 1 DAGs
[2025-07-30T17:11:21.993+0000] {logging_mixin.py:190} INFO - [2025-07-30T17:11:21.993+0000] {dag.py:4180} INFO - Setting next_dagrun for my_first_dag to None, run_after=None
[2025-07-30T17:11:22.011+0000] {processor.py:208} INFO - Processing /opt/airflow/dags/my_first_dag.py took 0.069 seconds
[2025-07-30T17:11:53.010+0000] {processor.py:186} INFO - Started process (PID=6623) to work on /opt/airflow/dags/my_first_dag.py
[2025-07-30T17:11:53.011+0000] {processor.py:914} INFO - Processing file /opt/airflow/dags/my_first_dag.py for tasks to queue
[2025-07-30T17:11:53.013+0000] {logging_mixin.py:190} INFO - [2025-07-30T17:11:53.013+0000] {dagbag.py:588} INFO - Filling up the DagBag from /opt/airflow/dags/my_first_dag.py
[2025-07-30T17:11:53.021+0000] {processor.py:925} INFO - DAG(s) 'my_first_dag' retrieved from /opt/airflow/dags/my_first_dag.py
[2025-07-30T17:11:53.043+0000] {logging_mixin.py:190} INFO - [2025-07-30T17:11:53.042+0000] {dag.py:3239} INFO - Sync 1 DAGs
[2025-07-30T17:11:53.060+0000] {logging_mixin.py:190} INFO - [2025-07-30T17:11:53.060+0000] {dag.py:4180} INFO - Setting next_dagrun for my_first_dag to None, run_after=None
[2025-07-30T17:11:53.078+0000] {processor.py:208} INFO - Processing /opt/airflow/dags/my_first_dag.py took 0.073 seconds
[2025-07-30T17:12:23.415+0000] {processor.py:186} INFO - Started process (PID=6929) to work on /opt/airflow/dags/my_first_dag.py
[2025-07-30T17:12:23.416+0000] {processor.py:914} INFO - Processing file /opt/airflow/dags/my_first_dag.py for tasks to queue
[2025-07-30T17:12:23.419+0000] {logging_mixin.py:190} INFO - [2025-07-30T17:12:23.418+0000] {dagbag.py:588} INFO - Filling up the DagBag from /opt/airflow/dags/my_first_dag.py
[2025-07-30T17:12:23.426+0000] {processor.py:925} INFO - DAG(s) 'my_first_dag' retrieved from /opt/airflow/dags/my_first_dag.py
[2025-07-30T17:12:23.447+0000] {logging_mixin.py:190} INFO - [2025-07-30T17:12:23.447+0000] {dag.py:3239} INFO - Sync 1 DAGs
[2025-07-30T17:12:23.465+0000] {logging_mixin.py:190} INFO - [2025-07-30T17:12:23.465+0000] {dag.py:4180} INFO - Setting next_dagrun for my_first_dag to None, run_after=None
[2025-07-30T17:12:23.482+0000] {processor.py:208} INFO - Processing /opt/airflow/dags/my_first_dag.py took 0.072 seconds
[2025-07-30T17:12:53.899+0000] {processor.py:186} INFO - Started process (PID=7235) to work on /opt/airflow/dags/my_first_dag.py
[2025-07-30T17:12:53.899+0000] {processor.py:914} INFO - Processing file /opt/airflow/dags/my_first_dag.py for tasks to queue
[2025-07-30T17:12:53.901+0000] {logging_mixin.py:190} INFO - [2025-07-30T17:12:53.901+0000] {dagbag.py:588} INFO - Filling up the DagBag from /opt/airflow/dags/my_first_dag.py
[2025-07-30T17:12:53.908+0000] {processor.py:925} INFO - DAG(s) 'my_first_dag' retrieved from /opt/airflow/dags/my_first_dag.py
[2025-07-30T17:12:53.931+0000] {logging_mixin.py:190} INFO - [2025-07-30T17:12:53.931+0000] {dag.py:3239} INFO - Sync 1 DAGs
[2025-07-30T17:12:53.949+0000] {logging_mixin.py:190} INFO - [2025-07-30T17:12:53.949+0000] {dag.py:4180} INFO - Setting next_dagrun for my_first_dag to None, run_after=None
[2025-07-30T17:12:53.967+0000] {processor.py:208} INFO - Processing /opt/airflow/dags/my_first_dag.py took 0.073 seconds
