[2025-07-30T17:01:06.507+0000] {processor.py:186} INFO - Started process (PID=196) to work on /opt/airflow/dags/play_with_airflow_connections_and_hooks.py
[2025-07-30T17:01:06.514+0000] {processor.py:914} INFO - Processing file /opt/airflow/dags/play_with_airflow_connections_and_hooks.py for tasks to queue
[2025-07-30T17:01:06.521+0000] {logging_mixin.py:190} INFO - [2025-07-30T17:01:06.520+0000] {dagbag.py:588} INFO - Filling up the DagBag from /opt/airflow/dags/play_with_airflow_connections_and_hooks.py
[2025-07-30T17:01:06.586+0000] {processor.py:925} INFO - DAG(s) 'play_with_airflow_connections_and_hooks' retrieved from /opt/airflow/dags/play_with_airflow_connections_and_hooks.py
[2025-07-30T17:01:07.203+0000] {logging_mixin.py:190} INFO - [2025-07-30T17:01:07.202+0000] {override.py:1911} INFO - Created Permission View: can read on DAG:play_with_airflow_connections_and_hooks
[2025-07-30T17:01:07.224+0000] {logging_mixin.py:190} INFO - [2025-07-30T17:01:07.224+0000] {override.py:1911} INFO - Created Permission View: can delete on DAG:play_with_airflow_connections_and_hooks
[2025-07-30T17:01:07.231+0000] {logging_mixin.py:190} INFO - [2025-07-30T17:01:07.231+0000] {override.py:1911} INFO - Created Permission View: can edit on DAG:play_with_airflow_connections_and_hooks
[2025-07-30T17:01:07.243+0000] {logging_mixin.py:190} INFO - [2025-07-30T17:01:07.243+0000] {override.py:1911} INFO - Created Permission View: can read on DAG Run:play_with_airflow_connections_and_hooks
[2025-07-30T17:01:07.253+0000] {logging_mixin.py:190} INFO - [2025-07-30T17:01:07.253+0000] {override.py:1911} INFO - Created Permission View: menu access on DAG Run:play_with_airflow_connections_and_hooks
[2025-07-30T17:01:07.263+0000] {logging_mixin.py:190} INFO - [2025-07-30T17:01:07.263+0000] {override.py:1911} INFO - Created Permission View: can delete on DAG Run:play_with_airflow_connections_and_hooks
[2025-07-30T17:01:07.277+0000] {logging_mixin.py:190} INFO - [2025-07-30T17:01:07.277+0000] {override.py:1911} INFO - Created Permission View: can create on DAG Run:play_with_airflow_connections_and_hooks
[2025-07-30T17:01:07.278+0000] {logging_mixin.py:190} INFO - [2025-07-30T17:01:07.278+0000] {dag.py:3239} INFO - Sync 1 DAGs
[2025-07-30T17:01:07.357+0000] {logging_mixin.py:190} INFO - [2025-07-30T17:01:07.357+0000] {dag.py:3262} INFO - Creating ORM DAG for play_with_airflow_connections_and_hooks
[2025-07-30T17:01:07.391+0000] {logging_mixin.py:190} INFO - [2025-07-30T17:01:07.391+0000] {dag.py:4180} INFO - Setting next_dagrun for play_with_airflow_connections_and_hooks to 2025-07-29 00:00:00+00:00, run_after=2025-07-30 00:00:00+00:00
[2025-07-30T17:01:07.428+0000] {processor.py:208} INFO - Processing /opt/airflow/dags/play_with_airflow_connections_and_hooks.py took 0.947 seconds
[2025-07-30T17:01:37.549+0000] {processor.py:186} INFO - Started process (PID=502) to work on /opt/airflow/dags/play_with_airflow_connections_and_hooks.py
[2025-07-30T17:01:37.552+0000] {processor.py:914} INFO - Processing file /opt/airflow/dags/play_with_airflow_connections_and_hooks.py for tasks to queue
[2025-07-30T17:01:37.559+0000] {logging_mixin.py:190} INFO - [2025-07-30T17:01:37.559+0000] {dagbag.py:588} INFO - Filling up the DagBag from /opt/airflow/dags/play_with_airflow_connections_and_hooks.py
[2025-07-30T17:01:37.593+0000] {processor.py:925} INFO - DAG(s) 'play_with_airflow_connections_and_hooks' retrieved from /opt/airflow/dags/play_with_airflow_connections_and_hooks.py
[2025-07-30T17:01:37.640+0000] {logging_mixin.py:190} INFO - [2025-07-30T17:01:37.640+0000] {dag.py:3239} INFO - Sync 1 DAGs
[2025-07-30T17:01:37.667+0000] {logging_mixin.py:190} INFO - [2025-07-30T17:01:37.667+0000] {dag.py:4180} INFO - Setting next_dagrun for play_with_airflow_connections_and_hooks to 2025-07-29 00:00:00+00:00, run_after=2025-07-30 00:00:00+00:00
[2025-07-30T17:01:37.691+0000] {processor.py:208} INFO - Processing /opt/airflow/dags/play_with_airflow_connections_and_hooks.py took 0.150 seconds
[2025-07-30T17:02:08.587+0000] {processor.py:186} INFO - Started process (PID=807) to work on /opt/airflow/dags/play_with_airflow_connections_and_hooks.py
[2025-07-30T17:02:08.588+0000] {processor.py:914} INFO - Processing file /opt/airflow/dags/play_with_airflow_connections_and_hooks.py for tasks to queue
[2025-07-30T17:02:08.590+0000] {logging_mixin.py:190} INFO - [2025-07-30T17:02:08.590+0000] {dagbag.py:588} INFO - Filling up the DagBag from /opt/airflow/dags/play_with_airflow_connections_and_hooks.py
[2025-07-30T17:02:08.600+0000] {processor.py:925} INFO - DAG(s) 'play_with_airflow_connections_and_hooks' retrieved from /opt/airflow/dags/play_with_airflow_connections_and_hooks.py
[2025-07-30T17:02:08.620+0000] {logging_mixin.py:190} INFO - [2025-07-30T17:02:08.619+0000] {dag.py:3239} INFO - Sync 1 DAGs
[2025-07-30T17:02:08.647+0000] {logging_mixin.py:190} INFO - [2025-07-30T17:02:08.647+0000] {dag.py:4180} INFO - Setting next_dagrun for play_with_airflow_connections_and_hooks to 2025-07-29 00:00:00+00:00, run_after=2025-07-30 00:00:00+00:00
[2025-07-30T17:02:08.665+0000] {processor.py:208} INFO - Processing /opt/airflow/dags/play_with_airflow_connections_and_hooks.py took 0.084 seconds
[2025-07-30T17:02:39.249+0000] {processor.py:186} INFO - Started process (PID=1118) to work on /opt/airflow/dags/play_with_airflow_connections_and_hooks.py
[2025-07-30T17:02:39.251+0000] {processor.py:914} INFO - Processing file /opt/airflow/dags/play_with_airflow_connections_and_hooks.py for tasks to queue
[2025-07-30T17:02:39.253+0000] {logging_mixin.py:190} INFO - [2025-07-30T17:02:39.253+0000] {dagbag.py:588} INFO - Filling up the DagBag from /opt/airflow/dags/play_with_airflow_connections_and_hooks.py
[2025-07-30T17:02:39.263+0000] {processor.py:925} INFO - DAG(s) 'play_with_airflow_connections_and_hooks' retrieved from /opt/airflow/dags/play_with_airflow_connections_and_hooks.py
[2025-07-30T17:02:39.283+0000] {logging_mixin.py:190} INFO - [2025-07-30T17:02:39.283+0000] {dag.py:3239} INFO - Sync 1 DAGs
[2025-07-30T17:02:39.311+0000] {logging_mixin.py:190} INFO - [2025-07-30T17:02:39.311+0000] {dag.py:4180} INFO - Setting next_dagrun for play_with_airflow_connections_and_hooks to 2025-07-29 00:00:00+00:00, run_after=2025-07-30 00:00:00+00:00
[2025-07-30T17:02:39.328+0000] {processor.py:208} INFO - Processing /opt/airflow/dags/play_with_airflow_connections_and_hooks.py took 0.085 seconds
[2025-07-30T17:03:09.622+0000] {processor.py:186} INFO - Started process (PID=1424) to work on /opt/airflow/dags/play_with_airflow_connections_and_hooks.py
[2025-07-30T17:03:09.622+0000] {processor.py:914} INFO - Processing file /opt/airflow/dags/play_with_airflow_connections_and_hooks.py for tasks to queue
[2025-07-30T17:03:09.625+0000] {logging_mixin.py:190} INFO - [2025-07-30T17:03:09.624+0000] {dagbag.py:588} INFO - Filling up the DagBag from /opt/airflow/dags/play_with_airflow_connections_and_hooks.py
[2025-07-30T17:03:09.634+0000] {processor.py:925} INFO - DAG(s) 'play_with_airflow_connections_and_hooks' retrieved from /opt/airflow/dags/play_with_airflow_connections_and_hooks.py
[2025-07-30T17:03:09.667+0000] {logging_mixin.py:190} INFO - [2025-07-30T17:03:09.666+0000] {dag.py:3239} INFO - Sync 1 DAGs
[2025-07-30T17:03:09.717+0000] {logging_mixin.py:190} INFO - [2025-07-30T17:03:09.716+0000] {dag.py:4180} INFO - Setting next_dagrun for play_with_airflow_connections_and_hooks to 2025-07-29 00:00:00+00:00, run_after=2025-07-30 00:00:00+00:00
[2025-07-30T17:03:09.750+0000] {processor.py:208} INFO - Processing /opt/airflow/dags/play_with_airflow_connections_and_hooks.py took 0.138 seconds
[2025-07-30T17:03:39.887+0000] {processor.py:186} INFO - Started process (PID=1730) to work on /opt/airflow/dags/play_with_airflow_connections_and_hooks.py
[2025-07-30T17:03:39.888+0000] {processor.py:914} INFO - Processing file /opt/airflow/dags/play_with_airflow_connections_and_hooks.py for tasks to queue
[2025-07-30T17:03:39.891+0000] {logging_mixin.py:190} INFO - [2025-07-30T17:03:39.890+0000] {dagbag.py:588} INFO - Filling up the DagBag from /opt/airflow/dags/play_with_airflow_connections_and_hooks.py
[2025-07-30T17:03:39.900+0000] {processor.py:925} INFO - DAG(s) 'play_with_airflow_connections_and_hooks' retrieved from /opt/airflow/dags/play_with_airflow_connections_and_hooks.py
[2025-07-30T17:03:39.919+0000] {logging_mixin.py:190} INFO - [2025-07-30T17:03:39.919+0000] {dag.py:3239} INFO - Sync 1 DAGs
[2025-07-30T17:03:39.950+0000] {logging_mixin.py:190} INFO - [2025-07-30T17:03:39.950+0000] {dag.py:4180} INFO - Setting next_dagrun for play_with_airflow_connections_and_hooks to 2025-07-29 00:00:00+00:00, run_after=2025-07-30 00:00:00+00:00
[2025-07-30T17:03:39.969+0000] {processor.py:208} INFO - Processing /opt/airflow/dags/play_with_airflow_connections_and_hooks.py took 0.092 seconds
[2025-07-30T17:04:10.938+0000] {processor.py:186} INFO - Started process (PID=2036) to work on /opt/airflow/dags/play_with_airflow_connections_and_hooks.py
[2025-07-30T17:04:10.939+0000] {processor.py:914} INFO - Processing file /opt/airflow/dags/play_with_airflow_connections_and_hooks.py for tasks to queue
[2025-07-30T17:04:10.942+0000] {logging_mixin.py:190} INFO - [2025-07-30T17:04:10.941+0000] {dagbag.py:588} INFO - Filling up the DagBag from /opt/airflow/dags/play_with_airflow_connections_and_hooks.py
[2025-07-30T17:04:10.951+0000] {processor.py:925} INFO - DAG(s) 'play_with_airflow_connections_and_hooks' retrieved from /opt/airflow/dags/play_with_airflow_connections_and_hooks.py
[2025-07-30T17:04:10.969+0000] {logging_mixin.py:190} INFO - [2025-07-30T17:04:10.969+0000] {dag.py:3239} INFO - Sync 1 DAGs
[2025-07-30T17:04:10.996+0000] {logging_mixin.py:190} INFO - [2025-07-30T17:04:10.996+0000] {dag.py:4180} INFO - Setting next_dagrun for play_with_airflow_connections_and_hooks to 2025-07-29 00:00:00+00:00, run_after=2025-07-30 00:00:00+00:00
[2025-07-30T17:04:11.015+0000] {processor.py:208} INFO - Processing /opt/airflow/dags/play_with_airflow_connections_and_hooks.py took 0.084 seconds
[2025-07-30T17:04:41.691+0000] {processor.py:186} INFO - Started process (PID=2342) to work on /opt/airflow/dags/play_with_airflow_connections_and_hooks.py
[2025-07-30T17:04:41.692+0000] {processor.py:914} INFO - Processing file /opt/airflow/dags/play_with_airflow_connections_and_hooks.py for tasks to queue
[2025-07-30T17:04:41.694+0000] {logging_mixin.py:190} INFO - [2025-07-30T17:04:41.694+0000] {dagbag.py:588} INFO - Filling up the DagBag from /opt/airflow/dags/play_with_airflow_connections_and_hooks.py
[2025-07-30T17:04:41.703+0000] {processor.py:925} INFO - DAG(s) 'play_with_airflow_connections_and_hooks' retrieved from /opt/airflow/dags/play_with_airflow_connections_and_hooks.py
[2025-07-30T17:04:41.722+0000] {logging_mixin.py:190} INFO - [2025-07-30T17:04:41.722+0000] {dag.py:3239} INFO - Sync 1 DAGs
[2025-07-30T17:04:41.750+0000] {logging_mixin.py:190} INFO - [2025-07-30T17:04:41.749+0000] {dag.py:4180} INFO - Setting next_dagrun for play_with_airflow_connections_and_hooks to 2025-07-29 00:00:00+00:00, run_after=2025-07-30 00:00:00+00:00
[2025-07-30T17:04:41.768+0000] {processor.py:208} INFO - Processing /opt/airflow/dags/play_with_airflow_connections_and_hooks.py took 0.087 seconds
[2025-07-30T17:05:12.501+0000] {processor.py:186} INFO - Started process (PID=2648) to work on /opt/airflow/dags/play_with_airflow_connections_and_hooks.py
[2025-07-30T17:05:12.502+0000] {processor.py:914} INFO - Processing file /opt/airflow/dags/play_with_airflow_connections_and_hooks.py for tasks to queue
[2025-07-30T17:05:12.505+0000] {logging_mixin.py:190} INFO - [2025-07-30T17:05:12.504+0000] {dagbag.py:588} INFO - Filling up the DagBag from /opt/airflow/dags/play_with_airflow_connections_and_hooks.py
[2025-07-30T17:05:12.517+0000] {processor.py:925} INFO - DAG(s) 'play_with_airflow_connections_and_hooks' retrieved from /opt/airflow/dags/play_with_airflow_connections_and_hooks.py
[2025-07-30T17:05:12.537+0000] {logging_mixin.py:190} INFO - [2025-07-30T17:05:12.536+0000] {dag.py:3239} INFO - Sync 1 DAGs
[2025-07-30T17:05:12.567+0000] {logging_mixin.py:190} INFO - [2025-07-30T17:05:12.567+0000] {dag.py:4180} INFO - Setting next_dagrun for play_with_airflow_connections_and_hooks to 2025-07-29 00:00:00+00:00, run_after=2025-07-30 00:00:00+00:00
[2025-07-30T17:05:12.585+0000] {processor.py:208} INFO - Processing /opt/airflow/dags/play_with_airflow_connections_and_hooks.py took 0.095 seconds
[2025-07-30T17:05:42.881+0000] {processor.py:186} INFO - Started process (PID=2954) to work on /opt/airflow/dags/play_with_airflow_connections_and_hooks.py
[2025-07-30T17:05:42.883+0000] {processor.py:914} INFO - Processing file /opt/airflow/dags/play_with_airflow_connections_and_hooks.py for tasks to queue
[2025-07-30T17:05:42.887+0000] {logging_mixin.py:190} INFO - [2025-07-30T17:05:42.887+0000] {dagbag.py:588} INFO - Filling up the DagBag from /opt/airflow/dags/play_with_airflow_connections_and_hooks.py
[2025-07-30T17:05:42.898+0000] {processor.py:925} INFO - DAG(s) 'play_with_airflow_connections_and_hooks' retrieved from /opt/airflow/dags/play_with_airflow_connections_and_hooks.py
[2025-07-30T17:05:42.917+0000] {logging_mixin.py:190} INFO - [2025-07-30T17:05:42.917+0000] {dag.py:3239} INFO - Sync 1 DAGs
[2025-07-30T17:05:42.955+0000] {logging_mixin.py:190} INFO - [2025-07-30T17:05:42.955+0000] {dag.py:4180} INFO - Setting next_dagrun for play_with_airflow_connections_and_hooks to 2025-07-29 00:00:00+00:00, run_after=2025-07-30 00:00:00+00:00
[2025-07-30T17:05:43.007+0000] {processor.py:208} INFO - Processing /opt/airflow/dags/play_with_airflow_connections_and_hooks.py took 0.137 seconds
[2025-07-30T17:06:13.853+0000] {processor.py:186} INFO - Started process (PID=3260) to work on /opt/airflow/dags/play_with_airflow_connections_and_hooks.py
[2025-07-30T17:06:13.854+0000] {processor.py:914} INFO - Processing file /opt/airflow/dags/play_with_airflow_connections_and_hooks.py for tasks to queue
[2025-07-30T17:06:13.856+0000] {logging_mixin.py:190} INFO - [2025-07-30T17:06:13.856+0000] {dagbag.py:588} INFO - Filling up the DagBag from /opt/airflow/dags/play_with_airflow_connections_and_hooks.py
[2025-07-30T17:06:13.866+0000] {processor.py:925} INFO - DAG(s) 'play_with_airflow_connections_and_hooks' retrieved from /opt/airflow/dags/play_with_airflow_connections_and_hooks.py
[2025-07-30T17:06:13.885+0000] {logging_mixin.py:190} INFO - [2025-07-30T17:06:13.885+0000] {dag.py:3239} INFO - Sync 1 DAGs
[2025-07-30T17:06:13.914+0000] {logging_mixin.py:190} INFO - [2025-07-30T17:06:13.913+0000] {dag.py:4180} INFO - Setting next_dagrun for play_with_airflow_connections_and_hooks to 2025-07-29 00:00:00+00:00, run_after=2025-07-30 00:00:00+00:00
[2025-07-30T17:06:13.931+0000] {processor.py:208} INFO - Processing /opt/airflow/dags/play_with_airflow_connections_and_hooks.py took 0.084 seconds
[2025-07-30T17:06:43.989+0000] {processor.py:186} INFO - Started process (PID=3566) to work on /opt/airflow/dags/play_with_airflow_connections_and_hooks.py
[2025-07-30T17:06:43.990+0000] {processor.py:914} INFO - Processing file /opt/airflow/dags/play_with_airflow_connections_and_hooks.py for tasks to queue
[2025-07-30T17:06:43.992+0000] {logging_mixin.py:190} INFO - [2025-07-30T17:06:43.992+0000] {dagbag.py:588} INFO - Filling up the DagBag from /opt/airflow/dags/play_with_airflow_connections_and_hooks.py
[2025-07-30T17:06:44.002+0000] {processor.py:925} INFO - DAG(s) 'play_with_airflow_connections_and_hooks' retrieved from /opt/airflow/dags/play_with_airflow_connections_and_hooks.py
[2025-07-30T17:06:44.023+0000] {logging_mixin.py:190} INFO - [2025-07-30T17:06:44.023+0000] {dag.py:3239} INFO - Sync 1 DAGs
[2025-07-30T17:06:44.050+0000] {logging_mixin.py:190} INFO - [2025-07-30T17:06:44.049+0000] {dag.py:4180} INFO - Setting next_dagrun for play_with_airflow_connections_and_hooks to 2025-07-29 00:00:00+00:00, run_after=2025-07-30 00:00:00+00:00
[2025-07-30T17:06:44.067+0000] {processor.py:208} INFO - Processing /opt/airflow/dags/play_with_airflow_connections_and_hooks.py took 0.085 seconds
[2025-07-30T17:07:14.225+0000] {processor.py:186} INFO - Started process (PID=3872) to work on /opt/airflow/dags/play_with_airflow_connections_and_hooks.py
[2025-07-30T17:07:14.226+0000] {processor.py:914} INFO - Processing file /opt/airflow/dags/play_with_airflow_connections_and_hooks.py for tasks to queue
[2025-07-30T17:07:14.229+0000] {logging_mixin.py:190} INFO - [2025-07-30T17:07:14.228+0000] {dagbag.py:588} INFO - Filling up the DagBag from /opt/airflow/dags/play_with_airflow_connections_and_hooks.py
[2025-07-30T17:07:14.238+0000] {processor.py:925} INFO - DAG(s) 'play_with_airflow_connections_and_hooks' retrieved from /opt/airflow/dags/play_with_airflow_connections_and_hooks.py
[2025-07-30T17:07:14.263+0000] {logging_mixin.py:190} INFO - [2025-07-30T17:07:14.263+0000] {dag.py:3239} INFO - Sync 1 DAGs
[2025-07-30T17:07:14.291+0000] {logging_mixin.py:190} INFO - [2025-07-30T17:07:14.290+0000] {dag.py:4180} INFO - Setting next_dagrun for play_with_airflow_connections_and_hooks to 2025-07-29 00:00:00+00:00, run_after=2025-07-30 00:00:00+00:00
[2025-07-30T17:07:14.309+0000] {processor.py:208} INFO - Processing /opt/airflow/dags/play_with_airflow_connections_and_hooks.py took 0.090 seconds
[2025-07-30T17:07:44.804+0000] {processor.py:186} INFO - Started process (PID=4178) to work on /opt/airflow/dags/play_with_airflow_connections_and_hooks.py
[2025-07-30T17:07:44.805+0000] {processor.py:914} INFO - Processing file /opt/airflow/dags/play_with_airflow_connections_and_hooks.py for tasks to queue
[2025-07-30T17:07:44.807+0000] {logging_mixin.py:190} INFO - [2025-07-30T17:07:44.807+0000] {dagbag.py:588} INFO - Filling up the DagBag from /opt/airflow/dags/play_with_airflow_connections_and_hooks.py
[2025-07-30T17:07:44.817+0000] {processor.py:925} INFO - DAG(s) 'play_with_airflow_connections_and_hooks' retrieved from /opt/airflow/dags/play_with_airflow_connections_and_hooks.py
[2025-07-30T17:07:44.836+0000] {logging_mixin.py:190} INFO - [2025-07-30T17:07:44.836+0000] {dag.py:3239} INFO - Sync 1 DAGs
[2025-07-30T17:07:44.867+0000] {logging_mixin.py:190} INFO - [2025-07-30T17:07:44.867+0000] {dag.py:4180} INFO - Setting next_dagrun for play_with_airflow_connections_and_hooks to 2025-07-29 00:00:00+00:00, run_after=2025-07-30 00:00:00+00:00
[2025-07-30T17:07:44.884+0000] {processor.py:208} INFO - Processing /opt/airflow/dags/play_with_airflow_connections_and_hooks.py took 0.090 seconds
[2025-07-30T17:08:15.100+0000] {processor.py:186} INFO - Started process (PID=4464) to work on /opt/airflow/dags/play_with_airflow_connections_and_hooks.py
[2025-07-30T17:08:15.101+0000] {processor.py:914} INFO - Processing file /opt/airflow/dags/play_with_airflow_connections_and_hooks.py for tasks to queue
[2025-07-30T17:08:15.103+0000] {logging_mixin.py:190} INFO - [2025-07-30T17:08:15.103+0000] {dagbag.py:588} INFO - Filling up the DagBag from /opt/airflow/dags/play_with_airflow_connections_and_hooks.py
[2025-07-30T17:08:15.113+0000] {processor.py:925} INFO - DAG(s) 'play_with_airflow_connections_and_hooks' retrieved from /opt/airflow/dags/play_with_airflow_connections_and_hooks.py
[2025-07-30T17:08:15.131+0000] {logging_mixin.py:190} INFO - [2025-07-30T17:08:15.131+0000] {dag.py:3239} INFO - Sync 1 DAGs
[2025-07-30T17:08:15.158+0000] {logging_mixin.py:190} INFO - [2025-07-30T17:08:15.157+0000] {dag.py:4180} INFO - Setting next_dagrun for play_with_airflow_connections_and_hooks to 2025-07-29 00:00:00+00:00, run_after=2025-07-30 00:00:00+00:00
[2025-07-30T17:08:15.187+0000] {processor.py:208} INFO - Processing /opt/airflow/dags/play_with_airflow_connections_and_hooks.py took 0.092 seconds
[2025-07-30T17:08:46.234+0000] {processor.py:186} INFO - Started process (PID=4762) to work on /opt/airflow/dags/play_with_airflow_connections_and_hooks.py
[2025-07-30T17:08:46.235+0000] {processor.py:914} INFO - Processing file /opt/airflow/dags/play_with_airflow_connections_and_hooks.py for tasks to queue
[2025-07-30T17:08:46.237+0000] {logging_mixin.py:190} INFO - [2025-07-30T17:08:46.237+0000] {dagbag.py:588} INFO - Filling up the DagBag from /opt/airflow/dags/play_with_airflow_connections_and_hooks.py
[2025-07-30T17:08:46.246+0000] {processor.py:925} INFO - DAG(s) 'play_with_airflow_connections_and_hooks' retrieved from /opt/airflow/dags/play_with_airflow_connections_and_hooks.py
[2025-07-30T17:08:46.267+0000] {logging_mixin.py:190} INFO - [2025-07-30T17:08:46.266+0000] {dag.py:3239} INFO - Sync 1 DAGs
[2025-07-30T17:08:46.294+0000] {logging_mixin.py:190} INFO - [2025-07-30T17:08:46.294+0000] {dag.py:4180} INFO - Setting next_dagrun for play_with_airflow_connections_and_hooks to 2025-07-29 00:00:00+00:00, run_after=2025-07-30 00:00:00+00:00
[2025-07-30T17:08:46.312+0000] {processor.py:208} INFO - Processing /opt/airflow/dags/play_with_airflow_connections_and_hooks.py took 0.083 seconds
[2025-07-30T17:09:16.628+0000] {processor.py:186} INFO - Started process (PID=5046) to work on /opt/airflow/dags/play_with_airflow_connections_and_hooks.py
[2025-07-30T17:09:16.629+0000] {processor.py:914} INFO - Processing file /opt/airflow/dags/play_with_airflow_connections_and_hooks.py for tasks to queue
[2025-07-30T17:09:16.632+0000] {logging_mixin.py:190} INFO - [2025-07-30T17:09:16.631+0000] {dagbag.py:588} INFO - Filling up the DagBag from /opt/airflow/dags/play_with_airflow_connections_and_hooks.py
[2025-07-30T17:09:16.641+0000] {processor.py:925} INFO - DAG(s) 'play_with_airflow_connections_and_hooks' retrieved from /opt/airflow/dags/play_with_airflow_connections_and_hooks.py
[2025-07-30T17:09:16.662+0000] {logging_mixin.py:190} INFO - [2025-07-30T17:09:16.661+0000] {dag.py:3239} INFO - Sync 1 DAGs
[2025-07-30T17:09:16.690+0000] {logging_mixin.py:190} INFO - [2025-07-30T17:09:16.689+0000] {dag.py:4180} INFO - Setting next_dagrun for play_with_airflow_connections_and_hooks to 2025-07-29 00:00:00+00:00, run_after=2025-07-30 00:00:00+00:00
[2025-07-30T17:09:16.708+0000] {processor.py:208} INFO - Processing /opt/airflow/dags/play_with_airflow_connections_and_hooks.py took 0.089 seconds
[2025-07-30T17:09:47.068+0000] {processor.py:186} INFO - Started process (PID=5352) to work on /opt/airflow/dags/play_with_airflow_connections_and_hooks.py
[2025-07-30T17:09:47.069+0000] {processor.py:914} INFO - Processing file /opt/airflow/dags/play_with_airflow_connections_and_hooks.py for tasks to queue
[2025-07-30T17:09:47.072+0000] {logging_mixin.py:190} INFO - [2025-07-30T17:09:47.071+0000] {dagbag.py:588} INFO - Filling up the DagBag from /opt/airflow/dags/play_with_airflow_connections_and_hooks.py
[2025-07-30T17:09:47.082+0000] {processor.py:925} INFO - DAG(s) 'play_with_airflow_connections_and_hooks' retrieved from /opt/airflow/dags/play_with_airflow_connections_and_hooks.py
[2025-07-30T17:09:47.102+0000] {logging_mixin.py:190} INFO - [2025-07-30T17:09:47.102+0000] {dag.py:3239} INFO - Sync 1 DAGs
[2025-07-30T17:09:47.129+0000] {logging_mixin.py:190} INFO - [2025-07-30T17:09:47.128+0000] {dag.py:4180} INFO - Setting next_dagrun for play_with_airflow_connections_and_hooks to 2025-07-29 00:00:00+00:00, run_after=2025-07-30 00:00:00+00:00
[2025-07-30T17:09:47.147+0000] {processor.py:208} INFO - Processing /opt/airflow/dags/play_with_airflow_connections_and_hooks.py took 0.085 seconds
[2025-07-30T17:10:17.869+0000] {processor.py:186} INFO - Started process (PID=5658) to work on /opt/airflow/dags/play_with_airflow_connections_and_hooks.py
[2025-07-30T17:10:17.870+0000] {processor.py:914} INFO - Processing file /opt/airflow/dags/play_with_airflow_connections_and_hooks.py for tasks to queue
[2025-07-30T17:10:17.872+0000] {logging_mixin.py:190} INFO - [2025-07-30T17:10:17.871+0000] {dagbag.py:588} INFO - Filling up the DagBag from /opt/airflow/dags/play_with_airflow_connections_and_hooks.py
[2025-07-30T17:10:17.881+0000] {processor.py:925} INFO - DAG(s) 'play_with_airflow_connections_and_hooks' retrieved from /opt/airflow/dags/play_with_airflow_connections_and_hooks.py
[2025-07-30T17:10:17.901+0000] {logging_mixin.py:190} INFO - [2025-07-30T17:10:17.901+0000] {dag.py:3239} INFO - Sync 1 DAGs
[2025-07-30T17:10:17.928+0000] {logging_mixin.py:190} INFO - [2025-07-30T17:10:17.928+0000] {dag.py:4180} INFO - Setting next_dagrun for play_with_airflow_connections_and_hooks to 2025-07-29 00:00:00+00:00, run_after=2025-07-30 00:00:00+00:00
[2025-07-30T17:10:17.947+0000] {processor.py:208} INFO - Processing /opt/airflow/dags/play_with_airflow_connections_and_hooks.py took 0.084 seconds
[2025-07-30T17:10:48.481+0000] {processor.py:186} INFO - Started process (PID=5964) to work on /opt/airflow/dags/play_with_airflow_connections_and_hooks.py
[2025-07-30T17:10:48.482+0000] {processor.py:914} INFO - Processing file /opt/airflow/dags/play_with_airflow_connections_and_hooks.py for tasks to queue
[2025-07-30T17:10:48.484+0000] {logging_mixin.py:190} INFO - [2025-07-30T17:10:48.484+0000] {dagbag.py:588} INFO - Filling up the DagBag from /opt/airflow/dags/play_with_airflow_connections_and_hooks.py
[2025-07-30T17:10:48.494+0000] {processor.py:925} INFO - DAG(s) 'play_with_airflow_connections_and_hooks' retrieved from /opt/airflow/dags/play_with_airflow_connections_and_hooks.py
[2025-07-30T17:10:48.514+0000] {logging_mixin.py:190} INFO - [2025-07-30T17:10:48.513+0000] {dag.py:3239} INFO - Sync 1 DAGs
[2025-07-30T17:10:48.540+0000] {logging_mixin.py:190} INFO - [2025-07-30T17:10:48.540+0000] {dag.py:4180} INFO - Setting next_dagrun for play_with_airflow_connections_and_hooks to 2025-07-29 00:00:00+00:00, run_after=2025-07-30 00:00:00+00:00
[2025-07-30T17:10:48.559+0000] {processor.py:208} INFO - Processing /opt/airflow/dags/play_with_airflow_connections_and_hooks.py took 0.084 seconds
[2025-07-30T17:11:19.440+0000] {processor.py:186} INFO - Started process (PID=6270) to work on /opt/airflow/dags/play_with_airflow_connections_and_hooks.py
[2025-07-30T17:11:19.441+0000] {processor.py:914} INFO - Processing file /opt/airflow/dags/play_with_airflow_connections_and_hooks.py for tasks to queue
[2025-07-30T17:11:19.443+0000] {logging_mixin.py:190} INFO - [2025-07-30T17:11:19.443+0000] {dagbag.py:588} INFO - Filling up the DagBag from /opt/airflow/dags/play_with_airflow_connections_and_hooks.py
[2025-07-30T17:11:19.453+0000] {processor.py:925} INFO - DAG(s) 'play_with_airflow_connections_and_hooks' retrieved from /opt/airflow/dags/play_with_airflow_connections_and_hooks.py
[2025-07-30T17:11:19.473+0000] {logging_mixin.py:190} INFO - [2025-07-30T17:11:19.472+0000] {dag.py:3239} INFO - Sync 1 DAGs
[2025-07-30T17:11:19.508+0000] {logging_mixin.py:190} INFO - [2025-07-30T17:11:19.507+0000] {dag.py:4180} INFO - Setting next_dagrun for play_with_airflow_connections_and_hooks to 2025-07-29 00:00:00+00:00, run_after=2025-07-30 00:00:00+00:00
[2025-07-30T17:11:19.548+0000] {processor.py:208} INFO - Processing /opt/airflow/dags/play_with_airflow_connections_and_hooks.py took 0.114 seconds
[2025-07-30T17:11:50.418+0000] {processor.py:186} INFO - Started process (PID=6576) to work on /opt/airflow/dags/play_with_airflow_connections_and_hooks.py
[2025-07-30T17:11:50.419+0000] {processor.py:914} INFO - Processing file /opt/airflow/dags/play_with_airflow_connections_and_hooks.py for tasks to queue
[2025-07-30T17:11:50.421+0000] {logging_mixin.py:190} INFO - [2025-07-30T17:11:50.421+0000] {dagbag.py:588} INFO - Filling up the DagBag from /opt/airflow/dags/play_with_airflow_connections_and_hooks.py
[2025-07-30T17:11:50.431+0000] {processor.py:925} INFO - DAG(s) 'play_with_airflow_connections_and_hooks' retrieved from /opt/airflow/dags/play_with_airflow_connections_and_hooks.py
[2025-07-30T17:11:50.450+0000] {logging_mixin.py:190} INFO - [2025-07-30T17:11:50.450+0000] {dag.py:3239} INFO - Sync 1 DAGs
[2025-07-30T17:11:50.478+0000] {logging_mixin.py:190} INFO - [2025-07-30T17:11:50.478+0000] {dag.py:4180} INFO - Setting next_dagrun for play_with_airflow_connections_and_hooks to 2025-07-29 00:00:00+00:00, run_after=2025-07-30 00:00:00+00:00
[2025-07-30T17:11:50.505+0000] {processor.py:208} INFO - Processing /opt/airflow/dags/play_with_airflow_connections_and_hooks.py took 0.093 seconds
[2025-07-30T17:12:20.808+0000] {processor.py:186} INFO - Started process (PID=6882) to work on /opt/airflow/dags/play_with_airflow_connections_and_hooks.py
[2025-07-30T17:12:20.809+0000] {processor.py:914} INFO - Processing file /opt/airflow/dags/play_with_airflow_connections_and_hooks.py for tasks to queue
[2025-07-30T17:12:20.811+0000] {logging_mixin.py:190} INFO - [2025-07-30T17:12:20.811+0000] {dagbag.py:588} INFO - Filling up the DagBag from /opt/airflow/dags/play_with_airflow_connections_and_hooks.py
[2025-07-30T17:12:20.827+0000] {processor.py:925} INFO - DAG(s) 'play_with_airflow_connections_and_hooks' retrieved from /opt/airflow/dags/play_with_airflow_connections_and_hooks.py
[2025-07-30T17:12:20.847+0000] {logging_mixin.py:190} INFO - [2025-07-30T17:12:20.846+0000] {dag.py:3239} INFO - Sync 1 DAGs
[2025-07-30T17:12:20.878+0000] {logging_mixin.py:190} INFO - [2025-07-30T17:12:20.878+0000] {dag.py:4180} INFO - Setting next_dagrun for play_with_airflow_connections_and_hooks to 2025-07-29 00:00:00+00:00, run_after=2025-07-30 00:00:00+00:00
[2025-07-30T17:12:20.894+0000] {processor.py:208} INFO - Processing /opt/airflow/dags/play_with_airflow_connections_and_hooks.py took 0.094 seconds
[2025-07-30T17:12:51.545+0000] {processor.py:186} INFO - Started process (PID=7188) to work on /opt/airflow/dags/play_with_airflow_connections_and_hooks.py
[2025-07-30T17:12:51.545+0000] {processor.py:914} INFO - Processing file /opt/airflow/dags/play_with_airflow_connections_and_hooks.py for tasks to queue
[2025-07-30T17:12:51.548+0000] {logging_mixin.py:190} INFO - [2025-07-30T17:12:51.548+0000] {dagbag.py:588} INFO - Filling up the DagBag from /opt/airflow/dags/play_with_airflow_connections_and_hooks.py
[2025-07-30T17:12:51.557+0000] {processor.py:925} INFO - DAG(s) 'play_with_airflow_connections_and_hooks' retrieved from /opt/airflow/dags/play_with_airflow_connections_and_hooks.py
[2025-07-30T17:12:51.586+0000] {logging_mixin.py:190} INFO - [2025-07-30T17:12:51.585+0000] {dag.py:3239} INFO - Sync 1 DAGs
[2025-07-30T17:12:51.636+0000] {logging_mixin.py:190} INFO - [2025-07-30T17:12:51.636+0000] {dag.py:4180} INFO - Setting next_dagrun for play_with_airflow_connections_and_hooks to 2025-07-29 00:00:00+00:00, run_after=2025-07-30 00:00:00+00:00
[2025-07-30T17:12:51.671+0000] {processor.py:208} INFO - Processing /opt/airflow/dags/play_with_airflow_connections_and_hooks.py took 0.132 seconds
