[2025-07-30T17:01:06.450+0000] {processor.py:186} INFO - Started process (PID=193) to work on /opt/airflow/dags/weather_api_dag.py
[2025-07-30T17:01:06.454+0000] {processor.py:914} INFO - Processing file /opt/airflow/dags/weather_api_dag.py for tasks to queue
[2025-07-30T17:01:06.465+0000] {logging_mixin.py:190} INFO - [2025-07-30T17:01:06.462+0000] {dagbag.py:588} INFO - Filling up the DagBag from /opt/airflow/dags/weather_api_dag.py
[2025-07-30T17:01:06.590+0000] {processor.py:925} INFO - DAG(s) 'weather_api_dag' retrieved from /opt/airflow/dags/weather_api_dag.py
[2025-07-30T17:01:07.205+0000] {logging_mixin.py:190} INFO - [2025-07-30T17:01:07.205+0000] {override.py:1911} INFO - Created Permission View: can read on DAG:weather_api_dag
[2025-07-30T17:01:07.225+0000] {logging_mixin.py:190} INFO - [2025-07-30T17:01:07.225+0000] {override.py:1911} INFO - Created Permission View: can delete on DAG:weather_api_dag
[2025-07-30T17:01:07.240+0000] {logging_mixin.py:190} INFO - [2025-07-30T17:01:07.240+0000] {override.py:1911} INFO - Created Permission View: can edit on DAG:weather_api_dag
[2025-07-30T17:01:07.254+0000] {logging_mixin.py:190} INFO - [2025-07-30T17:01:07.254+0000] {override.py:1911} INFO - Created Permission View: can read on DAG Run:weather_api_dag
[2025-07-30T17:01:07.265+0000] {logging_mixin.py:190} INFO - [2025-07-30T17:01:07.265+0000] {override.py:1911} INFO - Created Permission View: menu access on DAG Run:weather_api_dag
[2025-07-30T17:01:07.272+0000] {logging_mixin.py:190} INFO - [2025-07-30T17:01:07.271+0000] {override.py:1911} INFO - Created Permission View: can delete on DAG Run:weather_api_dag
[2025-07-30T17:01:07.278+0000] {logging_mixin.py:190} INFO - [2025-07-30T17:01:07.278+0000] {override.py:1911} INFO - Created Permission View: can create on DAG Run:weather_api_dag
[2025-07-30T17:01:07.279+0000] {logging_mixin.py:190} INFO - [2025-07-30T17:01:07.278+0000] {dag.py:3239} INFO - Sync 1 DAGs
[2025-07-30T17:01:07.353+0000] {logging_mixin.py:190} INFO - [2025-07-30T17:01:07.352+0000] {dag.py:3262} INFO - Creating ORM DAG for weather_api_dag
[2025-07-30T17:01:07.382+0000] {logging_mixin.py:190} INFO - [2025-07-30T17:01:07.381+0000] {dag.py:4180} INFO - Setting next_dagrun for weather_api_dag to 2025-02-01 00:00:00+00:00, run_after=2025-02-01 03:00:00+00:00
[2025-07-30T17:01:07.411+0000] {processor.py:208} INFO - Processing /opt/airflow/dags/weather_api_dag.py took 0.991 seconds
[2025-07-30T17:01:37.501+0000] {processor.py:186} INFO - Started process (PID=499) to work on /opt/airflow/dags/weather_api_dag.py
[2025-07-30T17:01:37.502+0000] {processor.py:914} INFO - Processing file /opt/airflow/dags/weather_api_dag.py for tasks to queue
[2025-07-30T17:01:37.506+0000] {logging_mixin.py:190} INFO - [2025-07-30T17:01:37.505+0000] {dagbag.py:588} INFO - Filling up the DagBag from /opt/airflow/dags/weather_api_dag.py
[2025-07-30T17:01:37.522+0000] {processor.py:925} INFO - DAG(s) 'weather_api_dag' retrieved from /opt/airflow/dags/weather_api_dag.py
[2025-07-30T17:01:37.576+0000] {logging_mixin.py:190} INFO - [2025-07-30T17:01:37.576+0000] {dag.py:3239} INFO - Sync 1 DAGs
[2025-07-30T17:01:37.639+0000] {logging_mixin.py:190} INFO - [2025-07-30T17:01:37.637+0000] {dag.py:4180} INFO - Setting next_dagrun for weather_api_dag to 2025-02-01 00:00:00+00:00, run_after=2025-02-01 03:00:00+00:00
[2025-07-30T17:01:37.658+0000] {processor.py:208} INFO - Processing /opt/airflow/dags/weather_api_dag.py took 0.168 seconds
[2025-07-30T17:02:08.570+0000] {processor.py:186} INFO - Started process (PID=804) to work on /opt/airflow/dags/weather_api_dag.py
[2025-07-30T17:02:08.571+0000] {processor.py:914} INFO - Processing file /opt/airflow/dags/weather_api_dag.py for tasks to queue
[2025-07-30T17:02:08.574+0000] {logging_mixin.py:190} INFO - [2025-07-30T17:02:08.573+0000] {dagbag.py:588} INFO - Filling up the DagBag from /opt/airflow/dags/weather_api_dag.py
[2025-07-30T17:02:08.587+0000] {processor.py:925} INFO - DAG(s) 'weather_api_dag' retrieved from /opt/airflow/dags/weather_api_dag.py
[2025-07-30T17:02:08.611+0000] {logging_mixin.py:190} INFO - [2025-07-30T17:02:08.610+0000] {dag.py:3239} INFO - Sync 1 DAGs
[2025-07-30T17:02:08.638+0000] {logging_mixin.py:190} INFO - [2025-07-30T17:02:08.638+0000] {dag.py:4180} INFO - Setting next_dagrun for weather_api_dag to 2025-02-01 00:00:00+00:00, run_after=2025-02-01 03:00:00+00:00
[2025-07-30T17:02:08.657+0000] {processor.py:208} INFO - Processing /opt/airflow/dags/weather_api_dag.py took 0.093 seconds
[2025-07-30T17:02:39.230+0000] {processor.py:186} INFO - Started process (PID=1115) to work on /opt/airflow/dags/weather_api_dag.py
[2025-07-30T17:02:39.231+0000] {processor.py:914} INFO - Processing file /opt/airflow/dags/weather_api_dag.py for tasks to queue
[2025-07-30T17:02:39.233+0000] {logging_mixin.py:190} INFO - [2025-07-30T17:02:39.233+0000] {dagbag.py:588} INFO - Filling up the DagBag from /opt/airflow/dags/weather_api_dag.py
[2025-07-30T17:02:39.246+0000] {processor.py:925} INFO - DAG(s) 'weather_api_dag' retrieved from /opt/airflow/dags/weather_api_dag.py
[2025-07-30T17:02:39.269+0000] {logging_mixin.py:190} INFO - [2025-07-30T17:02:39.269+0000] {dag.py:3239} INFO - Sync 1 DAGs
[2025-07-30T17:02:39.296+0000] {logging_mixin.py:190} INFO - [2025-07-30T17:02:39.295+0000] {dag.py:4180} INFO - Setting next_dagrun for weather_api_dag to 2025-02-01 00:00:00+00:00, run_after=2025-02-01 03:00:00+00:00
[2025-07-30T17:02:39.316+0000] {processor.py:208} INFO - Processing /opt/airflow/dags/weather_api_dag.py took 0.091 seconds
[2025-07-30T17:03:09.605+0000] {processor.py:186} INFO - Started process (PID=1421) to work on /opt/airflow/dags/weather_api_dag.py
[2025-07-30T17:03:09.605+0000] {processor.py:914} INFO - Processing file /opt/airflow/dags/weather_api_dag.py for tasks to queue
[2025-07-30T17:03:09.608+0000] {logging_mixin.py:190} INFO - [2025-07-30T17:03:09.608+0000] {dagbag.py:588} INFO - Filling up the DagBag from /opt/airflow/dags/weather_api_dag.py
[2025-07-30T17:03:09.620+0000] {processor.py:925} INFO - DAG(s) 'weather_api_dag' retrieved from /opt/airflow/dags/weather_api_dag.py
[2025-07-30T17:03:09.644+0000] {logging_mixin.py:190} INFO - [2025-07-30T17:03:09.644+0000] {dag.py:3239} INFO - Sync 1 DAGs
[2025-07-30T17:03:09.673+0000] {logging_mixin.py:190} INFO - [2025-07-30T17:03:09.673+0000] {dag.py:4180} INFO - Setting next_dagrun for weather_api_dag to 2025-02-01 00:00:00+00:00, run_after=2025-02-01 03:00:00+00:00
[2025-07-30T17:03:09.707+0000] {processor.py:208} INFO - Processing /opt/airflow/dags/weather_api_dag.py took 0.108 seconds
[2025-07-30T17:03:39.857+0000] {processor.py:186} INFO - Started process (PID=1727) to work on /opt/airflow/dags/weather_api_dag.py
[2025-07-30T17:03:39.857+0000] {processor.py:914} INFO - Processing file /opt/airflow/dags/weather_api_dag.py for tasks to queue
[2025-07-30T17:03:39.859+0000] {logging_mixin.py:190} INFO - [2025-07-30T17:03:39.859+0000] {dagbag.py:588} INFO - Filling up the DagBag from /opt/airflow/dags/weather_api_dag.py
[2025-07-30T17:03:39.869+0000] {processor.py:925} INFO - DAG(s) 'weather_api_dag' retrieved from /opt/airflow/dags/weather_api_dag.py
[2025-07-30T17:03:39.894+0000] {logging_mixin.py:190} INFO - [2025-07-30T17:03:39.893+0000] {dag.py:3239} INFO - Sync 1 DAGs
[2025-07-30T17:03:39.920+0000] {logging_mixin.py:190} INFO - [2025-07-30T17:03:39.920+0000] {dag.py:4180} INFO - Setting next_dagrun for weather_api_dag to 2025-02-01 00:00:00+00:00, run_after=2025-02-01 03:00:00+00:00
[2025-07-30T17:03:39.938+0000] {processor.py:208} INFO - Processing /opt/airflow/dags/weather_api_dag.py took 0.088 seconds
[2025-07-30T17:04:10.922+0000] {processor.py:186} INFO - Started process (PID=2033) to work on /opt/airflow/dags/weather_api_dag.py
[2025-07-30T17:04:10.924+0000] {processor.py:914} INFO - Processing file /opt/airflow/dags/weather_api_dag.py for tasks to queue
[2025-07-30T17:04:10.926+0000] {logging_mixin.py:190} INFO - [2025-07-30T17:04:10.926+0000] {dagbag.py:588} INFO - Filling up the DagBag from /opt/airflow/dags/weather_api_dag.py
[2025-07-30T17:04:10.937+0000] {processor.py:925} INFO - DAG(s) 'weather_api_dag' retrieved from /opt/airflow/dags/weather_api_dag.py
[2025-07-30T17:04:10.959+0000] {logging_mixin.py:190} INFO - [2025-07-30T17:04:10.959+0000] {dag.py:3239} INFO - Sync 1 DAGs
[2025-07-30T17:04:10.986+0000] {logging_mixin.py:190} INFO - [2025-07-30T17:04:10.986+0000] {dag.py:4180} INFO - Setting next_dagrun for weather_api_dag to 2025-02-01 00:00:00+00:00, run_after=2025-02-01 03:00:00+00:00
[2025-07-30T17:04:11.004+0000] {processor.py:208} INFO - Processing /opt/airflow/dags/weather_api_dag.py took 0.088 seconds
[2025-07-30T17:04:41.672+0000] {processor.py:186} INFO - Started process (PID=2339) to work on /opt/airflow/dags/weather_api_dag.py
[2025-07-30T17:04:41.673+0000] {processor.py:914} INFO - Processing file /opt/airflow/dags/weather_api_dag.py for tasks to queue
[2025-07-30T17:04:41.675+0000] {logging_mixin.py:190} INFO - [2025-07-30T17:04:41.675+0000] {dagbag.py:588} INFO - Filling up the DagBag from /opt/airflow/dags/weather_api_dag.py
[2025-07-30T17:04:41.686+0000] {processor.py:925} INFO - DAG(s) 'weather_api_dag' retrieved from /opt/airflow/dags/weather_api_dag.py
[2025-07-30T17:04:41.709+0000] {logging_mixin.py:190} INFO - [2025-07-30T17:04:41.709+0000] {dag.py:3239} INFO - Sync 1 DAGs
[2025-07-30T17:04:41.736+0000] {logging_mixin.py:190} INFO - [2025-07-30T17:04:41.735+0000] {dag.py:4180} INFO - Setting next_dagrun for weather_api_dag to 2025-02-01 00:00:00+00:00, run_after=2025-02-01 03:00:00+00:00
[2025-07-30T17:04:41.755+0000] {processor.py:208} INFO - Processing /opt/airflow/dags/weather_api_dag.py took 0.088 seconds
[2025-07-30T17:05:12.482+0000] {processor.py:186} INFO - Started process (PID=2645) to work on /opt/airflow/dags/weather_api_dag.py
[2025-07-30T17:05:12.484+0000] {processor.py:914} INFO - Processing file /opt/airflow/dags/weather_api_dag.py for tasks to queue
[2025-07-30T17:05:12.486+0000] {logging_mixin.py:190} INFO - [2025-07-30T17:05:12.486+0000] {dagbag.py:588} INFO - Filling up the DagBag from /opt/airflow/dags/weather_api_dag.py
[2025-07-30T17:05:12.497+0000] {processor.py:925} INFO - DAG(s) 'weather_api_dag' retrieved from /opt/airflow/dags/weather_api_dag.py
[2025-07-30T17:05:12.521+0000] {logging_mixin.py:190} INFO - [2025-07-30T17:05:12.521+0000] {dag.py:3239} INFO - Sync 1 DAGs
[2025-07-30T17:05:12.550+0000] {logging_mixin.py:190} INFO - [2025-07-30T17:05:12.550+0000] {dag.py:4180} INFO - Setting next_dagrun for weather_api_dag to 2025-02-01 00:00:00+00:00, run_after=2025-02-01 03:00:00+00:00
[2025-07-30T17:05:12.568+0000] {processor.py:208} INFO - Processing /opt/airflow/dags/weather_api_dag.py took 0.092 seconds
[2025-07-30T17:05:42.864+0000] {processor.py:186} INFO - Started process (PID=2951) to work on /opt/airflow/dags/weather_api_dag.py
[2025-07-30T17:05:42.864+0000] {processor.py:914} INFO - Processing file /opt/airflow/dags/weather_api_dag.py for tasks to queue
[2025-07-30T17:05:42.867+0000] {logging_mixin.py:190} INFO - [2025-07-30T17:05:42.866+0000] {dagbag.py:588} INFO - Filling up the DagBag from /opt/airflow/dags/weather_api_dag.py
[2025-07-30T17:05:42.877+0000] {processor.py:925} INFO - DAG(s) 'weather_api_dag' retrieved from /opt/airflow/dags/weather_api_dag.py
[2025-07-30T17:05:42.914+0000] {logging_mixin.py:190} INFO - [2025-07-30T17:05:42.914+0000] {dag.py:3239} INFO - Sync 1 DAGs
[2025-07-30T17:05:42.950+0000] {logging_mixin.py:190} INFO - [2025-07-30T17:05:42.950+0000] {dag.py:4180} INFO - Setting next_dagrun for weather_api_dag to 2025-02-01 00:00:00+00:00, run_after=2025-02-01 03:00:00+00:00
[2025-07-30T17:05:42.978+0000] {processor.py:208} INFO - Processing /opt/airflow/dags/weather_api_dag.py took 0.120 seconds
[2025-07-30T17:06:13.833+0000] {processor.py:186} INFO - Started process (PID=3257) to work on /opt/airflow/dags/weather_api_dag.py
[2025-07-30T17:06:13.834+0000] {processor.py:914} INFO - Processing file /opt/airflow/dags/weather_api_dag.py for tasks to queue
[2025-07-30T17:06:13.836+0000] {logging_mixin.py:190} INFO - [2025-07-30T17:06:13.836+0000] {dagbag.py:588} INFO - Filling up the DagBag from /opt/airflow/dags/weather_api_dag.py
[2025-07-30T17:06:13.848+0000] {processor.py:925} INFO - DAG(s) 'weather_api_dag' retrieved from /opt/airflow/dags/weather_api_dag.py
[2025-07-30T17:06:13.873+0000] {logging_mixin.py:190} INFO - [2025-07-30T17:06:13.873+0000] {dag.py:3239} INFO - Sync 1 DAGs
[2025-07-30T17:06:13.900+0000] {logging_mixin.py:190} INFO - [2025-07-30T17:06:13.900+0000] {dag.py:4180} INFO - Setting next_dagrun for weather_api_dag to 2025-02-01 00:00:00+00:00, run_after=2025-02-01 03:00:00+00:00
[2025-07-30T17:06:13.921+0000] {processor.py:208} INFO - Processing /opt/airflow/dags/weather_api_dag.py took 0.093 seconds
[2025-07-30T17:06:43.976+0000] {processor.py:186} INFO - Started process (PID=3563) to work on /opt/airflow/dags/weather_api_dag.py
[2025-07-30T17:06:43.976+0000] {processor.py:914} INFO - Processing file /opt/airflow/dags/weather_api_dag.py for tasks to queue
[2025-07-30T17:06:43.979+0000] {logging_mixin.py:190} INFO - [2025-07-30T17:06:43.978+0000] {dagbag.py:588} INFO - Filling up the DagBag from /opt/airflow/dags/weather_api_dag.py
[2025-07-30T17:06:43.989+0000] {processor.py:925} INFO - DAG(s) 'weather_api_dag' retrieved from /opt/airflow/dags/weather_api_dag.py
[2025-07-30T17:06:44.017+0000] {logging_mixin.py:190} INFO - [2025-07-30T17:06:44.017+0000] {dag.py:3239} INFO - Sync 1 DAGs
[2025-07-30T17:06:44.044+0000] {logging_mixin.py:190} INFO - [2025-07-30T17:06:44.044+0000] {dag.py:4180} INFO - Setting next_dagrun for weather_api_dag to 2025-02-01 00:00:00+00:00, run_after=2025-02-01 03:00:00+00:00
[2025-07-30T17:06:44.065+0000] {processor.py:208} INFO - Processing /opt/airflow/dags/weather_api_dag.py took 0.095 seconds
[2025-07-30T17:07:14.214+0000] {processor.py:186} INFO - Started process (PID=3869) to work on /opt/airflow/dags/weather_api_dag.py
[2025-07-30T17:07:14.215+0000] {processor.py:914} INFO - Processing file /opt/airflow/dags/weather_api_dag.py for tasks to queue
[2025-07-30T17:07:14.217+0000] {logging_mixin.py:190} INFO - [2025-07-30T17:07:14.217+0000] {dagbag.py:588} INFO - Filling up the DagBag from /opt/airflow/dags/weather_api_dag.py
[2025-07-30T17:07:14.227+0000] {processor.py:925} INFO - DAG(s) 'weather_api_dag' retrieved from /opt/airflow/dags/weather_api_dag.py
[2025-07-30T17:07:14.251+0000] {logging_mixin.py:190} INFO - [2025-07-30T17:07:14.251+0000] {dag.py:3239} INFO - Sync 1 DAGs
[2025-07-30T17:07:14.278+0000] {logging_mixin.py:190} INFO - [2025-07-30T17:07:14.277+0000] {dag.py:4180} INFO - Setting next_dagrun for weather_api_dag to 2025-02-01 00:00:00+00:00, run_after=2025-02-01 03:00:00+00:00
[2025-07-30T17:07:14.296+0000] {processor.py:208} INFO - Processing /opt/airflow/dags/weather_api_dag.py took 0.088 seconds
[2025-07-30T17:07:44.779+0000] {processor.py:186} INFO - Started process (PID=4175) to work on /opt/airflow/dags/weather_api_dag.py
[2025-07-30T17:07:44.780+0000] {processor.py:914} INFO - Processing file /opt/airflow/dags/weather_api_dag.py for tasks to queue
[2025-07-30T17:07:44.782+0000] {logging_mixin.py:190} INFO - [2025-07-30T17:07:44.782+0000] {dagbag.py:588} INFO - Filling up the DagBag from /opt/airflow/dags/weather_api_dag.py
[2025-07-30T17:07:44.802+0000] {processor.py:925} INFO - DAG(s) 'weather_api_dag' retrieved from /opt/airflow/dags/weather_api_dag.py
[2025-07-30T17:07:44.827+0000] {logging_mixin.py:190} INFO - [2025-07-30T17:07:44.827+0000] {dag.py:3239} INFO - Sync 1 DAGs
[2025-07-30T17:07:44.854+0000] {logging_mixin.py:190} INFO - [2025-07-30T17:07:44.854+0000] {dag.py:4180} INFO - Setting next_dagrun for weather_api_dag to 2025-02-01 00:00:00+00:00, run_after=2025-02-01 03:00:00+00:00
[2025-07-30T17:07:44.872+0000] {processor.py:208} INFO - Processing /opt/airflow/dags/weather_api_dag.py took 0.099 seconds
[2025-07-30T17:08:15.091+0000] {processor.py:186} INFO - Started process (PID=4461) to work on /opt/airflow/dags/weather_api_dag.py
[2025-07-30T17:08:15.092+0000] {processor.py:914} INFO - Processing file /opt/airflow/dags/weather_api_dag.py for tasks to queue
[2025-07-30T17:08:15.094+0000] {logging_mixin.py:190} INFO - [2025-07-30T17:08:15.094+0000] {dagbag.py:588} INFO - Filling up the DagBag from /opt/airflow/dags/weather_api_dag.py
[2025-07-30T17:08:15.105+0000] {processor.py:925} INFO - DAG(s) 'weather_api_dag' retrieved from /opt/airflow/dags/weather_api_dag.py
[2025-07-30T17:08:15.129+0000] {logging_mixin.py:190} INFO - [2025-07-30T17:08:15.129+0000] {dag.py:3239} INFO - Sync 1 DAGs
[2025-07-30T17:08:15.157+0000] {logging_mixin.py:190} INFO - [2025-07-30T17:08:15.156+0000] {dag.py:4180} INFO - Setting next_dagrun for weather_api_dag to 2025-02-01 00:00:00+00:00, run_after=2025-02-01 03:00:00+00:00
[2025-07-30T17:08:15.178+0000] {processor.py:208} INFO - Processing /opt/airflow/dags/weather_api_dag.py took 0.093 seconds
[2025-07-30T17:08:46.149+0000] {processor.py:186} INFO - Started process (PID=4757) to work on /opt/airflow/dags/weather_api_dag.py
[2025-07-30T17:08:46.150+0000] {processor.py:914} INFO - Processing file /opt/airflow/dags/weather_api_dag.py for tasks to queue
[2025-07-30T17:08:46.152+0000] {logging_mixin.py:190} INFO - [2025-07-30T17:08:46.151+0000] {dagbag.py:588} INFO - Filling up the DagBag from /opt/airflow/dags/weather_api_dag.py
[2025-07-30T17:08:46.159+0000] {processor.py:925} INFO - DAG(s) 'weather_api_dag' retrieved from /opt/airflow/dags/weather_api_dag.py
[2025-07-30T17:08:46.175+0000] {logging_mixin.py:190} INFO - [2025-07-30T17:08:46.175+0000] {dag.py:3239} INFO - Sync 1 DAGs
[2025-07-30T17:08:46.193+0000] {logging_mixin.py:190} INFO - [2025-07-30T17:08:46.193+0000] {dag.py:4180} INFO - Setting next_dagrun for weather_api_dag to 2025-02-01 00:00:00+00:00, run_after=2025-02-01 03:00:00+00:00
[2025-07-30T17:08:46.207+0000] {processor.py:208} INFO - Processing /opt/airflow/dags/weather_api_dag.py took 0.062 seconds
[2025-07-30T17:09:16.613+0000] {processor.py:186} INFO - Started process (PID=5043) to work on /opt/airflow/dags/weather_api_dag.py
[2025-07-30T17:09:16.614+0000] {processor.py:914} INFO - Processing file /opt/airflow/dags/weather_api_dag.py for tasks to queue
[2025-07-30T17:09:16.616+0000] {logging_mixin.py:190} INFO - [2025-07-30T17:09:16.616+0000] {dagbag.py:588} INFO - Filling up the DagBag from /opt/airflow/dags/weather_api_dag.py
[2025-07-30T17:09:16.627+0000] {processor.py:925} INFO - DAG(s) 'weather_api_dag' retrieved from /opt/airflow/dags/weather_api_dag.py
[2025-07-30T17:09:16.650+0000] {logging_mixin.py:190} INFO - [2025-07-30T17:09:16.649+0000] {dag.py:3239} INFO - Sync 1 DAGs
[2025-07-30T17:09:16.677+0000] {logging_mixin.py:190} INFO - [2025-07-30T17:09:16.677+0000] {dag.py:4180} INFO - Setting next_dagrun for weather_api_dag to 2025-02-01 00:00:00+00:00, run_after=2025-02-01 03:00:00+00:00
[2025-07-30T17:09:16.697+0000] {processor.py:208} INFO - Processing /opt/airflow/dags/weather_api_dag.py took 0.089 seconds
[2025-07-30T17:09:47.056+0000] {processor.py:186} INFO - Started process (PID=5349) to work on /opt/airflow/dags/weather_api_dag.py
[2025-07-30T17:09:47.057+0000] {processor.py:914} INFO - Processing file /opt/airflow/dags/weather_api_dag.py for tasks to queue
[2025-07-30T17:09:47.059+0000] {logging_mixin.py:190} INFO - [2025-07-30T17:09:47.059+0000] {dagbag.py:588} INFO - Filling up the DagBag from /opt/airflow/dags/weather_api_dag.py
[2025-07-30T17:09:47.070+0000] {processor.py:925} INFO - DAG(s) 'weather_api_dag' retrieved from /opt/airflow/dags/weather_api_dag.py
[2025-07-30T17:09:47.093+0000] {logging_mixin.py:190} INFO - [2025-07-30T17:09:47.093+0000] {dag.py:3239} INFO - Sync 1 DAGs
[2025-07-30T17:09:47.120+0000] {logging_mixin.py:190} INFO - [2025-07-30T17:09:47.120+0000] {dag.py:4180} INFO - Setting next_dagrun for weather_api_dag to 2025-02-01 00:00:00+00:00, run_after=2025-02-01 03:00:00+00:00
[2025-07-30T17:09:47.141+0000] {processor.py:208} INFO - Processing /opt/airflow/dags/weather_api_dag.py took 0.090 seconds
[2025-07-30T17:10:17.856+0000] {processor.py:186} INFO - Started process (PID=5655) to work on /opt/airflow/dags/weather_api_dag.py
[2025-07-30T17:10:17.857+0000] {processor.py:914} INFO - Processing file /opt/airflow/dags/weather_api_dag.py for tasks to queue
[2025-07-30T17:10:17.859+0000] {logging_mixin.py:190} INFO - [2025-07-30T17:10:17.858+0000] {dagbag.py:588} INFO - Filling up the DagBag from /opt/airflow/dags/weather_api_dag.py
[2025-07-30T17:10:17.869+0000] {processor.py:925} INFO - DAG(s) 'weather_api_dag' retrieved from /opt/airflow/dags/weather_api_dag.py
[2025-07-30T17:10:17.893+0000] {logging_mixin.py:190} INFO - [2025-07-30T17:10:17.892+0000] {dag.py:3239} INFO - Sync 1 DAGs
[2025-07-30T17:10:17.925+0000] {logging_mixin.py:190} INFO - [2025-07-30T17:10:17.925+0000] {dag.py:4180} INFO - Setting next_dagrun for weather_api_dag to 2025-02-01 00:00:00+00:00, run_after=2025-02-01 03:00:00+00:00
[2025-07-30T17:10:17.944+0000] {processor.py:208} INFO - Processing /opt/airflow/dags/weather_api_dag.py took 0.093 seconds
[2025-07-30T17:10:48.470+0000] {processor.py:186} INFO - Started process (PID=5961) to work on /opt/airflow/dags/weather_api_dag.py
[2025-07-30T17:10:48.470+0000] {processor.py:914} INFO - Processing file /opt/airflow/dags/weather_api_dag.py for tasks to queue
[2025-07-30T17:10:48.473+0000] {logging_mixin.py:190} INFO - [2025-07-30T17:10:48.473+0000] {dagbag.py:588} INFO - Filling up the DagBag from /opt/airflow/dags/weather_api_dag.py
[2025-07-30T17:10:48.484+0000] {processor.py:925} INFO - DAG(s) 'weather_api_dag' retrieved from /opt/airflow/dags/weather_api_dag.py
[2025-07-30T17:10:48.507+0000] {logging_mixin.py:190} INFO - [2025-07-30T17:10:48.506+0000] {dag.py:3239} INFO - Sync 1 DAGs
[2025-07-30T17:10:48.533+0000] {logging_mixin.py:190} INFO - [2025-07-30T17:10:48.533+0000] {dag.py:4180} INFO - Setting next_dagrun for weather_api_dag to 2025-02-01 00:00:00+00:00, run_after=2025-02-01 03:00:00+00:00
[2025-07-30T17:10:48.552+0000] {processor.py:208} INFO - Processing /opt/airflow/dags/weather_api_dag.py took 0.088 seconds
[2025-07-30T17:11:19.421+0000] {processor.py:186} INFO - Started process (PID=6267) to work on /opt/airflow/dags/weather_api_dag.py
[2025-07-30T17:11:19.422+0000] {processor.py:914} INFO - Processing file /opt/airflow/dags/weather_api_dag.py for tasks to queue
[2025-07-30T17:11:19.424+0000] {logging_mixin.py:190} INFO - [2025-07-30T17:11:19.424+0000] {dagbag.py:588} INFO - Filling up the DagBag from /opt/airflow/dags/weather_api_dag.py
[2025-07-30T17:11:19.436+0000] {processor.py:925} INFO - DAG(s) 'weather_api_dag' retrieved from /opt/airflow/dags/weather_api_dag.py
[2025-07-30T17:11:19.459+0000] {logging_mixin.py:190} INFO - [2025-07-30T17:11:19.458+0000] {dag.py:3239} INFO - Sync 1 DAGs
[2025-07-30T17:11:19.485+0000] {logging_mixin.py:190} INFO - [2025-07-30T17:11:19.485+0000] {dag.py:4180} INFO - Setting next_dagrun for weather_api_dag to 2025-02-01 00:00:00+00:00, run_after=2025-02-01 03:00:00+00:00
[2025-07-30T17:11:19.529+0000] {processor.py:208} INFO - Processing /opt/airflow/dags/weather_api_dag.py took 0.119 seconds
[2025-07-30T17:11:50.405+0000] {processor.py:186} INFO - Started process (PID=6573) to work on /opt/airflow/dags/weather_api_dag.py
[2025-07-30T17:11:50.406+0000] {processor.py:914} INFO - Processing file /opt/airflow/dags/weather_api_dag.py for tasks to queue
[2025-07-30T17:11:50.408+0000] {logging_mixin.py:190} INFO - [2025-07-30T17:11:50.408+0000] {dagbag.py:588} INFO - Filling up the DagBag from /opt/airflow/dags/weather_api_dag.py
[2025-07-30T17:11:50.419+0000] {processor.py:925} INFO - DAG(s) 'weather_api_dag' retrieved from /opt/airflow/dags/weather_api_dag.py
[2025-07-30T17:11:50.442+0000] {logging_mixin.py:190} INFO - [2025-07-30T17:11:50.441+0000] {dag.py:3239} INFO - Sync 1 DAGs
[2025-07-30T17:11:50.468+0000] {logging_mixin.py:190} INFO - [2025-07-30T17:11:50.468+0000] {dag.py:4180} INFO - Setting next_dagrun for weather_api_dag to 2025-02-01 00:00:00+00:00, run_after=2025-02-01 03:00:00+00:00
[2025-07-30T17:11:50.524+0000] {processor.py:208} INFO - Processing /opt/airflow/dags/weather_api_dag.py took 0.124 seconds
[2025-07-30T17:12:20.783+0000] {processor.py:186} INFO - Started process (PID=6879) to work on /opt/airflow/dags/weather_api_dag.py
[2025-07-30T17:12:20.785+0000] {processor.py:914} INFO - Processing file /opt/airflow/dags/weather_api_dag.py for tasks to queue
[2025-07-30T17:12:20.788+0000] {logging_mixin.py:190} INFO - [2025-07-30T17:12:20.787+0000] {dagbag.py:588} INFO - Filling up the DagBag from /opt/airflow/dags/weather_api_dag.py
[2025-07-30T17:12:20.800+0000] {processor.py:925} INFO - DAG(s) 'weather_api_dag' retrieved from /opt/airflow/dags/weather_api_dag.py
[2025-07-30T17:12:20.825+0000] {logging_mixin.py:190} INFO - [2025-07-30T17:12:20.824+0000] {dag.py:3239} INFO - Sync 1 DAGs
[2025-07-30T17:12:20.852+0000] {logging_mixin.py:190} INFO - [2025-07-30T17:12:20.852+0000] {dag.py:4180} INFO - Setting next_dagrun for weather_api_dag to 2025-02-01 00:00:00+00:00, run_after=2025-02-01 03:00:00+00:00
[2025-07-30T17:12:20.870+0000] {processor.py:208} INFO - Processing /opt/airflow/dags/weather_api_dag.py took 0.093 seconds
[2025-07-30T17:12:51.533+0000] {processor.py:186} INFO - Started process (PID=7185) to work on /opt/airflow/dags/weather_api_dag.py
[2025-07-30T17:12:51.534+0000] {processor.py:914} INFO - Processing file /opt/airflow/dags/weather_api_dag.py for tasks to queue
[2025-07-30T17:12:51.536+0000] {logging_mixin.py:190} INFO - [2025-07-30T17:12:51.536+0000] {dagbag.py:588} INFO - Filling up the DagBag from /opt/airflow/dags/weather_api_dag.py
[2025-07-30T17:12:51.547+0000] {processor.py:925} INFO - DAG(s) 'weather_api_dag' retrieved from /opt/airflow/dags/weather_api_dag.py
[2025-07-30T17:12:51.573+0000] {logging_mixin.py:190} INFO - [2025-07-30T17:12:51.572+0000] {dag.py:3239} INFO - Sync 1 DAGs
[2025-07-30T17:12:51.630+0000] {logging_mixin.py:190} INFO - [2025-07-30T17:12:51.629+0000] {dag.py:4180} INFO - Setting next_dagrun for weather_api_dag to 2025-02-01 00:00:00+00:00, run_after=2025-02-01 03:00:00+00:00
[2025-07-30T17:12:51.665+0000] {processor.py:208} INFO - Processing /opt/airflow/dags/weather_api_dag.py took 0.138 seconds
